#
# There is insufficient memory for the Java Runtime Environment to continue.
# Native memory allocation (malloc) failed to allocate 557760 bytes for Chunk::new
# Possible reasons:
#   The system is out of physical RAM or swap space
#   The process is running with CompressedOops enabled, and the Java Heap may be blocking the growth of the native heap
# Possible solutions:
#   Reduce memory load on the system
#   Increase physical memory or swap space
#   Check if swap backing store is full
#   Decrease Java heap size (-Xmx/-Xms)
#   Decrease number of Java threads
#   Decrease Java thread stack sizes (-Xss)
#   Set larger code cache with -XX:ReservedCodeCacheSize=
#   JVM is running with Unscaled Compressed Oops mode in which the Java heap is
#     placed in the first 4GB address space. The Java Heap base address is the
#     maximum limit for the native heap growth. Please use -XX:HeapBaseMinAddress
#     to set the Java Heap base and to place the Java Heap above 4GB virtual address.
# This output file may be truncated or incomplete.
#
#  Out of Memory Error (arena.cpp:189), pid=17716, tid=12080
#
# JRE version: OpenJDK Runtime Environment Temurin-17.0.7+7 (17.0.7+7) (build 17.0.7+7)
# Java VM: OpenJDK 64-Bit Server VM Temurin-17.0.7+7 (17.0.7+7, mixed mode, tiered, compressed oops, compressed class ptrs, parallel gc, windows-amd64)
# No core dump will be written. Minidumps are not enabled by default on client versions of Windows
#

---------------  S U M M A R Y ------------

Command Line: --add-modules=ALL-SYSTEM --add-opens=java.base/java.util=ALL-UNNAMED --add-opens=java.base/java.lang=ALL-UNNAMED --add-opens=java.base/sun.nio.fs=ALL-UNNAMED -Declipse.application=org.eclipse.jdt.ls.core.id1 -Dosgi.bundles.defaultStartLevel=4 -Declipse.product=org.eclipse.jdt.ls.core.product -Djava.import.generatesMetadataFilesAtProjectRoot=false -Dfile.encoding=utf8 -XX:+UseParallelGC -XX:GCTimeRatio=4 -XX:AdaptiveSizePolicyWeight=90 -Dsun.zip.disableMemoryMapping=true -Xmx1G -Xms100m -Xlog:disable -javaagent:c:\Users\Admin\.vscode\extensions\redhat.java-1.21.0-win32-x64\lombok\lombok-1.18.28.jar c:\Users\Admin\.vscode\extensions\redhat.java-1.21.0-win32-x64\server\plugins\org.eclipse.equinox.launcher_1.6.500.v20230717-2134.jar -configuration c:\Users\Admin\AppData\Roaming\Code\User\globalStorage\redhat.java\1.21.0\config_ss_win -data c:\Users\Admin\AppData\Roaming\Code\User\workspaceStorage\e7c62a26f5fb9af6089d468b08576148\redhat.java\ss_ws

Host: 11th Gen Intel(R) Core(TM) i7-11800H @ 2.30GHz, 16 cores, 15G,  Windows 11 , 64 bit Build 22621 (10.0.22621.2070)
Time: Tue Aug 15 07:56:28 2023 SE Asia Standard Time elapsed time: 0.761767 seconds (0d 0h 0m 0s)

---------------  T H R E A D  ---------------

Current thread (0x000001d728c6a890):  JavaThread "C2 CompilerThread2" daemon [_thread_in_native, id=12080, stack(0x0000007b74400000,0x0000007b74500000)]


Current CompileTask:
C2:    761 1498       4       java.io.WinNTFileSystem::normalize (143 bytes)

Stack: [0x0000007b74400000,0x0000007b74500000]
Native frames: (J=compiled Java code, j=interpreted, Vv=VM code, C=native code)
V  [jvm.dll+0x67754a]
V  [jvm.dll+0x834304]
V  [jvm.dll+0x835aae]
V  [jvm.dll+0x836113]
V  [jvm.dll+0x24696f]
V  [jvm.dll+0xac0ac]
V  [jvm.dll+0xac67c]
V  [jvm.dll+0x364e37]
V  [jvm.dll+0x1bcde8]
V  [jvm.dll+0x219799]
V  [jvm.dll+0x218a61]
V  [jvm.dll+0x1a4d8d]
V  [jvm.dll+0x2284da]
V  [jvm.dll+0x226615]
V  [jvm.dll+0x7ea90b]
V  [jvm.dll+0x7e4e7a]
V  [jvm.dll+0x676395]
C  [ucrtbase.dll+0x29363]
C  [KERNEL32.DLL+0x126ad]
C  [ntdll.dll+0x5aa68]


---------------  P R O C E S S  ---------------

Threads class SMR info:
_java_thread_list=0x000001d7294d99f0, length=24, elements={
0x000001d70dafd4d0, 0x000001d721970310, 0x000001d721971660, 0x000001d726cb6440,
0x000001d726cb6e00, 0x000001d726cb8150, 0x000001d726cb8d00, 0x000001d726cc2790,
0x000001d726cc39d0, 0x000001d726cc7350, 0x000001d726e0de50, 0x000001d726e40da0,
0x000001d726e441a0, 0x000001d726e7e280, 0x000001d728b84cb0, 0x000001d726fb7560,
0x000001d728c6a890, 0x000001d72921eb20, 0x000001d72976aaa0, 0x000001d72921be90,
0x000001d7290d5ff0, 0x000001d7297418b0, 0x000001d729742730, 0x000001d72978d0c0
}

Java Threads: ( => current thread )
  0x000001d70dafd4d0 JavaThread "main" [_thread_blocked, id=21628, stack(0x0000007b73100000,0x0000007b73200000)]
  0x000001d721970310 JavaThread "Reference Handler" daemon [_thread_blocked, id=15536, stack(0x0000007b73400000,0x0000007b73500000)]
  0x000001d721971660 JavaThread "Finalizer" daemon [_thread_blocked, id=2976, stack(0x0000007b73500000,0x0000007b73600000)]
  0x000001d726cb6440 JavaThread "Signal Dispatcher" daemon [_thread_blocked, id=8892, stack(0x0000007b73600000,0x0000007b73700000)]
  0x000001d726cb6e00 JavaThread "Attach Listener" daemon [_thread_blocked, id=17316, stack(0x0000007b73700000,0x0000007b73800000)]
  0x000001d726cb8150 JavaThread "Service Thread" daemon [_thread_blocked, id=21576, stack(0x0000007b73800000,0x0000007b73900000)]
  0x000001d726cb8d00 JavaThread "Monitor Deflation Thread" daemon [_thread_blocked, id=21912, stack(0x0000007b73900000,0x0000007b73a00000)]
  0x000001d726cc2790 JavaThread "C2 CompilerThread0" daemon [_thread_blocked, id=8780, stack(0x0000007b73a00000,0x0000007b73b00000)]
  0x000001d726cc39d0 JavaThread "C1 CompilerThread0" daemon [_thread_blocked, id=12508, stack(0x0000007b73b00000,0x0000007b73c00000)]
  0x000001d726cc7350 JavaThread "Sweeper thread" daemon [_thread_blocked, id=7728, stack(0x0000007b73c00000,0x0000007b73d00000)]
  0x000001d726e0de50 JavaThread "Common-Cleaner" daemon [_thread_blocked, id=12752, stack(0x0000007b73d00000,0x0000007b73e00000)]
  0x000001d726e40da0 JavaThread "C1 CompilerThread1" daemon [_thread_blocked, id=2864, stack(0x0000007b73e00000,0x0000007b73f00000)]
  0x000001d726e441a0 JavaThread "C1 CompilerThread2" daemon [_thread_blocked, id=7992, stack(0x0000007b73f00000,0x0000007b74000000)]
  0x000001d726e7e280 JavaThread "C2 CompilerThread1" daemon [_thread_blocked, id=9400, stack(0x0000007b74000000,0x0000007b74100000)]
  0x000001d728b84cb0 JavaThread "C1 CompilerThread3" daemon [_thread_blocked, id=4604, stack(0x0000007b74100000,0x0000007b74200000)]
  0x000001d726fb7560 JavaThread "Notification Thread" daemon [_thread_blocked, id=18176, stack(0x0000007b74200000,0x0000007b74300000)]
=>0x000001d728c6a890 JavaThread "C2 CompilerThread2" daemon [_thread_in_native, id=12080, stack(0x0000007b74400000,0x0000007b74500000)]
  0x000001d72921eb20 JavaThread "C2 CompilerThread3" daemon [_thread_blocked, id=10456, stack(0x0000007b74500000,0x0000007b74600000)]
  0x000001d72976aaa0 JavaThread "C2 CompilerThread4" daemon [_thread_blocked, id=16360, stack(0x0000007b74600000,0x0000007b74700000)]
  0x000001d72921be90 JavaThread "C2 CompilerThread5" daemon [_thread_blocked, id=10688, stack(0x0000007b74700000,0x0000007b74800000)]
  0x000001d7290d5ff0 JavaThread "Active Thread: Equinox Container: d3206a35-2d66-4910-9205-36b59e592045" [_thread_blocked, id=22068, stack(0x0000007b74d00000,0x0000007b74e00000)]
  0x000001d7297418b0 JavaThread "Framework Event Dispatcher: Equinox Container: d3206a35-2d66-4910-9205-36b59e592045" daemon [_thread_blocked, id=12040, stack(0x0000007b74e00000,0x0000007b74f00000)]
  0x000001d729742730 JavaThread "Start Level: Equinox Container: d3206a35-2d66-4910-9205-36b59e592045" daemon [_thread_in_vm, id=12600, stack(0x0000007b74f00000,0x0000007b75000000)]
  0x000001d72978d0c0 JavaThread "SCR Component Actor" daemon [_thread_blocked, id=20728, stack(0x0000007b75000000,0x0000007b75100000)]

Other Threads:
  0x000001d70dbbe420 VMThread "VM Thread" [stack: 0x0000007b73300000,0x0000007b73400000] [id=14176]
  0x000001d728bdaf10 WatcherThread [stack: 0x0000007b74300000,0x0000007b74400000] [id=1908]
  0x000001d70db12de0 GCTaskThread "GC Thread#0" [stack: 0x0000007b73200000,0x0000007b73300000] [id=17788]
  0x000001d72908f670 GCTaskThread "GC Thread#1" [stack: 0x0000007b74800000,0x0000007b74900000] [id=12064]
  0x000001d72908f920 GCTaskThread "GC Thread#2" [stack: 0x0000007b74900000,0x0000007b74a00000] [id=13208]
  0x000001d7294fa960 GCTaskThread "GC Thread#3" [stack: 0x0000007b74a00000,0x0000007b74b00000] [id=15900]
  0x000001d728fe0f40 GCTaskThread "GC Thread#4" [stack: 0x0000007b74b00000,0x0000007b74c00000] [id=9744]
  0x000001d728fe11f0 GCTaskThread "GC Thread#5" [stack: 0x0000007b74c00000,0x0000007b74d00000] [id=22324]

Threads with active compile tasks:
C1 CompilerThread0      772 1585       3       org.eclipse.osgi.internal.framework.BundleContextImpl::setContextFinder (56 bytes)
C1 CompilerThread2      772 1586   !   3       org.eclipse.osgi.internal.framework.BundleContextImpl::dispatchEvent (558 bytes)
C2 CompilerThread2      772 1498       4       java.io.WinNTFileSystem::normalize (143 bytes)

VM state: not at safepoint (normal execution)

VM Mutex/Monitor currently owned by a thread: None

Heap address: 0x00000000c0000000, size: 1024 MB, Compressed Oops mode: 32-bit

CDS archive(s) not mapped
Compressed class space mapped at: 0x0000000100000000-0x0000000140000000, reserved size: 1073741824
Narrow klass base: 0x0000000000000000, Narrow klass shift: 3, Narrow klass range: 0x140000000

GC Precious Log:
 CPUs: 16 total, 16 available
 Memory: 16085M
 Large Page Support: Disabled
 NUMA Support: Disabled
 Compressed Oops: Enabled (32-bit)
 Alignments: Space 512K, Generation 512K, Heap 2M
 Heap Min Capacity: 100M
 Heap Initial Capacity: 100M
 Heap Max Capacity: 1G
 Pre-touch: Disabled
 Parallel Workers: 13

Heap:
 PSYoungGen      total 29696K, used 26515K [0x00000000eab00000, 0x00000000ecc00000, 0x0000000100000000)
  eden space 25600K, 91% used [0x00000000eab00000,0x00000000ec1ea9b8,0x00000000ec400000)
  from space 4096K, 74% used [0x00000000ec400000,0x00000000ec6fa4b0,0x00000000ec800000)
  to   space 4096K, 0% used [0x00000000ec800000,0x00000000ec800000,0x00000000ecc00000)
 ParOldGen       total 68608K, used 16K [0x00000000c0000000, 0x00000000c4300000, 0x00000000eab00000)
  object space 68608K, 0% used [0x00000000c0000000,0x00000000c0004000,0x00000000c4300000)
 Metaspace       used 14318K, committed 14592K, reserved 1114112K
  class space    used 1429K, committed 1536K, reserved 1048576K

Card table byte_map: [0x000001d70d4d0000,0x000001d70d6e0000] _byte_map_base: 0x000001d70ced0000

Marking Bits: (ParMarkBitMap*) 0x00007ffc07d252c0
 Begin Bits: [0x000001d71f780000, 0x000001d720780000)
 End Bits:   [0x000001d720780000, 0x000001d721780000)

Polling page: 0x000001d70d2c0000

Metaspace:

Usage:
  Non-class:     12.59 MB used.
      Class:      1.40 MB used.
       Both:     13.98 MB used.

Virtual space:
  Non-class space:       64.00 MB reserved,      12.75 MB ( 20%) committed,  1 nodes.
      Class space:        1.00 GB reserved,       1.50 MB ( <1%) committed,  1 nodes.
             Both:        1.06 GB reserved,      14.25 MB (  1%) committed. 

Chunk freelists:
   Non-Class:  2.92 MB
       Class:  14.40 MB
        Both:  17.32 MB

MaxMetaspaceSize: unlimited
CompressedClassSpaceSize: 1.00 GB
Initial GC threshold: 21.00 MB
Current GC threshold: 21.00 MB
CDS: off
MetaspaceReclaimPolicy: balanced
 - commit_granule_bytes: 65536.
 - commit_granule_words: 8192.
 - virtual_space_node_default_size: 8388608.
 - enlarge_chunks_in_place: 1.
 - new_chunks_are_fully_committed: 0.
 - uncommit_free_chunks: 1.
 - use_allocation_guard: 0.
 - handle_deallocations: 1.


Internal statistics:

num_allocs_failed_limit: 0.
num_arena_births: 62.
num_arena_deaths: 0.
num_vsnodes_births: 2.
num_vsnodes_deaths: 0.
num_space_committed: 228.
num_space_uncommitted: 0.
num_chunks_returned_to_freelist: 0.
num_chunks_taken_from_freelist: 268.
num_chunk_merges: 0.
num_chunk_splits: 176.
num_chunks_enlarged: 129.
num_inconsistent_stats: 0.

CodeHeap 'non-profiled nmethods': size=119168Kb used=603Kb max_used=603Kb free=118565Kb
 bounds [0x000001d718320000, 0x000001d718590000, 0x000001d71f780000]
CodeHeap 'profiled nmethods': size=119104Kb used=2908Kb max_used=2908Kb free=116195Kb
 bounds [0x000001d710780000, 0x000001d710a60000, 0x000001d717bd0000]
CodeHeap 'non-nmethods': size=7488Kb used=2864Kb max_used=2882Kb free=4624Kb
 bounds [0x000001d717bd0000, 0x000001d717eb0000, 0x000001d718320000]
 total_blobs=2039 nmethods=1585 adapters=365
 compilation: enabled
              stopped_count=0, restarted_count=0
 full_count=0

Compilation events (20 events):
Event: 0.753 Thread 0x000001d728b84cb0 1553       1       org.eclipse.osgi.container.ModuleRevisions::getModule (5 bytes)
Event: 0.754 Thread 0x000001d728b84cb0 nmethod 1553 0x000001d7183b4d10 code [0x000001d7183b4ea0, 0x000001d7183b4f78]
Event: 0.756 Thread 0x000001d726e40da0 1554       3       java.util.concurrent.locks.AbstractQueuedSynchronizer::release (19 bytes)
Event: 0.756 Thread 0x000001d728b84cb0 1555       1       org.eclipse.osgi.internal.loader.EquinoxClassLoader::getBundleLoader (5 bytes)
Event: 0.756 Thread 0x000001d728b84cb0 nmethod 1555 0x000001d7183b5010 code [0x000001d7183b51a0, 0x000001d7183b5278]
Event: 0.757 Thread 0x000001d726e40da0 nmethod 1554 0x000001d710a48110 code [0x000001d710a48300, 0x000001d710a48768]
Event: 0.758 Thread 0x000001d728b84cb0 1556       3       java.util.Collections$EmptyList::iterator (4 bytes)
Event: 0.758 Thread 0x000001d728b84cb0 nmethod 1556 0x000001d710a48910 code [0x000001d710a48aa0, 0x000001d710a48c18]
Event: 0.758 Thread 0x000001d728b84cb0 1557       1       org.eclipse.osgi.internal.hookregistry.ClassLoaderHook::preFindClass (2 bytes)
Event: 0.758 Thread 0x000001d728b84cb0 nmethod 1557 0x000001d7183b5310 code [0x000001d7183b54a0, 0x000001d7183b5578]
Event: 0.758 Thread 0x000001d726e40da0 1558       3       java.util.concurrent.locks.ReentrantLock$NonfairSync::initialTryLock (58 bytes)
Event: 0.758 Thread 0x000001d726e441a0 1559       3       java.util.concurrent.locks.ReentrantLock$Sync::tryRelease (51 bytes)
Event: 0.758 Thread 0x000001d726cc39d0 1560       3       java.util.concurrent.locks.ReentrantLock::unlock (10 bytes)
Event: 0.758 Thread 0x000001d726e441a0 nmethod 1559 0x000001d710a48d10 code [0x000001d710a48ec0, 0x000001d710a491e8]
Event: 0.758 Thread 0x000001d726e40da0 nmethod 1558 0x000001d710a49310 code [0x000001d710a494e0, 0x000001d710a49898]
Event: 0.759 Thread 0x000001d726cc39d0 nmethod 1560 0x000001d710a49990 code [0x000001d710a49b60, 0x000001d710a49e38]
Event: 0.759 Thread 0x000001d726e441a0 1561       1       org.eclipse.osgi.storage.BundleInfo$Generation::getBundleInfo (5 bytes)
Event: 0.759 Thread 0x000001d726e441a0 nmethod 1561 0x000001d7183b5610 code [0x000001d7183b57a0, 0x000001d7183b5878]
Event: 0.760 Thread 0x000001d726cc39d0 1562       1       org.eclipse.osgi.internal.hookregistry.HookRegistry::getClassLoaderHooks (5 bytes)
Event: 0.760 Thread 0x000001d726cc39d0 nmethod 1562 0x000001d7183b5910 code [0x000001d7183b5aa0, 0x000001d7183b5b78]

GC Heap History (2 events):
Event: 0.493 GC heap before
{Heap before GC invocations=1 (full 0):
 PSYoungGen      total 29696K, used 25600K [0x00000000eab00000, 0x00000000ecc00000, 0x0000000100000000)
  eden space 25600K, 100% used [0x00000000eab00000,0x00000000ec400000,0x00000000ec400000)
  from space 4096K, 0% used [0x00000000ec800000,0x00000000ec800000,0x00000000ecc00000)
  to   space 4096K, 0% used [0x00000000ec400000,0x00000000ec400000,0x00000000ec800000)
 ParOldGen       total 68608K, used 0K [0x00000000c0000000, 0x00000000c4300000, 0x00000000eab00000)
  object space 68608K, 0% used [0x00000000c0000000,0x00000000c0000000,0x00000000c4300000)
 Metaspace       used 10794K, committed 11008K, reserved 1114112K
  class space    used 1071K, committed 1152K, reserved 1048576K
}
Event: 0.497 GC heap after
{Heap after GC invocations=1 (full 0):
 PSYoungGen      total 29696K, used 3049K [0x00000000eab00000, 0x00000000ecc00000, 0x0000000100000000)
  eden space 25600K, 0% used [0x00000000eab00000,0x00000000eab00000,0x00000000ec400000)
  from space 4096K, 74% used [0x00000000ec400000,0x00000000ec6fa4b0,0x00000000ec800000)
  to   space 4096K, 0% used [0x00000000ec800000,0x00000000ec800000,0x00000000ecc00000)
 ParOldGen       total 68608K, used 16K [0x00000000c0000000, 0x00000000c4300000, 0x00000000eab00000)
  object space 68608K, 0% used [0x00000000c0000000,0x00000000c0004000,0x00000000c4300000)
 Metaspace       used 10794K, committed 11008K, reserved 1114112K
  class space    used 1071K, committed 1152K, reserved 1048576K
}

Dll operation events (9 events):
Event: 0.008 Loaded shared library c:\Users\Admin\.vscode\extensions\redhat.java-1.21.0-win32-x64\jre\17.0.7-win32-x86_64\bin\java.dll
Event: 0.126 Loaded shared library c:\Users\Admin\.vscode\extensions\redhat.java-1.21.0-win32-x64\jre\17.0.7-win32-x86_64\bin\zip.dll
Event: 0.128 Loaded shared library C:\Users\Admin\.vscode\extensions\redhat.java-1.21.0-win32-x64\jre\17.0.7-win32-x86_64\bin\instrument.dll
Event: 0.140 Loaded shared library C:\Users\Admin\.vscode\extensions\redhat.java-1.21.0-win32-x64\jre\17.0.7-win32-x86_64\bin\net.dll
Event: 0.142 Loaded shared library C:\Users\Admin\.vscode\extensions\redhat.java-1.21.0-win32-x64\jre\17.0.7-win32-x86_64\bin\nio.dll
Event: 0.148 Loaded shared library C:\Users\Admin\.vscode\extensions\redhat.java-1.21.0-win32-x64\jre\17.0.7-win32-x86_64\bin\zip.dll
Event: 0.160 Loaded shared library C:\Users\Admin\.vscode\extensions\redhat.java-1.21.0-win32-x64\jre\17.0.7-win32-x86_64\bin\jimage.dll
Event: 0.193 Loaded shared library c:\Users\Admin\.vscode\extensions\redhat.java-1.21.0-win32-x64\jre\17.0.7-win32-x86_64\bin\verify.dll
Event: 0.745 Loaded shared library C:\Users\Admin\AppData\Roaming\Code\User\globalStorage\redhat.java\1.21.0\config_ss_win\org.eclipse.equinox.launcher\org.eclipse.equinox.launcher.win32.win32.x86_64_1.2.700.v20221108-1024\eclipse_11801.dll

Deoptimization events (20 events):
Event: 0.553 Thread 0x000001d70dafd4d0 DEOPT PACKING pc=0x000001d71835bfcc sp=0x0000007b731f8360
Event: 0.553 Thread 0x000001d70dafd4d0 DEOPT UNPACKING pc=0x000001d717c29ea3 sp=0x0000007b731f82c8 mode 2
Event: 0.581 Thread 0x000001d70dafd4d0 Uncommon trap: trap_request=0xffffffc6 fr.pc=0x000001d7183439a8 relative=0x0000000000000288
Event: 0.581 Thread 0x000001d70dafd4d0 Uncommon trap: reason=bimorphic_or_optimized_type_check action=maybe_recompile pc=0x000001d7183439a8 method=java.util.Collections$UnmodifiableCollection$1.next()Ljava/lang/Object; @ 4 c2
Event: 0.581 Thread 0x000001d70dafd4d0 DEOPT PACKING pc=0x000001d7183439a8 sp=0x0000007b731f7e00
Event: 0.581 Thread 0x000001d70dafd4d0 DEOPT UNPACKING pc=0x000001d717c29ea3 sp=0x0000007b731f7db0 mode 2
Event: 0.581 Thread 0x000001d70dafd4d0 Uncommon trap: trap_request=0xffffffc6 fr.pc=0x000001d7183439a8 relative=0x0000000000000288
Event: 0.581 Thread 0x000001d70dafd4d0 Uncommon trap: reason=bimorphic_or_optimized_type_check action=maybe_recompile pc=0x000001d7183439a8 method=java.util.Collections$UnmodifiableCollection$1.next()Ljava/lang/Object; @ 4 c2
Event: 0.581 Thread 0x000001d70dafd4d0 DEOPT PACKING pc=0x000001d7183439a8 sp=0x0000007b731f7e00
Event: 0.581 Thread 0x000001d70dafd4d0 DEOPT UNPACKING pc=0x000001d717c29ea3 sp=0x0000007b731f7db0 mode 2
Event: 0.681 Thread 0x000001d70dafd4d0 Uncommon trap: trap_request=0xffffffde fr.pc=0x000001d718376d14 relative=0x0000000000000954
Event: 0.681 Thread 0x000001d70dafd4d0 Uncommon trap: reason=class_check action=maybe_recompile pc=0x000001d718376d14 method=java.util.HashMap.putVal(ILjava/lang/Object;Ljava/lang/Object;ZZ)Ljava/lang/Object; @ 253 c2
Event: 0.681 Thread 0x000001d70dafd4d0 DEOPT PACKING pc=0x000001d718376d14 sp=0x0000007b731fdc90
Event: 0.681 Thread 0x000001d70dafd4d0 DEOPT UNPACKING pc=0x000001d717c29ea3 sp=0x0000007b731fdc10 mode 2
Event: 0.682 Thread 0x000001d70dafd4d0 Uncommon trap: trap_request=0xffffffde fr.pc=0x000001d718376d14 relative=0x0000000000000954
Event: 0.682 Thread 0x000001d70dafd4d0 Uncommon trap: reason=class_check action=maybe_recompile pc=0x000001d718376d14 method=java.util.HashMap.putVal(ILjava/lang/Object;Ljava/lang/Object;ZZ)Ljava/lang/Object; @ 253 c2
Event: 0.682 Thread 0x000001d70dafd4d0 DEOPT PACKING pc=0x000001d718376d14 sp=0x0000007b731fdc90
Event: 0.682 Thread 0x000001d70dafd4d0 DEOPT UNPACKING pc=0x000001d717c29ea3 sp=0x0000007b731fdc10 mode 2
Event: 0.700 Thread 0x000001d70dafd4d0 DEOPT PACKING pc=0x000001d71089fb61 sp=0x0000007b731fc640
Event: 0.700 Thread 0x000001d70dafd4d0 DEOPT UNPACKING pc=0x000001d717c2a9e3 sp=0x0000007b731fbac8 mode 0

Classes unloaded (0 events):
No events

Classes redefined (0 events):
No events

Internal exceptions (20 events):
Event: 0.355 Thread 0x000001d70dafd4d0 Exception <a 'java/io/FileNotFoundException'{0x00000000eb9338b0}> (0x00000000eb9338b0) 
thrown [s\src\hotspot\share\prims\jni.cpp, line 516]
Event: 0.359 Thread 0x000001d70dafd4d0 Implicit null exception at 0x000001d718340ff2 to 0x000001d718341568
Event: 0.362 Thread 0x000001d70dafd4d0 Exception <a 'java/io/FileNotFoundException'{0x00000000eb96e2f0}> (0x00000000eb96e2f0) 
thrown [s\src\hotspot\share\prims\jni.cpp, line 516]
Event: 0.460 Thread 0x000001d70dafd4d0 Exception <a 'java/lang/ClassNotFoundException'{0x00000000ec175af0}: sun/net/www/protocol/c/Handler> (0x00000000ec175af0) 
thrown [s\src\hotspot\share\classfile\systemDictionary.cpp, line 256]
Event: 0.460 Thread 0x000001d70dafd4d0 Exception <a 'java/lang/ClassNotFoundException'{0x00000000ec176e20}: sun/net/www/protocol/c/Handler> (0x00000000ec176e20) 
thrown [s\src\hotspot\share\classfile\systemDictionary.cpp, line 256]
Event: 0.460 Thread 0x000001d70dafd4d0 Exception <a 'java/lang/ClassNotFoundException'{0x00000000ec177f78}: sun/net/www/protocol/c/Handler> (0x00000000ec177f78) 
thrown [s\src\hotspot\share\classfile\systemDictionary.cpp, line 256]
Event: 0.464 Thread 0x000001d70dafd4d0 Exception <a 'java/io/FileNotFoundException'{0x00000000ec196d88}> (0x00000000ec196d88) 
thrown [s\src\hotspot\share\prims\jni.cpp, line 516]
Event: 0.479 Thread 0x000001d70dafd4d0 Implicit null exception at 0x000001d71837457b to 0x000001d718374f34
Event: 0.479 Thread 0x000001d70dafd4d0 Implicit null exception at 0x000001d71836cfec to 0x000001d71836d1c4
Event: 0.479 Thread 0x000001d70dafd4d0 Implicit null exception at 0x000001d71836c36c to 0x000001d71836c53c
Event: 0.479 Thread 0x000001d70dafd4d0 Implicit null exception at 0x000001d718361f8f to 0x000001d718362005
Event: 0.503 Thread 0x000001d70dafd4d0 Exception <a 'java/lang/NoSuchMethodError'{0x00000000eab605b8}: 'int java.lang.invoke.DirectMethodHandle$Holder.invokeStaticInit(java.lang.Object, java.lang.Object, java.lang.Object, java.lang.Object)'> (0x00000000eab605b8) 
thrown [s\src\hotspot\share\interpreter\linkResolver.cpp, line 759]
Event: 0.504 Thread 0x000001d70dafd4d0 Exception <a 'java/lang/NoSuchMethodError'{0x00000000eab6ad30}: 'java.lang.Object java.lang.invoke.DirectMethodHandle$Holder.invokeInterface(java.lang.Object, java.lang.Object)'> (0x00000000eab6ad30) 
thrown [s\src\hotspot\share\interpreter\linkResolver.cpp, line 759]
Event: 0.504 Thread 0x000001d70dafd4d0 Exception <a 'java/lang/IncompatibleClassChangeError'{0x00000000eab6e528}: Found class java.lang.Object, but interface was expected> (0x00000000eab6e528) 
thrown [s\src\hotspot\share\interpreter\linkResolver.cpp, line 826]
Event: 0.505 Thread 0x000001d70dafd4d0 Exception <a 'java/lang/NoSuchMethodError'{0x00000000eab72a20}: 'void java.lang.invoke.DirectMethodHandle$Holder.invokeStatic(java.lang.Object, java.lang.Object)'> (0x00000000eab72a20) 
thrown [s\src\hotspot\share\interpreter\linkResolver.cpp, line 759]
Event: 0.505 Thread 0x000001d70dafd4d0 Exception <a 'java/lang/NoSuchMethodError'{0x00000000eab76220}: 'void java.lang.invoke.DirectMethodHandle$Holder.invokeStaticInit(java.lang.Object, java.lang.Object)'> (0x00000000eab76220) 
thrown [s\src\hotspot\share\interpreter\linkResolver.cpp, line 759]
Event: 0.506 Thread 0x000001d70dafd4d0 Exception <a 'java/lang/NoSuchMethodError'{0x00000000eabfd9c8}: 'int java.lang.invoke.DirectMethodHandle$Holder.invokeStaticInit(java.lang.Object, java.lang.Object)'> (0x00000000eabfd9c8) 
thrown [s\src\hotspot\share\interpreter\linkResolver.cpp, line 759]
Event: 0.522 Thread 0x000001d70dafd4d0 Exception <a 'java/lang/NoSuchMethodError'{0x00000000ead638c8}: 'void java.lang.invoke.DirectMethodHandle$Holder.invokeSpecial(java.lang.Object, java.lang.Object, java.lang.Object)'> (0x00000000ead638c8) 
thrown [s\src\hotspot\share\interpreter\linkResolver.cpp, line 759]
Event: 0.670 Thread 0x000001d70dafd4d0 Exception <a 'java/lang/NoSuchMethodError'{0x00000000eb955458}: 'java.lang.Object java.lang.invoke.DirectMethodHandle$Holder.newInvokeSpecial(java.lang.Object, int, java.lang.Object)'> (0x00000000eb955458) 
thrown [s\src\hotspot\share\interpreter\linkResolver.cpp, line 759]
Event: 0.744 Thread 0x000001d70dafd4d0 Exception <a 'java/lang/UnsatisfiedLinkError'{0x00000000ebea2040}: 'void org.eclipse.equinox.launcher.JNIBridge._update_splash()'> (0x00000000ebea2040) 
thrown [s\src\hotspot\share\prims\nativeLookup.cpp, line 543]

VM Operations (20 events):
Event: 0.111 Executing VM operation: HandshakeAllThreads
Event: 0.111 Executing VM operation: HandshakeAllThreads done
Event: 0.171 Executing VM operation: HandshakeAllThreads
Event: 0.171 Executing VM operation: HandshakeAllThreads done
Event: 0.337 Executing VM operation: HandshakeAllThreads
Event: 0.337 Executing VM operation: HandshakeAllThreads done
Event: 0.349 Executing VM operation: HandshakeAllThreads
Event: 0.349 Executing VM operation: HandshakeAllThreads done
Event: 0.483 Executing VM operation: ICBufferFull
Event: 0.483 Executing VM operation: ICBufferFull done
Event: 0.493 Executing VM operation: ParallelGCFailedAllocation
Event: 0.497 Executing VM operation: ParallelGCFailedAllocation done
Event: 0.653 Executing VM operation: HandshakeAllThreads
Event: 0.653 Executing VM operation: HandshakeAllThreads done
Event: 0.653 Executing VM operation: HandshakeAllThreads
Event: 0.653 Executing VM operation: HandshakeAllThreads done
Event: 0.657 Executing VM operation: HandshakeAllThreads
Event: 0.657 Executing VM operation: HandshakeAllThreads done
Event: 0.665 Executing VM operation: HandshakeAllThreads
Event: 0.665 Executing VM operation: HandshakeAllThreads done

Events (20 events):
Event: 0.716 loading class sun/nio/fs/WindowsChannelFactory
Event: 0.716 loading class sun/nio/fs/WindowsChannelFactory done
Event: 0.716 loading class sun/nio/fs/WindowsChannelFactory$1
Event: 0.716 loading class sun/nio/fs/WindowsChannelFactory$1 done
Event: 0.716 loading class sun/nio/fs/WindowsChannelFactory$Flags
Event: 0.716 loading class sun/nio/fs/WindowsChannelFactory$Flags done
Event: 0.716 loading class sun/nio/ch/FileChannelImpl$Closer
Event: 0.716 loading class sun/nio/ch/FileChannelImpl$Closer done
Event: 0.739 Thread 0x000001d7297418b0 Thread added: 0x000001d7297418b0
Event: 0.744 Thread 0x000001d729742730 Thread added: 0x000001d729742730
Event: 0.745 loading class java/util/concurrent/CountDownLatch
Event: 0.745 loading class java/util/concurrent/CountDownLatch done
Event: 0.745 loading class java/util/concurrent/CountDownLatch$Sync
Event: 0.745 loading class java/util/concurrent/CountDownLatch$Sync done
Event: 0.746 loading class java/util/concurrent/locks/AbstractQueuedSynchronizer$SharedNode
Event: 0.746 loading class java/util/concurrent/locks/AbstractQueuedSynchronizer$SharedNode done
Event: 0.754 loading class java/lang/IllegalAccessError
Event: 0.754 loading class java/lang/IllegalAccessError done
Event: 0.758 loading class java/util/TimerTask
Event: 0.758 loading class java/util/TimerTask done


Dynamic libraries:
0x00007ff684a30000 - 0x00007ff684a3e000 	c:\Users\Admin\.vscode\extensions\redhat.java-1.21.0-win32-x64\jre\17.0.7-win32-x86_64\bin\java.exe
0x00007ffc77f50000 - 0x00007ffc78164000 	C:\WINDOWS\SYSTEM32\ntdll.dll
0x00007ffc763d0000 - 0x00007ffc76494000 	C:\WINDOWS\System32\KERNEL32.DLL
0x00007ffc755a0000 - 0x00007ffc75944000 	C:\WINDOWS\System32\KERNELBASE.dll
0x00007ffc75450000 - 0x00007ffc75561000 	C:\WINDOWS\System32\ucrtbase.dll
0x00007ffc66a80000 - 0x00007ffc66a97000 	c:\Users\Admin\.vscode\extensions\redhat.java-1.21.0-win32-x64\jre\17.0.7-win32-x86_64\bin\jli.dll
0x00007ffc66a60000 - 0x00007ffc66a79000 	c:\Users\Admin\.vscode\extensions\redhat.java-1.21.0-win32-x64\jre\17.0.7-win32-x86_64\bin\VCRUNTIME140.dll
0x00007ffc76680000 - 0x00007ffc7682a000 	C:\WINDOWS\System32\USER32.dll
0x00007ffc4d900000 - 0x00007ffc4db8f000 	C:\WINDOWS\WinSxS\amd64_microsoft.windows.common-controls_6595b64144ccf1df_6.0.22621.2070_none_2713e6537381f706\COMCTL32.dll
0x00007ffc75570000 - 0x00007ffc75596000 	C:\WINDOWS\System32\win32u.dll
0x00007ffc76ed0000 - 0x00007ffc76f77000 	C:\WINDOWS\System32\msvcrt.dll
0x00007ffc761f0000 - 0x00007ffc76219000 	C:\WINDOWS\System32\GDI32.dll
0x00007ffc75330000 - 0x00007ffc75449000 	C:\WINDOWS\System32\gdi32full.dll
0x00007ffc75bb0000 - 0x00007ffc75c4a000 	C:\WINDOWS\System32\msvcp_win.dll
0x00007ffc76e90000 - 0x00007ffc76ec1000 	C:\WINDOWS\System32\IMM32.DLL
0x00007ffc6e840000 - 0x00007ffc6e84c000 	c:\Users\Admin\.vscode\extensions\redhat.java-1.21.0-win32-x64\jre\17.0.7-win32-x86_64\bin\vcruntime140_1.dll
0x00007ffc1ffb0000 - 0x00007ffc20041000 	c:\Users\Admin\.vscode\extensions\redhat.java-1.21.0-win32-x64\jre\17.0.7-win32-x86_64\bin\msvcp140.dll
0x00007ffc071a0000 - 0x00007ffc07de8000 	c:\Users\Admin\.vscode\extensions\redhat.java-1.21.0-win32-x64\jre\17.0.7-win32-x86_64\bin\server\jvm.dll
0x00007ffc764f0000 - 0x00007ffc765a0000 	C:\WINDOWS\System32\ADVAPI32.dll
0x00007ffc76320000 - 0x00007ffc763c6000 	C:\WINDOWS\System32\sechost.dll
0x00007ffc77060000 - 0x00007ffc77177000 	C:\WINDOWS\System32\RPCRT4.dll
0x00007ffc6e800000 - 0x00007ffc6e834000 	C:\WINDOWS\SYSTEM32\WINMM.dll
0x00007ffc6eb90000 - 0x00007ffc6eb9a000 	C:\WINDOWS\SYSTEM32\VERSION.dll
0x00007ffc439c0000 - 0x00007ffc439c9000 	C:\WINDOWS\SYSTEM32\WSOCK32.dll
0x00007ffc75f70000 - 0x00007ffc75fe1000 	C:\WINDOWS\System32\WS2_32.dll
0x00007ffc742e0000 - 0x00007ffc742f8000 	C:\WINDOWS\SYSTEM32\kernel.appcore.dll
0x00007ffc66cd0000 - 0x00007ffc66cda000 	c:\Users\Admin\.vscode\extensions\redhat.java-1.21.0-win32-x64\jre\17.0.7-win32-x86_64\bin\jimage.dll
0x00007ffc72c90000 - 0x00007ffc72ebe000 	C:\WINDOWS\SYSTEM32\DBGHELP.DLL
0x00007ffc76830000 - 0x00007ffc76bba000 	C:\WINDOWS\System32\combase.dll
0x00007ffc765a0000 - 0x00007ffc76677000 	C:\WINDOWS\System32\OLEAUT32.dll
0x00007ffc5d160000 - 0x00007ffc5d192000 	C:\WINDOWS\SYSTEM32\dbgcore.DLL
0x00007ffc75950000 - 0x00007ffc759ca000 	C:\WINDOWS\System32\bcryptPrimitives.dll
0x00007ffc66a50000 - 0x00007ffc66a5e000 	c:\Users\Admin\.vscode\extensions\redhat.java-1.21.0-win32-x64\jre\17.0.7-win32-x86_64\bin\instrument.dll
0x00007ffc66a20000 - 0x00007ffc66a45000 	c:\Users\Admin\.vscode\extensions\redhat.java-1.21.0-win32-x64\jre\17.0.7-win32-x86_64\bin\java.dll
0x00007ffc668e0000 - 0x00007ffc668f8000 	c:\Users\Admin\.vscode\extensions\redhat.java-1.21.0-win32-x64\jre\17.0.7-win32-x86_64\bin\zip.dll
0x00007ffc77180000 - 0x00007ffc77996000 	C:\WINDOWS\System32\SHELL32.dll
0x00007ffc732b0000 - 0x00007ffc73b9a000 	C:\WINDOWS\SYSTEM32\windows.storage.dll
0x00007ffc73170000 - 0x00007ffc732ae000 	C:\WINDOWS\SYSTEM32\wintypes.dll
0x00007ffc75ff0000 - 0x00007ffc760e3000 	C:\WINDOWS\System32\SHCORE.dll
0x00007ffc77000000 - 0x00007ffc7705e000 	C:\WINDOWS\System32\shlwapi.dll
0x00007ffc75260000 - 0x00007ffc75286000 	C:\WINDOWS\SYSTEM32\profapi.dll
0x00007ffc64d10000 - 0x00007ffc64d29000 	C:\Users\Admin\.vscode\extensions\redhat.java-1.21.0-win32-x64\jre\17.0.7-win32-x86_64\bin\net.dll
0x00007ffc6ea30000 - 0x00007ffc6eb67000 	C:\WINDOWS\SYSTEM32\WINHTTP.dll
0x00007ffc747a0000 - 0x00007ffc74809000 	C:\WINDOWS\system32\mswsock.dll
0x00007ffc64bf0000 - 0x00007ffc64c05000 	C:\Users\Admin\.vscode\extensions\redhat.java-1.21.0-win32-x64\jre\17.0.7-win32-x86_64\bin\nio.dll
0x00007ffc669e0000 - 0x00007ffc669f0000 	c:\Users\Admin\.vscode\extensions\redhat.java-1.21.0-win32-x64\jre\17.0.7-win32-x86_64\bin\verify.dll
0x00007ffc41880000 - 0x00007ffc418be000 	C:\Users\Admin\AppData\Roaming\Code\User\globalStorage\redhat.java\1.21.0\config_ss_win\org.eclipse.equinox.launcher\org.eclipse.equinox.launcher.win32.win32.x86_64_1.2.700.v20221108-1024\eclipse_11801.dll
0x00007ffc76bc0000 - 0x00007ffc76d5c000 	C:\WINDOWS\System32\ole32.dll

dbghelp: loaded successfully - version: 4.0.5 - missing functions: none
symbol engine: initialized successfully - sym options: 0x614 - pdb path: .;c:\Users\Admin\.vscode\extensions\redhat.java-1.21.0-win32-x64\jre\17.0.7-win32-x86_64\bin;C:\WINDOWS\SYSTEM32;C:\WINDOWS\WinSxS\amd64_microsoft.windows.common-controls_6595b64144ccf1df_6.0.22621.2070_none_2713e6537381f706;c:\Users\Admin\.vscode\extensions\redhat.java-1.21.0-win32-x64\jre\17.0.7-win32-x86_64\bin\server;C:\Users\Admin\AppData\Roaming\Code\User\globalStorage\redhat.java\1.21.0\config_ss_win\org.eclipse.equinox.launcher\org.eclipse.equinox.launcher.win32.win32.x86_64_1.2.700.v20221108-1024

VM Arguments:
jvm_args: --add-modules=ALL-SYSTEM --add-opens=java.base/java.util=ALL-UNNAMED --add-opens=java.base/java.lang=ALL-UNNAMED --add-opens=java.base/sun.nio.fs=ALL-UNNAMED -Declipse.application=org.eclipse.jdt.ls.core.id1 -Dosgi.bundles.defaultStartLevel=4 -Declipse.product=org.eclipse.jdt.ls.core.product -Djava.import.generatesMetadataFilesAtProjectRoot=false -Dfile.encoding=utf8 -XX:+UseParallelGC -XX:GCTimeRatio=4 -XX:AdaptiveSizePolicyWeight=90 -Dsun.zip.disableMemoryMapping=true -Xmx1G -Xms100m -Xlog:disable -javaagent:c:\Users\Admin\.vscode\extensions\redhat.java-1.21.0-win32-x64\lombok\lombok-1.18.28.jar 
java_command: c:\Users\Admin\.vscode\extensions\redhat.java-1.21.0-win32-x64\server\plugins\org.eclipse.equinox.launcher_1.6.500.v20230717-2134.jar -configuration c:\Users\Admin\AppData\Roaming\Code\User\globalStorage\redhat.java\1.21.0\config_ss_win -data c:\Users\Admin\AppData\Roaming\Code\User\workspaceStorage\e7c62a26f5fb9af6089d468b08576148\redhat.java\ss_ws
java_class_path (initial): c:\Users\Admin\.vscode\extensions\redhat.java-1.21.0-win32-x64\server\plugins\org.eclipse.equinox.launcher_1.6.500.v20230717-2134.jar
Launcher Type: SUN_STANDARD

[Global flags]
    uintx AdaptiveSizePolicyWeight                 = 90                                        {product} {command line}
     intx CICompilerCount                          = 12                                        {product} {ergonomic}
    uintx GCTimeRatio                              = 4                                         {product} {command line}
   size_t InitialHeapSize                          = 104857600                                 {product} {command line}
   size_t MaxHeapSize                              = 1073741824                                {product} {command line}
   size_t MaxNewSize                               = 357564416                                 {product} {ergonomic}
   size_t MinHeapDeltaBytes                        = 524288                                    {product} {ergonomic}
   size_t MinHeapSize                              = 104857600                                 {product} {command line}
   size_t NewSize                                  = 34603008                                  {product} {ergonomic}
    uintx NonNMethodCodeHeapSize                   = 7602480                                {pd product} {ergonomic}
    uintx NonProfiledCodeHeapSize                  = 122027880                              {pd product} {ergonomic}
   size_t OldSize                                  = 70254592                                  {product} {ergonomic}
    uintx ProfiledCodeHeapSize                     = 122027880                              {pd product} {ergonomic}
    uintx ReservedCodeCacheSize                    = 251658240                              {pd product} {ergonomic}
     bool SegmentedCodeCache                       = true                                      {product} {ergonomic}
   size_t SoftMaxHeapSize                          = 1073741824                             {manageable} {ergonomic}
     bool UseCompressedClassPointers               = true                           {product lp64_product} {ergonomic}
     bool UseCompressedOops                        = true                           {product lp64_product} {ergonomic}
     bool UseLargePagesIndividualAllocation        = false                                  {pd product} {ergonomic}
     bool UseParallelGC                            = true                                      {product} {command line}

Logging:
Log output configuration:
 #0: stdout all=off uptime,level,tags
 #1: stderr all=off uptime,level,tags

Environment Variables:
JAVA_HOME=C:\Program Files\Java\jdk-14.0.2
PATH=C:\Program Files\Python310\Scripts\;C:\Program Files\Python310\;C:\Program Files\Python38\Scripts\;C:\Program Files\Python38\;C:\WINDOWS\system32;C:\WINDOWS;C:\WINDOWS\System32\Wbem;C:\WINDOWS\System32\WindowsPowerShell\v1.0\;C:\WINDOWS\System32\OpenSSH\;C:\Program Files\Microsoft SQL Server\Client SDK\ODBC\110\Tools\Binn\;C:\Program Files (x86)\Microsoft SQL Server\120\Tools\Binn\;C:\Program Files\Microsoft SQL Server\120\Tools\Binn\;C:\Program Files\Microsoft SQL Server\120\DTS\Binn\;C:\Program Files (x86)\Microsoft SQL Server\120\Tools\Binn\ManagementStudio\;C:\Program Files (x86)\Microsoft SQL Server\120\DTS\Binn\;C:\Program Files\Java\jdk-11.0.2\bin;C:\tomcat\apache-tomcat-9.0.63\bin;C:\Program Files\dotnet\;C:\Program Files\Microsoft SQL Server\150\Tools\Binn\;C:\Program Files\Microsoft SQL Server\Client SDK\ODBC\170\Tools\Binn\;C:\Program Files\nodejs\;C:\Program Files\Microsoft SQL Server\130\Tools\Binn\;C:\WINDOWS\system32;C:\WINDOWS;C:\WINDOWS\System32\Wbem;C:\WINDOWS\System32\WindowsPowerShell\v1.0\;C:\WINDOWS\System32\OpenSSH\;C:\Program Files\MongoDB\Server\5.0\bin;C:\Users\Admin\AppData\Local\Microsoft\WindowsApps;;C:\Users\Admin\AppData\Local\Programs\Microsoft VS Code\bin;C:\Users\Admin\.dotnet\tools;C:\Users\Admin\AppData\Roaming\npm
USERNAME=Admin
OS=Windows_NT
PROCESSOR_IDENTIFIER=Intel64 Family 6 Model 141 Stepping 1, GenuineIntel
TMP=C:\Users\Admin\AppData\Local\Temp
TEMP=C:\Users\Admin\AppData\Local\Temp



---------------  S Y S T E M  ---------------

OS:
 Windows 11 , 64 bit Build 22621 (10.0.22621.2070)
OS uptime: 0 days 0:44 hours
Hyper-V role detected

CPU: total 16 (initial active 16) (8 cores per cpu, 2 threads per core) family 6 model 141 stepping 1 microcode 0x32, cx8, cmov, fxsr, ht, mmx, 3dnowpref, sse, sse2, sse3, ssse3, sse4.1, sse4.2, popcnt, lzcnt, tsc, tscinvbit, avx, avx2, aes, erms, clmul, bmi1, bmi2, adx, avx512f, avx512dq, avx512cd, avx512bw, avx512vl, sha, fma, vzeroupper, avx512_vpopcntdq, avx512_vpclmulqdq, avx512_vaes, avx512_vnni, clflush, clflushopt, clwb, avx512_vbmi2, avx512_vbmi, hv

Memory: 4k page, system-wide physical 16085M (2343M free)
TotalPageFile size 18133M (AvailPageFile size 5M)
current process WorkingSet (physical memory assigned to process): 87M, peak: 87M
current process commit charge ("private bytes"): 225M, peak: 225M

vm_info: OpenJDK 64-Bit Server VM (17.0.7+7) for windows-amd64 JRE (17.0.7+7), built on Apr 18 2023 22:10:42 by "temurin" with MS VC++ 16.7 (VS2019)

END.
