#
# There is insufficient memory for the Java Runtime Environment to continue.
# Native memory allocation (mmap) failed to map 65536 bytes for Failed to commit metaspace.
# Possible reasons:
#   The system is out of physical RAM or swap space
#   The process is running with CompressedOops enabled, and the Java Heap may be blocking the growth of the native heap
# Possible solutions:
#   Reduce memory load on the system
#   Increase physical memory or swap space
#   Check if swap backing store is full
#   Decrease Java heap size (-Xmx/-Xms)
#   Decrease number of Java threads
#   Decrease Java thread stack sizes (-Xss)
#   Set larger code cache with -XX:ReservedCodeCacheSize=
#   JVM is running with Unscaled Compressed Oops mode in which the Java heap is
#     placed in the first 4GB address space. The Java Heap base address is the
#     maximum limit for the native heap growth. Please use -XX:HeapBaseMinAddress
#     to set the Java Heap base and to place the Java Heap above 4GB virtual address.
# This output file may be truncated or incomplete.
#
#  Out of Memory Error (virtualSpaceNode.cpp:110), pid=17872, tid=20768
#
# JRE version: OpenJDK Runtime Environment Temurin-17.0.7+7 (17.0.7+7) (build 17.0.7+7)
# Java VM: OpenJDK 64-Bit Server VM Temurin-17.0.7+7 (17.0.7+7, mixed mode, tiered, compressed oops, compressed class ptrs, parallel gc, windows-amd64)
# No core dump will be written. Minidumps are not enabled by default on client versions of Windows
#

---------------  S U M M A R Y ------------

Command Line: --add-modules=ALL-SYSTEM --add-opens=java.base/java.util=ALL-UNNAMED --add-opens=java.base/java.lang=ALL-UNNAMED --add-opens=java.base/sun.nio.fs=ALL-UNNAMED -Declipse.application=org.eclipse.jdt.ls.core.id1 -Dosgi.bundles.defaultStartLevel=4 -Declipse.product=org.eclipse.jdt.ls.core.product -Djava.import.generatesMetadataFilesAtProjectRoot=false -Dfile.encoding=utf8 -XX:+UseParallelGC -XX:GCTimeRatio=4 -XX:AdaptiveSizePolicyWeight=90 -Dsun.zip.disableMemoryMapping=true -Xmx1G -Xms100m -Xlog:disable -javaagent:c:\Users\Admin\.vscode\extensions\redhat.java-1.21.0-win32-x64\lombok\lombok-1.18.28.jar c:\Users\Admin\.vscode\extensions\redhat.java-1.21.0-win32-x64\server\plugins\org.eclipse.equinox.launcher_1.6.500.v20230717-2134.jar -configuration c:\Users\Admin\AppData\Roaming\Code\User\globalStorage\redhat.java\1.21.0\config_ss_win -data c:\Users\Admin\AppData\Roaming\Code\User\workspaceStorage\e7c62a26f5fb9af6089d468b08576148\redhat.java\ss_ws

Host: 11th Gen Intel(R) Core(TM) i7-11800H @ 2.30GHz, 16 cores, 15G,  Windows 11 , 64 bit Build 22621 (10.0.22621.1928)
Time: Tue Aug  8 23:39:31 2023 SE Asia Standard Time elapsed time: 1.279328 seconds (0d 0h 0m 1s)

---------------  T H R E A D  ---------------

Current thread (0x000002054ae9a8f0):  JavaThread "Start Level: Equinox Container: 6a4a939b-54c7-44f9-8edf-bb5a64c0663a" daemon [_thread_in_vm, id=20768, stack(0x000000c920300000,0x000000c920400000)]

Stack: [0x000000c920300000,0x000000c920400000]
Native frames: (J=compiled Java code, j=interpreted, Vv=VM code, C=native code)
V  [jvm.dll+0x67754a]
V  [jvm.dll+0x834304]
V  [jvm.dll+0x835aae]
V  [jvm.dll+0x836113]
V  [jvm.dll+0x24696f]
V  [jvm.dll+0x83039b]
V  [jvm.dll+0x61c006]
V  [jvm.dll+0x1c169e]
V  [jvm.dll+0x61e961]
V  [jvm.dll+0x61c9a6]
V  [jvm.dll+0x62d7e9]
V  [jvm.dll+0x626b54]
V  [jvm.dll+0x3812a1]
C  0x0000020538c7c6e8

Java frames: (J=compiled Java code, j=interpreted, Vv=VM code)
j  org.eclipse.core.internal.registry.TableReader.basicLoadConfigurationElement(Ljava/io/DataInputStream;Ljava/lang/String;)Lorg/eclipse/core/internal/registry/ConfigurationElement;+0
j  org.eclipse.core.internal.registry.TableReader.loadConfigurationElementAndChildren(Ljava/io/DataInputStream;Ljava/io/DataInputStream;IILorg/eclipse/core/internal/registry/RegistryObjectManager;Ljava/lang/String;)Lorg/eclipse/core/internal/registry/ConfigurationElement;+16
j  org.eclipse.core.internal.registry.TableReader.loadExtensionPointTree(ILorg/eclipse/core/internal/registry/RegistryObjectManager;)Lorg/eclipse/core/internal/registry/ExtensionPoint;+97
j  org.eclipse.core.internal.registry.RegistryObjectManager.load(IB)Ljava/lang/Object;+94
j  org.eclipse.core.internal.registry.RegistryObjectManager.basicGetObject(IB)Ljava/lang/Object;+25
j  org.eclipse.core.internal.registry.RegistryObjectManager.getObject(IB)Ljava/lang/Object;+3
j  org.eclipse.core.internal.registry.BaseExtensionPointHandle.getExtensionPoint()Lorg/eclipse/core/internal/registry/ExtensionPoint;+9
j  org.eclipse.core.internal.registry.BaseExtensionPointHandle.getExtensions()[Lorg/eclipse/core/runtime/IExtension;+5
j  org.eclipse.core.internal.preferences.PreferenceServiceRegistryHelper.getPrefExtensions()[Lorg/eclipse/core/runtime/IExtension;+29
j  org.eclipse.core.internal.preferences.PreferenceServiceRegistryHelper.initializeScopes()V+1
j  org.eclipse.core.internal.preferences.PreferenceServiceRegistryHelper.<init>(Lorg/eclipse/core/internal/preferences/PreferencesService;Ljava/lang/Object;)V+18
j  org.eclipse.core.internal.preferences.Activator.addingService(Lorg/osgi/framework/ServiceReference;)Ljava/lang/Object;+22
j  org.osgi.util.tracker.ServiceTracker$Tracked.customizerAdding(Lorg/osgi/framework/ServiceReference;Lorg/osgi/framework/ServiceEvent;)Ljava/lang/Object;+8
j  org.osgi.util.tracker.ServiceTracker$Tracked.customizerAdding(Ljava/lang/Object;Ljava/lang/Object;)Ljava/lang/Object;+9
j  org.osgi.util.tracker.AbstractTracked.trackAdding(Ljava/lang/Object;Ljava/lang/Object;)V+8
j  org.osgi.util.tracker.AbstractTracked.trackInitial()V+90
j  org.osgi.util.tracker.ServiceTracker.open(Z)V+198
j  org.osgi.util.tracker.ServiceTracker.open()V+2
j  org.eclipse.core.internal.preferences.Activator.start(Lorg/osgi/framework/BundleContext;)V+110
j  org.eclipse.osgi.internal.framework.BundleContextImpl$2.run()Ljava/lang/Void;+23
j  org.eclipse.osgi.internal.framework.BundleContextImpl$2.run()Ljava/lang/Object;+1
J 1226 c1 java.security.AccessController.executePrivileged(Ljava/security/PrivilegedExceptionAction;Ljava/security/AccessControlContext;Ljava/lang/Class;)Ljava/lang/Object; java.base@17.0.7 (65 bytes) @ 0x0000020531a53b34 [0x0000020531a539e0+0x0000000000000154]
j  java.security.AccessController.doPrivileged(Ljava/security/PrivilegedExceptionAction;)Ljava/lang/Object;+9 java.base@17.0.7
j  org.eclipse.osgi.internal.framework.BundleContextImpl.startActivator(Lorg/osgi/framework/BundleActivator;)V+9
j  org.eclipse.osgi.internal.framework.BundleContextImpl.start()V+134
j  org.eclipse.osgi.internal.framework.EquinoxBundle.startWorker0()V+35
j  org.eclipse.osgi.internal.framework.EquinoxBundle$EquinoxModule.startWorker()V+4
j  org.eclipse.osgi.container.Module.doStart([Lorg/eclipse/osgi/container/Module$StartOptions;)Lorg/eclipse/osgi/container/ModuleContainerAdaptor$ModuleEvent;+190
j  org.eclipse.osgi.container.Module.start([Lorg/eclipse/osgi/container/Module$StartOptions;)V+460
j  org.eclipse.osgi.framework.util.SecureAction.start(Lorg/eclipse/osgi/container/Module;[Lorg/eclipse/osgi/container/Module$StartOptions;)V+8
j  org.eclipse.osgi.internal.hooks.EclipseLazyStarter.postFindLocalClass(Ljava/lang/String;Ljava/lang/Class;Lorg/eclipse/osgi/internal/loader/classpath/ClasspathManager;)V+173
j  org.eclipse.osgi.internal.loader.classpath.ClasspathManager.findLocalClass(Ljava/lang/String;)Ljava/lang/Class;+148
j  org.eclipse.osgi.internal.loader.ModuleClassLoader.findLocalClass(Ljava/lang/String;)Ljava/lang/Class;+5
j  org.eclipse.osgi.internal.loader.BundleLoader.findLocalClass(Ljava/lang/String;)Ljava/lang/Class;+57
j  org.eclipse.osgi.internal.loader.sources.SingleSourcePackage.loadClass(Ljava/lang/String;)Ljava/lang/Class;+5
J 1711 c1 org.eclipse.osgi.internal.loader.BundleLoader.findClass0(Ljava/lang/String;ZZ)Ljava/lang/Class; (466 bytes) @ 0x0000020531b4159c [0x0000020531b3efa0+0x00000000000025fc]
J 1710 c1 org.eclipse.osgi.internal.loader.BundleLoader.findClass(Ljava/lang/String;)Ljava/lang/Class; (8 bytes) @ 0x0000020531b3c61c [0x0000020531b3c5a0+0x000000000000007c]
J 1712 c1 org.eclipse.osgi.internal.loader.ModuleClassLoader.loadClass(Ljava/lang/String;Z)Ljava/lang/Class; (36 bytes) @ 0x0000020531b3d03c [0x0000020531b3ce20+0x000000000000021c]
J 830 c1 java.lang.ClassLoader.loadClass(Ljava/lang/String;)Ljava/lang/Class; java.base@17.0.7 (7 bytes) @ 0x0000020531980f3c [0x0000020531980e40+0x00000000000000fc]
v  ~StubRoutines::call_stub
j  java.lang.Class.getDeclaredMethods0(Z)[Ljava/lang/reflect/Method;+0 java.base@17.0.7
j  java.lang.Class.privateGetDeclaredMethods(Z)[Ljava/lang/reflect/Method;+34 java.base@17.0.7
j  java.lang.Class.getDeclaredMethod(Ljava/lang/String;[Ljava/lang/Class;)Ljava/lang/reflect/Method;+25 java.base@17.0.7
j  org.apache.felix.scr.impl.inject.methods.BaseMethod.getMethod(Ljava/lang/Class;Ljava/lang/String;[Ljava/lang/Class;ZZLorg/apache/felix/scr/impl/logger/ComponentLogger;)Ljava/lang/reflect/Method;+3
j  org.apache.felix.scr.impl.inject.methods.BindMethod.getServiceReferenceMethod(Ljava/lang/Class;ZZLorg/apache/felix/scr/impl/logger/ComponentLogger;)Ljava/lang/reflect/Method;+20
j  org.apache.felix.scr.impl.inject.methods.BindMethod.doFindMethod(Ljava/lang/Class;ZZLorg/apache/felix/scr/impl/logger/ComponentLogger;)Lorg/apache/felix/scr/impl/inject/methods/BaseMethod$MethodInfo;+67
j  org.apache.felix.scr.impl.inject.methods.BaseMethod.findMethod(Lorg/apache/felix/scr/impl/logger/ComponentLogger;)Lorg/apache/felix/scr/impl/inject/methods/BaseMethod$MethodInfo;+103
j  org.apache.felix.scr.impl.inject.methods.BaseMethod.access$400(Lorg/apache/felix/scr/impl/inject/methods/BaseMethod;Lorg/apache/felix/scr/impl/logger/ComponentLogger;)Lorg/apache/felix/scr/impl/inject/methods/BaseMethod$MethodInfo;+2
j  org.apache.felix.scr.impl.inject.methods.BaseMethod$NotResolved.resolve(Lorg/apache/felix/scr/impl/inject/methods/BaseMethod;Lorg/apache/felix/scr/impl/logger/ComponentLogger;)V+34
j  org.apache.felix.scr.impl.inject.methods.BaseMethod$NotResolved.methodExists(Lorg/apache/felix/scr/impl/inject/methods/BaseMethod;Lorg/apache/felix/scr/impl/logger/ComponentLogger;)Z+3
j  org.apache.felix.scr.impl.inject.methods.BaseMethod.methodExists(Lorg/apache/felix/scr/impl/logger/ComponentLogger;)Z+6
j  org.apache.felix.scr.impl.inject.methods.BindMethod.getServiceObject(Lorg/apache/felix/scr/impl/inject/BindParameters;Lorg/osgi/framework/BundleContext;)Z+24
j  org.apache.felix.scr.impl.manager.DependencyManager.getServiceObject(Lorg/apache/felix/scr/impl/manager/ComponentContextImpl;Lorg/apache/felix/scr/impl/inject/ReferenceMethod;Lorg/apache/felix/scr/impl/inject/RefPair;)Z+26
j  org.apache.felix.scr.impl.manager.DependencyManager$SingleDynamicCustomizer.prebind(Lorg/apache/felix/scr/impl/manager/ComponentContextImpl;)Z+151
j  org.apache.felix.scr.impl.manager.DependencyManager.prebind(Lorg/apache/felix/scr/impl/manager/ComponentContextImpl;)Z+5
j  org.apache.felix.scr.impl.manager.AbstractComponentManager.collectDependencies(Lorg/apache/felix/scr/impl/manager/ComponentContextImpl;)Z+36
j  org.apache.felix.scr.impl.manager.SingleComponentManager.getServiceInternal(Lorg/osgi/framework/ServiceRegistration;)Z+25
j  org.apache.felix.scr.impl.manager.AbstractComponentManager.activateInternal()V+427
j  org.apache.felix.scr.impl.manager.AbstractComponentManager.enableInternal()V+174
j  org.apache.felix.scr.impl.manager.AbstractComponentManager.enable(Z)Lorg/osgi/util/promise/Promise;+12
j  org.apache.felix.scr.impl.manager.ConfigurableComponentHolder.enableComponents(Z)Lorg/osgi/util/promise/Promise;+275
j  org.apache.felix.scr.impl.BundleComponentActivator.initialEnable()V+105
j  org.apache.felix.scr.impl.Activator.loadComponents(Lorg/osgi/framework/Bundle;)V+380
j  org.apache.felix.scr.impl.Activator.access$200(Lorg/apache/felix/scr/impl/Activator;Lorg/osgi/framework/Bundle;)V+2
j  org.apache.felix.scr.impl.Activator$ScrExtension.start()V+72
j  org.apache.felix.scr.impl.AbstractExtender.createExtension(Lorg/osgi/framework/Bundle;)V+71
j  org.apache.felix.scr.impl.AbstractExtender.modifiedBundle(Lorg/osgi/framework/Bundle;Lorg/osgi/framework/BundleEvent;Lorg/osgi/framework/Bundle;)V+115
j  org.apache.felix.scr.impl.AbstractExtender.addingBundle(Lorg/osgi/framework/Bundle;Lorg/osgi/framework/BundleEvent;)Lorg/osgi/framework/Bundle;+4
j  org.apache.felix.scr.impl.AbstractExtender.addingBundle(Lorg/osgi/framework/Bundle;Lorg/osgi/framework/BundleEvent;)Ljava/lang/Object;+3
j  org.osgi.util.tracker.BundleTracker$Tracked.customizerAdding(Lorg/osgi/framework/Bundle;Lorg/osgi/framework/BundleEvent;)Ljava/lang/Object;+9
j  org.osgi.util.tracker.BundleTracker$Tracked.customizerAdding(Ljava/lang/Object;Ljava/lang/Object;)Ljava/lang/Object;+9
j  org.osgi.util.tracker.AbstractTracked.trackAdding(Ljava/lang/Object;Ljava/lang/Object;)V+8
j  org.osgi.util.tracker.AbstractTracked.track(Ljava/lang/Object;Ljava/lang/Object;)V+83
j  org.osgi.util.tracker.BundleTracker$Tracked.bundleChanged(Lorg/osgi/framework/BundleEvent;)V+35
J 1574 c1 org.eclipse.osgi.internal.framework.BundleContextImpl.dispatchEvent(Ljava/lang/Object;Ljava/lang/Object;ILjava/lang/Object;)V (558 bytes) @ 0x0000020531af9f3c [0x0000020531af8d20+0x000000000000121c]
j  org.eclipse.osgi.framework.eventmgr.EventManager.dispatchEvent(Ljava/util/Set;Lorg/eclipse/osgi/framework/eventmgr/EventDispatcher;ILjava/lang/Object;)V+48
j  org.eclipse.osgi.framework.eventmgr.ListenerQueue.dispatchEventSynchronous(ILjava/lang/Object;)V+67
j  org.eclipse.osgi.internal.framework.EquinoxEventPublisher.publishBundleEventPrivileged(Lorg/osgi/framework/BundleEvent;)V+547
j  org.eclipse.osgi.internal.framework.EquinoxEventPublisher.publishBundleEvent(Lorg/osgi/framework/BundleEvent;)V+8
j  org.eclipse.osgi.internal.framework.EquinoxEventPublisher.publishBundleEvent(ILorg/osgi/framework/Bundle;Lorg/osgi/framework/Bundle;)V+15
j  org.eclipse.osgi.internal.framework.EquinoxContainerAdaptor.publishModuleEvent(Lorg/eclipse/osgi/container/ModuleContainerAdaptor$ModuleEvent;Lorg/eclipse/osgi/container/Module;Lorg/eclipse/osgi/container/Module;)V+29
j  org.eclipse.osgi.container.Module.publishEvent(Lorg/eclipse/osgi/container/ModuleContainerAdaptor$ModuleEvent;)V+13
j  org.eclipse.osgi.container.Module.start([Lorg/eclipse/osgi/container/Module$StartOptions;)V+588
j  org.eclipse.osgi.container.ModuleContainer$ContainerStartLevel$2.run()V+71
j  org.eclipse.osgi.internal.framework.EquinoxContainerAdaptor$1$1.execute(Ljava/lang/Runnable;)V+1
j  org.eclipse.osgi.container.ModuleContainer$ContainerStartLevel.incStartLevel(ILjava/util/List;Z)V+192
j  org.eclipse.osgi.container.ModuleContainer$ContainerStartLevel.incStartLevel(ILjava/util/List;Ljava/util/List;Ljava/util/List;Ljava/util/List;)V+4
j  org.eclipse.osgi.container.ModuleContainer$ContainerStartLevel.doContainerStartLevel(Lorg/eclipse/osgi/container/Module;I[Lorg/osgi/framework/FrameworkListener;)V+349
j  org.eclipse.osgi.container.ModuleContainer$ContainerStartLevel.dispatchEvent(Lorg/eclipse/osgi/container/Module;[Lorg/osgi/framework/FrameworkListener;ILjava/lang/Integer;)V+32
j  org.eclipse.osgi.container.ModuleContainer$ContainerStartLevel.dispatchEvent(Ljava/lang/Object;Ljava/lang/Object;ILjava/lang/Object;)V+15
j  org.eclipse.osgi.framework.eventmgr.EventManager.dispatchEvent(Ljava/util/Set;Lorg/eclipse/osgi/framework/eventmgr/EventDispatcher;ILjava/lang/Object;)V+48
j  org.eclipse.osgi.framework.eventmgr.EventManager$EventThread.run()V+26
v  ~StubRoutines::call_stub

---------------  P R O C E S S  ---------------

Threads class SMR info:
_java_thread_list=0x000002054ab2bd90, length=21, elements={
0x000002052d3c0470, 0x0000020543181a30, 0x00000205431822f0, 0x0000020548547340,
0x0000020548547c00, 0x00000205485487b0, 0x0000020548549360, 0x000002054854c200,
0x000002054854f450, 0x0000020548550dc0, 0x000002052d421bb0, 0x00000205485f7f10,
0x00000205485f84d0, 0x00000205486d9050, 0x000002054a4023d0, 0x000002054a4a6350,
0x000002054aeb51c0, 0x000002054ad7ece0, 0x000002054ae9a8f0, 0x000002054aef9c30,
0x000002054ae99930
}

Java Threads: ( => current thread )
  0x000002052d3c0470 JavaThread "main" [_thread_blocked, id=2084, stack(0x000000c91e800000,0x000000c91e900000)]
  0x0000020543181a30 JavaThread "Reference Handler" daemon [_thread_blocked, id=21788, stack(0x000000c91eb00000,0x000000c91ec00000)]
  0x00000205431822f0 JavaThread "Finalizer" daemon [_thread_blocked, id=17884, stack(0x000000c91ec00000,0x000000c91ed00000)]
  0x0000020548547340 JavaThread "Signal Dispatcher" daemon [_thread_blocked, id=5696, stack(0x000000c91ed00000,0x000000c91ee00000)]
  0x0000020548547c00 JavaThread "Attach Listener" daemon [_thread_blocked, id=14916, stack(0x000000c91ee00000,0x000000c91ef00000)]
  0x00000205485487b0 JavaThread "Service Thread" daemon [_thread_blocked, id=18232, stack(0x000000c91ef00000,0x000000c91f000000)]
  0x0000020548549360 JavaThread "Monitor Deflation Thread" daemon [_thread_blocked, id=6700, stack(0x000000c91f000000,0x000000c91f100000)]
  0x000002054854c200 JavaThread "C2 CompilerThread0" daemon [_thread_blocked, id=11980, stack(0x000000c91f100000,0x000000c91f200000)]
  0x000002054854f450 JavaThread "C1 CompilerThread0" daemon [_thread_blocked, id=21620, stack(0x000000c91f200000,0x000000c91f300000)]
  0x0000020548550dc0 JavaThread "Sweeper thread" daemon [_thread_blocked, id=412, stack(0x000000c91f300000,0x000000c91f400000)]
  0x000002052d421bb0 JavaThread "Common-Cleaner" daemon [_thread_blocked, id=17096, stack(0x000000c91f400000,0x000000c91f500000)]
  0x00000205485f7f10 JavaThread "C1 CompilerThread1" daemon [_thread_blocked, id=13688, stack(0x000000c91f500000,0x000000c91f600000)]
  0x00000205485f84d0 JavaThread "C1 CompilerThread2" daemon [_thread_blocked, id=21100, stack(0x000000c91f600000,0x000000c91f700000)]
  0x00000205486d9050 JavaThread "C2 CompilerThread1" daemon [_thread_blocked, id=17244, stack(0x000000c91f700000,0x000000c91f800000)]
  0x000002054a4023d0 JavaThread "C1 CompilerThread3" daemon [_thread_blocked, id=4288, stack(0x000000c91f800000,0x000000c91f900000)]
  0x000002054a4a6350 JavaThread "Notification Thread" daemon [_thread_blocked, id=9340, stack(0x000000c91f900000,0x000000c91fa00000)]
  0x000002054aeb51c0 JavaThread "Active Thread: Equinox Container: 6a4a939b-54c7-44f9-8edf-bb5a64c0663a" [_thread_blocked, id=5912, stack(0x000000c91fc00000,0x000000c91fd00000)]
  0x000002054ad7ece0 JavaThread "Framework Event Dispatcher: Equinox Container: 6a4a939b-54c7-44f9-8edf-bb5a64c0663a" daemon [_thread_blocked, id=12632, stack(0x000000c920200000,0x000000c920300000)]
=>0x000002054ae9a8f0 JavaThread "Start Level: Equinox Container: 6a4a939b-54c7-44f9-8edf-bb5a64c0663a" daemon [_thread_in_vm, id=20768, stack(0x000000c920300000,0x000000c920400000)]
  0x000002054aef9c30 JavaThread "SCR Component Actor" daemon [_thread_blocked, id=4172, stack(0x000000c920400000,0x000000c920500000)]
  0x000002054ae99930 JavaThread "SCR Component Registry" daemon [_thread_blocked, id=6868, stack(0x000000c920700000,0x000000c920800000)]

Other Threads:
  0x000002052d448090 VMThread "VM Thread" [stack: 0x000000c91ea00000,0x000000c91eb00000] [id=21480]
  0x000002054a407c90 WatcherThread [stack: 0x000000c91fa00000,0x000000c91fb00000] [id=3444]
  0x000002052d3d51f0 GCTaskThread "GC Thread#0" [stack: 0x000000c91e900000,0x000000c91ea00000] [id=22076]
  0x000002054ad0a490 GCTaskThread "GC Thread#1" [stack: 0x000000c91fd00000,0x000000c91fe00000] [id=17016]
  0x000002054ac5b430 GCTaskThread "GC Thread#2" [stack: 0x000000c91fe00000,0x000000c91ff00000] [id=10392]
  0x000002054ad0a740 GCTaskThread "GC Thread#3" [stack: 0x000000c91ff00000,0x000000c920000000] [id=10684]
  0x000002054aa3e4b0 GCTaskThread "GC Thread#4" [stack: 0x000000c920000000,0x000000c920100000] [id=16736]
  0x000002054aa3e760 GCTaskThread "GC Thread#5" [stack: 0x000000c920100000,0x000000c920200000] [id=8584]
  0x000002054af98d60 GCTaskThread "GC Thread#6" [stack: 0x000000c920500000,0x000000c920600000] [id=3268]
  0x000002054af99010 GCTaskThread "GC Thread#7" [stack: 0x000000c920600000,0x000000c920700000] [id=13068]

Threads with active compile tasks:

VM state: not at safepoint (normal execution)

VM Mutex/Monitor currently owned by a thread:  ([mutex/lock_event])
[0x000002052d3ba450] Metaspace_lock - owner thread: 0x000002054ae9a8f0

Heap address: 0x00000000c0000000, size: 1024 MB, Compressed Oops mode: 32-bit

CDS archive(s) not mapped
Compressed class space mapped at: 0x0000000100000000-0x0000000140000000, reserved size: 1073741824
Narrow klass base: 0x0000000000000000, Narrow klass shift: 3, Narrow klass range: 0x140000000

GC Precious Log:
 CPUs: 16 total, 16 available
 Memory: 16085M
 Large Page Support: Disabled
 NUMA Support: Disabled
 Compressed Oops: Enabled (32-bit)
 Alignments: Space 512K, Generation 512K, Heap 2M
 Heap Min Capacity: 100M
 Heap Initial Capacity: 100M
 Heap Max Capacity: 1G
 Pre-touch: Disabled
 Parallel Workers: 13

Heap:
 PSYoungGen      total 29696K, used 14505K [0x00000000eab00000, 0x00000000ecc00000, 0x0000000100000000)
  eden space 25600K, 40% used [0x00000000eab00000,0x00000000eb52a778,0x00000000ec400000)
  from space 4096K, 99% used [0x00000000ec800000,0x00000000ecbffcd0,0x00000000ecc00000)
  to   space 4096K, 0% used [0x00000000ec400000,0x00000000ec400000,0x00000000ec800000)
 ParOldGen       total 68608K, used 648K [0x00000000c0000000, 0x00000000c4300000, 0x00000000eab00000)
  object space 68608K, 0% used [0x00000000c0000000,0x00000000c00a2010,0x00000000c4300000)
 Metaspace       used 16985K, committed 17216K, reserved 1114112K
  class space    used 1737K, committed 1856K, reserved 1048576K

Card table byte_map: [0x0000020540a00000,0x0000020540c10000] _byte_map_base: 0x0000020540400000

Marking Bits: (ParMarkBitMap*) 0x00007fff791b52c0
 Begin Bits: [0x0000020540d70000, 0x0000020541d70000)
 End Bits:   [0x0000020541d70000, 0x0000020542d70000)

Polling page: 0x000002052d480000

Metaspace:

Usage:
  Non-class:     14.89 MB used.
      Class:      1.70 MB used.
       Both:     16.59 MB used.

Virtual space:
  Non-class space:       64.00 MB reserved,      15.00 MB ( 23%) committed,  1 nodes.
      Class space:        1.00 GB reserved,       1.81 MB ( <1%) committed,  1 nodes.
             Both:        1.06 GB reserved,      16.81 MB (  2%) committed. 

Chunk freelists:
   Non-Class:  48.00 KB
       Class:  14.19 MB
        Both:  14.24 MB

MaxMetaspaceSize: unlimited
CompressedClassSpaceSize: 1.00 GB
Initial GC threshold: 21.00 MB
Current GC threshold: 21.00 MB
CDS: off
MetaspaceReclaimPolicy: balanced
 - commit_granule_bytes: 65536.
 - commit_granule_words: 8192.
 - virtual_space_node_default_size: 8388608.
 - enlarge_chunks_in_place: 1.
 - new_chunks_are_fully_committed: 0.
 - uncommit_free_chunks: 1.
 - use_allocation_guard: 0.
 - handle_deallocations: 1.


Internal statistics:

num_allocs_failed_limit: 0.
num_arena_births: 126.
num_arena_deaths: 0.
num_vsnodes_births: 2.
num_vsnodes_deaths: 0.
num_space_committed: 269.
num_space_uncommitted: 0.
num_chunks_returned_to_freelist: 0.
num_chunks_taken_from_freelist: 425.
num_chunk_merges: 0.
num_chunk_splits: 281.
num_chunks_enlarged: 201.
num_inconsistent_stats: 0.

CodeHeap 'non-profiled nmethods': size=119168Kb used=688Kb max_used=688Kb free=118479Kb
 bounds [0x00000205393c0000, 0x0000020539630000, 0x0000020540820000]
CodeHeap 'profiled nmethods': size=119104Kb used=3574Kb max_used=3574Kb free=115529Kb
 bounds [0x0000020531820000, 0x0000020531ba0000, 0x0000020538c70000]
CodeHeap 'non-nmethods': size=7488Kb used=2870Kb max_used=2883Kb free=4617Kb
 bounds [0x0000020538c70000, 0x0000020538f50000, 0x00000205393c0000]
 total_blobs=2317 nmethods=1845 adapters=383
 compilation: enabled
              stopped_count=0, restarted_count=0
 full_count=0

Compilation events (20 events):
Event: 1.272 Thread 0x000002054a4023d0 1835       3       org.eclipse.osgi.internal.loader.classpath.ClasspathManager::definePackage (162 bytes)
Event: 1.272 Thread 0x000002054854f450 1837   !   3       org.eclipse.osgi.internal.weaving.WeavingHookConfigurator::processClass (245 bytes)
Event: 1.273 Thread 0x00000205485f84d0 1838       3       org.eclipse.osgi.internal.weaving.WeavingHookConfigurator::getRegistry (8 bytes)
Event: 1.273 Thread 0x00000205485f7f10 nmethod 1836 0x0000020531b8f890 code [0x0000020531b8fa40, 0x0000020531b8fcc8]
Event: 1.273 Thread 0x00000205485f7f10 1839       3       org.eclipse.osgi.internal.weaving.WovenClassImpl::<init> (80 bytes)
Event: 1.273 Thread 0x00000205485f84d0 nmethod 1838 0x0000020531b8fe10 code [0x0000020531b8ffc0, 0x0000020531b90218]
Event: 1.273 Thread 0x00000205485f84d0 1840       3       org.eclipse.osgi.internal.weaving.DynamicImportList::<init> (22 bytes)
Event: 1.273 Thread 0x00000205485f84d0 nmethod 1840 0x0000020531b90390 code [0x0000020531b90540, 0x0000020531b90848]
Event: 1.273 Thread 0x00000205485f84d0 1841   !   3       org.eclipse.osgi.internal.weaving.WovenClassImpl::callHooks (409 bytes)
Event: 1.273 Thread 0x00000205485f7f10 nmethod 1839 0x0000020531b90990 code [0x0000020531b90b80, 0x0000020531b91228]
Event: 1.273 Thread 0x00000205485f7f10 1842   !   3       org.eclipse.osgi.internal.loader.ModuleClassLoader::defineClass (138 bytes)
Event: 1.273 Thread 0x000002054a4023d0 nmethod 1835 0x0000020531b91510 code [0x0000020531b917a0, 0x0000020531b923d8]
Event: 1.274 Thread 0x000002054a4023d0 1843   !   3       org.eclipse.osgi.internal.loader.ModuleClassLoader::lockClassName (140 bytes)
Event: 1.274 Thread 0x00000205485f7f10 nmethod 1842 0x0000020531b92a10 code [0x0000020531b92cc0, 0x0000020531b93a68]
Event: 1.274 Thread 0x00000205485f7f10 1844       3       org.eclipse.osgi.internal.loader.ModuleClassLoader::toString (80 bytes)
Event: 1.274 Thread 0x000002054854f450 nmethod 1837 0x0000020531b94210 code [0x0000020531b945c0, 0x0000020531b96278]
Event: 1.274 Thread 0x000002054854f450 1845   !   3       org.eclipse.osgi.internal.loader.ModuleClassLoader::unlockClassName (34 bytes)
Event: 1.274 Thread 0x000002054a4023d0 nmethod 1843 0x0000020531b97090 code [0x0000020531b97360, 0x0000020531b98278]
Event: 1.274 Thread 0x00000205485f84d0 nmethod 1841 0x0000020531b98b10 code [0x0000020531b98ee0, 0x0000020531b9aaf8]
Event: 1.274 Thread 0x000002054854f450 nmethod 1845 0x0000020531b9b590 code [0x0000020531b9b740, 0x0000020531b9ba38]

GC Heap History (4 events):
Event: 0.703 GC heap before
{Heap before GC invocations=1 (full 0):
 PSYoungGen      total 29696K, used 25600K [0x00000000eab00000, 0x00000000ecc00000, 0x0000000100000000)
  eden space 25600K, 100% used [0x00000000eab00000,0x00000000ec400000,0x00000000ec400000)
  from space 4096K, 0% used [0x00000000ec800000,0x00000000ec800000,0x00000000ecc00000)
  to   space 4096K, 0% used [0x00000000ec400000,0x00000000ec400000,0x00000000ec800000)
 ParOldGen       total 68608K, used 0K [0x00000000c0000000, 0x00000000c4300000, 0x00000000eab00000)
  object space 68608K, 0% used [0x00000000c0000000,0x00000000c0000000,0x00000000c4300000)
 Metaspace       used 10787K, committed 10944K, reserved 1114112K
  class space    used 1069K, committed 1088K, reserved 1048576K
}
Event: 0.708 GC heap after
{Heap after GC invocations=1 (full 0):
 PSYoungGen      total 29696K, used 3049K [0x00000000eab00000, 0x00000000ecc00000, 0x0000000100000000)
  eden space 25600K, 0% used [0x00000000eab00000,0x00000000eab00000,0x00000000ec400000)
  from space 4096K, 74% used [0x00000000ec400000,0x00000000ec6fa490,0x00000000ec800000)
  to   space 4096K, 0% used [0x00000000ec800000,0x00000000ec800000,0x00000000ecc00000)
 ParOldGen       total 68608K, used 16K [0x00000000c0000000, 0x00000000c4300000, 0x00000000eab00000)
  object space 68608K, 0% used [0x00000000c0000000,0x00000000c0004000,0x00000000c4300000)
 Metaspace       used 10787K, committed 10944K, reserved 1114112K
  class space    used 1069K, committed 1088K, reserved 1048576K
}
Event: 1.155 GC heap before
{Heap before GC invocations=2 (full 0):
 PSYoungGen      total 29696K, used 28649K [0x00000000eab00000, 0x00000000ecc00000, 0x0000000100000000)
  eden space 25600K, 100% used [0x00000000eab00000,0x00000000ec400000,0x00000000ec400000)
  from space 4096K, 74% used [0x00000000ec400000,0x00000000ec6fa490,0x00000000ec800000)
  to   space 4096K, 0% used [0x00000000ec800000,0x00000000ec800000,0x00000000ecc00000)
 ParOldGen       total 68608K, used 16K [0x00000000c0000000, 0x00000000c4300000, 0x00000000eab00000)
  object space 68608K, 0% used [0x00000000c0000000,0x00000000c0004000,0x00000000c4300000)
 Metaspace       used 14865K, committed 15168K, reserved 1114112K
  class space    used 1502K, committed 1664K, reserved 1048576K
}
Event: 1.160 GC heap after
{Heap after GC invocations=2 (full 0):
 PSYoungGen      total 29696K, used 4095K [0x00000000eab00000, 0x00000000ecc00000, 0x0000000100000000)
  eden space 25600K, 0% used [0x00000000eab00000,0x00000000eab00000,0x00000000ec400000)
  from space 4096K, 99% used [0x00000000ec800000,0x00000000ecbffcd0,0x00000000ecc00000)
  to   space 4096K, 0% used [0x00000000ec400000,0x00000000ec400000,0x00000000ec800000)
 ParOldGen       total 68608K, used 648K [0x00000000c0000000, 0x00000000c4300000, 0x00000000eab00000)
  object space 68608K, 0% used [0x00000000c0000000,0x00000000c00a2010,0x00000000c4300000)
 Metaspace       used 14865K, committed 15168K, reserved 1114112K
  class space    used 1502K, committed 1664K, reserved 1048576K
}

Dll operation events (9 events):
Event: 0.010 Loaded shared library c:\Users\Admin\.vscode\extensions\redhat.java-1.21.0-win32-x64\jre\17.0.7-win32-x86_64\bin\java.dll
Event: 0.139 Loaded shared library c:\Users\Admin\.vscode\extensions\redhat.java-1.21.0-win32-x64\jre\17.0.7-win32-x86_64\bin\zip.dll
Event: 0.140 Loaded shared library C:\Users\Admin\.vscode\extensions\redhat.java-1.21.0-win32-x64\jre\17.0.7-win32-x86_64\bin\instrument.dll
Event: 0.153 Loaded shared library C:\Users\Admin\.vscode\extensions\redhat.java-1.21.0-win32-x64\jre\17.0.7-win32-x86_64\bin\net.dll
Event: 0.155 Loaded shared library C:\Users\Admin\.vscode\extensions\redhat.java-1.21.0-win32-x64\jre\17.0.7-win32-x86_64\bin\nio.dll
Event: 0.161 Loaded shared library C:\Users\Admin\.vscode\extensions\redhat.java-1.21.0-win32-x64\jre\17.0.7-win32-x86_64\bin\zip.dll
Event: 0.178 Loaded shared library C:\Users\Admin\.vscode\extensions\redhat.java-1.21.0-win32-x64\jre\17.0.7-win32-x86_64\bin\jimage.dll
Event: 0.224 Loaded shared library c:\Users\Admin\.vscode\extensions\redhat.java-1.21.0-win32-x64\jre\17.0.7-win32-x86_64\bin\verify.dll
Event: 1.068 Loaded shared library C:\Users\Admin\AppData\Roaming\Code\User\globalStorage\redhat.java\1.21.0\config_ss_win\org.eclipse.equinox.launcher\org.eclipse.equinox.launcher.win32.win32.x86_64_1.2.700.v20221108-1024\eclipse_11801.dll

Deoptimization events (20 events):
Event: 1.272 Thread 0x000002054ae9a8f0 Uncommon trap: trap_request=0xffffffde fr.pc=0x0000020539423aac relative=0x00000000000009ac
Event: 1.272 Thread 0x000002054ae9a8f0 Uncommon trap: reason=class_check action=maybe_recompile pc=0x0000020539423aac method=java.io.DataInputStream.readInt()I @ 4 c2
Event: 1.272 Thread 0x000002054ae9a8f0 DEOPT PACKING pc=0x0000020539423aac sp=0x000000c9203fb400
Event: 1.272 Thread 0x000002054ae9a8f0 DEOPT UNPACKING pc=0x0000020538cc9ea3 sp=0x000000c9203fb3c0 mode 2
Event: 1.273 Thread 0x000002054ae9a8f0 Uncommon trap: trap_request=0xffffffde fr.pc=0x0000020539429bf0 relative=0x0000000000001190
Event: 1.273 Thread 0x000002054ae9a8f0 Uncommon trap: reason=class_check action=maybe_recompile pc=0x0000020539429bf0 method=java.io.DataInputStream.readFully([BII)V @ 30 c2
Event: 1.273 Thread 0x000002054ae9a8f0 DEOPT PACKING pc=0x0000020539429bf0 sp=0x000000c9203fb370
Event: 1.273 Thread 0x000002054ae9a8f0 DEOPT UNPACKING pc=0x0000020538cc9ea3 sp=0x000000c9203fb2a8 mode 2
Event: 1.273 Thread 0x000002054ae9a8f0 Uncommon trap: trap_request=0xffffffde fr.pc=0x0000020539429bf0 relative=0x0000000000001190
Event: 1.273 Thread 0x000002054ae9a8f0 Uncommon trap: reason=class_check action=maybe_recompile pc=0x0000020539429bf0 method=java.io.DataInputStream.readFully([BII)V @ 30 c2
Event: 1.273 Thread 0x000002054ae9a8f0 DEOPT PACKING pc=0x0000020539429bf0 sp=0x000000c9203fb370
Event: 1.273 Thread 0x000002054ae9a8f0 DEOPT UNPACKING pc=0x0000020538cc9ea3 sp=0x000000c9203fb2a8 mode 2
Event: 1.274 Thread 0x000002054ae9a8f0 Uncommon trap: trap_request=0xffffffde fr.pc=0x0000020539429bf0 relative=0x0000000000001190
Event: 1.274 Thread 0x000002054ae9a8f0 Uncommon trap: reason=class_check action=maybe_recompile pc=0x0000020539429bf0 method=java.io.DataInputStream.readFully([BII)V @ 30 c2
Event: 1.274 Thread 0x000002054ae9a8f0 DEOPT PACKING pc=0x0000020539429bf0 sp=0x000000c9203fb370
Event: 1.274 Thread 0x000002054ae9a8f0 DEOPT UNPACKING pc=0x0000020538cc9ea3 sp=0x000000c9203fb2a8 mode 2
Event: 1.274 Thread 0x000002054ae9a8f0 Uncommon trap: trap_request=0xffffffde fr.pc=0x0000020539429bf0 relative=0x0000000000001190
Event: 1.274 Thread 0x000002054ae9a8f0 Uncommon trap: reason=class_check action=maybe_recompile pc=0x0000020539429bf0 method=java.io.DataInputStream.readFully([BII)V @ 30 c2
Event: 1.274 Thread 0x000002054ae9a8f0 DEOPT PACKING pc=0x0000020539429bf0 sp=0x000000c9203fb370
Event: 1.274 Thread 0x000002054ae9a8f0 DEOPT UNPACKING pc=0x0000020538cc9ea3 sp=0x000000c9203fb2a8 mode 2

Classes unloaded (0 events):
No events

Classes redefined (0 events):
No events

Internal exceptions (20 events):
Event: 0.467 Thread 0x000002052d3c0470 Exception <a 'java/io/FileNotFoundException'{0x00000000eb96fbd0}> (0x00000000eb96fbd0) 
thrown [s\src\hotspot\share\prims\jni.cpp, line 516]
Event: 0.640 Thread 0x000002052d3c0470 Exception <a 'java/lang/ClassNotFoundException'{0x00000000ec176bc0}: sun/net/www/protocol/c/Handler> (0x00000000ec176bc0) 
thrown [s\src\hotspot\share\classfile\systemDictionary.cpp, line 256]
Event: 0.641 Thread 0x000002052d3c0470 Exception <a 'java/lang/ClassNotFoundException'{0x00000000ec177ef0}: sun/net/www/protocol/c/Handler> (0x00000000ec177ef0) 
thrown [s\src\hotspot\share\classfile\systemDictionary.cpp, line 256]
Event: 0.641 Thread 0x000002052d3c0470 Exception <a 'java/lang/ClassNotFoundException'{0x00000000ec179048}: sun/net/www/protocol/c/Handler> (0x00000000ec179048) 
thrown [s\src\hotspot\share\classfile\systemDictionary.cpp, line 256]
Event: 0.646 Thread 0x000002052d3c0470 Exception <a 'java/io/FileNotFoundException'{0x00000000ec197e58}> (0x00000000ec197e58) 
thrown [s\src\hotspot\share\prims\jni.cpp, line 516]
Event: 0.680 Thread 0x000002052d3c0470 Implicit null exception at 0x0000020539402f5b to 0x00000205394038e0
Event: 0.680 Thread 0x000002052d3c0470 Implicit null exception at 0x000002053940ceec to 0x000002053940d0c8
Event: 0.680 Thread 0x000002052d3c0470 Implicit null exception at 0x000002053940c26c to 0x000002053940c43c
Event: 0.680 Thread 0x000002052d3c0470 Implicit null exception at 0x00000205393f1c8f to 0x00000205393f1d05
Event: 0.721 Thread 0x000002052d3c0470 Exception <a 'java/lang/NoSuchMethodError'{0x00000000eab635b8}: 'int java.lang.invoke.DirectMethodHandle$Holder.invokeStaticInit(java.lang.Object, java.lang.Object, java.lang.Object, java.lang.Object)'> (0x00000000eab635b8) 
thrown [s\src\hotspot\share\interpreter\linkResolver.cpp, line 759]
Event: 0.723 Thread 0x000002052d3c0470 Exception <a 'java/lang/NoSuchMethodError'{0x00000000eab6dd30}: 'java.lang.Object java.lang.invoke.DirectMethodHandle$Holder.invokeInterface(java.lang.Object, java.lang.Object)'> (0x00000000eab6dd30) 
thrown [s\src\hotspot\share\interpreter\linkResolver.cpp, line 759]
Event: 0.724 Thread 0x000002052d3c0470 Exception <a 'java/lang/IncompatibleClassChangeError'{0x00000000eab71528}: Found class java.lang.Object, but interface was expected> (0x00000000eab71528) 
thrown [s\src\hotspot\share\interpreter\linkResolver.cpp, line 826]
Event: 0.725 Thread 0x000002052d3c0470 Exception <a 'java/lang/NoSuchMethodError'{0x00000000eab75a20}: 'void java.lang.invoke.DirectMethodHandle$Holder.invokeStatic(java.lang.Object, java.lang.Object)'> (0x00000000eab75a20) 
thrown [s\src\hotspot\share\interpreter\linkResolver.cpp, line 759]
Event: 0.725 Thread 0x000002052d3c0470 Exception <a 'java/lang/NoSuchMethodError'{0x00000000eab79220}: 'void java.lang.invoke.DirectMethodHandle$Holder.invokeStaticInit(java.lang.Object, java.lang.Object)'> (0x00000000eab79220) 
thrown [s\src\hotspot\share\interpreter\linkResolver.cpp, line 759]
Event: 0.726 Thread 0x000002052d3c0470 Exception <a 'java/lang/NoSuchMethodError'{0x00000000eac009a8}: 'int java.lang.invoke.DirectMethodHandle$Holder.invokeStaticInit(java.lang.Object, java.lang.Object)'> (0x00000000eac009a8) 
thrown [s\src\hotspot\share\interpreter\linkResolver.cpp, line 759]
Event: 0.761 Thread 0x000002052d3c0470 Exception <a 'java/lang/NoSuchMethodError'{0x00000000ead27400}: 'void java.lang.invoke.DirectMethodHandle$Holder.invokeSpecial(java.lang.Object, java.lang.Object, java.lang.Object)'> (0x00000000ead27400) 
thrown [s\src\hotspot\share\interpreter\linkResolver.cpp, line 759]
Event: 0.963 Thread 0x000002052d3c0470 Exception <a 'java/lang/NoSuchMethodError'{0x00000000eb956ec0}: 'java.lang.Object java.lang.invoke.DirectMethodHandle$Holder.newInvokeSpecial(java.lang.Object, int, java.lang.Object)'> (0x00000000eb956ec0) 
thrown [s\src\hotspot\share\interpreter\linkResolver.cpp, line 759]
Event: 1.061 Thread 0x000002052d3c0470 Exception <a 'java/lang/UnsatisfiedLinkError'{0x00000000ebe82e68}: 'void org.eclipse.equinox.launcher.JNIBridge._update_splash()'> (0x00000000ebe82e68) 
thrown [s\src\hotspot\share\prims\nativeLookup.cpp, line 543]
Event: 1.099 Thread 0x000002054ae9a8f0 Exception <a 'java/lang/NoSuchMethodError'{0x00000000ec15b500}: 'java.lang.Object java.lang.invoke.DirectMethodHandle$Holder.invokeStaticInit(java.lang.Object)'> (0x00000000ec15b500) 
thrown [s\src\hotspot\share\interpreter\linkResolver.cpp, line 759]
Event: 1.263 Thread 0x000002054ae9a8f0 Exception <a 'java/io/FileNotFoundException'{0x00000000eb49c578}> (0x00000000eb49c578) 
thrown [s\src\hotspot\share\prims\jni.cpp, line 516]

VM Operations (20 events):
Event: 0.443 Executing VM operation: HandshakeAllThreads
Event: 0.443 Executing VM operation: HandshakeAllThreads done
Event: 0.624 Executing VM operation: HandshakeAllThreads
Event: 0.624 Executing VM operation: HandshakeAllThreads done
Event: 0.680 Executing VM operation: ICBufferFull
Event: 0.681 Executing VM operation: ICBufferFull done
Event: 0.703 Executing VM operation: ParallelGCFailedAllocation
Event: 0.708 Executing VM operation: ParallelGCFailedAllocation done
Event: 0.945 Executing VM operation: HandshakeAllThreads
Event: 0.945 Executing VM operation: HandshakeAllThreads done
Event: 0.946 Executing VM operation: HandshakeAllThreads
Event: 0.946 Executing VM operation: HandshakeAllThreads done
Event: 0.951 Executing VM operation: HandshakeAllThreads
Event: 0.951 Executing VM operation: HandshakeAllThreads done
Event: 0.959 Executing VM operation: HandshakeAllThreads
Event: 0.959 Executing VM operation: HandshakeAllThreads done
Event: 1.124 Executing VM operation: HandshakeAllThreads
Event: 1.124 Executing VM operation: HandshakeAllThreads done
Event: 1.155 Executing VM operation: ParallelGCFailedAllocation
Event: 1.160 Executing VM operation: ParallelGCFailedAllocation done

Events (20 events):
Event: 1.192 loading class java/util/TimerThread
Event: 1.192 loading class java/util/TimerThread done
Event: 1.192 loading class java/util/Timer$ThreadReaper
Event: 1.192 loading class java/util/Timer$ThreadReaper done
Event: 1.192 Thread 0x000002054ae99930 Thread added: 0x000002054ae99930
Event: 1.200 loading class java/util/concurrent/locks/ReentrantLock$FairSync
Event: 1.200 loading class java/util/concurrent/locks/ReentrantLock$FairSync done
Event: 1.200 loading class java/util/Collections$ReverseComparator
Event: 1.201 loading class java/util/Collections$ReverseComparator done
Event: 1.224 Thread 0x000002054a4b4680 Thread exited: 0x000002054a4b4680
Event: 1.226 loading class javax/xml/parsers/ParserConfigurationException
Event: 1.226 loading class javax/xml/parsers/ParserConfigurationException done
Event: 1.234 loading class java/lang/CloneNotSupportedException
Event: 1.234 loading class java/lang/CloneNotSupportedException done
Event: 1.245 loading class java/util/TreeMap$Values
Event: 1.245 loading class java/util/TreeMap$Values done
Event: 1.245 loading class java/util/TreeMap$ValueIterator
Event: 1.245 loading class java/util/TreeMap$ValueIterator done
Event: 1.263 loading class java/util/function/IntFunction
Event: 1.263 loading class java/util/function/IntFunction done


Dynamic libraries:
0x00007ff6ea710000 - 0x00007ff6ea71e000 	c:\Users\Admin\.vscode\extensions\redhat.java-1.21.0-win32-x64\jre\17.0.7-win32-x86_64\bin\java.exe
0x00007fffe0fb0000 - 0x00007fffe11c4000 	C:\WINDOWS\SYSTEM32\ntdll.dll
0x00007fffdf030000 - 0x00007fffdf0f2000 	C:\WINDOWS\System32\KERNEL32.DLL
0x00007fffde510000 - 0x00007fffde8b3000 	C:\WINDOWS\System32\KERNELBASE.dll
0x00007fffdeb00000 - 0x00007fffdec11000 	C:\WINDOWS\System32\ucrtbase.dll
0x00007fffc5100000 - 0x00007fffc5117000 	c:\Users\Admin\.vscode\extensions\redhat.java-1.21.0-win32-x64\jre\17.0.7-win32-x86_64\bin\jli.dll
0x00007fffdf4f0000 - 0x00007fffdf69a000 	C:\WINDOWS\System32\USER32.dll
0x00007fffde470000 - 0x00007fffde496000 	C:\WINDOWS\System32\win32u.dll
0x00007fffdf000000 - 0x00007fffdf029000 	C:\WINDOWS\System32\GDI32.dll
0x00007fffde9e0000 - 0x00007fffdeaf9000 	C:\WINDOWS\System32\gdi32full.dll
0x00007fffde940000 - 0x00007fffde9da000 	C:\WINDOWS\System32\msvcp_win.dll
0x00007fffc4b20000 - 0x00007fffc4b39000 	c:\Users\Admin\.vscode\extensions\redhat.java-1.21.0-win32-x64\jre\17.0.7-win32-x86_64\bin\VCRUNTIME140.dll
0x00007fffb8040000 - 0x00007fffb82ce000 	C:\WINDOWS\WinSxS\amd64_microsoft.windows.common-controls_6595b64144ccf1df_6.0.22621.1635_none_270f70857386168e\COMCTL32.dll
0x00007fffdedd0000 - 0x00007fffdee77000 	C:\WINDOWS\System32\msvcrt.dll
0x00007fffded90000 - 0x00007fffdedc1000 	C:\WINDOWS\System32\IMM32.DLL
0x00007fffd9d10000 - 0x00007fffd9d1c000 	c:\Users\Admin\.vscode\extensions\redhat.java-1.21.0-win32-x64\jre\17.0.7-win32-x86_64\bin\vcruntime140_1.dll
0x00007fff895d0000 - 0x00007fff89661000 	c:\Users\Admin\.vscode\extensions\redhat.java-1.21.0-win32-x64\jre\17.0.7-win32-x86_64\bin\msvcp140.dll
0x00007fff78630000 - 0x00007fff79278000 	c:\Users\Admin\.vscode\extensions\redhat.java-1.21.0-win32-x64\jre\17.0.7-win32-x86_64\bin\server\jvm.dll
0x00007fffdf100000 - 0x00007fffdf1ae000 	C:\WINDOWS\System32\ADVAPI32.dll
0x00007fffdf3d0000 - 0x00007fffdf474000 	C:\WINDOWS\System32\sechost.dll
0x00007fffdf1b0000 - 0x00007fffdf2c7000 	C:\WINDOWS\System32\RPCRT4.dll
0x00007fffcd940000 - 0x00007fffcd949000 	C:\WINDOWS\SYSTEM32\WSOCK32.dll
0x00007fffd7770000 - 0x00007fffd77a4000 	C:\WINDOWS\SYSTEM32\WINMM.dll
0x00007fffdef20000 - 0x00007fffdef91000 	C:\WINDOWS\System32\WS2_32.dll
0x00007fffd7bc0000 - 0x00007fffd7bca000 	C:\WINDOWS\SYSTEM32\VERSION.dll
0x00007fffdd4a0000 - 0x00007fffdd4b8000 	C:\WINDOWS\SYSTEM32\kernel.appcore.dll
0x00007fffd9190000 - 0x00007fffd919a000 	c:\Users\Admin\.vscode\extensions\redhat.java-1.21.0-win32-x64\jre\17.0.7-win32-x86_64\bin\jimage.dll
0x00007fffdbd20000 - 0x00007fffdbf4e000 	C:\WINDOWS\SYSTEM32\DBGHELP.DLL
0x00007fffe03e0000 - 0x00007fffe0769000 	C:\WINDOWS\System32\combase.dll
0x00007fffe0130000 - 0x00007fffe0207000 	C:\WINDOWS\System32\OLEAUT32.dll
0x00007fffc6b10000 - 0x00007fffc6b42000 	C:\WINDOWS\SYSTEM32\dbgcore.DLL
0x00007fffde8c0000 - 0x00007fffde93a000 	C:\WINDOWS\System32\bcryptPrimitives.dll
0x00007fffd8d70000 - 0x00007fffd8d7e000 	c:\Users\Admin\.vscode\extensions\redhat.java-1.21.0-win32-x64\jre\17.0.7-win32-x86_64\bin\instrument.dll
0x00007fffad900000 - 0x00007fffad925000 	c:\Users\Admin\.vscode\extensions\redhat.java-1.21.0-win32-x64\jre\17.0.7-win32-x86_64\bin\java.dll
0x00007fffc4b00000 - 0x00007fffc4b18000 	c:\Users\Admin\.vscode\extensions\redhat.java-1.21.0-win32-x64\jre\17.0.7-win32-x86_64\bin\zip.dll
0x00007fffe0770000 - 0x00007fffe0f69000 	C:\WINDOWS\System32\SHELL32.dll
0x00007fffdc350000 - 0x00007fffdcc1e000 	C:\WINDOWS\SYSTEM32\windows.storage.dll
0x00007fffdc210000 - 0x00007fffdc34e000 	C:\WINDOWS\SYSTEM32\wintypes.dll
0x00007fffdf2d0000 - 0x00007fffdf3c1000 	C:\WINDOWS\System32\SHCORE.dll
0x00007fffdf850000 - 0x00007fffdf8ae000 	C:\WINDOWS\System32\shlwapi.dll
0x00007fffde2e0000 - 0x00007fffde306000 	C:\WINDOWS\SYSTEM32\profapi.dll
0x00007fffad8e0000 - 0x00007fffad8f9000 	C:\Users\Admin\.vscode\extensions\redhat.java-1.21.0-win32-x64\jre\17.0.7-win32-x86_64\bin\net.dll
0x00007fffd79a0000 - 0x00007fffd7ad7000 	C:\WINDOWS\SYSTEM32\WINHTTP.dll
0x00007fffdd920000 - 0x00007fffdd989000 	C:\WINDOWS\system32\mswsock.dll
0x00007fffa8ad0000 - 0x00007fffa8ae5000 	C:\Users\Admin\.vscode\extensions\redhat.java-1.21.0-win32-x64\jre\17.0.7-win32-x86_64\bin\nio.dll
0x00007fffd77f0000 - 0x00007fffd7800000 	c:\Users\Admin\.vscode\extensions\redhat.java-1.21.0-win32-x64\jre\17.0.7-win32-x86_64\bin\verify.dll
0x00007fffa0d20000 - 0x00007fffa0d5e000 	C:\Users\Admin\AppData\Roaming\Code\User\globalStorage\redhat.java\1.21.0\config_ss_win\org.eclipse.equinox.launcher\org.eclipse.equinox.launcher.win32.win32.x86_64_1.2.700.v20221108-1024\eclipse_11801.dll
0x00007fffdf6a0000 - 0x00007fffdf83c000 	C:\WINDOWS\System32\ole32.dll

dbghelp: loaded successfully - version: 4.0.5 - missing functions: none
symbol engine: initialized successfully - sym options: 0x614 - pdb path: .;c:\Users\Admin\.vscode\extensions\redhat.java-1.21.0-win32-x64\jre\17.0.7-win32-x86_64\bin;C:\WINDOWS\SYSTEM32;C:\WINDOWS\WinSxS\amd64_microsoft.windows.common-controls_6595b64144ccf1df_6.0.22621.1635_none_270f70857386168e;c:\Users\Admin\.vscode\extensions\redhat.java-1.21.0-win32-x64\jre\17.0.7-win32-x86_64\bin\server;C:\Users\Admin\AppData\Roaming\Code\User\globalStorage\redhat.java\1.21.0\config_ss_win\org.eclipse.equinox.launcher\org.eclipse.equinox.launcher.win32.win32.x86_64_1.2.700.v20221108-1024

VM Arguments:
jvm_args: --add-modules=ALL-SYSTEM --add-opens=java.base/java.util=ALL-UNNAMED --add-opens=java.base/java.lang=ALL-UNNAMED --add-opens=java.base/sun.nio.fs=ALL-UNNAMED -Declipse.application=org.eclipse.jdt.ls.core.id1 -Dosgi.bundles.defaultStartLevel=4 -Declipse.product=org.eclipse.jdt.ls.core.product -Djava.import.generatesMetadataFilesAtProjectRoot=false -Dfile.encoding=utf8 -XX:+UseParallelGC -XX:GCTimeRatio=4 -XX:AdaptiveSizePolicyWeight=90 -Dsun.zip.disableMemoryMapping=true -Xmx1G -Xms100m -Xlog:disable -javaagent:c:\Users\Admin\.vscode\extensions\redhat.java-1.21.0-win32-x64\lombok\lombok-1.18.28.jar 
java_command: c:\Users\Admin\.vscode\extensions\redhat.java-1.21.0-win32-x64\server\plugins\org.eclipse.equinox.launcher_1.6.500.v20230717-2134.jar -configuration c:\Users\Admin\AppData\Roaming\Code\User\globalStorage\redhat.java\1.21.0\config_ss_win -data c:\Users\Admin\AppData\Roaming\Code\User\workspaceStorage\e7c62a26f5fb9af6089d468b08576148\redhat.java\ss_ws
java_class_path (initial): c:\Users\Admin\.vscode\extensions\redhat.java-1.21.0-win32-x64\server\plugins\org.eclipse.equinox.launcher_1.6.500.v20230717-2134.jar
Launcher Type: SUN_STANDARD

[Global flags]
    uintx AdaptiveSizePolicyWeight                 = 90                                        {product} {command line}
     intx CICompilerCount                          = 12                                        {product} {ergonomic}
    uintx GCTimeRatio                              = 4                                         {product} {command line}
   size_t InitialHeapSize                          = 104857600                                 {product} {command line}
   size_t MaxHeapSize                              = 1073741824                                {product} {command line}
   size_t MaxNewSize                               = 357564416                                 {product} {ergonomic}
   size_t MinHeapDeltaBytes                        = 524288                                    {product} {ergonomic}
   size_t MinHeapSize                              = 104857600                                 {product} {command line}
   size_t NewSize                                  = 34603008                                  {product} {ergonomic}
    uintx NonNMethodCodeHeapSize                   = 7602480                                {pd product} {ergonomic}
    uintx NonProfiledCodeHeapSize                  = 122027880                              {pd product} {ergonomic}
   size_t OldSize                                  = 70254592                                  {product} {ergonomic}
    uintx ProfiledCodeHeapSize                     = 122027880                              {pd product} {ergonomic}
    uintx ReservedCodeCacheSize                    = 251658240                              {pd product} {ergonomic}
     bool SegmentedCodeCache                       = true                                      {product} {ergonomic}
   size_t SoftMaxHeapSize                          = 1073741824                             {manageable} {ergonomic}
     bool UseCompressedClassPointers               = true                           {product lp64_product} {ergonomic}
     bool UseCompressedOops                        = true                           {product lp64_product} {ergonomic}
     bool UseLargePagesIndividualAllocation        = false                                  {pd product} {ergonomic}
     bool UseParallelGC                            = true                                      {product} {command line}

Logging:
Log output configuration:
 #0: stdout all=off uptime,level,tags
 #1: stderr all=off uptime,level,tags

Environment Variables:
JAVA_HOME=C:\Program Files\Java\jdk-14.0.2
PATH=C:\Program Files\Python310\Scripts\;C:\Program Files\Python310\;C:\Program Files\Python38\Scripts\;C:\Program Files\Python38\;C:\WINDOWS\system32;C:\WINDOWS;C:\WINDOWS\System32\Wbem;C:\WINDOWS\System32\WindowsPowerShell\v1.0\;C:\WINDOWS\System32\OpenSSH\;C:\Program Files\Microsoft SQL Server\Client SDK\ODBC\110\Tools\Binn\;C:\Program Files (x86)\Microsoft SQL Server\120\Tools\Binn\;C:\Program Files\Microsoft SQL Server\120\Tools\Binn\;C:\Program Files\Microsoft SQL Server\120\DTS\Binn\;C:\Program Files (x86)\Microsoft SQL Server\120\Tools\Binn\ManagementStudio\;C:\Program Files (x86)\Microsoft SQL Server\120\DTS\Binn\;C:\Program Files\Java\jdk-11.0.2\bin;C:\tomcat\apache-tomcat-9.0.63\bin;C:\Program Files\dotnet\;C:\Program Files\Microsoft SQL Server\150\Tools\Binn\;C:\Program Files\Microsoft SQL Server\Client SDK\ODBC\170\Tools\Binn\;C:\Program Files\nodejs\;C:\Program Files\Microsoft SQL Server\130\Tools\Binn\;C:\WINDOWS\system32;C:\WINDOWS;C:\WINDOWS\System32\Wbem;C:\WINDOWS\System32\WindowsPowerShell\v1.0\;C:\WINDOWS\System32\OpenSSH\;C:\Program Files\MongoDB\Server\5.0\bin;C:\Users\Admin\AppData\Local\Microsoft\WindowsApps;;C:\Users\Admin\AppData\Local\Programs\Microsoft VS Code\bin;C:\Users\Admin\.dotnet\tools;C:\Users\Admin\AppData\Roaming\npm
USERNAME=Admin
OS=Windows_NT
PROCESSOR_IDENTIFIER=Intel64 Family 6 Model 141 Stepping 1, GenuineIntel
TMP=C:\Users\Admin\AppData\Local\Temp
TEMP=C:\Users\Admin\AppData\Local\Temp



---------------  S Y S T E M  ---------------

OS:
 Windows 11 , 64 bit Build 22621 (10.0.22621.1928)
OS uptime: 0 days 2:46 hours
Hyper-V role detected

CPU: total 16 (initial active 16) (8 cores per cpu, 2 threads per core) family 6 model 141 stepping 1 microcode 0x32, cx8, cmov, fxsr, ht, mmx, 3dnowpref, sse, sse2, sse3, ssse3, sse4.1, sse4.2, popcnt, lzcnt, tsc, tscinvbit, avx, avx2, aes, erms, clmul, bmi1, bmi2, adx, avx512f, avx512dq, avx512cd, avx512bw, avx512vl, sha, fma, vzeroupper, avx512_vpopcntdq, avx512_vpclmulqdq, avx512_vaes, avx512_vnni, clflush, clflushopt, clwb, avx512_vbmi2, avx512_vbmi, hv

Memory: 4k page, system-wide physical 16085M (1506M free)
TotalPageFile size 18133M (AvailPageFile size 12M)
current process WorkingSet (physical memory assigned to process): 95M, peak: 95M
current process commit charge ("private bytes"): 227M, peak: 227M

vm_info: OpenJDK 64-Bit Server VM (17.0.7+7) for windows-amd64 JRE (17.0.7+7), built on Apr 18 2023 22:10:42 by "temurin" with MS VC++ 16.7 (VS2019)

END.
