#
# There is insufficient memory for the Java Runtime Environment to continue.
# Native memory allocation (malloc) failed to allocate 32744 bytes for ChunkPool::allocate
# Possible reasons:
#   The system is out of physical RAM or swap space
#   The process is running with CompressedOops enabled, and the Java Heap may be blocking the growth of the native heap
# Possible solutions:
#   Reduce memory load on the system
#   Increase physical memory or swap space
#   Check if swap backing store is full
#   Decrease Java heap size (-Xmx/-Xms)
#   Decrease number of Java threads
#   Decrease Java thread stack sizes (-Xss)
#   Set larger code cache with -XX:ReservedCodeCacheSize=
#   JVM is running with Unscaled Compressed Oops mode in which the Java heap is
#     placed in the first 4GB address space. The Java Heap base address is the
#     maximum limit for the native heap growth. Please use -XX:HeapBaseMinAddress
#     to set the Java Heap base and to place the Java Heap above 4GB virtual address.
# This output file may be truncated or incomplete.
#
#  Out of Memory Error (arena.cpp:78), pid=9656, tid=18488
#
# JRE version: OpenJDK Runtime Environment Temurin-17.0.7+7 (17.0.7+7) (build 17.0.7+7)
# Java VM: OpenJDK 64-Bit Server VM Temurin-17.0.7+7 (17.0.7+7, mixed mode, tiered, compressed oops, compressed class ptrs, parallel gc, windows-amd64)
# No core dump will be written. Minidumps are not enabled by default on client versions of Windows
#

---------------  S U M M A R Y ------------

Command Line: --add-modules=ALL-SYSTEM --add-opens=java.base/java.util=ALL-UNNAMED --add-opens=java.base/java.lang=ALL-UNNAMED --add-opens=java.base/sun.nio.fs=ALL-UNNAMED -Declipse.application=org.eclipse.jdt.ls.core.id1 -Dosgi.bundles.defaultStartLevel=4 -Declipse.product=org.eclipse.jdt.ls.core.product -Djava.import.generatesMetadataFilesAtProjectRoot=false -Dfile.encoding=utf8 -XX:+UseParallelGC -XX:GCTimeRatio=4 -XX:AdaptiveSizePolicyWeight=90 -Dsun.zip.disableMemoryMapping=true -Xmx1G -Xms100m -Xlog:disable -javaagent:c:\Users\Admin\.vscode\extensions\redhat.java-1.21.0-win32-x64\lombok\lombok-1.18.28.jar c:\Users\Admin\.vscode\extensions\redhat.java-1.21.0-win32-x64\server\plugins\org.eclipse.equinox.launcher_1.6.500.v20230717-2134.jar -configuration c:\Users\Admin\AppData\Roaming\Code\User\globalStorage\redhat.java\1.21.0\config_ss_win -data c:\Users\Admin\AppData\Roaming\Code\User\workspaceStorage\e7c62a26f5fb9af6089d468b08576148\redhat.java\ss_ws

Host: 11th Gen Intel(R) Core(TM) i7-11800H @ 2.30GHz, 16 cores, 15G,  Windows 11 , 64 bit Build 22621 (10.0.22621.1928)
Time: Thu Aug 10 09:32:45 2023 SE Asia Standard Time elapsed time: 37.848822 seconds (0d 0h 0m 37s)

---------------  T H R E A D  ---------------

Current thread (0x000001a7d1631200):  JavaThread "C2 CompilerThread2" daemon [_thread_in_native, id=18488, stack(0x000000a3e5c00000,0x000000a3e5d00000)]


Current CompileTask:
C2:  37848 4179       4       org.eclipse.core.internal.dtree.DataTreeWriter::writeNode (182 bytes)

Stack: [0x000000a3e5c00000,0x000000a3e5d00000]
Native frames: (J=compiled Java code, j=interpreted, Vv=VM code, C=native code)
V  [jvm.dll+0x67754a]
V  [jvm.dll+0x834304]
V  [jvm.dll+0x835aae]
V  [jvm.dll+0x836113]
V  [jvm.dll+0x24696f]
V  [jvm.dll+0xac2cc]
V  [jvm.dll+0xac67c]
V  [jvm.dll+0x341a5a]
V  [jvm.dll+0x3429eb]
V  [jvm.dll+0x34ad39]
V  [jvm.dll+0x1a8a97]
V  [jvm.dll+0x2ace54]
V  [jvm.dll+0x68f857]
V  [jvm.dll+0x68794b]
V  [jvm.dll+0x686f87]
V  [jvm.dll+0x684e82]
V  [jvm.dll+0x1a7fdc]
V  [jvm.dll+0x1a8ba6]
V  [jvm.dll+0x1a8ba6]
V  [jvm.dll+0x2ace54]
V  [jvm.dll+0x68f857]
V  [jvm.dll+0x68794b]
V  [jvm.dll+0x686f87]
V  [jvm.dll+0x684e82]
V  [jvm.dll+0x1a7fdc]
V  [jvm.dll+0x1a8ba6]
V  [jvm.dll+0x1a8ba6]
V  [jvm.dll+0x2ace54]
V  [jvm.dll+0x68f857]
V  [jvm.dll+0x68794b]
V  [jvm.dll+0x686f87]
V  [jvm.dll+0x684e82]
V  [jvm.dll+0x1a7fdc]
V  [jvm.dll+0x1a8ba6]
V  [jvm.dll+0x1a8ba6]
V  [jvm.dll+0x2ace54]
V  [jvm.dll+0x68f857]
V  [jvm.dll+0x68794b]
V  [jvm.dll+0x686f87]
V  [jvm.dll+0x684e82]
V  [jvm.dll+0x1a7fdc]
V  [jvm.dll+0x1a8ba6]
V  [jvm.dll+0x2ace54]
V  [jvm.dll+0x68f857]
V  [jvm.dll+0x68794b]
V  [jvm.dll+0x686f87]
V  [jvm.dll+0x684e82]
V  [jvm.dll+0x1a7fdc]
V  [jvm.dll+0x1a8ba6]
V  [jvm.dll+0x2ace54]
V  [jvm.dll+0x68f857]
V  [jvm.dll+0x68794b]
V  [jvm.dll+0x686f87]
V  [jvm.dll+0x684e82]
V  [jvm.dll+0x1a7fdc]
V  [jvm.dll+0x218628]
V  [jvm.dll+0x1a4d8d]
V  [jvm.dll+0x2284da]
V  [jvm.dll+0x226615]
V  [jvm.dll+0x7ea90b]
V  [jvm.dll+0x7e4e7a]
V  [jvm.dll+0x676395]
C  [ucrtbase.dll+0x29363]
C  [KERNEL32.DLL+0x126ad]
C  [ntdll.dll+0x5aa68]


---------------  P R O C E S S  ---------------

Threads class SMR info:
_java_thread_list=0x000001a7d20e9070, length=29, elements={
0x000001a7b48210e0, 0x000001a7cda68020, 0x000001a7cda69080, 0x000001a7c869df20,
0x000001a7c869e8e0, 0x000001a7cda8afc0, 0x000001a7cda8bb70, 0x000001a7cda91960,
0x000001a7cda96840, 0x000001a7cda981b0, 0x000001a7cdbc1ee0, 0x000001a7cf942240,
0x000001a7d00ee1f0, 0x000001a7cdd1fa50, 0x000001a7cfade960, 0x000001a7d0346110,
0x000001a7d04ec940, 0x000001a7d06203a0, 0x000001a7d0620870, 0x000001a7d061f530,
0x000001a7d0621210, 0x000001a7d0622550, 0x000001a7d061fa00, 0x000001a7d0622080,
0x000001a7d061fed0, 0x000001a7d06216e0, 0x000001a7d1633a80, 0x000001a7d1632640,
0x000001a7d1631200
}

Java Threads: ( => current thread )
  0x000001a7b48210e0 JavaThread "main" [_thread_blocked, id=21580, stack(0x000000a3e3900000,0x000000a3e3a00000)]
  0x000001a7cda68020 JavaThread "Reference Handler" daemon [_thread_blocked, id=17192, stack(0x000000a3e3c00000,0x000000a3e3d00000)]
  0x000001a7cda69080 JavaThread "Finalizer" daemon [_thread_blocked, id=3664, stack(0x000000a3e3d00000,0x000000a3e3e00000)]
  0x000001a7c869df20 JavaThread "Signal Dispatcher" daemon [_thread_blocked, id=18004, stack(0x000000a3e3e00000,0x000000a3e3f00000)]
  0x000001a7c869e8e0 JavaThread "Attach Listener" daemon [_thread_blocked, id=14800, stack(0x000000a3e3f00000,0x000000a3e4000000)]
  0x000001a7cda8afc0 JavaThread "Service Thread" daemon [_thread_blocked, id=10912, stack(0x000000a3e4000000,0x000000a3e4100000)]
  0x000001a7cda8bb70 JavaThread "Monitor Deflation Thread" daemon [_thread_blocked, id=23392, stack(0x000000a3e4100000,0x000000a3e4200000)]
  0x000001a7cda91960 JavaThread "C2 CompilerThread0" daemon [_thread_in_native, id=3268, stack(0x000000a3e4200000,0x000000a3e4300000)]
  0x000001a7cda96840 JavaThread "C1 CompilerThread0" daemon [_thread_blocked, id=15268, stack(0x000000a3e4300000,0x000000a3e4400000)]
  0x000001a7cda981b0 JavaThread "Sweeper thread" daemon [_thread_blocked, id=17876, stack(0x000000a3e4400000,0x000000a3e4500000)]
  0x000001a7cdbc1ee0 JavaThread "Common-Cleaner" daemon [_thread_blocked, id=17996, stack(0x000000a3e4500000,0x000000a3e4600000)]
  0x000001a7cf942240 JavaThread "Notification Thread" daemon [_thread_blocked, id=9004, stack(0x000000a3e4a00000,0x000000a3e4b00000)]
  0x000001a7d00ee1f0 JavaThread "Active Thread: Equinox Container: 602058e8-6f93-4c77-86d5-d4e4066d50b8" [_thread_blocked, id=22452, stack(0x000000a3e5300000,0x000000a3e5400000)]
  0x000001a7cdd1fa50 JavaThread "Framework Event Dispatcher: Equinox Container: 602058e8-6f93-4c77-86d5-d4e4066d50b8" daemon [_thread_blocked, id=14988, stack(0x000000a3e4700000,0x000000a3e4800000)]
  0x000001a7cfade960 JavaThread "Start Level: Equinox Container: 602058e8-6f93-4c77-86d5-d4e4066d50b8" daemon [_thread_blocked, id=14576, stack(0x000000a3e4900000,0x000000a3e4a00000)]
  0x000001a7d0346110 JavaThread "SCR Component Actor" daemon [_thread_blocked, id=12196, stack(0x000000a3e4c00000,0x000000a3e4d00000)]
  0x000001a7d04ec940 JavaThread "Worker-JM" [_thread_blocked, id=16612, stack(0x000000a3e5600000,0x000000a3e5700000)]
  0x000001a7d06203a0 JavaThread "Worker-0" [_thread_blocked, id=13184, stack(0x000000a3e5d00000,0x000000a3e5e00000)]
  0x000001a7d0620870 JavaThread "Worker-1" [_thread_blocked, id=3008, stack(0x000000a3e5e00000,0x000000a3e5f00000)]
  0x000001a7d061f530 JavaThread "Worker-2: Shutdown..." [_thread_in_Java, id=3456, stack(0x000000a3e6600000,0x000000a3e6700000)]
  0x000001a7d0621210 JavaThread "JNA Cleaner" daemon [_thread_blocked, id=20112, stack(0x000000a3e6700000,0x000000a3e6800000)]
  0x000001a7d0622550 JavaThread "pool-2-thread-1" [_thread_blocked, id=372, stack(0x000000a3e6800000,0x000000a3e6900000)]
  0x000001a7d061fa00 JavaThread "WorkspaceEventsHandler" [_thread_blocked, id=17472, stack(0x000000a3e6900000,0x000000a3e6a00000)]
  0x000001a7d0622080 JavaThread "pool-1-thread-1" [_thread_blocked, id=7012, stack(0x000000a3e6a00000,0x000000a3e6b00000)]
  0x000001a7d061fed0 JavaThread "ForkJoinPool.commonPool-worker-1" daemon [_thread_blocked, id=17752, stack(0x000000a3e4600000,0x000000a3e4700000)]
  0x000001a7d06216e0 JavaThread "pool-3-thread-1" [_thread_blocked, id=9160, stack(0x000000a3e5a00000,0x000000a3e5b00000)]
  0x000001a7d1633a80 JavaThread "C1 CompilerThread1" daemon [_thread_blocked, id=3832, stack(0x000000a3e4800000,0x000000a3e4900000)]
  0x000001a7d1632640 JavaThread "C2 CompilerThread1" daemon [_thread_in_native, id=10760, stack(0x000000a3e5b00000,0x000000a3e5c00000)]
=>0x000001a7d1631200 JavaThread "C2 CompilerThread2" daemon [_thread_in_native, id=18488, stack(0x000000a3e5c00000,0x000000a3e5d00000)]

Other Threads:
  0x000001a7b48decc0 VMThread "VM Thread" [stack: 0x000000a3e3b00000,0x000000a3e3c00000] [id=21864]
  0x000001a7cf94af90 WatcherThread [stack: 0x000000a3e4b00000,0x000000a3e4c00000] [id=6840]
  0x000001a7b4838680 GCTaskThread "GC Thread#0" [stack: 0x000000a3e3a00000,0x000000a3e3b00000] [id=12200]
  0x000001a7cfab53e0 GCTaskThread "GC Thread#1" [stack: 0x000000a3e4e00000,0x000000a3e4f00000] [id=13872]
  0x000001a7cfab5aa0 GCTaskThread "GC Thread#2" [stack: 0x000000a3e4f00000,0x000000a3e5000000] [id=2276]
  0x000001a7cfab5d50 GCTaskThread "GC Thread#3" [stack: 0x000000a3e5000000,0x000000a3e5100000] [id=2908]
  0x000001a7cfab6000 GCTaskThread "GC Thread#4" [stack: 0x000000a3e5100000,0x000000a3e5200000] [id=12244]
  0x000001a7d011cf80 GCTaskThread "GC Thread#5" [stack: 0x000000a3e5200000,0x000000a3e5300000] [id=10352]
  0x000001a7d02326d0 GCTaskThread "GC Thread#6" [stack: 0x000000a3e4d00000,0x000000a3e4e00000] [id=15328]
  0x000001a7d0232980 GCTaskThread "GC Thread#7" [stack: 0x000000a3e5400000,0x000000a3e5500000] [id=7444]
  0x000001a7d0515560 GCTaskThread "GC Thread#8" [stack: 0x000000a3e5700000,0x000000a3e5800000] [id=4972]
  0x000001a7d053b510 GCTaskThread "GC Thread#9" [stack: 0x000000a3e5800000,0x000000a3e5900000] [id=9392]
  0x000001a7d062cfd0 GCTaskThread "GC Thread#10" [stack: 0x000000a3e5f00000,0x000000a3e6000000] [id=11272]
  0x000001a7d07ff1f0 GCTaskThread "GC Thread#11" [stack: 0x000000a3e6000000,0x000000a3e6100000] [id=7896]
  0x000001a7d1b63a60 GCTaskThread "GC Thread#12" [stack: 0x000000a3e6200000,0x000000a3e6300000] [id=800]

Threads with active compile tasks:
C2 CompilerThread0    37883 4182       4       org.eclipse.core.internal.watson.ElementTreeWriter$1::writeData (25 bytes)
C2 CompilerThread1    37883 4183       4       org.eclipse.core.internal.resources.SaveManager::writeElement (36 bytes)
C2 CompilerThread2    37883 4179       4       org.eclipse.core.internal.dtree.DataTreeWriter::writeNode (182 bytes)

VM state: not at safepoint (normal execution)

VM Mutex/Monitor currently owned by a thread: None

Heap address: 0x00000000c0000000, size: 1024 MB, Compressed Oops mode: 32-bit

CDS archive(s) not mapped
Compressed class space mapped at: 0x0000000100000000-0x0000000140000000, reserved size: 1073741824
Narrow klass base: 0x0000000000000000, Narrow klass shift: 3, Narrow klass range: 0x140000000

GC Precious Log:
 CPUs: 16 total, 16 available
 Memory: 16085M
 Large Page Support: Disabled
 NUMA Support: Disabled
 Compressed Oops: Enabled (32-bit)
 Alignments: Space 512K, Generation 512K, Heap 2M
 Heap Min Capacity: 100M
 Heap Initial Capacity: 100M
 Heap Max Capacity: 1G
 Pre-touch: Disabled
 Parallel Workers: 13

Heap:
 PSYoungGen      total 24576K, used 19777K [0x00000000eab00000, 0x00000000ec600000, 0x0000000100000000)
  eden space 22016K, 79% used [0x00000000eab00000,0x00000000ebc08428,0x00000000ec080000)
  from space 2560K, 91% used [0x00000000ec380000,0x00000000ec5c8000,0x00000000ec600000)
  to   space 2560K, 0% used [0x00000000ec100000,0x00000000ec100000,0x00000000ec380000)
 ParOldGen       total 68608K, used 27995K [0x00000000c0000000, 0x00000000c4300000, 0x00000000eab00000)
  object space 68608K, 40% used [0x00000000c0000000,0x00000000c1b56c68,0x00000000c4300000)
 Metaspace       used 37337K, committed 38016K, reserved 1114112K
  class space    used 3799K, committed 4096K, reserved 1048576K

Card table byte_map: [0x000001a7b41c0000,0x000001a7b43d0000] _byte_map_base: 0x000001a7b3bc0000

Marking Bits: (ParMarkBitMap*) 0x00007ffb42b652c0
 Begin Bits: [0x000001a7c64a0000, 0x000001a7c74a0000)
 End Bits:   [0x000001a7c74a0000, 0x000001a7c84a0000)

Polling page: 0x000001a7b2790000

Metaspace:

Usage:
  Non-class:     32.75 MB used.
      Class:      3.71 MB used.
       Both:     36.46 MB used.

Virtual space:
  Non-class space:       64.00 MB reserved,      33.12 MB ( 52%) committed,  1 nodes.
      Class space:        1.00 GB reserved,       4.00 MB ( <1%) committed,  1 nodes.
             Both:        1.06 GB reserved,      37.12 MB (  3%) committed. 

Chunk freelists:
   Non-Class:  13.97 MB
       Class:  11.89 MB
        Both:  25.86 MB

MaxMetaspaceSize: unlimited
CompressedClassSpaceSize: 1.00 GB
Initial GC threshold: 21.00 MB
Current GC threshold: 58.38 MB
CDS: off
MetaspaceReclaimPolicy: balanced
 - commit_granule_bytes: 65536.
 - commit_granule_words: 8192.
 - virtual_space_node_default_size: 8388608.
 - enlarge_chunks_in_place: 1.
 - new_chunks_are_fully_committed: 0.
 - uncommit_free_chunks: 1.
 - use_allocation_guard: 0.
 - handle_deallocations: 1.


Internal statistics:

num_allocs_failed_limit: 6.
num_arena_births: 362.
num_arena_deaths: 14.
num_vsnodes_births: 2.
num_vsnodes_deaths: 0.
num_space_committed: 594.
num_space_uncommitted: 0.
num_chunks_returned_to_freelist: 20.
num_chunks_taken_from_freelist: 1526.
num_chunk_merges: 7.
num_chunk_splits: 992.
num_chunks_enlarged: 647.
num_inconsistent_stats: 0.

CodeHeap 'non-profiled nmethods': size=119168Kb used=2784Kb max_used=2784Kb free=116383Kb
 bounds [0x000001a7bf040000, 0x000001a7bf300000, 0x000001a7c64a0000]
CodeHeap 'profiled nmethods': size=119104Kb used=8590Kb max_used=8590Kb free=110514Kb
 bounds [0x000001a7b74a0000, 0x000001a7b7d10000, 0x000001a7be8f0000]
CodeHeap 'non-nmethods': size=7488Kb used=1848Kb max_used=3054Kb free=5640Kb
 bounds [0x000001a7be8f0000, 0x000001a7bec60000, 0x000001a7bf040000]
 total_blobs=4774 nmethods=4178 adapters=509
 compilation: enabled
              stopped_count=0, restarted_count=0
 full_count=0

Compilation events (20 events):
Event: 37.818 Thread 0x000001a7cda91960 nmethod 4164 0x000001a7bf2f2490 code [0x000001a7bf2f2620, 0x000001a7bf2f29c8]
Event: 37.818 Thread 0x000001a7cda91960 4172       4       java.io.OutputStream::write (34 bytes)
Event: 37.823 Thread 0x000001a7cda91960 nmethod 4172 0x000001a7bf2f2b90 code [0x000001a7bf2f2d40, 0x000001a7bf2f3308]
Event: 37.823 Thread 0x000001a7cda91960 4173       4       java.io.DataOutputStream::writeUTF (411 bytes)
Event: 37.823 Thread 0x000001a7d1632640 4174       4       java.io.DataOutputStream::writeByte (14 bytes)
Event: 37.826 Thread 0x000001a7d1632640 nmethod 4174 0x000001a7bf2f3690 code [0x000001a7bf2f3840, 0x000001a7bf2f3c48]
Event: 37.826 Thread 0x000001a7d1632640 4175       4       org.eclipse.core.internal.dtree.DataTreeWriter::writeNumber (47 bytes)
Event: 37.829 Thread 0x000001a7d1632640 nmethod 4175 0x000001a7bf2f3e90 code [0x000001a7bf2f4060, 0x000001a7bf2f45c8]
Event: 37.829 Thread 0x000001a7d1632640 4176       4       java.io.DataOutputStream::writeLong (118 bytes)
Event: 37.833 Thread 0x000001a7cda91960 nmethod 4173 0x000001a7bf2f4990 code [0x000001a7bf2f4b80, 0x000001a7bf2f5928]
Event: 37.833 Thread 0x000001a7cda91960 4178       4       org.eclipse.core.runtime.Path::equals (122 bytes)
Event: 37.834 Thread 0x000001a7d1631200 4179       4       org.eclipse.core.internal.dtree.DataTreeWriter::writeNode (182 bytes)
Event: 37.834 Thread 0x000001a7d1632640 nmethod 4176 0x000001a7bf2f6190 code [0x000001a7bf2f6340, 0x000001a7bf2f6928]
Event: 37.834 Thread 0x000001a7d1632640 4177       4       java.io.DataOutputStream::writeInt (62 bytes)
Event: 37.837 Thread 0x000001a7cda91960 nmethod 4178 0x000001a7bf2f6d90 code [0x000001a7bf2f6f20, 0x000001a7bf2f7318]
Event: 37.837 Thread 0x000001a7cda91960 4180       4       java.io.DataOutputStream::writeUTF (7 bytes)
Event: 37.837 Thread 0x000001a7cda91960 nmethod 4180 0x000001a7bf2f7490 code [0x000001a7bf2f7620, 0x000001a7bf2f76c8]
Event: 37.837 Thread 0x000001a7cda91960 4182       4       org.eclipse.core.internal.watson.ElementTreeWriter$1::writeData (25 bytes)
Event: 37.839 Thread 0x000001a7d1632640 nmethod 4177 0x000001a7bf2f7790 code [0x000001a7bf2f7940, 0x000001a7bf2f7ee8]
Event: 37.839 Thread 0x000001a7d1632640 4183       4       org.eclipse.core.internal.resources.SaveManager::writeElement (36 bytes)

GC Heap History (20 events):
Event: 4.781 GC heap before
{Heap before GC invocations=9 (full 1):
 PSYoungGen      total 26112K, used 26105K [0x00000000eab00000, 0x00000000ec800000, 0x0000000100000000)
  eden space 24064K, 100% used [0x00000000eab00000,0x00000000ec280000,0x00000000ec280000)
  from space 2048K, 99% used [0x00000000ec500000,0x00000000ec6fe690,0x00000000ec700000)
  to   space 1024K, 0% used [0x00000000ec700000,0x00000000ec700000,0x00000000ec800000)
 ParOldGen       total 68608K, used 12588K [0x00000000c0000000, 0x00000000c4300000, 0x00000000eab00000)
  object space 68608K, 18% used [0x00000000c0000000,0x00000000c0c4b1d8,0x00000000c4300000)
 Metaspace       used 31292K, committed 31872K, reserved 1114112K
  class space    used 3071K, committed 3328K, reserved 1048576K
}
Event: 4.783 GC heap after
{Heap after GC invocations=9 (full 1):
 PSYoungGen      total 24576K, used 1012K [0x00000000eab00000, 0x00000000ec800000, 0x0000000100000000)
  eden space 23552K, 0% used [0x00000000eab00000,0x00000000eab00000,0x00000000ec200000)
  from space 1024K, 98% used [0x00000000ec700000,0x00000000ec7fd0e0,0x00000000ec800000)
  to   space 3072K, 0% used [0x00000000ec200000,0x00000000ec200000,0x00000000ec500000)
 ParOldGen       total 68608K, used 14319K [0x00000000c0000000, 0x00000000c4300000, 0x00000000eab00000)
  object space 68608K, 20% used [0x00000000c0000000,0x00000000c0dfbf38,0x00000000c4300000)
 Metaspace       used 31292K, committed 31872K, reserved 1114112K
  class space    used 3071K, committed 3328K, reserved 1048576K
}
Event: 5.076 GC heap before
{Heap before GC invocations=10 (full 1):
 PSYoungGen      total 24576K, used 24564K [0x00000000eab00000, 0x00000000ec800000, 0x0000000100000000)
  eden space 23552K, 100% used [0x00000000eab00000,0x00000000ec200000,0x00000000ec200000)
  from space 1024K, 98% used [0x00000000ec700000,0x00000000ec7fd0e0,0x00000000ec800000)
  to   space 3072K, 0% used [0x00000000ec200000,0x00000000ec200000,0x00000000ec500000)
 ParOldGen       total 68608K, used 14322K [0x00000000c0000000, 0x00000000c4300000, 0x00000000eab00000)
  object space 68608K, 20% used [0x00000000c0000000,0x00000000c0dfc9c0,0x00000000c4300000)
 Metaspace       used 35107K, committed 35712K, reserved 1114112K
  class space    used 3550K, committed 3840K, reserved 1048576K
}
Event: 5.077 GC heap after
{Heap after GC invocations=10 (full 1):
 PSYoungGen      total 26624K, used 2262K [0x00000000eab00000, 0x00000000ec780000, 0x0000000100000000)
  eden space 23552K, 0% used [0x00000000eab00000,0x00000000eab00000,0x00000000ec200000)
  from space 3072K, 73% used [0x00000000ec200000,0x00000000ec435a80,0x00000000ec500000)
  to   space 2560K, 0% used [0x00000000ec500000,0x00000000ec500000,0x00000000ec780000)
 ParOldGen       total 68608K, used 14918K [0x00000000c0000000, 0x00000000c4300000, 0x00000000eab00000)
  object space 68608K, 21% used [0x00000000c0000000,0x00000000c0e91b78,0x00000000c4300000)
 Metaspace       used 35107K, committed 35712K, reserved 1114112K
  class space    used 3550K, committed 3840K, reserved 1048576K
}
Event: 5.081 GC heap before
{Heap before GC invocations=11 (full 1):
 PSYoungGen      total 26624K, used 3132K [0x00000000eab00000, 0x00000000ec780000, 0x0000000100000000)
  eden space 23552K, 3% used [0x00000000eab00000,0x00000000eabd9730,0x00000000ec200000)
  from space 3072K, 73% used [0x00000000ec200000,0x00000000ec435a80,0x00000000ec500000)
  to   space 2560K, 0% used [0x00000000ec500000,0x00000000ec500000,0x00000000ec780000)
 ParOldGen       total 68608K, used 14918K [0x00000000c0000000, 0x00000000c4300000, 0x00000000eab00000)
  object space 68608K, 21% used [0x00000000c0000000,0x00000000c0e91b78,0x00000000c4300000)
 Metaspace       used 35193K, committed 35840K, reserved 1114112K
  class space    used 3564K, committed 3840K, reserved 1048576K
}
Event: 5.082 GC heap after
{Heap after GC invocations=11 (full 1):
 PSYoungGen      total 25600K, used 1830K [0x00000000eab00000, 0x00000000ec700000, 0x0000000100000000)
  eden space 23552K, 0% used [0x00000000eab00000,0x00000000eab00000,0x00000000ec200000)
  from space 2048K, 89% used [0x00000000ec500000,0x00000000ec6c9a70,0x00000000ec700000)
  to   space 2048K, 0% used [0x00000000ec300000,0x00000000ec300000,0x00000000ec500000)
 ParOldGen       total 68608K, used 15393K [0x00000000c0000000, 0x00000000c4300000, 0x00000000eab00000)
  object space 68608K, 22% used [0x00000000c0000000,0x00000000c0f084a8,0x00000000c4300000)
 Metaspace       used 35193K, committed 35840K, reserved 1114112K
  class space    used 3564K, committed 3840K, reserved 1048576K
}
Event: 5.082 GC heap before
{Heap before GC invocations=12 (full 2):
 PSYoungGen      total 25600K, used 1830K [0x00000000eab00000, 0x00000000ec700000, 0x0000000100000000)
  eden space 23552K, 0% used [0x00000000eab00000,0x00000000eab00000,0x00000000ec200000)
  from space 2048K, 89% used [0x00000000ec500000,0x00000000ec6c9a70,0x00000000ec700000)
  to   space 2048K, 0% used [0x00000000ec300000,0x00000000ec300000,0x00000000ec500000)
 ParOldGen       total 68608K, used 15393K [0x00000000c0000000, 0x00000000c4300000, 0x00000000eab00000)
  object space 68608K, 22% used [0x00000000c0000000,0x00000000c0f084a8,0x00000000c4300000)
 Metaspace       used 35193K, committed 35840K, reserved 1114112K
  class space    used 3564K, committed 3840K, reserved 1048576K
}
Event: 5.098 GC heap after
{Heap after GC invocations=12 (full 2):
 PSYoungGen      total 25600K, used 0K [0x00000000eab00000, 0x00000000ec700000, 0x0000000100000000)
  eden space 23552K, 0% used [0x00000000eab00000,0x00000000eab00000,0x00000000ec200000)
  from space 2048K, 0% used [0x00000000ec500000,0x00000000ec500000,0x00000000ec700000)
  to   space 2048K, 0% used [0x00000000ec300000,0x00000000ec300000,0x00000000ec500000)
 ParOldGen       total 68608K, used 16755K [0x00000000c0000000, 0x00000000c4300000, 0x00000000eab00000)
  object space 68608K, 24% used [0x00000000c0000000,0x00000000c105cd70,0x00000000c4300000)
 Metaspace       used 35193K, committed 35840K, reserved 1114112K
  class space    used 3564K, committed 3840K, reserved 1048576K
}
Event: 5.250 GC heap before
{Heap before GC invocations=13 (full 2):
 PSYoungGen      total 25600K, used 23552K [0x00000000eab00000, 0x00000000ec700000, 0x0000000100000000)
  eden space 23552K, 100% used [0x00000000eab00000,0x00000000ec200000,0x00000000ec200000)
  from space 2048K, 0% used [0x00000000ec500000,0x00000000ec500000,0x00000000ec700000)
  to   space 2048K, 0% used [0x00000000ec300000,0x00000000ec300000,0x00000000ec500000)
 ParOldGen       total 68608K, used 16757K [0x00000000c0000000, 0x00000000c4300000, 0x00000000eab00000)
  object space 68608K, 24% used [0x00000000c0000000,0x00000000c105d5d0,0x00000000c4300000)
 Metaspace       used 36402K, committed 37120K, reserved 1114112K
  class space    used 3701K, committed 4032K, reserved 1048576K
}
Event: 5.251 GC heap after
{Heap after GC invocations=13 (full 2):
 PSYoungGen      total 25088K, used 2016K [0x00000000eab00000, 0x00000000ec680000, 0x0000000100000000)
  eden space 23040K, 0% used [0x00000000eab00000,0x00000000eab00000,0x00000000ec180000)
  from space 2048K, 98% used [0x00000000ec300000,0x00000000ec4f8020,0x00000000ec500000)
  to   space 1536K, 0% used [0x00000000ec500000,0x00000000ec500000,0x00000000ec680000)
 ParOldGen       total 68608K, used 16861K [0x00000000c0000000, 0x00000000c4300000, 0x00000000eab00000)
  object space 68608K, 24% used [0x00000000c0000000,0x00000000c10775d0,0x00000000c4300000)
 Metaspace       used 36402K, committed 37120K, reserved 1114112K
  class space    used 3701K, committed 4032K, reserved 1048576K
}
Event: 5.325 GC heap before
{Heap before GC invocations=14 (full 2):
 PSYoungGen      total 25088K, used 25056K [0x00000000eab00000, 0x00000000ec680000, 0x0000000100000000)
  eden space 23040K, 100% used [0x00000000eab00000,0x00000000ec180000,0x00000000ec180000)
  from space 2048K, 98% used [0x00000000ec300000,0x00000000ec4f8020,0x00000000ec500000)
  to   space 1536K, 0% used [0x00000000ec500000,0x00000000ec500000,0x00000000ec680000)
 ParOldGen       total 68608K, used 16861K [0x00000000c0000000, 0x00000000c4300000, 0x00000000eab00000)
  object space 68608K, 24% used [0x00000000c0000000,0x00000000c10775d0,0x00000000c4300000)
 Metaspace       used 36591K, committed 37376K, reserved 1114112K
  class space    used 3719K, committed 4032K, reserved 1048576K
}
Event: 5.327 GC heap after
{Heap after GC invocations=14 (full 2):
 PSYoungGen      total 23552K, used 1504K [0x00000000eab00000, 0x00000000eca00000, 0x0000000100000000)
  eden space 22016K, 0% used [0x00000000eab00000,0x00000000eab00000,0x00000000ec080000)
  from space 1536K, 97% used [0x00000000ec500000,0x00000000ec678010,0x00000000ec680000)
  to   space 4608K, 0% used [0x00000000ec080000,0x00000000ec080000,0x00000000ec500000)
 ParOldGen       total 68608K, used 19398K [0x00000000c0000000, 0x00000000c4300000, 0x00000000eab00000)
  object space 68608K, 28% used [0x00000000c0000000,0x00000000c12f1970,0x00000000c4300000)
 Metaspace       used 36591K, committed 37376K, reserved 1114112K
  class space    used 3719K, committed 4032K, reserved 1048576K
}
Event: 5.368 GC heap before
{Heap before GC invocations=15 (full 2):
 PSYoungGen      total 23552K, used 23520K [0x00000000eab00000, 0x00000000eca00000, 0x0000000100000000)
  eden space 22016K, 100% used [0x00000000eab00000,0x00000000ec080000,0x00000000ec080000)
  from space 1536K, 97% used [0x00000000ec500000,0x00000000ec678010,0x00000000ec680000)
  to   space 4608K, 0% used [0x00000000ec080000,0x00000000ec080000,0x00000000ec500000)
 ParOldGen       total 68608K, used 19398K [0x00000000c0000000, 0x00000000c4300000, 0x00000000eab00000)
  object space 68608K, 28% used [0x00000000c0000000,0x00000000c12f1970,0x00000000c4300000)
 Metaspace       used 36672K, committed 37440K, reserved 1114112K
  class space    used 3723K, committed 4032K, reserved 1048576K
}
Event: 5.370 GC heap after
{Heap after GC invocations=15 (full 2):
 PSYoungGen      total 24576K, used 2292K [0x00000000eab00000, 0x00000000ec680000, 0x0000000100000000)
  eden space 22016K, 0% used [0x00000000eab00000,0x00000000eab00000,0x00000000ec080000)
  from space 2560K, 89% used [0x00000000ec080000,0x00000000ec2bd190,0x00000000ec300000)
  to   space 3072K, 0% used [0x00000000ec380000,0x00000000ec380000,0x00000000ec680000)
 ParOldGen       total 68608K, used 20862K [0x00000000c0000000, 0x00000000c4300000, 0x00000000eab00000)
  object space 68608K, 30% used [0x00000000c0000000,0x00000000c145f970,0x00000000c4300000)
 Metaspace       used 36672K, committed 37440K, reserved 1114112K
  class space    used 3723K, committed 4032K, reserved 1048576K
}
Event: 5.418 GC heap before
{Heap before GC invocations=16 (full 2):
 PSYoungGen      total 24576K, used 24308K [0x00000000eab00000, 0x00000000ec680000, 0x0000000100000000)
  eden space 22016K, 100% used [0x00000000eab00000,0x00000000ec080000,0x00000000ec080000)
  from space 2560K, 89% used [0x00000000ec080000,0x00000000ec2bd190,0x00000000ec300000)
  to   space 3072K, 0% used [0x00000000ec380000,0x00000000ec380000,0x00000000ec680000)
 ParOldGen       total 68608K, used 20862K [0x00000000c0000000, 0x00000000c4300000, 0x00000000eab00000)
  object space 68608K, 30% used [0x00000000c0000000,0x00000000c145f970,0x00000000c4300000)
 Metaspace       used 36741K, committed 37504K, reserved 1114112K
  class space    used 3737K, committed 4032K, reserved 1048576K
}
Event: 5.420 GC heap after
{Heap after GC invocations=16 (full 2):
 PSYoungGen      total 25088K, used 2592K [0x00000000eab00000, 0x00000000ec680000, 0x0000000100000000)
  eden space 22016K, 0% used [0x00000000eab00000,0x00000000eab00000,0x00000000ec080000)
  from space 3072K, 84% used [0x00000000ec380000,0x00000000ec608010,0x00000000ec680000)
  to   space 3072K, 0% used [0x00000000ec080000,0x00000000ec080000,0x00000000ec380000)
 ParOldGen       total 68608K, used 22994K [0x00000000c0000000, 0x00000000c4300000, 0x00000000eab00000)
  object space 68608K, 33% used [0x00000000c0000000,0x00000000c1674b00,0x00000000c4300000)
 Metaspace       used 36741K, committed 37504K, reserved 1114112K
  class space    used 3737K, committed 4032K, reserved 1048576K
}
Event: 5.454 GC heap before
{Heap before GC invocations=17 (full 2):
 PSYoungGen      total 25088K, used 24608K [0x00000000eab00000, 0x00000000ec680000, 0x0000000100000000)
  eden space 22016K, 100% used [0x00000000eab00000,0x00000000ec080000,0x00000000ec080000)
  from space 3072K, 84% used [0x00000000ec380000,0x00000000ec608010,0x00000000ec680000)
  to   space 3072K, 0% used [0x00000000ec080000,0x00000000ec080000,0x00000000ec380000)
 ParOldGen       total 68608K, used 22994K [0x00000000c0000000, 0x00000000c4300000, 0x00000000eab00000)
  object space 68608K, 33% used [0x00000000c0000000,0x00000000c1674b00,0x00000000c4300000)
 Metaspace       used 36741K, committed 37504K, reserved 1114112K
  class space    used 3737K, committed 4032K, reserved 1048576K
}
Event: 5.456 GC heap after
{Heap after GC invocations=17 (full 2):
 PSYoungGen      total 25088K, used 2656K [0x00000000eab00000, 0x00000000ec680000, 0x0000000100000000)
  eden space 22016K, 0% used [0x00000000eab00000,0x00000000eab00000,0x00000000ec080000)
  from space 3072K, 86% used [0x00000000ec080000,0x00000000ec318010,0x00000000ec380000)
  to   space 3072K, 0% used [0x00000000ec380000,0x00000000ec380000,0x00000000ec680000)
 ParOldGen       total 68608K, used 25483K [0x00000000c0000000, 0x00000000c4300000, 0x00000000eab00000)
  object space 68608K, 37% used [0x00000000c0000000,0x00000000c18e2c58,0x00000000c4300000)
 Metaspace       used 36741K, committed 37504K, reserved 1114112K
  class space    used 3737K, committed 4032K, reserved 1048576K
}
Event: 5.487 GC heap before
{Heap before GC invocations=18 (full 2):
 PSYoungGen      total 25088K, used 24672K [0x00000000eab00000, 0x00000000ec680000, 0x0000000100000000)
  eden space 22016K, 100% used [0x00000000eab00000,0x00000000ec080000,0x00000000ec080000)
  from space 3072K, 86% used [0x00000000ec080000,0x00000000ec318010,0x00000000ec380000)
  to   space 3072K, 0% used [0x00000000ec380000,0x00000000ec380000,0x00000000ec680000)
 ParOldGen       total 68608K, used 25483K [0x00000000c0000000, 0x00000000c4300000, 0x00000000eab00000)
  object space 68608K, 37% used [0x00000000c0000000,0x00000000c18e2c58,0x00000000c4300000)
 Metaspace       used 36741K, committed 37504K, reserved 1114112K
  class space    used 3737K, committed 4032K, reserved 1048576K
}
Event: 5.489 GC heap after
{Heap after GC invocations=18 (full 2):
 PSYoungGen      total 24576K, used 2336K [0x00000000eab00000, 0x00000000ec600000, 0x0000000100000000)
  eden space 22016K, 0% used [0x00000000eab00000,0x00000000eab00000,0x00000000ec080000)
  from space 2560K, 91% used [0x00000000ec380000,0x00000000ec5c8000,0x00000000ec600000)
  to   space 2560K, 0% used [0x00000000ec100000,0x00000000ec100000,0x00000000ec380000)
 ParOldGen       total 68608K, used 27995K [0x00000000c0000000, 0x00000000c4300000, 0x00000000eab00000)
  object space 68608K, 40% used [0x00000000c0000000,0x00000000c1b56c68,0x00000000c4300000)
 Metaspace       used 36741K, committed 37504K, reserved 1114112K
  class space    used 3737K, committed 4032K, reserved 1048576K
}

Dll operation events (10 events):
Event: 0.034 Loaded shared library c:\Users\Admin\.vscode\extensions\redhat.java-1.21.0-win32-x64\jre\17.0.7-win32-x86_64\bin\java.dll
Event: 0.137 Loaded shared library c:\Users\Admin\.vscode\extensions\redhat.java-1.21.0-win32-x64\jre\17.0.7-win32-x86_64\bin\zip.dll
Event: 0.140 Loaded shared library C:\Users\Admin\.vscode\extensions\redhat.java-1.21.0-win32-x64\jre\17.0.7-win32-x86_64\bin\instrument.dll
Event: 0.166 Loaded shared library C:\Users\Admin\.vscode\extensions\redhat.java-1.21.0-win32-x64\jre\17.0.7-win32-x86_64\bin\net.dll
Event: 0.191 Loaded shared library C:\Users\Admin\.vscode\extensions\redhat.java-1.21.0-win32-x64\jre\17.0.7-win32-x86_64\bin\nio.dll
Event: 0.196 Loaded shared library C:\Users\Admin\.vscode\extensions\redhat.java-1.21.0-win32-x64\jre\17.0.7-win32-x86_64\bin\zip.dll
Event: 0.205 Loaded shared library C:\Users\Admin\.vscode\extensions\redhat.java-1.21.0-win32-x64\jre\17.0.7-win32-x86_64\bin\jimage.dll
Event: 0.250 Loaded shared library c:\Users\Admin\.vscode\extensions\redhat.java-1.21.0-win32-x64\jre\17.0.7-win32-x86_64\bin\verify.dll
Event: 3.115 Loaded shared library C:\Users\Admin\AppData\Roaming\Code\User\globalStorage\redhat.java\1.21.0\config_ss_win\org.eclipse.equinox.launcher\org.eclipse.equinox.launcher.win32.win32.x86_64_1.2.700.v20221108-1024\eclipse_11801.dll
Event: 4.753 Loaded shared library C:\Users\Admin\AppData\Local\Temp\jna-63116079\jna1491628036205078298.dll

Deoptimization events (20 events):
Event: 32.817 Thread 0x000001a7d061fa00 Uncommon trap: trap_request=0xffffffc6 fr.pc=0x000001a7bf1ffa3c relative=0x000000000000009c
Event: 32.817 Thread 0x000001a7d061fa00 Uncommon trap: reason=bimorphic_or_optimized_type_check action=maybe_recompile pc=0x000001a7bf1ffa3c method=java.util.stream.Sink$ChainedReference.cancellationRequested()Z @ 4 c2
Event: 32.817 Thread 0x000001a7d061fa00 DEOPT PACKING pc=0x000001a7bf1ffa3c sp=0x000000a3e69fea90
Event: 32.817 Thread 0x000001a7d061fa00 DEOPT UNPACKING pc=0x000001a7be949ea3 sp=0x000000a3e69fea20 mode 2
Event: 32.817 Thread 0x000001a7d061fa00 Uncommon trap: trap_request=0xffffffc6 fr.pc=0x000001a7bf1ffa3c relative=0x000000000000009c
Event: 32.817 Thread 0x000001a7d061fa00 Uncommon trap: reason=bimorphic_or_optimized_type_check action=maybe_recompile pc=0x000001a7bf1ffa3c method=java.util.stream.Sink$ChainedReference.cancellationRequested()Z @ 4 c2
Event: 32.817 Thread 0x000001a7d061fa00 DEOPT PACKING pc=0x000001a7bf1ffa3c sp=0x000000a3e69fea90
Event: 32.817 Thread 0x000001a7d061fa00 DEOPT UNPACKING pc=0x000001a7be949ea3 sp=0x000000a3e69fea20 mode 2
Event: 37.773 Thread 0x000001a7d061f530 Uncommon trap: trap_request=0xffffffde fr.pc=0x000001a7bf2255bc relative=0x0000000000000a5c
Event: 37.773 Thread 0x000001a7d061f530 Uncommon trap: reason=class_check action=maybe_recompile pc=0x000001a7bf2255bc method=java.util.Spliterators$1Adapter.hasNext()Z @ 12 c2
Event: 37.773 Thread 0x000001a7d061f530 DEOPT PACKING pc=0x000001a7bf2255bc sp=0x000000a3e66fe8a0
Event: 37.773 Thread 0x000001a7d061f530 DEOPT UNPACKING pc=0x000001a7be949ea3 sp=0x000000a3e66fe868 mode 2
Event: 37.773 Thread 0x000001a7d061f530 Uncommon trap: trap_request=0xffffffde fr.pc=0x000001a7bf2255bc relative=0x0000000000000a5c
Event: 37.773 Thread 0x000001a7d061f530 Uncommon trap: reason=class_check action=maybe_recompile pc=0x000001a7bf2255bc method=java.util.Spliterators$1Adapter.hasNext()Z @ 12 c2
Event: 37.773 Thread 0x000001a7d061f530 DEOPT PACKING pc=0x000001a7bf2255bc sp=0x000000a3e66fe8b0
Event: 37.773 Thread 0x000001a7d061f530 DEOPT UNPACKING pc=0x000001a7be949ea3 sp=0x000000a3e66fe878 mode 2
Event: 37.773 Thread 0x000001a7d061f530 Uncommon trap: trap_request=0xffffffde fr.pc=0x000001a7bf2255bc relative=0x0000000000000a5c
Event: 37.773 Thread 0x000001a7d061f530 Uncommon trap: reason=class_check action=maybe_recompile pc=0x000001a7bf2255bc method=java.util.Spliterators$1Adapter.hasNext()Z @ 12 c2
Event: 37.773 Thread 0x000001a7d061f530 DEOPT PACKING pc=0x000001a7bf2255bc sp=0x000000a3e66fe8b0
Event: 37.773 Thread 0x000001a7d061f530 DEOPT UNPACKING pc=0x000001a7be949ea3 sp=0x000000a3e66fe878 mode 2

Classes unloaded (7 events):
Event: 3.572 Thread 0x000001a7b48decc0 Unloading class 0x0000000100219000 'java/lang/invoke/LambdaForm$MH+0x0000000100219000'
Event: 3.572 Thread 0x000001a7b48decc0 Unloading class 0x0000000100218c00 'java/lang/invoke/LambdaForm$MH+0x0000000100218c00'
Event: 3.572 Thread 0x000001a7b48decc0 Unloading class 0x0000000100218800 'java/lang/invoke/LambdaForm$MH+0x0000000100218800'
Event: 3.572 Thread 0x000001a7b48decc0 Unloading class 0x0000000100218400 'java/lang/invoke/LambdaForm$MH+0x0000000100218400'
Event: 3.572 Thread 0x000001a7b48decc0 Unloading class 0x0000000100218000 'java/lang/invoke/LambdaForm$BMH+0x0000000100218000'
Event: 3.572 Thread 0x000001a7b48decc0 Unloading class 0x0000000100217c00 'java/lang/invoke/LambdaForm$DMH+0x0000000100217c00'
Event: 3.572 Thread 0x000001a7b48decc0 Unloading class 0x0000000100215000 'java/lang/invoke/LambdaForm$DMH+0x0000000100215000'

Classes redefined (0 events):
No events

Internal exceptions (20 events):
Event: 4.662 Thread 0x000001a7d06203a0 Exception <a 'java/lang/NoSuchMethodError'{0x00000000ebfc34b8}: 'int java.lang.invoke.DirectMethodHandle$Holder.invokeVirtual(java.lang.Object, java.lang.Object)'> (0x00000000ebfc34b8) 
thrown [s\src\hotspot\share\interpreter\linkResolver.cpp, line 759]
Event: 4.813 Thread 0x000001a7cfade960 Exception <a 'java/lang/UnsatisfiedLinkError'{0x00000000eac24c08}: The specified procedure could not be found.
> (0x00000000eac24c08) 
thrown [s\src\hotspot\share\prims\jni.cpp, line 535]
Event: 4.818 Thread 0x000001a7cfade960 Exception <a 'java/io/FileNotFoundException'{0x00000000eac47d68}> (0x00000000eac47d68) 
thrown [s\src\hotspot\share\prims\jni.cpp, line 516]
Event: 4.829 Thread 0x000001a7cfade960 Exception <a 'java/io/FileNotFoundException'{0x00000000eacc2f50}> (0x00000000eacc2f50) 
thrown [s\src\hotspot\share\prims\jni.cpp, line 516]
Event: 4.835 Thread 0x000001a7cfade960 Exception <a 'java/lang/UnsatisfiedLinkError'{0x00000000ead4f530}: The specified procedure could not be found.
> (0x00000000ead4f530) 
thrown [s\src\hotspot\share\prims\jni.cpp, line 535]
Event: 4.863 Thread 0x000001a7b48210e0 Exception <a 'java/lang/NoSuchMethodError'{0x00000000eaf75c88}: 'java.lang.Object java.lang.invoke.DirectMethodHandle$Holder.invokeStatic(java.lang.Object, java.lang.Object, long, java.lang.Object)'> (0x00000000eaf75c88) 
thrown [s\src\hotspot\share\interpreter\linkResolver.cpp, line 759]
Event: 4.863 Thread 0x000001a7b48210e0 Exception <a 'java/lang/NoSuchMethodError'{0x00000000eaf79988}: 'java.lang.Object java.lang.invoke.DirectMethodHandle$Holder.invokeStaticInit(java.lang.Object, java.lang.Object, long, java.lang.Object)'> (0x00000000eaf79988) 
thrown [s\src\hotspot\share\interpreter\linkResolver.cpp, line 759]
Event: 4.863 Thread 0x000001a7b48210e0 Exception <a 'java/lang/NoSuchMethodError'{0x00000000eaf7ff98}: 'java.lang.Object java.lang.invoke.DirectMethodHandle$Holder.newInvokeSpecial(java.lang.Object, java.lang.Object, long)'> (0x00000000eaf7ff98) 
thrown [s\src\hotspot\share\interpreter\linkResolver.cpp, line 759]
Event: 4.899 Thread 0x000001a7b48210e0 Exception <a 'java/lang/NoSuchMethodError'{0x00000000eb13a538}: 'void java.lang.invoke.DirectMethodHandle$Holder.invokeStatic(java.lang.Object, java.lang.Object, java.lang.Object, java.lang.Object)'> (0x00000000eb13a538) 
thrown [s\src\hotspot\share\interpreter\linkResolver.cpp, line 759]
Event: 4.978 Thread 0x000001a7b48210e0 Exception <a 'java/lang/NoSuchMethodError'{0x00000000eb9646e8}: 'void java.lang.invoke.DirectMethodHandle$Holder.invokeSpecial(java.lang.Object, java.lang.Object, java.lang.Object, java.lang.Object, java.lang.Object, java.lang.Object)'> (0x00000000eb9646e8) 
thrown [s\src\hotspot\share\interpreter\linkResolver.cpp, line 759]
Event: 4.980 Thread 0x000001a7b48210e0 Exception <a 'java/lang/IncompatibleClassChangeError'{0x00000000eb96e1f0}: Found class java.lang.Object, but interface was expected> (0x00000000eb96e1f0) 
thrown [s\src\hotspot\share\interpreter\linkResolver.cpp, line 826]
Event: 5.044 Thread 0x000001a7d0622080 Exception <a 'java/io/FileNotFoundException'{0x00000000ebf2fbf8}> (0x00000000ebf2fbf8) 
thrown [s\src\hotspot\share\prims\jni.cpp, line 516]
Event: 5.059 Thread 0x000001a7d0622080 Exception <a 'sun/nio/fs/WindowsException'{0x00000000ec0a8c10}> (0x00000000ec0a8c10) 
thrown [s\src\hotspot\share\prims\jni.cpp, line 516]
Event: 5.061 Thread 0x000001a7d061f530 Exception <a 'java/io/FileNotFoundException'{0x00000000ec0b82b8}> (0x00000000ec0b82b8) 
thrown [s\src\hotspot\share\prims\jni.cpp, line 516]
Event: 5.061 Thread 0x000001a7d061f530 Exception <a 'java/io/FileNotFoundException'{0x00000000ec0b92b8}> (0x00000000ec0b92b8) 
thrown [s\src\hotspot\share\prims\jni.cpp, line 516]
Event: 5.123 Thread 0x000001a7d0620870 Exception <a 'java/lang/NoSuchMethodError'{0x00000000ead5f398}: 'java.lang.Object java.lang.invoke.Invokers$Holder.invoke_MT(java.lang.Object, java.lang.Object, java.lang.Object)'> (0x00000000ead5f398) 
thrown [s\src\hotspot\share\interpreter\linkResolver.cpp, line 759]
Event: 5.268 Thread 0x000001a7d0620870 Exception <a 'java/io/FileNotFoundException'{0x00000000eaf81c20}> (0x00000000eaf81c20) 
thrown [s\src\hotspot\share\prims\jni.cpp, line 516]
Event: 5.268 Thread 0x000001a7d0620870 Exception <a 'java/io/FileNotFoundException'{0x00000000eaf83160}> (0x00000000eaf83160) 
thrown [s\src\hotspot\share\prims\jni.cpp, line 516]
Event: 5.270 Thread 0x000001a7d0620870 Exception <a 'java/lang/NoSuchMethodError'{0x00000000eaf8f330}: 'void java.lang.invoke.DirectMethodHandle$Holder.invokeStaticInit(java.lang.Object, java.lang.Object, java.lang.Object)'> (0x00000000eaf8f330) 
thrown [s\src\hotspot\share\interpreter\linkResolver.cpp, line 759]
Event: 32.801 Thread 0x000001a7d061fa00 Exception <a 'java/lang/NoSuchMethodError'{0x00000000eb6f9290}: 'java.lang.Object java.lang.invoke.DirectMethodHandle$Holder.invokeInterface(java.lang.Object, java.lang.Object, java.lang.Object)'> (0x00000000eb6f9290) 
thrown [s\src\hotspot\share\interpreter\linkResolver.cpp, line 759]

VM Operations (20 events):
Event: 5.453 Executing VM operation: ParallelGCFailedAllocation
Event: 5.456 Executing VM operation: ParallelGCFailedAllocation done
Event: 5.487 Executing VM operation: ParallelGCFailedAllocation
Event: 5.489 Executing VM operation: ParallelGCFailedAllocation done
Event: 5.526 Executing VM operation: HandshakeAllThreads
Event: 5.526 Executing VM operation: HandshakeAllThreads done
Event: 6.541 Executing VM operation: Cleanup
Event: 6.541 Executing VM operation: Cleanup done
Event: 9.560 Executing VM operation: Cleanup
Event: 9.560 Executing VM operation: Cleanup done
Event: 32.790 Executing VM operation: HandshakeAllThreads
Event: 32.790 Executing VM operation: HandshakeAllThreads done
Event: 32.790 Executing VM operation: Cleanup
Event: 32.790 Executing VM operation: Cleanup done
Event: 33.793 Executing VM operation: Cleanup
Event: 33.793 Executing VM operation: Cleanup done
Event: 37.811 Executing VM operation: HandshakeAllThreads
Event: 37.811 Executing VM operation: HandshakeAllThreads done
Event: 37.811 Executing VM operation: Cleanup
Event: 37.811 Executing VM operation: Cleanup done

Events (20 events):
Event: 37.800 loading class java/util/stream/Nodes$CollectorTask done
Event: 37.800 loading class java/util/stream/Nodes$CollectorTask$OfRef done
Event: 37.802 loading class java/util/function/LongFunction
Event: 37.802 loading class java/util/function/LongFunction done
Event: 37.803 loading class java/util/stream/Nodes$ConcNode
Event: 37.804 loading class java/util/stream/Nodes$AbstractConcNode
Event: 37.804 loading class java/util/stream/Nodes$AbstractConcNode done
Event: 37.804 loading class java/util/stream/Nodes$ConcNode done
Event: 37.805 Thread 0x000001a7d061f060 Thread added: 0x000001a7d061f060
Event: 37.806 loading class java/util/stream/Nodes$ToArrayTask$OfRef
Event: 37.806 loading class java/util/stream/Nodes$ToArrayTask
Event: 37.806 loading class java/util/stream/Nodes$ToArrayTask done
Event: 37.806 loading class java/util/stream/Nodes$ToArrayTask$OfRef done
Event: 37.806 Thread 0x000001a7d0621bb0 Thread added: 0x000001a7d0621bb0
Event: 37.807 Thread 0x000001a7d061f060 Thread exited: 0x000001a7d061f060
Event: 37.808 Thread 0x000001a7d0621bb0 Thread exited: 0x000001a7d0621bb0
Event: 37.808 Thread 0x000001a7d0620d40 Thread exited: 0x000001a7d0620d40
Event: 37.816 Thread 0x000001a7d1633a80 Thread added: 0x000001a7d1633a80
Event: 37.823 Thread 0x000001a7d1632640 Thread added: 0x000001a7d1632640
Event: 37.833 Thread 0x000001a7d1631200 Thread added: 0x000001a7d1631200


Dynamic libraries:
0x00007ff643ae0000 - 0x00007ff643aee000 	c:\Users\Admin\.vscode\extensions\redhat.java-1.21.0-win32-x64\jre\17.0.7-win32-x86_64\bin\java.exe
0x00007ffbde910000 - 0x00007ffbdeb24000 	C:\WINDOWS\SYSTEM32\ntdll.dll
0x00007ffbde620000 - 0x00007ffbde6e2000 	C:\WINDOWS\System32\KERNEL32.DLL
0x00007ffbdbd80000 - 0x00007ffbdc123000 	C:\WINDOWS\System32\KERNELBASE.dll
0x00007ffbdc3a0000 - 0x00007ffbdc4b1000 	C:\WINDOWS\System32\ucrtbase.dll
0x00007ffbc1730000 - 0x00007ffbc1749000 	c:\Users\Admin\.vscode\extensions\redhat.java-1.21.0-win32-x64\jre\17.0.7-win32-x86_64\bin\VCRUNTIME140.dll
0x00007ffbc1710000 - 0x00007ffbc1727000 	c:\Users\Admin\.vscode\extensions\redhat.java-1.21.0-win32-x64\jre\17.0.7-win32-x86_64\bin\jli.dll
0x00007ffbde2b0000 - 0x00007ffbde45a000 	C:\WINDOWS\System32\USER32.dll
0x00007ffbdc130000 - 0x00007ffbdc156000 	C:\WINDOWS\System32\win32u.dll
0x00007ffbb4090000 - 0x00007ffbb431e000 	C:\WINDOWS\WinSxS\amd64_microsoft.windows.common-controls_6595b64144ccf1df_6.0.22621.1635_none_270f70857386168e\COMCTL32.dll
0x00007ffbde6f0000 - 0x00007ffbde719000 	C:\WINDOWS\System32\GDI32.dll
0x00007ffbde820000 - 0x00007ffbde8c7000 	C:\WINDOWS\System32\msvcrt.dll
0x00007ffbdc1e0000 - 0x00007ffbdc2f9000 	C:\WINDOWS\System32\gdi32full.dll
0x00007ffbdc300000 - 0x00007ffbdc39a000 	C:\WINDOWS\System32\msvcp_win.dll
0x00007ffbddca0000 - 0x00007ffbddcd1000 	C:\WINDOWS\System32\IMM32.DLL
0x00007ffbd6e40000 - 0x00007ffbd6e4c000 	c:\Users\Admin\.vscode\extensions\redhat.java-1.21.0-win32-x64\jre\17.0.7-win32-x86_64\bin\vcruntime140_1.dll
0x00007ffb77030000 - 0x00007ffb770c1000 	c:\Users\Admin\.vscode\extensions\redhat.java-1.21.0-win32-x64\jre\17.0.7-win32-x86_64\bin\msvcp140.dll
0x00007ffb41fe0000 - 0x00007ffb42c28000 	c:\Users\Admin\.vscode\extensions\redhat.java-1.21.0-win32-x64\jre\17.0.7-win32-x86_64\bin\server\jvm.dll
0x00007ffbdde90000 - 0x00007ffbddf3e000 	C:\WINDOWS\System32\ADVAPI32.dll
0x00007ffbde570000 - 0x00007ffbde614000 	C:\WINDOWS\System32\sechost.dll
0x00007ffbde190000 - 0x00007ffbde2a7000 	C:\WINDOWS\System32\RPCRT4.dll
0x00007ffbd3ee0000 - 0x00007ffbd3f14000 	C:\WINDOWS\SYSTEM32\WINMM.dll
0x00007ffbd6430000 - 0x00007ffbd6439000 	C:\WINDOWS\SYSTEM32\WSOCK32.dll
0x00007ffbd5550000 - 0x00007ffbd555a000 	C:\WINDOWS\SYSTEM32\VERSION.dll
0x00007ffbdd430000 - 0x00007ffbdd4a1000 	C:\WINDOWS\System32\WS2_32.dll
0x00007ffbdadb0000 - 0x00007ffbdadc8000 	C:\WINDOWS\SYSTEM32\kernel.appcore.dll
0x00007ffbd66d0000 - 0x00007ffbd66da000 	c:\Users\Admin\.vscode\extensions\redhat.java-1.21.0-win32-x64\jre\17.0.7-win32-x86_64\bin\jimage.dll
0x00007ffbd96a0000 - 0x00007ffbd98ce000 	C:\WINDOWS\SYSTEM32\DBGHELP.DLL
0x00007ffbdd850000 - 0x00007ffbddbd9000 	C:\WINDOWS\System32\combase.dll
0x00007ffbddce0000 - 0x00007ffbdddb7000 	C:\WINDOWS\System32\OLEAUT32.dll
0x00007ffbc0bf0000 - 0x00007ffbc0c22000 	C:\WINDOWS\SYSTEM32\dbgcore.DLL
0x00007ffbdc160000 - 0x00007ffbdc1da000 	C:\WINDOWS\System32\bcryptPrimitives.dll
0x00007ffbce7a0000 - 0x00007ffbce7ae000 	c:\Users\Admin\.vscode\extensions\redhat.java-1.21.0-win32-x64\jre\17.0.7-win32-x86_64\bin\instrument.dll
0x00007ffbc16e0000 - 0x00007ffbc1705000 	c:\Users\Admin\.vscode\extensions\redhat.java-1.21.0-win32-x64\jre\17.0.7-win32-x86_64\bin\java.dll
0x00007ffbc16c0000 - 0x00007ffbc16d8000 	c:\Users\Admin\.vscode\extensions\redhat.java-1.21.0-win32-x64\jre\17.0.7-win32-x86_64\bin\zip.dll
0x00007ffbdcc30000 - 0x00007ffbdd429000 	C:\WINDOWS\System32\SHELL32.dll
0x00007ffbd9cb0000 - 0x00007ffbda57e000 	C:\WINDOWS\SYSTEM32\windows.storage.dll
0x00007ffbd9b70000 - 0x00007ffbd9cae000 	C:\WINDOWS\SYSTEM32\wintypes.dll
0x00007ffbde720000 - 0x00007ffbde811000 	C:\WINDOWS\System32\SHCORE.dll
0x00007ffbdddc0000 - 0x00007ffbdde1e000 	C:\WINDOWS\System32\shlwapi.dll
0x00007ffbdbc40000 - 0x00007ffbdbc66000 	C:\WINDOWS\SYSTEM32\profapi.dll
0x00007ffbc1570000 - 0x00007ffbc1589000 	C:\Users\Admin\.vscode\extensions\redhat.java-1.21.0-win32-x64\jre\17.0.7-win32-x86_64\bin\net.dll
0x00007ffbd5080000 - 0x00007ffbd51b7000 	C:\WINDOWS\SYSTEM32\WINHTTP.dll
0x00007ffbdb2a0000 - 0x00007ffbdb309000 	C:\WINDOWS\system32\mswsock.dll
0x00007ffbb3e90000 - 0x00007ffbb3ea5000 	C:\Users\Admin\.vscode\extensions\redhat.java-1.21.0-win32-x64\jre\17.0.7-win32-x86_64\bin\nio.dll
0x00007ffbce730000 - 0x00007ffbce740000 	c:\Users\Admin\.vscode\extensions\redhat.java-1.21.0-win32-x64\jre\17.0.7-win32-x86_64\bin\verify.dll
0x00007ffba3900000 - 0x00007ffba393e000 	C:\Users\Admin\AppData\Roaming\Code\User\globalStorage\redhat.java\1.21.0\config_ss_win\org.eclipse.equinox.launcher\org.eclipse.equinox.launcher.win32.win32.x86_64_1.2.700.v20221108-1024\eclipse_11801.dll
0x00007ffbddf40000 - 0x00007ffbde0dc000 	C:\WINDOWS\System32\ole32.dll
0x00007ffbdb520000 - 0x00007ffbdb53b000 	C:\WINDOWS\SYSTEM32\CRYPTSP.dll
0x00007ffbdacf0000 - 0x00007ffbdad25000 	C:\WINDOWS\system32\rsaenh.dll
0x00007ffbdb3c0000 - 0x00007ffbdb3ec000 	C:\WINDOWS\SYSTEM32\USERENV.dll
0x00007ffbdb6c0000 - 0x00007ffbdb6e8000 	C:\WINDOWS\SYSTEM32\bcrypt.dll
0x00007ffbdb540000 - 0x00007ffbdb54c000 	C:\WINDOWS\SYSTEM32\CRYPTBASE.dll
0x00007ffbda7e0000 - 0x00007ffbda80d000 	C:\WINDOWS\SYSTEM32\IPHLPAPI.DLL
0x00007ffbddc90000 - 0x00007ffbddc99000 	C:\WINDOWS\System32\NSI.dll
0x00007ffbd5560000 - 0x00007ffbd5579000 	C:\WINDOWS\SYSTEM32\dhcpcsvc6.DLL
0x00007ffbd5060000 - 0x00007ffbd507f000 	C:\WINDOWS\SYSTEM32\dhcpcsvc.DLL
0x00007ffbda850000 - 0x00007ffbda943000 	C:\WINDOWS\SYSTEM32\DNSAPI.dll
0x00007ffb9e4e0000 - 0x00007ffb9e525000 	C:\Users\Admin\AppData\Local\Temp\jna-63116079\jna1491628036205078298.dll
0x00007ffbde460000 - 0x00007ffbde468000 	C:\WINDOWS\System32\PSAPI.DLL

dbghelp: loaded successfully - version: 4.0.5 - missing functions: none
symbol engine: initialized successfully - sym options: 0x614 - pdb path: .;c:\Users\Admin\.vscode\extensions\redhat.java-1.21.0-win32-x64\jre\17.0.7-win32-x86_64\bin;C:\WINDOWS\SYSTEM32;C:\WINDOWS\WinSxS\amd64_microsoft.windows.common-controls_6595b64144ccf1df_6.0.22621.1635_none_270f70857386168e;c:\Users\Admin\.vscode\extensions\redhat.java-1.21.0-win32-x64\jre\17.0.7-win32-x86_64\bin\server;C:\Users\Admin\AppData\Roaming\Code\User\globalStorage\redhat.java\1.21.0\config_ss_win\org.eclipse.equinox.launcher\org.eclipse.equinox.launcher.win32.win32.x86_64_1.2.700.v20221108-1024;C:\Users\Admin\AppData\Local\Temp\jna-63116079

VM Arguments:
jvm_args: --add-modules=ALL-SYSTEM --add-opens=java.base/java.util=ALL-UNNAMED --add-opens=java.base/java.lang=ALL-UNNAMED --add-opens=java.base/sun.nio.fs=ALL-UNNAMED -Declipse.application=org.eclipse.jdt.ls.core.id1 -Dosgi.bundles.defaultStartLevel=4 -Declipse.product=org.eclipse.jdt.ls.core.product -Djava.import.generatesMetadataFilesAtProjectRoot=false -Dfile.encoding=utf8 -XX:+UseParallelGC -XX:GCTimeRatio=4 -XX:AdaptiveSizePolicyWeight=90 -Dsun.zip.disableMemoryMapping=true -Xmx1G -Xms100m -Xlog:disable -javaagent:c:\Users\Admin\.vscode\extensions\redhat.java-1.21.0-win32-x64\lombok\lombok-1.18.28.jar 
java_command: c:\Users\Admin\.vscode\extensions\redhat.java-1.21.0-win32-x64\server\plugins\org.eclipse.equinox.launcher_1.6.500.v20230717-2134.jar -configuration c:\Users\Admin\AppData\Roaming\Code\User\globalStorage\redhat.java\1.21.0\config_ss_win -data c:\Users\Admin\AppData\Roaming\Code\User\workspaceStorage\e7c62a26f5fb9af6089d468b08576148\redhat.java\ss_ws
java_class_path (initial): c:\Users\Admin\.vscode\extensions\redhat.java-1.21.0-win32-x64\server\plugins\org.eclipse.equinox.launcher_1.6.500.v20230717-2134.jar
Launcher Type: SUN_STANDARD

[Global flags]
    uintx AdaptiveSizePolicyWeight                 = 90                                        {product} {command line}
     intx CICompilerCount                          = 12                                        {product} {ergonomic}
    uintx GCTimeRatio                              = 4                                         {product} {command line}
   size_t InitialHeapSize                          = 104857600                                 {product} {command line}
   size_t MaxHeapSize                              = 1073741824                                {product} {command line}
   size_t MaxNewSize                               = 357564416                                 {product} {ergonomic}
   size_t MinHeapDeltaBytes                        = 524288                                    {product} {ergonomic}
   size_t MinHeapSize                              = 104857600                                 {product} {command line}
   size_t NewSize                                  = 34603008                                  {product} {ergonomic}
    uintx NonNMethodCodeHeapSize                   = 7602480                                {pd product} {ergonomic}
    uintx NonProfiledCodeHeapSize                  = 122027880                              {pd product} {ergonomic}
   size_t OldSize                                  = 70254592                                  {product} {ergonomic}
    uintx ProfiledCodeHeapSize                     = 122027880                              {pd product} {ergonomic}
    uintx ReservedCodeCacheSize                    = 251658240                              {pd product} {ergonomic}
     bool SegmentedCodeCache                       = true                                      {product} {ergonomic}
   size_t SoftMaxHeapSize                          = 1073741824                             {manageable} {ergonomic}
     bool UseCompressedClassPointers               = true                           {product lp64_product} {ergonomic}
     bool UseCompressedOops                        = true                           {product lp64_product} {ergonomic}
     bool UseLargePagesIndividualAllocation        = false                                  {pd product} {ergonomic}
     bool UseParallelGC                            = true                                      {product} {command line}

Logging:
Log output configuration:
 #0: stdout all=off uptime,level,tags
 #1: stderr all=off uptime,level,tags

Environment Variables:
JAVA_HOME=C:\Program Files\Java\jdk-14.0.2
PATH=C:\Program Files\Python310\Scripts\;C:\Program Files\Python310\;C:\Program Files\Python38\Scripts\;C:\Program Files\Python38\;C:\WINDOWS\system32;C:\WINDOWS;C:\WINDOWS\System32\Wbem;C:\WINDOWS\System32\WindowsPowerShell\v1.0\;C:\WINDOWS\System32\OpenSSH\;C:\Program Files\Microsoft SQL Server\Client SDK\ODBC\110\Tools\Binn\;C:\Program Files (x86)\Microsoft SQL Server\120\Tools\Binn\;C:\Program Files\Microsoft SQL Server\120\Tools\Binn\;C:\Program Files\Microsoft SQL Server\120\DTS\Binn\;C:\Program Files (x86)\Microsoft SQL Server\120\Tools\Binn\ManagementStudio\;C:\Program Files (x86)\Microsoft SQL Server\120\DTS\Binn\;C:\Program Files\Java\jdk-11.0.2\bin;C:\tomcat\apache-tomcat-9.0.63\bin;C:\Program Files\dotnet\;C:\Program Files\Microsoft SQL Server\150\Tools\Binn\;C:\Program Files\Microsoft SQL Server\Client SDK\ODBC\170\Tools\Binn\;C:\Program Files\nodejs\;C:\Program Files\Microsoft SQL Server\130\Tools\Binn\;C:\WINDOWS\system32;C:\WINDOWS;C:\WINDOWS\System32\Wbem;C:\WINDOWS\System32\WindowsPowerShell\v1.0\;C:\WINDOWS\System32\OpenSSH\;C:\Program Files\MongoDB\Server\5.0\bin;C:\Users\Admin\AppData\Local\Microsoft\WindowsApps;;C:\Users\Admin\AppData\Local\Programs\Microsoft VS Code\bin;C:\Users\Admin\.dotnet\tools;C:\Users\Admin\AppData\Roaming\npm
USERNAME=Admin
OS=Windows_NT
PROCESSOR_IDENTIFIER=Intel64 Family 6 Model 141 Stepping 1, GenuineIntel
TMP=C:\Users\Admin\AppData\Local\Temp
TEMP=C:\Users\Admin\AppData\Local\Temp



---------------  S Y S T E M  ---------------

OS:
 Windows 11 , 64 bit Build 22621 (10.0.22621.1928)
OS uptime: 1 days 9:36 hours
Hyper-V role detected

CPU: total 16 (initial active 16) (8 cores per cpu, 2 threads per core) family 6 model 141 stepping 1 microcode 0x32, cx8, cmov, fxsr, ht, mmx, 3dnowpref, sse, sse2, sse3, ssse3, sse4.1, sse4.2, popcnt, lzcnt, tsc, tscinvbit, avx, avx2, aes, erms, clmul, bmi1, bmi2, adx, avx512f, avx512dq, avx512cd, avx512bw, avx512vl, sha, fma, vzeroupper, avx512_vpopcntdq, avx512_vpclmulqdq, avx512_vaes, avx512_vnni, clflush, clflushopt, clwb, avx512_vbmi2, avx512_vbmi, hv

Memory: 4k page, system-wide physical 16085M (2442M free)
TotalPageFile size 18133M (AvailPageFile size 345M)
current process WorkingSet (physical memory assigned to process): 165M, peak: 248M
current process commit charge ("private bytes"): 263M, peak: 347M

vm_info: OpenJDK 64-Bit Server VM (17.0.7+7) for windows-amd64 JRE (17.0.7+7), built on Apr 18 2023 22:10:42 by "temurin" with MS VC++ 16.7 (VS2019)

END.
