#
# There is insufficient memory for the Java Runtime Environment to continue.
# Native memory allocation (malloc) failed to allocate 1186608 bytes for Chunk::new
# Possible reasons:
#   The system is out of physical RAM or swap space
#   The process is running with CompressedOops enabled, and the Java Heap may be blocking the growth of the native heap
# Possible solutions:
#   Reduce memory load on the system
#   Increase physical memory or swap space
#   Check if swap backing store is full
#   Decrease Java heap size (-Xmx/-Xms)
#   Decrease number of Java threads
#   Decrease Java thread stack sizes (-Xss)
#   Set larger code cache with -XX:ReservedCodeCacheSize=
#   JVM is running with Unscaled Compressed Oops mode in which the Java heap is
#     placed in the first 4GB address space. The Java Heap base address is the
#     maximum limit for the native heap growth. Please use -XX:HeapBaseMinAddress
#     to set the Java Heap base and to place the Java Heap above 4GB virtual address.
# This output file may be truncated or incomplete.
#
#  Out of Memory Error (arena.cpp:189), pid=20392, tid=20344
#
# JRE version: OpenJDK Runtime Environment Temurin-17.0.7+7 (17.0.7+7) (build 17.0.7+7)
# Java VM: OpenJDK 64-Bit Server VM Temurin-17.0.7+7 (17.0.7+7, mixed mode, tiered, compressed oops, compressed class ptrs, parallel gc, windows-amd64)
# No core dump will be written. Minidumps are not enabled by default on client versions of Windows
#

---------------  S U M M A R Y ------------

Command Line: --add-modules=ALL-SYSTEM --add-opens=java.base/java.util=ALL-UNNAMED --add-opens=java.base/java.lang=ALL-UNNAMED --add-opens=java.base/sun.nio.fs=ALL-UNNAMED -Declipse.application=org.eclipse.jdt.ls.core.id1 -Dosgi.bundles.defaultStartLevel=4 -Declipse.product=org.eclipse.jdt.ls.core.product -Djava.import.generatesMetadataFilesAtProjectRoot=false -Dfile.encoding=utf8 -XX:+UseParallelGC -XX:GCTimeRatio=4 -XX:AdaptiveSizePolicyWeight=90 -Dsun.zip.disableMemoryMapping=true -Xmx1G -Xms100m -Xlog:disable -javaagent:c:\Users\Admin\.vscode\extensions\redhat.java-1.21.0-win32-x64\lombok\lombok-1.18.28.jar -XX:+HeapDumpOnOutOfMemoryError -XX:HeapDumpPath=c:\Users\Admin\AppData\Roaming\Code\User\workspaceStorage\e7c62a26f5fb9af6089d468b08576148\redhat.java -Daether.dependencyCollector.impl=bf c:\Users\Admin\.vscode\extensions\redhat.java-1.21.0-win32-x64\server\plugins\org.eclipse.equinox.launcher_1.6.500.v20230717-2134.jar -configuration c:\Users\Admin\AppData\Roaming\Code\User\globalStorage\redhat.java\1.21.0\config_win -data c:\Users\Admin\AppData\Roaming\Code\User\workspaceStorage\e7c62a26f5fb9af6089d468b08576148\redhat.java\jdt_ws

Host: 11th Gen Intel(R) Core(TM) i7-11800H @ 2.30GHz, 16 cores, 15G,  Windows 11 , 64 bit Build 22621 (10.0.22621.2070)
Time: Wed Aug 16 05:58:28 2023 SE Asia Standard Time elapsed time: 1.882553 seconds (0d 0h 0m 1s)

---------------  T H R E A D  ---------------

Current thread (0x000002e633ef4110):  JavaThread "C2 CompilerThread1" daemon [_thread_in_native, id=20344, stack(0x000000eab9100000,0x000000eab9200000)]


Current CompileTask:
C2:   1882 3058       4       org.objectweb.asm.ClassReader::readMethod (1066 bytes)

Stack: [0x000000eab9100000,0x000000eab9200000]
Native frames: (J=compiled Java code, j=interpreted, Vv=VM code, C=native code)
V  [jvm.dll+0x67754a]
V  [jvm.dll+0x834304]
V  [jvm.dll+0x835aae]
V  [jvm.dll+0x836113]
V  [jvm.dll+0x24696f]
V  [jvm.dll+0xac0ac]
V  [jvm.dll+0xac67c]
V  [jvm.dll+0x364e37]
V  [jvm.dll+0x1bca82]
V  [jvm.dll+0x219799]
V  [jvm.dll+0x218a61]
V  [jvm.dll+0x1a4d8d]
V  [jvm.dll+0x2284da]
V  [jvm.dll+0x226615]
V  [jvm.dll+0x7ea90b]
V  [jvm.dll+0x7e4e7a]
V  [jvm.dll+0x676395]
C  [ucrtbase.dll+0x29363]
C  [KERNEL32.DLL+0x126ad]
C  [ntdll.dll+0x5aa68]


---------------  P R O C E S S  ---------------

Threads class SMR info:
_java_thread_list=0x000002e63876c560, length=26, elements={
0x000002e61ad2d300, 0x000002e61adee9e0, 0x000002e633eb5020, 0x000002e62ebae000,
0x000002e62ebaeac0, 0x000002e633ee4e20, 0x000002e633ee78e0, 0x000002e633eef1b0,
0x000002e633ef73b0, 0x000002e633f028b0, 0x000002e633fed3c0, 0x000002e633ef5040,
0x000002e633ef4b30, 0x000002e633ef4110, 0x000002e633ef3c00, 0x000002e635e0fa20,
0x000002e636508fd0, 0x000002e63665c050, 0x000002e63688f940, 0x000002e63688cdf0,
0x000002e63688ead0, 0x000002e63688c920, 0x000002e63688d2c0, 0x000002e63688e600,
0x000002e633ef4620, 0x000002e63688dc60
}

Java Threads: ( => current thread )
  0x000002e61ad2d300 JavaThread "main" [_thread_blocked, id=9396, stack(0x000000eab8200000,0x000000eab8300000)]
  0x000002e61adee9e0 JavaThread "Reference Handler" daemon [_thread_blocked, id=9848, stack(0x000000eab8500000,0x000000eab8600000)]
  0x000002e633eb5020 JavaThread "Finalizer" daemon [_thread_blocked, id=20412, stack(0x000000eab8600000,0x000000eab8700000)]
  0x000002e62ebae000 JavaThread "Signal Dispatcher" daemon [_thread_blocked, id=12220, stack(0x000000eab8700000,0x000000eab8800000)]
  0x000002e62ebaeac0 JavaThread "Attach Listener" daemon [_thread_blocked, id=21600, stack(0x000000eab8800000,0x000000eab8900000)]
  0x000002e633ee4e20 JavaThread "Service Thread" daemon [_thread_blocked, id=7716, stack(0x000000eab8900000,0x000000eab8a00000)]
  0x000002e633ee78e0 JavaThread "Monitor Deflation Thread" daemon [_thread_blocked, id=21096, stack(0x000000eab8a00000,0x000000eab8b00000)]
  0x000002e633eef1b0 JavaThread "C2 CompilerThread0" daemon [_thread_in_native, id=14804, stack(0x000000eab8b00000,0x000000eab8c00000)]
  0x000002e633ef73b0 JavaThread "C1 CompilerThread0" daemon [_thread_blocked, id=10652, stack(0x000000eab8c00000,0x000000eab8d00000)]
  0x000002e633f028b0 JavaThread "Sweeper thread" daemon [_thread_blocked, id=8428, stack(0x000000eab8d00000,0x000000eab8e00000)]
  0x000002e633fed3c0 JavaThread "Common-Cleaner" daemon [_thread_blocked, id=15224, stack(0x000000eab8e00000,0x000000eab8f00000)]
  0x000002e633ef5040 JavaThread "C1 CompilerThread1" daemon [_thread_blocked, id=19516, stack(0x000000eab8f00000,0x000000eab9000000)]
  0x000002e633ef4b30 JavaThread "C1 CompilerThread2" daemon [_thread_in_vm, id=19360, stack(0x000000eab9000000,0x000000eab9100000)]
=>0x000002e633ef4110 JavaThread "C2 CompilerThread1" daemon [_thread_in_native, id=20344, stack(0x000000eab9100000,0x000000eab9200000)]
  0x000002e633ef3c00 JavaThread "C1 CompilerThread3" daemon [_thread_blocked, id=3108, stack(0x000000eab9300000,0x000000eab9400000)]
  0x000002e635e0fa20 JavaThread "Notification Thread" daemon [_thread_blocked, id=11044, stack(0x000000eab9400000,0x000000eab9500000)]
  0x000002e636508fd0 JavaThread "Active Thread: Equinox Container: 2fcf6a51-1456-4c3f-8f3e-862e584bd659" [_thread_blocked, id=12564, stack(0x000000eab9c00000,0x000000eab9d00000)]
  0x000002e63665c050 JavaThread "Framework Event Dispatcher: Equinox Container: 2fcf6a51-1456-4c3f-8f3e-862e584bd659" daemon [_thread_blocked, id=1996, stack(0x000000eab9d00000,0x000000eab9e00000)]
  0x000002e63688f940 JavaThread "Start Level: Equinox Container: 2fcf6a51-1456-4c3f-8f3e-862e584bd659" daemon [_thread_in_vm, id=4812, stack(0x000000eab9e00000,0x000000eab9f00000)]
  0x000002e63688cdf0 JavaThread "SCR Component Actor" daemon [_thread_blocked, id=9968, stack(0x000000eab9f00000,0x000000eaba000000)]
  0x000002e63688ead0 JavaThread "SCR Component Registry" daemon [_thread_blocked, id=3444, stack(0x000000eaba200000,0x000000eaba300000)]
  0x000002e63688c920 JavaThread "Worker-JM" [_thread_blocked, id=14132, stack(0x000000eaba300000,0x000000eaba400000)]
  0x000002e63688d2c0 JavaThread "Worker-0" [_thread_blocked, id=16768, stack(0x000000eaba700000,0x000000eaba800000)]
  0x000002e63688e600 JavaThread "Worker-1" [_thread_blocked, id=22596, stack(0x000000eaba800000,0x000000eaba900000)]
  0x000002e633ef4620 JavaThread "C2 CompilerThread2" daemon [_thread_in_native, id=7460, stack(0x000000eaba900000,0x000000eabaa00000)]
  0x000002e63688dc60 JavaThread "Java indexing" daemon [_thread_blocked, id=16748, stack(0x000000eabaa00000,0x000000eabab00000)]

Other Threads:
  0x000002e62eba3980 VMThread "VM Thread" [stack: 0x000000eab8400000,0x000000eab8500000] [id=22700]
  0x000002e635e11300 WatcherThread [stack: 0x000000eab9500000,0x000000eab9600000] [id=21192]
  0x000002e61ad42760 GCTaskThread "GC Thread#0" [stack: 0x000000eab8300000,0x000000eab8400000] [id=11768]
  0x000002e63605a540 GCTaskThread "GC Thread#1" [stack: 0x000000eab9700000,0x000000eab9800000] [id=11644]
  0x000002e63605aa00 GCTaskThread "GC Thread#2" [stack: 0x000000eab9800000,0x000000eab9900000] [id=3660]
  0x000002e63605acb0 GCTaskThread "GC Thread#3" [stack: 0x000000eab9900000,0x000000eab9a00000] [id=3044]
  0x000002e63605af60 GCTaskThread "GC Thread#4" [stack: 0x000000eab9a00000,0x000000eab9b00000] [id=17456]
  0x000002e63605b210 GCTaskThread "GC Thread#5" [stack: 0x000000eab9b00000,0x000000eab9c00000] [id=16612]
  0x000002e6366f9a00 GCTaskThread "GC Thread#6" [stack: 0x000000eaba000000,0x000000eaba100000] [id=20676]
  0x000002e636dda020 GCTaskThread "GC Thread#7" [stack: 0x000000eaba100000,0x000000eaba200000] [id=17332]
  0x000002e636c3ee90 GCTaskThread "GC Thread#8" [stack: 0x000000eaba400000,0x000000eaba500000] [id=12968]
  0x000002e636c3f140 GCTaskThread "GC Thread#9" [stack: 0x000000eaba500000,0x000000eaba600000] [id=12212]
  0x000002e636be67f0 GCTaskThread "GC Thread#10" [stack: 0x000000eaba600000,0x000000eaba700000] [id=16252]
  0x000002e637041950 GCTaskThread "GC Thread#11" [stack: 0x000000eab9200000,0x000000eab9300000] [id=22836]
  0x000002e63721d680 GCTaskThread "GC Thread#12" [stack: 0x000000eab9600000,0x000000eab9700000] [id=11456]

Threads with active compile tasks:
C2 CompilerThread0     1896 3151       4       java.io.WinNTFileSystem::normalize (143 bytes)
C2 CompilerThread1     1896 3058       4       org.objectweb.asm.ClassReader::readMethod (1066 bytes)
C2 CompilerThread2     1896 3247  s    4       java.util.Hashtable::put (104 bytes)

VM state: not at safepoint (normal execution)

VM Mutex/Monitor currently owned by a thread: None

Heap address: 0x00000000c0000000, size: 1024 MB, Compressed Oops mode: 32-bit

CDS archive(s) not mapped
Compressed class space mapped at: 0x0000000100000000-0x0000000140000000, reserved size: 1073741824
Narrow klass base: 0x0000000000000000, Narrow klass shift: 3, Narrow klass range: 0x140000000

GC Precious Log:
 CPUs: 16 total, 16 available
 Memory: 16085M
 Large Page Support: Disabled
 NUMA Support: Disabled
 Compressed Oops: Enabled (32-bit)
 Alignments: Space 512K, Generation 512K, Heap 2M
 Heap Min Capacity: 100M
 Heap Initial Capacity: 100M
 Heap Max Capacity: 1G
 Pre-touch: Disabled
 Parallel Workers: 13

Heap:
 PSYoungGen      total 28160K, used 9862K [0x00000000eab00000, 0x00000000ecb80000, 0x0000000100000000)
  eden space 24064K, 24% used [0x00000000eab00000,0x00000000eb0a5868,0x00000000ec280000)
  from space 4096K, 99% used [0x00000000ec300000,0x00000000ec6fc118,0x00000000ec700000)
  to   space 4608K, 0% used [0x00000000ec700000,0x00000000ec700000,0x00000000ecb80000)
 ParOldGen       total 68608K, used 8308K [0x00000000c0000000, 0x00000000c4300000, 0x00000000eab00000)
  object space 68608K, 12% used [0x00000000c0000000,0x00000000c081d198,0x00000000c4300000)
 Metaspace       used 31492K, committed 32128K, reserved 1114112K
  class space    used 3086K, committed 3328K, reserved 1048576K

Card table byte_map: [0x000002e61a6d0000,0x000002e61a8e0000] _byte_map_base: 0x000002e61a0d0000

Marking Bits: (ParMarkBitMap*) 0x00007ffe4cf552c0
 Begin Bits: [0x000002e62c9b0000, 0x000002e62d9b0000)
 End Bits:   [0x000002e62d9b0000, 0x000002e62e9b0000)

Polling page: 0x000002e618b20000

Metaspace:

Usage:
  Non-class:     27.75 MB used.
      Class:      3.02 MB used.
       Both:     30.77 MB used.

Virtual space:
  Non-class space:       64.00 MB reserved,      28.12 MB ( 44%) committed,  1 nodes.
      Class space:        1.00 GB reserved,       3.25 MB ( <1%) committed,  1 nodes.
             Both:        1.06 GB reserved,      31.38 MB (  3%) committed. 

Chunk freelists:
   Non-Class:  2.98 MB
       Class:  12.77 MB
        Both:  15.75 MB

MaxMetaspaceSize: unlimited
CompressedClassSpaceSize: 1.00 GB
Initial GC threshold: 21.00 MB
Current GC threshold: 35.00 MB
CDS: off
MetaspaceReclaimPolicy: balanced
 - commit_granule_bytes: 65536.
 - commit_granule_words: 8192.
 - virtual_space_node_default_size: 8388608.
 - enlarge_chunks_in_place: 1.
 - new_chunks_are_fully_committed: 0.
 - uncommit_free_chunks: 1.
 - use_allocation_guard: 0.
 - handle_deallocations: 1.


Internal statistics:

num_allocs_failed_limit: 3.
num_arena_births: 318.
num_arena_deaths: 14.
num_vsnodes_births: 2.
num_vsnodes_deaths: 0.
num_space_committed: 502.
num_space_uncommitted: 0.
num_chunks_returned_to_freelist: 17.
num_chunks_taken_from_freelist: 1231.
num_chunk_merges: 7.
num_chunk_splits: 804.
num_chunks_enlarged: 532.
num_inconsistent_stats: 0.

CodeHeap 'non-profiled nmethods': size=119168Kb used=1307Kb max_used=1307Kb free=117860Kb
 bounds [0x000002e625550000, 0x000002e6257c0000, 0x000002e62c9b0000]
CodeHeap 'profiled nmethods': size=119104Kb used=6665Kb max_used=6665Kb free=112438Kb
 bounds [0x000002e61d9b0000, 0x000002e61e040000, 0x000002e624e00000]
CodeHeap 'non-nmethods': size=7488Kb used=2964Kb max_used=3008Kb free=4523Kb
 bounds [0x000002e624e00000, 0x000002e625100000, 0x000002e625550000]
 total_blobs=3824 nmethods=3249 adapters=485
 compilation: enabled
              stopped_count=0, restarted_count=0
 full_count=0

Compilation events (20 events):
Event: 1.875 Thread 0x000002e633ef73b0 nmethod 3227 0x000002e61e022f10 code [0x000002e61e023120, 0x000002e61e023658]
Event: 1.875 Thread 0x000002e633ef73b0 3228       1       java.nio.file.Files$AcceptAllFilter::accept (2 bytes)
Event: 1.875 Thread 0x000002e633ef4620 3229       4       jdk.internal.misc.Unsafe::getInt (7 bytes)
Event: 1.875 Thread 0x000002e633ef73b0 nmethod 3228 0x000002e625695b10 code [0x000002e625695ca0, 0x000002e625695d78]
Event: 1.875 Thread 0x000002e633ef73b0 3230       3       sun.nio.fs.WindowsPath::getFileName (87 bytes)
Event: 1.875 Thread 0x000002e633ef5040 3231   !   3       sun.nio.fs.WindowsPath::createFromNormalizedPath (65 bytes)
Event: 1.875 Thread 0x000002e633ef4b30 3232       3       sun.nio.fs.WindowsPathParser::parseNormalizedPath (6 bytes)
Event: 1.875 Thread 0x000002e633ef4b30 nmethod 3232 0x000002e61e023810 code [0x000002e61e0239a0, 0x000002e61e023ac8]
Event: 1.876 Thread 0x000002e633ef3c00 nmethod 3225 0x000002e61e023b90 code [0x000002e61e023e40, 0x000002e61e024bb8]
Event: 1.876 Thread 0x000002e633ef4620 nmethod 3229 0x000002e625695e10 code [0x000002e625695f80, 0x000002e625695ff8]
Event: 1.876 Thread 0x000002e633ef5040 nmethod 3231 0x000002e61e025110 code [0x000002e61e025320, 0x000002e61e025958]
Event: 1.876 Thread 0x000002e633ef73b0 nmethod 3230 0x000002e61e025c90 code [0x000002e61e025f40, 0x000002e61e026c88]
Event: 1.876 Thread 0x000002e633ef3c00 3234       3       java.lang.invoke.InnerClassLambdaMetafactory::getLoadOpcode (26 bytes)
Event: 1.876 Thread 0x000002e633ef73b0 3235       3       java.lang.invoke.InnerClassLambdaMetafactory::getParameterSize (27 bytes)
Event: 1.876 Thread 0x000002e633ef73b0 nmethod 3235 0x000002e61e027190 code [0x000002e61e027340, 0x000002e61e027558]
Event: 1.876 Thread 0x000002e633ef3c00 nmethod 3234 0x000002e61e027610 code [0x000002e61e0277c0, 0x000002e61e0279d8]
Event: 1.878 Thread 0x000002e633ef73b0 3236   !   3       org.eclipse.osgi.storage.BundleInfo$Generation::getContentType (17 bytes)
Event: 1.878 Thread 0x000002e633ef3c00 3237       3       sun.net.util.URLUtil::urlNoFragString (114 bytes)
Event: 1.878 Thread 0x000002e633ef73b0 nmethod 3236 0x000002e61e027a90 code [0x000002e61e027c20, 0x000002e61e027e18]
Event: 1.879 Thread 0x000002e633ef3c00 nmethod 3237 0x000002e61e027f10 code [0x000002e61e028240, 0x000002e61e029258]

GC Heap History (16 events):
Event: 0.466 GC heap before
{Heap before GC invocations=1 (full 0):
 PSYoungGen      total 29696K, used 25600K [0x00000000eab00000, 0x00000000ecc00000, 0x0000000100000000)
  eden space 25600K, 100% used [0x00000000eab00000,0x00000000ec400000,0x00000000ec400000)
  from space 4096K, 0% used [0x00000000ec800000,0x00000000ec800000,0x00000000ecc00000)
  to   space 4096K, 0% used [0x00000000ec400000,0x00000000ec400000,0x00000000ec800000)
 ParOldGen       total 68608K, used 0K [0x00000000c0000000, 0x00000000c4300000, 0x00000000eab00000)
  object space 68608K, 0% used [0x00000000c0000000,0x00000000c0000000,0x00000000c4300000)
 Metaspace       used 10768K, committed 10816K, reserved 1114112K
  class space    used 1067K, committed 1088K, reserved 1048576K
}
Event: 0.471 GC heap after
{Heap after GC invocations=1 (full 0):
 PSYoungGen      total 29696K, used 3065K [0x00000000eab00000, 0x00000000ecc00000, 0x0000000100000000)
  eden space 25600K, 0% used [0x00000000eab00000,0x00000000eab00000,0x00000000ec400000)
  from space 4096K, 74% used [0x00000000ec400000,0x00000000ec6fe4a0,0x00000000ec800000)
  to   space 4096K, 0% used [0x00000000ec800000,0x00000000ec800000,0x00000000ecc00000)
 ParOldGen       total 68608K, used 16K [0x00000000c0000000, 0x00000000c4300000, 0x00000000eab00000)
  object space 68608K, 0% used [0x00000000c0000000,0x00000000c0004000,0x00000000c4300000)
 Metaspace       used 10768K, committed 10816K, reserved 1114112K
  class space    used 1067K, committed 1088K, reserved 1048576K
}
Event: 0.782 GC heap before
{Heap before GC invocations=2 (full 0):
 PSYoungGen      total 29696K, used 28665K [0x00000000eab00000, 0x00000000ecc00000, 0x0000000100000000)
  eden space 25600K, 100% used [0x00000000eab00000,0x00000000ec400000,0x00000000ec400000)
  from space 4096K, 74% used [0x00000000ec400000,0x00000000ec6fe4a0,0x00000000ec800000)
  to   space 4096K, 0% used [0x00000000ec800000,0x00000000ec800000,0x00000000ecc00000)
 ParOldGen       total 68608K, used 16K [0x00000000c0000000, 0x00000000c4300000, 0x00000000eab00000)
  object space 68608K, 0% used [0x00000000c0000000,0x00000000c0004000,0x00000000c4300000)
 Metaspace       used 14554K, committed 14720K, reserved 1114112K
  class space    used 1462K, committed 1536K, reserved 1048576K
}
Event: 0.786 GC heap after
{Heap after GC invocations=2 (full 0):
 PSYoungGen      total 29696K, used 4084K [0x00000000eab00000, 0x00000000ecc00000, 0x0000000100000000)
  eden space 25600K, 0% used [0x00000000eab00000,0x00000000eab00000,0x00000000ec400000)
  from space 4096K, 99% used [0x00000000ec800000,0x00000000ecbfd100,0x00000000ecc00000)
  to   space 4096K, 0% used [0x00000000ec400000,0x00000000ec400000,0x00000000ec800000)
 ParOldGen       total 68608K, used 1317K [0x00000000c0000000, 0x00000000c4300000, 0x00000000eab00000)
  object space 68608K, 1% used [0x00000000c0000000,0x00000000c01497b0,0x00000000c4300000)
 Metaspace       used 14554K, committed 14720K, reserved 1114112K
  class space    used 1462K, committed 1536K, reserved 1048576K
}
Event: 1.101 GC heap before
{Heap before GC invocations=3 (full 0):
 PSYoungGen      total 29696K, used 29684K [0x00000000eab00000, 0x00000000ecc00000, 0x0000000100000000)
  eden space 25600K, 100% used [0x00000000eab00000,0x00000000ec400000,0x00000000ec400000)
  from space 4096K, 99% used [0x00000000ec800000,0x00000000ecbfd100,0x00000000ecc00000)
  to   space 4096K, 0% used [0x00000000ec400000,0x00000000ec400000,0x00000000ec800000)
 ParOldGen       total 68608K, used 1317K [0x00000000c0000000, 0x00000000c4300000, 0x00000000eab00000)
  object space 68608K, 1% used [0x00000000c0000000,0x00000000c01497b0,0x00000000c4300000)
 Metaspace       used 19612K, committed 19968K, reserved 1114112K
  class space    used 1987K, committed 2112K, reserved 1048576K
}
Event: 1.105 GC heap after
{Heap after GC invocations=3 (full 0):
 PSYoungGen      total 29696K, used 4075K [0x00000000eab00000, 0x00000000ecc00000, 0x0000000100000000)
  eden space 25600K, 0% used [0x00000000eab00000,0x00000000eab00000,0x00000000ec400000)
  from space 4096K, 99% used [0x00000000ec400000,0x00000000ec7fadb0,0x00000000ec800000)
  to   space 4096K, 0% used [0x00000000ec800000,0x00000000ec800000,0x00000000ecc00000)
 ParOldGen       total 68608K, used 3344K [0x00000000c0000000, 0x00000000c4300000, 0x00000000eab00000)
  object space 68608K, 4% used [0x00000000c0000000,0x00000000c03443a8,0x00000000c4300000)
 Metaspace       used 19612K, committed 19968K, reserved 1114112K
  class space    used 1987K, committed 2112K, reserved 1048576K
}
Event: 1.264 GC heap before
{Heap before GC invocations=4 (full 0):
 PSYoungGen      total 29696K, used 13418K [0x00000000eab00000, 0x00000000ecc00000, 0x0000000100000000)
  eden space 25600K, 36% used [0x00000000eab00000,0x00000000eb41fe40,0x00000000ec400000)
  from space 4096K, 99% used [0x00000000ec400000,0x00000000ec7fadb0,0x00000000ec800000)
  to   space 4096K, 0% used [0x00000000ec800000,0x00000000ec800000,0x00000000ecc00000)
 ParOldGen       total 68608K, used 3344K [0x00000000c0000000, 0x00000000c4300000, 0x00000000eab00000)
  object space 68608K, 4% used [0x00000000c0000000,0x00000000c03443a8,0x00000000c4300000)
 Metaspace       used 21030K, committed 21504K, reserved 1114112K
  class space    used 2128K, committed 2368K, reserved 1048576K
}
Event: 1.267 GC heap after
{Heap after GC invocations=4 (full 0):
 PSYoungGen      total 29696K, used 4066K [0x00000000eab00000, 0x00000000ecc00000, 0x0000000100000000)
  eden space 25600K, 0% used [0x00000000eab00000,0x00000000eab00000,0x00000000ec400000)
  from space 4096K, 99% used [0x00000000ec800000,0x00000000ecbf8958,0x00000000ecc00000)
  to   space 4096K, 0% used [0x00000000ec400000,0x00000000ec400000,0x00000000ec800000)
 ParOldGen       total 68608K, used 4348K [0x00000000c0000000, 0x00000000c4300000, 0x00000000eab00000)
  object space 68608K, 6% used [0x00000000c0000000,0x00000000c043f3e8,0x00000000c4300000)
 Metaspace       used 21030K, committed 21504K, reserved 1114112K
  class space    used 2128K, committed 2368K, reserved 1048576K
}
Event: 1.267 GC heap before
{Heap before GC invocations=5 (full 1):
 PSYoungGen      total 29696K, used 4066K [0x00000000eab00000, 0x00000000ecc00000, 0x0000000100000000)
  eden space 25600K, 0% used [0x00000000eab00000,0x00000000eab00000,0x00000000ec400000)
  from space 4096K, 99% used [0x00000000ec800000,0x00000000ecbf8958,0x00000000ecc00000)
  to   space 4096K, 0% used [0x00000000ec400000,0x00000000ec400000,0x00000000ec800000)
 ParOldGen       total 68608K, used 4348K [0x00000000c0000000, 0x00000000c4300000, 0x00000000eab00000)
  object space 68608K, 6% used [0x00000000c0000000,0x00000000c043f3e8,0x00000000c4300000)
 Metaspace       used 21030K, committed 21504K, reserved 1114112K
  class space    used 2128K, committed 2368K, reserved 1048576K
}
Event: 1.287 GC heap after
{Heap after GC invocations=5 (full 1):
 PSYoungGen      total 29696K, used 0K [0x00000000eab00000, 0x00000000ecc00000, 0x0000000100000000)
  eden space 25600K, 0% used [0x00000000eab00000,0x00000000eab00000,0x00000000ec400000)
  from space 4096K, 0% used [0x00000000ec800000,0x00000000ec800000,0x00000000ecc00000)
  to   space 4096K, 0% used [0x00000000ec400000,0x00000000ec400000,0x00000000ec800000)
 ParOldGen       total 68608K, used 8220K [0x00000000c0000000, 0x00000000c4300000, 0x00000000eab00000)
  object space 68608K, 11% used [0x00000000c0000000,0x00000000c0807198,0x00000000c4300000)
 Metaspace       used 21017K, committed 21504K, reserved 1114112K
  class space    used 2124K, committed 2368K, reserved 1048576K
}
Event: 1.579 GC heap before
{Heap before GC invocations=6 (full 1):
 PSYoungGen      total 29696K, used 25600K [0x00000000eab00000, 0x00000000ecc00000, 0x0000000100000000)
  eden space 25600K, 100% used [0x00000000eab00000,0x00000000ec400000,0x00000000ec400000)
  from space 4096K, 0% used [0x00000000ec800000,0x00000000ec800000,0x00000000ecc00000)
  to   space 4096K, 0% used [0x00000000ec400000,0x00000000ec400000,0x00000000ec800000)
 ParOldGen       total 68608K, used 8220K [0x00000000c0000000, 0x00000000c4300000, 0x00000000eab00000)
  object space 68608K, 11% used [0x00000000c0000000,0x00000000c0807198,0x00000000c4300000)
 Metaspace       used 24572K, committed 25152K, reserved 1114112K
  class space    used 2536K, committed 2816K, reserved 1048576K
}
Event: 1.581 GC heap after
{Heap after GC invocations=6 (full 1):
 PSYoungGen      total 28160K, used 2742K [0x00000000eab00000, 0x00000000ecb80000, 0x0000000100000000)
  eden space 25088K, 0% used [0x00000000eab00000,0x00000000eab00000,0x00000000ec380000)
  from space 3072K, 89% used [0x00000000ec400000,0x00000000ec6adbb0,0x00000000ec700000)
  to   space 4096K, 0% used [0x00000000ec780000,0x00000000ec780000,0x00000000ecb80000)
 ParOldGen       total 68608K, used 8228K [0x00000000c0000000, 0x00000000c4300000, 0x00000000eab00000)
  object space 68608K, 11% used [0x00000000c0000000,0x00000000c0809198,0x00000000c4300000)
 Metaspace       used 24572K, committed 25152K, reserved 1114112K
  class space    used 2536K, committed 2816K, reserved 1048576K
}
Event: 1.710 GC heap before
{Heap before GC invocations=7 (full 1):
 PSYoungGen      total 28160K, used 27818K [0x00000000eab00000, 0x00000000ecb80000, 0x0000000100000000)
  eden space 25088K, 99% used [0x00000000eab00000,0x00000000ec37ce60,0x00000000ec380000)
  from space 3072K, 89% used [0x00000000ec400000,0x00000000ec6adbb0,0x00000000ec700000)
  to   space 4096K, 0% used [0x00000000ec780000,0x00000000ec780000,0x00000000ecb80000)
 ParOldGen       total 68608K, used 8228K [0x00000000c0000000, 0x00000000c4300000, 0x00000000eab00000)
  object space 68608K, 11% used [0x00000000c0000000,0x00000000c0809198,0x00000000c4300000)
 Metaspace       used 27971K, committed 28544K, reserved 1114112K
  class space    used 2780K, committed 3072K, reserved 1048576K
}
Event: 1.711 GC heap after
{Heap after GC invocations=7 (full 1):
 PSYoungGen      total 28160K, used 3534K [0x00000000eab00000, 0x00000000ecb00000, 0x0000000100000000)
  eden space 24576K, 0% used [0x00000000eab00000,0x00000000eab00000,0x00000000ec300000)
  from space 3584K, 98% used [0x00000000ec780000,0x00000000ecaf3958,0x00000000ecb00000)
  to   space 4096K, 0% used [0x00000000ec300000,0x00000000ec300000,0x00000000ec700000)
 ParOldGen       total 68608K, used 8236K [0x00000000c0000000, 0x00000000c4300000, 0x00000000eab00000)
  object space 68608K, 12% used [0x00000000c0000000,0x00000000c080b198,0x00000000c4300000)
 Metaspace       used 27971K, committed 28544K, reserved 1114112K
  class space    used 2780K, committed 3072K, reserved 1048576K
}
Event: 1.809 GC heap before
{Heap before GC invocations=8 (full 1):
 PSYoungGen      total 28160K, used 28110K [0x00000000eab00000, 0x00000000ecb00000, 0x0000000100000000)
  eden space 24576K, 100% used [0x00000000eab00000,0x00000000ec300000,0x00000000ec300000)
  from space 3584K, 98% used [0x00000000ec780000,0x00000000ecaf3958,0x00000000ecb00000)
  to   space 4096K, 0% used [0x00000000ec300000,0x00000000ec300000,0x00000000ec700000)
 ParOldGen       total 68608K, used 8236K [0x00000000c0000000, 0x00000000c4300000, 0x00000000eab00000)
  object space 68608K, 12% used [0x00000000c0000000,0x00000000c080b198,0x00000000c4300000)
 Metaspace       used 30613K, committed 31232K, reserved 1114112K
  class space    used 2989K, committed 3264K, reserved 1048576K
}
Event: 1.810 GC heap after
{Heap after GC invocations=8 (full 1):
 PSYoungGen      total 28160K, used 4080K [0x00000000eab00000, 0x00000000ecb80000, 0x0000000100000000)
  eden space 24064K, 0% used [0x00000000eab00000,0x00000000eab00000,0x00000000ec280000)
  from space 4096K, 99% used [0x00000000ec300000,0x00000000ec6fc118,0x00000000ec700000)
  to   space 4608K, 0% used [0x00000000ec700000,0x00000000ec700000,0x00000000ecb80000)
 ParOldGen       total 68608K, used 8308K [0x00000000c0000000, 0x00000000c4300000, 0x00000000eab00000)
  object space 68608K, 12% used [0x00000000c0000000,0x00000000c081d198,0x00000000c4300000)
 Metaspace       used 30613K, committed 31232K, reserved 1114112K
  class space    used 2989K, committed 3264K, reserved 1048576K
}

Dll operation events (9 events):
Event: 0.006 Loaded shared library c:\Users\Admin\.vscode\extensions\redhat.java-1.21.0-win32-x64\jre\17.0.7-win32-x86_64\bin\java.dll
Event: 0.097 Loaded shared library c:\Users\Admin\.vscode\extensions\redhat.java-1.21.0-win32-x64\jre\17.0.7-win32-x86_64\bin\zip.dll
Event: 0.099 Loaded shared library C:\Users\Admin\.vscode\extensions\redhat.java-1.21.0-win32-x64\jre\17.0.7-win32-x86_64\bin\instrument.dll
Event: 0.108 Loaded shared library C:\Users\Admin\.vscode\extensions\redhat.java-1.21.0-win32-x64\jre\17.0.7-win32-x86_64\bin\net.dll
Event: 0.109 Loaded shared library C:\Users\Admin\.vscode\extensions\redhat.java-1.21.0-win32-x64\jre\17.0.7-win32-x86_64\bin\nio.dll
Event: 0.114 Loaded shared library C:\Users\Admin\.vscode\extensions\redhat.java-1.21.0-win32-x64\jre\17.0.7-win32-x86_64\bin\zip.dll
Event: 0.122 Loaded shared library C:\Users\Admin\.vscode\extensions\redhat.java-1.21.0-win32-x64\jre\17.0.7-win32-x86_64\bin\jimage.dll
Event: 0.150 Loaded shared library c:\Users\Admin\.vscode\extensions\redhat.java-1.21.0-win32-x64\jre\17.0.7-win32-x86_64\bin\verify.dll
Event: 0.734 Loaded shared library C:\Users\Admin\AppData\Roaming\Code\User\globalStorage\redhat.java\1.21.0\config_win\org.eclipse.equinox.launcher\org.eclipse.equinox.launcher.win32.win32.x86_64_1.2.700.v20221108-1024\eclipse_11801.dll

Deoptimization events (20 events):
Event: 1.813 Thread 0x000002e63688f940 DEOPT PACKING pc=0x000002e61dd1db88 sp=0x000000eab9ef97a0
Event: 1.814 Thread 0x000002e63688f940 DEOPT UNPACKING pc=0x000002e624e5a9e3 sp=0x000000eab9ef8ca8 mode 0
Event: 1.817 Thread 0x000002e63688f940 DEOPT PACKING pc=0x000002e61dd1db88 sp=0x000000eab9ef9470
Event: 1.817 Thread 0x000002e63688f940 DEOPT UNPACKING pc=0x000002e624e5a9e3 sp=0x000000eab9ef8978 mode 0
Event: 1.824 Thread 0x000002e63688f940 Uncommon trap: trap_request=0xffffffc6 fr.pc=0x000002e6255e0ca0 relative=0x0000000000000960
Event: 1.824 Thread 0x000002e63688f940 Uncommon trap: reason=bimorphic_or_optimized_type_check action=maybe_recompile pc=0x000002e6255e0ca0 method=java.util.HashMap.putVal(ILjava/lang/Object;Ljava/lang/Object;ZZ)Ljava/lang/Object; @ 56 c2
Event: 1.824 Thread 0x000002e63688f940 DEOPT PACKING pc=0x000002e6255e0ca0 sp=0x000000eab9efd8d0
Event: 1.824 Thread 0x000002e63688f940 DEOPT UNPACKING pc=0x000002e624e59ea3 sp=0x000000eab9efd828 mode 2
Event: 1.824 Thread 0x000002e63688f940 Uncommon trap: trap_request=0xffffffc6 fr.pc=0x000002e6255e0ca0 relative=0x0000000000000960
Event: 1.824 Thread 0x000002e63688f940 Uncommon trap: reason=bimorphic_or_optimized_type_check action=maybe_recompile pc=0x000002e6255e0ca0 method=java.util.HashMap.putVal(ILjava/lang/Object;Ljava/lang/Object;ZZ)Ljava/lang/Object; @ 56 c2
Event: 1.824 Thread 0x000002e63688f940 DEOPT PACKING pc=0x000002e6255e0ca0 sp=0x000000eab9efd8d0
Event: 1.824 Thread 0x000002e63688f940 DEOPT UNPACKING pc=0x000002e624e59ea3 sp=0x000000eab9efd828 mode 2
Event: 1.824 Thread 0x000002e63688f940 Uncommon trap: trap_request=0xffffffc6 fr.pc=0x000002e6255e0ca0 relative=0x0000000000000960
Event: 1.824 Thread 0x000002e63688f940 Uncommon trap: reason=bimorphic_or_optimized_type_check action=maybe_recompile pc=0x000002e6255e0ca0 method=java.util.HashMap.putVal(ILjava/lang/Object;Ljava/lang/Object;ZZ)Ljava/lang/Object; @ 56 c2
Event: 1.824 Thread 0x000002e63688f940 DEOPT PACKING pc=0x000002e6255e0ca0 sp=0x000000eab9efd8d0
Event: 1.824 Thread 0x000002e63688f940 DEOPT UNPACKING pc=0x000002e624e59ea3 sp=0x000000eab9efd828 mode 2
Event: 1.824 Thread 0x000002e63688f940 Uncommon trap: trap_request=0xffffffc6 fr.pc=0x000002e6255e0ca0 relative=0x0000000000000960
Event: 1.824 Thread 0x000002e63688f940 Uncommon trap: reason=bimorphic_or_optimized_type_check action=maybe_recompile pc=0x000002e6255e0ca0 method=java.util.HashMap.putVal(ILjava/lang/Object;Ljava/lang/Object;ZZ)Ljava/lang/Object; @ 56 c2
Event: 1.824 Thread 0x000002e63688f940 DEOPT PACKING pc=0x000002e6255e0ca0 sp=0x000000eab9efd8d0
Event: 1.824 Thread 0x000002e63688f940 DEOPT UNPACKING pc=0x000002e624e59ea3 sp=0x000000eab9efd828 mode 2

Classes unloaded (7 events):
Event: 1.271 Thread 0x000002e62eba3980 Unloading class 0x000000010020c000 'java/lang/invoke/LambdaForm$MH+0x000000010020c000'
Event: 1.271 Thread 0x000002e62eba3980 Unloading class 0x000000010020bc00 'java/lang/invoke/LambdaForm$MH+0x000000010020bc00'
Event: 1.271 Thread 0x000002e62eba3980 Unloading class 0x000000010020b800 'java/lang/invoke/LambdaForm$MH+0x000000010020b800'
Event: 1.271 Thread 0x000002e62eba3980 Unloading class 0x000000010020b400 'java/lang/invoke/LambdaForm$MH+0x000000010020b400'
Event: 1.271 Thread 0x000002e62eba3980 Unloading class 0x000000010020b000 'java/lang/invoke/LambdaForm$BMH+0x000000010020b000'
Event: 1.271 Thread 0x000002e62eba3980 Unloading class 0x000000010020ac00 'java/lang/invoke/LambdaForm$DMH+0x000000010020ac00'
Event: 1.271 Thread 0x000002e62eba3980 Unloading class 0x0000000100208000 'java/lang/invoke/LambdaForm$DMH+0x0000000100208000'

Classes redefined (0 events):
No events

Internal exceptions (20 events):
Event: 1.293 Thread 0x000002e63688f940 Exception <a 'java/lang/NoSuchMethodError'{0x00000000eab21368}: 'java.lang.Object java.lang.invoke.DirectMethodHandle$Holder.newInvokeSpecial(java.lang.Object, java.lang.Object, java.lang.Object, long)'> (0x00000000eab21368) 
thrown [s\src\hotspot\share\interpreter\linkResolver.cpp, line 759]
Event: 1.293 Thread 0x000002e63688f940 Exception <a 'java/lang/NoSuchMethodError'{0x00000000eab25908}: 'java.lang.Object java.lang.invoke.DirectMethodHandle$Holder.invokeSpecial(java.lang.Object, java.lang.Object, java.lang.Object, java.lang.Object, long)'> (0x00000000eab25908) 
thrown [s\src\hotspot\share\interpreter\linkResolver.cpp, line 759]
Event: 1.293 Thread 0x000002e63688f940 Exception <a 'java/lang/NoSuchMethodError'{0x00000000eab29780}: 'java.lang.Object java.lang.invoke.Invokers$Holder.linkToTargetMethod(java.lang.Object, java.lang.Object, long, java.lang.Object)'> (0x00000000eab29780) 
thrown [s\src\hotspot\share\interpreter\linkResolver.cpp, line 759]
Event: 1.303 Thread 0x000002e63688f940 Exception <a 'java/lang/NoSuchMethodError'{0x00000000eac00b40}: 'int java.lang.invoke.DirectMethodHandle$Holder.invokeStaticInit(java.lang.Object, java.lang.Object, java.lang.Object)'> (0x00000000eac00b40) 
thrown [s\src\hotspot\share\interpreter\linkResolver.cpp, line 759]
Event: 1.310 Thread 0x000002e63688f940 Exception <a 'java/lang/IncompatibleClassChangeError'{0x00000000eac69670}: Found class java.lang.Object, but interface was expected> (0x00000000eac69670) 
thrown [s\src\hotspot\share\interpreter\linkResolver.cpp, line 826]
Event: 1.314 Thread 0x000002e63688f940 Exception <a 'java/lang/NoSuchMethodError'{0x00000000eac80ff8}: 'java.lang.Object java.lang.invoke.DirectMethodHandle$Holder.invokeSpecial(java.lang.Object, java.lang.Object, java.lang.Object, int, java.lang.Object, java.lang.Object)'> (0x00000000eac80ff8) 
thrown [s\src\hotspot\share\interpreter\linkResolver.cpp, line 759]
Event: 1.315 Thread 0x000002e63688f940 Exception <a 'java/lang/NoSuchMethodError'{0x00000000eac89780}: 'java.lang.Object java.lang.invoke.DirectMethodHandle$Holder.newInvokeSpecial(java.lang.Object, java.lang.Object, java.lang.Object, int, java.lang.Object)'> (0x00000000eac89780) 
thrown [s\src\hotspot\share\interpreter\linkResolver.cpp, line 759]
Event: 1.315 Thread 0x000002e63688f940 Exception <a 'java/lang/NoSuchMethodError'{0x00000000eac8dbd8}: 'java.lang.Object java.lang.invoke.DirectMethodHandle$Holder.invokeSpecial(java.lang.Object, java.lang.Object, java.lang.Object, java.lang.Object, int, java.lang.Object)'> (0x00000000eac8dbd8) 
thrown [s\src\hotspot\share\interpreter\linkResolver.cpp, line 759]
Event: 1.316 Thread 0x000002e63688d2c0 Exception <a 'java/lang/NoSuchMethodError'{0x00000000eabc0938}: 'java.lang.Object java.lang.invoke.DirectMethodHandle$Holder.invokeSpecial(java.lang.Object, java.lang.Object, int, java.lang.Object, java.lang.Object)'> (0x00000000eabc0938) 
thrown [s\src\hotspot\share\interpreter\linkResolver.cpp, line 759]
Event: 1.316 Thread 0x000002e63688d2c0 Exception <a 'java/lang/NoSuchMethodError'{0x00000000eabc8008}: 'java.lang.Object java.lang.invoke.DirectMethodHandle$Holder.newInvokeSpecial(java.lang.Object, java.lang.Object, int, java.lang.Object)'> (0x00000000eabc8008) 
thrown [s\src\hotspot\share\interpreter\linkResolver.cpp, line 759]
Event: 1.316 Thread 0x000002e63688d2c0 Exception <a 'java/lang/NoSuchMethodError'{0x00000000eabcbb18}: 'java.lang.Object java.lang.invoke.DirectMethodHandle$Holder.invokeSpecial(java.lang.Object, java.lang.Object, java.lang.Object, int, java.lang.Object)'> (0x00000000eabcbb18) 
thrown [s\src\hotspot\share\interpreter\linkResolver.cpp, line 759]
Event: 1.460 Thread 0x000002e63688f940 Exception <a 'java/io/FileNotFoundException'{0x00000000eba3ef78}> (0x00000000eba3ef78) 
thrown [s\src\hotspot\share\prims\jni.cpp, line 516]
Event: 1.533 Thread 0x000002e63688f940 Exception <a 'java/lang/NoSuchMethodError'{0x00000000ec003118}: 'void java.lang.invoke.DirectMethodHandle$Holder.invokeSpecial(java.lang.Object, java.lang.Object, java.lang.Object, int)'> (0x00000000ec003118) 
thrown [s\src\hotspot\share\interpreter\linkResolver.cpp, line 759]
Event: 1.575 Thread 0x000002e63688d2c0 Exception <a 'java/io/FileNotFoundException'{0x00000000ec2f1550}> (0x00000000ec2f1550) 
thrown [s\src\hotspot\share\prims\jni.cpp, line 516]
Event: 1.797 Thread 0x000002e63688f940 Exception <a 'java/lang/ClassNotFoundException'{0x00000000ec1e3c48}: com/sun/org/apache/xerces/internal/impl/msg/spi/DOMMessagesProvider> (0x00000000ec1e3c48) 
thrown [s\src\hotspot\share\classfile\systemDictionary.cpp, line 256]
Event: 1.797 Thread 0x000002e63688f940 Exception <a 'java/lang/ClassNotFoundException'{0x00000000ec1ff960}: com/sun/org/apache/xerces/internal/impl/msg/spi/XMLSerializerMessagesProvider> (0x00000000ec1ff960) 
thrown [s\src\hotspot\share\classfile\systemDictionary.cpp, line 256]
Event: 1.798 Thread 0x000002e63688f940 Exception <a 'java/lang/ClassNotFoundException'{0x00000000ec20cc38}: com/sun/org/apache/xerces/internal/impl/msg/spi/XMLMessagesProvider> (0x00000000ec20cc38) 
thrown [s\src\hotspot\share\classfile\systemDictionary.cpp, line 256]
Event: 1.819 Thread 0x000002e63688f940 Exception <a 'java/lang/NoSuchMethodError'{0x00000000eac612d0}: 'void java.lang.invoke.DirectMethodHandle$Holder.invokeVirtual(java.lang.Object, java.lang.Object)'> (0x00000000eac612d0) 
thrown [s\src\hotspot\share\interpreter\linkResolver.cpp, line 759]
Event: 1.837 Thread 0x000002e63688f940 Exception <a 'java/lang/NoSuchMethodError'{0x00000000eadcc2a8}: 'java.lang.Object java.lang.invoke.DirectMethodHandle$Holder.invokeStaticInit(java.lang.Object, int, int, int, int)'> (0x00000000eadcc2a8) 
thrown [s\src\hotspot\share\interpreter\linkResolver.cpp, line 759]
Event: 1.876 Thread 0x000002e63688f940 Exception <a 'java/lang/NoSuchMethodError'{0x00000000eae71630}: 'java.lang.Object java.lang.invoke.DirectMethodHandle$Holder.invokeStaticInit(java.lang.Object, java.lang.Object, int, int, int, int)'> (0x00000000eae71630) 
thrown [s\src\hotspot\share\interpreter\linkResolver.cpp, line 759]

VM Operations (20 events):
Event: 1.264 Executing VM operation: CollectForMetadataAllocation
Event: 1.287 Executing VM operation: CollectForMetadataAllocation done
Event: 1.325 Executing VM operation: HandshakeAllThreads
Event: 1.325 Executing VM operation: HandshakeAllThreads done
Event: 1.392 Executing VM operation: HandshakeAllThreads
Event: 1.392 Executing VM operation: HandshakeAllThreads done
Event: 1.394 Executing VM operation: HandshakeAllThreads
Event: 1.394 Executing VM operation: HandshakeAllThreads done
Event: 1.417 Executing VM operation: HandshakeAllThreads
Event: 1.417 Executing VM operation: HandshakeAllThreads done
Event: 1.579 Executing VM operation: ParallelGCFailedAllocation
Event: 1.581 Executing VM operation: ParallelGCFailedAllocation done
Event: 1.710 Executing VM operation: ParallelGCFailedAllocation
Event: 1.711 Executing VM operation: ParallelGCFailedAllocation done
Event: 1.809 Executing VM operation: ParallelGCFailedAllocation
Event: 1.810 Executing VM operation: ParallelGCFailedAllocation done
Event: 1.824 Executing VM operation: HandshakeAllThreads
Event: 1.824 Executing VM operation: HandshakeAllThreads done
Event: 1.874 Executing VM operation: HandshakeAllThreads
Event: 1.874 Executing VM operation: HandshakeAllThreads done

Events (20 events):
Event: 1.844 loading class java/net/DefaultInterface
Event: 1.844 loading class java/net/DefaultInterface done
Event: 1.854 loading class java/net/NetworkInterface$1
Event: 1.854 loading class java/net/NetworkInterface$1 done
Event: 1.873 loading class java/nio/file/Files$AcceptAllFilter
Event: 1.873 loading class java/nio/file/DirectoryStream$Filter
Event: 1.873 loading class java/nio/file/DirectoryStream$Filter done
Event: 1.873 loading class java/nio/file/Files$AcceptAllFilter done
Event: 1.873 loading class sun/nio/fs/WindowsDirectoryStream
Event: 1.873 loading class java/nio/file/DirectoryStream
Event: 1.873 loading class java/nio/file/DirectoryStream done
Event: 1.873 loading class sun/nio/fs/WindowsDirectoryStream done
Event: 1.874 loading class sun/nio/fs/WindowsDirectoryStream$WindowsDirectoryIterator
Event: 1.874 loading class sun/nio/fs/WindowsDirectoryStream$WindowsDirectoryIterator done
Event: 1.874 loading class sun/nio/fs/WindowsPath$WindowsPathWithAttributes
Event: 1.874 loading class sun/nio/fs/BasicFileAttributesHolder
Event: 1.874 loading class sun/nio/fs/BasicFileAttributesHolder done
Event: 1.874 loading class sun/nio/fs/WindowsPath$WindowsPathWithAttributes done
Event: 1.877 loading class sun/security/provider/AbstractDrbg$NonceProvider
Event: 1.877 loading class sun/security/provider/AbstractDrbg$NonceProvider done


Dynamic libraries:
0x00007ff6fd020000 - 0x00007ff6fd02e000 	c:\Users\Admin\.vscode\extensions\redhat.java-1.21.0-win32-x64\jre\17.0.7-win32-x86_64\bin\java.exe
0x00007ffeff510000 - 0x00007ffeff724000 	C:\WINDOWS\SYSTEM32\ntdll.dll
0x00007ffefdbe0000 - 0x00007ffefdca4000 	C:\WINDOWS\System32\KERNEL32.DLL
0x00007ffefcd10000 - 0x00007ffefd0b4000 	C:\WINDOWS\System32\KERNELBASE.dll
0x00007ffefc8f0000 - 0x00007ffefca01000 	C:\WINDOWS\System32\ucrtbase.dll
0x00007ffeebc40000 - 0x00007ffeebc57000 	c:\Users\Admin\.vscode\extensions\redhat.java-1.21.0-win32-x64\jre\17.0.7-win32-x86_64\bin\jli.dll
0x00007ffee1bf0000 - 0x00007ffee1c09000 	c:\Users\Admin\.vscode\extensions\redhat.java-1.21.0-win32-x64\jre\17.0.7-win32-x86_64\bin\VCRUNTIME140.dll
0x00007ffefda30000 - 0x00007ffefdbda000 	C:\WINDOWS\System32\USER32.dll
0x00007ffefd230000 - 0x00007ffefd256000 	C:\WINDOWS\System32\win32u.dll
0x00007ffeff440000 - 0x00007ffeff469000 	C:\WINDOWS\System32\GDI32.dll
0x00007ffefca10000 - 0x00007ffefcb29000 	C:\WINDOWS\System32\gdi32full.dll
0x00007ffed66d0000 - 0x00007ffed695f000 	C:\WINDOWS\WinSxS\amd64_microsoft.windows.common-controls_6595b64144ccf1df_6.0.22621.2070_none_2713e6537381f706\COMCTL32.dll
0x00007ffefcc70000 - 0x00007ffefcd0a000 	C:\WINDOWS\System32\msvcp_win.dll
0x00007ffefefa0000 - 0x00007ffeff047000 	C:\WINDOWS\System32\msvcrt.dll
0x00007ffefd9f0000 - 0x00007ffefda21000 	C:\WINDOWS\System32\IMM32.DLL
0x00007ffef7730000 - 0x00007ffef773c000 	c:\Users\Admin\.vscode\extensions\redhat.java-1.21.0-win32-x64\jre\17.0.7-win32-x86_64\bin\vcruntime140_1.dll
0x00007ffe95760000 - 0x00007ffe957f1000 	c:\Users\Admin\.vscode\extensions\redhat.java-1.21.0-win32-x64\jre\17.0.7-win32-x86_64\bin\msvcp140.dll
0x00007ffe4c3d0000 - 0x00007ffe4d018000 	c:\Users\Admin\.vscode\extensions\redhat.java-1.21.0-win32-x64\jre\17.0.7-win32-x86_64\bin\server\jvm.dll
0x00007ffefd2d0000 - 0x00007ffefd380000 	C:\WINDOWS\System32\ADVAPI32.dll
0x00007ffefd860000 - 0x00007ffefd906000 	C:\WINDOWS\System32\sechost.dll
0x00007ffefe7a0000 - 0x00007ffefe8b7000 	C:\WINDOWS\System32\RPCRT4.dll
0x00007ffef5bd0000 - 0x00007ffef5c04000 	C:\WINDOWS\SYSTEM32\WINMM.dll
0x00007ffee0840000 - 0x00007ffee0849000 	C:\WINDOWS\SYSTEM32\WSOCK32.dll
0x00007ffef5960000 - 0x00007ffef596a000 	C:\WINDOWS\SYSTEM32\VERSION.dll
0x00007ffefee90000 - 0x00007ffefef01000 	C:\WINDOWS\System32\WS2_32.dll
0x00007ffefb990000 - 0x00007ffefb9a8000 	C:\WINDOWS\SYSTEM32\kernel.appcore.dll
0x00007ffef75a0000 - 0x00007ffef75aa000 	c:\Users\Admin\.vscode\extensions\redhat.java-1.21.0-win32-x64\jre\17.0.7-win32-x86_64\bin\jimage.dll
0x00007ffefa250000 - 0x00007ffefa47e000 	C:\WINDOWS\SYSTEM32\DBGHELP.DLL
0x00007ffefd430000 - 0x00007ffefd7ba000 	C:\WINDOWS\System32\combase.dll
0x00007ffefd910000 - 0x00007ffefd9e7000 	C:\WINDOWS\System32\OLEAUT32.dll
0x00007ffee2520000 - 0x00007ffee2552000 	C:\WINDOWS\SYSTEM32\dbgcore.DLL
0x00007ffefcb30000 - 0x00007ffefcbaa000 	C:\WINDOWS\System32\bcryptPrimitives.dll
0x00007ffef70b0000 - 0x00007ffef70be000 	c:\Users\Admin\.vscode\extensions\redhat.java-1.21.0-win32-x64\jre\17.0.7-win32-x86_64\bin\instrument.dll
0x00007ffec5540000 - 0x00007ffec5565000 	c:\Users\Admin\.vscode\extensions\redhat.java-1.21.0-win32-x64\jre\17.0.7-win32-x86_64\bin\java.dll
0x00007ffee0110000 - 0x00007ffee0128000 	c:\Users\Admin\.vscode\extensions\redhat.java-1.21.0-win32-x64\jre\17.0.7-win32-x86_64\bin\zip.dll
0x00007ffefddc0000 - 0x00007ffefe5d6000 	C:\WINDOWS\System32\SHELL32.dll
0x00007ffefa870000 - 0x00007ffefb15a000 	C:\WINDOWS\SYSTEM32\windows.storage.dll
0x00007ffefa730000 - 0x00007ffefa86e000 	C:\WINDOWS\SYSTEM32\wintypes.dll
0x00007ffeff2c0000 - 0x00007ffeff3b3000 	C:\WINDOWS\System32\SHCORE.dll
0x00007ffeff260000 - 0x00007ffeff2be000 	C:\WINDOWS\System32\shlwapi.dll
0x00007ffefc820000 - 0x00007ffefc846000 	C:\WINDOWS\SYSTEM32\profapi.dll
0x00007ffecccf0000 - 0x00007ffeccd09000 	C:\Users\Admin\.vscode\extensions\redhat.java-1.21.0-win32-x64\jre\17.0.7-win32-x86_64\bin\net.dll
0x00007ffef6020000 - 0x00007ffef6157000 	C:\WINDOWS\SYSTEM32\WINHTTP.dll
0x00007ffefbe60000 - 0x00007ffefbec9000 	C:\WINDOWS\system32\mswsock.dll
0x00007ffeaaee0000 - 0x00007ffeaaef5000 	C:\Users\Admin\.vscode\extensions\redhat.java-1.21.0-win32-x64\jre\17.0.7-win32-x86_64\bin\nio.dll
0x00007ffef5d50000 - 0x00007ffef5d60000 	c:\Users\Admin\.vscode\extensions\redhat.java-1.21.0-win32-x64\jre\17.0.7-win32-x86_64\bin\verify.dll
0x00007ffe77350000 - 0x00007ffe7738e000 	C:\Users\Admin\AppData\Roaming\Code\User\globalStorage\redhat.java\1.21.0\config_win\org.eclipse.equinox.launcher\org.eclipse.equinox.launcher.win32.win32.x86_64_1.2.700.v20221108-1024\eclipse_11801.dll
0x00007ffeff050000 - 0x00007ffeff1ec000 	C:\WINDOWS\System32\ole32.dll
0x00007ffefc0a0000 - 0x00007ffefc0bb000 	C:\WINDOWS\SYSTEM32\CRYPTSP.dll
0x00007ffefb950000 - 0x00007ffefb985000 	C:\WINDOWS\system32\rsaenh.dll
0x00007ffefbf30000 - 0x00007ffefbf5c000 	C:\WINDOWS\SYSTEM32\USERENV.dll
0x00007ffefc290000 - 0x00007ffefc2b8000 	C:\WINDOWS\SYSTEM32\bcrypt.dll
0x00007ffefc0f0000 - 0x00007ffefc0fc000 	C:\WINDOWS\SYSTEM32\CRYPTBASE.dll
0x00007ffefb3c0000 - 0x00007ffefb3ed000 	C:\WINDOWS\SYSTEM32\IPHLPAPI.DLL
0x00007ffefee80000 - 0x00007ffefee89000 	C:\WINDOWS\System32\NSI.dll
0x00007ffef5f20000 - 0x00007ffef5f39000 	C:\WINDOWS\SYSTEM32\dhcpcsvc6.DLL
0x00007ffef5eb0000 - 0x00007ffef5ecf000 	C:\WINDOWS\SYSTEM32\dhcpcsvc.DLL
0x00007ffefb430000 - 0x00007ffefb523000 	C:\WINDOWS\SYSTEM32\DNSAPI.dll

dbghelp: loaded successfully - version: 4.0.5 - missing functions: none
symbol engine: initialized successfully - sym options: 0x614 - pdb path: .;c:\Users\Admin\.vscode\extensions\redhat.java-1.21.0-win32-x64\jre\17.0.7-win32-x86_64\bin;C:\WINDOWS\SYSTEM32;C:\WINDOWS\WinSxS\amd64_microsoft.windows.common-controls_6595b64144ccf1df_6.0.22621.2070_none_2713e6537381f706;c:\Users\Admin\.vscode\extensions\redhat.java-1.21.0-win32-x64\jre\17.0.7-win32-x86_64\bin\server;C:\Users\Admin\AppData\Roaming\Code\User\globalStorage\redhat.java\1.21.0\config_win\org.eclipse.equinox.launcher\org.eclipse.equinox.launcher.win32.win32.x86_64_1.2.700.v20221108-1024

VM Arguments:
jvm_args: --add-modules=ALL-SYSTEM --add-opens=java.base/java.util=ALL-UNNAMED --add-opens=java.base/java.lang=ALL-UNNAMED --add-opens=java.base/sun.nio.fs=ALL-UNNAMED -Declipse.application=org.eclipse.jdt.ls.core.id1 -Dosgi.bundles.defaultStartLevel=4 -Declipse.product=org.eclipse.jdt.ls.core.product -Djava.import.generatesMetadataFilesAtProjectRoot=false -Dfile.encoding=utf8 -XX:+UseParallelGC -XX:GCTimeRatio=4 -XX:AdaptiveSizePolicyWeight=90 -Dsun.zip.disableMemoryMapping=true -Xmx1G -Xms100m -Xlog:disable -javaagent:c:\Users\Admin\.vscode\extensions\redhat.java-1.21.0-win32-x64\lombok\lombok-1.18.28.jar -XX:+HeapDumpOnOutOfMemoryError -XX:HeapDumpPath=c:\Users\Admin\AppData\Roaming\Code\User\workspaceStorage\e7c62a26f5fb9af6089d468b08576148\redhat.java -Daether.dependencyCollector.impl=bf 
java_command: c:\Users\Admin\.vscode\extensions\redhat.java-1.21.0-win32-x64\server\plugins\org.eclipse.equinox.launcher_1.6.500.v20230717-2134.jar -configuration c:\Users\Admin\AppData\Roaming\Code\User\globalStorage\redhat.java\1.21.0\config_win -data c:\Users\Admin\AppData\Roaming\Code\User\workspaceStorage\e7c62a26f5fb9af6089d468b08576148\redhat.java\jdt_ws
java_class_path (initial): c:\Users\Admin\.vscode\extensions\redhat.java-1.21.0-win32-x64\server\plugins\org.eclipse.equinox.launcher_1.6.500.v20230717-2134.jar
Launcher Type: SUN_STANDARD

[Global flags]
    uintx AdaptiveSizePolicyWeight                 = 90                                        {product} {command line}
     intx CICompilerCount                          = 12                                        {product} {ergonomic}
    uintx GCTimeRatio                              = 4                                         {product} {command line}
     bool HeapDumpOnOutOfMemoryError               = true                                   {manageable} {command line}
    ccstr HeapDumpPath                             = c:\Users\Admin\AppData\Roaming\Code\User\workspaceStorage\e7c62a26f5fb9af6089d468b08576148\redhat.java         {manageable} {command line}
   size_t InitialHeapSize                          = 104857600                                 {product} {command line}
   size_t MaxHeapSize                              = 1073741824                                {product} {command line}
   size_t MaxNewSize                               = 357564416                                 {product} {ergonomic}
   size_t MinHeapDeltaBytes                        = 524288                                    {product} {ergonomic}
   size_t MinHeapSize                              = 104857600                                 {product} {command line}
   size_t NewSize                                  = 34603008                                  {product} {ergonomic}
    uintx NonNMethodCodeHeapSize                   = 7602480                                {pd product} {ergonomic}
    uintx NonProfiledCodeHeapSize                  = 122027880                              {pd product} {ergonomic}
   size_t OldSize                                  = 70254592                                  {product} {ergonomic}
    uintx ProfiledCodeHeapSize                     = 122027880                              {pd product} {ergonomic}
    uintx ReservedCodeCacheSize                    = 251658240                              {pd product} {ergonomic}
     bool SegmentedCodeCache                       = true                                      {product} {ergonomic}
   size_t SoftMaxHeapSize                          = 1073741824                             {manageable} {ergonomic}
     bool UseCompressedClassPointers               = true                           {product lp64_product} {ergonomic}
     bool UseCompressedOops                        = true                           {product lp64_product} {ergonomic}
     bool UseLargePagesIndividualAllocation        = false                                  {pd product} {ergonomic}
     bool UseParallelGC                            = true                                      {product} {command line}

Logging:
Log output configuration:
 #0: stdout all=off uptime,level,tags
 #1: stderr all=off uptime,level,tags

Environment Variables:
JAVA_HOME=C:\Program Files\Java\jdk-14.0.2
PATH=C:\Program Files\Python310\Scripts\;C:\Program Files\Python310\;C:\Program Files\Python38\Scripts\;C:\Program Files\Python38\;C:\WINDOWS\system32;C:\WINDOWS;C:\WINDOWS\System32\Wbem;C:\WINDOWS\System32\WindowsPowerShell\v1.0\;C:\WINDOWS\System32\OpenSSH\;C:\Program Files\Microsoft SQL Server\Client SDK\ODBC\110\Tools\Binn\;C:\Program Files (x86)\Microsoft SQL Server\120\Tools\Binn\;C:\Program Files\Microsoft SQL Server\120\Tools\Binn\;C:\Program Files\Microsoft SQL Server\120\DTS\Binn\;C:\Program Files (x86)\Microsoft SQL Server\120\Tools\Binn\ManagementStudio\;C:\Program Files (x86)\Microsoft SQL Server\120\DTS\Binn\;C:\Program Files\Java\jdk-11.0.2\bin;C:\tomcat\apache-tomcat-9.0.63\bin;C:\Program Files\dotnet\;C:\Program Files\Microsoft SQL Server\150\Tools\Binn\;C:\Program Files\Microsoft SQL Server\Client SDK\ODBC\170\Tools\Binn\;C:\Program Files\nodejs\;C:\Program Files\Microsoft SQL Server\130\Tools\Binn\;C:\WINDOWS\system32;C:\WINDOWS;C:\WINDOWS\System32\Wbem;C:\WINDOWS\System32\WindowsPowerShell\v1.0\;C:\WINDOWS\System32\OpenSSH\;C:\Program Files\MongoDB\Server\5.0\bin;C:\Users\Admin\AppData\Local\Microsoft\WindowsApps;;C:\Users\Admin\.dotnet\tools;C:\Users\Admin\AppData\Roaming\npm;D:\Microsoft VS Code\bin
USERNAME=Admin
OS=Windows_NT
PROCESSOR_IDENTIFIER=Intel64 Family 6 Model 141 Stepping 1, GenuineIntel
TMP=C:\Users\Admin\AppData\Local\Temp
TEMP=C:\Users\Admin\AppData\Local\Temp



---------------  S Y S T E M  ---------------

OS:
 Windows 11 , 64 bit Build 22621 (10.0.22621.2070)
OS uptime: 0 days 1:36 hours
Hyper-V role detected

CPU: total 16 (initial active 16) (8 cores per cpu, 2 threads per core) family 6 model 141 stepping 1 microcode 0x32, cx8, cmov, fxsr, ht, mmx, 3dnowpref, sse, sse2, sse3, ssse3, sse4.1, sse4.2, popcnt, lzcnt, tsc, tscinvbit, avx, avx2, aes, erms, clmul, bmi1, bmi2, adx, avx512f, avx512dq, avx512cd, avx512bw, avx512vl, sha, fma, vzeroupper, avx512_vpopcntdq, avx512_vpclmulqdq, avx512_vaes, avx512_vnni, clflush, clflushopt, clwb, avx512_vbmi2, avx512_vbmi, hv

Memory: 4k page, system-wide physical 16085M (2130M free)
TotalPageFile size 18133M (AvailPageFile size 6M)
current process WorkingSet (physical memory assigned to process): 152M, peak: 157M
current process commit charge ("private bytes"): 275M, peak: 280M

vm_info: OpenJDK 64-Bit Server VM (17.0.7+7) for windows-amd64 JRE (17.0.7+7), built on Apr 18 2023 22:10:42 by "temurin" with MS VC++ 16.7 (VS2019)

END.
