#
# There is insufficient memory for the Java Runtime Environment to continue.
# Native memory allocation (mmap) failed to map 65536 bytes for Failed to commit metaspace.
# Possible reasons:
#   The system is out of physical RAM or swap space
#   The process is running with CompressedOops enabled, and the Java Heap may be blocking the growth of the native heap
# Possible solutions:
#   Reduce memory load on the system
#   Increase physical memory or swap space
#   Check if swap backing store is full
#   Decrease Java heap size (-Xmx/-Xms)
#   Decrease number of Java threads
#   Decrease Java thread stack sizes (-Xss)
#   Set larger code cache with -XX:ReservedCodeCacheSize=
#   JVM is running with Unscaled Compressed Oops mode in which the Java heap is
#     placed in the first 4GB address space. The Java Heap base address is the
#     maximum limit for the native heap growth. Please use -XX:HeapBaseMinAddress
#     to set the Java Heap base and to place the Java Heap above 4GB virtual address.
# This output file may be truncated or incomplete.
#
#  Out of Memory Error (virtualSpaceNode.cpp:110), pid=18252, tid=21056
#
# JRE version: OpenJDK Runtime Environment Temurin-17.0.7+7 (17.0.7+7) (build 17.0.7+7)
# Java VM: OpenJDK 64-Bit Server VM Temurin-17.0.7+7 (17.0.7+7, mixed mode, tiered, compressed oops, compressed class ptrs, parallel gc, windows-amd64)
# No core dump will be written. Minidumps are not enabled by default on client versions of Windows
#

---------------  S U M M A R Y ------------

Command Line: --add-modules=ALL-SYSTEM --add-opens=java.base/java.util=ALL-UNNAMED --add-opens=java.base/java.lang=ALL-UNNAMED --add-opens=java.base/sun.nio.fs=ALL-UNNAMED -Declipse.application=org.eclipse.jdt.ls.core.id1 -Dosgi.bundles.defaultStartLevel=4 -Declipse.product=org.eclipse.jdt.ls.core.product -Djava.import.generatesMetadataFilesAtProjectRoot=false -Dfile.encoding=utf8 -XX:+UseParallelGC -XX:GCTimeRatio=4 -XX:AdaptiveSizePolicyWeight=90 -Dsun.zip.disableMemoryMapping=true -Xmx1G -Xms100m -Xlog:disable -javaagent:c:\Users\Admin\.vscode\extensions\redhat.java-1.21.0-win32-x64\lombok\lombok-1.18.28.jar c:\Users\Admin\.vscode\extensions\redhat.java-1.21.0-win32-x64\server\plugins\org.eclipse.equinox.launcher_1.6.500.v20230717-2134.jar -configuration c:\Users\Admin\AppData\Roaming\Code\User\globalStorage\redhat.java\1.21.0\config_ss_win -data c:\Users\Admin\AppData\Roaming\Code\User\workspaceStorage\e7c62a26f5fb9af6089d468b08576148\redhat.java\ss_ws

Host: 11th Gen Intel(R) Core(TM) i7-11800H @ 2.30GHz, 16 cores, 15G,  Windows 11 , 64 bit Build 22621 (10.0.22621.2070)
Time: Tue Aug 15 07:56:29 2023 SE Asia Standard Time elapsed time: 0.073140 seconds (0d 0h 0m 0s)

---------------  T H R E A D  ---------------

Current thread (0x000001646c83ecf0):  JavaThread "main" [_thread_in_vm, id=21056, stack(0x0000003bbf800000,0x0000003bbf900000)]

Stack: [0x0000003bbf800000,0x0000003bbf900000]
Native frames: (J=compiled Java code, j=interpreted, Vv=VM code, C=native code)
V  [jvm.dll+0x67754a]
V  [jvm.dll+0x834304]
V  [jvm.dll+0x835aae]
V  [jvm.dll+0x836113]
V  [jvm.dll+0x24696f]
V  [jvm.dll+0x83039b]
V  [jvm.dll+0x61c006]
V  [jvm.dll+0x61c06a]
V  [jvm.dll+0x61e89a]
V  [jvm.dll+0x61c9a6]
V  [jvm.dll+0x1e1663]
V  [jvm.dll+0x1e91a6]
V  [jvm.dll+0x1ec3a3]
V  [jvm.dll+0x1e1891]
V  [jvm.dll+0x53ea50]
V  [jvm.dll+0x1f2067]
V  [jvm.dll+0x7af05b]
V  [jvm.dll+0x7b0402]
V  [jvm.dll+0x7b0738]
V  [jvm.dll+0x23ec6e]
V  [jvm.dll+0x38283b]
C  0x000001647691f41f

Java frames: (J=compiled Java code, j=interpreted, Vv=VM code)
j  java.lang.System.initPhase3()V+3 java.base@17.0.7
v  ~StubRoutines::call_stub

---------------  P R O C E S S  ---------------

Threads class SMR info:
_java_thread_list=0x000001646a619680, length=13, elements={
0x000001646c83ecf0, 0x000001647e6b98a0, 0x000001647e6baa00, 0x000001646c8fe230,
0x000001646c8feaf0, 0x000001647f9fa950, 0x000001647fa1b510, 0x000001647fa25390,
0x000001647fa29330, 0x000001647fa29d20, 0x000001647fb9eb50, 0x000001647fba24a0,
0x000001647fbe9c00
}

Java Threads: ( => current thread )
=>0x000001646c83ecf0 JavaThread "main" [_thread_in_vm, id=21056, stack(0x0000003bbf800000,0x0000003bbf900000)]
  0x000001647e6b98a0 JavaThread "Reference Handler" daemon [_thread_blocked, id=21668, stack(0x0000003bbfb00000,0x0000003bbfc00000)]
  0x000001647e6baa00 JavaThread "Finalizer" daemon [_thread_blocked, id=4556, stack(0x0000003bbfc00000,0x0000003bbfd00000)]
  0x000001646c8fe230 JavaThread "Signal Dispatcher" daemon [_thread_blocked, id=16940, stack(0x0000003bbfd00000,0x0000003bbfe00000)]
  0x000001646c8feaf0 JavaThread "Attach Listener" daemon [_thread_blocked, id=21396, stack(0x0000003bbfe00000,0x0000003bbff00000)]
  0x000001647f9fa950 JavaThread "Service Thread" daemon [_thread_blocked, id=19944, stack(0x0000003bbff00000,0x0000003bc0000000)]
  0x000001647fa1b510 JavaThread "Monitor Deflation Thread" daemon [_thread_blocked, id=17312, stack(0x0000003bc0000000,0x0000003bc0100000)]
  0x000001647fa25390 JavaThread "C2 CompilerThread0" daemon [_thread_blocked, id=6732, stack(0x0000003bc0100000,0x0000003bc0200000)]
  0x000001647fa29330 JavaThread "C1 CompilerThread0" daemon [_thread_blocked, id=1824, stack(0x0000003bc0200000,0x0000003bc0300000)]
  0x000001647fa29d20 JavaThread "Sweeper thread" daemon [_thread_blocked, id=16588, stack(0x0000003bc0300000,0x0000003bc0400000)]
  0x000001647fb9eb50 JavaThread "Common-Cleaner" daemon [_thread_blocked, id=18172, stack(0x0000003bc0400000,0x0000003bc0500000)]
  0x000001647fba24a0 JavaThread "C1 CompilerThread1" daemon [_thread_blocked, id=20732, stack(0x0000003bc0500000,0x0000003bc0600000)]
  0x000001647fbe9c00 JavaThread "C2 CompilerThread1" daemon [_thread_blocked, id=21704, stack(0x0000003bc0600000,0x0000003bc0700000)]

Other Threads:
  0x000001646c8f5cb0 VMThread "VM Thread" [stack: 0x0000003bbfa00000,0x0000003bbfb00000] [id=11424]
  0x000001646c856ec0 GCTaskThread "GC Thread#0" [stack: 0x0000003bbf900000,0x0000003bbfa00000] [id=21968]

Threads with active compile tasks:

VM state: not at safepoint (normal execution)

VM Mutex/Monitor currently owned by a thread:  ([mutex/lock_event])
[0x000001646c838170] Metaspace_lock - owner thread: 0x000001646c83ecf0

Heap address: 0x00000000c0000000, size: 1024 MB, Compressed Oops mode: 32-bit

CDS archive(s) not mapped
Compressed class space mapped at: 0x0000000100000000-0x0000000140000000, reserved size: 1073741824
Narrow klass base: 0x0000000000000000, Narrow klass shift: 3, Narrow klass range: 0x140000000

GC Precious Log:
 CPUs: 16 total, 16 available
 Memory: 16085M
 Large Page Support: Disabled
 NUMA Support: Disabled
 Compressed Oops: Enabled (32-bit)
 Alignments: Space 512K, Generation 512K, Heap 2M
 Heap Min Capacity: 100M
 Heap Initial Capacity: 100M
 Heap Max Capacity: 1G
 Pre-touch: Disabled
 Parallel Workers: 13

Heap:
 PSYoungGen      total 29696K, used 2561K [0x00000000eab00000, 0x00000000ecc00000, 0x0000000100000000)
  eden space 25600K, 10% used [0x00000000eab00000,0x00000000ead806c8,0x00000000ec400000)
  from space 4096K, 0% used [0x00000000ec800000,0x00000000ec800000,0x00000000ecc00000)
  to   space 4096K, 0% used [0x00000000ec400000,0x00000000ec400000,0x00000000ec800000)
 ParOldGen       total 68608K, used 0K [0x00000000c0000000, 0x00000000c4300000, 0x00000000eab00000)
  object space 68608K, 0% used [0x00000000c0000000,0x00000000c0000000,0x00000000c4300000)
 Metaspace       used 4445K, committed 4608K, reserved 1114112K
  class space    used 411K, committed 512K, reserved 1048576K

Card table byte_map: [0x000001646c1f0000,0x000001646c400000] _byte_map_base: 0x000001646bbf0000

Marking Bits: (ParMarkBitMap*) 0x00007ffc07d252c0
 Begin Bits: [0x0000016400000000, 0x0000016401000000)
 End Bits:   [0x0000016401000000, 0x0000016402000000)

Polling page: 0x000001646a7c0000

Metaspace:

Usage:
  Non-class:      3.94 MB used.
      Class:    411.20 KB used.
       Both:      4.34 MB used.

Virtual space:
  Non-class space:       64.00 MB reserved,       4.00 MB (  6%) committed,  1 nodes.
      Class space:        1.00 GB reserved,     512.00 KB ( <1%) committed,  1 nodes.
             Both:        1.06 GB reserved,       4.50 MB ( <1%) committed. 

Chunk freelists:
   Non-Class:  12.00 MB
       Class:  15.56 MB
        Both:  27.56 MB

MaxMetaspaceSize: unlimited
CompressedClassSpaceSize: 1.00 GB
Initial GC threshold: 21.00 MB
Current GC threshold: 21.00 MB
CDS: off
MetaspaceReclaimPolicy: balanced
 - commit_granule_bytes: 65536.
 - commit_granule_words: 8192.
 - virtual_space_node_default_size: 8388608.
 - enlarge_chunks_in_place: 1.
 - new_chunks_are_fully_committed: 0.
 - uncommit_free_chunks: 1.
 - use_allocation_guard: 0.
 - handle_deallocations: 1.


Internal statistics:

num_allocs_failed_limit: 0.
num_arena_births: 6.
num_arena_deaths: 0.
num_vsnodes_births: 2.
num_vsnodes_deaths: 0.
num_space_committed: 72.
num_space_uncommitted: 0.
num_chunks_returned_to_freelist: 0.
num_chunks_taken_from_freelist: 9.
num_chunk_merges: 0.
num_chunk_splits: 5.
num_chunks_enlarged: 2.
num_inconsistent_stats: 0.

CodeHeap 'non-profiled nmethods': size=119168Kb used=61Kb max_used=61Kb free=119106Kb
 bounds [0x0000016477060000, 0x00000164772d0000, 0x000001647e4c0000]
CodeHeap 'profiled nmethods': size=119104Kb used=219Kb max_used=219Kb free=118885Kb
 bounds [0x000001646f4c0000, 0x000001646f730000, 0x0000016476910000]
CodeHeap 'non-nmethods': size=7488Kb used=1643Kb max_used=1658Kb free=5844Kb
 bounds [0x0000016476910000, 0x0000016476b80000, 0x0000016477060000]
 total_blobs=537 nmethods=200 adapters=251
 compilation: enabled
              stopped_count=0, restarted_count=0
 full_count=0

Compilation events (20 events):
Event: 0.070 Thread 0x000001647fa29330 nmethod 193 0x000001647706c710 code [0x000001647706c8a0, 0x000001647706c978]
Event: 0.070 Thread 0x000001647fbe9c00 nmethod 170 0x000001647706ce10 code [0x000001647706cf80, 0x000001647706d118]
Event: 0.070 Thread 0x000001647fbe9c00  154       4       java.util.ImmutableCollections$SetN$SetNIterator::hasNext (13 bytes)
Event: 0.070 Thread 0x000001647fbe9c00 nmethod 154 0x000001647706d210 code [0x000001647706d380, 0x000001647706d418]
Event: 0.070 Thread 0x000001647fbe9c00  162       4       java.lang.module.ModuleDescriptor$Exports::isQualified (18 bytes)
Event: 0.071 Thread 0x000001647fbe9c00 nmethod 162 0x000001647706d510 code [0x000001647706d6a0, 0x000001647706d778]
Event: 0.071 Thread 0x000001647fbe9c00  168       4       java.util.HashMap::newNode (13 bytes)
Event: 0.071 Thread 0x000001647fa29330  195       3       java.lang.StringLatin1::indexOfChar (33 bytes)
Event: 0.071 Thread 0x000001647fa29330 nmethod 195 0x000001646f4f5190 code [0x000001646f4f5340, 0x000001646f4f5578]
Event: 0.071 Thread 0x000001647fa29330  196       3       java.lang.invoke.MemberName::testAllFlags (7 bytes)
Event: 0.071 Thread 0x000001647fba24a0  197       1       java.lang.Class::getModule (5 bytes)
Event: 0.071 Thread 0x000001647fbe9c00 nmethod 168 0x000001647706d890 code [0x000001647706da20, 0x000001647706db38]
Event: 0.071 Thread 0x000001647fbe9c00  165       4       java.lang.String::equals (56 bytes)
Event: 0.071 Thread 0x000001647fba24a0 nmethod 197 0x000001647706dc10 code [0x000001647706dda0, 0x000001647706de78]
Event: 0.071 Thread 0x000001647fba24a0  198       3       java.lang.String::indexOf (7 bytes)
Event: 0.071 Thread 0x000001647fa29330 nmethod 196 0x000001646f4f5690 code [0x000001646f4f5820, 0x000001646f4f59f8]
Event: 0.071 Thread 0x000001647fa29330  199       3       jdk.internal.org.objectweb.asm.SymbolTable::addConstantUtf8 (98 bytes)
Event: 0.071 Thread 0x000001647fba24a0 nmethod 198 0x000001646f4f5a90 code [0x000001646f4f5c60, 0x000001646f4f5f78]
Event: 0.072 Thread 0x000001647fa29330 nmethod 199 0x000001646f4f6090 code [0x000001646f4f62c0, 0x000001646f4f68b8]
Event: 0.072 Thread 0x000001647fbe9c00 nmethod 165 0x000001647706e310 code [0x000001647706e480, 0x000001647706e658]

GC Heap History (0 events):
No events

Dll operation events (1 events):
Event: 0.005 Loaded shared library c:\Users\Admin\.vscode\extensions\redhat.java-1.21.0-win32-x64\jre\17.0.7-win32-x86_64\bin\java.dll

Deoptimization events (0 events):
No events

Classes unloaded (0 events):
No events

Classes redefined (0 events):
No events

Internal exceptions (1 events):
Event: 0.062 Thread 0x000001646c83ecf0 Exception <a 'java/lang/NoSuchMethodError'{0x00000000eacb35b8}: 'void java.lang.invoke.DirectMethodHandle$Holder.invokeStatic(java.lang.Object, java.lang.Object, java.lang.Object)'> (0x00000000eacb35b8) 
thrown [s\src\hotspot\share\interpreter\linkResolver.cpp, line 759]

VM Operations (2 events):
Event: 0.064 Executing VM operation: HandshakeAllThreads
Event: 0.064 Executing VM operation: HandshakeAllThreads done

Events (20 events):
Event: 0.068 loading class jdk/internal/module/ModuleLoaderMap$Modules done
Event: 0.070 loading class jdk/internal/loader/AbstractClassLoaderValue$Memoizer
Event: 0.070 loading class jdk/internal/loader/AbstractClassLoaderValue$Memoizer done
Event: 0.070 loading class jdk/internal/module/ServicesCatalog$ServiceProvider
Event: 0.070 loading class jdk/internal/module/ServicesCatalog$ServiceProvider done
Event: 0.070 loading class java/util/concurrent/CopyOnWriteArrayList
Event: 0.070 loading class java/util/concurrent/CopyOnWriteArrayList done
Event: 0.071 loading class java/lang/ModuleLayer$Controller
Event: 0.071 loading class java/lang/ModuleLayer$Controller done
Event: 0.071 loading class java/util/ArrayList$SubList
Event: 0.071 loading class java/util/ArrayList$SubList done
Event: 0.071 loading class java/lang/WeakPairMap$Pair$Weak
Event: 0.071 loading class java/lang/WeakPairMap$WeakRefPeer
Event: 0.071 loading class java/lang/WeakPairMap$WeakRefPeer done
Event: 0.071 loading class java/lang/WeakPairMap$Pair$Weak done
Event: 0.071 loading class java/lang/WeakPairMap$Pair$Weak$1
Event: 0.071 loading class java/lang/WeakPairMap$Pair$Weak$1 done
Event: 0.072 loading class jdk/internal/module/ModuleBootstrap$SafeModuleFinder
Event: 0.072 loading class jdk/internal/module/ModuleBootstrap$SafeModuleFinder done
Event: 0.072 loading class java/lang/invoke/StringConcatFactory


Dynamic libraries:
0x00007ff684a30000 - 0x00007ff684a3e000 	c:\Users\Admin\.vscode\extensions\redhat.java-1.21.0-win32-x64\jre\17.0.7-win32-x86_64\bin\java.exe
0x00007ffc77f50000 - 0x00007ffc78164000 	C:\WINDOWS\SYSTEM32\ntdll.dll
0x00007ffc763d0000 - 0x00007ffc76494000 	C:\WINDOWS\System32\KERNEL32.DLL
0x00007ffc755a0000 - 0x00007ffc75944000 	C:\WINDOWS\System32\KERNELBASE.dll
0x00007ffc75450000 - 0x00007ffc75561000 	C:\WINDOWS\System32\ucrtbase.dll
0x00007ffc66a80000 - 0x00007ffc66a97000 	c:\Users\Admin\.vscode\extensions\redhat.java-1.21.0-win32-x64\jre\17.0.7-win32-x86_64\bin\jli.dll
0x00007ffc66a60000 - 0x00007ffc66a79000 	c:\Users\Admin\.vscode\extensions\redhat.java-1.21.0-win32-x64\jre\17.0.7-win32-x86_64\bin\VCRUNTIME140.dll
0x00007ffc76680000 - 0x00007ffc7682a000 	C:\WINDOWS\System32\USER32.dll
0x00007ffc75570000 - 0x00007ffc75596000 	C:\WINDOWS\System32\win32u.dll
0x00007ffc4d900000 - 0x00007ffc4db8f000 	C:\WINDOWS\WinSxS\amd64_microsoft.windows.common-controls_6595b64144ccf1df_6.0.22621.2070_none_2713e6537381f706\COMCTL32.dll
0x00007ffc761f0000 - 0x00007ffc76219000 	C:\WINDOWS\System32\GDI32.dll
0x00007ffc76ed0000 - 0x00007ffc76f77000 	C:\WINDOWS\System32\msvcrt.dll
0x00007ffc75330000 - 0x00007ffc75449000 	C:\WINDOWS\System32\gdi32full.dll
0x00007ffc75bb0000 - 0x00007ffc75c4a000 	C:\WINDOWS\System32\msvcp_win.dll
0x00007ffc76e90000 - 0x00007ffc76ec1000 	C:\WINDOWS\System32\IMM32.DLL
0x00007ffc6e840000 - 0x00007ffc6e84c000 	c:\Users\Admin\.vscode\extensions\redhat.java-1.21.0-win32-x64\jre\17.0.7-win32-x86_64\bin\vcruntime140_1.dll
0x00007ffc1ffb0000 - 0x00007ffc20041000 	c:\Users\Admin\.vscode\extensions\redhat.java-1.21.0-win32-x64\jre\17.0.7-win32-x86_64\bin\msvcp140.dll
0x00007ffc071a0000 - 0x00007ffc07de8000 	c:\Users\Admin\.vscode\extensions\redhat.java-1.21.0-win32-x64\jre\17.0.7-win32-x86_64\bin\server\jvm.dll
0x00007ffc764f0000 - 0x00007ffc765a0000 	C:\WINDOWS\System32\ADVAPI32.dll
0x00007ffc76320000 - 0x00007ffc763c6000 	C:\WINDOWS\System32\sechost.dll
0x00007ffc77060000 - 0x00007ffc77177000 	C:\WINDOWS\System32\RPCRT4.dll
0x00007ffc6e800000 - 0x00007ffc6e834000 	C:\WINDOWS\SYSTEM32\WINMM.dll
0x00007ffc439c0000 - 0x00007ffc439c9000 	C:\WINDOWS\SYSTEM32\WSOCK32.dll
0x00007ffc6eb90000 - 0x00007ffc6eb9a000 	C:\WINDOWS\SYSTEM32\VERSION.dll
0x00007ffc75f70000 - 0x00007ffc75fe1000 	C:\WINDOWS\System32\WS2_32.dll
0x00007ffc742e0000 - 0x00007ffc742f8000 	C:\WINDOWS\SYSTEM32\kernel.appcore.dll
0x00007ffc66cd0000 - 0x00007ffc66cda000 	c:\Users\Admin\.vscode\extensions\redhat.java-1.21.0-win32-x64\jre\17.0.7-win32-x86_64\bin\jimage.dll
0x00007ffc72c90000 - 0x00007ffc72ebe000 	C:\WINDOWS\SYSTEM32\DBGHELP.DLL
0x00007ffc76830000 - 0x00007ffc76bba000 	C:\WINDOWS\System32\combase.dll
0x00007ffc765a0000 - 0x00007ffc76677000 	C:\WINDOWS\System32\OLEAUT32.dll
0x00007ffc5d160000 - 0x00007ffc5d192000 	C:\WINDOWS\SYSTEM32\dbgcore.DLL
0x00007ffc75950000 - 0x00007ffc759ca000 	C:\WINDOWS\System32\bcryptPrimitives.dll
0x00007ffc66a50000 - 0x00007ffc66a5e000 	c:\Users\Admin\.vscode\extensions\redhat.java-1.21.0-win32-x64\jre\17.0.7-win32-x86_64\bin\instrument.dll
0x00007ffc66a20000 - 0x00007ffc66a45000 	c:\Users\Admin\.vscode\extensions\redhat.java-1.21.0-win32-x64\jre\17.0.7-win32-x86_64\bin\java.dll
0x00007ffc668e0000 - 0x00007ffc668f8000 	c:\Users\Admin\.vscode\extensions\redhat.java-1.21.0-win32-x64\jre\17.0.7-win32-x86_64\bin\zip.dll
0x00007ffc77180000 - 0x00007ffc77996000 	C:\WINDOWS\System32\SHELL32.dll
0x00007ffc732b0000 - 0x00007ffc73b9a000 	C:\WINDOWS\SYSTEM32\windows.storage.dll
0x00007ffc73170000 - 0x00007ffc732ae000 	C:\WINDOWS\SYSTEM32\wintypes.dll
0x00007ffc75ff0000 - 0x00007ffc760e3000 	C:\WINDOWS\System32\SHCORE.dll
0x00007ffc77000000 - 0x00007ffc7705e000 	C:\WINDOWS\System32\shlwapi.dll
0x00007ffc75260000 - 0x00007ffc75286000 	C:\WINDOWS\SYSTEM32\profapi.dll

dbghelp: loaded successfully - version: 4.0.5 - missing functions: none
symbol engine: initialized successfully - sym options: 0x614 - pdb path: .;c:\Users\Admin\.vscode\extensions\redhat.java-1.21.0-win32-x64\jre\17.0.7-win32-x86_64\bin;C:\WINDOWS\SYSTEM32;C:\WINDOWS\WinSxS\amd64_microsoft.windows.common-controls_6595b64144ccf1df_6.0.22621.2070_none_2713e6537381f706;c:\Users\Admin\.vscode\extensions\redhat.java-1.21.0-win32-x64\jre\17.0.7-win32-x86_64\bin\server

VM Arguments:
jvm_args: --add-modules=ALL-SYSTEM --add-opens=java.base/java.util=ALL-UNNAMED --add-opens=java.base/java.lang=ALL-UNNAMED --add-opens=java.base/sun.nio.fs=ALL-UNNAMED -Declipse.application=org.eclipse.jdt.ls.core.id1 -Dosgi.bundles.defaultStartLevel=4 -Declipse.product=org.eclipse.jdt.ls.core.product -Djava.import.generatesMetadataFilesAtProjectRoot=false -Dfile.encoding=utf8 -XX:+UseParallelGC -XX:GCTimeRatio=4 -XX:AdaptiveSizePolicyWeight=90 -Dsun.zip.disableMemoryMapping=true -Xmx1G -Xms100m -Xlog:disable -javaagent:c:\Users\Admin\.vscode\extensions\redhat.java-1.21.0-win32-x64\lombok\lombok-1.18.28.jar 
java_command: c:\Users\Admin\.vscode\extensions\redhat.java-1.21.0-win32-x64\server\plugins\org.eclipse.equinox.launcher_1.6.500.v20230717-2134.jar -configuration c:\Users\Admin\AppData\Roaming\Code\User\globalStorage\redhat.java\1.21.0\config_ss_win -data c:\Users\Admin\AppData\Roaming\Code\User\workspaceStorage\e7c62a26f5fb9af6089d468b08576148\redhat.java\ss_ws
java_class_path (initial): c:\Users\Admin\.vscode\extensions\redhat.java-1.21.0-win32-x64\server\plugins\org.eclipse.equinox.launcher_1.6.500.v20230717-2134.jar
Launcher Type: SUN_STANDARD

[Global flags]
    uintx AdaptiveSizePolicyWeight                 = 90                                        {product} {command line}
     intx CICompilerCount                          = 12                                        {product} {ergonomic}
    uintx GCTimeRatio                              = 4                                         {product} {command line}
   size_t InitialHeapSize                          = 104857600                                 {product} {command line}
   size_t MaxHeapSize                              = 1073741824                                {product} {command line}
   size_t MaxNewSize                               = 357564416                                 {product} {ergonomic}
   size_t MinHeapDeltaBytes                        = 524288                                    {product} {ergonomic}
   size_t MinHeapSize                              = 104857600                                 {product} {command line}
   size_t NewSize                                  = 34603008                                  {product} {ergonomic}
    uintx NonNMethodCodeHeapSize                   = 7602480                                {pd product} {ergonomic}
    uintx NonProfiledCodeHeapSize                  = 122027880                              {pd product} {ergonomic}
   size_t OldSize                                  = 70254592                                  {product} {ergonomic}
    uintx ProfiledCodeHeapSize                     = 122027880                              {pd product} {ergonomic}
    uintx ReservedCodeCacheSize                    = 251658240                              {pd product} {ergonomic}
     bool SegmentedCodeCache                       = true                                      {product} {ergonomic}
   size_t SoftMaxHeapSize                          = 1073741824                             {manageable} {ergonomic}
     bool UseCompressedClassPointers               = true                           {product lp64_product} {ergonomic}
     bool UseCompressedOops                        = true                           {product lp64_product} {ergonomic}
     bool UseLargePagesIndividualAllocation        = false                                  {pd product} {ergonomic}
     bool UseParallelGC                            = true                                      {product} {command line}

Logging:
Log output configuration:
 #0: stdout all=off uptime,level,tags
 #1: stderr all=off uptime,level,tags

Environment Variables:
JAVA_HOME=C:\Program Files\Java\jdk-14.0.2
PATH=C:\Program Files\Python310\Scripts\;C:\Program Files\Python310\;C:\Program Files\Python38\Scripts\;C:\Program Files\Python38\;C:\WINDOWS\system32;C:\WINDOWS;C:\WINDOWS\System32\Wbem;C:\WINDOWS\System32\WindowsPowerShell\v1.0\;C:\WINDOWS\System32\OpenSSH\;C:\Program Files\Microsoft SQL Server\Client SDK\ODBC\110\Tools\Binn\;C:\Program Files (x86)\Microsoft SQL Server\120\Tools\Binn\;C:\Program Files\Microsoft SQL Server\120\Tools\Binn\;C:\Program Files\Microsoft SQL Server\120\DTS\Binn\;C:\Program Files (x86)\Microsoft SQL Server\120\Tools\Binn\ManagementStudio\;C:\Program Files (x86)\Microsoft SQL Server\120\DTS\Binn\;C:\Program Files\Java\jdk-11.0.2\bin;C:\tomcat\apache-tomcat-9.0.63\bin;C:\Program Files\dotnet\;C:\Program Files\Microsoft SQL Server\150\Tools\Binn\;C:\Program Files\Microsoft SQL Server\Client SDK\ODBC\170\Tools\Binn\;C:\Program Files\nodejs\;C:\Program Files\Microsoft SQL Server\130\Tools\Binn\;C:\WINDOWS\system32;C:\WINDOWS;C:\WINDOWS\System32\Wbem;C:\WINDOWS\System32\WindowsPowerShell\v1.0\;C:\WINDOWS\System32\OpenSSH\;C:\Program Files\MongoDB\Server\5.0\bin;C:\Users\Admin\AppData\Local\Microsoft\WindowsApps;;C:\Users\Admin\AppData\Local\Programs\Microsoft VS Code\bin;C:\Users\Admin\.dotnet\tools;C:\Users\Admin\AppData\Roaming\npm
USERNAME=Admin
OS=Windows_NT
PROCESSOR_IDENTIFIER=Intel64 Family 6 Model 141 Stepping 1, GenuineIntel
TMP=C:\Users\Admin\AppData\Local\Temp
TEMP=C:\Users\Admin\AppData\Local\Temp



---------------  S Y S T E M  ---------------

OS:
 Windows 11 , 64 bit Build 22621 (10.0.22621.2070)
OS uptime: 0 days 0:44 hours
Hyper-V role detected

CPU: total 16 (initial active 16) (8 cores per cpu, 2 threads per core) family 6 model 141 stepping 1 microcode 0x32, cx8, cmov, fxsr, ht, mmx, 3dnowpref, sse, sse2, sse3, ssse3, sse4.1, sse4.2, popcnt, lzcnt, tsc, tscinvbit, avx, avx2, aes, erms, clmul, bmi1, bmi2, adx, avx512f, avx512dq, avx512cd, avx512bw, avx512vl, sha, fma, vzeroupper, avx512_vpopcntdq, avx512_vpclmulqdq, avx512_vaes, avx512_vnni, clflush, clflushopt, clwb, avx512_vbmi2, avx512_vbmi, hv

Memory: 4k page, system-wide physical 16085M (2356M free)
TotalPageFile size 18133M (AvailPageFile size 2M)
current process WorkingSet (physical memory assigned to process): 31M, peak: 31M
current process commit charge ("private bytes"): 200M, peak: 200M

vm_info: OpenJDK 64-Bit Server VM (17.0.7+7) for windows-amd64 JRE (17.0.7+7), built on Apr 18 2023 22:10:42 by "temurin" with MS VC++ 16.7 (VS2019)

END.
