#
# There is insufficient memory for the Java Runtime Environment to continue.
# Native memory allocation (malloc) failed to allocate 32744 bytes for ChunkPool::allocate
# Possible reasons:
#   The system is out of physical RAM or swap space
#   The process is running with CompressedOops enabled, and the Java Heap may be blocking the growth of the native heap
# Possible solutions:
#   Reduce memory load on the system
#   Increase physical memory or swap space
#   Check if swap backing store is full
#   Decrease Java heap size (-Xmx/-Xms)
#   Decrease number of Java threads
#   Decrease Java thread stack sizes (-Xss)
#   Set larger code cache with -XX:ReservedCodeCacheSize=
#   JVM is running with Unscaled Compressed Oops mode in which the Java heap is
#     placed in the first 4GB address space. The Java Heap base address is the
#     maximum limit for the native heap growth. Please use -XX:HeapBaseMinAddress
#     to set the Java Heap base and to place the Java Heap above 4GB virtual address.
# This output file may be truncated or incomplete.
#
#  Out of Memory Error (arena.cpp:78), pid=6136, tid=9412
#
# JRE version: OpenJDK Runtime Environment Temurin-17.0.7+7 (17.0.7+7) (build 17.0.7+7)
# Java VM: OpenJDK 64-Bit Server VM Temurin-17.0.7+7 (17.0.7+7, mixed mode, tiered, compressed oops, compressed class ptrs, parallel gc, windows-amd64)
# No core dump will be written. Minidumps are not enabled by default on client versions of Windows
#

---------------  S U M M A R Y ------------

Command Line: --add-modules=ALL-SYSTEM --add-opens=java.base/java.util=ALL-UNNAMED --add-opens=java.base/java.lang=ALL-UNNAMED --add-opens=java.base/sun.nio.fs=ALL-UNNAMED -Declipse.application=org.eclipse.jdt.ls.core.id1 -Dosgi.bundles.defaultStartLevel=4 -Declipse.product=org.eclipse.jdt.ls.core.product -Djava.import.generatesMetadataFilesAtProjectRoot=false -Dfile.encoding=utf8 -XX:+UseParallelGC -XX:GCTimeRatio=4 -XX:AdaptiveSizePolicyWeight=90 -Dsun.zip.disableMemoryMapping=true -Xmx1G -Xms100m -Xlog:disable -javaagent:c:\Users\Admin\.vscode\extensions\redhat.java-1.21.0-win32-x64\lombok\lombok-1.18.28.jar c:\Users\Admin\.vscode\extensions\redhat.java-1.21.0-win32-x64\server\plugins\org.eclipse.equinox.launcher_1.6.500.v20230717-2134.jar -configuration c:\Users\Admin\AppData\Roaming\Code\User\globalStorage\redhat.java\1.21.0\config_ss_win -data c:\Users\Admin\AppData\Roaming\Code\User\workspaceStorage\e7c62a26f5fb9af6089d468b08576148\redhat.java\ss_ws

Host: 11th Gen Intel(R) Core(TM) i7-11800H @ 2.30GHz, 16 cores, 15G,  Windows 11 , 64 bit Build 22621 (10.0.22621.2070)
Time: Tue Aug 15 17:30:43 2023 SE Asia Standard Time elapsed time: 301.237106 seconds (0d 0h 5m 1s)

---------------  T H R E A D  ---------------

Current thread (0x0000016ac3276000):  JavaThread "C2 CompilerThread1" daemon [_thread_in_native, id=9412, stack(0x00000042f3600000,0x00000042f3700000)]


Current CompileTask:
C2: 301237 4069       4       org.eclipse.core.internal.dtree.AbstractDataTreeNode::storeStrings (42 bytes)

Stack: [0x00000042f3600000,0x00000042f3700000]
Native frames: (J=compiled Java code, j=interpreted, Vv=VM code, C=native code)
V  [jvm.dll+0x67754a]
V  [jvm.dll+0x834304]
V  [jvm.dll+0x835aae]
V  [jvm.dll+0x836113]
V  [jvm.dll+0x24696f]
V  [jvm.dll+0xac2cc]
V  [jvm.dll+0xac67c]
V  [jvm.dll+0x2adc45]
V  [jvm.dll+0x580067]
V  [jvm.dll+0x221e72]
V  [jvm.dll+0x21b039]
V  [jvm.dll+0x21895b]
V  [jvm.dll+0x1a4d8d]
V  [jvm.dll+0x2284da]
V  [jvm.dll+0x226615]
V  [jvm.dll+0x7ea90b]
V  [jvm.dll+0x7e4e7a]
V  [jvm.dll+0x676395]
C  [ucrtbase.dll+0x29363]
C  [KERNEL32.DLL+0x126ad]
C  [ntdll.dll+0x5aa68]


---------------  P R O C E S S  ---------------

Threads class SMR info:
_java_thread_list=0x0000016ac604c430, length=25, elements={
0x0000016aa709dc00, 0x0000016abaf192b0, 0x0000016aa7155710, 0x0000016aa715e720,
0x0000016ac031b3f0, 0x0000016ac03200c0, 0x0000016ac0320b80, 0x0000016ac03298b0,
0x0000016ac032c270, 0x0000016ac032d7a0, 0x0000016aa70ffe30, 0x0000016ac22571a0,
0x0000016ac2a8f8b0, 0x0000016ac2d3c740, 0x0000016ac2d3d1c0, 0x0000016ac2bce5e0,
0x0000016ac2d89610, 0x0000016ac2708a40, 0x0000016ac270abf0, 0x0000016ac2709d80,
0x0000016ac270b0c0, 0x0000016ac270b590, 0x0000016ac270a250, 0x0000016ac3276000,
0x0000016ac3276a20
}

Java Threads: ( => current thread )
  0x0000016aa709dc00 JavaThread "main" [_thread_blocked, id=22316, stack(0x00000042f3800000,0x00000042f3900000)]
  0x0000016abaf192b0 JavaThread "Reference Handler" daemon [_thread_blocked, id=21276, stack(0x00000042f3b00000,0x00000042f3c00000)]
  0x0000016aa7155710 JavaThread "Finalizer" daemon [_thread_blocked, id=13504, stack(0x00000042f3c00000,0x00000042f3d00000)]
  0x0000016aa715e720 JavaThread "Signal Dispatcher" daemon [_thread_blocked, id=14132, stack(0x00000042f3d00000,0x00000042f3e00000)]
  0x0000016ac031b3f0 JavaThread "Attach Listener" daemon [_thread_blocked, id=14120, stack(0x00000042f3e00000,0x00000042f3f00000)]
  0x0000016ac03200c0 JavaThread "Service Thread" daemon [_thread_blocked, id=12692, stack(0x00000042f3f00000,0x00000042f4000000)]
  0x0000016ac0320b80 JavaThread "Monitor Deflation Thread" daemon [_thread_blocked, id=12312, stack(0x00000042f4000000,0x00000042f4100000)]
  0x0000016ac03298b0 JavaThread "C2 CompilerThread0" daemon [_thread_blocked, id=10764, stack(0x00000042f4100000,0x00000042f4200000)]
  0x0000016ac032c270 JavaThread "C1 CompilerThread0" daemon [_thread_blocked, id=7280, stack(0x00000042f4200000,0x00000042f4300000)]
  0x0000016ac032d7a0 JavaThread "Sweeper thread" daemon [_thread_blocked, id=7288, stack(0x00000042f4300000,0x00000042f4400000)]
  0x0000016aa70ffe30 JavaThread "Common-Cleaner" daemon [_thread_blocked, id=18124, stack(0x00000042f4400000,0x00000042f4500000)]
  0x0000016ac22571a0 JavaThread "Notification Thread" daemon [_thread_blocked, id=22636, stack(0x00000042f4900000,0x00000042f4a00000)]
  0x0000016ac2a8f8b0 JavaThread "Active Thread: Equinox Container: 510c4a11-75f4-4d88-820c-a61b3801129b" [_thread_blocked, id=1792, stack(0x00000042f5100000,0x00000042f5200000)]
  0x0000016ac2d3c740 JavaThread "Framework Event Dispatcher: Equinox Container: 510c4a11-75f4-4d88-820c-a61b3801129b" daemon [_thread_blocked, id=15920, stack(0x00000042f5200000,0x00000042f5300000)]
  0x0000016ac2d3d1c0 JavaThread "Start Level: Equinox Container: 510c4a11-75f4-4d88-820c-a61b3801129b" daemon [_thread_blocked, id=21936, stack(0x00000042f5300000,0x00000042f5400000)]
  0x0000016ac2bce5e0 JavaThread "SCR Component Actor" daemon [_thread_blocked, id=22348, stack(0x00000042f5400000,0x00000042f5500000)]
  0x0000016ac2d89610 JavaThread "Worker-JM" [_thread_blocked, id=22968, stack(0x00000042f5800000,0x00000042f5900000)]
  0x0000016ac2708a40 JavaThread "Worker-1" [_thread_blocked, id=22552, stack(0x00000042f5e00000,0x00000042f5f00000)]
  0x0000016ac270abf0 JavaThread "Worker-2" [_thread_blocked, id=18584, stack(0x00000042f6500000,0x00000042f6600000)]
  0x0000016ac2709d80 JavaThread "JNA Cleaner" daemon [_thread_blocked, id=18524, stack(0x00000042f6600000,0x00000042f6700000)]
  0x0000016ac270b0c0 JavaThread "pool-2-thread-1" [_thread_blocked, id=18512, stack(0x00000042f6700000,0x00000042f6800000)]
  0x0000016ac270b590 JavaThread "WorkspaceEventsHandler" [_thread_blocked, id=17384, stack(0x00000042f6800000,0x00000042f6900000)]
  0x0000016ac270a250 JavaThread "pool-1-thread-1" [_thread_blocked, id=18504, stack(0x00000042f6900000,0x00000042f6a00000)]
=>0x0000016ac3276000 JavaThread "C2 CompilerThread1" daemon [_thread_in_native, id=9412, stack(0x00000042f3600000,0x00000042f3700000)]
  0x0000016ac3276a20 JavaThread "C2 CompilerThread2" daemon [_thread_blocked, id=21348, stack(0x00000042f3700000,0x00000042f3800000)]

Other Threads:
  0x0000016abaf171e0 VMThread "VM Thread" [stack: 0x00000042f3a00000,0x00000042f3b00000] [id=14164]
  0x0000016ac2257670 WatcherThread [stack: 0x00000042f4a00000,0x00000042f4b00000] [id=4000]
  0x0000016aa70b2d00 GCTaskThread "GC Thread#0" [stack: 0x00000042f3900000,0x00000042f3a00000] [id=18132]
  0x0000016ac27d8790 GCTaskThread "GC Thread#1" [stack: 0x00000042f4c00000,0x00000042f4d00000] [id=21948]
  0x0000016ac2ac97d0 GCTaskThread "GC Thread#2" [stack: 0x00000042f4d00000,0x00000042f4e00000] [id=21952]
  0x0000016ac2ac9a80 GCTaskThread "GC Thread#3" [stack: 0x00000042f4e00000,0x00000042f4f00000] [id=13624]
  0x0000016ac2c5f030 GCTaskThread "GC Thread#4" [stack: 0x00000042f4f00000,0x00000042f5000000] [id=21232]
  0x0000016ac2c5f6f0 GCTaskThread "GC Thread#5" [stack: 0x00000042f5000000,0x00000042f5100000] [id=21944]
  0x0000016ac2bc0dd0 GCTaskThread "GC Thread#6" [stack: 0x00000042f5500000,0x00000042f5600000] [id=6360]
  0x0000016ac2bc1080 GCTaskThread "GC Thread#7" [stack: 0x00000042f5600000,0x00000042f5700000] [id=21752]
  0x0000016ac2f5e2c0 GCTaskThread "GC Thread#8" [stack: 0x00000042f5900000,0x00000042f5a00000] [id=23312]
  0x0000016ac2f62e20 GCTaskThread "GC Thread#9" [stack: 0x00000042f5a00000,0x00000042f5b00000] [id=23316]
  0x0000016ac2fde230 GCTaskThread "GC Thread#10" [stack: 0x00000042f5f00000,0x00000042f6000000] [id=22568]
  0x0000016ac2eb3e80 GCTaskThread "GC Thread#11" [stack: 0x00000042f5c00000,0x00000042f5d00000] [id=19552]
  0x0000016ac43beef0 GCTaskThread "GC Thread#12" [stack: 0x00000042f6000000,0x00000042f6100000] [id=22124]

Threads with active compile tasks:
C2 CompilerThread1   301250 4069       4       org.eclipse.core.internal.dtree.AbstractDataTreeNode::storeStrings (42 bytes)

VM state: not at safepoint (normal execution)

VM Mutex/Monitor currently owned by a thread: None

Heap address: 0x00000000c0000000, size: 1024 MB, Compressed Oops mode: 32-bit

CDS archive(s) not mapped
Compressed class space mapped at: 0x0000000100000000-0x0000000140000000, reserved size: 1073741824
Narrow klass base: 0x0000000000000000, Narrow klass shift: 3, Narrow klass range: 0x140000000

GC Precious Log:
 CPUs: 16 total, 16 available
 Memory: 16085M
 Large Page Support: Disabled
 NUMA Support: Disabled
 Compressed Oops: Enabled (32-bit)
 Alignments: Space 512K, Generation 512K, Heap 2M
 Heap Min Capacity: 100M
 Heap Initial Capacity: 100M
 Heap Max Capacity: 1G
 Pre-touch: Disabled
 Parallel Workers: 13

Heap:
 PSYoungGen      total 24576K, used 16046K [0x00000000eab00000, 0x00000000ec600000, 0x0000000100000000)
  eden space 22016K, 62% used [0x00000000eab00000,0x00000000eb85bbf0,0x00000000ec080000)
  from space 2560K, 92% used [0x00000000ec380000,0x00000000ec5d0000,0x00000000ec600000)
  to   space 2560K, 0% used [0x00000000ec100000,0x00000000ec100000,0x00000000ec380000)
 ParOldGen       total 68608K, used 27820K [0x00000000c0000000, 0x00000000c4300000, 0x00000000eab00000)
  object space 68608K, 40% used [0x00000000c0000000,0x00000000c1b2b2f8,0x00000000c4300000)
 Metaspace       used 36941K, committed 37696K, reserved 1114112K
  class space    used 3756K, committed 4096K, reserved 1048576K

Card table byte_map: [0x0000016aa6a40000,0x0000016aa6c50000] _byte_map_base: 0x0000016aa6440000

Marking Bits: (ParMarkBitMap*) 0x00007ffdbb4152c0
 Begin Bits: [0x0000016ab8d20000, 0x0000016ab9d20000)
 End Bits:   [0x0000016ab9d20000, 0x0000016abad20000)

Polling page: 0x0000016aa4fc0000

Metaspace:

Usage:
  Non-class:     32.41 MB used.
      Class:      3.67 MB used.
       Both:     36.08 MB used.

Virtual space:
  Non-class space:       64.00 MB reserved,      32.81 MB ( 51%) committed,  1 nodes.
      Class space:        1.00 GB reserved,       4.00 MB ( <1%) committed,  1 nodes.
             Both:        1.06 GB reserved,      36.81 MB (  3%) committed. 

Chunk freelists:
   Non-Class:  15.17 MB
       Class:  11.88 MB
        Both:  27.05 MB

MaxMetaspaceSize: unlimited
CompressedClassSpaceSize: 1.00 GB
Initial GC threshold: 21.00 MB
Current GC threshold: 58.38 MB
CDS: off
MetaspaceReclaimPolicy: balanced
 - commit_granule_bytes: 65536.
 - commit_granule_words: 8192.
 - virtual_space_node_default_size: 8388608.
 - enlarge_chunks_in_place: 1.
 - new_chunks_are_fully_committed: 0.
 - uncommit_free_chunks: 1.
 - use_allocation_guard: 0.
 - handle_deallocations: 1.


Internal statistics:

num_allocs_failed_limit: 6.
num_arena_births: 360.
num_arena_deaths: 14.
num_vsnodes_births: 2.
num_vsnodes_deaths: 0.
num_space_committed: 589.
num_space_uncommitted: 0.
num_chunks_returned_to_freelist: 20.
num_chunks_taken_from_freelist: 1520.
num_chunk_merges: 10.
num_chunk_splits: 983.
num_chunks_enlarged: 627.
num_inconsistent_stats: 0.

CodeHeap 'non-profiled nmethods': size=119168Kb used=2583Kb max_used=2583Kb free=116584Kb
 bounds [0x0000016ab18c0000, 0x0000016ab1b50000, 0x0000016ab8d20000]
CodeHeap 'profiled nmethods': size=119104Kb used=8321Kb max_used=8321Kb free=110782Kb
 bounds [0x0000016aa9d20000, 0x0000016aaa550000, 0x0000016ab1170000]
CodeHeap 'non-nmethods': size=7488Kb used=1282Kb max_used=3046Kb free=6205Kb
 bounds [0x0000016ab1170000, 0x0000016ab1480000, 0x0000016ab18c0000]
 total_blobs=4666 nmethods=4070 adapters=509
 compilation: enabled
              stopped_count=0, restarted_count=0
 full_count=0

Compilation events (20 events):
Event: 123.298 Thread 0x0000016ac03298b0 4057       4       java.lang.invoke.Invokers$Holder::linkToTargetMethod (9 bytes)
Event: 123.298 Thread 0x0000016ac032c270 nmethod 4056 0x0000016ab1b3fc90 code [0x0000016ab1b3fe20, 0x0000016ab1b3fef8]
Event: 123.298 Thread 0x0000016ac03298b0 nmethod 4057 0x0000016ab1b3ff90 code [0x0000016ab1b40120, 0x0000016ab1b401f8]
Event: 272.823 Thread 0x0000016ac032c270 4059       3       java.lang.invoke.VarHandleGuards::guard_LLL_Z (86 bytes)
Event: 272.825 Thread 0x0000016ac032c270 nmethod 4059 0x0000016aaa539d90 code [0x0000016aaa53a0c0, 0x0000016aaa53bc68]
Event: 301.216 Thread 0x0000016ac032c270 4061       3       org.eclipse.core.internal.dtree.DataTreeNode::storeStrings (28 bytes)
Event: 301.216 Thread 0x0000016ac032c270 nmethod 4061 0x0000016aaa53c510 code [0x0000016aaa53c6e0, 0x0000016aaa53cb38]
Event: 301.216 Thread 0x0000016ac032c270 4062       3       org.eclipse.core.internal.dtree.AbstractDataTreeNode::storeStrings (42 bytes)
Event: 301.216 Thread 0x0000016ac03298b0 4065       4       java.util.HashMap::putVal (300 bytes)
Event: 301.216 Thread 0x0000016ac032c270 nmethod 4062 0x0000016aaa53cc90 code [0x0000016aaa53ce60, 0x0000016aaa53d1d8]
Event: 301.216 Thread 0x0000016ac032c270 4063       3       org.eclipse.core.internal.utils.StringPool::add (50 bytes)
Event: 301.216 Thread 0x0000016ac032c270 nmethod 4063 0x0000016aaa53d390 code [0x0000016aaa53d560, 0x0000016aaa53da28]
Event: 301.216 Thread 0x0000016ac032c270 4064       3       org.eclipse.core.internal.resources.ResourceInfo::shareStrings (43 bytes)
Event: 301.217 Thread 0x0000016ac032c270 nmethod 4064 0x0000016aaa53dc10 code [0x0000016aaa53dde0, 0x0000016aaa53e0e8]
Event: 301.224 Thread 0x0000016ac032c270 4072       3       java.util.concurrent.ConcurrentLinkedQueue::updateHead (26 bytes)
Event: 301.226 Thread 0x0000016ac032c270 nmethod 4072 0x0000016aaa53e210 code [0x0000016aaa53e5a0, 0x0000016aaa53fd78]
Event: 301.226 Thread 0x0000016ac3276000 4069       4       org.eclipse.core.internal.dtree.AbstractDataTreeNode::storeStrings (42 bytes)
Event: 301.226 Thread 0x0000016ac3276a20 4067       4       java.util.HashMap::putIfAbsent (13 bytes)
Event: 301.227 Thread 0x0000016ac03298b0 nmethod 4065 0x0000016ab1b40a10 code [0x0000016ab1b40c00, 0x0000016ab1b417f8]
Event: 301.227 Thread 0x0000016ac03298b0 4068       4       org.eclipse.core.internal.dtree.DataTreeNode::storeStrings (28 bytes)

GC Heap History (20 events):
Event: 2.494 GC heap before
{Heap before GC invocations=9 (full 1):
 PSYoungGen      total 26112K, used 26086K [0x00000000eab00000, 0x00000000ec880000, 0x0000000100000000)
  eden space 24064K, 100% used [0x00000000eab00000,0x00000000ec280000,0x00000000ec280000)
  from space 2048K, 98% used [0x00000000ec580000,0x00000000ec779bd0,0x00000000ec780000)
  to   space 1024K, 0% used [0x00000000ec780000,0x00000000ec780000,0x00000000ec880000)
 ParOldGen       total 68608K, used 12522K [0x00000000c0000000, 0x00000000c4300000, 0x00000000eab00000)
  object space 68608K, 18% used [0x00000000c0000000,0x00000000c0c3a810,0x00000000c4300000)
 Metaspace       used 31379K, committed 32000K, reserved 1114112K
  class space    used 3084K, committed 3328K, reserved 1048576K
}
Event: 2.497 GC heap after
{Heap after GC invocations=9 (full 1):
 PSYoungGen      total 24576K, used 1001K [0x00000000eab00000, 0x00000000ec880000, 0x0000000100000000)
  eden space 23552K, 0% used [0x00000000eab00000,0x00000000eab00000,0x00000000ec200000)
  from space 1024K, 97% used [0x00000000ec780000,0x00000000ec87a668,0x00000000ec880000)
  to   space 3072K, 0% used [0x00000000ec280000,0x00000000ec280000,0x00000000ec580000)
 ParOldGen       total 68608K, used 14363K [0x00000000c0000000, 0x00000000c4300000, 0x00000000eab00000)
  object space 68608K, 20% used [0x00000000c0000000,0x00000000c0e06fb8,0x00000000c4300000)
 Metaspace       used 31379K, committed 32000K, reserved 1114112K
  class space    used 3084K, committed 3328K, reserved 1048576K
}
Event: 2.818 GC heap before
{Heap before GC invocations=10 (full 1):
 PSYoungGen      total 24576K, used 24553K [0x00000000eab00000, 0x00000000ec880000, 0x0000000100000000)
  eden space 23552K, 100% used [0x00000000eab00000,0x00000000ec200000,0x00000000ec200000)
  from space 1024K, 97% used [0x00000000ec780000,0x00000000ec87a668,0x00000000ec880000)
  to   space 3072K, 0% used [0x00000000ec280000,0x00000000ec280000,0x00000000ec580000)
 ParOldGen       total 68608K, used 14363K [0x00000000c0000000, 0x00000000c4300000, 0x00000000eab00000)
  object space 68608K, 20% used [0x00000000c0000000,0x00000000c0e06fb8,0x00000000c4300000)
 Metaspace       used 35174K, committed 35840K, reserved 1114112K
  class space    used 3566K, committed 3840K, reserved 1048576K
}
Event: 2.819 GC heap after
{Heap after GC invocations=10 (full 1):
 PSYoungGen      total 26112K, used 2319K [0x00000000eab00000, 0x00000000ec800000, 0x0000000100000000)
  eden space 23040K, 0% used [0x00000000eab00000,0x00000000eab00000,0x00000000ec180000)
  from space 3072K, 75% used [0x00000000ec280000,0x00000000ec4c3f18,0x00000000ec580000)
  to   space 2560K, 0% used [0x00000000ec580000,0x00000000ec580000,0x00000000ec800000)
 ParOldGen       total 68608K, used 14975K [0x00000000c0000000, 0x00000000c4300000, 0x00000000eab00000)
  object space 68608K, 21% used [0x00000000c0000000,0x00000000c0e9fd48,0x00000000c4300000)
 Metaspace       used 35174K, committed 35840K, reserved 1114112K
  class space    used 3566K, committed 3840K, reserved 1048576K
}
Event: 2.819 GC heap before
{Heap before GC invocations=11 (full 1):
 PSYoungGen      total 26112K, used 2419K [0x00000000eab00000, 0x00000000ec800000, 0x0000000100000000)
  eden space 23040K, 0% used [0x00000000eab00000,0x00000000eab18da8,0x00000000ec180000)
  from space 3072K, 75% used [0x00000000ec280000,0x00000000ec4c3f18,0x00000000ec580000)
  to   space 2560K, 0% used [0x00000000ec580000,0x00000000ec580000,0x00000000ec800000)
 ParOldGen       total 68608K, used 14975K [0x00000000c0000000, 0x00000000c4300000, 0x00000000eab00000)
  object space 68608K, 21% used [0x00000000c0000000,0x00000000c0e9fd48,0x00000000c4300000)
 Metaspace       used 35174K, committed 35840K, reserved 1114112K
  class space    used 3566K, committed 3840K, reserved 1048576K
}
Event: 2.820 GC heap after
{Heap after GC invocations=11 (full 1):
 PSYoungGen      total 25088K, used 1862K [0x00000000eab00000, 0x00000000ec780000, 0x0000000100000000)
  eden space 23040K, 0% used [0x00000000eab00000,0x00000000eab00000,0x00000000ec180000)
  from space 2048K, 90% used [0x00000000ec580000,0x00000000ec751a90,0x00000000ec780000)
  to   space 2560K, 0% used [0x00000000ec280000,0x00000000ec280000,0x00000000ec500000)
 ParOldGen       total 68608K, used 15444K [0x00000000c0000000, 0x00000000c4300000, 0x00000000eab00000)
  object space 68608K, 22% used [0x00000000c0000000,0x00000000c0f15290,0x00000000c4300000)
 Metaspace       used 35174K, committed 35840K, reserved 1114112K
  class space    used 3566K, committed 3840K, reserved 1048576K
}
Event: 2.820 GC heap before
{Heap before GC invocations=12 (full 2):
 PSYoungGen      total 25088K, used 1862K [0x00000000eab00000, 0x00000000ec780000, 0x0000000100000000)
  eden space 23040K, 0% used [0x00000000eab00000,0x00000000eab00000,0x00000000ec180000)
  from space 2048K, 90% used [0x00000000ec580000,0x00000000ec751a90,0x00000000ec780000)
  to   space 2560K, 0% used [0x00000000ec280000,0x00000000ec280000,0x00000000ec500000)
 ParOldGen       total 68608K, used 15444K [0x00000000c0000000, 0x00000000c4300000, 0x00000000eab00000)
  object space 68608K, 22% used [0x00000000c0000000,0x00000000c0f15290,0x00000000c4300000)
 Metaspace       used 35174K, committed 35840K, reserved 1114112K
  class space    used 3566K, committed 3840K, reserved 1048576K
}
Event: 2.832 GC heap after
{Heap after GC invocations=12 (full 2):
 PSYoungGen      total 25088K, used 0K [0x00000000eab00000, 0x00000000ec780000, 0x0000000100000000)
  eden space 23040K, 0% used [0x00000000eab00000,0x00000000eab00000,0x00000000ec180000)
  from space 2048K, 0% used [0x00000000ec580000,0x00000000ec580000,0x00000000ec780000)
  to   space 2560K, 0% used [0x00000000ec280000,0x00000000ec280000,0x00000000ec500000)
 ParOldGen       total 68608K, used 16763K [0x00000000c0000000, 0x00000000c4300000, 0x00000000eab00000)
  object space 68608K, 24% used [0x00000000c0000000,0x00000000c105efb8,0x00000000c4300000)
 Metaspace       used 35174K, committed 35840K, reserved 1114112K
  class space    used 3566K, committed 3840K, reserved 1048576K
}
Event: 2.987 GC heap before
{Heap before GC invocations=13 (full 2):
 PSYoungGen      total 25088K, used 23040K [0x00000000eab00000, 0x00000000ec780000, 0x0000000100000000)
  eden space 23040K, 100% used [0x00000000eab00000,0x00000000ec180000,0x00000000ec180000)
  from space 2048K, 0% used [0x00000000ec580000,0x00000000ec580000,0x00000000ec780000)
  to   space 2560K, 0% used [0x00000000ec280000,0x00000000ec280000,0x00000000ec500000)
 ParOldGen       total 68608K, used 16763K [0x00000000c0000000, 0x00000000c4300000, 0x00000000eab00000)
  object space 68608K, 24% used [0x00000000c0000000,0x00000000c105efb8,0x00000000c4300000)
 Metaspace       used 36400K, committed 37120K, reserved 1114112K
  class space    used 3706K, committed 4032K, reserved 1048576K
}
Event: 2.988 GC heap after
{Heap after GC invocations=13 (full 2):
 PSYoungGen      total 25088K, used 2112K [0x00000000eab00000, 0x00000000ec600000, 0x0000000100000000)
  eden space 22528K, 0% used [0x00000000eab00000,0x00000000eab00000,0x00000000ec100000)
  from space 2560K, 82% used [0x00000000ec280000,0x00000000ec490020,0x00000000ec500000)
  to   space 1024K, 0% used [0x00000000ec500000,0x00000000ec500000,0x00000000ec600000)
 ParOldGen       total 68608K, used 16771K [0x00000000c0000000, 0x00000000c4300000, 0x00000000eab00000)
  object space 68608K, 24% used [0x00000000c0000000,0x00000000c1060fb8,0x00000000c4300000)
 Metaspace       used 36400K, committed 37120K, reserved 1114112K
  class space    used 3706K, committed 4032K, reserved 1048576K
}
Event: 3.083 GC heap before
{Heap before GC invocations=14 (full 2):
 PSYoungGen      total 25088K, used 24640K [0x00000000eab00000, 0x00000000ec600000, 0x0000000100000000)
  eden space 22528K, 100% used [0x00000000eab00000,0x00000000ec100000,0x00000000ec100000)
  from space 2560K, 82% used [0x00000000ec280000,0x00000000ec490020,0x00000000ec500000)
  to   space 1024K, 0% used [0x00000000ec500000,0x00000000ec500000,0x00000000ec600000)
 ParOldGen       total 68608K, used 16771K [0x00000000c0000000, 0x00000000c4300000, 0x00000000eab00000)
  object space 68608K, 24% used [0x00000000c0000000,0x00000000c1060fb8,0x00000000c4300000)
 Metaspace       used 36592K, committed 37312K, reserved 1114112K
  class space    used 3724K, committed 4032K, reserved 1048576K
}
Event: 3.084 GC heap after
{Heap after GC invocations=14 (full 2):
 PSYoungGen      total 23040K, used 992K [0x00000000eab00000, 0x00000000ec980000, 0x0000000100000000)
  eden space 22016K, 0% used [0x00000000eab00000,0x00000000eab00000,0x00000000ec080000)
  from space 1024K, 96% used [0x00000000ec500000,0x00000000ec5f8010,0x00000000ec600000)
  to   space 4608K, 0% used [0x00000000ec080000,0x00000000ec080000,0x00000000ec500000)
 ParOldGen       total 68608K, used 19768K [0x00000000c0000000, 0x00000000c4300000, 0x00000000eab00000)
  object space 68608K, 28% used [0x00000000c0000000,0x00000000c134e330,0x00000000c4300000)
 Metaspace       used 36592K, committed 37312K, reserved 1114112K
  class space    used 3724K, committed 4032K, reserved 1048576K
}
Event: 3.119 GC heap before
{Heap before GC invocations=15 (full 2):
 PSYoungGen      total 23040K, used 23008K [0x00000000eab00000, 0x00000000ec980000, 0x0000000100000000)
  eden space 22016K, 100% used [0x00000000eab00000,0x00000000ec080000,0x00000000ec080000)
  from space 1024K, 96% used [0x00000000ec500000,0x00000000ec5f8010,0x00000000ec600000)
  to   space 4608K, 0% used [0x00000000ec080000,0x00000000ec080000,0x00000000ec500000)
 ParOldGen       total 68608K, used 19768K [0x00000000c0000000, 0x00000000c4300000, 0x00000000eab00000)
  object space 68608K, 28% used [0x00000000c0000000,0x00000000c134e330,0x00000000c4300000)
 Metaspace       used 36604K, committed 37376K, reserved 1114112K
  class space    used 3725K, committed 4032K, reserved 1048576K
}
Event: 3.120 GC heap after
{Heap after GC invocations=15 (full 2):
 PSYoungGen      total 24576K, used 2368K [0x00000000eab00000, 0x00000000ec680000, 0x0000000100000000)
  eden space 22016K, 0% used [0x00000000eab00000,0x00000000eab00000,0x00000000ec080000)
  from space 2560K, 92% used [0x00000000ec080000,0x00000000ec2d0010,0x00000000ec300000)
  to   space 3072K, 0% used [0x00000000ec380000,0x00000000ec380000,0x00000000ec680000)
 ParOldGen       total 68608K, used 20748K [0x00000000c0000000, 0x00000000c4300000, 0x00000000eab00000)
  object space 68608K, 30% used [0x00000000c0000000,0x00000000c1443358,0x00000000c4300000)
 Metaspace       used 36604K, committed 37376K, reserved 1114112K
  class space    used 3725K, committed 4032K, reserved 1048576K
}
Event: 3.183 GC heap before
{Heap before GC invocations=16 (full 2):
 PSYoungGen      total 24576K, used 24384K [0x00000000eab00000, 0x00000000ec680000, 0x0000000100000000)
  eden space 22016K, 100% used [0x00000000eab00000,0x00000000ec080000,0x00000000ec080000)
  from space 2560K, 92% used [0x00000000ec080000,0x00000000ec2d0010,0x00000000ec300000)
  to   space 3072K, 0% used [0x00000000ec380000,0x00000000ec380000,0x00000000ec680000)
 ParOldGen       total 68608K, used 20748K [0x00000000c0000000, 0x00000000c4300000, 0x00000000eab00000)
  object space 68608K, 30% used [0x00000000c0000000,0x00000000c1443358,0x00000000c4300000)
 Metaspace       used 36743K, committed 37504K, reserved 1114112K
  class space    used 3742K, committed 4096K, reserved 1048576K
}
Event: 3.185 GC heap after
{Heap after GC invocations=16 (full 2):
 PSYoungGen      total 25088K, used 2592K [0x00000000eab00000, 0x00000000ec680000, 0x0000000100000000)
  eden space 22016K, 0% used [0x00000000eab00000,0x00000000eab00000,0x00000000ec080000)
  from space 3072K, 84% used [0x00000000ec380000,0x00000000ec608010,0x00000000ec680000)
  to   space 3072K, 0% used [0x00000000ec080000,0x00000000ec080000,0x00000000ec380000)
 ParOldGen       total 68608K, used 22889K [0x00000000c0000000, 0x00000000c4300000, 0x00000000eab00000)
  object space 68608K, 33% used [0x00000000c0000000,0x00000000c165a4e8,0x00000000c4300000)
 Metaspace       used 36743K, committed 37504K, reserved 1114112K
  class space    used 3742K, committed 4096K, reserved 1048576K
}
Event: 3.204 GC heap before
{Heap before GC invocations=17 (full 2):
 PSYoungGen      total 25088K, used 24608K [0x00000000eab00000, 0x00000000ec680000, 0x0000000100000000)
  eden space 22016K, 100% used [0x00000000eab00000,0x00000000ec080000,0x00000000ec080000)
  from space 3072K, 84% used [0x00000000ec380000,0x00000000ec608010,0x00000000ec680000)
  to   space 3072K, 0% used [0x00000000ec080000,0x00000000ec080000,0x00000000ec380000)
 ParOldGen       total 68608K, used 22889K [0x00000000c0000000, 0x00000000c4300000, 0x00000000eab00000)
  object space 68608K, 33% used [0x00000000c0000000,0x00000000c165a4e8,0x00000000c4300000)
 Metaspace       used 36743K, committed 37504K, reserved 1114112K
  class space    used 3742K, committed 4096K, reserved 1048576K
}
Event: 3.206 GC heap after
{Heap after GC invocations=17 (full 2):
 PSYoungGen      total 25088K, used 2688K [0x00000000eab00000, 0x00000000ec680000, 0x0000000100000000)
  eden space 22016K, 0% used [0x00000000eab00000,0x00000000eab00000,0x00000000ec080000)
  from space 3072K, 87% used [0x00000000ec080000,0x00000000ec320010,0x00000000ec380000)
  to   space 3072K, 0% used [0x00000000ec380000,0x00000000ec380000,0x00000000ec680000)
 ParOldGen       total 68608K, used 25316K [0x00000000c0000000, 0x00000000c4300000, 0x00000000eab00000)
  object space 68608K, 36% used [0x00000000c0000000,0x00000000c18b92e8,0x00000000c4300000)
 Metaspace       used 36743K, committed 37504K, reserved 1114112K
  class space    used 3742K, committed 4096K, reserved 1048576K
}
Event: 3.235 GC heap before
{Heap before GC invocations=18 (full 2):
 PSYoungGen      total 25088K, used 24704K [0x00000000eab00000, 0x00000000ec680000, 0x0000000100000000)
  eden space 22016K, 100% used [0x00000000eab00000,0x00000000ec080000,0x00000000ec080000)
  from space 3072K, 87% used [0x00000000ec080000,0x00000000ec320010,0x00000000ec380000)
  to   space 3072K, 0% used [0x00000000ec380000,0x00000000ec380000,0x00000000ec680000)
 ParOldGen       total 68608K, used 25316K [0x00000000c0000000, 0x00000000c4300000, 0x00000000eab00000)
  object space 68608K, 36% used [0x00000000c0000000,0x00000000c18b92e8,0x00000000c4300000)
 Metaspace       used 36743K, committed 37504K, reserved 1114112K
  class space    used 3742K, committed 4096K, reserved 1048576K
}
Event: 3.237 GC heap after
{Heap after GC invocations=18 (full 2):
 PSYoungGen      total 24576K, used 2368K [0x00000000eab00000, 0x00000000ec600000, 0x0000000100000000)
  eden space 22016K, 0% used [0x00000000eab00000,0x00000000eab00000,0x00000000ec080000)
  from space 2560K, 92% used [0x00000000ec380000,0x00000000ec5d0000,0x00000000ec600000)
  to   space 2560K, 0% used [0x00000000ec100000,0x00000000ec100000,0x00000000ec380000)
 ParOldGen       total 68608K, used 27820K [0x00000000c0000000, 0x00000000c4300000, 0x00000000eab00000)
  object space 68608K, 40% used [0x00000000c0000000,0x00000000c1b2b2f8,0x00000000c4300000)
 Metaspace       used 36743K, committed 37504K, reserved 1114112K
  class space    used 3742K, committed 4096K, reserved 1048576K
}

Dll operation events (10 events):
Event: 0.008 Loaded shared library c:\Users\Admin\.vscode\extensions\redhat.java-1.21.0-win32-x64\jre\17.0.7-win32-x86_64\bin\java.dll
Event: 0.116 Loaded shared library c:\Users\Admin\.vscode\extensions\redhat.java-1.21.0-win32-x64\jre\17.0.7-win32-x86_64\bin\zip.dll
Event: 0.120 Loaded shared library C:\Users\Admin\.vscode\extensions\redhat.java-1.21.0-win32-x64\jre\17.0.7-win32-x86_64\bin\instrument.dll
Event: 0.130 Loaded shared library C:\Users\Admin\.vscode\extensions\redhat.java-1.21.0-win32-x64\jre\17.0.7-win32-x86_64\bin\net.dll
Event: 0.131 Loaded shared library C:\Users\Admin\.vscode\extensions\redhat.java-1.21.0-win32-x64\jre\17.0.7-win32-x86_64\bin\nio.dll
Event: 0.136 Loaded shared library C:\Users\Admin\.vscode\extensions\redhat.java-1.21.0-win32-x64\jre\17.0.7-win32-x86_64\bin\zip.dll
Event: 0.145 Loaded shared library C:\Users\Admin\.vscode\extensions\redhat.java-1.21.0-win32-x64\jre\17.0.7-win32-x86_64\bin\jimage.dll
Event: 0.174 Loaded shared library c:\Users\Admin\.vscode\extensions\redhat.java-1.21.0-win32-x64\jre\17.0.7-win32-x86_64\bin\verify.dll
Event: 0.722 Loaded shared library C:\Users\Admin\AppData\Roaming\Code\User\globalStorage\redhat.java\1.21.0\config_ss_win\org.eclipse.equinox.launcher\org.eclipse.equinox.launcher.win32.win32.x86_64_1.2.700.v20221108-1024\eclipse_11801.dll
Event: 2.444 Loaded shared library C:\Users\Admin\AppData\Local\Temp\jna-63116079\jna16089542027374281917.dll

Deoptimization events (20 events):
Event: 3.171 Thread 0x0000016ac2708a40 Uncommon trap: trap_request=0xffffffbe fr.pc=0x0000016ab1ac0884 relative=0x00000000000005c4
Event: 3.171 Thread 0x0000016ac2708a40 Uncommon trap: reason=profile_predicate action=maybe_recompile pc=0x0000016ab1ac0884 method=org.eclipse.jdt.internal.core.util.HashtableOfArrayToObject.get([Ljava/lang/Object;)Ljava/lang/Object; @ 64 c2
Event: 3.171 Thread 0x0000016ac2708a40 DEOPT PACKING pc=0x0000016ab1ac0884 sp=0x00000042f5efeb00
Event: 3.171 Thread 0x0000016ac2708a40 DEOPT UNPACKING pc=0x0000016ab11c9ea3 sp=0x00000042f5efeab0 mode 2
Event: 3.172 Thread 0x0000016ac2708a40 Uncommon trap: trap_request=0xffffff45 fr.pc=0x0000016ab18dfdac relative=0x000000000000028c
Event: 3.172 Thread 0x0000016ac2708a40 Uncommon trap: reason=unstable_if action=reinterpret pc=0x0000016ab18dfdac method=java.util.HashMap$HashIterator.<init>(Ljava/util/HashMap;)V @ 45 c2
Event: 3.172 Thread 0x0000016ac2708a40 DEOPT PACKING pc=0x0000016ab18dfdac sp=0x00000042f5eff060
Event: 3.172 Thread 0x0000016ac2708a40 DEOPT UNPACKING pc=0x0000016ab11c9ea3 sp=0x00000042f5efeff8 mode 2
Event: 3.172 Thread 0x0000016ac2708a40 Uncommon trap: trap_request=0xffffffbe fr.pc=0x0000016ab1ac0884 relative=0x00000000000005c4
Event: 3.172 Thread 0x0000016ac2708a40 Uncommon trap: reason=profile_predicate action=maybe_recompile pc=0x0000016ab1ac0884 method=org.eclipse.jdt.internal.core.util.HashtableOfArrayToObject.get([Ljava/lang/Object;)Ljava/lang/Object; @ 64 c2
Event: 3.173 Thread 0x0000016ac2708a40 DEOPT PACKING pc=0x0000016ab1ac0884 sp=0x00000042f5efeb00
Event: 3.173 Thread 0x0000016ac2708a40 DEOPT UNPACKING pc=0x0000016ab11c9ea3 sp=0x00000042f5efeab0 mode 2
Event: 3.174 Thread 0x0000016ac2708a40 Uncommon trap: trap_request=0xffffffbe fr.pc=0x0000016ab1ac0884 relative=0x00000000000005c4
Event: 3.175 Thread 0x0000016ac2708a40 Uncommon trap: reason=profile_predicate action=maybe_recompile pc=0x0000016ab1ac0884 method=org.eclipse.jdt.internal.core.util.HashtableOfArrayToObject.get([Ljava/lang/Object;)Ljava/lang/Object; @ 64 c2
Event: 3.175 Thread 0x0000016ac2708a40 DEOPT PACKING pc=0x0000016ab1ac0884 sp=0x00000042f5efeb00
Event: 3.175 Thread 0x0000016ac2708a40 DEOPT UNPACKING pc=0x0000016ab11c9ea3 sp=0x00000042f5efeab0 mode 2
Event: 3.175 Thread 0x0000016ac2708a40 Uncommon trap: trap_request=0xffffffbe fr.pc=0x0000016ab1ac0884 relative=0x00000000000005c4
Event: 3.175 Thread 0x0000016ac2708a40 Uncommon trap: reason=profile_predicate action=maybe_recompile pc=0x0000016ab1ac0884 method=org.eclipse.jdt.internal.core.util.HashtableOfArrayToObject.get([Ljava/lang/Object;)Ljava/lang/Object; @ 64 c2
Event: 3.176 Thread 0x0000016ac2708a40 DEOPT PACKING pc=0x0000016ab1ac0884 sp=0x00000042f5efeb00
Event: 3.176 Thread 0x0000016ac2708a40 DEOPT UNPACKING pc=0x0000016ab11c9ea3 sp=0x00000042f5efeab0 mode 2

Classes unloaded (7 events):
Event: 1.240 Thread 0x0000016abaf171e0 Unloading class 0x0000000100219000 'java/lang/invoke/LambdaForm$MH+0x0000000100219000'
Event: 1.240 Thread 0x0000016abaf171e0 Unloading class 0x0000000100218c00 'java/lang/invoke/LambdaForm$MH+0x0000000100218c00'
Event: 1.240 Thread 0x0000016abaf171e0 Unloading class 0x0000000100218800 'java/lang/invoke/LambdaForm$MH+0x0000000100218800'
Event: 1.240 Thread 0x0000016abaf171e0 Unloading class 0x0000000100218400 'java/lang/invoke/LambdaForm$MH+0x0000000100218400'
Event: 1.240 Thread 0x0000016abaf171e0 Unloading class 0x0000000100218000 'java/lang/invoke/LambdaForm$BMH+0x0000000100218000'
Event: 1.240 Thread 0x0000016abaf171e0 Unloading class 0x0000000100217c00 'java/lang/invoke/LambdaForm$DMH+0x0000000100217c00'
Event: 1.240 Thread 0x0000016abaf171e0 Unloading class 0x0000000100215000 'java/lang/invoke/LambdaForm$DMH+0x0000000100215000'

Classes redefined (0 events):
No events

Internal exceptions (20 events):
Event: 2.368 Thread 0x0000016ac2d3d1c0 Exception <a 'java/io/FileNotFoundException'{0x00000000ebf94650}> (0x00000000ebf94650) 
thrown [s\src\hotspot\share\prims\jni.cpp, line 516]
Event: 2.524 Thread 0x0000016ac2d3d1c0 Exception <a 'java/lang/UnsatisfiedLinkError'{0x00000000eab931b0}: The specified procedure could not be found.
> (0x00000000eab931b0) 
thrown [s\src\hotspot\share\prims\jni.cpp, line 535]
Event: 2.528 Thread 0x0000016ac2d3d1c0 Exception <a 'java/io/FileNotFoundException'{0x00000000eabb60b0}> (0x00000000eabb60b0) 
thrown [s\src\hotspot\share\prims\jni.cpp, line 516]
Event: 2.536 Thread 0x0000016ac2d3d1c0 Exception <a 'java/io/FileNotFoundException'{0x00000000eac29a48}> (0x00000000eac29a48) 
thrown [s\src\hotspot\share\prims\jni.cpp, line 516]
Event: 2.544 Thread 0x0000016ac2d3d1c0 Exception <a 'java/lang/UnsatisfiedLinkError'{0x00000000eacb5df8}: The specified procedure could not be found.
> (0x00000000eacb5df8) 
thrown [s\src\hotspot\share\prims\jni.cpp, line 535]
Event: 2.577 Thread 0x0000016aa709dc00 Exception <a 'java/lang/NoSuchMethodError'{0x00000000eaeb1520}: 'java.lang.Object java.lang.invoke.DirectMethodHandle$Holder.invokeStatic(java.lang.Object, java.lang.Object, long, java.lang.Object)'> (0x00000000eaeb1520) 
thrown [s\src\hotspot\share\interpreter\linkResolver.cpp, line 759]
Event: 2.578 Thread 0x0000016aa709dc00 Exception <a 'java/lang/NoSuchMethodError'{0x00000000eaeb5208}: 'java.lang.Object java.lang.invoke.DirectMethodHandle$Holder.invokeStaticInit(java.lang.Object, java.lang.Object, long, java.lang.Object)'> (0x00000000eaeb5208) 
thrown [s\src\hotspot\share\interpreter\linkResolver.cpp, line 759]
Event: 2.579 Thread 0x0000016aa709dc00 Exception <a 'java/lang/NoSuchMethodError'{0x00000000eaebb818}: 'java.lang.Object java.lang.invoke.DirectMethodHandle$Holder.newInvokeSpecial(java.lang.Object, java.lang.Object, long)'> (0x00000000eaebb818) 
thrown [s\src\hotspot\share\interpreter\linkResolver.cpp, line 759]
Event: 2.628 Thread 0x0000016aa709dc00 Exception <a 'java/lang/NoSuchMethodError'{0x00000000eb078b88}: 'void java.lang.invoke.DirectMethodHandle$Holder.invokeStatic(java.lang.Object, java.lang.Object, java.lang.Object, java.lang.Object)'> (0x00000000eb078b88) 
thrown [s\src\hotspot\share\interpreter\linkResolver.cpp, line 759]
Event: 2.716 Thread 0x0000016aa709dc00 Exception <a 'java/lang/NoSuchMethodError'{0x00000000eb8a1b08}: 'void java.lang.invoke.DirectMethodHandle$Holder.invokeSpecial(java.lang.Object, java.lang.Object, java.lang.Object, java.lang.Object, java.lang.Object, java.lang.Object)'> (0x00000000eb8a1b08) 
thrown [s\src\hotspot\share\interpreter\linkResolver.cpp, line 759]
Event: 2.717 Thread 0x0000016aa709dc00 Exception <a 'java/lang/IncompatibleClassChangeError'{0x00000000eb8ab608}: Found class java.lang.Object, but interface was expected> (0x00000000eb8ab608) 
thrown [s\src\hotspot\share\interpreter\linkResolver.cpp, line 826]
Event: 2.784 Thread 0x0000016ac270a250 Exception <a 'java/io/FileNotFoundException'{0x00000000ebe6cca8}> (0x00000000ebe6cca8) 
thrown [s\src\hotspot\share\prims\jni.cpp, line 516]
Event: 2.798 Thread 0x0000016ac270a250 Exception <a 'sun/nio/fs/WindowsException'{0x00000000ebfe5cb0}> (0x00000000ebfe5cb0) 
thrown [s\src\hotspot\share\prims\jni.cpp, line 516]
Event: 2.800 Thread 0x0000016ac2708f10 Exception <a 'java/io/FileNotFoundException'{0x00000000ec047130}> (0x00000000ec047130) 
thrown [s\src\hotspot\share\prims\jni.cpp, line 516]
Event: 2.800 Thread 0x0000016ac2708f10 Exception <a 'java/io/FileNotFoundException'{0x00000000ec048130}> (0x00000000ec048130) 
thrown [s\src\hotspot\share\prims\jni.cpp, line 516]
Event: 2.847 Thread 0x0000016ac2708a40 Exception <a 'java/lang/NoSuchMethodError'{0x00000000ead97c40}: 'java.lang.Object java.lang.invoke.Invokers$Holder.invoke_MT(java.lang.Object, java.lang.Object, java.lang.Object)'> (0x00000000ead97c40) 
thrown [s\src\hotspot\share\interpreter\linkResolver.cpp, line 759]
Event: 3.020 Thread 0x0000016ac2708a40 Exception <a 'java/io/FileNotFoundException'{0x00000000eb033f78}> (0x00000000eb033f78) 
thrown [s\src\hotspot\share\prims\jni.cpp, line 516]
Event: 3.021 Thread 0x0000016ac2708a40 Exception <a 'java/io/FileNotFoundException'{0x00000000eb0354b8}> (0x00000000eb0354b8) 
thrown [s\src\hotspot\share\prims\jni.cpp, line 516]
Event: 3.023 Thread 0x0000016ac2708a40 Exception <a 'java/lang/NoSuchMethodError'{0x00000000eb041688}: 'void java.lang.invoke.DirectMethodHandle$Holder.invokeStaticInit(java.lang.Object, java.lang.Object, java.lang.Object)'> (0x00000000eb041688) 
thrown [s\src\hotspot\share\interpreter\linkResolver.cpp, line 759]
Event: 3.169 Thread 0x0000016ac2708a40 Implicit null exception at 0x0000016ab1ab02ac to 0x0000016ab1ab02c3

VM Operations (20 events):
Event: 2.855 Executing VM operation: HandshakeAllThreads
Event: 2.855 Executing VM operation: HandshakeAllThreads done
Event: 2.987 Executing VM operation: ParallelGCFailedAllocation
Event: 2.988 Executing VM operation: ParallelGCFailedAllocation done
Event: 3.082 Executing VM operation: ParallelGCFailedAllocation
Event: 3.084 Executing VM operation: ParallelGCFailedAllocation done
Event: 3.119 Executing VM operation: ParallelGCFailedAllocation
Event: 3.120 Executing VM operation: ParallelGCFailedAllocation done
Event: 3.183 Executing VM operation: ParallelGCFailedAllocation
Event: 3.185 Executing VM operation: ParallelGCFailedAllocation done
Event: 3.203 Executing VM operation: ParallelGCFailedAllocation
Event: 3.206 Executing VM operation: ParallelGCFailedAllocation done
Event: 3.223 Executing VM operation: ParallelGCFailedAllocation
Event: 3.237 Executing VM operation: ParallelGCFailedAllocation done
Event: 3.260 Executing VM operation: HandshakeAllThreads
Event: 3.260 Executing VM operation: HandshakeAllThreads done
Event: 4.274 Executing VM operation: Cleanup
Event: 4.274 Executing VM operation: Cleanup done
Event: 6.284 Executing VM operation: Cleanup
Event: 6.284 Executing VM operation: Cleanup done

Events (20 events):
Event: 2.953 loading class java/nio/channels/Channels$ReadableByteChannelImpl
Event: 2.953 loading class java/nio/channels/Channels$ReadableByteChannelImpl done
Event: 2.953 loading class java/nio/channels/NonWritableChannelException
Event: 2.953 loading class java/nio/channels/NonWritableChannelException done
Event: 2.953 loading class sun/nio/ch/ChannelInputStream
Event: 2.954 loading class sun/nio/ch/ChannelInputStream done
Event: 6.228 Thread 0x0000016ac2cc4200 Thread exited: 0x0000016ac2cc4200
Event: 8.295 Thread 0x0000016ac4514470 Thread exited: 0x0000016ac4514470
Event: 8.295 Thread 0x0000016ac049f3c0 Thread exited: 0x0000016ac049f3c0
Event: 8.295 Thread 0x0000016ac4034f60 Thread exited: 0x0000016ac4034f60
Event: 8.420 Thread 0x0000016ac3276000 Thread exited: 0x0000016ac3276000
Event: 8.420 Thread 0x0000016ac322da10 Thread exited: 0x0000016ac322da10
Event: 13.422 Thread 0x0000016ac34e2750 Thread exited: 0x0000016ac34e2750
Event: 18.435 Thread 0x0000016ac34e1a30 Thread exited: 0x0000016ac34e1a30
Event: 23.436 Thread 0x0000016ac05023a0 Thread exited: 0x0000016ac05023a0
Event: 23.436 Thread 0x0000016ac40927f0 Thread exited: 0x0000016ac40927f0
Event: 23.436 Thread 0x0000016ac4092d00 Thread exited: 0x0000016ac4092d00
Event: 63.291 Thread 0x0000016ac2708f10 Thread exited: 0x0000016ac2708f10
Event: 301.226 Thread 0x0000016ac3276000 Thread added: 0x0000016ac3276000
Event: 301.226 Thread 0x0000016ac3276a20 Thread added: 0x0000016ac3276a20


Dynamic libraries:
0x00007ff7a6490000 - 0x00007ff7a649e000 	c:\Users\Admin\.vscode\extensions\redhat.java-1.21.0-win32-x64\jre\17.0.7-win32-x86_64\bin\java.exe
0x00007ffe65130000 - 0x00007ffe65344000 	C:\WINDOWS\SYSTEM32\ntdll.dll
0x00007ffe63f20000 - 0x00007ffe63fe4000 	C:\WINDOWS\System32\KERNEL32.DLL
0x00007ffe62930000 - 0x00007ffe62cd4000 	C:\WINDOWS\System32\KERNELBASE.dll
0x00007ffe62790000 - 0x00007ffe628a1000 	C:\WINDOWS\System32\ucrtbase.dll
0x00007ffdd3360000 - 0x00007ffdd3377000 	c:\Users\Admin\.vscode\extensions\redhat.java-1.21.0-win32-x64\jre\17.0.7-win32-x86_64\bin\jli.dll
0x00007ffdd3550000 - 0x00007ffdd3569000 	c:\Users\Admin\.vscode\extensions\redhat.java-1.21.0-win32-x64\jre\17.0.7-win32-x86_64\bin\VCRUNTIME140.dll
0x00007ffe64540000 - 0x00007ffe646ea000 	C:\WINDOWS\System32\USER32.dll
0x00007ffe62ce0000 - 0x00007ffe62d06000 	C:\WINDOWS\System32\win32u.dll
0x00007ffe3ba90000 - 0x00007ffe3bd1f000 	C:\WINDOWS\WinSxS\amd64_microsoft.windows.common-controls_6595b64144ccf1df_6.0.22621.2070_none_2713e6537381f706\COMCTL32.dll
0x00007ffe650c0000 - 0x00007ffe650e9000 	C:\WINDOWS\System32\GDI32.dll
0x00007ffe64b90000 - 0x00007ffe64c37000 	C:\WINDOWS\System32\msvcrt.dll
0x00007ffe62dd0000 - 0x00007ffe62ee9000 	C:\WINDOWS\System32\gdi32full.dll
0x00007ffe626f0000 - 0x00007ffe6278a000 	C:\WINDOWS\System32\msvcp_win.dll
0x00007ffe63160000 - 0x00007ffe63191000 	C:\WINDOWS\System32\IMM32.DLL
0x00007ffe171f0000 - 0x00007ffe171fc000 	c:\Users\Admin\.vscode\extensions\redhat.java-1.21.0-win32-x64\jre\17.0.7-win32-x86_64\bin\vcruntime140_1.dll
0x00007ffdcc8f0000 - 0x00007ffdcc981000 	c:\Users\Admin\.vscode\extensions\redhat.java-1.21.0-win32-x64\jre\17.0.7-win32-x86_64\bin\msvcp140.dll
0x00007ffdba890000 - 0x00007ffdbb4d8000 	c:\Users\Admin\.vscode\extensions\redhat.java-1.21.0-win32-x64\jre\17.0.7-win32-x86_64\bin\server\jvm.dll
0x00007ffe64470000 - 0x00007ffe64520000 	C:\WINDOWS\System32\ADVAPI32.dll
0x00007ffe63360000 - 0x00007ffe63406000 	C:\WINDOWS\System32\sechost.dll
0x00007ffe635d0000 - 0x00007ffe636e7000 	C:\WINDOWS\System32\RPCRT4.dll
0x00007ffe1f310000 - 0x00007ffe1f319000 	C:\WINDOWS\SYSTEM32\WSOCK32.dll
0x00007ffe5b7c0000 - 0x00007ffe5b7f4000 	C:\WINDOWS\SYSTEM32\WINMM.dll
0x00007ffe5b480000 - 0x00007ffe5b48a000 	C:\WINDOWS\SYSTEM32\VERSION.dll
0x00007ffe63080000 - 0x00007ffe630f1000 	C:\WINDOWS\System32\WS2_32.dll
0x00007ffe61560000 - 0x00007ffe61578000 	C:\WINDOWS\SYSTEM32\kernel.appcore.dll
0x00007ffe11ec0000 - 0x00007ffe11eca000 	c:\Users\Admin\.vscode\extensions\redhat.java-1.21.0-win32-x64\jre\17.0.7-win32-x86_64\bin\jimage.dll
0x00007ffe5fe20000 - 0x00007ffe6004e000 	C:\WINDOWS\SYSTEM32\DBGHELP.DLL
0x00007ffe64800000 - 0x00007ffe64b8a000 	C:\WINDOWS\System32\combase.dll
0x00007ffe62ef0000 - 0x00007ffe62fc7000 	C:\WINDOWS\System32\OLEAUT32.dll
0x00007ffe487a0000 - 0x00007ffe487d2000 	C:\WINDOWS\SYSTEM32\dbgcore.DLL
0x00007ffe628b0000 - 0x00007ffe6292a000 	C:\WINDOWS\System32\bcryptPrimitives.dll
0x00007ffe10020000 - 0x00007ffe1002e000 	c:\Users\Admin\.vscode\extensions\redhat.java-1.21.0-win32-x64\jre\17.0.7-win32-x86_64\bin\instrument.dll
0x00007ffdd1890000 - 0x00007ffdd18b5000 	c:\Users\Admin\.vscode\extensions\redhat.java-1.21.0-win32-x64\jre\17.0.7-win32-x86_64\bin\java.dll
0x00007ffdd1870000 - 0x00007ffdd1888000 	c:\Users\Admin\.vscode\extensions\redhat.java-1.21.0-win32-x64\jre\17.0.7-win32-x86_64\bin\zip.dll
0x00007ffe63700000 - 0x00007ffe63f16000 	C:\WINDOWS\System32\SHELL32.dll
0x00007ffe60490000 - 0x00007ffe60d7a000 	C:\WINDOWS\SYSTEM32\windows.storage.dll
0x00007ffe60350000 - 0x00007ffe6048e000 	C:\WINDOWS\SYSTEM32\wintypes.dll
0x00007ffe63210000 - 0x00007ffe63303000 	C:\WINDOWS\System32\SHCORE.dll
0x00007ffe63100000 - 0x00007ffe6315e000 	C:\WINDOWS\System32\shlwapi.dll
0x00007ffe62440000 - 0x00007ffe62466000 	C:\WINDOWS\SYSTEM32\profapi.dll
0x00007ffdd0c00000 - 0x00007ffdd0c19000 	C:\Users\Admin\.vscode\extensions\redhat.java-1.21.0-win32-x64\jre\17.0.7-win32-x86_64\bin\net.dll
0x00007ffe5bc50000 - 0x00007ffe5bd87000 	C:\WINDOWS\SYSTEM32\WINHTTP.dll
0x00007ffe61a80000 - 0x00007ffe61ae9000 	C:\WINDOWS\system32\mswsock.dll
0x00007ffdd0be0000 - 0x00007ffdd0bf5000 	C:\Users\Admin\.vscode\extensions\redhat.java-1.21.0-win32-x64\jre\17.0.7-win32-x86_64\bin\nio.dll
0x00007ffe0a8b0000 - 0x00007ffe0a8c0000 	c:\Users\Admin\.vscode\extensions\redhat.java-1.21.0-win32-x64\jre\17.0.7-win32-x86_64\bin\verify.dll
0x00007ffe5b990000 - 0x00007ffe5b9ce000 	C:\Users\Admin\AppData\Roaming\Code\User\globalStorage\redhat.java\1.21.0\config_ss_win\org.eclipse.equinox.launcher\org.eclipse.equinox.launcher.win32.win32.x86_64_1.2.700.v20221108-1024\eclipse_11801.dll
0x00007ffe64060000 - 0x00007ffe641fc000 	C:\WINDOWS\System32\ole32.dll
0x00007ffe61cc0000 - 0x00007ffe61cdb000 	C:\WINDOWS\SYSTEM32\CRYPTSP.dll
0x00007ffe61500000 - 0x00007ffe61535000 	C:\WINDOWS\system32\rsaenh.dll
0x00007ffe61b40000 - 0x00007ffe61b6c000 	C:\WINDOWS\SYSTEM32\USERENV.dll
0x00007ffe61eb0000 - 0x00007ffe61ed8000 	C:\WINDOWS\SYSTEM32\bcrypt.dll
0x00007ffe61d10000 - 0x00007ffe61d1c000 	C:\WINDOWS\SYSTEM32\CRYPTBASE.dll
0x00007ffe60fd0000 - 0x00007ffe60ffd000 	C:\WINDOWS\SYSTEM32\IPHLPAPI.DLL
0x00007ffe636f0000 - 0x00007ffe636f9000 	C:\WINDOWS\System32\NSI.dll
0x00007ffe5bb40000 - 0x00007ffe5bb59000 	C:\WINDOWS\SYSTEM32\dhcpcsvc6.DLL
0x00007ffe5bb20000 - 0x00007ffe5bb3f000 	C:\WINDOWS\SYSTEM32\dhcpcsvc.DLL
0x00007ffe61040000 - 0x00007ffe61133000 	C:\WINDOWS\SYSTEM32\DNSAPI.dll
0x00007ffe10040000 - 0x00007ffe10085000 	C:\Users\Admin\AppData\Local\Temp\jna-63116079\jna16089542027374281917.dll
0x00007ffe646f0000 - 0x00007ffe646f8000 	C:\WINDOWS\System32\PSAPI.DLL

dbghelp: loaded successfully - version: 4.0.5 - missing functions: none
symbol engine: initialized successfully - sym options: 0x614 - pdb path: .;c:\Users\Admin\.vscode\extensions\redhat.java-1.21.0-win32-x64\jre\17.0.7-win32-x86_64\bin;C:\WINDOWS\SYSTEM32;C:\WINDOWS\WinSxS\amd64_microsoft.windows.common-controls_6595b64144ccf1df_6.0.22621.2070_none_2713e6537381f706;c:\Users\Admin\.vscode\extensions\redhat.java-1.21.0-win32-x64\jre\17.0.7-win32-x86_64\bin\server;C:\Users\Admin\AppData\Roaming\Code\User\globalStorage\redhat.java\1.21.0\config_ss_win\org.eclipse.equinox.launcher\org.eclipse.equinox.launcher.win32.win32.x86_64_1.2.700.v20221108-1024;C:\Users\Admin\AppData\Local\Temp\jna-63116079

VM Arguments:
jvm_args: --add-modules=ALL-SYSTEM --add-opens=java.base/java.util=ALL-UNNAMED --add-opens=java.base/java.lang=ALL-UNNAMED --add-opens=java.base/sun.nio.fs=ALL-UNNAMED -Declipse.application=org.eclipse.jdt.ls.core.id1 -Dosgi.bundles.defaultStartLevel=4 -Declipse.product=org.eclipse.jdt.ls.core.product -Djava.import.generatesMetadataFilesAtProjectRoot=false -Dfile.encoding=utf8 -XX:+UseParallelGC -XX:GCTimeRatio=4 -XX:AdaptiveSizePolicyWeight=90 -Dsun.zip.disableMemoryMapping=true -Xmx1G -Xms100m -Xlog:disable -javaagent:c:\Users\Admin\.vscode\extensions\redhat.java-1.21.0-win32-x64\lombok\lombok-1.18.28.jar 
java_command: c:\Users\Admin\.vscode\extensions\redhat.java-1.21.0-win32-x64\server\plugins\org.eclipse.equinox.launcher_1.6.500.v20230717-2134.jar -configuration c:\Users\Admin\AppData\Roaming\Code\User\globalStorage\redhat.java\1.21.0\config_ss_win -data c:\Users\Admin\AppData\Roaming\Code\User\workspaceStorage\e7c62a26f5fb9af6089d468b08576148\redhat.java\ss_ws
java_class_path (initial): c:\Users\Admin\.vscode\extensions\redhat.java-1.21.0-win32-x64\server\plugins\org.eclipse.equinox.launcher_1.6.500.v20230717-2134.jar
Launcher Type: SUN_STANDARD

[Global flags]
    uintx AdaptiveSizePolicyWeight                 = 90                                        {product} {command line}
     intx CICompilerCount                          = 12                                        {product} {ergonomic}
    uintx GCTimeRatio                              = 4                                         {product} {command line}
   size_t InitialHeapSize                          = 104857600                                 {product} {command line}
   size_t MaxHeapSize                              = 1073741824                                {product} {command line}
   size_t MaxNewSize                               = 357564416                                 {product} {ergonomic}
   size_t MinHeapDeltaBytes                        = 524288                                    {product} {ergonomic}
   size_t MinHeapSize                              = 104857600                                 {product} {command line}
   size_t NewSize                                  = 34603008                                  {product} {ergonomic}
    uintx NonNMethodCodeHeapSize                   = 7602480                                {pd product} {ergonomic}
    uintx NonProfiledCodeHeapSize                  = 122027880                              {pd product} {ergonomic}
   size_t OldSize                                  = 70254592                                  {product} {ergonomic}
    uintx ProfiledCodeHeapSize                     = 122027880                              {pd product} {ergonomic}
    uintx ReservedCodeCacheSize                    = 251658240                              {pd product} {ergonomic}
     bool SegmentedCodeCache                       = true                                      {product} {ergonomic}
   size_t SoftMaxHeapSize                          = 1073741824                             {manageable} {ergonomic}
     bool UseCompressedClassPointers               = true                           {product lp64_product} {ergonomic}
     bool UseCompressedOops                        = true                           {product lp64_product} {ergonomic}
     bool UseLargePagesIndividualAllocation        = false                                  {pd product} {ergonomic}
     bool UseParallelGC                            = true                                      {product} {command line}

Logging:
Log output configuration:
 #0: stdout all=off uptime,level,tags
 #1: stderr all=off uptime,level,tags

Environment Variables:
JAVA_HOME=C:\Program Files\Java\jdk-14.0.2
PATH=C:\Program Files\Python310\Scripts\;C:\Program Files\Python310\;C:\Program Files\Python38\Scripts\;C:\Program Files\Python38\;C:\WINDOWS\system32;C:\WINDOWS;C:\WINDOWS\System32\Wbem;C:\WINDOWS\System32\WindowsPowerShell\v1.0\;C:\WINDOWS\System32\OpenSSH\;C:\Program Files\Microsoft SQL Server\Client SDK\ODBC\110\Tools\Binn\;C:\Program Files (x86)\Microsoft SQL Server\120\Tools\Binn\;C:\Program Files\Microsoft SQL Server\120\Tools\Binn\;C:\Program Files\Microsoft SQL Server\120\DTS\Binn\;C:\Program Files (x86)\Microsoft SQL Server\120\Tools\Binn\ManagementStudio\;C:\Program Files (x86)\Microsoft SQL Server\120\DTS\Binn\;C:\Program Files\Java\jdk-11.0.2\bin;C:\tomcat\apache-tomcat-9.0.63\bin;C:\Program Files\dotnet\;C:\Program Files\Microsoft SQL Server\150\Tools\Binn\;C:\Program Files\Microsoft SQL Server\Client SDK\ODBC\170\Tools\Binn\;C:\Program Files\nodejs\;C:\Program Files\Microsoft SQL Server\130\Tools\Binn\;C:\WINDOWS\system32;C:\WINDOWS;C:\WINDOWS\System32\Wbem;C:\WINDOWS\System32\WindowsPowerShell\v1.0\;C:\WINDOWS\System32\OpenSSH\;C:\Program Files\MongoDB\Server\5.0\bin;C:\Users\Admin\AppData\Local\Microsoft\WindowsApps;C:\Users\Admin\.dotnet\tools;C:\Users\Admin\AppData\Roaming\npm;D:\Microsoft VS Code\bin
USERNAME=Admin
OS=Windows_NT
PROCESSOR_IDENTIFIER=Intel64 Family 6 Model 141 Stepping 1, GenuineIntel
TMP=C:\Users\Admin\AppData\Local\Temp
TEMP=C:\Users\Admin\AppData\Local\Temp



---------------  S Y S T E M  ---------------

OS:
 Windows 11 , 64 bit Build 22621 (10.0.22621.2070)
OS uptime: 0 days 0:19 hours
Hyper-V role detected

CPU: total 16 (initial active 16) (8 cores per cpu, 2 threads per core) family 6 model 141 stepping 1 microcode 0x32, cx8, cmov, fxsr, ht, mmx, 3dnowpref, sse, sse2, sse3, ssse3, sse4.1, sse4.2, popcnt, lzcnt, tsc, tscinvbit, avx, avx2, aes, erms, clmul, bmi1, bmi2, adx, avx512f, avx512dq, avx512cd, avx512bw, avx512vl, sha, fma, vzeroupper, avx512_vpopcntdq, avx512_vpclmulqdq, avx512_vaes, avx512_vnni, clflush, clflushopt, clwb, avx512_vbmi2, avx512_vbmi, hv

Memory: 4k page, system-wide physical 16085M (1980M free)
TotalPageFile size 18133M (AvailPageFile size 190M)
current process WorkingSet (physical memory assigned to process): 162M, peak: 229M
current process commit charge ("private bytes"): 263M, peak: 327M

vm_info: OpenJDK 64-Bit Server VM (17.0.7+7) for windows-amd64 JRE (17.0.7+7), built on Apr 18 2023 22:10:42 by "temurin" with MS VC++ 16.7 (VS2019)

END.
