#
# There is insufficient memory for the Java Runtime Environment to continue.
# Native memory allocation (malloc) failed to allocate 1279008 bytes for Chunk::new
# Possible reasons:
#   The system is out of physical RAM or swap space
#   The process is running with CompressedOops enabled, and the Java Heap may be blocking the growth of the native heap
# Possible solutions:
#   Reduce memory load on the system
#   Increase physical memory or swap space
#   Check if swap backing store is full
#   Decrease Java heap size (-Xmx/-Xms)
#   Decrease number of Java threads
#   Decrease Java thread stack sizes (-Xss)
#   Set larger code cache with -XX:ReservedCodeCacheSize=
#   JVM is running with Unscaled Compressed Oops mode in which the Java heap is
#     placed in the first 4GB address space. The Java Heap base address is the
#     maximum limit for the native heap growth. Please use -XX:HeapBaseMinAddress
#     to set the Java Heap base and to place the Java Heap above 4GB virtual address.
# This output file may be truncated or incomplete.
#
#  Out of Memory Error (arena.cpp:189), pid=21884, tid=5260
#
# JRE version: OpenJDK Runtime Environment Temurin-17.0.7+7 (17.0.7+7) (build 17.0.7+7)
# Java VM: OpenJDK 64-Bit Server VM Temurin-17.0.7+7 (17.0.7+7, mixed mode, tiered, compressed oops, compressed class ptrs, parallel gc, windows-amd64)
# No core dump will be written. Minidumps are not enabled by default on client versions of Windows
#

---------------  S U M M A R Y ------------

Command Line: --add-modules=ALL-SYSTEM --add-opens=java.base/java.util=ALL-UNNAMED --add-opens=java.base/java.lang=ALL-UNNAMED --add-opens=java.base/sun.nio.fs=ALL-UNNAMED -Declipse.application=org.eclipse.jdt.ls.core.id1 -Dosgi.bundles.defaultStartLevel=4 -Declipse.product=org.eclipse.jdt.ls.core.product -Djava.import.generatesMetadataFilesAtProjectRoot=false -Dfile.encoding=utf8 -XX:+UseParallelGC -XX:GCTimeRatio=4 -XX:AdaptiveSizePolicyWeight=90 -Dsun.zip.disableMemoryMapping=true -Xmx1G -Xms100m -Xlog:disable -javaagent:c:\Users\Admin\.vscode\extensions\redhat.java-1.21.0-win32-x64\lombok\lombok-1.18.28.jar -XX:+HeapDumpOnOutOfMemoryError -XX:HeapDumpPath=c:\Users\Admin\AppData\Roaming\Code\User\workspaceStorage\e7c62a26f5fb9af6089d468b08576148\redhat.java -Daether.dependencyCollector.impl=bf c:\Users\Admin\.vscode\extensions\redhat.java-1.21.0-win32-x64\server\plugins\org.eclipse.equinox.launcher_1.6.500.v20230717-2134.jar -configuration c:\Users\Admin\AppData\Roaming\Code\User\globalStorage\redhat.java\1.21.0\config_win -data c:\Users\Admin\AppData\Roaming\Code\User\workspaceStorage\e7c62a26f5fb9af6089d468b08576148\redhat.java\jdt_ws

Host: 11th Gen Intel(R) Core(TM) i7-11800H @ 2.30GHz, 16 cores, 15G,  Windows 11 , 64 bit Build 22621 (10.0.22621.2070)
Time: Tue Aug 15 16:39:09 2023 SE Asia Standard Time elapsed time: 9.186611 seconds (0d 0h 0m 9s)

---------------  T H R E A D  ---------------

Current thread (0x000001ed6d226c00):  JavaThread "C2 CompilerThread0" daemon [_thread_in_native, id=5260, stack(0x000000c2f4600000,0x000000c2f4700000)]


Current CompileTask:
C2:   9186 4394   !   4       org.eclipse.osgi.internal.loader.BundleLoader::findClass0 (466 bytes)

Stack: [0x000000c2f4600000,0x000000c2f4700000]
Native frames: (J=compiled Java code, j=interpreted, Vv=VM code, C=native code)
V  [jvm.dll+0x67754a]
V  [jvm.dll+0x834304]
V  [jvm.dll+0x835aae]
V  [jvm.dll+0x836113]
V  [jvm.dll+0x24696f]
V  [jvm.dll+0xac0ac]
V  [jvm.dll+0xac67c]
V  [jvm.dll+0x364e37]
V  [jvm.dll+0x1bcc02]
V  [jvm.dll+0x219799]
V  [jvm.dll+0x218a61]
V  [jvm.dll+0x1a4d8d]
V  [jvm.dll+0x2284da]
V  [jvm.dll+0x226615]
V  [jvm.dll+0x7ea90b]
V  [jvm.dll+0x7e4e7a]
V  [jvm.dll+0x676395]
C  [ucrtbase.dll+0x29363]
C  [KERNEL32.DLL+0x126ad]
C  [ntdll.dll+0x5aa68]


---------------  P R O C E S S  ---------------

Threads class SMR info:
_java_thread_list=0x000001ed6fb79fd0, length=33, elements={
0x000001ed5406ce80, 0x000001ed67ee5640, 0x000001ed5412c330, 0x000001ed67eed650,
0x000001ed67eee110, 0x000001ed6d21fe30, 0x000001ed6d225c00, 0x000001ed6d226c00,
0x000001ed6d2275f0, 0x000001ed6d2389b0, 0x000001ed6d38c110, 0x000001ed6d3aeab0,
0x000001ed6f0ee010, 0x000001ed6f11a160, 0x000001ed6f905bd0, 0x000001ed6fb17be0,
0x000001ed6f832740, 0x000001ed6fa4edf0, 0x000001ed6faed730, 0x000001ed6fc24de0,
0x000001ed6fd34cb0, 0x000001ed6fd71fd0, 0x000001ed6fe1f3a0, 0x000001ed70254690,
0x000001ed6fd6f950, 0x000001ed6fd724a0, 0x000001ed6fd707c0, 0x000001ed6fd6fe20,
0x000001ed6fd70c90, 0x000001ed6fd6f480, 0x000001ed6fd702f0, 0x000001ed72a62a00,
0x000001ed724b8a50
}

Java Threads: ( => current thread )
  0x000001ed5406ce80 JavaThread "main" [_thread_blocked, id=184, stack(0x000000c2f3d00000,0x000000c2f3e00000)]
  0x000001ed67ee5640 JavaThread "Reference Handler" daemon [_thread_blocked, id=10812, stack(0x000000c2f4000000,0x000000c2f4100000)]
  0x000001ed5412c330 JavaThread "Finalizer" daemon [_thread_blocked, id=1480, stack(0x000000c2f4100000,0x000000c2f4200000)]
  0x000001ed67eed650 JavaThread "Signal Dispatcher" daemon [_thread_blocked, id=16332, stack(0x000000c2f4200000,0x000000c2f4300000)]
  0x000001ed67eee110 JavaThread "Attach Listener" daemon [_thread_blocked, id=21900, stack(0x000000c2f4300000,0x000000c2f4400000)]
  0x000001ed6d21fe30 JavaThread "Service Thread" daemon [_thread_blocked, id=11100, stack(0x000000c2f4400000,0x000000c2f4500000)]
  0x000001ed6d225c00 JavaThread "Monitor Deflation Thread" daemon [_thread_blocked, id=1772, stack(0x000000c2f4500000,0x000000c2f4600000)]
=>0x000001ed6d226c00 JavaThread "C2 CompilerThread0" daemon [_thread_in_native, id=5260, stack(0x000000c2f4600000,0x000000c2f4700000)]
  0x000001ed6d2275f0 JavaThread "C1 CompilerThread0" daemon [_thread_in_native, id=12180, stack(0x000000c2f4700000,0x000000c2f4800000)]
  0x000001ed6d2389b0 JavaThread "Sweeper thread" daemon [_thread_blocked, id=13540, stack(0x000000c2f4800000,0x000000c2f4900000)]
  0x000001ed6d38c110 JavaThread "Common-Cleaner" daemon [_thread_blocked, id=18536, stack(0x000000c2f4900000,0x000000c2f4a00000)]
  0x000001ed6d3aeab0 JavaThread "C1 CompilerThread1" daemon [_thread_in_native, id=9008, stack(0x000000c2f4a00000,0x000000c2f4b00000)]
  0x000001ed6f0ee010 JavaThread "C1 CompilerThread2" daemon [_thread_in_vm, id=22264, stack(0x000000c2f4c00000,0x000000c2f4d00000)]
  0x000001ed6f11a160 JavaThread "Notification Thread" daemon [_thread_blocked, id=5092, stack(0x000000c2f4e00000,0x000000c2f4f00000)]
  0x000001ed6f905bd0 JavaThread "Active Thread: Equinox Container: 37ee25a9-952e-40fc-9953-7f6e46fe2fa3" [_thread_blocked, id=2516, stack(0x000000c2f5600000,0x000000c2f5700000)]
  0x000001ed6fb17be0 JavaThread "Framework Event Dispatcher: Equinox Container: 37ee25a9-952e-40fc-9953-7f6e46fe2fa3" daemon [_thread_blocked, id=9452, stack(0x000000c2f4b00000,0x000000c2f4c00000)]
  0x000001ed6f832740 JavaThread "Start Level: Equinox Container: 37ee25a9-952e-40fc-9953-7f6e46fe2fa3" daemon [_thread_blocked, id=11136, stack(0x000000c2f4d00000,0x000000c2f4e00000)]
  0x000001ed6fa4edf0 JavaThread "SCR Component Actor" daemon [_thread_blocked, id=21784, stack(0x000000c2f5000000,0x000000c2f5100000)]
  0x000001ed6faed730 JavaThread "SCR Component Registry" daemon [_thread_blocked, id=7740, stack(0x000000c2f5900000,0x000000c2f5a00000)]
  0x000001ed6fc24de0 JavaThread "Worker-JM" [_thread_blocked, id=19332, stack(0x000000c2f5a00000,0x000000c2f5b00000)]
  0x000001ed6fd34cb0 JavaThread "Worker-0: Updating Maven Dependencies" [_thread_blocked, id=13844, stack(0x000000c2f5e00000,0x000000c2f5f00000)]
  0x000001ed6fd71fd0 JavaThread "Worker-1: Repository registry initialization" [_thread_in_Java, id=6616, stack(0x000000c2f5f00000,0x000000c2f6000000)]
  0x000001ed6fe1f3a0 JavaThread "C2 CompilerThread1" daemon [_thread_in_native, id=4948, stack(0x000000c2f6000000,0x000000c2f6100000)]
  0x000001ed70254690 JavaThread "C2 CompilerThread2" daemon [_thread_blocked, id=8300, stack(0x000000c2f6300000,0x000000c2f6400000)]
  0x000001ed6fd6f950 JavaThread "Java indexing" daemon [_thread_blocked, id=10048, stack(0x000000c2f6400000,0x000000c2f6500000)]
  0x000001ed6fd724a0 JavaThread "JNA Cleaner" daemon [_thread_blocked, id=21916, stack(0x000000c2f6500000,0x000000c2f6600000)]
  0x000001ed6fd707c0 JavaThread "pool-2-thread-1" [_thread_blocked, id=21848, stack(0x000000c2f6600000,0x000000c2f6700000)]
  0x000001ed6fd6fe20 JavaThread "Worker-2" [_thread_blocked, id=18988, stack(0x000000c2f6700000,0x000000c2f6800000)]
  0x000001ed6fd70c90 JavaThread "WorkspaceEventsHandler" [_thread_blocked, id=22232, stack(0x000000c2f6800000,0x000000c2f6900000)]
  0x000001ed6fd6f480 JavaThread "pool-1-thread-1" [_thread_blocked, id=4144, stack(0x000000c2f6900000,0x000000c2f6a00000)]
  0x000001ed6fd702f0 JavaThread "Worker-3" [_thread_blocked, id=4152, stack(0x000000c2f6a00000,0x000000c2f6b00000)]
  0x000001ed72a62a00 JavaThread "C2 CompilerThread3" daemon [_thread_blocked, id=18660, stack(0x000000c2f6b00000,0x000000c2f6c00000)]
  0x000001ed724b8a50 JavaThread "C2 CompilerThread4" daemon [_thread_in_native, id=21528, stack(0x000000c2f6c00000,0x000000c2f6d00000)]

Other Threads:
  0x000001ed67ee3970 VMThread "VM Thread" [stack: 0x000000c2f3f00000,0x000000c2f4000000] [id=21608]
  0x000001ed6f11f300 WatcherThread [stack: 0x000000c2f4f00000,0x000000c2f5000000] [id=20912]
  0x000001ed540822e0 GCTaskThread "GC Thread#0" [stack: 0x000000c2f3e00000,0x000000c2f3f00000] [id=21680]
  0x000001ed6f8cbb80 GCTaskThread "GC Thread#1" [stack: 0x000000c2f5100000,0x000000c2f5200000] [id=5012]
  0x000001ed6f8cc240 GCTaskThread "GC Thread#2" [stack: 0x000000c2f5200000,0x000000c2f5300000] [id=16136]
  0x000001ed6f8cc4f0 GCTaskThread "GC Thread#3" [stack: 0x000000c2f5300000,0x000000c2f5400000] [id=20672]
  0x000001ed6f7190d0 GCTaskThread "GC Thread#4" [stack: 0x000000c2f5400000,0x000000c2f5500000] [id=19604]
  0x000001ed6f719380 GCTaskThread "GC Thread#5" [stack: 0x000000c2f5500000,0x000000c2f5600000] [id=18408]
  0x000001ed6fa4c3a0 GCTaskThread "GC Thread#6" [stack: 0x000000c2f5700000,0x000000c2f5800000] [id=22432]
  0x000001ed6f935c60 GCTaskThread "GC Thread#7" [stack: 0x000000c2f5800000,0x000000c2f5900000] [id=8764]
  0x000001ed6fc5abd0 GCTaskThread "GC Thread#8" [stack: 0x000000c2f5c00000,0x000000c2f5d00000] [id=18716]
  0x000001ed6fc5ae80 GCTaskThread "GC Thread#9" [stack: 0x000000c2f5d00000,0x000000c2f5e00000] [id=3288]
  0x000001ed6fc36ee0 GCTaskThread "GC Thread#10" [stack: 0x000000c2f5b00000,0x000000c2f5c00000] [id=11340]
  0x000001ed6fdc5400 GCTaskThread "GC Thread#11" [stack: 0x000000c2f6100000,0x000000c2f6200000] [id=16508]
  0x000001ed6fdc5ec0 GCTaskThread "GC Thread#12" [stack: 0x000000c2f6200000,0x000000c2f6300000] [id=12352]

Threads with active compile tasks:
C2 CompilerThread0     9216 4394   !   4       org.eclipse.osgi.internal.loader.BundleLoader::findClass0 (466 bytes)
C1 CompilerThread0     9216 4900       3       com.google.common.collect.ImmutableMultimap::isEmpty (5 bytes)
C1 CompilerThread1     9216 4903       3       com.google.common.collect.Hashing::closedTableSize (37 bytes)
C1 CompilerThread2     9216 4902       3       com.google.common.collect.Sets$ImprovedAbstractSet::<init> (5 bytes)
C2 CompilerThread1     9216 4826       4       java.util.TimSort::binarySort (223 bytes)
C2 CompilerThread2     9216 4905   !   4       java.util.Collections$SynchronizedMap::get (25 bytes)
C2 CompilerThread4     9216 4789       4       java.lang.invoke.MethodType::makeImpl (109 bytes)

VM state: not at safepoint (normal execution)

VM Mutex/Monitor currently owned by a thread: None

Heap address: 0x00000000c0000000, size: 1024 MB, Compressed Oops mode: 32-bit

CDS archive(s) not mapped
Compressed class space mapped at: 0x0000000100000000-0x0000000140000000, reserved size: 1073741824
Narrow klass base: 0x0000000000000000, Narrow klass shift: 3, Narrow klass range: 0x140000000

GC Precious Log:
 CPUs: 16 total, 16 available
 Memory: 16085M
 Large Page Support: Disabled
 NUMA Support: Disabled
 Compressed Oops: Enabled (32-bit)
 Alignments: Space 512K, Generation 512K, Heap 2M
 Heap Min Capacity: 100M
 Heap Initial Capacity: 100M
 Heap Max Capacity: 1G
 Pre-touch: Disabled
 Parallel Workers: 13

Heap:
 PSYoungGen      total 23040K, used 16074K [0x00000000eab00000, 0x00000000ec600000, 0x0000000100000000)
  eden space 22016K, 68% used [0x00000000eab00000,0x00000000eb9b2bf8,0x00000000ec080000)
  from space 1024K, 100% used [0x00000000ec500000,0x00000000ec600000,0x00000000ec600000)
  to   space 2048K, 0% used [0x00000000ec200000,0x00000000ec200000,0x00000000ec400000)
 ParOldGen       total 68608K, used 15573K [0x00000000c0000000, 0x00000000c4300000, 0x00000000eab00000)
  object space 68608K, 22% used [0x00000000c0000000,0x00000000c0f35548,0x00000000c4300000)
 Metaspace       used 45244K, committed 46016K, reserved 1114112K
  class space    used 4880K, committed 5248K, reserved 1048576K

Card table byte_map: [0x000001ed53a10000,0x000001ed53c20000] _byte_map_base: 0x000001ed53410000

Marking Bits: (ParMarkBitMap*) 0x00007ffb7a2452c0
 Begin Bits: [0x000001ed65cf0000, 0x000001ed66cf0000)
 End Bits:   [0x000001ed66cf0000, 0x000001ed67cf0000)

Polling page: 0x000001ed52030000

Metaspace:

Usage:
  Non-class:     39.42 MB used.
      Class:      4.77 MB used.
       Both:     44.18 MB used.

Virtual space:
  Non-class space:       64.00 MB reserved,      39.81 MB ( 62%) committed,  1 nodes.
      Class space:        1.00 GB reserved,       5.12 MB ( <1%) committed,  1 nodes.
             Both:        1.06 GB reserved,      44.94 MB (  4%) committed. 

Chunk freelists:
   Non-Class:  7.84 MB
       Class:  10.91 MB
        Both:  18.75 MB

MaxMetaspaceSize: unlimited
CompressedClassSpaceSize: 1.00 GB
Initial GC threshold: 21.00 MB
Current GC threshold: 58.38 MB
CDS: off
MetaspaceReclaimPolicy: balanced
 - commit_granule_bytes: 65536.
 - commit_granule_words: 8192.
 - virtual_space_node_default_size: 8388608.
 - enlarge_chunks_in_place: 1.
 - new_chunks_are_fully_committed: 0.
 - uncommit_free_chunks: 1.
 - use_allocation_guard: 0.
 - handle_deallocations: 1.


Internal statistics:

num_allocs_failed_limit: 6.
num_arena_births: 410.
num_arena_deaths: 14.
num_vsnodes_births: 2.
num_vsnodes_deaths: 0.
num_space_committed: 719.
num_space_uncommitted: 0.
num_chunks_returned_to_freelist: 20.
num_chunks_taken_from_freelist: 1965.
num_chunk_merges: 7.
num_chunk_splits: 1257.
num_chunks_enlarged: 812.
num_inconsistent_stats: 0.

CodeHeap 'non-profiled nmethods': size=119168Kb used=2405Kb max_used=2405Kb free=116762Kb
 bounds [0x000001ed5e890000, 0x000001ed5eb00000, 0x000001ed65cf0000]
CodeHeap 'profiled nmethods': size=119104Kb used=10307Kb max_used=10307Kb free=108796Kb
 bounds [0x000001ed56cf0000, 0x000001ed57710000, 0x000001ed5e140000]
CodeHeap 'non-nmethods': size=7488Kb used=2412Kb max_used=2889Kb free=5075Kb
 bounds [0x000001ed5e140000, 0x000001ed5e420000, 0x000001ed5e890000]
 total_blobs=5499 nmethods=4900 adapters=511
 compilation: enabled
              stopped_count=0, restarted_count=0
 full_count=0

Compilation events (20 events):
Event: 9.181 Thread 0x000001ed6d2275f0 nmethod 4814 0x000001ed576db410 code [0x000001ed576db5c0, 0x000001ed576db768]
Event: 9.181 Thread 0x000001ed6d3aeab0 nmethod 4815 0x000001ed576db890 code [0x000001ed576dba20, 0x000001ed576dbb68]
Event: 9.181 Thread 0x000001ed6d2275f0 4817       3       com.google.common.collect.AbstractMapBasedMultimap::createCollection (5 bytes)
Event: 9.181 Thread 0x000001ed6d3aeab0 4818       3       com.google.common.collect.ArrayListMultimap::createCollection (5 bytes)
Event: 9.181 Thread 0x000001ed6f0ee010 nmethod 4816 0x000001ed576dbc10 code [0x000001ed576dbe40, 0x000001ed576dc638]
Event: 9.181 Thread 0x000001ed6d2275f0 nmethod 4817 0x000001ed576dc890 code [0x000001ed576dca40, 0x000001ed576dcc08]
Event: 9.181 Thread 0x000001ed6f0ee010 4819       3       com.google.common.collect.ArrayListMultimap::createCollection (12 bytes)
Event: 9.181 Thread 0x000001ed6d2275f0 4820       3       java.lang.reflect.Executable::getDeclaredAnnotations (8 bytes)
Event: 9.181 Thread 0x000001ed6d3aeab0 nmethod 4818 0x000001ed576dcc90 code [0x000001ed576dce40, 0x000001ed576dd048]
Event: 9.181 Thread 0x000001ed6f0ee010 nmethod 4819 0x000001ed576dd110 code [0x000001ed576dd2c0, 0x000001ed576dd468]
Event: 9.181 Thread 0x000001ed6d2275f0 nmethod 4820 0x000001ed576dd510 code [0x000001ed576dd6e0, 0x000001ed576ddb08]
Event: 9.182 Thread 0x000001ed6fe1f3a0 nmethod 4807 0x000001ed5eae4a10 code [0x000001ed5eae4bc0, 0x000001ed5eae4f58]
Event: 9.184 Thread 0x000001ed6d2275f0 4821       3       com.google.inject.internal.KotlinSupport$KotlinUnsupported::checkConstructorParameterAnnotations (1 bytes)
Event: 9.184 Thread 0x000001ed6f0ee010 4822       3       java.lang.reflect.Constructor::getParameterAnnotations (13 bytes)
Event: 9.184 Thread 0x000001ed6d3aeab0 4823       3       com.google.inject.internal.KotlinSupport$KotlinUnsupported::getIsParameterKotlinNullablePredicate (4 bytes)
Event: 9.184 Thread 0x000001ed6d2275f0 nmethod 4821 0x000001ed576ddc90 code [0x000001ed576dde20, 0x000001ed576ddf38]
Event: 9.184 Thread 0x000001ed6f0ee010 nmethod 4822 0x000001ed576de010 code [0x000001ed576de1a0, 0x000001ed576de368]
Event: 9.184 Thread 0x000001ed6d3aeab0 nmethod 4823 0x000001ed576de410 code [0x000001ed576de5a0, 0x000001ed576de6b8]
Event: 9.184 Thread 0x000001ed6d2275f0 4825       3       java.lang.reflect.Constructor::getDeclaredAnnotations (5 bytes)
Event: 9.184 Thread 0x000001ed6f0ee010 4824       3       java.util.ArrayList$ArrayListSpliterator::forEachRemaining (127 bytes)

GC Heap History (20 events):
Event: 3.954 GC heap before
{Heap before GC invocations=5 (full 1):
 PSYoungGen      total 29696K, used 4064K [0x00000000eab00000, 0x00000000ecc00000, 0x0000000100000000)
  eden space 25600K, 0% used [0x00000000eab00000,0x00000000eab00000,0x00000000ec400000)
  from space 4096K, 99% used [0x00000000ec800000,0x00000000ecbf8140,0x00000000ecc00000)
  to   space 4096K, 0% used [0x00000000ec400000,0x00000000ec400000,0x00000000ec800000)
 ParOldGen       total 68608K, used 4332K [0x00000000c0000000, 0x00000000c4300000, 0x00000000eab00000)
  object space 68608K, 6% used [0x00000000c0000000,0x00000000c043b308,0x00000000c4300000)
 Metaspace       used 21063K, committed 21504K, reserved 1114112K
  class space    used 2134K, committed 2368K, reserved 1048576K
}
Event: 3.975 GC heap after
{Heap after GC invocations=5 (full 1):
 PSYoungGen      total 29696K, used 0K [0x00000000eab00000, 0x00000000ecc00000, 0x0000000100000000)
  eden space 25600K, 0% used [0x00000000eab00000,0x00000000eab00000,0x00000000ec400000)
  from space 4096K, 0% used [0x00000000ec800000,0x00000000ec800000,0x00000000ecc00000)
  to   space 4096K, 0% used [0x00000000ec400000,0x00000000ec400000,0x00000000ec800000)
 ParOldGen       total 68608K, used 8221K [0x00000000c0000000, 0x00000000c4300000, 0x00000000eab00000)
  object space 68608K, 11% used [0x00000000c0000000,0x00000000c0807440,0x00000000c4300000)
 Metaspace       used 21050K, committed 21504K, reserved 1114112K
  class space    used 2130K, committed 2368K, reserved 1048576K
}
Event: 7.117 GC heap before
{Heap before GC invocations=6 (full 1):
 PSYoungGen      total 29696K, used 25600K [0x00000000eab00000, 0x00000000ecc00000, 0x0000000100000000)
  eden space 25600K, 100% used [0x00000000eab00000,0x00000000ec400000,0x00000000ec400000)
  from space 4096K, 0% used [0x00000000ec800000,0x00000000ec800000,0x00000000ecc00000)
  to   space 4096K, 0% used [0x00000000ec400000,0x00000000ec400000,0x00000000ec800000)
 ParOldGen       total 68608K, used 8221K [0x00000000c0000000, 0x00000000c4300000, 0x00000000eab00000)
  object space 68608K, 11% used [0x00000000c0000000,0x00000000c0807440,0x00000000c4300000)
 Metaspace       used 24635K, committed 25216K, reserved 1114112K
  class space    used 2539K, committed 2816K, reserved 1048576K
}
Event: 7.119 GC heap after
{Heap after GC invocations=6 (full 1):
 PSYoungGen      total 28160K, used 2943K [0x00000000eab00000, 0x00000000ecb80000, 0x0000000100000000)
  eden space 25088K, 0% used [0x00000000eab00000,0x00000000eab00000,0x00000000ec380000)
  from space 3072K, 95% used [0x00000000ec400000,0x00000000ec6dffe8,0x00000000ec700000)
  to   space 4096K, 0% used [0x00000000ec780000,0x00000000ec780000,0x00000000ecb80000)
 ParOldGen       total 68608K, used 8229K [0x00000000c0000000, 0x00000000c4300000, 0x00000000eab00000)
  object space 68608K, 11% used [0x00000000c0000000,0x00000000c0809440,0x00000000c4300000)
 Metaspace       used 24635K, committed 25216K, reserved 1114112K
  class space    used 2539K, committed 2816K, reserved 1048576K
}
Event: 7.327 GC heap before
{Heap before GC invocations=7 (full 1):
 PSYoungGen      total 28160K, used 28031K [0x00000000eab00000, 0x00000000ecb80000, 0x0000000100000000)
  eden space 25088K, 100% used [0x00000000eab00000,0x00000000ec380000,0x00000000ec380000)
  from space 3072K, 95% used [0x00000000ec400000,0x00000000ec6dffe8,0x00000000ec700000)
  to   space 4096K, 0% used [0x00000000ec780000,0x00000000ec780000,0x00000000ecb80000)
 ParOldGen       total 68608K, used 8229K [0x00000000c0000000, 0x00000000c4300000, 0x00000000eab00000)
  object space 68608K, 11% used [0x00000000c0000000,0x00000000c0809440,0x00000000c4300000)
 Metaspace       used 28109K, committed 28736K, reserved 1114112K
  class space    used 2790K, committed 3072K, reserved 1048576K
}
Event: 7.328 GC heap after
{Heap after GC invocations=7 (full 1):
 PSYoungGen      total 28160K, used 3511K [0x00000000eab00000, 0x00000000ecb00000, 0x0000000100000000)
  eden space 24576K, 0% used [0x00000000eab00000,0x00000000eab00000,0x00000000ec300000)
  from space 3584K, 97% used [0x00000000ec780000,0x00000000ecaedcd8,0x00000000ecb00000)
  to   space 4096K, 0% used [0x00000000ec300000,0x00000000ec300000,0x00000000ec700000)
 ParOldGen       total 68608K, used 8229K [0x00000000c0000000, 0x00000000c4300000, 0x00000000eab00000)
  object space 68608K, 11% used [0x00000000c0000000,0x00000000c0809440,0x00000000c4300000)
 Metaspace       used 28109K, committed 28736K, reserved 1114112K
  class space    used 2790K, committed 3072K, reserved 1048576K
}
Event: 7.562 GC heap before
{Heap before GC invocations=8 (full 1):
 PSYoungGen      total 28160K, used 28087K [0x00000000eab00000, 0x00000000ecb00000, 0x0000000100000000)
  eden space 24576K, 100% used [0x00000000eab00000,0x00000000ec300000,0x00000000ec300000)
  from space 3584K, 97% used [0x00000000ec780000,0x00000000ecaedcd8,0x00000000ecb00000)
  to   space 4096K, 0% used [0x00000000ec300000,0x00000000ec300000,0x00000000ec700000)
 ParOldGen       total 68608K, used 8229K [0x00000000c0000000, 0x00000000c4300000, 0x00000000eab00000)
  object space 68608K, 11% used [0x00000000c0000000,0x00000000c0809440,0x00000000c4300000)
 Metaspace       used 30588K, committed 31040K, reserved 1114112K
  class space    used 2989K, committed 3200K, reserved 1048576K
}
Event: 7.564 GC heap after
{Heap after GC invocations=8 (full 1):
 PSYoungGen      total 28160K, used 4082K [0x00000000eab00000, 0x00000000ecb80000, 0x0000000100000000)
  eden space 24064K, 0% used [0x00000000eab00000,0x00000000eab00000,0x00000000ec280000)
  from space 4096K, 99% used [0x00000000ec300000,0x00000000ec6fcb48,0x00000000ec700000)
  to   space 4608K, 0% used [0x00000000ec700000,0x00000000ec700000,0x00000000ecb80000)
 ParOldGen       total 68608K, used 8328K [0x00000000c0000000, 0x00000000c4300000, 0x00000000eab00000)
  object space 68608K, 12% used [0x00000000c0000000,0x00000000c0822210,0x00000000c4300000)
 Metaspace       used 30588K, committed 31040K, reserved 1114112K
  class space    used 2989K, committed 3200K, reserved 1048576K
}
Event: 8.033 GC heap before
{Heap before GC invocations=9 (full 1):
 PSYoungGen      total 28160K, used 28146K [0x00000000eab00000, 0x00000000ecb80000, 0x0000000100000000)
  eden space 24064K, 100% used [0x00000000eab00000,0x00000000ec280000,0x00000000ec280000)
  from space 4096K, 99% used [0x00000000ec300000,0x00000000ec6fcb48,0x00000000ec700000)
  to   space 4608K, 0% used [0x00000000ec700000,0x00000000ec700000,0x00000000ecb80000)
 ParOldGen       total 68608K, used 8328K [0x00000000c0000000, 0x00000000c4300000, 0x00000000eab00000)
  object space 68608K, 12% used [0x00000000c0000000,0x00000000c0822210,0x00000000c4300000)
 Metaspace       used 34362K, committed 35072K, reserved 1114112K
  class space    used 3421K, committed 3712K, reserved 1048576K
}
Event: 8.036 GC heap after
{Heap after GC invocations=9 (full 1):
 PSYoungGen      total 27136K, used 4576K [0x00000000eab00000, 0x00000000ece00000, 0x0000000100000000)
  eden space 22528K, 0% used [0x00000000eab00000,0x00000000eab00000,0x00000000ec100000)
  from space 4608K, 99% used [0x00000000ec700000,0x00000000ecb78288,0x00000000ecb80000)
  to   space 6144K, 0% used [0x00000000ec100000,0x00000000ec100000,0x00000000ec700000)
 ParOldGen       total 68608K, used 9554K [0x00000000c0000000, 0x00000000c4300000, 0x00000000eab00000)
  object space 68608K, 13% used [0x00000000c0000000,0x00000000c0954bc8,0x00000000c4300000)
 Metaspace       used 34362K, committed 35072K, reserved 1114112K
  class space    used 3421K, committed 3712K, reserved 1048576K
}
Event: 8.097 GC heap before
{Heap before GC invocations=10 (full 1):
 PSYoungGen      total 27136K, used 10487K [0x00000000eab00000, 0x00000000ece00000, 0x0000000100000000)
  eden space 22528K, 26% used [0x00000000eab00000,0x00000000eb0c5af8,0x00000000ec100000)
  from space 4608K, 99% used [0x00000000ec700000,0x00000000ecb78288,0x00000000ecb80000)
  to   space 6144K, 0% used [0x00000000ec100000,0x00000000ec100000,0x00000000ec700000)
 ParOldGen       total 68608K, used 9554K [0x00000000c0000000, 0x00000000c4300000, 0x00000000eab00000)
  object space 68608K, 13% used [0x00000000c0000000,0x00000000c0954bc8,0x00000000c4300000)
 Metaspace       used 35198K, committed 35840K, reserved 1114112K
  class space    used 3545K, committed 3840K, reserved 1048576K
}
Event: 8.099 GC heap after
{Heap after GC invocations=10 (full 1):
 PSYoungGen      total 25088K, used 2169K [0x00000000eab00000, 0x00000000ec900000, 0x0000000100000000)
  eden space 22528K, 0% used [0x00000000eab00000,0x00000000eab00000,0x00000000ec100000)
  from space 2560K, 84% used [0x00000000ec100000,0x00000000ec31e7e8,0x00000000ec380000)
  to   space 3584K, 0% used [0x00000000ec580000,0x00000000ec580000,0x00000000ec900000)
 ParOldGen       total 68608K, used 12333K [0x00000000c0000000, 0x00000000c4300000, 0x00000000eab00000)
  object space 68608K, 17% used [0x00000000c0000000,0x00000000c0c0b6e8,0x00000000c4300000)
 Metaspace       used 35198K, committed 35840K, reserved 1114112K
  class space    used 3545K, committed 3840K, reserved 1048576K
}
Event: 8.099 GC heap before
{Heap before GC invocations=11 (full 2):
 PSYoungGen      total 25088K, used 2169K [0x00000000eab00000, 0x00000000ec900000, 0x0000000100000000)
  eden space 22528K, 0% used [0x00000000eab00000,0x00000000eab00000,0x00000000ec100000)
  from space 2560K, 84% used [0x00000000ec100000,0x00000000ec31e7e8,0x00000000ec380000)
  to   space 3584K, 0% used [0x00000000ec580000,0x00000000ec580000,0x00000000ec900000)
 ParOldGen       total 68608K, used 12333K [0x00000000c0000000, 0x00000000c4300000, 0x00000000eab00000)
  object space 68608K, 17% used [0x00000000c0000000,0x00000000c0c0b6e8,0x00000000c4300000)
 Metaspace       used 35198K, committed 35840K, reserved 1114112K
  class space    used 3545K, committed 3840K, reserved 1048576K
}
Event: 8.116 GC heap after
{Heap after GC invocations=11 (full 2):
 PSYoungGen      total 25088K, used 0K [0x00000000eab00000, 0x00000000ec900000, 0x0000000100000000)
  eden space 22528K, 0% used [0x00000000eab00000,0x00000000eab00000,0x00000000ec100000)
  from space 2560K, 0% used [0x00000000ec100000,0x00000000ec100000,0x00000000ec380000)
  to   space 3584K, 0% used [0x00000000ec580000,0x00000000ec580000,0x00000000ec900000)
 ParOldGen       total 68608K, used 14120K [0x00000000c0000000, 0x00000000c4300000, 0x00000000eab00000)
  object space 68608K, 20% used [0x00000000c0000000,0x00000000c0dca2e8,0x00000000c4300000)
 Metaspace       used 35198K, committed 35840K, reserved 1114112K
  class space    used 3545K, committed 3840K, reserved 1048576K
}
Event: 8.337 GC heap before
{Heap before GC invocations=12 (full 2):
 PSYoungGen      total 25088K, used 22528K [0x00000000eab00000, 0x00000000ec900000, 0x0000000100000000)
  eden space 22528K, 100% used [0x00000000eab00000,0x00000000ec100000,0x00000000ec100000)
  from space 2560K, 0% used [0x00000000ec100000,0x00000000ec100000,0x00000000ec380000)
  to   space 3584K, 0% used [0x00000000ec580000,0x00000000ec580000,0x00000000ec900000)
 ParOldGen       total 68608K, used 14120K [0x00000000c0000000, 0x00000000c4300000, 0x00000000eab00000)
  object space 68608K, 20% used [0x00000000c0000000,0x00000000c0dca2e8,0x00000000c4300000)
 Metaspace       used 38641K, committed 39424K, reserved 1114112K
  class space    used 4010K, committed 4416K, reserved 1048576K
}
Event: 8.338 GC heap after
{Heap after GC invocations=12 (full 2):
 PSYoungGen      total 23552K, used 1056K [0x00000000eab00000, 0x00000000ec700000, 0x0000000100000000)
  eden space 22016K, 0% used [0x00000000eab00000,0x00000000eab00000,0x00000000ec080000)
  from space 1536K, 68% used [0x00000000ec580000,0x00000000ec688000,0x00000000ec700000)
  to   space 2048K, 0% used [0x00000000ec300000,0x00000000ec300000,0x00000000ec500000)
 ParOldGen       total 68608K, used 14128K [0x00000000c0000000, 0x00000000c4300000, 0x00000000eab00000)
  object space 68608K, 20% used [0x00000000c0000000,0x00000000c0dcc2e8,0x00000000c4300000)
 Metaspace       used 38641K, committed 39424K, reserved 1114112K
  class space    used 4010K, committed 4416K, reserved 1048576K
}
Event: 8.674 GC heap before
{Heap before GC invocations=13 (full 2):
 PSYoungGen      total 23552K, used 23072K [0x00000000eab00000, 0x00000000ec700000, 0x0000000100000000)
  eden space 22016K, 100% used [0x00000000eab00000,0x00000000ec080000,0x00000000ec080000)
  from space 1536K, 68% used [0x00000000ec580000,0x00000000ec688000,0x00000000ec700000)
  to   space 2048K, 0% used [0x00000000ec300000,0x00000000ec300000,0x00000000ec500000)
 ParOldGen       total 68608K, used 14128K [0x00000000c0000000, 0x00000000c4300000, 0x00000000eab00000)
  object space 68608K, 20% used [0x00000000c0000000,0x00000000c0dcc2e8,0x00000000c4300000)
 Metaspace       used 40516K, committed 41280K, reserved 1114112K
  class space    used 4256K, committed 4608K, reserved 1048576K
}
Event: 8.675 GC heap after
{Heap after GC invocations=13 (full 2):
 PSYoungGen      total 24064K, used 832K [0x00000000eab00000, 0x00000000ec600000, 0x0000000100000000)
  eden space 22016K, 0% used [0x00000000eab00000,0x00000000eab00000,0x00000000ec080000)
  from space 2048K, 40% used [0x00000000ec300000,0x00000000ec3d0000,0x00000000ec500000)
  to   space 1024K, 0% used [0x00000000ec500000,0x00000000ec500000,0x00000000ec600000)
 ParOldGen       total 68608K, used 14997K [0x00000000c0000000, 0x00000000c4300000, 0x00000000eab00000)
  object space 68608K, 21% used [0x00000000c0000000,0x00000000c0ea5548,0x00000000c4300000)
 Metaspace       used 40516K, committed 41280K, reserved 1114112K
  class space    used 4256K, committed 4608K, reserved 1048576K
}
Event: 8.980 GC heap before
{Heap before GC invocations=14 (full 2):
 PSYoungGen      total 24064K, used 22848K [0x00000000eab00000, 0x00000000ec600000, 0x0000000100000000)
  eden space 22016K, 100% used [0x00000000eab00000,0x00000000ec080000,0x00000000ec080000)
  from space 2048K, 40% used [0x00000000ec300000,0x00000000ec3d0000,0x00000000ec500000)
  to   space 1024K, 0% used [0x00000000ec500000,0x00000000ec500000,0x00000000ec600000)
 ParOldGen       total 68608K, used 14997K [0x00000000c0000000, 0x00000000c4300000, 0x00000000eab00000)
  object space 68608K, 21% used [0x00000000c0000000,0x00000000c0ea5548,0x00000000c4300000)
 Metaspace       used 43188K, committed 43968K, reserved 1114112K
  class space    used 4609K, committed 4992K, reserved 1048576K
}
Event: 8.981 GC heap after
{Heap after GC invocations=14 (full 2):
 PSYoungGen      total 23040K, used 1024K [0x00000000eab00000, 0x00000000ec600000, 0x0000000100000000)
  eden space 22016K, 0% used [0x00000000eab00000,0x00000000eab00000,0x00000000ec080000)
  from space 1024K, 100% used [0x00000000ec500000,0x00000000ec600000,0x00000000ec600000)
  to   space 2048K, 0% used [0x00000000ec200000,0x00000000ec200000,0x00000000ec400000)
 ParOldGen       total 68608K, used 15573K [0x00000000c0000000, 0x00000000c4300000, 0x00000000eab00000)
  object space 68608K, 22% used [0x00000000c0000000,0x00000000c0f35548,0x00000000c4300000)
 Metaspace       used 43188K, committed 43968K, reserved 1114112K
  class space    used 4609K, committed 4992K, reserved 1048576K
}

Dll operation events (10 events):
Event: 0.005 Loaded shared library c:\Users\Admin\.vscode\extensions\redhat.java-1.21.0-win32-x64\jre\17.0.7-win32-x86_64\bin\java.dll
Event: 0.136 Loaded shared library c:\Users\Admin\.vscode\extensions\redhat.java-1.21.0-win32-x64\jre\17.0.7-win32-x86_64\bin\zip.dll
Event: 0.139 Loaded shared library C:\Users\Admin\.vscode\extensions\redhat.java-1.21.0-win32-x64\jre\17.0.7-win32-x86_64\bin\instrument.dll
Event: 0.157 Loaded shared library C:\Users\Admin\.vscode\extensions\redhat.java-1.21.0-win32-x64\jre\17.0.7-win32-x86_64\bin\net.dll
Event: 0.158 Loaded shared library C:\Users\Admin\.vscode\extensions\redhat.java-1.21.0-win32-x64\jre\17.0.7-win32-x86_64\bin\nio.dll
Event: 0.166 Loaded shared library C:\Users\Admin\.vscode\extensions\redhat.java-1.21.0-win32-x64\jre\17.0.7-win32-x86_64\bin\zip.dll
Event: 0.185 Loaded shared library C:\Users\Admin\.vscode\extensions\redhat.java-1.21.0-win32-x64\jre\17.0.7-win32-x86_64\bin\jimage.dll
Event: 0.238 Loaded shared library c:\Users\Admin\.vscode\extensions\redhat.java-1.21.0-win32-x64\jre\17.0.7-win32-x86_64\bin\verify.dll
Event: 3.311 Loaded shared library C:\Users\Admin\AppData\Roaming\Code\User\globalStorage\redhat.java\1.21.0\config_win\org.eclipse.equinox.launcher\org.eclipse.equinox.launcher.win32.win32.x86_64_1.2.700.v20221108-1024\eclipse_11801.dll
Event: 7.864 Loaded shared library C:\Users\Admin\AppData\Local\Temp\jna-63116079\jna15844226067346181933.dll

Deoptimization events (20 events):
Event: 9.036 Thread 0x000001ed6fd71fd0 Uncommon trap: trap_request=0xffffff45 fr.pc=0x000001ed5e8ad638 relative=0x0000000000000038
Event: 9.036 Thread 0x000001ed6fd71fd0 Uncommon trap: reason=unstable_if action=reinterpret pc=0x000001ed5e8ad638 method=java.lang.StringLatin1.canEncode(I)Z @ 4 c2
Event: 9.036 Thread 0x000001ed6fd71fd0 DEOPT PACKING pc=0x000001ed5e8ad638 sp=0x000000c2f5ffe2f0
Event: 9.036 Thread 0x000001ed6fd71fd0 DEOPT UNPACKING pc=0x000001ed5e199ea3 sp=0x000000c2f5ffe280 mode 2
Event: 9.182 Thread 0x000001ed6fd71fd0 Uncommon trap: trap_request=0xffffffbe fr.pc=0x000001ed5eae4e88 relative=0x00000000000002c8
Event: 9.182 Thread 0x000001ed6fd71fd0 Uncommon trap: reason=profile_predicate action=maybe_recompile pc=0x000001ed5eae4e88 method=com.google.inject.internal.aop.ImmutableStringTrie.nextPivotColumn([Ljava/lang/String;III)I @ 21 c2
Event: 9.182 Thread 0x000001ed6fd71fd0 DEOPT PACKING pc=0x000001ed5eae4e88 sp=0x000000c2f5ffda50
Event: 9.182 Thread 0x000001ed6fd71fd0 DEOPT UNPACKING pc=0x000001ed5e199ea3 sp=0x000000c2f5ffd9e0 mode 2
Event: 9.183 Thread 0x000001ed6fd71fd0 Uncommon trap: trap_request=0xffffffbe fr.pc=0x000001ed5eae4e88 relative=0x00000000000002c8
Event: 9.183 Thread 0x000001ed6fd71fd0 Uncommon trap: reason=profile_predicate action=maybe_recompile pc=0x000001ed5eae4e88 method=com.google.inject.internal.aop.ImmutableStringTrie.nextPivotColumn([Ljava/lang/String;III)I @ 21 c2
Event: 9.183 Thread 0x000001ed6fd71fd0 DEOPT PACKING pc=0x000001ed5eae4e88 sp=0x000000c2f5ffd940
Event: 9.183 Thread 0x000001ed6fd71fd0 DEOPT UNPACKING pc=0x000001ed5e199ea3 sp=0x000000c2f5ffd8d0 mode 2
Event: 9.184 Thread 0x000001ed6fd71fd0 Uncommon trap: trap_request=0xffffffbe fr.pc=0x000001ed5eae4e88 relative=0x00000000000002c8
Event: 9.184 Thread 0x000001ed6fd71fd0 Uncommon trap: reason=profile_predicate action=maybe_recompile pc=0x000001ed5eae4e88 method=com.google.inject.internal.aop.ImmutableStringTrie.nextPivotColumn([Ljava/lang/String;III)I @ 21 c2
Event: 9.184 Thread 0x000001ed6fd71fd0 DEOPT PACKING pc=0x000001ed5eae4e88 sp=0x000000c2f5ffd940
Event: 9.184 Thread 0x000001ed6fd71fd0 DEOPT UNPACKING pc=0x000001ed5e199ea3 sp=0x000000c2f5ffd8d0 mode 2
Event: 9.184 Thread 0x000001ed6fd71fd0 Uncommon trap: trap_request=0xffffffbe fr.pc=0x000001ed5eae4e88 relative=0x00000000000002c8
Event: 9.184 Thread 0x000001ed6fd71fd0 Uncommon trap: reason=profile_predicate action=maybe_recompile pc=0x000001ed5eae4e88 method=com.google.inject.internal.aop.ImmutableStringTrie.nextPivotColumn([Ljava/lang/String;III)I @ 21 c2
Event: 9.184 Thread 0x000001ed6fd71fd0 DEOPT PACKING pc=0x000001ed5eae4e88 sp=0x000000c2f5ffd940
Event: 9.184 Thread 0x000001ed6fd71fd0 DEOPT UNPACKING pc=0x000001ed5e199ea3 sp=0x000000c2f5ffd8d0 mode 2

Classes unloaded (7 events):
Event: 3.958 Thread 0x000001ed67ee3970 Unloading class 0x0000000100218000 'java/lang/invoke/LambdaForm$MH+0x0000000100218000'
Event: 3.958 Thread 0x000001ed67ee3970 Unloading class 0x0000000100217c00 'java/lang/invoke/LambdaForm$MH+0x0000000100217c00'
Event: 3.958 Thread 0x000001ed67ee3970 Unloading class 0x0000000100217800 'java/lang/invoke/LambdaForm$MH+0x0000000100217800'
Event: 3.958 Thread 0x000001ed67ee3970 Unloading class 0x0000000100217400 'java/lang/invoke/LambdaForm$MH+0x0000000100217400'
Event: 3.958 Thread 0x000001ed67ee3970 Unloading class 0x0000000100217000 'java/lang/invoke/LambdaForm$BMH+0x0000000100217000'
Event: 3.958 Thread 0x000001ed67ee3970 Unloading class 0x0000000100216c00 'java/lang/invoke/LambdaForm$DMH+0x0000000100216c00'
Event: 3.958 Thread 0x000001ed67ee3970 Unloading class 0x0000000100214000 'java/lang/invoke/LambdaForm$DMH+0x0000000100214000'

Classes redefined (0 events):
No events

Internal exceptions (20 events):
Event: 7.900 Thread 0x000001ed6f832740 Exception <a 'java/lang/UnsatisfiedLinkError'{0x00000000eb8b8ce8}: The specified procedure could not be found.
> (0x00000000eb8b8ce8) 
thrown [s\src\hotspot\share\prims\jni.cpp, line 535]
Event: 7.912 Thread 0x000001ed5406ce80 Exception <a 'sun/nio/fs/WindowsException'{0x00000000eb914198}> (0x00000000eb914198) 
thrown [s\src\hotspot\share\prims\jni.cpp, line 516]
Event: 8.001 Thread 0x000001ed6fd71fd0 Exception <a 'java/lang/NoSuchMethodError'{0x00000000eac54848}: 'int java.lang.invoke.DirectMethodHandle$Holder.invokeVirtual(java.lang.Object, java.lang.Object)'> (0x00000000eac54848) 
thrown [s\src\hotspot\share\interpreter\linkResolver.cpp, line 759]
Event: 8.013 Thread 0x000001ed5406ce80 Exception <a 'java/lang/NoSuchMethodError'{0x00000000ec2576b0}: 'java.lang.Object java.lang.invoke.DirectMethodHandle$Holder.invokeStatic(java.lang.Object, java.lang.Object, long, java.lang.Object)'> (0x00000000ec2576b0) 
thrown [s\src\hotspot\share\interpreter\linkResolver.cpp, line 759]
Event: 8.014 Thread 0x000001ed5406ce80 Exception <a 'java/lang/NoSuchMethodError'{0x00000000ec25b390}: 'java.lang.Object java.lang.invoke.DirectMethodHandle$Holder.invokeStaticInit(java.lang.Object, java.lang.Object, long, java.lang.Object)'> (0x00000000ec25b390) 
thrown [s\src\hotspot\share\interpreter\linkResolver.cpp, line 759]
Event: 8.014 Thread 0x000001ed5406ce80 Exception <a 'java/lang/NoSuchMethodError'{0x00000000ec2619a0}: 'java.lang.Object java.lang.invoke.DirectMethodHandle$Holder.newInvokeSpecial(java.lang.Object, java.lang.Object, long)'> (0x00000000ec2619a0) 
thrown [s\src\hotspot\share\interpreter\linkResolver.cpp, line 759]
Event: 8.053 Thread 0x000001ed5406ce80 Exception <a 'java/lang/NoSuchMethodError'{0x00000000eac74260}: 'void java.lang.invoke.DirectMethodHandle$Holder.invokeStatic(java.lang.Object, java.lang.Object, java.lang.Object, java.lang.Object)'> (0x00000000eac74260) 
thrown [s\src\hotspot\share\interpreter\linkResolver.cpp, line 759]
Event: 8.175 Thread 0x000001ed5406ce80 Exception <a 'java/lang/NoSuchMethodError'{0x00000000eb1e7a98}: 'void java.lang.invoke.DirectMethodHandle$Holder.invokeSpecial(java.lang.Object, java.lang.Object, java.lang.Object, java.lang.Object, java.lang.Object, java.lang.Object)'> (0x00000000eb1e7a98) 
thrown [s\src\hotspot\share\interpreter\linkResolver.cpp, line 759]
Event: 8.177 Thread 0x000001ed5406ce80 Exception <a 'java/lang/IncompatibleClassChangeError'{0x00000000eb1f1218}: Found class java.lang.Object, but interface was expected> (0x00000000eb1f1218) 
thrown [s\src\hotspot\share\interpreter\linkResolver.cpp, line 826]
Event: 8.180 Thread 0x000001ed6fd71fd0 Exception <a 'java/lang/NoSuchMethodError'{0x00000000eb2780c0}: 'java.lang.Object java.lang.invoke.DirectMethodHandle$Holder.invokeSpecialIFC(java.lang.Object, java.lang.Object, java.lang.Object, java.lang.Object)'> (0x00000000eb2780c0) 
thrown [s\src\hotspot\share\interpreter\linkResolver.cpp, line 759]
Event: 8.320 Thread 0x000001ed6fd71fd0 Exception <a 'java/lang/NoSuchMethodError'{0x00000000ebfa65c0}: 'int java.lang.invoke.DirectMethodHandle$Holder.invokeSpecialIFC(java.lang.Object, java.lang.Object, java.lang.Object, java.lang.Object, java.lang.Object)'> (0x00000000ebfa65c0) 
thrown [s\src\hotspot\share\interpreter\linkResolver.cpp, line 759]
Event: 8.444 Thread 0x000001ed6fd71fd0 Exception <a 'java/lang/NoClassDefFoundError'{0x00000000eaf992b8}: javax/enterprise/inject/Typed> (0x00000000eaf992b8) 
thrown [s\src\hotspot\share\classfile\systemDictionary.cpp, line 245]
Event: 9.009 Thread 0x000001ed6fd71fd0 Exception <a 'java/lang/NoSuchMethodError'{0x00000000eada0530}: 'void java.lang.invoke.DirectMethodHandle$Holder.invokeStaticInit(java.lang.Object, java.lang.Object, java.lang.Object)'> (0x00000000eada0530) 
thrown [s\src\hotspot\share\interpreter\linkResolver.cpp, line 759]
Event: 9.012 Thread 0x000001ed6fd71fd0 Exception <a 'java/lang/ExceptionInInitializerError'{0x00000000eadd1138}> (0x00000000eadd1138) 
thrown [s\src\hotspot\share\oops\instanceKlass.cpp, line 1218]
Event: 9.016 Thread 0x000001ed6fd71fd0 Implicit null exception at 0x000001ed5e9f066b to 0x000001ed5e9f1308
Event: 9.016 Thread 0x000001ed6fd71fd0 Implicit null exception at 0x000001ed5e9ec56f to 0x000001ed5e9ed2b8
Event: 9.034 Thread 0x000001ed6fd71fd0 Implicit null exception at 0x000001ed5e95992f to 0x000001ed5e959a8c
Event: 9.034 Thread 0x000001ed6fd71fd0 Implicit null exception at 0x000001ed5e9194e9 to 0x000001ed5e91a8bc
Event: 9.037 Thread 0x000001ed6fd71fd0 Exception <a 'java/lang/NoSuchMethodError'{0x00000000eaf20e38}: 'java.lang.Object java.lang.invoke.Invokers$Holder.invokeExact_MT(java.lang.Object, int, java.lang.Object)'> (0x00000000eaf20e38) 
thrown [s\src\hotspot\share\interpreter\linkResolver.cpp, line 759]
Event: 9.048 Thread 0x000001ed6fd71fd0 Exception <a 'java/lang/NoSuchMethodError'{0x00000000eafdd758}: 'int java.lang.invoke.DirectMethodHandle$Holder.invokeSpecial(java.lang.Object, java.lang.Object, java.lang.Object, java.lang.Object)'> (0x00000000eafdd758) 
thrown [s\src\hotspot\share\interpreter\linkResolver.cpp, line 759]

VM Operations (20 events):
Event: 8.097 Executing VM operation: CollectForMetadataAllocation
Event: 8.116 Executing VM operation: CollectForMetadataAllocation done
Event: 8.150 Executing VM operation: HandshakeAllThreads
Event: 8.151 Executing VM operation: HandshakeAllThreads done
Event: 8.193 Executing VM operation: HandshakeAllThreads
Event: 8.193 Executing VM operation: HandshakeAllThreads done
Event: 8.337 Executing VM operation: ParallelGCFailedAllocation
Event: 8.339 Executing VM operation: ParallelGCFailedAllocation done
Event: 8.431 Executing VM operation: HandshakeAllThreads
Event: 8.431 Executing VM operation: HandshakeAllThreads done
Event: 8.674 Executing VM operation: ParallelGCFailedAllocation
Event: 8.675 Executing VM operation: ParallelGCFailedAllocation done
Event: 8.735 Executing VM operation: HandshakeAllThreads
Event: 8.736 Executing VM operation: HandshakeAllThreads done
Event: 8.750 Executing VM operation: HandshakeAllThreads
Event: 8.750 Executing VM operation: HandshakeAllThreads done
Event: 8.979 Executing VM operation: ParallelGCFailedAllocation
Event: 8.981 Executing VM operation: ParallelGCFailedAllocation done
Event: 9.066 Executing VM operation: HandshakeAllThreads
Event: 9.066 Executing VM operation: HandshakeAllThreads done

Events (20 events):
Event: 8.840 loading class java/util/concurrent/CompletionService
Event: 8.840 loading class java/util/concurrent/CompletionService done
Event: 8.883 loading class java/lang/InheritableThreadLocal
Event: 8.883 loading class java/lang/InheritableThreadLocal done
Event: 8.927 loading class java/nio/channels/SocketChannel
Event: 8.927 loading class java/nio/channels/NetworkChannel
Event: 8.927 loading class java/nio/channels/NetworkChannel done
Event: 8.927 loading class java/nio/channels/spi/AbstractSelectableChannel
Event: 8.928 loading class java/nio/channels/spi/AbstractSelectableChannel done
Event: 8.928 loading class java/nio/channels/SocketChannel done
Event: 8.928 loading class java/nio/channels/ServerSocketChannel
Event: 8.928 loading class java/nio/channels/ServerSocketChannel done
Event: 8.929 loading class javax/net/ssl/SSLSocketFactory
Event: 8.930 loading class javax/net/SocketFactory
Event: 8.930 loading class javax/net/SocketFactory done
Event: 8.930 loading class javax/net/ssl/SSLSocketFactory done
Event: 9.011 loading class java/lang/ExceptionInInitializerError
Event: 9.012 loading class java/lang/ExceptionInInitializerError done
Event: 9.036 loading class java/util/function/ToIntFunction
Event: 9.036 loading class java/util/function/ToIntFunction done


Dynamic libraries:
0x00007ff70c9d0000 - 0x00007ff70c9de000 	c:\Users\Admin\.vscode\extensions\redhat.java-1.21.0-win32-x64\jre\17.0.7-win32-x86_64\bin\java.exe
0x00007ffc115d0000 - 0x00007ffc117e4000 	C:\WINDOWS\SYSTEM32\ntdll.dll
0x00007ffc0f940000 - 0x00007ffc0fa04000 	C:\WINDOWS\System32\KERNEL32.DLL
0x00007ffc0ef40000 - 0x00007ffc0f2e4000 	C:\WINDOWS\System32\KERNELBASE.dll
0x00007ffc0ecb0000 - 0x00007ffc0edc1000 	C:\WINDOWS\System32\ucrtbase.dll
0x00007ffbf7620000 - 0x00007ffbf7637000 	c:\Users\Admin\.vscode\extensions\redhat.java-1.21.0-win32-x64\jre\17.0.7-win32-x86_64\bin\jli.dll
0x00007ffbf3e50000 - 0x00007ffbf3e69000 	c:\Users\Admin\.vscode\extensions\redhat.java-1.21.0-win32-x64\jre\17.0.7-win32-x86_64\bin\VCRUNTIME140.dll
0x00007ffc0fea0000 - 0x00007ffc1004a000 	C:\WINDOWS\System32\USER32.dll
0x00007ffbe7f60000 - 0x00007ffbe81ef000 	C:\WINDOWS\WinSxS\amd64_microsoft.windows.common-controls_6595b64144ccf1df_6.0.22621.2070_none_2713e6537381f706\COMCTL32.dll
0x00007ffc0edd0000 - 0x00007ffc0edf6000 	C:\WINDOWS\System32\win32u.dll
0x00007ffc0fc30000 - 0x00007ffc0fcd7000 	C:\WINDOWS\System32\msvcrt.dll
0x00007ffc10a00000 - 0x00007ffc10a29000 	C:\WINDOWS\System32\GDI32.dll
0x00007ffc0e9b0000 - 0x00007ffc0eac9000 	C:\WINDOWS\System32\gdi32full.dll
0x00007ffc0f2f0000 - 0x00007ffc0f38a000 	C:\WINDOWS\System32\msvcp_win.dll
0x00007ffc10b60000 - 0x00007ffc10b91000 	C:\WINDOWS\System32\IMM32.DLL
0x00007ffc0b8b0000 - 0x00007ffc0b8bc000 	c:\Users\Admin\.vscode\extensions\redhat.java-1.21.0-win32-x64\jre\17.0.7-win32-x86_64\bin\vcruntime140_1.dll
0x00007ffbb61f0000 - 0x00007ffbb6281000 	c:\Users\Admin\.vscode\extensions\redhat.java-1.21.0-win32-x64\jre\17.0.7-win32-x86_64\bin\msvcp140.dll
0x00007ffb796c0000 - 0x00007ffb7a308000 	c:\Users\Admin\.vscode\extensions\redhat.java-1.21.0-win32-x64\jre\17.0.7-win32-x86_64\bin\server\jvm.dll
0x00007ffc10130000 - 0x00007ffc101e0000 	C:\WINDOWS\System32\ADVAPI32.dll
0x00007ffc10fc0000 - 0x00007ffc11066000 	C:\WINDOWS\System32\sechost.dll
0x00007ffc0f820000 - 0x00007ffc0f937000 	C:\WINDOWS\System32\RPCRT4.dll
0x00007ffc07e60000 - 0x00007ffc07e94000 	C:\WINDOWS\SYSTEM32\WINMM.dll
0x00007ffbd3390000 - 0x00007ffbd3399000 	C:\WINDOWS\SYSTEM32\WSOCK32.dll
0x00007ffc084b0000 - 0x00007ffc084ba000 	C:\WINDOWS\SYSTEM32\VERSION.dll
0x00007ffc114f0000 - 0x00007ffc11561000 	C:\WINDOWS\System32\WS2_32.dll
0x00007ffc0da00000 - 0x00007ffc0da18000 	C:\WINDOWS\SYSTEM32\kernel.appcore.dll
0x00007ffc0b0a0000 - 0x00007ffc0b0aa000 	c:\Users\Admin\.vscode\extensions\redhat.java-1.21.0-win32-x64\jre\17.0.7-win32-x86_64\bin\jimage.dll
0x00007ffc0c2c0000 - 0x00007ffc0c4ee000 	C:\WINDOWS\SYSTEM32\DBGHELP.DLL
0x00007ffc10c30000 - 0x00007ffc10fba000 	C:\WINDOWS\System32\combase.dll
0x00007ffc10050000 - 0x00007ffc10127000 	C:\WINDOWS\System32\OLEAUT32.dll
0x00007ffbf68c0000 - 0x00007ffbf68f2000 	C:\WINDOWS\SYSTEM32\dbgcore.DLL
0x00007ffc0ee00000 - 0x00007ffc0ee7a000 	C:\WINDOWS\System32\bcryptPrimitives.dll
0x00007ffc097d0000 - 0x00007ffc097de000 	c:\Users\Admin\.vscode\extensions\redhat.java-1.21.0-win32-x64\jre\17.0.7-win32-x86_64\bin\instrument.dll
0x00007ffbbda20000 - 0x00007ffbbda45000 	c:\Users\Admin\.vscode\extensions\redhat.java-1.21.0-win32-x64\jre\17.0.7-win32-x86_64\bin\java.dll
0x00007ffbf3100000 - 0x00007ffbf3118000 	c:\Users\Admin\.vscode\extensions\redhat.java-1.21.0-win32-x64\jre\17.0.7-win32-x86_64\bin\zip.dll
0x00007ffc101e0000 - 0x00007ffc109f6000 	C:\WINDOWS\System32\SHELL32.dll
0x00007ffc0c930000 - 0x00007ffc0d21a000 	C:\WINDOWS\SYSTEM32\windows.storage.dll
0x00007ffc0c7f0000 - 0x00007ffc0c92e000 	C:\WINDOWS\SYSTEM32\wintypes.dll
0x00007ffc10a30000 - 0x00007ffc10b23000 	C:\WINDOWS\System32\SHCORE.dll
0x00007ffc0fa10000 - 0x00007ffc0fa6e000 	C:\WINDOWS\System32\shlwapi.dll
0x00007ffc0e8e0000 - 0x00007ffc0e906000 	C:\WINDOWS\SYSTEM32\profapi.dll
0x00007ffbf2d80000 - 0x00007ffbf2d99000 	C:\Users\Admin\.vscode\extensions\redhat.java-1.21.0-win32-x64\jre\17.0.7-win32-x86_64\bin\net.dll
0x00007ffc081b0000 - 0x00007ffc082e7000 	C:\WINDOWS\SYSTEM32\WINHTTP.dll
0x00007ffc0df20000 - 0x00007ffc0df89000 	C:\WINDOWS\system32\mswsock.dll
0x00007ffbd5e80000 - 0x00007ffbd5e95000 	C:\Users\Admin\.vscode\extensions\redhat.java-1.21.0-win32-x64\jre\17.0.7-win32-x86_64\bin\nio.dll
0x00007ffc09630000 - 0x00007ffc09640000 	c:\Users\Admin\.vscode\extensions\redhat.java-1.21.0-win32-x64\jre\17.0.7-win32-x86_64\bin\verify.dll
0x00007ffbb61b0000 - 0x00007ffbb61ee000 	C:\Users\Admin\AppData\Roaming\Code\User\globalStorage\redhat.java\1.21.0\config_win\org.eclipse.equinox.launcher\org.eclipse.equinox.launcher.win32.win32.x86_64_1.2.700.v20221108-1024\eclipse_11801.dll
0x00007ffc0fa80000 - 0x00007ffc0fc1c000 	C:\WINDOWS\System32\ole32.dll
0x00007ffc0e150000 - 0x00007ffc0e16b000 	C:\WINDOWS\SYSTEM32\CRYPTSP.dll
0x00007ffc0d9a0000 - 0x00007ffc0d9d5000 	C:\WINDOWS\system32\rsaenh.dll
0x00007ffc0dfe0000 - 0x00007ffc0e00c000 	C:\WINDOWS\SYSTEM32\USERENV.dll
0x00007ffc0e350000 - 0x00007ffc0e378000 	C:\WINDOWS\SYSTEM32\bcrypt.dll
0x00007ffc0e170000 - 0x00007ffc0e17c000 	C:\WINDOWS\SYSTEM32\CRYPTBASE.dll
0x00007ffc0d470000 - 0x00007ffc0d49d000 	C:\WINDOWS\SYSTEM32\IPHLPAPI.DLL
0x00007ffc0fa70000 - 0x00007ffc0fa79000 	C:\WINDOWS\System32\NSI.dll
0x00007ffc084c0000 - 0x00007ffc084d9000 	C:\WINDOWS\SYSTEM32\dhcpcsvc6.DLL
0x00007ffc07ea0000 - 0x00007ffc07ebf000 	C:\WINDOWS\SYSTEM32\dhcpcsvc.DLL
0x00007ffc0d4e0000 - 0x00007ffc0d5d3000 	C:\WINDOWS\SYSTEM32\DNSAPI.dll
0x00007ffbf7660000 - 0x00007ffbf76a5000 	C:\Users\Admin\AppData\Local\Temp\jna-63116079\jna15844226067346181933.dll
0x00007ffc10b50000 - 0x00007ffc10b58000 	C:\WINDOWS\System32\PSAPI.DLL

dbghelp: loaded successfully - version: 4.0.5 - missing functions: none
symbol engine: initialized successfully - sym options: 0x614 - pdb path: .;c:\Users\Admin\.vscode\extensions\redhat.java-1.21.0-win32-x64\jre\17.0.7-win32-x86_64\bin;C:\WINDOWS\SYSTEM32;C:\WINDOWS\WinSxS\amd64_microsoft.windows.common-controls_6595b64144ccf1df_6.0.22621.2070_none_2713e6537381f706;c:\Users\Admin\.vscode\extensions\redhat.java-1.21.0-win32-x64\jre\17.0.7-win32-x86_64\bin\server;C:\Users\Admin\AppData\Roaming\Code\User\globalStorage\redhat.java\1.21.0\config_win\org.eclipse.equinox.launcher\org.eclipse.equinox.launcher.win32.win32.x86_64_1.2.700.v20221108-1024;C:\Users\Admin\AppData\Local\Temp\jna-63116079

VM Arguments:
jvm_args: --add-modules=ALL-SYSTEM --add-opens=java.base/java.util=ALL-UNNAMED --add-opens=java.base/java.lang=ALL-UNNAMED --add-opens=java.base/sun.nio.fs=ALL-UNNAMED -Declipse.application=org.eclipse.jdt.ls.core.id1 -Dosgi.bundles.defaultStartLevel=4 -Declipse.product=org.eclipse.jdt.ls.core.product -Djava.import.generatesMetadataFilesAtProjectRoot=false -Dfile.encoding=utf8 -XX:+UseParallelGC -XX:GCTimeRatio=4 -XX:AdaptiveSizePolicyWeight=90 -Dsun.zip.disableMemoryMapping=true -Xmx1G -Xms100m -Xlog:disable -javaagent:c:\Users\Admin\.vscode\extensions\redhat.java-1.21.0-win32-x64\lombok\lombok-1.18.28.jar -XX:+HeapDumpOnOutOfMemoryError -XX:HeapDumpPath=c:\Users\Admin\AppData\Roaming\Code\User\workspaceStorage\e7c62a26f5fb9af6089d468b08576148\redhat.java -Daether.dependencyCollector.impl=bf 
java_command: c:\Users\Admin\.vscode\extensions\redhat.java-1.21.0-win32-x64\server\plugins\org.eclipse.equinox.launcher_1.6.500.v20230717-2134.jar -configuration c:\Users\Admin\AppData\Roaming\Code\User\globalStorage\redhat.java\1.21.0\config_win -data c:\Users\Admin\AppData\Roaming\Code\User\workspaceStorage\e7c62a26f5fb9af6089d468b08576148\redhat.java\jdt_ws
java_class_path (initial): c:\Users\Admin\.vscode\extensions\redhat.java-1.21.0-win32-x64\server\plugins\org.eclipse.equinox.launcher_1.6.500.v20230717-2134.jar
Launcher Type: SUN_STANDARD

[Global flags]
    uintx AdaptiveSizePolicyWeight                 = 90                                        {product} {command line}
     intx CICompilerCount                          = 12                                        {product} {ergonomic}
    uintx GCTimeRatio                              = 4                                         {product} {command line}
     bool HeapDumpOnOutOfMemoryError               = true                                   {manageable} {command line}
    ccstr HeapDumpPath                             = c:\Users\Admin\AppData\Roaming\Code\User\workspaceStorage\e7c62a26f5fb9af6089d468b08576148\redhat.java         {manageable} {command line}
   size_t InitialHeapSize                          = 104857600                                 {product} {command line}
   size_t MaxHeapSize                              = 1073741824                                {product} {command line}
   size_t MaxNewSize                               = 357564416                                 {product} {ergonomic}
   size_t MinHeapDeltaBytes                        = 524288                                    {product} {ergonomic}
   size_t MinHeapSize                              = 104857600                                 {product} {command line}
   size_t NewSize                                  = 34603008                                  {product} {ergonomic}
    uintx NonNMethodCodeHeapSize                   = 7602480                                {pd product} {ergonomic}
    uintx NonProfiledCodeHeapSize                  = 122027880                              {pd product} {ergonomic}
   size_t OldSize                                  = 70254592                                  {product} {ergonomic}
    uintx ProfiledCodeHeapSize                     = 122027880                              {pd product} {ergonomic}
    uintx ReservedCodeCacheSize                    = 251658240                              {pd product} {ergonomic}
     bool SegmentedCodeCache                       = true                                      {product} {ergonomic}
   size_t SoftMaxHeapSize                          = 1073741824                             {manageable} {ergonomic}
     bool UseCompressedClassPointers               = true                           {product lp64_product} {ergonomic}
     bool UseCompressedOops                        = true                           {product lp64_product} {ergonomic}
     bool UseLargePagesIndividualAllocation        = false                                  {pd product} {ergonomic}
     bool UseParallelGC                            = true                                      {product} {command line}

Logging:
Log output configuration:
 #0: stdout all=off uptime,level,tags
 #1: stderr all=off uptime,level,tags

Environment Variables:
JAVA_HOME=C:\Program Files\Java\jdk-14.0.2
PATH=C:\Program Files\Python310\Scripts\;C:\Program Files\Python310\;C:\Program Files\Python38\Scripts\;C:\Program Files\Python38\;C:\WINDOWS\system32;C:\WINDOWS;C:\WINDOWS\System32\Wbem;C:\WINDOWS\System32\WindowsPowerShell\v1.0\;C:\WINDOWS\System32\OpenSSH\;C:\Program Files\Microsoft SQL Server\Client SDK\ODBC\110\Tools\Binn\;C:\Program Files (x86)\Microsoft SQL Server\120\Tools\Binn\;C:\Program Files\Microsoft SQL Server\120\Tools\Binn\;C:\Program Files\Microsoft SQL Server\120\DTS\Binn\;C:\Program Files (x86)\Microsoft SQL Server\120\Tools\Binn\ManagementStudio\;C:\Program Files (x86)\Microsoft SQL Server\120\DTS\Binn\;C:\Program Files\Java\jdk-11.0.2\bin;C:\tomcat\apache-tomcat-9.0.63\bin;C:\Program Files\dotnet\;C:\Program Files\Microsoft SQL Server\150\Tools\Binn\;C:\Program Files\Microsoft SQL Server\Client SDK\ODBC\170\Tools\Binn\;C:\Program Files\nodejs\;C:\Program Files\Microsoft SQL Server\130\Tools\Binn\;C:\WINDOWS\system32;C:\WINDOWS;C:\WINDOWS\System32\Wbem;C:\WINDOWS\System32\WindowsPowerShell\v1.0\;C:\WINDOWS\System32\OpenSSH\;C:\Program Files\MongoDB\Server\5.0\bin;C:\Users\Admin\AppData\Local\Microsoft\WindowsApps;C:\Users\Admin\.dotnet\tools;C:\Users\Admin\AppData\Roaming\npm;D:\Microsoft VS Code\bin
USERNAME=Admin
OS=Windows_NT
PROCESSOR_IDENTIFIER=Intel64 Family 6 Model 141 Stepping 1, GenuineIntel
TMP=C:\Users\Admin\AppData\Local\Temp
TEMP=C:\Users\Admin\AppData\Local\Temp



---------------  S Y S T E M  ---------------

OS:
 Windows 11 , 64 bit Build 22621 (10.0.22621.2070)
OS uptime: 0 days 6:22 hours
Hyper-V role detected

CPU: total 16 (initial active 16) (8 cores per cpu, 2 threads per core) family 6 model 141 stepping 1 microcode 0x32, cx8, cmov, fxsr, ht, mmx, 3dnowpref, sse, sse2, sse3, ssse3, sse4.1, sse4.2, popcnt, lzcnt, tsc, tscinvbit, avx, avx2, aes, erms, clmul, bmi1, bmi2, adx, avx512f, avx512dq, avx512cd, avx512bw, avx512vl, sha, fma, vzeroupper, avx512_vpopcntdq, avx512_vpclmulqdq, avx512_vaes, avx512_vnni, clflush, clflushopt, clwb, avx512_vbmi2, avx512_vbmi, hv

Memory: 4k page, system-wide physical 16085M (3658M free)
TotalPageFile size 18133M (AvailPageFile size 5M)
current process WorkingSet (physical memory assigned to process): 207M, peak: 211M
current process commit charge ("private bytes"): 321M, peak: 323M

vm_info: OpenJDK 64-Bit Server VM (17.0.7+7) for windows-amd64 JRE (17.0.7+7), built on Apr 18 2023 22:10:42 by "temurin" with MS VC++ 16.7 (VS2019)

END.
