#
# There is insufficient memory for the Java Runtime Environment to continue.
# Native memory allocation (malloc) failed to allocate 1323216 bytes for Chunk::new
# Possible reasons:
#   The system is out of physical RAM or swap space
#   The process is running with CompressedOops enabled, and the Java Heap may be blocking the growth of the native heap
# Possible solutions:
#   Reduce memory load on the system
#   Increase physical memory or swap space
#   Check if swap backing store is full
#   Decrease Java heap size (-Xmx/-Xms)
#   Decrease number of Java threads
#   Decrease Java thread stack sizes (-Xss)
#   Set larger code cache with -XX:ReservedCodeCacheSize=
#   JVM is running with Unscaled Compressed Oops mode in which the Java heap is
#     placed in the first 4GB address space. The Java Heap base address is the
#     maximum limit for the native heap growth. Please use -XX:HeapBaseMinAddress
#     to set the Java Heap base and to place the Java Heap above 4GB virtual address.
# This output file may be truncated or incomplete.
#
#  Out of Memory Error (arena.cpp:189), pid=20796, tid=1116
#
# JRE version: OpenJDK Runtime Environment Temurin-17.0.7+7 (17.0.7+7) (build 17.0.7+7)
# Java VM: OpenJDK 64-Bit Server VM Temurin-17.0.7+7 (17.0.7+7, mixed mode, tiered, compressed oops, compressed class ptrs, parallel gc, windows-amd64)
# No core dump will be written. Minidumps are not enabled by default on client versions of Windows
#

---------------  S U M M A R Y ------------

Command Line: --add-modules=ALL-SYSTEM --add-opens=java.base/java.util=ALL-UNNAMED --add-opens=java.base/java.lang=ALL-UNNAMED --add-opens=java.base/sun.nio.fs=ALL-UNNAMED -Declipse.application=org.eclipse.jdt.ls.core.id1 -Dosgi.bundles.defaultStartLevel=4 -Declipse.product=org.eclipse.jdt.ls.core.product -Djava.import.generatesMetadataFilesAtProjectRoot=false -Dfile.encoding=utf8 -XX:+UseParallelGC -XX:GCTimeRatio=4 -XX:AdaptiveSizePolicyWeight=90 -Dsun.zip.disableMemoryMapping=true -Xmx1G -Xms100m -Xlog:disable -javaagent:c:\Users\Admin\.vscode\extensions\redhat.java-1.21.0-win32-x64\lombok\lombok-1.18.28.jar c:\Users\Admin\.vscode\extensions\redhat.java-1.21.0-win32-x64\server\plugins\org.eclipse.equinox.launcher_1.6.500.v20230717-2134.jar -configuration c:\Users\Admin\AppData\Roaming\Code\User\globalStorage\redhat.java\1.21.0\config_ss_win -data c:\Users\Admin\AppData\Roaming\Code\User\workspaceStorage\e7c62a26f5fb9af6089d468b08576148\redhat.java\ss_ws

Host: 11th Gen Intel(R) Core(TM) i7-11800H @ 2.30GHz, 16 cores, 15G,  Windows 11 , 64 bit Build 22621 (10.0.22621.1928)
Time: Thu Aug 10 09:33:29 2023 SE Asia Standard Time elapsed time: 17.262732 seconds (0d 0h 0m 17s)

---------------  T H R E A D  ---------------

Current thread (0x000001d1d85d8fe0):  JavaThread "C2 CompilerThread0" daemon [_thread_in_native, id=1116, stack(0x0000008ef0100000,0x0000008ef0200000)]


Current CompileTask:
C2:  17262 4145       4       org.eclipse.core.internal.dtree.DataTreeWriter::writeNode (182 bytes)

Stack: [0x0000008ef0100000,0x0000008ef0200000]
Native frames: (J=compiled Java code, j=interpreted, Vv=VM code, C=native code)
V  [jvm.dll+0x67754a]
V  [jvm.dll+0x834304]
V  [jvm.dll+0x835aae]
V  [jvm.dll+0x836113]
V  [jvm.dll+0x24696f]
V  [jvm.dll+0xac0ac]
V  [jvm.dll+0xac67c]
V  [jvm.dll+0x364de2]
V  [jvm.dll+0x32f6b1]
V  [jvm.dll+0x32eb5a]
V  [jvm.dll+0x219641]
V  [jvm.dll+0x218a61]
V  [jvm.dll+0x1a4d8d]
V  [jvm.dll+0x2284da]
V  [jvm.dll+0x226615]
V  [jvm.dll+0x7ea90b]
V  [jvm.dll+0x7e4e7a]
V  [jvm.dll+0x676395]
C  [ucrtbase.dll+0x29363]
C  [KERNEL32.DLL+0x126ad]
C  [ntdll.dll+0x5aa68]


---------------  P R O C E S S  ---------------

Threads class SMR info:
_java_thread_list=0x000001d1e1942d50, length=29, elements={
0x000001d1c475dcb0, 0x000001d1c481e8d0, 0x000001d1dd958cc0, 0x000001d1dd985f40,
0x000001d1dd986900, 0x000001d1dd987c50, 0x000001d1d85cd8e0, 0x000001d1d85d8fe0,
0x000001d1d85da220, 0x000001d1d85dbb90, 0x000001d1dda6be30, 0x000001d1ddc7d760,
0x000001d1e00484e0, 0x000001d1e02f2f00, 0x000001d1e03a5410, 0x000001d1e0272380,
0x000001d1e03a4880, 0x000001d1e0893b80, 0x000001d1e072e570, 0x000001d1e072c3c0,
0x000001d1e072c890, 0x000001d1e072cd60, 0x000001d1e072d700, 0x000001d1e072d230,
0x000001d1e072e0a0, 0x000001d1e072f3e0, 0x000001d1e14bde30, 0x000001d1e14bd920,
0x000001d1e14ba680
}

Java Threads: ( => current thread )
  0x000001d1c475dcb0 JavaThread "main" [_thread_blocked, id=10384, stack(0x0000008eef800000,0x0000008eef900000)]
  0x000001d1c481e8d0 JavaThread "Reference Handler" daemon [_thread_blocked, id=19948, stack(0x0000008eefb00000,0x0000008eefc00000)]
  0x000001d1dd958cc0 JavaThread "Finalizer" daemon [_thread_blocked, id=21328, stack(0x0000008eefc00000,0x0000008eefd00000)]
  0x000001d1dd985f40 JavaThread "Signal Dispatcher" daemon [_thread_blocked, id=12592, stack(0x0000008eefd00000,0x0000008eefe00000)]
  0x000001d1dd986900 JavaThread "Attach Listener" daemon [_thread_blocked, id=8244, stack(0x0000008eefe00000,0x0000008eeff00000)]
  0x000001d1dd987c50 JavaThread "Service Thread" daemon [_thread_blocked, id=18588, stack(0x0000008eeff00000,0x0000008ef0000000)]
  0x000001d1d85cd8e0 JavaThread "Monitor Deflation Thread" daemon [_thread_blocked, id=13844, stack(0x0000008ef0000000,0x0000008ef0100000)]
=>0x000001d1d85d8fe0 JavaThread "C2 CompilerThread0" daemon [_thread_in_native, id=1116, stack(0x0000008ef0100000,0x0000008ef0200000)]
  0x000001d1d85da220 JavaThread "C1 CompilerThread0" daemon [_thread_blocked, id=20156, stack(0x0000008ef0200000,0x0000008ef0300000)]
  0x000001d1d85dbb90 JavaThread "Sweeper thread" daemon [_thread_blocked, id=20712, stack(0x0000008ef0300000,0x0000008ef0400000)]
  0x000001d1dda6be30 JavaThread "Common-Cleaner" daemon [_thread_blocked, id=21380, stack(0x0000008ef0400000,0x0000008ef0500000)]
  0x000001d1ddc7d760 JavaThread "Notification Thread" daemon [_thread_blocked, id=20420, stack(0x0000008ef0900000,0x0000008ef0a00000)]
  0x000001d1e00484e0 JavaThread "Active Thread: Equinox Container: ab95cd58-a8e2-4561-bf47-a4c46398a50c" [_thread_blocked, id=18052, stack(0x0000008ef1100000,0x0000008ef1200000)]
  0x000001d1e02f2f00 JavaThread "Framework Event Dispatcher: Equinox Container: ab95cd58-a8e2-4561-bf47-a4c46398a50c" daemon [_thread_blocked, id=22788, stack(0x0000008ef1200000,0x0000008ef1300000)]
  0x000001d1e03a5410 JavaThread "Start Level: Equinox Container: ab95cd58-a8e2-4561-bf47-a4c46398a50c" daemon [_thread_blocked, id=21332, stack(0x0000008ef1300000,0x0000008ef1400000)]
  0x000001d1e0272380 JavaThread "SCR Component Actor" daemon [_thread_blocked, id=1272, stack(0x0000008ef1400000,0x0000008ef1500000)]
  0x000001d1e03a4880 JavaThread "Worker-JM" [_thread_blocked, id=17040, stack(0x0000008ef0b00000,0x0000008ef0c00000)]
  0x000001d1e0893b80 JavaThread "Worker-0" [_thread_blocked, id=7732, stack(0x0000008ef1f00000,0x0000008ef2000000)]
  0x000001d1e072e570 JavaThread "Worker-1: Shutdown..." [_thread_in_native, id=8932, stack(0x0000008ef2000000,0x0000008ef2100000)]
  0x000001d1e072c3c0 JavaThread "Worker-2" [_thread_blocked, id=2668, stack(0x0000008ef2400000,0x0000008ef2500000)]
  0x000001d1e072c890 JavaThread "JNA Cleaner" daemon [_thread_blocked, id=22628, stack(0x0000008ef2500000,0x0000008ef2600000)]
  0x000001d1e072cd60 JavaThread "pool-2-thread-1" [_thread_blocked, id=6128, stack(0x0000008ef2300000,0x0000008ef2400000)]
  0x000001d1e072d700 JavaThread "WorkspaceEventsHandler" [_thread_blocked, id=12716, stack(0x0000008ef2600000,0x0000008ef2700000)]
  0x000001d1e072d230 JavaThread "pool-1-thread-1" [_thread_blocked, id=17600, stack(0x0000008ef2700000,0x0000008ef2800000)]
  0x000001d1e072e0a0 JavaThread "ForkJoinPool.commonPool-worker-1" daemon [_thread_blocked, id=19980, stack(0x0000008ef0500000,0x0000008ef0600000)]
  0x000001d1e072f3e0 JavaThread "pool-3-thread-1" [_thread_blocked, id=3960, stack(0x0000008ef0600000,0x0000008ef0700000)]
  0x000001d1e14bde30 JavaThread "C1 CompilerThread1" daemon [_thread_blocked, id=12264, stack(0x0000008ef0700000,0x0000008ef0800000)]
  0x000001d1e14bd920 JavaThread "C2 CompilerThread1" daemon [_thread_in_native, id=7800, stack(0x0000008ef0800000,0x0000008ef0900000)]
  0x000001d1e14ba680 JavaThread "C2 CompilerThread2" daemon [_thread_in_native, id=13968, stack(0x0000008ef1700000,0x0000008ef1800000)]

Other Threads:
  0x000001d1c481dc10 VMThread "VM Thread" [stack: 0x0000008eefa00000,0x0000008eefb00000] [id=8972]
  0x000001d1df884770 WatcherThread [stack: 0x0000008ef0a00000,0x0000008ef0b00000] [id=15972]
  0x000001d1c4772db0 GCTaskThread "GC Thread#0" [stack: 0x0000008eef900000,0x0000008eefa00000] [id=12464]
  0x000001d1e00ae410 GCTaskThread "GC Thread#1" [stack: 0x0000008ef0c00000,0x0000008ef0d00000] [id=15804]
  0x000001d1dffec480 GCTaskThread "GC Thread#2" [stack: 0x0000008ef0d00000,0x0000008ef0e00000] [id=13072]
  0x000001d1dffec730 GCTaskThread "GC Thread#3" [stack: 0x0000008ef0e00000,0x0000008ef0f00000] [id=19584]
  0x000001d1dffec9e0 GCTaskThread "GC Thread#4" [stack: 0x0000008ef0f00000,0x0000008ef1000000] [id=12412]
  0x000001d1e0297060 GCTaskThread "GC Thread#5" [stack: 0x0000008ef1000000,0x0000008ef1100000] [id=11840]
  0x000001d1e004dec0 GCTaskThread "GC Thread#6" [stack: 0x0000008ef1500000,0x0000008ef1600000] [id=21096]
  0x000001d1e025dce0 GCTaskThread "GC Thread#7" [stack: 0x0000008ef1600000,0x0000008ef1700000] [id=21804]
  0x000001d1e0384440 GCTaskThread "GC Thread#8" [stack: 0x0000008ef1800000,0x0000008ef1900000] [id=22412]
  0x000001d1e031ad70 GCTaskThread "GC Thread#9" [stack: 0x0000008ef1900000,0x0000008ef1a00000] [id=23324]
  0x000001d1e0c899e0 GCTaskThread "GC Thread#10" [stack: 0x0000008ef1d00000,0x0000008ef1e00000] [id=14560]
  0x000001d1e0c89c90 GCTaskThread "GC Thread#11" [stack: 0x0000008ef1e00000,0x0000008ef1f00000] [id=516]
  0x000001d1e04505c0 GCTaskThread "GC Thread#12" [stack: 0x0000008ef2100000,0x0000008ef2200000] [id=23512]

Threads with active compile tasks:
C2 CompilerThread0    17280 4145       4       org.eclipse.core.internal.dtree.DataTreeWriter::writeNode (182 bytes)
C2 CompilerThread1    17280 4175 %     4       java.lang.StringLatin1::compareToCI @ 16 (108 bytes)
C2 CompilerThread2    17280 4149 %     4       java.io.WinNTFileSystem::normalize @ 22 (143 bytes)

VM state: not at safepoint (normal execution)

VM Mutex/Monitor currently owned by a thread: None

Heap address: 0x00000000c0000000, size: 1024 MB, Compressed Oops mode: 32-bit

CDS archive(s) not mapped
Compressed class space mapped at: 0x0000000100000000-0x0000000140000000, reserved size: 1073741824
Narrow klass base: 0x0000000000000000, Narrow klass shift: 3, Narrow klass range: 0x140000000

GC Precious Log:
 CPUs: 16 total, 16 available
 Memory: 16085M
 Large Page Support: Disabled
 NUMA Support: Disabled
 Compressed Oops: Enabled (32-bit)
 Alignments: Space 512K, Generation 512K, Heap 2M
 Heap Min Capacity: 100M
 Heap Initial Capacity: 100M
 Heap Max Capacity: 1G
 Pre-touch: Disabled
 Parallel Workers: 13

Heap:
 PSYoungGen      total 24576K, used 22333K [0x00000000eab00000, 0x00000000ec600000, 0x0000000100000000)
  eden space 22016K, 90% used [0x00000000eab00000,0x00000000ebe77788,0x00000000ec080000)
  from space 2560K, 93% used [0x00000000ec380000,0x00000000ec5d8000,0x00000000ec600000)
  to   space 2560K, 0% used [0x00000000ec100000,0x00000000ec100000,0x00000000ec380000)
 ParOldGen       total 68608K, used 27816K [0x00000000c0000000, 0x00000000c4300000, 0x00000000eab00000)
  object space 68608K, 40% used [0x00000000c0000000,0x00000000c1b2a2c8,0x00000000c4300000)
 Metaspace       used 37267K, committed 38016K, reserved 1114112K
  class space    used 3798K, committed 4160K, reserved 1048576K

Card table byte_map: [0x000001d1c4100000,0x000001d1c4310000] _byte_map_base: 0x000001d1c3b00000

Marking Bits: (ParMarkBitMap*) 0x00007ffb42b652c0
 Begin Bits: [0x000001d1d63e0000, 0x000001d1d73e0000)
 End Bits:   [0x000001d1d73e0000, 0x000001d1d83e0000)

Polling page: 0x000001d1c26e0000

Metaspace:

Usage:
  Non-class:     32.69 MB used.
      Class:      3.71 MB used.
       Both:     36.39 MB used.

Virtual space:
  Non-class space:       64.00 MB reserved,      33.06 MB ( 52%) committed,  1 nodes.
      Class space:        1.00 GB reserved,       4.06 MB ( <1%) committed,  1 nodes.
             Both:        1.06 GB reserved,      37.12 MB (  3%) committed. 

Chunk freelists:
   Non-Class:  14.89 MB
       Class:  11.86 MB
        Both:  26.75 MB

MaxMetaspaceSize: unlimited
CompressedClassSpaceSize: 1.00 GB
Initial GC threshold: 21.00 MB
Current GC threshold: 58.38 MB
CDS: off
MetaspaceReclaimPolicy: balanced
 - commit_granule_bytes: 65536.
 - commit_granule_words: 8192.
 - virtual_space_node_default_size: 8388608.
 - enlarge_chunks_in_place: 1.
 - new_chunks_are_fully_committed: 0.
 - uncommit_free_chunks: 1.
 - use_allocation_guard: 0.
 - handle_deallocations: 1.


Internal statistics:

num_allocs_failed_limit: 6.
num_arena_births: 368.
num_arena_deaths: 14.
num_vsnodes_births: 2.
num_vsnodes_deaths: 0.
num_space_committed: 594.
num_space_uncommitted: 0.
num_chunks_returned_to_freelist: 20.
num_chunks_taken_from_freelist: 1540.
num_chunk_merges: 7.
num_chunk_splits: 990.
num_chunks_enlarged: 633.
num_inconsistent_stats: 0.

CodeHeap 'non-profiled nmethods': size=119168Kb used=2800Kb max_used=2800Kb free=116367Kb
 bounds [0x000001d1cef80000, 0x000001d1cf240000, 0x000001d1d63e0000]
CodeHeap 'profiled nmethods': size=119104Kb used=8582Kb max_used=8582Kb free=110521Kb
 bounds [0x000001d1c73e0000, 0x000001d1c7c50000, 0x000001d1ce830000]
CodeHeap 'non-nmethods': size=7488Kb used=1850Kb max_used=3086Kb free=5637Kb
 bounds [0x000001d1ce830000, 0x000001d1ceb40000, 0x000001d1cef80000]
 total_blobs=4772 nmethods=4175 adapters=510
 compilation: enabled
              stopped_count=0, restarted_count=0
 full_count=0

Compilation events (20 events):
Event: 17.237 Thread 0x000001d1e14bde30 4156       3       org.eclipse.core.internal.resources.SaveManager$$Lambda$260/0x0000000100420af0::visitElement (43 bytes)
Event: 17.237 Thread 0x000001d1d85da220 4157       3       org.eclipse.core.internal.resources.MarkerManager::save (13 bytes)
Event: 17.237 Thread 0x000001d1e14bde30 nmethod 4156 0x000001d1c7c3a990 code [0x000001d1c7c3ab40, 0x000001d1c7c3ad08]
Event: 17.237 Thread 0x000001d1d85da220 nmethod 4157 0x000001d1c7c3ae10 code [0x000001d1c7c3afc0, 0x000001d1c7c3b128]
Event: 17.237 Thread 0x000001d1e14bde30 4158       3       org.eclipse.core.internal.resources.MarkerWriter::save (139 bytes)
Event: 17.237 Thread 0x000001d1d85da220 4159       3       org.eclipse.core.internal.resources.Synchronizer::saveSyncInfo (13 bytes)
Event: 17.237 Thread 0x000001d1d85da220 nmethod 4159 0x000001d1c7c3b210 code [0x000001d1c7c3b3c0, 0x000001d1c7c3b528]
Event: 17.237 Thread 0x000001d1d85da220 4160       3       org.eclipse.core.internal.resources.SyncInfoWriter::saveSyncInfo (192 bytes)
Event: 17.238 Thread 0x000001d1e14bde30 nmethod 4158 0x000001d1c7c3b610 code [0x000001d1c7c3b8a0, 0x000001d1c7c3c5f8]
Event: 17.238 Thread 0x000001d1e14bde30 4161  s    3       org.eclipse.core.internal.resources.ResourceInfo::getSyncInfo (31 bytes)
Event: 17.238 Thread 0x000001d1e14bde30 nmethod 4161 0x000001d1c7c3cb90 code [0x000001d1c7c3cd60, 0x000001d1c7c3d168]
Event: 17.238 Thread 0x000001d1e14bde30 4162   !   3       org.eclipse.core.internal.resources.SaveManager::lambda$4 (137 bytes)
Event: 17.239 Thread 0x000001d1d85da220 nmethod 4160 0x000001d1c7c3d290 code [0x000001d1c7c3d640, 0x000001d1c7c3f168]
Event: 17.239 Thread 0x000001d1e14bde30 nmethod 4162 0x000001d1c7c3fa90 code [0x000001d1c7c3fca0, 0x000001d1c7c40358]
Event: 17.245 Thread 0x000001d1e14bd920 nmethod 4155 0x000001d1cf236810 code [0x000001d1cf2369e0, 0x000001d1cf236f48]
Event: 17.245 Thread 0x000001d1e14bd920 4163   !   4       org.eclipse.core.internal.resources.SaveManager::lambda$4 (137 bytes)
Event: 17.249 Thread 0x000001d1e14bd920 nmethod 4163 0x000001d1cf237490 code [0x000001d1cf237640, 0x000001d1cf237a88]
Event: 17.249 Thread 0x000001d1e14bd920 4169 %     4       org.eclipse.core.internal.watson.ElementTreeIterator::doIteration @ 69 (114 bytes)
Event: 17.257 Thread 0x000001d1e14bd920 nmethod 4169% 0x000001d1cf238010 code [0x000001d1cf2381c0, 0x000001d1cf2386f8]
Event: 17.257 Thread 0x000001d1e14bd920 4164       4       org.eclipse.core.internal.resources.SaveManager$$Lambda$260/0x0000000100420af0::visitElement (43 bytes)

GC Heap History (20 events):
Event: 2.584 GC heap before
{Heap before GC invocations=9 (full 1):
 PSYoungGen      total 26112K, used 26103K [0x00000000eab00000, 0x00000000ec880000, 0x0000000100000000)
  eden space 24064K, 100% used [0x00000000eab00000,0x00000000ec280000,0x00000000ec280000)
  from space 2048K, 99% used [0x00000000ec580000,0x00000000ec77de48,0x00000000ec780000)
  to   space 1024K, 0% used [0x00000000ec780000,0x00000000ec780000,0x00000000ec880000)
 ParOldGen       total 68608K, used 12976K [0x00000000c0000000, 0x00000000c4300000, 0x00000000eab00000)
  object space 68608K, 18% used [0x00000000c0000000,0x00000000c0cac1d8,0x00000000c4300000)
 Metaspace       used 31255K, committed 31872K, reserved 1114112K
  class space    used 3067K, committed 3328K, reserved 1048576K
}
Event: 2.586 GC heap after
{Heap after GC invocations=9 (full 1):
 PSYoungGen      total 24576K, used 1000K [0x00000000eab00000, 0x00000000ec880000, 0x0000000100000000)
  eden space 23552K, 0% used [0x00000000eab00000,0x00000000eab00000,0x00000000ec200000)
  from space 1024K, 97% used [0x00000000ec780000,0x00000000ec87a190,0x00000000ec880000)
  to   space 2560K, 0% used [0x00000000ec380000,0x00000000ec380000,0x00000000ec600000)
 ParOldGen       total 68608K, used 14339K [0x00000000c0000000, 0x00000000c4300000, 0x00000000eab00000)
  object space 68608K, 20% used [0x00000000c0000000,0x00000000c0e00f88,0x00000000c4300000)
 Metaspace       used 31255K, committed 31872K, reserved 1114112K
  class space    used 3067K, committed 3328K, reserved 1048576K
}
Event: 2.909 GC heap before
{Heap before GC invocations=10 (full 1):
 PSYoungGen      total 24576K, used 24552K [0x00000000eab00000, 0x00000000ec880000, 0x0000000100000000)
  eden space 23552K, 99% used [0x00000000eab00000,0x00000000ec1fffd0,0x00000000ec200000)
  from space 1024K, 97% used [0x00000000ec780000,0x00000000ec87a190,0x00000000ec880000)
  to   space 2560K, 0% used [0x00000000ec380000,0x00000000ec380000,0x00000000ec600000)
 ParOldGen       total 68608K, used 14339K [0x00000000c0000000, 0x00000000c4300000, 0x00000000eab00000)
  object space 68608K, 20% used [0x00000000c0000000,0x00000000c0e00f88,0x00000000c4300000)
 Metaspace       used 35094K, committed 35712K, reserved 1114112K
  class space    used 3551K, committed 3840K, reserved 1048576K
}
Event: 2.910 GC heap after
{Heap after GC invocations=10 (full 1):
 PSYoungGen      total 25600K, used 2542K [0x00000000eab00000, 0x00000000ec800000, 0x0000000100000000)
  eden space 23040K, 0% used [0x00000000eab00000,0x00000000eab00000,0x00000000ec180000)
  from space 2560K, 99% used [0x00000000ec380000,0x00000000ec5fb998,0x00000000ec600000)
  to   space 2048K, 0% used [0x00000000ec600000,0x00000000ec600000,0x00000000ec800000)
 ParOldGen       total 68608K, used 14705K [0x00000000c0000000, 0x00000000c4300000, 0x00000000eab00000)
  object space 68608K, 21% used [0x00000000c0000000,0x00000000c0e5c7b0,0x00000000c4300000)
 Metaspace       used 35094K, committed 35712K, reserved 1114112K
  class space    used 3551K, committed 3840K, reserved 1048576K
}
Event: 2.919 GC heap before
{Heap before GC invocations=11 (full 1):
 PSYoungGen      total 25600K, used 3919K [0x00000000eab00000, 0x00000000ec800000, 0x0000000100000000)
  eden space 23040K, 5% used [0x00000000eab00000,0x00000000eac585f8,0x00000000ec180000)
  from space 2560K, 99% used [0x00000000ec380000,0x00000000ec5fb998,0x00000000ec600000)
  to   space 2048K, 0% used [0x00000000ec600000,0x00000000ec600000,0x00000000ec800000)
 ParOldGen       total 68608K, used 14705K [0x00000000c0000000, 0x00000000c4300000, 0x00000000eab00000)
  object space 68608K, 21% used [0x00000000c0000000,0x00000000c0e5c7b0,0x00000000c4300000)
 Metaspace       used 35268K, committed 35840K, reserved 1114112K
  class space    used 3572K, committed 3840K, reserved 1048576K
}
Event: 2.920 GC heap after
{Heap after GC invocations=11 (full 1):
 PSYoungGen      total 25088K, used 1937K [0x00000000eab00000, 0x00000000ec800000, 0x0000000100000000)
  eden space 23040K, 0% used [0x00000000eab00000,0x00000000eab00000,0x00000000ec180000)
  from space 2048K, 94% used [0x00000000ec600000,0x00000000ec7e47b0,0x00000000ec800000)
  to   space 2560K, 0% used [0x00000000ec300000,0x00000000ec300000,0x00000000ec580000)
 ParOldGen       total 68608K, used 15439K [0x00000000c0000000, 0x00000000c4300000, 0x00000000eab00000)
  object space 68608K, 22% used [0x00000000c0000000,0x00000000c0f13e50,0x00000000c4300000)
 Metaspace       used 35268K, committed 35840K, reserved 1114112K
  class space    used 3572K, committed 3840K, reserved 1048576K
}
Event: 2.920 GC heap before
{Heap before GC invocations=12 (full 2):
 PSYoungGen      total 25088K, used 1937K [0x00000000eab00000, 0x00000000ec800000, 0x0000000100000000)
  eden space 23040K, 0% used [0x00000000eab00000,0x00000000eab00000,0x00000000ec180000)
  from space 2048K, 94% used [0x00000000ec600000,0x00000000ec7e47b0,0x00000000ec800000)
  to   space 2560K, 0% used [0x00000000ec300000,0x00000000ec300000,0x00000000ec580000)
 ParOldGen       total 68608K, used 15439K [0x00000000c0000000, 0x00000000c4300000, 0x00000000eab00000)
  object space 68608K, 22% used [0x00000000c0000000,0x00000000c0f13e50,0x00000000c4300000)
 Metaspace       used 35268K, committed 35840K, reserved 1114112K
  class space    used 3572K, committed 3840K, reserved 1048576K
}
Event: 2.936 GC heap after
{Heap after GC invocations=12 (full 2):
 PSYoungGen      total 25088K, used 0K [0x00000000eab00000, 0x00000000ec800000, 0x0000000100000000)
  eden space 23040K, 0% used [0x00000000eab00000,0x00000000eab00000,0x00000000ec180000)
  from space 2048K, 0% used [0x00000000ec600000,0x00000000ec600000,0x00000000ec800000)
  to   space 2560K, 0% used [0x00000000ec300000,0x00000000ec300000,0x00000000ec580000)
 ParOldGen       total 68608K, used 16794K [0x00000000c0000000, 0x00000000c4300000, 0x00000000eab00000)
  object space 68608K, 24% used [0x00000000c0000000,0x00000000c10668e8,0x00000000c4300000)
 Metaspace       used 35268K, committed 35840K, reserved 1114112K
  class space    used 3572K, committed 3840K, reserved 1048576K
}
Event: 3.085 GC heap before
{Heap before GC invocations=13 (full 2):
 PSYoungGen      total 25088K, used 23040K [0x00000000eab00000, 0x00000000ec800000, 0x0000000100000000)
  eden space 23040K, 100% used [0x00000000eab00000,0x00000000ec180000,0x00000000ec180000)
  from space 2048K, 0% used [0x00000000ec600000,0x00000000ec600000,0x00000000ec800000)
  to   space 2560K, 0% used [0x00000000ec300000,0x00000000ec300000,0x00000000ec580000)
 ParOldGen       total 68608K, used 16794K [0x00000000c0000000, 0x00000000c4300000, 0x00000000eab00000)
  object space 68608K, 24% used [0x00000000c0000000,0x00000000c10668e8,0x00000000c4300000)
 Metaspace       used 36431K, committed 37120K, reserved 1114112K
  class space    used 3708K, committed 4032K, reserved 1048576K
}
Event: 3.086 GC heap after
{Heap after GC invocations=13 (full 2):
 PSYoungGen      total 24576K, used 2016K [0x00000000eab00000, 0x00000000ec680000, 0x0000000100000000)
  eden space 22528K, 0% used [0x00000000eab00000,0x00000000eab00000,0x00000000ec100000)
  from space 2048K, 98% used [0x00000000ec300000,0x00000000ec4f8020,0x00000000ec500000)
  to   space 1536K, 0% used [0x00000000ec500000,0x00000000ec500000,0x00000000ec680000)
 ParOldGen       total 68608K, used 16802K [0x00000000c0000000, 0x00000000c4300000, 0x00000000eab00000)
  object space 68608K, 24% used [0x00000000c0000000,0x00000000c10688e8,0x00000000c4300000)
 Metaspace       used 36431K, committed 37120K, reserved 1114112K
  class space    used 3708K, committed 4032K, reserved 1048576K
}
Event: 3.161 GC heap before
{Heap before GC invocations=14 (full 2):
 PSYoungGen      total 24576K, used 24544K [0x00000000eab00000, 0x00000000ec680000, 0x0000000100000000)
  eden space 22528K, 100% used [0x00000000eab00000,0x00000000ec100000,0x00000000ec100000)
  from space 2048K, 98% used [0x00000000ec300000,0x00000000ec4f8020,0x00000000ec500000)
  to   space 1536K, 0% used [0x00000000ec500000,0x00000000ec500000,0x00000000ec680000)
 ParOldGen       total 68608K, used 16802K [0x00000000c0000000, 0x00000000c4300000, 0x00000000eab00000)
  object space 68608K, 24% used [0x00000000c0000000,0x00000000c10688e8,0x00000000c4300000)
 Metaspace       used 36624K, committed 37312K, reserved 1114112K
  class space    used 3726K, committed 4032K, reserved 1048576K
}
Event: 3.164 GC heap after
{Heap after GC invocations=14 (full 2):
 PSYoungGen      total 23552K, used 1504K [0x00000000eab00000, 0x00000000ec980000, 0x0000000100000000)
  eden space 22016K, 0% used [0x00000000eab00000,0x00000000eab00000,0x00000000ec080000)
  from space 1536K, 97% used [0x00000000ec500000,0x00000000ec678010,0x00000000ec680000)
  to   space 4608K, 0% used [0x00000000ec080000,0x00000000ec080000,0x00000000ec500000)
 ParOldGen       total 68608K, used 19244K [0x00000000c0000000, 0x00000000c4300000, 0x00000000eab00000)
  object space 68608K, 28% used [0x00000000c0000000,0x00000000c12cb300,0x00000000c4300000)
 Metaspace       used 36624K, committed 37312K, reserved 1114112K
  class space    used 3726K, committed 4032K, reserved 1048576K
}
Event: 3.209 GC heap before
{Heap before GC invocations=15 (full 2):
 PSYoungGen      total 23552K, used 23520K [0x00000000eab00000, 0x00000000ec980000, 0x0000000100000000)
  eden space 22016K, 100% used [0x00000000eab00000,0x00000000ec080000,0x00000000ec080000)
  from space 1536K, 97% used [0x00000000ec500000,0x00000000ec678010,0x00000000ec680000)
  to   space 4608K, 0% used [0x00000000ec080000,0x00000000ec080000,0x00000000ec500000)
 ParOldGen       total 68608K, used 19244K [0x00000000c0000000, 0x00000000c4300000, 0x00000000eab00000)
  object space 68608K, 28% used [0x00000000c0000000,0x00000000c12cb300,0x00000000c4300000)
 Metaspace       used 36636K, committed 37312K, reserved 1114112K
  class space    used 3727K, committed 4032K, reserved 1048576K
}
Event: 3.211 GC heap after
{Heap after GC invocations=15 (full 2):
 PSYoungGen      total 24576K, used 2292K [0x00000000eab00000, 0x00000000ec680000, 0x0000000100000000)
  eden space 22016K, 0% used [0x00000000eab00000,0x00000000eab00000,0x00000000ec080000)
  from space 2560K, 89% used [0x00000000ec080000,0x00000000ec2bd190,0x00000000ec300000)
  to   space 3072K, 0% used [0x00000000ec380000,0x00000000ec380000,0x00000000ec680000)
 ParOldGen       total 68608K, used 20704K [0x00000000c0000000, 0x00000000c4300000, 0x00000000eab00000)
  object space 68608K, 30% used [0x00000000c0000000,0x00000000c1438328,0x00000000c4300000)
 Metaspace       used 36636K, committed 37312K, reserved 1114112K
  class space    used 3727K, committed 4032K, reserved 1048576K
}
Event: 3.273 GC heap before
{Heap before GC invocations=16 (full 2):
 PSYoungGen      total 24576K, used 24308K [0x00000000eab00000, 0x00000000ec680000, 0x0000000100000000)
  eden space 22016K, 100% used [0x00000000eab00000,0x00000000ec080000,0x00000000ec080000)
  from space 2560K, 89% used [0x00000000ec080000,0x00000000ec2bd190,0x00000000ec300000)
  to   space 3072K, 0% used [0x00000000ec380000,0x00000000ec380000,0x00000000ec680000)
 ParOldGen       total 68608K, used 20704K [0x00000000c0000000, 0x00000000c4300000, 0x00000000eab00000)
  object space 68608K, 30% used [0x00000000c0000000,0x00000000c1438328,0x00000000c4300000)
 Metaspace       used 36776K, committed 37568K, reserved 1114112K
  class space    used 3743K, committed 4096K, reserved 1048576K
}
Event: 3.275 GC heap after
{Heap after GC invocations=16 (full 2):
 PSYoungGen      total 25088K, used 2560K [0x00000000eab00000, 0x00000000ec680000, 0x0000000100000000)
  eden space 22016K, 0% used [0x00000000eab00000,0x00000000eab00000,0x00000000ec080000)
  from space 3072K, 83% used [0x00000000ec380000,0x00000000ec600010,0x00000000ec680000)
  to   space 3072K, 0% used [0x00000000ec080000,0x00000000ec080000,0x00000000ec380000)
 ParOldGen       total 68608K, used 22869K [0x00000000c0000000, 0x00000000c4300000, 0x00000000eab00000)
  object space 68608K, 33% used [0x00000000c0000000,0x00000000c16554b8,0x00000000c4300000)
 Metaspace       used 36776K, committed 37568K, reserved 1114112K
  class space    used 3743K, committed 4096K, reserved 1048576K
}
Event: 3.314 GC heap before
{Heap before GC invocations=17 (full 2):
 PSYoungGen      total 25088K, used 24576K [0x00000000eab00000, 0x00000000ec680000, 0x0000000100000000)
  eden space 22016K, 100% used [0x00000000eab00000,0x00000000ec080000,0x00000000ec080000)
  from space 3072K, 83% used [0x00000000ec380000,0x00000000ec600010,0x00000000ec680000)
  to   space 3072K, 0% used [0x00000000ec080000,0x00000000ec080000,0x00000000ec380000)
 ParOldGen       total 68608K, used 22869K [0x00000000c0000000, 0x00000000c4300000, 0x00000000eab00000)
  object space 68608K, 33% used [0x00000000c0000000,0x00000000c16554b8,0x00000000c4300000)
 Metaspace       used 36776K, committed 37568K, reserved 1114112K
  class space    used 3743K, committed 4096K, reserved 1048576K
}
Event: 3.316 GC heap after
{Heap after GC invocations=17 (full 2):
 PSYoungGen      total 25088K, used 2656K [0x00000000eab00000, 0x00000000ec680000, 0x0000000100000000)
  eden space 22016K, 0% used [0x00000000eab00000,0x00000000eab00000,0x00000000ec080000)
  from space 3072K, 86% used [0x00000000ec080000,0x00000000ec318010,0x00000000ec380000)
  to   space 3072K, 0% used [0x00000000ec380000,0x00000000ec380000,0x00000000ec680000)
 ParOldGen       total 68608K, used 25288K [0x00000000c0000000, 0x00000000c4300000, 0x00000000eab00000)
  object space 68608K, 36% used [0x00000000c0000000,0x00000000c18b22b8,0x00000000c4300000)
 Metaspace       used 36776K, committed 37568K, reserved 1114112K
  class space    used 3743K, committed 4096K, reserved 1048576K
}
Event: 3.356 GC heap before
{Heap before GC invocations=18 (full 2):
 PSYoungGen      total 25088K, used 24672K [0x00000000eab00000, 0x00000000ec680000, 0x0000000100000000)
  eden space 22016K, 100% used [0x00000000eab00000,0x00000000ec080000,0x00000000ec080000)
  from space 3072K, 86% used [0x00000000ec080000,0x00000000ec318010,0x00000000ec380000)
  to   space 3072K, 0% used [0x00000000ec380000,0x00000000ec380000,0x00000000ec680000)
 ParOldGen       total 68608K, used 25288K [0x00000000c0000000, 0x00000000c4300000, 0x00000000eab00000)
  object space 68608K, 36% used [0x00000000c0000000,0x00000000c18b22b8,0x00000000c4300000)
 Metaspace       used 36776K, committed 37568K, reserved 1114112K
  class space    used 3743K, committed 4096K, reserved 1048576K
}
Event: 3.360 GC heap after
{Heap after GC invocations=18 (full 2):
 PSYoungGen      total 24576K, used 2400K [0x00000000eab00000, 0x00000000ec600000, 0x0000000100000000)
  eden space 22016K, 0% used [0x00000000eab00000,0x00000000eab00000,0x00000000ec080000)
  from space 2560K, 93% used [0x00000000ec380000,0x00000000ec5d8000,0x00000000ec600000)
  to   space 2560K, 0% used [0x00000000ec100000,0x00000000ec100000,0x00000000ec380000)
 ParOldGen       total 68608K, used 27816K [0x00000000c0000000, 0x00000000c4300000, 0x00000000eab00000)
  object space 68608K, 40% used [0x00000000c0000000,0x00000000c1b2a2c8,0x00000000c4300000)
 Metaspace       used 36776K, committed 37568K, reserved 1114112K
  class space    used 3743K, committed 4096K, reserved 1048576K
}

Dll operation events (10 events):
Event: 0.010 Loaded shared library c:\Users\Admin\.vscode\extensions\redhat.java-1.21.0-win32-x64\jre\17.0.7-win32-x86_64\bin\java.dll
Event: 0.153 Loaded shared library c:\Users\Admin\.vscode\extensions\redhat.java-1.21.0-win32-x64\jre\17.0.7-win32-x86_64\bin\zip.dll
Event: 0.155 Loaded shared library C:\Users\Admin\.vscode\extensions\redhat.java-1.21.0-win32-x64\jre\17.0.7-win32-x86_64\bin\instrument.dll
Event: 0.165 Loaded shared library C:\Users\Admin\.vscode\extensions\redhat.java-1.21.0-win32-x64\jre\17.0.7-win32-x86_64\bin\net.dll
Event: 0.167 Loaded shared library C:\Users\Admin\.vscode\extensions\redhat.java-1.21.0-win32-x64\jre\17.0.7-win32-x86_64\bin\nio.dll
Event: 0.173 Loaded shared library C:\Users\Admin\.vscode\extensions\redhat.java-1.21.0-win32-x64\jre\17.0.7-win32-x86_64\bin\zip.dll
Event: 0.184 Loaded shared library C:\Users\Admin\.vscode\extensions\redhat.java-1.21.0-win32-x64\jre\17.0.7-win32-x86_64\bin\jimage.dll
Event: 0.223 Loaded shared library c:\Users\Admin\.vscode\extensions\redhat.java-1.21.0-win32-x64\jre\17.0.7-win32-x86_64\bin\verify.dll
Event: 0.973 Loaded shared library C:\Users\Admin\AppData\Roaming\Code\User\globalStorage\redhat.java\1.21.0\config_ss_win\org.eclipse.equinox.launcher\org.eclipse.equinox.launcher.win32.win32.x86_64_1.2.700.v20221108-1024\eclipse_11801.dll
Event: 2.566 Loaded shared library C:\Users\Admin\AppData\Local\Temp\jna-63116079\jna9150881366943863332.dll

Deoptimization events (20 events):
Event: 17.228 Thread 0x000001d1e072e570 Uncommon trap: trap_request=0xffffff45 fr.pc=0x000001d1cf119a30 relative=0x0000000000000190
Event: 17.228 Thread 0x000001d1e072e570 Uncommon trap: reason=unstable_if action=reinterpret pc=0x000001d1cf119a30 method=jdk.internal.org.objectweb.asm.Frame.push(I)V @ 26 c2
Event: 17.228 Thread 0x000001d1e072e570 DEOPT PACKING pc=0x000001d1cf119a30 sp=0x0000008ef20fd2c0
Event: 17.228 Thread 0x000001d1e072e570 DEOPT UNPACKING pc=0x000001d1ce889ea3 sp=0x0000008ef20fd258 mode 2
Event: 17.235 Thread 0x000001d1e072ea40 Uncommon trap: trap_request=0xffffffc6 fr.pc=0x000001d1cf2099c4 relative=0x0000000000004364
Event: 17.236 Thread 0x000001d1e072ea40 Uncommon trap: reason=bimorphic_or_optimized_type_check action=maybe_recompile pc=0x000001d1cf2099c4 method=org.eclipse.core.internal.watson.ElementTreeIterator.doIteration(Lorg/eclipse/core/internal/dtree/DataTreeNode;Lorg/eclipse/core/internal/watson/IE
Event: 17.236 Thread 0x000001d1e072ea40 DEOPT PACKING pc=0x000001d1cf2099c4 sp=0x0000008ef1afe680
Event: 17.236 Thread 0x000001d1e072ea40 DEOPT UNPACKING pc=0x000001d1ce889ea3 sp=0x0000008ef1afe690 mode 2
Event: 17.236 Thread 0x000001d1e072ea40 Uncommon trap: trap_request=0xffffffc6 fr.pc=0x000001d1cf2099c4 relative=0x0000000000004364
Event: 17.236 Thread 0x000001d1e072ea40 Uncommon trap: reason=bimorphic_or_optimized_type_check action=maybe_recompile pc=0x000001d1cf2099c4 method=org.eclipse.core.internal.watson.ElementTreeIterator.doIteration(Lorg/eclipse/core/internal/dtree/DataTreeNode;Lorg/eclipse/core/internal/watson/IE
Event: 17.236 Thread 0x000001d1e072ea40 DEOPT PACKING pc=0x000001d1cf2099c4 sp=0x0000008ef1afe5f0
Event: 17.236 Thread 0x000001d1e072ea40 DEOPT UNPACKING pc=0x000001d1ce889ea3 sp=0x0000008ef1afe600 mode 2
Event: 17.236 Thread 0x000001d1e072ea40 Uncommon trap: trap_request=0xffffffc6 fr.pc=0x000001d1cf2099c4 relative=0x0000000000004364
Event: 17.236 Thread 0x000001d1e072ea40 Uncommon trap: reason=bimorphic_or_optimized_type_check action=maybe_recompile pc=0x000001d1cf2099c4 method=org.eclipse.core.internal.watson.ElementTreeIterator.doIteration(Lorg/eclipse/core/internal/dtree/DataTreeNode;Lorg/eclipse/core/internal/watson/IE
Event: 17.236 Thread 0x000001d1e072ea40 DEOPT PACKING pc=0x000001d1cf2099c4 sp=0x0000008ef1afe5f0
Event: 17.236 Thread 0x000001d1e072bef0 Uncommon trap: trap_request=0xffffffc6 fr.pc=0x000001d1cf2099c4 relative=0x0000000000004364
Event: 17.236 Thread 0x000001d1e072bef0 Uncommon trap: reason=bimorphic_or_optimized_type_check action=maybe_recompile pc=0x000001d1cf2099c4 method=org.eclipse.core.internal.watson.ElementTreeIterator.doIteration(Lorg/eclipse/core/internal/dtree/DataTreeNode;Lorg/eclipse/core/internal/watson/IE
Event: 17.236 Thread 0x000001d1e072bef0 DEOPT PACKING pc=0x000001d1cf2099c4 sp=0x0000008ef1bfe970
Event: 17.236 Thread 0x000001d1e072bef0 DEOPT UNPACKING pc=0x000001d1ce889ea3 sp=0x0000008ef1bfe980 mode 2
Event: 17.236 Thread 0x000001d1e072ea40 DEOPT UNPACKING pc=0x000001d1ce889ea3 sp=0x0000008ef1afe600 mode 2

Classes unloaded (7 events):
Event: 1.474 Thread 0x000001d1c481dc10 Unloading class 0x000000010021b000 'java/lang/invoke/LambdaForm$MH+0x000000010021b000'
Event: 1.474 Thread 0x000001d1c481dc10 Unloading class 0x000000010021ac00 'java/lang/invoke/LambdaForm$MH+0x000000010021ac00'
Event: 1.474 Thread 0x000001d1c481dc10 Unloading class 0x000000010021a800 'java/lang/invoke/LambdaForm$MH+0x000000010021a800'
Event: 1.474 Thread 0x000001d1c481dc10 Unloading class 0x000000010021a400 'java/lang/invoke/LambdaForm$MH+0x000000010021a400'
Event: 1.474 Thread 0x000001d1c481dc10 Unloading class 0x000000010021a000 'java/lang/invoke/LambdaForm$BMH+0x000000010021a000'
Event: 1.474 Thread 0x000001d1c481dc10 Unloading class 0x0000000100219c00 'java/lang/invoke/LambdaForm$DMH+0x0000000100219c00'
Event: 1.474 Thread 0x000001d1c481dc10 Unloading class 0x0000000100215000 'java/lang/invoke/LambdaForm$DMH+0x0000000100215000'

Classes redefined (0 events):
No events

Internal exceptions (20 events):
Event: 2.627 Thread 0x000001d1e03a5410 Exception <a 'java/io/FileNotFoundException'{0x00000000eac8bbf0}> (0x00000000eac8bbf0) 
thrown [s\src\hotspot\share\prims\jni.cpp, line 516]
Event: 2.640 Thread 0x000001d1e03a5410 Exception <a 'java/io/FileNotFoundException'{0x00000000eacff420}> (0x00000000eacff420) 
thrown [s\src\hotspot\share\prims\jni.cpp, line 516]
Event: 2.656 Thread 0x000001d1e03a5410 Exception <a 'java/lang/UnsatisfiedLinkError'{0x00000000ead8bab8}: The specified procedure could not be found.
> (0x00000000ead8bab8) 
thrown [s\src\hotspot\share\prims\jni.cpp, line 535]
Event: 2.691 Thread 0x000001d1c475dcb0 Exception <a 'java/lang/NoSuchMethodError'{0x00000000eaf7b0a8}: 'java.lang.Object java.lang.invoke.DirectMethodHandle$Holder.invokeStatic(java.lang.Object, java.lang.Object, long, java.lang.Object)'> (0x00000000eaf7b0a8) 
thrown [s\src\hotspot\share\interpreter\linkResolver.cpp, line 759]
Event: 2.691 Thread 0x000001d1c475dcb0 Exception <a 'java/lang/NoSuchMethodError'{0x00000000eaf7ed88}: 'java.lang.Object java.lang.invoke.DirectMethodHandle$Holder.invokeStaticInit(java.lang.Object, java.lang.Object, long, java.lang.Object)'> (0x00000000eaf7ed88) 
thrown [s\src\hotspot\share\interpreter\linkResolver.cpp, line 759]
Event: 2.692 Thread 0x000001d1c475dcb0 Exception <a 'java/lang/NoSuchMethodError'{0x00000000eaf855e0}: 'java.lang.Object java.lang.invoke.DirectMethodHandle$Holder.newInvokeSpecial(java.lang.Object, java.lang.Object, long)'> (0x00000000eaf855e0) 
thrown [s\src\hotspot\share\interpreter\linkResolver.cpp, line 759]
Event: 2.739 Thread 0x000001d1c475dcb0 Exception <a 'java/lang/NoSuchMethodError'{0x00000000eb132200}: 'void java.lang.invoke.DirectMethodHandle$Holder.invokeStatic(java.lang.Object, java.lang.Object, java.lang.Object, java.lang.Object)'> (0x00000000eb132200) 
thrown [s\src\hotspot\share\interpreter\linkResolver.cpp, line 759]
Event: 2.820 Thread 0x000001d1c475dcb0 Exception <a 'java/lang/NoSuchMethodError'{0x00000000eb954fc8}: 'void java.lang.invoke.DirectMethodHandle$Holder.invokeSpecial(java.lang.Object, java.lang.Object, java.lang.Object, java.lang.Object, java.lang.Object, java.lang.Object)'> (0x00000000eb954fc8) 
thrown [s\src\hotspot\share\interpreter\linkResolver.cpp, line 759]
Event: 2.821 Thread 0x000001d1c475dcb0 Exception <a 'java/lang/IncompatibleClassChangeError'{0x00000000eb95eae8}: Found class java.lang.Object, but interface was expected> (0x00000000eb95eae8) 
thrown [s\src\hotspot\share\interpreter\linkResolver.cpp, line 826]
Event: 2.883 Thread 0x000001d1e072d230 Exception <a 'java/io/FileNotFoundException'{0x00000000ebf20418}> (0x00000000ebf20418) 
thrown [s\src\hotspot\share\prims\jni.cpp, line 516]
Event: 2.897 Thread 0x000001d1e072d230 Exception <a 'sun/nio/fs/WindowsException'{0x00000000ec0996b0}> (0x00000000ec0996b0) 
thrown [s\src\hotspot\share\prims\jni.cpp, line 516]
Event: 2.899 Thread 0x000001d1e0893b80 Exception <a 'java/io/FileNotFoundException'{0x00000000ec0b0978}> (0x00000000ec0b0978) 
thrown [s\src\hotspot\share\prims\jni.cpp, line 516]
Event: 2.899 Thread 0x000001d1e0893b80 Exception <a 'java/io/FileNotFoundException'{0x00000000ec0b1978}> (0x00000000ec0b1978) 
thrown [s\src\hotspot\share\prims\jni.cpp, line 516]
Event: 2.954 Thread 0x000001d1e072e570 Exception <a 'java/lang/NoSuchMethodError'{0x00000000ead17e70}: 'java.lang.Object java.lang.invoke.Invokers$Holder.invoke_MT(java.lang.Object, java.lang.Object, java.lang.Object)'> (0x00000000ead17e70) 
thrown [s\src\hotspot\share\interpreter\linkResolver.cpp, line 759]
Event: 3.104 Thread 0x000001d1e072e570 Exception <a 'java/io/FileNotFoundException'{0x00000000eb0d3b90}> (0x00000000eb0d3b90) 
thrown [s\src\hotspot\share\prims\jni.cpp, line 516]
Event: 3.104 Thread 0x000001d1e072e570 Exception <a 'java/io/FileNotFoundException'{0x00000000eb0d50d0}> (0x00000000eb0d50d0) 
thrown [s\src\hotspot\share\prims\jni.cpp, line 516]
Event: 3.105 Thread 0x000001d1e072e570 Exception <a 'java/lang/NoSuchMethodError'{0x00000000eb0e12a0}: 'void java.lang.invoke.DirectMethodHandle$Holder.invokeStaticInit(java.lang.Object, java.lang.Object, java.lang.Object)'> (0x00000000eb0e12a0) 
thrown [s\src\hotspot\share\interpreter\linkResolver.cpp, line 759]
Event: 17.228 Thread 0x000001d1e072e570 Exception <a 'java/lang/NoSuchMethodError'{0x00000000ebd0d0d8}: 'java.lang.Object java.lang.invoke.DirectMethodHandle$Holder.newInvokeSpecial(java.lang.Object, java.lang.Object, java.lang.Object, java.lang.Object, java.lang.Object, java.lang.Object, java.lang.Object, java.lang.Object, java.lang.Object, java.lang.Object)'> (0x00000000ebd0d0d8) 
thrown [s\src\hotspot\share\interpreter\linkResolver.cpp, line 759]
Event: 17.229 Thread 0x000001d1e072e570 Exception <a 'java/lang/NoSuchMethodError'{0x00000000ebd11dc8}: 'java.lang.Object java.lang.invoke.DirectMethodHandle$Holder.invokeSpecial(java.lang.Object, java.lang.Object, java.lang.Object, java.lang.Object, java.lang.Object, java.lang.Object, java.lang.Object, java.lang.Object, java.lang.Object, java.lang.Object, java.lang.Object)'> (0x00000000ebd11dc8) 
thrown [s\src\hotspot\share\interpreter\linkResolver.cpp, line 759]
Event: 17.229 Thread 0x000001d1e072e570 Exception <a 'java/lang/NoSuchMethodError'{0x00000000ebd162d8}: 'java.lang.Object java.lang.invoke.Invokers$Holder.linkToTargetMethod(java.lang.Object, java.lang.Object, java.lang.Object, java.lang.Object, java.lang.Object, java.lang.Object, java.lang.Object, java.lang.Object, java.lang.Object, java.lang.Object)'> (0x00000000ebd162d8) 
thrown [s\src\hotspot\share\interpreter\linkResolver.cpp, line 759]

VM Operations (20 events):
Event: 3.161 Executing VM operation: ParallelGCFailedAllocation
Event: 3.164 Executing VM operation: ParallelGCFailedAllocation done
Event: 3.209 Executing VM operation: ParallelGCFailedAllocation
Event: 3.211 Executing VM operation: ParallelGCFailedAllocation done
Event: 3.273 Executing VM operation: ParallelGCFailedAllocation
Event: 3.275 Executing VM operation: ParallelGCFailedAllocation done
Event: 3.314 Executing VM operation: ParallelGCFailedAllocation
Event: 3.316 Executing VM operation: ParallelGCFailedAllocation done
Event: 3.356 Executing VM operation: ParallelGCFailedAllocation
Event: 3.360 Executing VM operation: ParallelGCFailedAllocation done
Event: 3.398 Executing VM operation: HandshakeAllThreads
Event: 3.398 Executing VM operation: HandshakeAllThreads done
Event: 4.405 Executing VM operation: Cleanup
Event: 4.405 Executing VM operation: Cleanup done
Event: 7.418 Executing VM operation: Cleanup
Event: 7.419 Executing VM operation: Cleanup done
Event: 17.129 Executing VM operation: HandshakeAllThreads
Event: 17.129 Executing VM operation: HandshakeAllThreads done
Event: 17.129 Executing VM operation: Cleanup
Event: 17.129 Executing VM operation: Cleanup done

Events (20 events):
Event: 17.119 loading class java/util/stream/Nodes$ConcNode
Event: 17.119 loading class java/util/stream/Nodes$AbstractConcNode
Event: 17.119 loading class java/util/stream/Nodes$AbstractConcNode done
Event: 17.119 loading class java/util/stream/Nodes$ConcNode done
Event: 17.120 Thread 0x000001d1e072ef10 Thread added: 0x000001d1e072ef10
Event: 17.122 loading class java/util/stream/Nodes$ToArrayTask$OfRef
Event: 17.123 loading class java/util/stream/Nodes$ToArrayTask
Event: 17.124 loading class java/util/stream/Nodes$ToArrayTask done
Event: 17.124 loading class java/util/stream/Nodes$ToArrayTask$OfRef done
Event: 17.124 Thread 0x000001d1e072ef10 Thread exited: 0x000001d1e072ef10
Event: 17.124 Thread 0x000001d1e072f8b0 Thread exited: 0x000001d1e072f8b0
Event: 17.133 Thread 0x000001d1e14bde30 Thread added: 0x000001d1e14bde30
Event: 17.134 Thread 0x000001d1e14bd920 Thread added: 0x000001d1e14bd920
Event: 17.156 Thread 0x000001d1e14ba680 Thread added: 0x000001d1e14ba680
Event: 17.233 Thread 0x000001d1e072ea40 Thread added: 0x000001d1e072ea40
Event: 17.234 Thread 0x000001d1e072bef0 Thread added: 0x000001d1e072bef0
Event: 17.238 Thread 0x000001d1e072dbd0 Thread added: 0x000001d1e072dbd0
Event: 17.259 Thread 0x000001d1e072dbd0 Thread exited: 0x000001d1e072dbd0
Event: 17.259 Thread 0x000001d1e072ea40 Thread exited: 0x000001d1e072ea40
Event: 17.259 Thread 0x000001d1e072bef0 Thread exited: 0x000001d1e072bef0


Dynamic libraries:
0x00007ff643ae0000 - 0x00007ff643aee000 	c:\Users\Admin\.vscode\extensions\redhat.java-1.21.0-win32-x64\jre\17.0.7-win32-x86_64\bin\java.exe
0x00007ffbde910000 - 0x00007ffbdeb24000 	C:\WINDOWS\SYSTEM32\ntdll.dll
0x00007ffbde620000 - 0x00007ffbde6e2000 	C:\WINDOWS\System32\KERNEL32.DLL
0x00007ffbdbd80000 - 0x00007ffbdc123000 	C:\WINDOWS\System32\KERNELBASE.dll
0x00007ffbdc3a0000 - 0x00007ffbdc4b1000 	C:\WINDOWS\System32\ucrtbase.dll
0x00007ffbb3e90000 - 0x00007ffbb3ea7000 	c:\Users\Admin\.vscode\extensions\redhat.java-1.21.0-win32-x64\jre\17.0.7-win32-x86_64\bin\jli.dll
0x00007ffbde2b0000 - 0x00007ffbde45a000 	C:\WINDOWS\System32\USER32.dll
0x00007ffbdc130000 - 0x00007ffbdc156000 	C:\WINDOWS\System32\win32u.dll
0x00007ffbde6f0000 - 0x00007ffbde719000 	C:\WINDOWS\System32\GDI32.dll
0x00007ffbdc1e0000 - 0x00007ffbdc2f9000 	C:\WINDOWS\System32\gdi32full.dll
0x00007ffbdc300000 - 0x00007ffbdc39a000 	C:\WINDOWS\System32\msvcp_win.dll
0x00007ffbb2960000 - 0x00007ffbb2979000 	c:\Users\Admin\.vscode\extensions\redhat.java-1.21.0-win32-x64\jre\17.0.7-win32-x86_64\bin\VCRUNTIME140.dll
0x00007ffbb4090000 - 0x00007ffbb431e000 	C:\WINDOWS\WinSxS\amd64_microsoft.windows.common-controls_6595b64144ccf1df_6.0.22621.1635_none_270f70857386168e\COMCTL32.dll
0x00007ffbde820000 - 0x00007ffbde8c7000 	C:\WINDOWS\System32\msvcrt.dll
0x00007ffbddca0000 - 0x00007ffbddcd1000 	C:\WINDOWS\System32\IMM32.DLL
0x00007ffbd6e40000 - 0x00007ffbd6e4c000 	c:\Users\Admin\.vscode\extensions\redhat.java-1.21.0-win32-x64\jre\17.0.7-win32-x86_64\bin\vcruntime140_1.dll
0x00007ffb9e3a0000 - 0x00007ffb9e431000 	c:\Users\Admin\.vscode\extensions\redhat.java-1.21.0-win32-x64\jre\17.0.7-win32-x86_64\bin\msvcp140.dll
0x00007ffb41fe0000 - 0x00007ffb42c28000 	c:\Users\Admin\.vscode\extensions\redhat.java-1.21.0-win32-x64\jre\17.0.7-win32-x86_64\bin\server\jvm.dll
0x00007ffbdde90000 - 0x00007ffbddf3e000 	C:\WINDOWS\System32\ADVAPI32.dll
0x00007ffbde570000 - 0x00007ffbde614000 	C:\WINDOWS\System32\sechost.dll
0x00007ffbde190000 - 0x00007ffbde2a7000 	C:\WINDOWS\System32\RPCRT4.dll
0x00007ffbd6430000 - 0x00007ffbd6439000 	C:\WINDOWS\SYSTEM32\WSOCK32.dll
0x00007ffbd3ee0000 - 0x00007ffbd3f14000 	C:\WINDOWS\SYSTEM32\WINMM.dll
0x00007ffbdd430000 - 0x00007ffbdd4a1000 	C:\WINDOWS\System32\WS2_32.dll
0x00007ffbd5550000 - 0x00007ffbd555a000 	C:\WINDOWS\SYSTEM32\VERSION.dll
0x00007ffbdadb0000 - 0x00007ffbdadc8000 	C:\WINDOWS\SYSTEM32\kernel.appcore.dll
0x00007ffbd66d0000 - 0x00007ffbd66da000 	c:\Users\Admin\.vscode\extensions\redhat.java-1.21.0-win32-x64\jre\17.0.7-win32-x86_64\bin\jimage.dll
0x00007ffbd96a0000 - 0x00007ffbd98ce000 	C:\WINDOWS\SYSTEM32\DBGHELP.DLL
0x00007ffbdd850000 - 0x00007ffbddbd9000 	C:\WINDOWS\System32\combase.dll
0x00007ffbddce0000 - 0x00007ffbdddb7000 	C:\WINDOWS\System32\OLEAUT32.dll
0x00007ffbc0bf0000 - 0x00007ffbc0c22000 	C:\WINDOWS\SYSTEM32\dbgcore.DLL
0x00007ffbdc160000 - 0x00007ffbdc1da000 	C:\WINDOWS\System32\bcryptPrimitives.dll
0x00007ffbce730000 - 0x00007ffbce73e000 	c:\Users\Admin\.vscode\extensions\redhat.java-1.21.0-win32-x64\jre\17.0.7-win32-x86_64\bin\instrument.dll
0x00007ffbb2440000 - 0x00007ffbb2465000 	c:\Users\Admin\.vscode\extensions\redhat.java-1.21.0-win32-x64\jre\17.0.7-win32-x86_64\bin\java.dll
0x00007ffbaabe0000 - 0x00007ffbaabf8000 	c:\Users\Admin\.vscode\extensions\redhat.java-1.21.0-win32-x64\jre\17.0.7-win32-x86_64\bin\zip.dll
0x00007ffbdcc30000 - 0x00007ffbdd429000 	C:\WINDOWS\System32\SHELL32.dll
0x00007ffbd9cb0000 - 0x00007ffbda57e000 	C:\WINDOWS\SYSTEM32\windows.storage.dll
0x00007ffbd9b70000 - 0x00007ffbd9cae000 	C:\WINDOWS\SYSTEM32\wintypes.dll
0x00007ffbde720000 - 0x00007ffbde811000 	C:\WINDOWS\System32\SHCORE.dll
0x00007ffbdddc0000 - 0x00007ffbdde1e000 	C:\WINDOWS\System32\shlwapi.dll
0x00007ffbdbc40000 - 0x00007ffbdbc66000 	C:\WINDOWS\SYSTEM32\profapi.dll
0x00007ffbaabc0000 - 0x00007ffbaabd9000 	C:\Users\Admin\.vscode\extensions\redhat.java-1.21.0-win32-x64\jre\17.0.7-win32-x86_64\bin\net.dll
0x00007ffbd5080000 - 0x00007ffbd51b7000 	C:\WINDOWS\SYSTEM32\WINHTTP.dll
0x00007ffbdb2a0000 - 0x00007ffbdb309000 	C:\WINDOWS\system32\mswsock.dll
0x00007ffba3920000 - 0x00007ffba3935000 	C:\Users\Admin\.vscode\extensions\redhat.java-1.21.0-win32-x64\jre\17.0.7-win32-x86_64\bin\nio.dll
0x00007ffbcaa00000 - 0x00007ffbcaa10000 	c:\Users\Admin\.vscode\extensions\redhat.java-1.21.0-win32-x64\jre\17.0.7-win32-x86_64\bin\verify.dll
0x00007ffba38e0000 - 0x00007ffba391e000 	C:\Users\Admin\AppData\Roaming\Code\User\globalStorage\redhat.java\1.21.0\config_ss_win\org.eclipse.equinox.launcher\org.eclipse.equinox.launcher.win32.win32.x86_64_1.2.700.v20221108-1024\eclipse_11801.dll
0x00007ffbddf40000 - 0x00007ffbde0dc000 	C:\WINDOWS\System32\ole32.dll
0x00007ffbdb520000 - 0x00007ffbdb53b000 	C:\WINDOWS\SYSTEM32\CRYPTSP.dll
0x00007ffbdacf0000 - 0x00007ffbdad25000 	C:\WINDOWS\system32\rsaenh.dll
0x00007ffbdb3c0000 - 0x00007ffbdb3ec000 	C:\WINDOWS\SYSTEM32\USERENV.dll
0x00007ffbdb6c0000 - 0x00007ffbdb6e8000 	C:\WINDOWS\SYSTEM32\bcrypt.dll
0x00007ffbdb540000 - 0x00007ffbdb54c000 	C:\WINDOWS\SYSTEM32\CRYPTBASE.dll
0x00007ffbda7e0000 - 0x00007ffbda80d000 	C:\WINDOWS\SYSTEM32\IPHLPAPI.DLL
0x00007ffbddc90000 - 0x00007ffbddc99000 	C:\WINDOWS\System32\NSI.dll
0x00007ffbd5560000 - 0x00007ffbd5579000 	C:\WINDOWS\SYSTEM32\dhcpcsvc6.DLL
0x00007ffbd5060000 - 0x00007ffbd507f000 	C:\WINDOWS\SYSTEM32\dhcpcsvc.DLL
0x00007ffbda850000 - 0x00007ffbda943000 	C:\WINDOWS\SYSTEM32\DNSAPI.dll
0x00007ffb87680000 - 0x00007ffb876c5000 	C:\Users\Admin\AppData\Local\Temp\jna-63116079\jna9150881366943863332.dll
0x00007ffbde460000 - 0x00007ffbde468000 	C:\WINDOWS\System32\PSAPI.DLL
0x00007ffbdae20000 - 0x00007ffbdae54000 	C:\WINDOWS\SYSTEM32\ntmarta.dll

dbghelp: loaded successfully - version: 4.0.5 - missing functions: none
symbol engine: initialized successfully - sym options: 0x614 - pdb path: .;c:\Users\Admin\.vscode\extensions\redhat.java-1.21.0-win32-x64\jre\17.0.7-win32-x86_64\bin;C:\WINDOWS\SYSTEM32;C:\WINDOWS\WinSxS\amd64_microsoft.windows.common-controls_6595b64144ccf1df_6.0.22621.1635_none_270f70857386168e;c:\Users\Admin\.vscode\extensions\redhat.java-1.21.0-win32-x64\jre\17.0.7-win32-x86_64\bin\server;C:\Users\Admin\AppData\Roaming\Code\User\globalStorage\redhat.java\1.21.0\config_ss_win\org.eclipse.equinox.launcher\org.eclipse.equinox.launcher.win32.win32.x86_64_1.2.700.v20221108-1024;C:\Users\Admin\AppData\Local\Temp\jna-63116079

VM Arguments:
jvm_args: --add-modules=ALL-SYSTEM --add-opens=java.base/java.util=ALL-UNNAMED --add-opens=java.base/java.lang=ALL-UNNAMED --add-opens=java.base/sun.nio.fs=ALL-UNNAMED -Declipse.application=org.eclipse.jdt.ls.core.id1 -Dosgi.bundles.defaultStartLevel=4 -Declipse.product=org.eclipse.jdt.ls.core.product -Djava.import.generatesMetadataFilesAtProjectRoot=false -Dfile.encoding=utf8 -XX:+UseParallelGC -XX:GCTimeRatio=4 -XX:AdaptiveSizePolicyWeight=90 -Dsun.zip.disableMemoryMapping=true -Xmx1G -Xms100m -Xlog:disable -javaagent:c:\Users\Admin\.vscode\extensions\redhat.java-1.21.0-win32-x64\lombok\lombok-1.18.28.jar 
java_command: c:\Users\Admin\.vscode\extensions\redhat.java-1.21.0-win32-x64\server\plugins\org.eclipse.equinox.launcher_1.6.500.v20230717-2134.jar -configuration c:\Users\Admin\AppData\Roaming\Code\User\globalStorage\redhat.java\1.21.0\config_ss_win -data c:\Users\Admin\AppData\Roaming\Code\User\workspaceStorage\e7c62a26f5fb9af6089d468b08576148\redhat.java\ss_ws
java_class_path (initial): c:\Users\Admin\.vscode\extensions\redhat.java-1.21.0-win32-x64\server\plugins\org.eclipse.equinox.launcher_1.6.500.v20230717-2134.jar
Launcher Type: SUN_STANDARD

[Global flags]
    uintx AdaptiveSizePolicyWeight                 = 90                                        {product} {command line}
     intx CICompilerCount                          = 12                                        {product} {ergonomic}
    uintx GCTimeRatio                              = 4                                         {product} {command line}
   size_t InitialHeapSize                          = 104857600                                 {product} {command line}
   size_t MaxHeapSize                              = 1073741824                                {product} {command line}
   size_t MaxNewSize                               = 357564416                                 {product} {ergonomic}
   size_t MinHeapDeltaBytes                        = 524288                                    {product} {ergonomic}
   size_t MinHeapSize                              = 104857600                                 {product} {command line}
   size_t NewSize                                  = 34603008                                  {product} {ergonomic}
    uintx NonNMethodCodeHeapSize                   = 7602480                                {pd product} {ergonomic}
    uintx NonProfiledCodeHeapSize                  = 122027880                              {pd product} {ergonomic}
   size_t OldSize                                  = 70254592                                  {product} {ergonomic}
    uintx ProfiledCodeHeapSize                     = 122027880                              {pd product} {ergonomic}
    uintx ReservedCodeCacheSize                    = 251658240                              {pd product} {ergonomic}
     bool SegmentedCodeCache                       = true                                      {product} {ergonomic}
   size_t SoftMaxHeapSize                          = 1073741824                             {manageable} {ergonomic}
     bool UseCompressedClassPointers               = true                           {product lp64_product} {ergonomic}
     bool UseCompressedOops                        = true                           {product lp64_product} {ergonomic}
     bool UseLargePagesIndividualAllocation        = false                                  {pd product} {ergonomic}
     bool UseParallelGC                            = true                                      {product} {command line}

Logging:
Log output configuration:
 #0: stdout all=off uptime,level,tags
 #1: stderr all=off uptime,level,tags

Environment Variables:
JAVA_HOME=C:\Program Files\Java\jdk-14.0.2
PATH=C:\Program Files\Python310\Scripts\;C:\Program Files\Python310\;C:\Program Files\Python38\Scripts\;C:\Program Files\Python38\;C:\WINDOWS\system32;C:\WINDOWS;C:\WINDOWS\System32\Wbem;C:\WINDOWS\System32\WindowsPowerShell\v1.0\;C:\WINDOWS\System32\OpenSSH\;C:\Program Files\Microsoft SQL Server\Client SDK\ODBC\110\Tools\Binn\;C:\Program Files (x86)\Microsoft SQL Server\120\Tools\Binn\;C:\Program Files\Microsoft SQL Server\120\Tools\Binn\;C:\Program Files\Microsoft SQL Server\120\DTS\Binn\;C:\Program Files (x86)\Microsoft SQL Server\120\Tools\Binn\ManagementStudio\;C:\Program Files (x86)\Microsoft SQL Server\120\DTS\Binn\;C:\Program Files\Java\jdk-11.0.2\bin;C:\tomcat\apache-tomcat-9.0.63\bin;C:\Program Files\dotnet\;C:\Program Files\Microsoft SQL Server\150\Tools\Binn\;C:\Program Files\Microsoft SQL Server\Client SDK\ODBC\170\Tools\Binn\;C:\Program Files\nodejs\;C:\Program Files\Microsoft SQL Server\130\Tools\Binn\;C:\WINDOWS\system32;C:\WINDOWS;C:\WINDOWS\System32\Wbem;C:\WINDOWS\System32\WindowsPowerShell\v1.0\;C:\WINDOWS\System32\OpenSSH\;C:\Program Files\MongoDB\Server\5.0\bin;C:\Users\Admin\AppData\Local\Microsoft\WindowsApps;;C:\Users\Admin\AppData\Local\Programs\Microsoft VS Code\bin;C:\Users\Admin\.dotnet\tools;C:\Users\Admin\AppData\Roaming\npm
USERNAME=Admin
OS=Windows_NT
PROCESSOR_IDENTIFIER=Intel64 Family 6 Model 141 Stepping 1, GenuineIntel
TMP=C:\Users\Admin\AppData\Local\Temp
TEMP=C:\Users\Admin\AppData\Local\Temp



---------------  S Y S T E M  ---------------

OS:
 Windows 11 , 64 bit Build 22621 (10.0.22621.1928)
OS uptime: 1 days 9:37 hours
Hyper-V role detected

CPU: total 16 (initial active 16) (8 cores per cpu, 2 threads per core) family 6 model 141 stepping 1 microcode 0x32, cx8, cmov, fxsr, ht, mmx, 3dnowpref, sse, sse2, sse3, ssse3, sse4.1, sse4.2, popcnt, lzcnt, tsc, tscinvbit, avx, avx2, aes, erms, clmul, bmi1, bmi2, adx, avx512f, avx512dq, avx512cd, avx512bw, avx512vl, sha, fma, vzeroupper, avx512_vpopcntdq, avx512_vpclmulqdq, avx512_vaes, avx512_vnni, clflush, clflushopt, clwb, avx512_vbmi2, avx512_vbmi, hv

Memory: 4k page, system-wide physical 16085M (2619M free)
TotalPageFile size 18133M (AvailPageFile size 3M)
current process WorkingSet (physical memory assigned to process): 176M, peak: 260M
current process commit charge ("private bytes"): 281M, peak: 359M

vm_info: OpenJDK 64-Bit Server VM (17.0.7+7) for windows-amd64 JRE (17.0.7+7), built on Apr 18 2023 22:10:42 by "temurin" with MS VC++ 16.7 (VS2019)

END.
