#
# There is insufficient memory for the Java Runtime Environment to continue.
# Native memory allocation (malloc) failed to allocate 734656 bytes for Chunk::new
# Possible reasons:
#   The system is out of physical RAM or swap space
#   The process is running with CompressedOops enabled, and the Java Heap may be blocking the growth of the native heap
# Possible solutions:
#   Reduce memory load on the system
#   Increase physical memory or swap space
#   Check if swap backing store is full
#   Decrease Java heap size (-Xmx/-Xms)
#   Decrease number of Java threads
#   Decrease Java thread stack sizes (-Xss)
#   Set larger code cache with -XX:ReservedCodeCacheSize=
#   JVM is running with Unscaled Compressed Oops mode in which the Java heap is
#     placed in the first 4GB address space. The Java Heap base address is the
#     maximum limit for the native heap growth. Please use -XX:HeapBaseMinAddress
#     to set the Java Heap base and to place the Java Heap above 4GB virtual address.
# This output file may be truncated or incomplete.
#
#  Out of Memory Error (arena.cpp:189), pid=13200, tid=16404
#
# JRE version: OpenJDK Runtime Environment Temurin-17.0.7+7 (17.0.7+7) (build 17.0.7+7)
# Java VM: OpenJDK 64-Bit Server VM Temurin-17.0.7+7 (17.0.7+7, mixed mode, tiered, compressed oops, compressed class ptrs, parallel gc, windows-amd64)
# No core dump will be written. Minidumps are not enabled by default on client versions of Windows
#

---------------  S U M M A R Y ------------

Command Line: --add-modules=ALL-SYSTEM --add-opens=java.base/java.util=ALL-UNNAMED --add-opens=java.base/java.lang=ALL-UNNAMED --add-opens=java.base/sun.nio.fs=ALL-UNNAMED -Declipse.application=org.eclipse.jdt.ls.core.id1 -Dosgi.bundles.defaultStartLevel=4 -Declipse.product=org.eclipse.jdt.ls.core.product -Djava.import.generatesMetadataFilesAtProjectRoot=false -Dfile.encoding=utf8 -XX:+UseParallelGC -XX:GCTimeRatio=4 -XX:AdaptiveSizePolicyWeight=90 -Dsun.zip.disableMemoryMapping=true -Xmx1G -Xms100m -Xlog:disable -javaagent:c:\Users\Admin\.vscode\extensions\redhat.java-1.21.0-win32-x64\lombok\lombok-1.18.28.jar -XX:+HeapDumpOnOutOfMemoryError -XX:HeapDumpPath=c:\Users\Admin\AppData\Roaming\Code\User\workspaceStorage\e7c62a26f5fb9af6089d468b08576148\redhat.java -Daether.dependencyCollector.impl=bf c:\Users\Admin\.vscode\extensions\redhat.java-1.21.0-win32-x64\server\plugins\org.eclipse.equinox.launcher_1.6.500.v20230717-2134.jar -configuration c:\Users\Admin\AppData\Roaming\Code\User\globalStorage\redhat.java\1.21.0\config_win -data c:\Users\Admin\AppData\Roaming\Code\User\workspaceStorage\e7c62a26f5fb9af6089d468b08576148\redhat.java\jdt_ws

Host: 11th Gen Intel(R) Core(TM) i7-11800H @ 2.30GHz, 16 cores, 15G,  Windows 11 , 64 bit Build 22621 (10.0.22621.2070)
Time: Wed Aug 16 05:58:31 2023 SE Asia Standard Time elapsed time: 2.707402 seconds (0d 0h 0m 2s)

---------------  T H R E A D  ---------------

Current thread (0x000001eafc651840):  JavaThread "C2 CompilerThread4" daemon [_thread_in_native, id=16404, stack(0x000000d83ca00000,0x000000d83cb00000)]


Current CompileTask:
C2:   2707 4149       4       org.eclipse.osgi.internal.loader.BundleLoader::searchHooks (192 bytes)

Stack: [0x000000d83ca00000,0x000000d83cb00000]
Native frames: (J=compiled Java code, j=interpreted, Vv=VM code, C=native code)
V  [jvm.dll+0x67754a]
V  [jvm.dll+0x834304]
V  [jvm.dll+0x835aae]
V  [jvm.dll+0x836113]
V  [jvm.dll+0x24696f]
V  [jvm.dll+0xac0ac]
V  [jvm.dll+0xac67c]
V  [jvm.dll+0x2adbef]
V  [jvm.dll+0x580067]
V  [jvm.dll+0x221e72]
V  [jvm.dll+0x22224f]
V  [jvm.dll+0x21b4a5]
V  [jvm.dll+0x21895b]
V  [jvm.dll+0x1a4d8d]
V  [jvm.dll+0x2284da]
V  [jvm.dll+0x226615]
V  [jvm.dll+0x7ea90b]
V  [jvm.dll+0x7e4e7a]
V  [jvm.dll+0x676395]
C  [ucrtbase.dll+0x29363]
C  [KERNEL32.DLL+0x126ad]
C  [ntdll.dll+0x5aa68]


---------------  P R O C E S S  ---------------

Threads class SMR info:
_java_thread_list=0x000001eaf93f9350, length=36, elements={
0x000001eadd4a2dc0, 0x000001eadd5591d0, 0x000001eaf131ad60, 0x000001eadd55dfa0,
0x000001eadd55e860, 0x000001eaf666cec0, 0x000001eaf666f790, 0x000001eaf66716d0,
0x000001eaf667e9e0, 0x000001eaf667fa80, 0x000001eaf676d420, 0x000001eaf6804060,
0x000001eaf6806df0, 0x000001eaf6807300, 0x000001eaf68054a0, 0x000001eaf8542d20,
0x000001eaf88c59c0, 0x000001eaf90467e0, 0x000001eaf8f3bf80, 0x000001eaf8b4d260,
0x000001eaf95b5020, 0x000001eaf938a190, 0x000001eaf6804f90, 0x000001eaf6805ec0,
0x000001eaf93c62e0, 0x000001eaf93c5940, 0x000001eaf93c4ad0, 0x000001eaf93c4fa0,
0x000001eaf93c5e10, 0x000001eaf93c5470, 0x000001eaf9c8ff20, 0x000001eafc651840,
0x000001eafc64e090, 0x000001eaf9c8bbc0, 0x000001eafc650400, 0x000001eafc652c80
}

Java Threads: ( => current thread )
  0x000001eadd4a2dc0 JavaThread "main" [_thread_blocked, id=8632, stack(0x000000d839c00000,0x000000d839d00000)]
  0x000001eadd5591d0 JavaThread "Reference Handler" daemon [_thread_blocked, id=17952, stack(0x000000d839f00000,0x000000d83a000000)]
  0x000001eaf131ad60 JavaThread "Finalizer" daemon [_thread_blocked, id=17988, stack(0x000000d83a000000,0x000000d83a100000)]
  0x000001eadd55dfa0 JavaThread "Signal Dispatcher" daemon [_thread_blocked, id=4212, stack(0x000000d83a100000,0x000000d83a200000)]
  0x000001eadd55e860 JavaThread "Attach Listener" daemon [_thread_blocked, id=14780, stack(0x000000d83a200000,0x000000d83a300000)]
  0x000001eaf666cec0 JavaThread "Service Thread" daemon [_thread_blocked, id=4044, stack(0x000000d83a300000,0x000000d83a400000)]
  0x000001eaf666f790 JavaThread "Monitor Deflation Thread" daemon [_thread_blocked, id=15744, stack(0x000000d83a400000,0x000000d83a500000)]
  0x000001eaf66716d0 JavaThread "C2 CompilerThread0" daemon [_thread_blocked, id=22084, stack(0x000000d83a500000,0x000000d83a600000)]
  0x000001eaf667e9e0 JavaThread "C1 CompilerThread0" daemon [_thread_blocked, id=1900, stack(0x000000d83a600000,0x000000d83a700000)]
  0x000001eaf667fa80 JavaThread "Sweeper thread" daemon [_thread_blocked, id=16704, stack(0x000000d83a700000,0x000000d83a800000)]
  0x000001eaf676d420 JavaThread "Common-Cleaner" daemon [_thread_blocked, id=16820, stack(0x000000d83a800000,0x000000d83a900000)]
  0x000001eaf6804060 JavaThread "C1 CompilerThread1" daemon [_thread_blocked, id=400, stack(0x000000d83a900000,0x000000d83aa00000)]
  0x000001eaf6806df0 JavaThread "C2 CompilerThread1" daemon [_thread_blocked, id=15364, stack(0x000000d83aa00000,0x000000d83ab00000)]
  0x000001eaf6807300 JavaThread "C1 CompilerThread2" daemon [_thread_blocked, id=1424, stack(0x000000d83ac00000,0x000000d83ad00000)]
  0x000001eaf68054a0 JavaThread "C1 CompilerThread3" daemon [_thread_blocked, id=5220, stack(0x000000d83ad00000,0x000000d83ae00000)]
  0x000001eaf8542d20 JavaThread "Notification Thread" daemon [_thread_blocked, id=17216, stack(0x000000d83ae00000,0x000000d83af00000)]
  0x000001eaf88c59c0 JavaThread "Active Thread: Equinox Container: bcc3de57-661a-4dae-b2b6-5b654b4fcb7d" [_thread_blocked, id=10364, stack(0x000000d83b600000,0x000000d83b700000)]
  0x000001eaf90467e0 JavaThread "Framework Event Dispatcher: Equinox Container: bcc3de57-661a-4dae-b2b6-5b654b4fcb7d" daemon [_thread_blocked, id=9384, stack(0x000000d83b700000,0x000000d83b800000)]
  0x000001eaf8f3bf80 JavaThread "Start Level: Equinox Container: bcc3de57-661a-4dae-b2b6-5b654b4fcb7d" daemon [_thread_blocked, id=15164, stack(0x000000d83b800000,0x000000d83b900000)]
  0x000001eaf8b4d260 JavaThread "SCR Component Actor" daemon [_thread_blocked, id=22036, stack(0x000000d83b900000,0x000000d83ba00000)]
  0x000001eaf95b5020 JavaThread "SCR Component Registry" daemon [_thread_blocked, id=20620, stack(0x000000d83bc00000,0x000000d83bd00000)]
  0x000001eaf938a190 JavaThread "Worker-JM" [_thread_blocked, id=22744, stack(0x000000d83ab00000,0x000000d83ac00000)]
  0x000001eaf6804f90 JavaThread "C2 CompilerThread2" daemon [_thread_in_native, id=20716, stack(0x000000d83be00000,0x000000d83bf00000)]
  0x000001eaf6805ec0 JavaThread "C2 CompilerThread3" daemon [_thread_in_native, id=19432, stack(0x000000d83bf00000,0x000000d83c000000)]
  0x000001eaf93c62e0 JavaThread "Worker-0: Repository registry initialization" [_thread_blocked, id=16904, stack(0x000000d83c000000,0x000000d83c100000)]
  0x000001eaf93c5940 JavaThread "Worker-1: Updating Maven Dependencies" [_thread_in_vm, id=13344, stack(0x000000d83c200000,0x000000d83c300000)]
  0x000001eaf93c4ad0 JavaThread "Java indexing" daemon [_thread_blocked, id=20080, stack(0x000000d83c500000,0x000000d83c600000)]
  0x000001eaf93c4fa0 JavaThread "JNA Cleaner" daemon [_thread_blocked, id=17100, stack(0x000000d83c600000,0x000000d83c700000)]
  0x000001eaf93c5e10 JavaThread "pool-2-thread-1" [_thread_blocked, id=20460, stack(0x000000d83c700000,0x000000d83c800000)]
  0x000001eaf93c5470 JavaThread "WorkspaceEventsHandler" [_thread_blocked, id=8368, stack(0x000000d83c800000,0x000000d83c900000)]
  0x000001eaf9c8ff20 JavaThread "pool-1-thread-1" [_thread_blocked, id=11652, stack(0x000000d83c900000,0x000000d83ca00000)]
=>0x000001eafc651840 JavaThread "C2 CompilerThread4" daemon [_thread_in_native, id=16404, stack(0x000000d83ca00000,0x000000d83cb00000)]
  0x000001eafc64e090 JavaThread "C2 CompilerThread5" daemon [_thread_in_native, id=12024, stack(0x000000d83cb00000,0x000000d83cc00000)]
  0x000001eaf9c8bbc0 JavaThread "Worker-2" [_thread_blocked, id=17024, stack(0x000000d83cc00000,0x000000d83cd00000)]
  0x000001eafc650400 JavaThread "C2 CompilerThread6" daemon [_thread_in_native, id=20928, stack(0x000000d83cd00000,0x000000d83ce00000)]
  0x000001eafc652c80 JavaThread "C2 CompilerThread7" daemon [_thread_in_native, id=4980, stack(0x000000d83ce00000,0x000000d83cf00000)]

Other Threads:
  0x000001eadd558510 VMThread "VM Thread" [stack: 0x000000d839e00000,0x000000d839f00000] [id=17016]
  0x000001eaf85431f0 WatcherThread [stack: 0x000000d83af00000,0x000000d83b000000] [id=12424]
  0x000001eadd4ba140 GCTaskThread "GC Thread#0" [stack: 0x000000d839d00000,0x000000d839e00000] [id=3620]
  0x000001eaf9157360 GCTaskThread "GC Thread#1" [stack: 0x000000d83b100000,0x000000d83b200000] [id=4484]
  0x000001eaf8b6a3e0 GCTaskThread "GC Thread#2" [stack: 0x000000d83b200000,0x000000d83b300000] [id=18536]
  0x000001eaf8b6a690 GCTaskThread "GC Thread#3" [stack: 0x000000d83b300000,0x000000d83b400000] [id=3200]
  0x000001eaf8b6a940 GCTaskThread "GC Thread#4" [stack: 0x000000d83b400000,0x000000d83b500000] [id=21544]
  0x000001eaf8b6abf0 GCTaskThread "GC Thread#5" [stack: 0x000000d83b500000,0x000000d83b600000] [id=14716]
  0x000001eaf8f45c60 GCTaskThread "GC Thread#6" [stack: 0x000000d83ba00000,0x000000d83bb00000] [id=8820]
  0x000001eaf906f330 GCTaskThread "GC Thread#7" [stack: 0x000000d83bb00000,0x000000d83bc00000] [id=16160]
  0x000001eaf94c1cc0 GCTaskThread "GC Thread#8" [stack: 0x000000d83b000000,0x000000d83b100000] [id=18528]
  0x000001eaf93c6ea0 GCTaskThread "GC Thread#9" [stack: 0x000000d83bd00000,0x000000d83be00000] [id=4876]
  0x000001eaf941a030 GCTaskThread "GC Thread#10" [stack: 0x000000d83c100000,0x000000d83c200000] [id=10964]
  0x000001eaf968bad0 GCTaskThread "GC Thread#11" [stack: 0x000000d83c300000,0x000000d83c400000] [id=12656]
  0x000001eaf968c840 GCTaskThread "GC Thread#12" [stack: 0x000000d83c400000,0x000000d83c500000] [id=13228]

Threads with active compile tasks:
C1 CompilerThread0     2723 4188       3       com.google.common.collect.ImmutableSet::chooseTableSize (61 bytes)
C1 CompilerThread3     2723 4190       3       com.google.inject.internal.DeclaredMembers::lambda$getDeclaredMethods$1 (8 bytes)
C2 CompilerThread2     2723 4104   !   4       org.eclipse.osgi.internal.loader.classpath.ClasspathManager::findClassImpl (308 bytes)
C2 CompilerThread3     2723 3743   !   4       org.eclipse.osgi.internal.loader.classpath.ClasspathManager::findLocalClass (210 bytes)
C2 CompilerThread4     2723 4149       4       org.eclipse.osgi.internal.loader.BundleLoader::searchHooks (192 bytes)
C2 CompilerThread5     2723 4096   !   4       org.eclipse.osgi.internal.loader.classpath.ClasspathManager::defineClass (636 bytes)
C2 CompilerThread6     2723 4088       4       org.eclipse.osgi.internal.loader.classpath.ClasspathManager::findLocalClassImpl (55 bytes)
C2 CompilerThread7     2723 4173       4       java.lang.ClassLoader::getDefinedPackage (36 bytes)

VM state: not at safepoint (normal execution)

VM Mutex/Monitor currently owned by a thread:  ([mutex/lock_event])
[0x000001eadd49eee0] MethodData_lock - owner thread: 0x0000000000000000

Heap address: 0x00000000c0000000, size: 1024 MB, Compressed Oops mode: 32-bit

CDS archive(s) not mapped
Compressed class space mapped at: 0x0000000100000000-0x0000000140000000, reserved size: 1073741824
Narrow klass base: 0x0000000000000000, Narrow klass shift: 3, Narrow klass range: 0x140000000

GC Precious Log:
 CPUs: 16 total, 16 available
 Memory: 16085M
 Large Page Support: Disabled
 NUMA Support: Disabled
 Compressed Oops: Enabled (32-bit)
 Alignments: Space 512K, Generation 512K, Heap 2M
 Heap Min Capacity: 100M
 Heap Initial Capacity: 100M
 Heap Max Capacity: 1G
 Pre-touch: Disabled
 Parallel Workers: 13

Heap:
 PSYoungGen      total 24064K, used 9646K [0x00000000eab00000, 0x00000000ec600000, 0x0000000100000000)
  eden space 22016K, 40% used [0x00000000eab00000,0x00000000eb3aba10,0x00000000ec080000)
  from space 2048K, 37% used [0x00000000ec280000,0x00000000ec340000,0x00000000ec480000)
  to   space 1024K, 0% used [0x00000000ec500000,0x00000000ec500000,0x00000000ec600000)
 ParOldGen       total 68608K, used 14741K [0x00000000c0000000, 0x00000000c4300000, 0x00000000eab00000)
  object space 68608K, 21% used [0x00000000c0000000,0x00000000c0e654e8,0x00000000c4300000)
 Metaspace       used 41362K, committed 42176K, reserved 1114112K
  class space    used 4370K, committed 4736K, reserved 1048576K

Card table byte_map: [0x000001eadce40000,0x000001eadd050000] _byte_map_base: 0x000001eadc840000

Marking Bits: (ParMarkBitMap*) 0x00007ffe4cf552c0
 Begin Bits: [0x000001eaef120000, 0x000001eaf0120000)
 End Bits:   [0x000001eaf0120000, 0x000001eaf1120000)

Polling page: 0x000001eadb1b0000

Metaspace:

Usage:
  Non-class:     36.13 MB used.
      Class:      4.27 MB used.
       Both:     40.39 MB used.

Virtual space:
  Non-class space:       64.00 MB reserved,      36.56 MB ( 57%) committed,  1 nodes.
      Class space:        1.00 GB reserved,       4.62 MB ( <1%) committed,  1 nodes.
             Both:        1.06 GB reserved,      41.19 MB (  4%) committed. 

Chunk freelists:
   Non-Class:  10.59 MB
       Class:  11.39 MB
        Both:  21.98 MB

MaxMetaspaceSize: unlimited
CompressedClassSpaceSize: 1.00 GB
Initial GC threshold: 21.00 MB
Current GC threshold: 58.38 MB
CDS: off
MetaspaceReclaimPolicy: balanced
 - commit_granule_bytes: 65536.
 - commit_granule_words: 8192.
 - virtual_space_node_default_size: 8388608.
 - enlarge_chunks_in_place: 1.
 - new_chunks_are_fully_committed: 0.
 - uncommit_free_chunks: 1.
 - use_allocation_guard: 0.
 - handle_deallocations: 1.


Internal statistics:

num_allocs_failed_limit: 6.
num_arena_births: 394.
num_arena_deaths: 14.
num_vsnodes_births: 2.
num_vsnodes_deaths: 0.
num_space_committed: 659.
num_space_uncommitted: 0.
num_chunks_returned_to_freelist: 20.
num_chunks_taken_from_freelist: 1745.
num_chunk_merges: 10.
num_chunk_splits: 1153.
num_chunks_enlarged: 773.
num_inconsistent_stats: 0.

CodeHeap 'non-profiled nmethods': size=119168Kb used=2105Kb max_used=2105Kb free=117062Kb
 bounds [0x000001eae7cc0000, 0x000001eae7f30000, 0x000001eaef120000]
CodeHeap 'profiled nmethods': size=119104Kb used=8783Kb max_used=8783Kb free=110320Kb
 bounds [0x000001eae0120000, 0x000001eae09c0000, 0x000001eae7570000]
CodeHeap 'non-nmethods': size=7488Kb used=2971Kb max_used=3042Kb free=4516Kb
 bounds [0x000001eae7570000, 0x000001eae7870000, 0x000001eae7cc0000]
 total_blobs=4788 nmethods=4189 adapters=509
 compilation: enabled
              stopped_count=0, restarted_count=0
 full_count=0

Compilation events (20 events):
Event: 2.693 Thread 0x000001eaf6804060 4167       3       java.util.TimSort::countRunAndMakeAscending (128 bytes)
Event: 2.693 Thread 0x000001eaf68054a0 4168       3       com.google.inject.internal.DeclaredMembers$$Lambda$231/0x000000010042d430::apply (8 bytes)
Event: 2.693 Thread 0x000001eaf667e9e0 4169       3       com.google.inject.internal.DeclaredMembers$$Lambda$232/0x000000010042d668::apply (8 bytes)
Event: 2.693 Thread 0x000001eaf6807300 4170       3       com.google.inject.internal.DeclaredMembers$$Lambda$236/0x000000010042dad8::apply (8 bytes)
Event: 2.693 Thread 0x000001eaf667e9e0 nmethod 4169 0x000001eae09a8510 code [0x000001eae09a86c0, 0x000001eae09a89a8]
Event: 2.693 Thread 0x000001eaf68054a0 nmethod 4168 0x000001eae09a8a90 code [0x000001eae09a8c20, 0x000001eae09a8e38]
Event: 2.693 Thread 0x000001eaf6807300 nmethod 4170 0x000001eae09a8f10 code [0x000001eae09a90c0, 0x000001eae09a93a8]
Event: 2.694 Thread 0x000001eaf6804060 nmethod 4167 0x000001eae09a9490 code [0x000001eae09a96a0, 0x000001eae09a9db8]
Event: 2.696 Thread 0x000001eaf6804060 4171       3       java.util.stream.Sink::begin (1 bytes)
Event: 2.696 Thread 0x000001eaf6804060 nmethod 4171 0x000001eae09aa010 code [0x000001eae09aa1a0, 0x000001eae09aa2b8]
Event: 2.700 Thread 0x000001eaf667e9e0 4172       3       com.google.common.collect.ImmutableSet::copyOf (76 bytes)
Event: 2.701 Thread 0x000001eaf667e9e0 nmethod 4172 0x000001eae09aa390 code [0x000001eae09aa640, 0x000001eae09ab5b8]
Event: 2.702 Thread 0x000001eafc652c80 4173       4       java.lang.ClassLoader::getDefinedPackage (36 bytes)
Event: 2.703 Thread 0x000001eaf68054a0 4174       3       java.util.Comparator$$Lambda$233/0x000000010036d5b0::compare (14 bytes)
Event: 2.703 Thread 0x000001eaf6807300 4175       3       java.util.Comparator::lambda$comparing$ea9a8b3a$1 (21 bytes)
Event: 2.703 Thread 0x000001eaf6807300 nmethod 4175 0x000001eae09ab990 code [0x000001eae09abb60, 0x000001eae09abea8]
Event: 2.703 Thread 0x000001eaf68054a0 nmethod 4174 0x000001eae09ac010 code [0x000001eae09ac1e0, 0x000001eae09ac5a8]
Event: 2.703 Thread 0x000001eaf6807300 4176       3       com.google.inject.internal.KotlinSupport::getInstance (4 bytes)
Event: 2.703 Thread 0x000001eaf6807300 nmethod 4176 0x000001eae09ac710 code [0x000001eae09ac8a0, 0x000001eae09ac998]
Event: 2.704 Thread 0x000001eaf66716d0 4177       4       java.lang.String::codePointAt (50 bytes)

GC Heap History (20 events):
Event: 1.132 GC heap before
{Heap before GC invocations=4 (full 0):
 PSYoungGen      total 29696K, used 14226K [0x00000000eab00000, 0x00000000ecc00000, 0x0000000100000000)
  eden space 25600K, 39% used [0x00000000eab00000,0x00000000eb4eacf0,0x00000000ec400000)
  from space 4096K, 99% used [0x00000000ec400000,0x00000000ec7f9cf8,0x00000000ec800000)
  to   space 4096K, 0% used [0x00000000ec800000,0x00000000ec800000,0x00000000ecc00000)
 ParOldGen       total 68608K, used 3330K [0x00000000c0000000, 0x00000000c4300000, 0x00000000eab00000)
  object space 68608K, 4% used [0x00000000c0000000,0x00000000c0340a50,0x00000000c4300000)
 Metaspace       used 21037K, committed 21504K, reserved 1114112K
  class space    used 2133K, committed 2368K, reserved 1048576K
}
Event: 1.134 GC heap after
{Heap after GC invocations=4 (full 0):
 PSYoungGen      total 29696K, used 4077K [0x00000000eab00000, 0x00000000ecc00000, 0x0000000100000000)
  eden space 25600K, 0% used [0x00000000eab00000,0x00000000eab00000,0x00000000ec400000)
  from space 4096K, 99% used [0x00000000ec800000,0x00000000ecbfb528,0x00000000ecc00000)
  to   space 4096K, 0% used [0x00000000ec400000,0x00000000ec400000,0x00000000ec800000)
 ParOldGen       total 68608K, used 4343K [0x00000000c0000000, 0x00000000c4300000, 0x00000000eab00000)
  object space 68608K, 6% used [0x00000000c0000000,0x00000000c043dc50,0x00000000c4300000)
 Metaspace       used 21037K, committed 21504K, reserved 1114112K
  class space    used 2133K, committed 2368K, reserved 1048576K
}
Event: 1.134 GC heap before
{Heap before GC invocations=5 (full 1):
 PSYoungGen      total 29696K, used 4077K [0x00000000eab00000, 0x00000000ecc00000, 0x0000000100000000)
  eden space 25600K, 0% used [0x00000000eab00000,0x00000000eab00000,0x00000000ec400000)
  from space 4096K, 99% used [0x00000000ec800000,0x00000000ecbfb528,0x00000000ecc00000)
  to   space 4096K, 0% used [0x00000000ec400000,0x00000000ec400000,0x00000000ec800000)
 ParOldGen       total 68608K, used 4343K [0x00000000c0000000, 0x00000000c4300000, 0x00000000eab00000)
  object space 68608K, 6% used [0x00000000c0000000,0x00000000c043dc50,0x00000000c4300000)
 Metaspace       used 21037K, committed 21504K, reserved 1114112K
  class space    used 2133K, committed 2368K, reserved 1048576K
}
Event: 1.152 GC heap after
{Heap after GC invocations=5 (full 1):
 PSYoungGen      total 29696K, used 0K [0x00000000eab00000, 0x00000000ecc00000, 0x0000000100000000)
  eden space 25600K, 0% used [0x00000000eab00000,0x00000000eab00000,0x00000000ec400000)
  from space 4096K, 0% used [0x00000000ec800000,0x00000000ec800000,0x00000000ecc00000)
  to   space 4096K, 0% used [0x00000000ec400000,0x00000000ec400000,0x00000000ec800000)
 ParOldGen       total 68608K, used 8234K [0x00000000c0000000, 0x00000000c4300000, 0x00000000eab00000)
  object space 68608K, 12% used [0x00000000c0000000,0x00000000c080ab28,0x00000000c4300000)
 Metaspace       used 21024K, committed 21504K, reserved 1114112K
  class space    used 2129K, committed 2368K, reserved 1048576K
}
Event: 1.395 GC heap before
{Heap before GC invocations=6 (full 1):
 PSYoungGen      total 29696K, used 25526K [0x00000000eab00000, 0x00000000ecc00000, 0x0000000100000000)
  eden space 25600K, 99% used [0x00000000eab00000,0x00000000ec3ed8e8,0x00000000ec400000)
  from space 4096K, 0% used [0x00000000ec800000,0x00000000ec800000,0x00000000ecc00000)
  to   space 4096K, 0% used [0x00000000ec400000,0x00000000ec400000,0x00000000ec800000)
 ParOldGen       total 68608K, used 8234K [0x00000000c0000000, 0x00000000c4300000, 0x00000000eab00000)
  object space 68608K, 12% used [0x00000000c0000000,0x00000000c080ab28,0x00000000c4300000)
 Metaspace       used 24554K, committed 25152K, reserved 1114112K
  class space    used 2538K, committed 2816K, reserved 1048576K
}
Event: 1.396 GC heap after
{Heap after GC invocations=6 (full 1):
 PSYoungGen      total 28160K, used 2841K [0x00000000eab00000, 0x00000000ecb80000, 0x0000000100000000)
  eden space 25088K, 0% used [0x00000000eab00000,0x00000000eab00000,0x00000000ec380000)
  from space 3072K, 92% used [0x00000000ec400000,0x00000000ec6c6578,0x00000000ec700000)
  to   space 4096K, 0% used [0x00000000ec780000,0x00000000ec780000,0x00000000ecb80000)
 ParOldGen       total 68608K, used 8242K [0x00000000c0000000, 0x00000000c4300000, 0x00000000eab00000)
  object space 68608K, 12% used [0x00000000c0000000,0x00000000c080cb28,0x00000000c4300000)
 Metaspace       used 24554K, committed 25152K, reserved 1114112K
  class space    used 2538K, committed 2816K, reserved 1048576K
}
Event: 1.553 GC heap before
{Heap before GC invocations=7 (full 1):
 PSYoungGen      total 28160K, used 27929K [0x00000000eab00000, 0x00000000ecb80000, 0x0000000100000000)
  eden space 25088K, 100% used [0x00000000eab00000,0x00000000ec380000,0x00000000ec380000)
  from space 3072K, 92% used [0x00000000ec400000,0x00000000ec6c6578,0x00000000ec700000)
  to   space 4096K, 0% used [0x00000000ec780000,0x00000000ec780000,0x00000000ecb80000)
 ParOldGen       total 68608K, used 8242K [0x00000000c0000000, 0x00000000c4300000, 0x00000000eab00000)
  object space 68608K, 12% used [0x00000000c0000000,0x00000000c080cb28,0x00000000c4300000)
 Metaspace       used 27995K, committed 28608K, reserved 1114112K
  class space    used 2780K, committed 3072K, reserved 1048576K
}
Event: 1.554 GC heap after
{Heap after GC invocations=7 (full 1):
 PSYoungGen      total 28160K, used 3529K [0x00000000eab00000, 0x00000000ecb00000, 0x0000000100000000)
  eden space 24576K, 0% used [0x00000000eab00000,0x00000000eab00000,0x00000000ec300000)
  from space 3584K, 98% used [0x00000000ec780000,0x00000000ecaf2560,0x00000000ecb00000)
  to   space 4096K, 0% used [0x00000000ec300000,0x00000000ec300000,0x00000000ec700000)
 ParOldGen       total 68608K, used 8250K [0x00000000c0000000, 0x00000000c4300000, 0x00000000eab00000)
  object space 68608K, 12% used [0x00000000c0000000,0x00000000c080eb28,0x00000000c4300000)
 Metaspace       used 27995K, committed 28608K, reserved 1114112K
  class space    used 2780K, committed 3072K, reserved 1048576K
}
Event: 1.702 GC heap before
{Heap before GC invocations=8 (full 1):
 PSYoungGen      total 28160K, used 28105K [0x00000000eab00000, 0x00000000ecb00000, 0x0000000100000000)
  eden space 24576K, 100% used [0x00000000eab00000,0x00000000ec300000,0x00000000ec300000)
  from space 3584K, 98% used [0x00000000ec780000,0x00000000ecaf2560,0x00000000ecb00000)
  to   space 4096K, 0% used [0x00000000ec300000,0x00000000ec300000,0x00000000ec700000)
 ParOldGen       total 68608K, used 8250K [0x00000000c0000000, 0x00000000c4300000, 0x00000000eab00000)
  object space 68608K, 12% used [0x00000000c0000000,0x00000000c080eb28,0x00000000c4300000)
 Metaspace       used 30548K, committed 31104K, reserved 1114112K
  class space    used 2987K, committed 3200K, reserved 1048576K
}
Event: 1.704 GC heap after
{Heap after GC invocations=8 (full 1):
 PSYoungGen      total 28160K, used 4064K [0x00000000eab00000, 0x00000000ecb80000, 0x0000000100000000)
  eden space 24064K, 0% used [0x00000000eab00000,0x00000000eab00000,0x00000000ec280000)
  from space 4096K, 99% used [0x00000000ec300000,0x00000000ec6f81f0,0x00000000ec700000)
  to   space 4608K, 0% used [0x00000000ec700000,0x00000000ec700000,0x00000000ecb80000)
 ParOldGen       total 68608K, used 8345K [0x00000000c0000000, 0x00000000c4300000, 0x00000000eab00000)
  object space 68608K, 12% used [0x00000000c0000000,0x00000000c08266c8,0x00000000c4300000)
 Metaspace       used 30548K, committed 31104K, reserved 1114112K
  class space    used 2987K, committed 3200K, reserved 1048576K
}
Event: 2.050 GC heap before
{Heap before GC invocations=9 (full 1):
 PSYoungGen      total 28160K, used 28128K [0x00000000eab00000, 0x00000000ecb80000, 0x0000000100000000)
  eden space 24064K, 100% used [0x00000000eab00000,0x00000000ec280000,0x00000000ec280000)
  from space 4096K, 99% used [0x00000000ec300000,0x00000000ec6f81f0,0x00000000ec700000)
  to   space 4608K, 0% used [0x00000000ec700000,0x00000000ec700000,0x00000000ecb80000)
 ParOldGen       total 68608K, used 8345K [0x00000000c0000000, 0x00000000c4300000, 0x00000000eab00000)
  object space 68608K, 12% used [0x00000000c0000000,0x00000000c08266c8,0x00000000c4300000)
 Metaspace       used 34182K, committed 35008K, reserved 1114112K
  class space    used 3407K, committed 3776K, reserved 1048576K
}
Event: 2.052 GC heap after
{Heap after GC invocations=9 (full 1):
 PSYoungGen      total 27136K, used 4593K [0x00000000eab00000, 0x00000000ece00000, 0x0000000100000000)
  eden space 22528K, 0% used [0x00000000eab00000,0x00000000eab00000,0x00000000ec100000)
  from space 4608K, 99% used [0x00000000ec700000,0x00000000ecb7c650,0x00000000ecb80000)
  to   space 6144K, 0% used [0x00000000ec100000,0x00000000ec100000,0x00000000ec700000)
 ParOldGen       total 68608K, used 9269K [0x00000000c0000000, 0x00000000c4300000, 0x00000000eab00000)
  object space 68608K, 13% used [0x00000000c0000000,0x00000000c090d560,0x00000000c4300000)
 Metaspace       used 34182K, committed 35008K, reserved 1114112K
  class space    used 3407K, committed 3776K, reserved 1048576K
}
Event: 2.108 GC heap before
{Heap before GC invocations=10 (full 1):
 PSYoungGen      total 27136K, used 11489K [0x00000000eab00000, 0x00000000ece00000, 0x0000000100000000)
  eden space 22528K, 30% used [0x00000000eab00000,0x00000000eb1bc160,0x00000000ec100000)
  from space 4608K, 99% used [0x00000000ec700000,0x00000000ecb7c650,0x00000000ecb80000)
  to   space 6144K, 0% used [0x00000000ec100000,0x00000000ec100000,0x00000000ec700000)
 ParOldGen       total 68608K, used 9269K [0x00000000c0000000, 0x00000000c4300000, 0x00000000eab00000)
  object space 68608K, 13% used [0x00000000c0000000,0x00000000c090d560,0x00000000c4300000)
 Metaspace       used 35089K, committed 35840K, reserved 1114112K
  class space    used 3540K, committed 3840K, reserved 1048576K
}
Event: 2.109 GC heap after
{Heap after GC invocations=10 (full 1):
 PSYoungGen      total 25088K, used 2283K [0x00000000eab00000, 0x00000000ec900000, 0x0000000100000000)
  eden space 22528K, 0% used [0x00000000eab00000,0x00000000eab00000,0x00000000ec100000)
  from space 2560K, 89% used [0x00000000ec100000,0x00000000ec33aff0,0x00000000ec380000)
  to   space 3584K, 0% used [0x00000000ec580000,0x00000000ec580000,0x00000000ec900000)
 ParOldGen       total 68608K, used 12095K [0x00000000c0000000, 0x00000000c4300000, 0x00000000eab00000)
  object space 68608K, 17% used [0x00000000c0000000,0x00000000c0bcfcc0,0x00000000c4300000)
 Metaspace       used 35089K, committed 35840K, reserved 1114112K
  class space    used 3540K, committed 3840K, reserved 1048576K
}
Event: 2.109 GC heap before
{Heap before GC invocations=11 (full 2):
 PSYoungGen      total 25088K, used 2283K [0x00000000eab00000, 0x00000000ec900000, 0x0000000100000000)
  eden space 22528K, 0% used [0x00000000eab00000,0x00000000eab00000,0x00000000ec100000)
  from space 2560K, 89% used [0x00000000ec100000,0x00000000ec33aff0,0x00000000ec380000)
  to   space 3584K, 0% used [0x00000000ec580000,0x00000000ec580000,0x00000000ec900000)
 ParOldGen       total 68608K, used 12095K [0x00000000c0000000, 0x00000000c4300000, 0x00000000eab00000)
  object space 68608K, 17% used [0x00000000c0000000,0x00000000c0bcfcc0,0x00000000c4300000)
 Metaspace       used 35089K, committed 35840K, reserved 1114112K
  class space    used 3540K, committed 3840K, reserved 1048576K
}
Event: 2.123 GC heap after
{Heap after GC invocations=11 (full 2):
 PSYoungGen      total 25088K, used 0K [0x00000000eab00000, 0x00000000ec900000, 0x0000000100000000)
  eden space 22528K, 0% used [0x00000000eab00000,0x00000000eab00000,0x00000000ec100000)
  from space 2560K, 0% used [0x00000000ec100000,0x00000000ec100000,0x00000000ec380000)
  to   space 3584K, 0% used [0x00000000ec580000,0x00000000ec580000,0x00000000ec900000)
 ParOldGen       total 68608K, used 13896K [0x00000000c0000000, 0x00000000c4300000, 0x00000000eab00000)
  object space 68608K, 20% used [0x00000000c0000000,0x00000000c0d92288,0x00000000c4300000)
 Metaspace       used 35089K, committed 35840K, reserved 1114112K
  class space    used 3540K, committed 3840K, reserved 1048576K
}
Event: 2.366 GC heap before
{Heap before GC invocations=12 (full 2):
 PSYoungGen      total 25088K, used 22523K [0x00000000eab00000, 0x00000000ec900000, 0x0000000100000000)
  eden space 22528K, 99% used [0x00000000eab00000,0x00000000ec0fec18,0x00000000ec100000)
  from space 2560K, 0% used [0x00000000ec100000,0x00000000ec100000,0x00000000ec380000)
  to   space 3584K, 0% used [0x00000000ec580000,0x00000000ec580000,0x00000000ec900000)
 ParOldGen       total 68608K, used 13896K [0x00000000c0000000, 0x00000000c4300000, 0x00000000eab00000)
  object space 68608K, 20% used [0x00000000c0000000,0x00000000c0d92288,0x00000000c4300000)
 Metaspace       used 38580K, committed 39360K, reserved 1114112K
  class space    used 4013K, committed 4352K, reserved 1048576K
}
Event: 2.368 GC heap after
{Heap after GC invocations=12 (full 2):
 PSYoungGen      total 23040K, used 992K [0x00000000eab00000, 0x00000000ec680000, 0x0000000100000000)
  eden space 22016K, 0% used [0x00000000eab00000,0x00000000eab00000,0x00000000ec080000)
  from space 1024K, 96% used [0x00000000ec580000,0x00000000ec678000,0x00000000ec680000)
  to   space 2048K, 0% used [0x00000000ec280000,0x00000000ec280000,0x00000000ec480000)
 ParOldGen       total 68608K, used 13904K [0x00000000c0000000, 0x00000000c4300000, 0x00000000eab00000)
  object space 68608K, 20% used [0x00000000c0000000,0x00000000c0d94288,0x00000000c4300000)
 Metaspace       used 38580K, committed 39360K, reserved 1114112K
  class space    used 4013K, committed 4352K, reserved 1048576K
}
Event: 2.629 GC heap before
{Heap before GC invocations=13 (full 2):
 PSYoungGen      total 23040K, used 23008K [0x00000000eab00000, 0x00000000ec680000, 0x0000000100000000)
  eden space 22016K, 100% used [0x00000000eab00000,0x00000000ec080000,0x00000000ec080000)
  from space 1024K, 96% used [0x00000000ec580000,0x00000000ec678000,0x00000000ec680000)
  to   space 2048K, 0% used [0x00000000ec280000,0x00000000ec280000,0x00000000ec480000)
 ParOldGen       total 68608K, used 13904K [0x00000000c0000000, 0x00000000c4300000, 0x00000000eab00000)
  object space 68608K, 20% used [0x00000000c0000000,0x00000000c0d94288,0x00000000c4300000)
 Metaspace       used 40323K, committed 41088K, reserved 1114112K
  class space    used 4243K, committed 4544K, reserved 1048576K
}
Event: 2.630 GC heap after
{Heap after GC invocations=13 (full 2):
 PSYoungGen      total 24064K, used 768K [0x00000000eab00000, 0x00000000ec600000, 0x0000000100000000)
  eden space 22016K, 0% used [0x00000000eab00000,0x00000000eab00000,0x00000000ec080000)
  from space 2048K, 37% used [0x00000000ec280000,0x00000000ec340000,0x00000000ec480000)
  to   space 1024K, 0% used [0x00000000ec500000,0x00000000ec500000,0x00000000ec600000)
 ParOldGen       total 68608K, used 14741K [0x00000000c0000000, 0x00000000c4300000, 0x00000000eab00000)
  object space 68608K, 21% used [0x00000000c0000000,0x00000000c0e654e8,0x00000000c4300000)
 Metaspace       used 40323K, committed 41088K, reserved 1114112K
  class space    used 4243K, committed 4544K, reserved 1048576K
}

Dll operation events (10 events):
Event: 0.005 Loaded shared library c:\Users\Admin\.vscode\extensions\redhat.java-1.21.0-win32-x64\jre\17.0.7-win32-x86_64\bin\java.dll
Event: 0.084 Loaded shared library c:\Users\Admin\.vscode\extensions\redhat.java-1.21.0-win32-x64\jre\17.0.7-win32-x86_64\bin\zip.dll
Event: 0.086 Loaded shared library C:\Users\Admin\.vscode\extensions\redhat.java-1.21.0-win32-x64\jre\17.0.7-win32-x86_64\bin\instrument.dll
Event: 0.093 Loaded shared library C:\Users\Admin\.vscode\extensions\redhat.java-1.21.0-win32-x64\jre\17.0.7-win32-x86_64\bin\net.dll
Event: 0.094 Loaded shared library C:\Users\Admin\.vscode\extensions\redhat.java-1.21.0-win32-x64\jre\17.0.7-win32-x86_64\bin\nio.dll
Event: 0.098 Loaded shared library C:\Users\Admin\.vscode\extensions\redhat.java-1.21.0-win32-x64\jre\17.0.7-win32-x86_64\bin\zip.dll
Event: 0.105 Loaded shared library C:\Users\Admin\.vscode\extensions\redhat.java-1.21.0-win32-x64\jre\17.0.7-win32-x86_64\bin\jimage.dll
Event: 0.128 Loaded shared library c:\Users\Admin\.vscode\extensions\redhat.java-1.21.0-win32-x64\jre\17.0.7-win32-x86_64\bin\verify.dll
Event: 0.634 Loaded shared library C:\Users\Admin\AppData\Roaming\Code\User\globalStorage\redhat.java\1.21.0\config_win\org.eclipse.equinox.launcher\org.eclipse.equinox.launcher.win32.win32.x86_64_1.2.700.v20221108-1024\eclipse_11801.dll
Event: 1.944 Loaded shared library C:\Users\Admin\AppData\Local\Temp\jna-63116079\jna913626372835793005.dll

Deoptimization events (20 events):
Event: 2.497 Thread 0x000001eaf93c5940 Uncommon trap: trap_request=0xffffff45 fr.pc=0x000001eae7e929b4 relative=0x0000000000000334
Event: 2.497 Thread 0x000001eaf93c5940 Uncommon trap: reason=unstable_if action=reinterpret pc=0x000001eae7e929b4 method=sun.nio.cs.StreamDecoder.implRead([CII)I @ 197 c2
Event: 2.497 Thread 0x000001eaf93c5940 DEOPT PACKING pc=0x000001eae7e929b4 sp=0x000000d83c2fdf70
Event: 2.497 Thread 0x000001eaf93c5940 DEOPT UNPACKING pc=0x000001eae75c9ea3 sp=0x000000d83c2fdf10 mode 2
Event: 2.529 Thread 0x000001eaf93c5940 Uncommon trap: trap_request=0xffffff66 fr.pc=0x000001eae7de0efc relative=0x00000000000000dc
Event: 2.529 Thread 0x000001eaf93c5940 Uncommon trap: reason=speculate_class_check action=maybe_recompile pc=0x000001eae7de0efc method=java.util.regex.Pattern$CharPredicate.lambda$negate$3(I)Z @ 2 c2
Event: 2.529 Thread 0x000001eaf93c5940 DEOPT PACKING pc=0x000001eae7de0efc sp=0x000000d83c2fe360
Event: 2.529 Thread 0x000001eaf93c5940 DEOPT UNPACKING pc=0x000001eae75c9ea3 sp=0x000000d83c2fe280 mode 2
Event: 2.529 Thread 0x000001eaf93c5940 Uncommon trap: trap_request=0xffffff66 fr.pc=0x000001eae7de0efc relative=0x00000000000000dc
Event: 2.529 Thread 0x000001eaf93c5940 Uncommon trap: reason=speculate_class_check action=maybe_recompile pc=0x000001eae7de0efc method=java.util.regex.Pattern$CharPredicate.lambda$negate$3(I)Z @ 2 c2
Event: 2.529 Thread 0x000001eaf93c5940 DEOPT PACKING pc=0x000001eae7de0efc sp=0x000000d83c2fe360
Event: 2.529 Thread 0x000001eaf93c5940 DEOPT UNPACKING pc=0x000001eae75c9ea3 sp=0x000000d83c2fe280 mode 2
Event: 2.529 Thread 0x000001eaf93c5940 Uncommon trap: trap_request=0xffffff66 fr.pc=0x000001eae7de0efc relative=0x00000000000000dc
Event: 2.529 Thread 0x000001eaf93c5940 Uncommon trap: reason=speculate_class_check action=maybe_recompile pc=0x000001eae7de0efc method=java.util.regex.Pattern$CharPredicate.lambda$negate$3(I)Z @ 2 c2
Event: 2.529 Thread 0x000001eaf93c5940 DEOPT PACKING pc=0x000001eae7de0efc sp=0x000000d83c2fe360
Event: 2.529 Thread 0x000001eaf93c5940 DEOPT UNPACKING pc=0x000001eae75c9ea3 sp=0x000000d83c2fe280 mode 2
Event: 2.529 Thread 0x000001eaf93c5940 Uncommon trap: trap_request=0xffffff66 fr.pc=0x000001eae7de0efc relative=0x00000000000000dc
Event: 2.529 Thread 0x000001eaf93c5940 Uncommon trap: reason=speculate_class_check action=maybe_recompile pc=0x000001eae7de0efc method=java.util.regex.Pattern$CharPredicate.lambda$negate$3(I)Z @ 2 c2
Event: 2.529 Thread 0x000001eaf93c5940 DEOPT PACKING pc=0x000001eae7de0efc sp=0x000000d83c2fe360
Event: 2.529 Thread 0x000001eaf93c5940 DEOPT UNPACKING pc=0x000001eae75c9ea3 sp=0x000000d83c2fe280 mode 2

Classes unloaded (7 events):
Event: 1.137 Thread 0x000001eadd558510 Unloading class 0x000000010021c000 'java/lang/invoke/LambdaForm$MH+0x000000010021c000'
Event: 1.137 Thread 0x000001eadd558510 Unloading class 0x000000010021bc00 'java/lang/invoke/LambdaForm$MH+0x000000010021bc00'
Event: 1.137 Thread 0x000001eadd558510 Unloading class 0x000000010021b800 'java/lang/invoke/LambdaForm$MH+0x000000010021b800'
Event: 1.137 Thread 0x000001eadd558510 Unloading class 0x000000010021b400 'java/lang/invoke/LambdaForm$MH+0x000000010021b400'
Event: 1.137 Thread 0x000001eadd558510 Unloading class 0x000000010021b000 'java/lang/invoke/LambdaForm$BMH+0x000000010021b000'
Event: 1.137 Thread 0x000001eadd558510 Unloading class 0x000000010021ac00 'java/lang/invoke/LambdaForm$DMH+0x000000010021ac00'
Event: 1.137 Thread 0x000001eadd558510 Unloading class 0x0000000100218000 'java/lang/invoke/LambdaForm$DMH+0x0000000100218000'

Classes redefined (0 events):
No events

Internal exceptions (20 events):
Event: 1.681 Thread 0x000001eaf8f3bf80 Exception <a 'java/lang/ClassNotFoundException'{0x00000000ec1b4060}: com/sun/org/apache/xerces/internal/impl/msg/spi/XMLMessagesProvider> (0x00000000ec1b4060) 
thrown [s\src\hotspot\share\classfile\systemDictionary.cpp, line 256]
Event: 1.719 Thread 0x000001eaf8f3bf80 Exception <a 'java/lang/NoSuchMethodError'{0x00000000eac04808}: 'void java.lang.invoke.DirectMethodHandle$Holder.invokeVirtual(java.lang.Object, java.lang.Object)'> (0x00000000eac04808) 
thrown [s\src\hotspot\share\interpreter\linkResolver.cpp, line 759]
Event: 1.745 Thread 0x000001eaf8f3bf80 Exception <a 'java/lang/NoSuchMethodError'{0x00000000ead784c0}: 'java.lang.Object java.lang.invoke.DirectMethodHandle$Holder.invokeStaticInit(java.lang.Object, int, int, int, int)'> (0x00000000ead784c0) 
thrown [s\src\hotspot\share\interpreter\linkResolver.cpp, line 759]
Event: 1.805 Thread 0x000001eaf8f3bf80 Exception <a 'java/lang/NoSuchMethodError'{0x00000000eae30950}: 'java.lang.Object java.lang.invoke.DirectMethodHandle$Holder.invokeStaticInit(java.lang.Object, java.lang.Object, int, int, int, int)'> (0x00000000eae30950) 
thrown [s\src\hotspot\share\interpreter\linkResolver.cpp, line 759]
Event: 1.846 Thread 0x000001eaf8f3bf80 Exception <a 'java/lang/ClassNotFoundException'{0x00000000eb18dfe0}: com/sun/org/apache/xml/internal/serializer/spi/XMLEntitiesProvider> (0x00000000eb18dfe0) 
thrown [s\src\hotspot\share\classfile\systemDictionary.cpp, line 256]
Event: 1.898 Thread 0x000001eaf8f3bf80 Exception <a 'java/io/FileNotFoundException'{0x00000000eb4fb7a0}> (0x00000000eb4fb7a0) 
thrown [s\src\hotspot\share\prims\jni.cpp, line 516]
Event: 1.959 Thread 0x000001eaf8f3bf80 Exception <a 'java/lang/UnsatisfiedLinkError'{0x00000000eb7a4420}: The specified procedure could not be found.
> (0x00000000eb7a4420) 
thrown [s\src\hotspot\share\prims\jni.cpp, line 535]
Event: 1.961 Thread 0x000001eaf8f3bf80 Exception <a 'java/io/FileNotFoundException'{0x00000000eb7c7278}> (0x00000000eb7c7278) 
thrown [s\src\hotspot\share\prims\jni.cpp, line 516]
Event: 1.965 Thread 0x000001eaf8f3bf80 Exception <a 'java/io/FileNotFoundException'{0x00000000eb83a3d0}> (0x00000000eb83a3d0) 
thrown [s\src\hotspot\share\prims\jni.cpp, line 516]
Event: 1.969 Thread 0x000001eaf8f3bf80 Exception <a 'java/lang/UnsatisfiedLinkError'{0x00000000eb8c6a88}: The specified procedure could not be found.
> (0x00000000eb8c6a88) 
thrown [s\src\hotspot\share\prims\jni.cpp, line 535]
Event: 2.022 Thread 0x000001eaf93c62e0 Exception <a 'java/lang/NoSuchMethodError'{0x00000000eac45690}: 'int java.lang.invoke.DirectMethodHandle$Holder.invokeVirtual(java.lang.Object, java.lang.Object)'> (0x00000000eac45690) 
thrown [s\src\hotspot\share\interpreter\linkResolver.cpp, line 759]
Event: 2.032 Thread 0x000001eadd4a2dc0 Exception <a 'java/lang/NoSuchMethodError'{0x00000000ec1d95b8}: 'java.lang.Object java.lang.invoke.DirectMethodHandle$Holder.invokeStatic(java.lang.Object, java.lang.Object, long, java.lang.Object)'> (0x00000000ec1d95b8) 
thrown [s\src\hotspot\share\interpreter\linkResolver.cpp, line 759]
Event: 2.033 Thread 0x000001eadd4a2dc0 Exception <a 'java/lang/NoSuchMethodError'{0x00000000ec1dd050}: 'java.lang.Object java.lang.invoke.DirectMethodHandle$Holder.invokeStaticInit(java.lang.Object, java.lang.Object, long, java.lang.Object)'> (0x00000000ec1dd050) 
thrown [s\src\hotspot\share\interpreter\linkResolver.cpp, line 759]
Event: 2.033 Thread 0x000001eadd4a2dc0 Exception <a 'java/lang/NoSuchMethodError'{0x00000000ec1e3a88}: 'java.lang.Object java.lang.invoke.DirectMethodHandle$Holder.newInvokeSpecial(java.lang.Object, java.lang.Object, long)'> (0x00000000ec1e3a88) 
thrown [s\src\hotspot\share\interpreter\linkResolver.cpp, line 759]
Event: 2.061 Thread 0x000001eadd4a2dc0 Exception <a 'java/lang/NoSuchMethodError'{0x00000000eac09738}: 'void java.lang.invoke.DirectMethodHandle$Holder.invokeStatic(java.lang.Object, java.lang.Object, java.lang.Object, java.lang.Object)'> (0x00000000eac09738) 
thrown [s\src\hotspot\share\interpreter\linkResolver.cpp, line 759]
Event: 2.145 Thread 0x000001eadd4a2dc0 Exception <a 'java/lang/NoSuchMethodError'{0x00000000eaea7718}: 'void java.lang.invoke.DirectMethodHandle$Holder.invokeSpecial(java.lang.Object, java.lang.Object, java.lang.Object, java.lang.Object, java.lang.Object, java.lang.Object)'> (0x00000000eaea7718) 
thrown [s\src\hotspot\share\interpreter\linkResolver.cpp, line 759]
Event: 2.146 Thread 0x000001eadd4a2dc0 Exception <a 'java/lang/IncompatibleClassChangeError'{0x00000000eaeb0fc8}: Found class java.lang.Object, but interface was expected> (0x00000000eaeb0fc8) 
thrown [s\src\hotspot\share\interpreter\linkResolver.cpp, line 826]
Event: 2.235 Thread 0x000001eaf93c5940 Exception <a 'java/lang/NoSuchMethodError'{0x00000000eb62fb68}: 'java.lang.Object java.lang.invoke.DirectMethodHandle$Holder.invokeSpecialIFC(java.lang.Object, java.lang.Object, java.lang.Object, java.lang.Object)'> (0x00000000eb62fb68) 
thrown [s\src\hotspot\share\interpreter\linkResolver.cpp, line 759]
Event: 2.339 Thread 0x000001eaf93c5940 Exception <a 'java/lang/NoSuchMethodError'{0x00000000ebe69748}: 'int java.lang.invoke.DirectMethodHandle$Holder.invokeSpecialIFC(java.lang.Object, java.lang.Object, java.lang.Object, java.lang.Object, java.lang.Object)'> (0x00000000ebe69748) 
thrown [s\src\hotspot\share\interpreter\linkResolver.cpp, line 759]
Event: 2.413 Thread 0x000001eaf93c5940 Exception <a 'java/lang/NoClassDefFoundError'{0x00000000eae76538}: javax/enterprise/inject/Typed> (0x00000000eae76538) 
thrown [s\src\hotspot\share\classfile\systemDictionary.cpp, line 245]

VM Operations (20 events):
Event: 1.864 Executing VM operation: HandshakeAllThreads
Event: 1.864 Executing VM operation: HandshakeAllThreads done
Event: 1.951 Executing VM operation: HandshakeAllThreads
Event: 1.951 Executing VM operation: HandshakeAllThreads done
Event: 1.956 Executing VM operation: HandshakeAllThreads
Event: 1.956 Executing VM operation: HandshakeAllThreads done
Event: 2.050 Executing VM operation: ParallelGCFailedAllocation
Event: 2.052 Executing VM operation: ParallelGCFailedAllocation done
Event: 2.108 Executing VM operation: CollectForMetadataAllocation
Event: 2.123 Executing VM operation: CollectForMetadataAllocation done
Event: 2.217 Executing VM operation: HandshakeAllThreads
Event: 2.217 Executing VM operation: HandshakeAllThreads done
Event: 2.242 Executing VM operation: HandshakeAllThreads
Event: 2.242 Executing VM operation: HandshakeAllThreads done
Event: 2.366 Executing VM operation: ParallelGCFailedAllocation
Event: 2.368 Executing VM operation: ParallelGCFailedAllocation done
Event: 2.402 Executing VM operation: HandshakeAllThreads
Event: 2.403 Executing VM operation: HandshakeAllThreads done
Event: 2.629 Executing VM operation: ParallelGCFailedAllocation
Event: 2.630 Executing VM operation: ParallelGCFailedAllocation done

Events (20 events):
Event: 2.322 loading class java/util/stream/Streams$2 done
Event: 2.345 loading class java/util/stream/SortedOps$SizedRefSortingSink
Event: 2.345 loading class java/util/stream/SortedOps$SizedRefSortingSink done
Event: 2.363 loading class java/lang/annotation/ElementType
Event: 2.363 loading class java/lang/annotation/ElementType done
Event: 2.405 loading class java/lang/Short$ShortCache
Event: 2.405 loading class java/lang/Short$ShortCache done
Event: 2.412 loading class java/lang/annotation/IncompleteAnnotationException
Event: 2.412 loading class java/lang/annotation/IncompleteAnnotationException done
Event: 2.428 loading class jdk/internal/access/foreign/MemorySegmentProxy
Event: 2.429 loading class jdk/internal/access/foreign/MemorySegmentProxy done
Event: 2.429 Thread 0x000001eafc651840 Thread added: 0x000001eafc651840
Event: 2.430 Thread 0x000001eafc64e090 Thread added: 0x000001eafc64e090
Event: 2.436 Thread 0x000001eaf9c8bbc0 Thread added: 0x000001eaf9c8bbc0
Event: 2.437 Thread 0x000001eafc650400 Thread added: 0x000001eafc650400
Event: 2.437 Thread 0x000001eafc652c80 Thread added: 0x000001eafc652c80
Event: 2.661 loading class sun/reflect/annotation/AnnotatedTypeFactory$AnnotatedParameterizedTypeImpl
Event: 2.661 loading class java/lang/reflect/AnnotatedParameterizedType
Event: 2.661 loading class java/lang/reflect/AnnotatedParameterizedType done
Event: 2.661 loading class sun/reflect/annotation/AnnotatedTypeFactory$AnnotatedParameterizedTypeImpl done


Dynamic libraries:
0x00007ff6fd020000 - 0x00007ff6fd02e000 	c:\Users\Admin\.vscode\extensions\redhat.java-1.21.0-win32-x64\jre\17.0.7-win32-x86_64\bin\java.exe
0x00007ffeff510000 - 0x00007ffeff724000 	C:\WINDOWS\SYSTEM32\ntdll.dll
0x00007ffefdbe0000 - 0x00007ffefdca4000 	C:\WINDOWS\System32\KERNEL32.DLL
0x00007ffefcd10000 - 0x00007ffefd0b4000 	C:\WINDOWS\System32\KERNELBASE.dll
0x00007ffefc8f0000 - 0x00007ffefca01000 	C:\WINDOWS\System32\ucrtbase.dll
0x00007ffeebc40000 - 0x00007ffeebc57000 	c:\Users\Admin\.vscode\extensions\redhat.java-1.21.0-win32-x64\jre\17.0.7-win32-x86_64\bin\jli.dll
0x00007ffee1bf0000 - 0x00007ffee1c09000 	c:\Users\Admin\.vscode\extensions\redhat.java-1.21.0-win32-x64\jre\17.0.7-win32-x86_64\bin\VCRUNTIME140.dll
0x00007ffefda30000 - 0x00007ffefdbda000 	C:\WINDOWS\System32\USER32.dll
0x00007ffed66d0000 - 0x00007ffed695f000 	C:\WINDOWS\WinSxS\amd64_microsoft.windows.common-controls_6595b64144ccf1df_6.0.22621.2070_none_2713e6537381f706\COMCTL32.dll
0x00007ffefd230000 - 0x00007ffefd256000 	C:\WINDOWS\System32\win32u.dll
0x00007ffefefa0000 - 0x00007ffeff047000 	C:\WINDOWS\System32\msvcrt.dll
0x00007ffeff440000 - 0x00007ffeff469000 	C:\WINDOWS\System32\GDI32.dll
0x00007ffefca10000 - 0x00007ffefcb29000 	C:\WINDOWS\System32\gdi32full.dll
0x00007ffefcc70000 - 0x00007ffefcd0a000 	C:\WINDOWS\System32\msvcp_win.dll
0x00007ffefd9f0000 - 0x00007ffefda21000 	C:\WINDOWS\System32\IMM32.DLL
0x00007ffef7730000 - 0x00007ffef773c000 	c:\Users\Admin\.vscode\extensions\redhat.java-1.21.0-win32-x64\jre\17.0.7-win32-x86_64\bin\vcruntime140_1.dll
0x00007ffe95760000 - 0x00007ffe957f1000 	c:\Users\Admin\.vscode\extensions\redhat.java-1.21.0-win32-x64\jre\17.0.7-win32-x86_64\bin\msvcp140.dll
0x00007ffe4c3d0000 - 0x00007ffe4d018000 	c:\Users\Admin\.vscode\extensions\redhat.java-1.21.0-win32-x64\jre\17.0.7-win32-x86_64\bin\server\jvm.dll
0x00007ffefd2d0000 - 0x00007ffefd380000 	C:\WINDOWS\System32\ADVAPI32.dll
0x00007ffefd860000 - 0x00007ffefd906000 	C:\WINDOWS\System32\sechost.dll
0x00007ffefe7a0000 - 0x00007ffefe8b7000 	C:\WINDOWS\System32\RPCRT4.dll
0x00007ffef5bd0000 - 0x00007ffef5c04000 	C:\WINDOWS\SYSTEM32\WINMM.dll
0x00007ffee0840000 - 0x00007ffee0849000 	C:\WINDOWS\SYSTEM32\WSOCK32.dll
0x00007ffefee90000 - 0x00007ffefef01000 	C:\WINDOWS\System32\WS2_32.dll
0x00007ffef5960000 - 0x00007ffef596a000 	C:\WINDOWS\SYSTEM32\VERSION.dll
0x00007ffefb990000 - 0x00007ffefb9a8000 	C:\WINDOWS\SYSTEM32\kernel.appcore.dll
0x00007ffef75a0000 - 0x00007ffef75aa000 	c:\Users\Admin\.vscode\extensions\redhat.java-1.21.0-win32-x64\jre\17.0.7-win32-x86_64\bin\jimage.dll
0x00007ffefa250000 - 0x00007ffefa47e000 	C:\WINDOWS\SYSTEM32\DBGHELP.DLL
0x00007ffefd430000 - 0x00007ffefd7ba000 	C:\WINDOWS\System32\combase.dll
0x00007ffefd910000 - 0x00007ffefd9e7000 	C:\WINDOWS\System32\OLEAUT32.dll
0x00007ffee2520000 - 0x00007ffee2552000 	C:\WINDOWS\SYSTEM32\dbgcore.DLL
0x00007ffefcb30000 - 0x00007ffefcbaa000 	C:\WINDOWS\System32\bcryptPrimitives.dll
0x00007ffef70b0000 - 0x00007ffef70be000 	c:\Users\Admin\.vscode\extensions\redhat.java-1.21.0-win32-x64\jre\17.0.7-win32-x86_64\bin\instrument.dll
0x00007ffec5540000 - 0x00007ffec5565000 	c:\Users\Admin\.vscode\extensions\redhat.java-1.21.0-win32-x64\jre\17.0.7-win32-x86_64\bin\java.dll
0x00007ffee0110000 - 0x00007ffee0128000 	c:\Users\Admin\.vscode\extensions\redhat.java-1.21.0-win32-x64\jre\17.0.7-win32-x86_64\bin\zip.dll
0x00007ffefddc0000 - 0x00007ffefe5d6000 	C:\WINDOWS\System32\SHELL32.dll
0x00007ffefa870000 - 0x00007ffefb15a000 	C:\WINDOWS\SYSTEM32\windows.storage.dll
0x00007ffefa730000 - 0x00007ffefa86e000 	C:\WINDOWS\SYSTEM32\wintypes.dll
0x00007ffeff2c0000 - 0x00007ffeff3b3000 	C:\WINDOWS\System32\SHCORE.dll
0x00007ffeff260000 - 0x00007ffeff2be000 	C:\WINDOWS\System32\shlwapi.dll
0x00007ffefc820000 - 0x00007ffefc846000 	C:\WINDOWS\SYSTEM32\profapi.dll
0x00007ffecccf0000 - 0x00007ffeccd09000 	C:\Users\Admin\.vscode\extensions\redhat.java-1.21.0-win32-x64\jre\17.0.7-win32-x86_64\bin\net.dll
0x00007ffef6020000 - 0x00007ffef6157000 	C:\WINDOWS\SYSTEM32\WINHTTP.dll
0x00007ffefbe60000 - 0x00007ffefbec9000 	C:\WINDOWS\system32\mswsock.dll
0x00007ffeaaee0000 - 0x00007ffeaaef5000 	C:\Users\Admin\.vscode\extensions\redhat.java-1.21.0-win32-x64\jre\17.0.7-win32-x86_64\bin\nio.dll
0x00007ffef5d50000 - 0x00007ffef5d60000 	c:\Users\Admin\.vscode\extensions\redhat.java-1.21.0-win32-x64\jre\17.0.7-win32-x86_64\bin\verify.dll
0x00007ffe77300000 - 0x00007ffe7733e000 	C:\Users\Admin\AppData\Roaming\Code\User\globalStorage\redhat.java\1.21.0\config_win\org.eclipse.equinox.launcher\org.eclipse.equinox.launcher.win32.win32.x86_64_1.2.700.v20221108-1024\eclipse_11801.dll
0x00007ffeff050000 - 0x00007ffeff1ec000 	C:\WINDOWS\System32\ole32.dll
0x00007ffefc0a0000 - 0x00007ffefc0bb000 	C:\WINDOWS\SYSTEM32\CRYPTSP.dll
0x00007ffefb950000 - 0x00007ffefb985000 	C:\WINDOWS\system32\rsaenh.dll
0x00007ffefbf30000 - 0x00007ffefbf5c000 	C:\WINDOWS\SYSTEM32\USERENV.dll
0x00007ffefc290000 - 0x00007ffefc2b8000 	C:\WINDOWS\SYSTEM32\bcrypt.dll
0x00007ffefc0f0000 - 0x00007ffefc0fc000 	C:\WINDOWS\SYSTEM32\CRYPTBASE.dll
0x00007ffefb3c0000 - 0x00007ffefb3ed000 	C:\WINDOWS\SYSTEM32\IPHLPAPI.DLL
0x00007ffefee80000 - 0x00007ffefee89000 	C:\WINDOWS\System32\NSI.dll
0x00007ffef5f20000 - 0x00007ffef5f39000 	C:\WINDOWS\SYSTEM32\dhcpcsvc6.DLL
0x00007ffef5eb0000 - 0x00007ffef5ecf000 	C:\WINDOWS\SYSTEM32\dhcpcsvc.DLL
0x00007ffefb430000 - 0x00007ffefb523000 	C:\WINDOWS\SYSTEM32\DNSAPI.dll
0x00007ffe77340000 - 0x00007ffe77385000 	C:\Users\Admin\AppData\Local\Temp\jna-63116079\jna913626372835793005.dll
0x00007ffefe9f0000 - 0x00007ffefe9f8000 	C:\WINDOWS\System32\PSAPI.DLL

dbghelp: loaded successfully - version: 4.0.5 - missing functions: none
symbol engine: initialized successfully - sym options: 0x614 - pdb path: .;c:\Users\Admin\.vscode\extensions\redhat.java-1.21.0-win32-x64\jre\17.0.7-win32-x86_64\bin;C:\WINDOWS\SYSTEM32;C:\WINDOWS\WinSxS\amd64_microsoft.windows.common-controls_6595b64144ccf1df_6.0.22621.2070_none_2713e6537381f706;c:\Users\Admin\.vscode\extensions\redhat.java-1.21.0-win32-x64\jre\17.0.7-win32-x86_64\bin\server;C:\Users\Admin\AppData\Roaming\Code\User\globalStorage\redhat.java\1.21.0\config_win\org.eclipse.equinox.launcher\org.eclipse.equinox.launcher.win32.win32.x86_64_1.2.700.v20221108-1024;C:\Users\Admin\AppData\Local\Temp\jna-63116079

VM Arguments:
jvm_args: --add-modules=ALL-SYSTEM --add-opens=java.base/java.util=ALL-UNNAMED --add-opens=java.base/java.lang=ALL-UNNAMED --add-opens=java.base/sun.nio.fs=ALL-UNNAMED -Declipse.application=org.eclipse.jdt.ls.core.id1 -Dosgi.bundles.defaultStartLevel=4 -Declipse.product=org.eclipse.jdt.ls.core.product -Djava.import.generatesMetadataFilesAtProjectRoot=false -Dfile.encoding=utf8 -XX:+UseParallelGC -XX:GCTimeRatio=4 -XX:AdaptiveSizePolicyWeight=90 -Dsun.zip.disableMemoryMapping=true -Xmx1G -Xms100m -Xlog:disable -javaagent:c:\Users\Admin\.vscode\extensions\redhat.java-1.21.0-win32-x64\lombok\lombok-1.18.28.jar -XX:+HeapDumpOnOutOfMemoryError -XX:HeapDumpPath=c:\Users\Admin\AppData\Roaming\Code\User\workspaceStorage\e7c62a26f5fb9af6089d468b08576148\redhat.java -Daether.dependencyCollector.impl=bf 
java_command: c:\Users\Admin\.vscode\extensions\redhat.java-1.21.0-win32-x64\server\plugins\org.eclipse.equinox.launcher_1.6.500.v20230717-2134.jar -configuration c:\Users\Admin\AppData\Roaming\Code\User\globalStorage\redhat.java\1.21.0\config_win -data c:\Users\Admin\AppData\Roaming\Code\User\workspaceStorage\e7c62a26f5fb9af6089d468b08576148\redhat.java\jdt_ws
java_class_path (initial): c:\Users\Admin\.vscode\extensions\redhat.java-1.21.0-win32-x64\server\plugins\org.eclipse.equinox.launcher_1.6.500.v20230717-2134.jar
Launcher Type: SUN_STANDARD

[Global flags]
    uintx AdaptiveSizePolicyWeight                 = 90                                        {product} {command line}
     intx CICompilerCount                          = 12                                        {product} {ergonomic}
    uintx GCTimeRatio                              = 4                                         {product} {command line}
     bool HeapDumpOnOutOfMemoryError               = true                                   {manageable} {command line}
    ccstr HeapDumpPath                             = c:\Users\Admin\AppData\Roaming\Code\User\workspaceStorage\e7c62a26f5fb9af6089d468b08576148\redhat.java         {manageable} {command line}
   size_t InitialHeapSize                          = 104857600                                 {product} {command line}
   size_t MaxHeapSize                              = 1073741824                                {product} {command line}
   size_t MaxNewSize                               = 357564416                                 {product} {ergonomic}
   size_t MinHeapDeltaBytes                        = 524288                                    {product} {ergonomic}
   size_t MinHeapSize                              = 104857600                                 {product} {command line}
   size_t NewSize                                  = 34603008                                  {product} {ergonomic}
    uintx NonNMethodCodeHeapSize                   = 7602480                                {pd product} {ergonomic}
    uintx NonProfiledCodeHeapSize                  = 122027880                              {pd product} {ergonomic}
   size_t OldSize                                  = 70254592                                  {product} {ergonomic}
    uintx ProfiledCodeHeapSize                     = 122027880                              {pd product} {ergonomic}
    uintx ReservedCodeCacheSize                    = 251658240                              {pd product} {ergonomic}
     bool SegmentedCodeCache                       = true                                      {product} {ergonomic}
   size_t SoftMaxHeapSize                          = 1073741824                             {manageable} {ergonomic}
     bool UseCompressedClassPointers               = true                           {product lp64_product} {ergonomic}
     bool UseCompressedOops                        = true                           {product lp64_product} {ergonomic}
     bool UseLargePagesIndividualAllocation        = false                                  {pd product} {ergonomic}
     bool UseParallelGC                            = true                                      {product} {command line}

Logging:
Log output configuration:
 #0: stdout all=off uptime,level,tags
 #1: stderr all=off uptime,level,tags

Environment Variables:
JAVA_HOME=C:\Program Files\Java\jdk-14.0.2
PATH=C:\Program Files\Python310\Scripts\;C:\Program Files\Python310\;C:\Program Files\Python38\Scripts\;C:\Program Files\Python38\;C:\WINDOWS\system32;C:\WINDOWS;C:\WINDOWS\System32\Wbem;C:\WINDOWS\System32\WindowsPowerShell\v1.0\;C:\WINDOWS\System32\OpenSSH\;C:\Program Files\Microsoft SQL Server\Client SDK\ODBC\110\Tools\Binn\;C:\Program Files (x86)\Microsoft SQL Server\120\Tools\Binn\;C:\Program Files\Microsoft SQL Server\120\Tools\Binn\;C:\Program Files\Microsoft SQL Server\120\DTS\Binn\;C:\Program Files (x86)\Microsoft SQL Server\120\Tools\Binn\ManagementStudio\;C:\Program Files (x86)\Microsoft SQL Server\120\DTS\Binn\;C:\Program Files\Java\jdk-11.0.2\bin;C:\tomcat\apache-tomcat-9.0.63\bin;C:\Program Files\dotnet\;C:\Program Files\Microsoft SQL Server\150\Tools\Binn\;C:\Program Files\Microsoft SQL Server\Client SDK\ODBC\170\Tools\Binn\;C:\Program Files\nodejs\;C:\Program Files\Microsoft SQL Server\130\Tools\Binn\;C:\WINDOWS\system32;C:\WINDOWS;C:\WINDOWS\System32\Wbem;C:\WINDOWS\System32\WindowsPowerShell\v1.0\;C:\WINDOWS\System32\OpenSSH\;C:\Program Files\MongoDB\Server\5.0\bin;C:\Users\Admin\AppData\Local\Microsoft\WindowsApps;;C:\Users\Admin\.dotnet\tools;C:\Users\Admin\AppData\Roaming\npm;D:\Microsoft VS Code\bin
USERNAME=Admin
OS=Windows_NT
PROCESSOR_IDENTIFIER=Intel64 Family 6 Model 141 Stepping 1, GenuineIntel
TMP=C:\Users\Admin\AppData\Local\Temp
TEMP=C:\Users\Admin\AppData\Local\Temp



---------------  S Y S T E M  ---------------

OS:
 Windows 11 , 64 bit Build 22621 (10.0.22621.2070)
OS uptime: 0 days 1:36 hours
Hyper-V role detected

CPU: total 16 (initial active 16) (8 cores per cpu, 2 threads per core) family 6 model 141 stepping 1 microcode 0x32, cx8, cmov, fxsr, ht, mmx, 3dnowpref, sse, sse2, sse3, ssse3, sse4.1, sse4.2, popcnt, lzcnt, tsc, tscinvbit, avx, avx2, aes, erms, clmul, bmi1, bmi2, adx, avx512f, avx512dq, avx512cd, avx512bw, avx512vl, sha, fma, vzeroupper, avx512_vpopcntdq, avx512_vpclmulqdq, avx512_vaes, avx512_vnni, clflush, clflushopt, clwb, avx512_vbmi2, avx512_vbmi, hv

Memory: 4k page, system-wide physical 16085M (2152M free)
TotalPageFile size 18133M (AvailPageFile size 5M)
current process WorkingSet (physical memory assigned to process): 219M, peak: 219M
current process commit charge ("private bytes"): 332M, peak: 333M

vm_info: OpenJDK 64-Bit Server VM (17.0.7+7) for windows-amd64 JRE (17.0.7+7), built on Apr 18 2023 22:10:42 by "temurin" with MS VC++ 16.7 (VS2019)

END.
