#
# There is insufficient memory for the Java Runtime Environment to continue.
# Native memory allocation (malloc) failed to allocate 32744 bytes for ChunkPool::allocate
# Possible reasons:
#   The system is out of physical RAM or swap space
#   The process is running with CompressedOops enabled, and the Java Heap may be blocking the growth of the native heap
# Possible solutions:
#   Reduce memory load on the system
#   Increase physical memory or swap space
#   Check if swap backing store is full
#   Decrease Java heap size (-Xmx/-Xms)
#   Decrease number of Java threads
#   Decrease Java thread stack sizes (-Xss)
#   Set larger code cache with -XX:ReservedCodeCacheSize=
#   JVM is running with Unscaled Compressed Oops mode in which the Java heap is
#     placed in the first 4GB address space. The Java Heap base address is the
#     maximum limit for the native heap growth. Please use -XX:HeapBaseMinAddress
#     to set the Java Heap base and to place the Java Heap above 4GB virtual address.
# This output file may be truncated or incomplete.
#
#  Out of Memory Error (arena.cpp:78), pid=14416, tid=1492
#
# JRE version: OpenJDK Runtime Environment Temurin-17.0.7+7 (17.0.7+7) (build 17.0.7+7)
# Java VM: OpenJDK 64-Bit Server VM Temurin-17.0.7+7 (17.0.7+7, mixed mode, tiered, compressed oops, compressed class ptrs, parallel gc, windows-amd64)
# No core dump will be written. Minidumps are not enabled by default on client versions of Windows
#

---------------  S U M M A R Y ------------

Command Line: --add-modules=ALL-SYSTEM --add-opens=java.base/java.util=ALL-UNNAMED --add-opens=java.base/java.lang=ALL-UNNAMED --add-opens=java.base/sun.nio.fs=ALL-UNNAMED -Declipse.application=org.eclipse.jdt.ls.core.id1 -Dosgi.bundles.defaultStartLevel=4 -Declipse.product=org.eclipse.jdt.ls.core.product -Djava.import.generatesMetadataFilesAtProjectRoot=false -Dfile.encoding=utf8 -XX:+UseParallelGC -XX:GCTimeRatio=4 -XX:AdaptiveSizePolicyWeight=90 -Dsun.zip.disableMemoryMapping=true -Xmx1G -Xms100m -Xlog:disable -javaagent:c:\Users\Admin\.vscode\extensions\redhat.java-1.21.0-win32-x64\lombok\lombok-1.18.28.jar c:\Users\Admin\.vscode\extensions\redhat.java-1.21.0-win32-x64\server\plugins\org.eclipse.equinox.launcher_1.6.500.v20230717-2134.jar -configuration c:\Users\Admin\AppData\Roaming\Code\User\globalStorage\redhat.java\1.21.0\config_ss_win -data c:\Users\Admin\AppData\Roaming\Code\User\workspaceStorage\e7c62a26f5fb9af6089d468b08576148\redhat.java\ss_ws

Host: 11th Gen Intel(R) Core(TM) i7-11800H @ 2.30GHz, 16 cores, 15G,  Windows 11 , 64 bit Build 22621 (10.0.22621.2070)
Time: Tue Aug 15 07:56:28 2023 SE Asia Standard Time elapsed time: 1.752545 seconds (0d 0h 0m 1s)

---------------  T H R E A D  ---------------

Current thread (0x00000209309be250):  JavaThread "Start Level: Equinox Container: 6a5284d8-2a79-4edf-937b-625e8f71da8e" daemon [_thread_in_vm, id=1492, stack(0x0000005608d00000,0x0000005608e00000)]

Stack: [0x0000005608d00000,0x0000005608e00000]
Native frames: (J=compiled Java code, j=interpreted, Vv=VM code, C=native code)
V  [jvm.dll+0x67754a]
V  [jvm.dll+0x834304]
V  [jvm.dll+0x835aae]
V  [jvm.dll+0x836113]
V  [jvm.dll+0x24696f]
V  [jvm.dll+0xac2cc]
V  [jvm.dll+0xac67c]
V  [jvm.dll+0x1ec673]
V  [jvm.dll+0x1e18aa]
V  [jvm.dll+0x53ea50]
V  [jvm.dll+0x7afc28]
V  [jvm.dll+0x7afd14]
V  [jvm.dll+0x40de05]
V  [jvm.dll+0x413f58]
C  [java.dll+0x17ec]

Java frames: (J=compiled Java code, j=interpreted, Vv=VM code)
J 1120  java.lang.ClassLoader.defineClass1(Ljava/lang/ClassLoader;Ljava/lang/String;[BIILjava/security/ProtectionDomain;Ljava/lang/String;)Ljava/lang/Class; java.base@17.0.7 (0 bytes) @ 0x000002091f68b9db [0x000002091f68b920+0x00000000000000bb]
J 1756 c1 java.lang.ClassLoader.defineClass(Ljava/lang/String;[BIILjava/security/ProtectionDomain;)Ljava/lang/Class; java.base@17.0.7 (43 bytes) @ 0x0000020917dafa54 [0x0000020917daf700+0x0000000000000354]
J 1847 c1 org.eclipse.osgi.internal.loader.ModuleClassLoader.defineClass(Ljava/lang/String;[BLorg/eclipse/osgi/internal/loader/classpath/ClasspathEntry;)Lorg/eclipse/osgi/internal/loader/ModuleClassLoader$DefineClassResult; (138 bytes) @ 0x0000020917dedfac [0x0000020917dedd40+0x000000000000026c]
J 2003 c1 org.eclipse.osgi.internal.loader.classpath.ClasspathManager.defineClass(Ljava/lang/String;[BLorg/eclipse/osgi/internal/loader/classpath/ClasspathEntry;Lorg/eclipse/osgi/storage/bundlefile/BundleEntry;Ljava/util/List;)Ljava/lang/Class; (636 bytes) @ 0x0000020917e3d6b4 [0x0000020917e3bce0+0x00000000000019d4]
J 1797 c1 org.eclipse.osgi.internal.loader.classpath.ClasspathManager.findClassImpl(Ljava/lang/String;Lorg/eclipse/osgi/internal/loader/classpath/ClasspathEntry;Ljava/util/List;)Ljava/lang/Class; (308 bytes) @ 0x0000020917ddaccc [0x0000020917dd7ee0+0x0000000000002dec]
J 1796 c1 org.eclipse.osgi.internal.loader.classpath.ClasspathManager.findLocalClassImpl(Ljava/lang/String;[Lorg/eclipse/osgi/internal/loader/classpath/ClasspathEntry;Ljava/util/List;)Ljava/lang/Class; (55 bytes) @ 0x0000020917dd37cc [0x0000020917dd3640+0x000000000000018c]
J 1990 c1 org.eclipse.osgi.internal.loader.classpath.ClasspathManager.findLocalClassImpl(Ljava/lang/String;Ljava/util/List;)Ljava/lang/Class; (132 bytes) @ 0x0000020917e32654 [0x0000020917e32140+0x0000000000000514]
J 1788 c1 org.eclipse.osgi.internal.loader.classpath.ClasspathManager.findLocalClass(Ljava/lang/String;)Ljava/lang/Class; (210 bytes) @ 0x0000020917dc673c [0x0000020917dc5aa0+0x0000000000000c9c]
J 1786 c1 org.eclipse.osgi.internal.loader.BundleLoader.findLocalClass(Ljava/lang/String;)Ljava/lang/Class; (152 bytes) @ 0x0000020917dc8a6c [0x0000020917dc8220+0x000000000000084c]
J 1718 c1 org.eclipse.osgi.internal.loader.BundleLoader.findClass0(Ljava/lang/String;ZZ)Ljava/lang/Class; (466 bytes) @ 0x0000020917d9e314 [0x0000020917d9bc20+0x00000000000026f4]
J 1717 c1 org.eclipse.osgi.internal.loader.BundleLoader.findClass(Ljava/lang/String;)Ljava/lang/Class; (8 bytes) @ 0x0000020917d9971c [0x0000020917d996a0+0x000000000000007c]
J 1719 c1 org.eclipse.osgi.internal.loader.ModuleClassLoader.loadClass(Ljava/lang/String;Z)Ljava/lang/Class; (36 bytes) @ 0x0000020917d9a13c [0x0000020917d99f20+0x000000000000021c]
J 839 c1 java.lang.ClassLoader.loadClass(Ljava/lang/String;)Ljava/lang/Class; java.base@17.0.7 (7 bytes) @ 0x0000020917bdfd3c [0x0000020917bdfc40+0x00000000000000fc]
v  ~StubRoutines::call_stub
J 1120  java.lang.ClassLoader.defineClass1(Ljava/lang/ClassLoader;Ljava/lang/String;[BIILjava/security/ProtectionDomain;Ljava/lang/String;)Ljava/lang/Class; java.base@17.0.7 (0 bytes) @ 0x000002091f68b9db [0x000002091f68b920+0x00000000000000bb]
J 1756 c1 java.lang.ClassLoader.defineClass(Ljava/lang/String;[BIILjava/security/ProtectionDomain;)Ljava/lang/Class; java.base@17.0.7 (43 bytes) @ 0x0000020917dafa54 [0x0000020917daf700+0x0000000000000354]
J 1847 c1 org.eclipse.osgi.internal.loader.ModuleClassLoader.defineClass(Ljava/lang/String;[BLorg/eclipse/osgi/internal/loader/classpath/ClasspathEntry;)Lorg/eclipse/osgi/internal/loader/ModuleClassLoader$DefineClassResult; (138 bytes) @ 0x0000020917dedfac [0x0000020917dedd40+0x000000000000026c]
J 2003 c1 org.eclipse.osgi.internal.loader.classpath.ClasspathManager.defineClass(Ljava/lang/String;[BLorg/eclipse/osgi/internal/loader/classpath/ClasspathEntry;Lorg/eclipse/osgi/storage/bundlefile/BundleEntry;Ljava/util/List;)Ljava/lang/Class; (636 bytes) @ 0x0000020917e3d6b4 [0x0000020917e3bce0+0x00000000000019d4]
J 1797 c1 org.eclipse.osgi.internal.loader.classpath.ClasspathManager.findClassImpl(Ljava/lang/String;Lorg/eclipse/osgi/internal/loader/classpath/ClasspathEntry;Ljava/util/List;)Ljava/lang/Class; (308 bytes) @ 0x0000020917ddaccc [0x0000020917dd7ee0+0x0000000000002dec]
J 1796 c1 org.eclipse.osgi.internal.loader.classpath.ClasspathManager.findLocalClassImpl(Ljava/lang/String;[Lorg/eclipse/osgi/internal/loader/classpath/ClasspathEntry;Ljava/util/List;)Ljava/lang/Class; (55 bytes) @ 0x0000020917dd37cc [0x0000020917dd3640+0x000000000000018c]
J 1990 c1 org.eclipse.osgi.internal.loader.classpath.ClasspathManager.findLocalClassImpl(Ljava/lang/String;Ljava/util/List;)Ljava/lang/Class; (132 bytes) @ 0x0000020917e32654 [0x0000020917e32140+0x0000000000000514]
J 1788 c1 org.eclipse.osgi.internal.loader.classpath.ClasspathManager.findLocalClass(Ljava/lang/String;)Ljava/lang/Class; (210 bytes) @ 0x0000020917dc673c [0x0000020917dc5aa0+0x0000000000000c9c]
J 1786 c1 org.eclipse.osgi.internal.loader.BundleLoader.findLocalClass(Ljava/lang/String;)Ljava/lang/Class; (152 bytes) @ 0x0000020917dc8a6c [0x0000020917dc8220+0x000000000000084c]
J 1718 c1 org.eclipse.osgi.internal.loader.BundleLoader.findClass0(Ljava/lang/String;ZZ)Ljava/lang/Class; (466 bytes) @ 0x0000020917d9e314 [0x0000020917d9bc20+0x00000000000026f4]
J 1717 c1 org.eclipse.osgi.internal.loader.BundleLoader.findClass(Ljava/lang/String;)Ljava/lang/Class; (8 bytes) @ 0x0000020917d9971c [0x0000020917d996a0+0x000000000000007c]
J 1719 c1 org.eclipse.osgi.internal.loader.ModuleClassLoader.loadClass(Ljava/lang/String;Z)Ljava/lang/Class; (36 bytes) @ 0x0000020917d9a13c [0x0000020917d99f20+0x000000000000021c]
J 839 c1 java.lang.ClassLoader.loadClass(Ljava/lang/String;)Ljava/lang/Class; java.base@17.0.7 (7 bytes) @ 0x0000020917bdfd3c [0x0000020917bdfc40+0x00000000000000fc]
v  ~StubRoutines::call_stub
j  org.eclipse.jdt.internal.core.JavaModelManager$8.optionsChanged(Lorg/eclipse/osgi/service/debug/DebugOptions;)V+665
j  org.eclipse.osgi.internal.debug.FrameworkDebugOptions.addingService(Lorg/osgi/framework/ServiceReference;)Lorg/eclipse/osgi/service/debug/DebugOptionsListener;+16
j  org.eclipse.osgi.internal.debug.FrameworkDebugOptions.addingService(Lorg/osgi/framework/ServiceReference;)Ljava/lang/Object;+5
j  org.osgi.util.tracker.ServiceTracker$Tracked.customizerAdding(Lorg/osgi/framework/ServiceReference;Lorg/osgi/framework/ServiceEvent;)Ljava/lang/Object;+8
j  org.osgi.util.tracker.ServiceTracker$Tracked.customizerAdding(Ljava/lang/Object;Ljava/lang/Object;)Ljava/lang/Object;+9
j  org.osgi.util.tracker.AbstractTracked.trackAdding(Ljava/lang/Object;Ljava/lang/Object;)V+8
j  org.osgi.util.tracker.AbstractTracked.track(Ljava/lang/Object;Ljava/lang/Object;)V+83
j  org.osgi.util.tracker.ServiceTracker$Tracked.serviceChanged(Lorg/osgi/framework/ServiceEvent;)V+67
J 1652 c1 org.eclipse.osgi.internal.serviceregistry.FilteredServiceListener.serviceChanged(Lorg/osgi/framework/ServiceEvent;)V (284 bytes) @ 0x0000020917d794b4 [0x0000020917d771e0+0x00000000000022d4]
J 1583 c1 org.eclipse.osgi.internal.framework.BundleContextImpl.dispatchEvent(Ljava/lang/Object;Ljava/lang/Object;ILjava/lang/Object;)V (558 bytes) @ 0x0000020917d5ab6c [0x0000020917d57aa0+0x00000000000030cc]
J 1933 c1 org.eclipse.osgi.framework.eventmgr.EventManager.dispatchEvent(Ljava/util/Set;Lorg/eclipse/osgi/framework/eventmgr/EventDispatcher;ILjava/lang/Object;)V (69 bytes) @ 0x0000020917e1bef4 [0x0000020917e1ba20+0x00000000000004d4]
j  org.eclipse.osgi.framework.eventmgr.ListenerQueue.dispatchEventSynchronous(ILjava/lang/Object;)V+67
j  org.eclipse.osgi.internal.serviceregistry.ServiceRegistry.publishServiceEventPrivileged(Lorg/osgi/framework/ServiceEvent;)V+320
j  org.eclipse.osgi.internal.serviceregistry.ServiceRegistry.publishServiceEvent(Lorg/osgi/framework/ServiceEvent;)V+8
j  org.eclipse.osgi.internal.serviceregistry.ServiceRegistrationImpl.register(Ljava/util/Dictionary;)V+128
j  org.eclipse.osgi.internal.serviceregistry.ServiceRegistry.registerService(Lorg/eclipse/osgi/internal/framework/BundleContextImpl;[Ljava/lang/String;Ljava/lang/Object;Ljava/util/Dictionary;)Lorg/eclipse/osgi/internal/serviceregistry/ServiceRegistrationImpl;+298
j  org.eclipse.osgi.internal.framework.BundleContextImpl.registerService([Ljava/lang/String;Ljava/lang/Object;Ljava/util/Dictionary;)Lorg/osgi/framework/ServiceRegistration;+15
j  org.eclipse.osgi.internal.framework.BundleContextImpl.registerService(Ljava/lang/String;Ljava/lang/Object;Ljava/util/Dictionary;)Lorg/osgi/framework/ServiceRegistration;+15
j  org.eclipse.osgi.internal.framework.BundleContextImpl.registerService(Ljava/lang/Class;Ljava/lang/Object;Ljava/util/Dictionary;)Lorg/osgi/framework/ServiceRegistration;+7
j  org.eclipse.jdt.internal.core.JavaModelManager.registerDebugOptionsListener(Lorg/osgi/framework/BundleContext;)V+32
j  org.eclipse.jdt.core.JavaCore.start(Lorg/osgi/framework/BundleContext;)V+6
j  org.eclipse.osgi.internal.framework.BundleContextImpl$2.run()Ljava/lang/Void;+23
j  org.eclipse.osgi.internal.framework.BundleContextImpl$2.run()Ljava/lang/Object;+1
J 1235 c1 java.security.AccessController.executePrivileged(Ljava/security/PrivilegedExceptionAction;Ljava/security/AccessControlContext;Ljava/lang/Class;)Ljava/lang/Object; java.base@17.0.7 (65 bytes) @ 0x0000020917cb0cb4 [0x0000020917cb0b60+0x0000000000000154]
j  java.security.AccessController.doPrivileged(Ljava/security/PrivilegedExceptionAction;)Ljava/lang/Object;+9 java.base@17.0.7
j  org.eclipse.osgi.internal.framework.BundleContextImpl.startActivator(Lorg/osgi/framework/BundleActivator;)V+9
j  org.eclipse.osgi.internal.framework.BundleContextImpl.start()V+134
j  org.eclipse.osgi.internal.framework.EquinoxBundle.startWorker0()V+35
j  org.eclipse.osgi.internal.framework.EquinoxBundle$EquinoxModule.startWorker()V+4
j  org.eclipse.osgi.container.Module.doStart([Lorg/eclipse/osgi/container/Module$StartOptions;)Lorg/eclipse/osgi/container/ModuleContainerAdaptor$ModuleEvent;+190
J 2128 c1 org.eclipse.osgi.container.Module.start([Lorg/eclipse/osgi/container/Module$StartOptions;)V (655 bytes) @ 0x0000020917e85954 [0x0000020917e835e0+0x0000000000002374]
j  org.eclipse.osgi.framework.util.SecureAction.start(Lorg/eclipse/osgi/container/Module;[Lorg/eclipse/osgi/container/Module$StartOptions;)V+8
J 1790 c1 org.eclipse.osgi.internal.hooks.EclipseLazyStarter.postFindLocalClass(Ljava/lang/String;Ljava/lang/Class;Lorg/eclipse/osgi/internal/loader/classpath/ClasspathManager;)V (394 bytes) @ 0x0000020917dcb9dc [0x0000020917dcaa60+0x0000000000000f7c]
J 1788 c1 org.eclipse.osgi.internal.loader.classpath.ClasspathManager.findLocalClass(Ljava/lang/String;)Ljava/lang/Class; (210 bytes) @ 0x0000020917dc6a54 [0x0000020917dc5aa0+0x0000000000000fb4]
J 1786 c1 org.eclipse.osgi.internal.loader.BundleLoader.findLocalClass(Ljava/lang/String;)Ljava/lang/Class; (152 bytes) @ 0x0000020917dc8a6c [0x0000020917dc8220+0x000000000000084c]
J 1989 c1 org.eclipse.osgi.internal.loader.sources.SingleSourcePackage.loadClass(Ljava/lang/String;)Ljava/lang/Class; (9 bytes) @ 0x0000020917e31d3c [0x0000020917e31c40+0x00000000000000fc]
J 1718 c1 org.eclipse.osgi.internal.loader.BundleLoader.findClass0(Ljava/lang/String;ZZ)Ljava/lang/Class; (466 bytes) @ 0x0000020917d9e21c [0x0000020917d9bc20+0x00000000000025fc]
J 1717 c1 org.eclipse.osgi.internal.loader.BundleLoader.findClass(Ljava/lang/String;)Ljava/lang/Class; (8 bytes) @ 0x0000020917d9971c [0x0000020917d996a0+0x000000000000007c]
J 1719 c1 org.eclipse.osgi.internal.loader.ModuleClassLoader.loadClass(Ljava/lang/String;Z)Ljava/lang/Class; (36 bytes) @ 0x0000020917d9a13c [0x0000020917d99f20+0x000000000000021c]
J 839 c1 java.lang.ClassLoader.loadClass(Ljava/lang/String;)Ljava/lang/Class; java.base@17.0.7 (7 bytes) @ 0x0000020917bdfd3c [0x0000020917bdfc40+0x00000000000000fc]
v  ~StubRoutines::call_stub
j  java.lang.Class.getDeclaredConstructors0(Z)[Ljava/lang/reflect/Constructor;+0 java.base@17.0.7
j  java.lang.Class.privateGetDeclaredConstructors(Z)[Ljava/lang/reflect/Constructor;+52 java.base@17.0.7
j  java.lang.Class.getConstructor0([Ljava/lang/Class;I)Ljava/lang/reflect/Constructor;+14 java.base@17.0.7
j  java.lang.Class.getConstructor([Ljava/lang/Class;)Ljava/lang/reflect/Constructor;+24 java.base@17.0.7
j  org.eclipse.osgi.internal.framework.BundleContextImpl.loadBundleActivator()Lorg/osgi/framework/BundleActivator;+105
j  org.eclipse.osgi.internal.framework.BundleContextImpl.start()V+18
j  org.eclipse.osgi.internal.framework.EquinoxBundle.startWorker0()V+35
j  org.eclipse.osgi.internal.framework.EquinoxBundle$EquinoxModule.startWorker()V+4
j  org.eclipse.osgi.container.Module.doStart([Lorg/eclipse/osgi/container/Module$StartOptions;)Lorg/eclipse/osgi/container/ModuleContainerAdaptor$ModuleEvent;+190
j  org.eclipse.osgi.container.Module.start([Lorg/eclipse/osgi/container/Module$StartOptions;)V+460
j  org.eclipse.osgi.container.ModuleContainer$ContainerStartLevel$2.run()V+71
j  org.eclipse.osgi.internal.framework.EquinoxContainerAdaptor$1$1.execute(Ljava/lang/Runnable;)V+1
j  org.eclipse.osgi.container.ModuleContainer$ContainerStartLevel.incStartLevel(ILjava/util/List;Z)V+192
j  org.eclipse.osgi.container.ModuleContainer$ContainerStartLevel.incStartLevel(ILjava/util/List;Ljava/util/List;Ljava/util/List;Ljava/util/List;)V+19
j  org.eclipse.osgi.container.ModuleContainer$ContainerStartLevel.doContainerStartLevel(Lorg/eclipse/osgi/container/Module;I[Lorg/osgi/framework/FrameworkListener;)V+349
j  org.eclipse.osgi.container.ModuleContainer$ContainerStartLevel.dispatchEvent(Lorg/eclipse/osgi/container/Module;[Lorg/osgi/framework/FrameworkListener;ILjava/lang/Integer;)V+32
j  org.eclipse.osgi.container.ModuleContainer$ContainerStartLevel.dispatchEvent(Ljava/lang/Object;Ljava/lang/Object;ILjava/lang/Object;)V+15
j  org.eclipse.osgi.framework.eventmgr.EventManager.dispatchEvent(Ljava/util/Set;Lorg/eclipse/osgi/framework/eventmgr/EventDispatcher;ILjava/lang/Object;)V+48
j  org.eclipse.osgi.framework.eventmgr.EventManager$EventThread.run()V+26
v  ~StubRoutines::call_stub

---------------  P R O C E S S  ---------------

Threads class SMR info:
_java_thread_list=0x0000020930b4e870, length=25, elements={
0x0000020914dfd490, 0x0000020914eb5630, 0x000002092dfb8da0, 0x0000020928c7bdf0,
0x0000020928c7c8b0, 0x0000020928c7dc00, 0x000002092dfdc6e0, 0x000002092dfe3b30,
0x000002092dfe4bd0, 0x000002092dfee530, 0x000002092e071350, 0x000002092e174430,
0x000002092e176950, 0x000002092e1d2c40, 0x000002092e2ddfe0, 0x000002092ff98db0,
0x0000020930819b80, 0x0000020930892130, 0x00000209309be250, 0x0000020930860f10,
0x00000209307e4f40, 0x000002093099b5d0, 0x0000020930ce5d90, 0x0000020930ce6260,
0x0000020930ce7a70
}

Java Threads: ( => current thread )
  0x0000020914dfd490 JavaThread "main" [_thread_blocked, id=11788, stack(0x0000005607100000,0x0000005607200000)]
  0x0000020914eb5630 JavaThread "Reference Handler" daemon [_thread_blocked, id=10576, stack(0x0000005607400000,0x0000005607500000)]
  0x000002092dfb8da0 JavaThread "Finalizer" daemon [_thread_blocked, id=20564, stack(0x0000005607500000,0x0000005607600000)]
  0x0000020928c7bdf0 JavaThread "Signal Dispatcher" daemon [_thread_blocked, id=1868, stack(0x0000005607600000,0x0000005607700000)]
  0x0000020928c7c8b0 JavaThread "Attach Listener" daemon [_thread_blocked, id=1876, stack(0x0000005607700000,0x0000005607800000)]
  0x0000020928c7dc00 JavaThread "Service Thread" daemon [_thread_blocked, id=22204, stack(0x0000005607800000,0x0000005607900000)]
  0x000002092dfdc6e0 JavaThread "Monitor Deflation Thread" daemon [_thread_blocked, id=21620, stack(0x0000005607900000,0x0000005607a00000)]
  0x000002092dfe3b30 JavaThread "C2 CompilerThread0" daemon [_thread_in_native, id=2560, stack(0x0000005607a00000,0x0000005607b00000)]
  0x000002092dfe4bd0 JavaThread "C1 CompilerThread0" daemon [_thread_blocked, id=12716, stack(0x0000005607b00000,0x0000005607c00000)]
  0x000002092dfee530 JavaThread "Sweeper thread" daemon [_thread_blocked, id=3444, stack(0x0000005607c00000,0x0000005607d00000)]
  0x000002092e071350 JavaThread "Common-Cleaner" daemon [_thread_blocked, id=2684, stack(0x0000005607d00000,0x0000005607e00000)]
  0x000002092e174430 JavaThread "C1 CompilerThread1" daemon [_thread_blocked, id=22444, stack(0x0000005607e00000,0x0000005607f00000)]
  0x000002092e176950 JavaThread "C1 CompilerThread2" daemon [_thread_blocked, id=6184, stack(0x0000005607f00000,0x0000005608000000)]
  0x000002092e1d2c40 JavaThread "C2 CompilerThread1" daemon [_thread_in_native, id=15388, stack(0x0000005608000000,0x0000005608100000)]
  0x000002092e2ddfe0 JavaThread "Notification Thread" daemon [_thread_blocked, id=16720, stack(0x0000005608100000,0x0000005608200000)]
  0x000002092ff98db0 JavaThread "C2 CompilerThread2" daemon [_thread_in_native, id=12604, stack(0x0000005608300000,0x0000005608400000)]
  0x0000020930819b80 JavaThread "Active Thread: Equinox Container: 6a5284d8-2a79-4edf-937b-625e8f71da8e" [_thread_blocked, id=6860, stack(0x0000005608b00000,0x0000005608c00000)]
  0x0000020930892130 JavaThread "Framework Event Dispatcher: Equinox Container: 6a5284d8-2a79-4edf-937b-625e8f71da8e" daemon [_thread_blocked, id=22464, stack(0x0000005608c00000,0x0000005608d00000)]
=>0x00000209309be250 JavaThread "Start Level: Equinox Container: 6a5284d8-2a79-4edf-937b-625e8f71da8e" daemon [_thread_in_vm, id=1492, stack(0x0000005608d00000,0x0000005608e00000)]
  0x0000020930860f10 JavaThread "SCR Component Actor" daemon [_thread_blocked, id=15084, stack(0x0000005608e00000,0x0000005608f00000)]
  0x00000209307e4f40 JavaThread "SCR Component Registry" daemon [_thread_blocked, id=2536, stack(0x0000005609000000,0x0000005609100000)]
  0x000002093099b5d0 JavaThread "Worker-JM" [_thread_blocked, id=3136, stack(0x0000005609100000,0x0000005609200000)]
  0x0000020930ce5d90 JavaThread "Worker-0" [_thread_blocked, id=10908, stack(0x0000005609500000,0x0000005609600000)]
  0x0000020930ce6260 JavaThread "Worker-1" [_thread_blocked, id=4980, stack(0x0000005609600000,0x0000005609700000)]
  0x0000020930ce7a70 JavaThread "Worker-2" [_thread_blocked, id=6544, stack(0x0000005609700000,0x0000005609800000)]

Other Threads:
  0x0000020914eb5110 VMThread "VM Thread" [stack: 0x0000005607300000,0x0000005607400000] [id=18552]
  0x000002092e2de4b0 WatcherThread [stack: 0x0000005608200000,0x0000005608300000] [id=2680]
  0x0000020914e128f0 GCTaskThread "GC Thread#0" [stack: 0x0000005607200000,0x0000005607300000] [id=21720]
  0x00000209308efe10 GCTaskThread "GC Thread#1" [stack: 0x0000005608500000,0x0000005608600000] [id=11156]
  0x0000020930738700 GCTaskThread "GC Thread#2" [stack: 0x0000005608600000,0x0000005608700000] [id=12836]
  0x00000209307389b0 GCTaskThread "GC Thread#3" [stack: 0x0000005608700000,0x0000005608800000] [id=16600]
  0x0000020930739070 GCTaskThread "GC Thread#4" [stack: 0x0000005608800000,0x0000005608900000] [id=10164]
  0x00000209308e3620 GCTaskThread "GC Thread#5" [stack: 0x0000005608900000,0x0000005608a00000] [id=21400]
  0x000002093072ebb0 GCTaskThread "GC Thread#6" [stack: 0x0000005608a00000,0x0000005608b00000] [id=21260]
  0x000002093072f110 GCTaskThread "GC Thread#7" [stack: 0x0000005608f00000,0x0000005609000000] [id=13272]
  0x000002093072f920 GCTaskThread "GC Thread#8" [stack: 0x0000005609200000,0x0000005609300000] [id=9784]
  0x000002093072de40 GCTaskThread "GC Thread#9" [stack: 0x0000005609300000,0x0000005609400000] [id=14240]
  0x000002093072e0f0 GCTaskThread "GC Thread#10" [stack: 0x0000005609800000,0x0000005609900000] [id=17048]
  0x000002093072e3a0 GCTaskThread "GC Thread#11" [stack: 0x0000005609900000,0x0000005609a00000] [id=10652]

Threads with active compile tasks:
C2 CompilerThread0     1765 2457       4       org.objectweb.asm.ClassReader::readMethod (1066 bytes)
C2 CompilerThread1     1765 2465       4       org.objectweb.asm.MethodWriter::<init> (232 bytes)
C2 CompilerThread2     1765 2463       4       lombok.patcher.PatchScript$MethodPatcher::visitMethod (158 bytes)

VM state: not at safepoint (normal execution)

VM Mutex/Monitor currently owned by a thread: None

Heap address: 0x00000000c0000000, size: 1024 MB, Compressed Oops mode: 32-bit

CDS archive(s) not mapped
Compressed class space mapped at: 0x0000000100000000-0x0000000140000000, reserved size: 1073741824
Narrow klass base: 0x0000000000000000, Narrow klass shift: 3, Narrow klass range: 0x140000000

GC Precious Log:
 CPUs: 16 total, 16 available
 Memory: 16085M
 Large Page Support: Disabled
 NUMA Support: Disabled
 Compressed Oops: Enabled (32-bit)
 Alignments: Space 512K, Generation 512K, Heap 2M
 Heap Min Capacity: 100M
 Heap Initial Capacity: 100M
 Heap Max Capacity: 1G
 Pre-touch: Disabled
 Parallel Workers: 13

Heap:
 PSYoungGen      total 26112K, used 10646K [0x00000000eab00000, 0x00000000ecb80000, 0x0000000100000000)
  eden space 25088K, 39% used [0x00000000eab00000,0x00000000eb49b318,0x00000000ec380000)
  from space 1024K, 79% used [0x00000000ec400000,0x00000000ec4ca6f8,0x00000000ec500000)
  to   space 4096K, 0% used [0x00000000ec780000,0x00000000ec780000,0x00000000ecb80000)
 ParOldGen       total 68608K, used 12378K [0x00000000c0000000, 0x00000000c4300000, 0x00000000eab00000)
  object space 68608K, 18% used [0x00000000c0000000,0x00000000c0c16870,0x00000000c4300000)
 Metaspace       used 25922K, committed 26432K, reserved 1114112K
  class space    used 2523K, committed 2752K, reserved 1048576K

Card table byte_map: [0x00000209147a0000,0x00000209149b0000] _byte_map_base: 0x00000209141a0000

Marking Bits: (ParMarkBitMap*) 0x00007ffc07d252c0
 Begin Bits: [0x0000020926a80000, 0x0000020927a80000)
 End Bits:   [0x0000020927a80000, 0x0000020928a80000)

Polling page: 0x0000020912d90000

Metaspace:

Usage:
  Non-class:     22.85 MB used.
      Class:      2.46 MB used.
       Both:     25.31 MB used.

Virtual space:
  Non-class space:       64.00 MB reserved,      23.12 MB ( 36%) committed,  1 nodes.
      Class space:        1.00 GB reserved,       2.69 MB ( <1%) committed,  1 nodes.
             Both:        1.06 GB reserved,      25.81 MB (  2%) committed. 

Chunk freelists:
   Non-Class:  8.86 MB
       Class:  13.31 MB
        Both:  22.17 MB

MaxMetaspaceSize: unlimited
CompressedClassSpaceSize: 1.00 GB
Initial GC threshold: 21.00 MB
Current GC threshold: 35.00 MB
CDS: off
MetaspaceReclaimPolicy: balanced
 - commit_granule_bytes: 65536.
 - commit_granule_words: 8192.
 - virtual_space_node_default_size: 8388608.
 - enlarge_chunks_in_place: 1.
 - new_chunks_are_fully_committed: 0.
 - uncommit_free_chunks: 1.
 - use_allocation_guard: 0.
 - handle_deallocations: 1.


Internal statistics:

num_allocs_failed_limit: 3.
num_arena_births: 272.
num_arena_deaths: 14.
num_vsnodes_births: 2.
num_vsnodes_deaths: 0.
num_space_committed: 413.
num_space_uncommitted: 0.
num_chunks_returned_to_freelist: 17.
num_chunks_taken_from_freelist: 966.
num_chunk_merges: 7.
num_chunk_splits: 644.
num_chunks_enlarged: 451.
num_inconsistent_stats: 0.

CodeHeap 'non-profiled nmethods': size=119168Kb used=997Kb max_used=997Kb free=118171Kb
 bounds [0x000002091f620000, 0x000002091f890000, 0x0000020926a80000]
CodeHeap 'profiled nmethods': size=119104Kb used=4845Kb max_used=4845Kb free=114259Kb
 bounds [0x0000020917a80000, 0x0000020917f40000, 0x000002091eed0000]
CodeHeap 'non-nmethods': size=7488Kb used=2363Kb max_used=2378Kb free=5124Kb
 bounds [0x000002091eed0000, 0x000002091f140000, 0x000002091f620000]
 total_blobs=2998 nmethods=2463 adapters=447
 compilation: enabled
              stopped_count=0, restarted_count=0
 full_count=0

Compilation events (20 events):
Event: 1.734 Thread 0x000002092dfe3b30 2457       4       org.objectweb.asm.ClassReader::readMethod (1066 bytes)
Event: 1.735 Thread 0x000002092e174430 nmethod 2456 0x0000020917f32c10 code [0x0000020917f32f40, 0x0000020917f33fa8]
Event: 1.735 Thread 0x000002092e174430 2459       3       org.objectweb.asm.SymbolTable::put (150 bytes)
Event: 1.735 Thread 0x000002092e174430 nmethod 2459 0x0000020917f34590 code [0x0000020917f34760, 0x0000020917f34e78]
Event: 1.736 Thread 0x000002092e176950 2460 %     3       org.objectweb.asm.ClassReader::<init> @ 110 (371 bytes)
Event: 1.736 Thread 0x000002092e1d2c40 nmethod 2455 0x000002091f716d90 code [0x000002091f716f20, 0x000002091f717238]
Event: 1.736 Thread 0x000002092e1d2c40 2458       4       org.objectweb.asm.MethodVisitor::<init> (94 bytes)
Event: 1.736 Thread 0x000002092e174430 2461       3       org.objectweb.asm.SymbolTable::hash (14 bytes)
Event: 1.736 Thread 0x000002092e174430 nmethod 2461 0x0000020917f35190 code [0x0000020917f35320, 0x0000020917f35418]
Event: 1.736 Thread 0x000002092e174430 2462 %     3       org.objectweb.asm.SymbolTable::<init> @ 98 (536 bytes)
Event: 1.736 Thread 0x000002092e1d2c40 nmethod 2458 0x000002091f717410 code [0x000002091f717580, 0x000002091f717638]
Event: 1.736 Thread 0x000002092e176950 nmethod 2460% 0x0000020917f35490 code [0x0000020917f35780, 0x0000020917f36ad8]
Event: 1.737 Thread 0x000002092ff98db0 nmethod 2454 0x000002091f717710 code [0x000002091f7178a0, 0x000002091f717cf8]
Event: 1.737 Thread 0x000002092ff98db0 2463       4       lombok.patcher.PatchScript$MethodPatcher::visitMethod (158 bytes)
Event: 1.737 Thread 0x000002092e1d2c40 2464       4       lombok.patcher.MethodTarget::matches (29 bytes)
Event: 1.738 Thread 0x000002092e1d2c40 nmethod 2464 0x000002091f718010 code [0x000002091f7181a0, 0x000002091f7183d8]
Event: 1.738 Thread 0x000002092e1d2c40 2467       4       org.objectweb.asm.Type::getArgumentsAndReturnSizes (140 bytes)
Event: 1.738 Thread 0x000002092e174430 nmethod 2462% 0x0000020917f37090 code [0x0000020917f37640, 0x0000020917f3a248]
Event: 1.743 Thread 0x000002092e1d2c40 nmethod 2467 0x000002091f718590 code [0x000002091f718780, 0x000002091f718e50]
Event: 1.743 Thread 0x000002092e1d2c40 2465       4       org.objectweb.asm.MethodWriter::<init> (232 bytes)

GC Heap History (12 events):
Event: 0.724 GC heap before
{Heap before GC invocations=1 (full 0):
 PSYoungGen      total 29696K, used 25600K [0x00000000eab00000, 0x00000000ecc00000, 0x0000000100000000)
  eden space 25600K, 100% used [0x00000000eab00000,0x00000000ec400000,0x00000000ec400000)
  from space 4096K, 0% used [0x00000000ec800000,0x00000000ec800000,0x00000000ecc00000)
  to   space 4096K, 0% used [0x00000000ec400000,0x00000000ec400000,0x00000000ec800000)
 ParOldGen       total 68608K, used 0K [0x00000000c0000000, 0x00000000c4300000, 0x00000000eab00000)
  object space 68608K, 0% used [0x00000000c0000000,0x00000000c0000000,0x00000000c4300000)
 Metaspace       used 10948K, committed 11136K, reserved 1114112K
  class space    used 1091K, committed 1216K, reserved 1048576K
}
Event: 0.728 GC heap after
{Heap after GC invocations=1 (full 0):
 PSYoungGen      total 29696K, used 3081K [0x00000000eab00000, 0x00000000ecc00000, 0x0000000100000000)
  eden space 25600K, 0% used [0x00000000eab00000,0x00000000eab00000,0x00000000ec400000)
  from space 4096K, 75% used [0x00000000ec400000,0x00000000ec7024b0,0x00000000ec800000)
  to   space 4096K, 0% used [0x00000000ec800000,0x00000000ec800000,0x00000000ecc00000)
 ParOldGen       total 68608K, used 16K [0x00000000c0000000, 0x00000000c4300000, 0x00000000eab00000)
  object space 68608K, 0% used [0x00000000c0000000,0x00000000c0004000,0x00000000c4300000)
 Metaspace       used 10948K, committed 11136K, reserved 1114112K
  class space    used 1091K, committed 1216K, reserved 1048576K
}
Event: 1.002 GC heap before
{Heap before GC invocations=2 (full 0):
 PSYoungGen      total 29696K, used 28681K [0x00000000eab00000, 0x00000000ecc00000, 0x0000000100000000)
  eden space 25600K, 100% used [0x00000000eab00000,0x00000000ec400000,0x00000000ec400000)
  from space 4096K, 75% used [0x00000000ec400000,0x00000000ec7024b0,0x00000000ec800000)
  to   space 4096K, 0% used [0x00000000ec800000,0x00000000ec800000,0x00000000ecc00000)
 ParOldGen       total 68608K, used 16K [0x00000000c0000000, 0x00000000c4300000, 0x00000000eab00000)
  object space 68608K, 0% used [0x00000000c0000000,0x00000000c0004000,0x00000000c4300000)
 Metaspace       used 15281K, committed 15488K, reserved 1114112K
  class space    used 1552K, committed 1664K, reserved 1048576K
}
Event: 1.005 GC heap after
{Heap after GC invocations=2 (full 0):
 PSYoungGen      total 29696K, used 4078K [0x00000000eab00000, 0x00000000ecc00000, 0x0000000100000000)
  eden space 25600K, 0% used [0x00000000eab00000,0x00000000eab00000,0x00000000ec400000)
  from space 4096K, 99% used [0x00000000ec800000,0x00000000ecbfb990,0x00000000ecc00000)
  to   space 4096K, 0% used [0x00000000ec400000,0x00000000ec400000,0x00000000ec800000)
 ParOldGen       total 68608K, used 701K [0x00000000c0000000, 0x00000000c4300000, 0x00000000eab00000)
  object space 68608K, 1% used [0x00000000c0000000,0x00000000c00af7d8,0x00000000c4300000)
 Metaspace       used 15281K, committed 15488K, reserved 1114112K
  class space    used 1552K, committed 1664K, reserved 1048576K
}
Event: 1.341 GC heap before
{Heap before GC invocations=3 (full 0):
 PSYoungGen      total 29696K, used 29678K [0x00000000eab00000, 0x00000000ecc00000, 0x0000000100000000)
  eden space 25600K, 100% used [0x00000000eab00000,0x00000000ec400000,0x00000000ec400000)
  from space 4096K, 99% used [0x00000000ec800000,0x00000000ecbfb990,0x00000000ecc00000)
  to   space 4096K, 0% used [0x00000000ec400000,0x00000000ec400000,0x00000000ec800000)
 ParOldGen       total 68608K, used 701K [0x00000000c0000000, 0x00000000c4300000, 0x00000000eab00000)
  object space 68608K, 1% used [0x00000000c0000000,0x00000000c00af7d8,0x00000000c4300000)
 Metaspace       used 20007K, committed 20416K, reserved 1114112K
  class space    used 2039K, committed 2240K, reserved 1048576K
}
Event: 1.345 GC heap after
{Heap after GC invocations=3 (full 0):
 PSYoungGen      total 29696K, used 4095K [0x00000000eab00000, 0x00000000ecc00000, 0x0000000100000000)
  eden space 25600K, 0% used [0x00000000eab00000,0x00000000eab00000,0x00000000ec400000)
  from space 4096K, 99% used [0x00000000ec400000,0x00000000ec7ffdf0,0x00000000ec800000)
  to   space 4096K, 0% used [0x00000000ec800000,0x00000000ec800000,0x00000000ecc00000)
 ParOldGen       total 68608K, used 3364K [0x00000000c0000000, 0x00000000c4300000, 0x00000000eab00000)
  object space 68608K, 4% used [0x00000000c0000000,0x00000000c0349058,0x00000000c4300000)
 Metaspace       used 20007K, committed 20416K, reserved 1114112K
  class space    used 2039K, committed 2240K, reserved 1048576K
}
Event: 1.443 GC heap before
{Heap before GC invocations=4 (full 0):
 PSYoungGen      total 29696K, used 17665K [0x00000000eab00000, 0x00000000ecc00000, 0x0000000100000000)
  eden space 25600K, 53% used [0x00000000eab00000,0x00000000eb8407d0,0x00000000ec400000)
  from space 4096K, 99% used [0x00000000ec400000,0x00000000ec7ffdf0,0x00000000ec800000)
  to   space 4096K, 0% used [0x00000000ec800000,0x00000000ec800000,0x00000000ecc00000)
 ParOldGen       total 68608K, used 3364K [0x00000000c0000000, 0x00000000c4300000, 0x00000000eab00000)
  object space 68608K, 4% used [0x00000000c0000000,0x00000000c0349058,0x00000000c4300000)
 Metaspace       used 20972K, committed 21504K, reserved 1114112K
  class space    used 2148K, committed 2432K, reserved 1048576K
}
Event: 1.447 GC heap after
{Heap after GC invocations=4 (full 0):
 PSYoungGen      total 29696K, used 4095K [0x00000000eab00000, 0x00000000ecc00000, 0x0000000100000000)
  eden space 25600K, 0% used [0x00000000eab00000,0x00000000eab00000,0x00000000ec400000)
  from space 4096K, 99% used [0x00000000ec800000,0x00000000ecbffe10,0x00000000ecc00000)
  to   space 4096K, 0% used [0x00000000ec400000,0x00000000ec400000,0x00000000ec800000)
 ParOldGen       total 68608K, used 8532K [0x00000000c0000000, 0x00000000c4300000, 0x00000000eab00000)
  object space 68608K, 12% used [0x00000000c0000000,0x00000000c0855270,0x00000000c4300000)
 Metaspace       used 20972K, committed 21504K, reserved 1114112K
  class space    used 2148K, committed 2432K, reserved 1048576K
}
Event: 1.447 GC heap before
{Heap before GC invocations=5 (full 1):
 PSYoungGen      total 29696K, used 4095K [0x00000000eab00000, 0x00000000ecc00000, 0x0000000100000000)
  eden space 25600K, 0% used [0x00000000eab00000,0x00000000eab00000,0x00000000ec400000)
  from space 4096K, 99% used [0x00000000ec800000,0x00000000ecbffe10,0x00000000ecc00000)
  to   space 4096K, 0% used [0x00000000ec400000,0x00000000ec400000,0x00000000ec800000)
 ParOldGen       total 68608K, used 8532K [0x00000000c0000000, 0x00000000c4300000, 0x00000000eab00000)
  object space 68608K, 12% used [0x00000000c0000000,0x00000000c0855270,0x00000000c4300000)
 Metaspace       used 20972K, committed 21504K, reserved 1114112K
  class space    used 2148K, committed 2432K, reserved 1048576K
}
Event: 1.465 GC heap after
{Heap after GC invocations=5 (full 1):
 PSYoungGen      total 29696K, used 0K [0x00000000eab00000, 0x00000000ecc00000, 0x0000000100000000)
  eden space 25600K, 0% used [0x00000000eab00000,0x00000000eab00000,0x00000000ec400000)
  from space 4096K, 0% used [0x00000000ec800000,0x00000000ec800000,0x00000000ecc00000)
  to   space 4096K, 0% used [0x00000000ec400000,0x00000000ec400000,0x00000000ec800000)
 ParOldGen       total 68608K, used 12378K [0x00000000c0000000, 0x00000000c4300000, 0x00000000eab00000)
  object space 68608K, 18% used [0x00000000c0000000,0x00000000c0c16870,0x00000000c4300000)
 Metaspace       used 20959K, committed 21504K, reserved 1114112K
  class space    used 2145K, committed 2432K, reserved 1048576K
}
Event: 1.675 GC heap before
{Heap before GC invocations=6 (full 1):
 PSYoungGen      total 29696K, used 25600K [0x00000000eab00000, 0x00000000ecc00000, 0x0000000100000000)
  eden space 25600K, 100% used [0x00000000eab00000,0x00000000ec400000,0x00000000ec400000)
  from space 4096K, 0% used [0x00000000ec800000,0x00000000ec800000,0x00000000ecc00000)
  to   space 4096K, 0% used [0x00000000ec400000,0x00000000ec400000,0x00000000ec800000)
 ParOldGen       total 68608K, used 12378K [0x00000000c0000000, 0x00000000c4300000, 0x00000000eab00000)
  object space 68608K, 18% used [0x00000000c0000000,0x00000000c0c16870,0x00000000c4300000)
 Metaspace       used 24484K, committed 24960K, reserved 1114112K
  class space    used 2394K, committed 2624K, reserved 1048576K
}
Event: 1.675 GC heap after
{Heap after GC invocations=6 (full 1):
 PSYoungGen      total 26112K, used 809K [0x00000000eab00000, 0x00000000ecb80000, 0x0000000100000000)
  eden space 25088K, 0% used [0x00000000eab00000,0x00000000eab00000,0x00000000ec380000)
  from space 1024K, 79% used [0x00000000ec400000,0x00000000ec4ca6f8,0x00000000ec500000)
  to   space 4096K, 0% used [0x00000000ec780000,0x00000000ec780000,0x00000000ecb80000)
 ParOldGen       total 68608K, used 12378K [0x00000000c0000000, 0x00000000c4300000, 0x00000000eab00000)
  object space 68608K, 18% used [0x00000000c0000000,0x00000000c0c16870,0x00000000c4300000)
 Metaspace       used 24484K, committed 24960K, reserved 1114112K
  class space    used 2394K, committed 2624K, reserved 1048576K
}

Dll operation events (9 events):
Event: 0.008 Loaded shared library c:\Users\Admin\.vscode\extensions\redhat.java-1.21.0-win32-x64\jre\17.0.7-win32-x86_64\bin\java.dll
Event: 0.159 Loaded shared library c:\Users\Admin\.vscode\extensions\redhat.java-1.21.0-win32-x64\jre\17.0.7-win32-x86_64\bin\zip.dll
Event: 0.162 Loaded shared library C:\Users\Admin\.vscode\extensions\redhat.java-1.21.0-win32-x64\jre\17.0.7-win32-x86_64\bin\instrument.dll
Event: 0.174 Loaded shared library C:\Users\Admin\.vscode\extensions\redhat.java-1.21.0-win32-x64\jre\17.0.7-win32-x86_64\bin\net.dll
Event: 0.176 Loaded shared library C:\Users\Admin\.vscode\extensions\redhat.java-1.21.0-win32-x64\jre\17.0.7-win32-x86_64\bin\nio.dll
Event: 0.183 Loaded shared library C:\Users\Admin\.vscode\extensions\redhat.java-1.21.0-win32-x64\jre\17.0.7-win32-x86_64\bin\zip.dll
Event: 0.197 Loaded shared library C:\Users\Admin\.vscode\extensions\redhat.java-1.21.0-win32-x64\jre\17.0.7-win32-x86_64\bin\jimage.dll
Event: 0.242 Loaded shared library c:\Users\Admin\.vscode\extensions\redhat.java-1.21.0-win32-x64\jre\17.0.7-win32-x86_64\bin\verify.dll
Event: 0.948 Loaded shared library C:\Users\Admin\AppData\Roaming\Code\User\globalStorage\redhat.java\1.21.0\config_ss_win\org.eclipse.equinox.launcher\org.eclipse.equinox.launcher.win32.win32.x86_64_1.2.700.v20221108-1024\eclipse_11801.dll

Deoptimization events (20 events):
Event: 1.362 Thread 0x00000209309be250 Uncommon trap: trap_request=0xffffff45 fr.pc=0x000002091f6fb964 relative=0x0000000000000664
Event: 1.362 Thread 0x00000209309be250 Uncommon trap: reason=unstable_if action=reinterpret pc=0x000002091f6fb964 method=org.eclipse.core.internal.resources.Workspace.newElement(I)Lorg/eclipse/core/internal/resources/ResourceInfo; @ 3 c2
Event: 1.362 Thread 0x00000209309be250 DEOPT PACKING pc=0x000002091f6fb964 sp=0x0000005608df9130
Event: 1.362 Thread 0x00000209309be250 DEOPT UNPACKING pc=0x000002091ef29ea3 sp=0x0000005608df9060 mode 2
Event: 1.362 Thread 0x00000209309be250 Uncommon trap: trap_request=0xffffff45 fr.pc=0x000002091f6f8358 relative=0x0000000000000058
Event: 1.362 Thread 0x00000209309be250 Uncommon trap: reason=unstable_if action=reinterpret pc=0x000002091f6f8358 method=org.eclipse.core.internal.dtree.DataTreeReader.hasData(I)Z @ 1 c2
Event: 1.362 Thread 0x00000209309be250 DEOPT PACKING pc=0x000002091f6f8358 sp=0x0000005608df9220
Event: 1.362 Thread 0x00000209309be250 DEOPT UNPACKING pc=0x000002091ef29ea3 sp=0x0000005608df91a0 mode 2
Event: 1.378 Thread 0x00000209309be250 Uncommon trap: trap_request=0xffffff45 fr.pc=0x000002091f6f8090 relative=0x0000000000000090
Event: 1.378 Thread 0x00000209309be250 Uncommon trap: reason=unstable_if action=reinterpret pc=0x000002091f6f8090 method=org.eclipse.core.runtime.Path.<init>(Ljava/lang/String;[Ljava/lang/String;I)V @ 9 c2
Event: 1.378 Thread 0x00000209309be250 DEOPT PACKING pc=0x000002091f6f8090 sp=0x0000005608df9320
Event: 1.378 Thread 0x00000209309be250 DEOPT UNPACKING pc=0x000002091ef29ea3 sp=0x0000005608df92c8 mode 2
Event: 1.391 Thread 0x00000209309be250 Uncommon trap: trap_request=0xffffff45 fr.pc=0x000002091f6b01c0 relative=0x0000000000000040
Event: 1.391 Thread 0x00000209309be250 Uncommon trap: reason=unstable_if action=reinterpret pc=0x000002091f6b01c0 method=sun.nio.fs.WindowsPathParser.isSlash(C)Z @ 9 c2
Event: 1.391 Thread 0x00000209309be250 DEOPT PACKING pc=0x000002091f6b01c0 sp=0x0000005608df8ef0
Event: 1.391 Thread 0x00000209309be250 DEOPT UNPACKING pc=0x000002091ef29ea3 sp=0x0000005608df8e78 mode 2
Event: 1.405 Thread 0x00000209309be250 Uncommon trap: trap_request=0xffffff45 fr.pc=0x000002091f6f4350 relative=0x0000000000000770
Event: 1.405 Thread 0x00000209309be250 Uncommon trap: reason=unstable_if action=reinterpret pc=0x000002091f6f4350 method=java.io.BufferedInputStream.read([BII)I @ 56 c2
Event: 1.405 Thread 0x00000209309be250 DEOPT PACKING pc=0x000002091f6f4350 sp=0x0000005608df8e10
Event: 1.405 Thread 0x00000209309be250 DEOPT UNPACKING pc=0x000002091ef29ea3 sp=0x0000005608df8de8 mode 2

Classes unloaded (7 events):
Event: 1.452 Thread 0x0000020914eb5110 Unloading class 0x000000010021a000 'java/lang/invoke/LambdaForm$MH+0x000000010021a000'
Event: 1.452 Thread 0x0000020914eb5110 Unloading class 0x0000000100219c00 'java/lang/invoke/LambdaForm$MH+0x0000000100219c00'
Event: 1.452 Thread 0x0000020914eb5110 Unloading class 0x0000000100219800 'java/lang/invoke/LambdaForm$MH+0x0000000100219800'
Event: 1.452 Thread 0x0000020914eb5110 Unloading class 0x0000000100219400 'java/lang/invoke/LambdaForm$MH+0x0000000100219400'
Event: 1.452 Thread 0x0000020914eb5110 Unloading class 0x0000000100219000 'java/lang/invoke/LambdaForm$BMH+0x0000000100219000'
Event: 1.452 Thread 0x0000020914eb5110 Unloading class 0x0000000100218c00 'java/lang/invoke/LambdaForm$DMH+0x0000000100218c00'
Event: 1.452 Thread 0x0000020914eb5110 Unloading class 0x0000000100212000 'java/lang/invoke/LambdaForm$DMH+0x0000000100212000'

Classes redefined (0 events):
No events

Internal exceptions (20 events):
Event: 1.244 Thread 0x00000209309be250 Exception <a 'java/lang/NoSuchMethodError'{0x00000000ebdf0050}: 'int java.lang.invoke.DirectMethodHandle$Holder.invokeSpecial(java.lang.Object, java.lang.Object, java.lang.Object)'> (0x00000000ebdf0050) 
thrown [s\src\hotspot\share\interpreter\linkResolver.cpp, line 759]
Event: 1.245 Thread 0x00000209309be250 Exception <a 'java/lang/NoSuchMethodError'{0x00000000ebe015a8}: 'int java.lang.invoke.DirectMethodHandle$Holder.invokeStatic(java.lang.Object, java.lang.Object, int)'> (0x00000000ebe015a8) 
thrown [s\src\hotspot\share\interpreter\linkResolver.cpp, line 759]
Event: 1.245 Thread 0x00000209309be250 Exception <a 'java/lang/NoSuchMethodError'{0x00000000ebe05818}: 'int java.lang.invoke.DirectMethodHandle$Holder.invokeSpecial(java.lang.Object, java.lang.Object, java.lang.Object, int)'> (0x00000000ebe05818) 
thrown [s\src\hotspot\share\interpreter\linkResolver.cpp, line 759]
Event: 1.247 Thread 0x00000209309be250 Exception <a 'java/lang/NoSuchMethodError'{0x00000000ebe21418}: 'java.lang.Object java.lang.invoke.DirectMethodHandle$Holder.invokeStatic(java.lang.Object, java.lang.Object, java.lang.Object, java.lang.Object, int)'> (0x00000000ebe21418) 
thrown [s\src\hotspot\share\interpreter\linkResolver.cpp, line 759]
Event: 1.248 Thread 0x00000209309be250 Exception <a 'java/lang/NoSuchMethodError'{0x00000000ebe2d680}: 'java.lang.Object java.lang.invoke.DelegatingMethodHandle$Holder.reinvoke_L(java.lang.Object, java.lang.Object, java.lang.Object, java.lang.Object, int, int)'> (0x00000000ebe2d680) 
thrown [s\src\hotspot\share\interpreter\linkResolver.cpp, line 759]
Event: 1.249 Thread 0x00000209309be250 Exception <a 'java/lang/NoSuchMethodError'{0x00000000ebe41ea0}: 'java.lang.Object java.lang.invoke.Invokers$Holder.invokeExact_MT(java.lang.Object, java.lang.Object, java.lang.Object, java.lang.Object)'> (0x00000000ebe41ea0) 
thrown [s\src\hotspot\share\interpreter\linkResolver.cpp, line 759]
Event: 1.364 Thread 0x00000209309be250 Exception <a 'java/lang/NoSuchMethodError'{0x00000000eb2609c8}: 'java.lang.Object java.lang.invoke.DirectMethodHandle$Holder.newInvokeSpecial(java.lang.Object, java.lang.Object, java.lang.Object, java.lang.Object, java.lang.Object)'> (0x00000000eb2609c8) 
thrown [s\src\hotspot\share\interpreter\linkResolver.cpp, line 759]
Event: 1.420 Thread 0x00000209309be250 Exception <a 'java/lang/NoSuchMethodError'{0x00000000eb63fd48}: 'java.lang.Object java.lang.invoke.DirectMethodHandle$Holder.invokeSpecial(java.lang.Object, java.lang.Object, java.lang.Object, long, java.lang.Object)'> (0x00000000eb63fd48) 
thrown [s\src\hotspot\share\interpreter\linkResolver.cpp, line 759]
Event: 1.420 Thread 0x00000209309be250 Exception <a 'java/lang/NoSuchMethodError'{0x00000000eb647f00}: 'java.lang.Object java.lang.invoke.DirectMethodHandle$Holder.newInvokeSpecial(java.lang.Object, java.lang.Object, java.lang.Object, long)'> (0x00000000eb647f00) 
thrown [s\src\hotspot\share\interpreter\linkResolver.cpp, line 759]
Event: 1.421 Thread 0x00000209309be250 Exception <a 'java/lang/NoSuchMethodError'{0x00000000eb64c4a0}: 'java.lang.Object java.lang.invoke.DirectMethodHandle$Holder.invokeSpecial(java.lang.Object, java.lang.Object, java.lang.Object, java.lang.Object, long)'> (0x00000000eb64c4a0) 
thrown [s\src\hotspot\share\interpreter\linkResolver.cpp, line 759]
Event: 1.421 Thread 0x00000209309be250 Exception <a 'java/lang/NoSuchMethodError'{0x00000000eb6509a0}: 'java.lang.Object java.lang.invoke.Invokers$Holder.linkToTargetMethod(java.lang.Object, java.lang.Object, long, java.lang.Object)'> (0x00000000eb6509a0) 
thrown [s\src\hotspot\share\interpreter\linkResolver.cpp, line 759]
Event: 1.426 Thread 0x00000209309be250 Exception <a 'java/lang/NoSuchMethodError'{0x00000000eb6c2878}: 'int java.lang.invoke.DirectMethodHandle$Holder.invokeStaticInit(java.lang.Object, java.lang.Object, java.lang.Object)'> (0x00000000eb6c2878) 
thrown [s\src\hotspot\share\interpreter\linkResolver.cpp, line 759]
Event: 1.431 Thread 0x00000209309be250 Exception <a 'java/lang/IncompatibleClassChangeError'{0x00000000eb72a580}: Found class java.lang.Object, but interface was expected> (0x00000000eb72a580) 
thrown [s\src\hotspot\share\interpreter\linkResolver.cpp, line 826]
Event: 1.434 Thread 0x00000209309be250 Exception <a 'java/lang/NoSuchMethodError'{0x00000000eb73c908}: 'java.lang.Object java.lang.invoke.DirectMethodHandle$Holder.invokeSpecial(java.lang.Object, java.lang.Object, java.lang.Object, int, java.lang.Object, java.lang.Object)'> (0x00000000eb73c908) 
thrown [s\src\hotspot\share\interpreter\linkResolver.cpp, line 759]
Event: 1.435 Thread 0x00000209309be250 Exception <a 'java/lang/NoSuchMethodError'{0x00000000eb745090}: 'java.lang.Object java.lang.invoke.DirectMethodHandle$Holder.newInvokeSpecial(java.lang.Object, java.lang.Object, java.lang.Object, int, java.lang.Object)'> (0x00000000eb745090) 
thrown [s\src\hotspot\share\interpreter\linkResolver.cpp, line 759]
Event: 1.436 Thread 0x00000209309be250 Exception <a 'java/lang/NoSuchMethodError'{0x00000000eb7494e8}: 'java.lang.Object java.lang.invoke.DirectMethodHandle$Holder.invokeSpecial(java.lang.Object, java.lang.Object, java.lang.Object, java.lang.Object, int, java.lang.Object)'> (0x00000000eb7494e8) 
thrown [s\src\hotspot\share\interpreter\linkResolver.cpp, line 759]
Event: 1.436 Thread 0x0000020930ce5d90 Exception <a 'java/lang/NoSuchMethodError'{0x00000000eb693bc0}: 'java.lang.Object java.lang.invoke.DirectMethodHandle$Holder.invokeSpecial(java.lang.Object, java.lang.Object, int, java.lang.Object, java.lang.Object)'> (0x00000000eb693bc0) 
thrown [s\src\hotspot\share\interpreter\linkResolver.cpp, line 759]
Event: 1.436 Thread 0x0000020930ce5d90 Exception <a 'java/lang/NoSuchMethodError'{0x00000000eb69b290}: 'java.lang.Object java.lang.invoke.DirectMethodHandle$Holder.newInvokeSpecial(java.lang.Object, java.lang.Object, int, java.lang.Object)'> (0x00000000eb69b290) 
thrown [s\src\hotspot\share\interpreter\linkResolver.cpp, line 759]
Event: 1.437 Thread 0x0000020930ce5d90 Exception <a 'java/lang/NoSuchMethodError'{0x00000000eb69eda0}: 'java.lang.Object java.lang.invoke.DirectMethodHandle$Holder.invokeSpecial(java.lang.Object, java.lang.Object, java.lang.Object, int, java.lang.Object)'> (0x00000000eb69eda0) 
thrown [s\src\hotspot\share\interpreter\linkResolver.cpp, line 759]
Event: 1.475 Thread 0x0000020930ce5d90 Exception <a 'java/io/FileNotFoundException'{0x00000000eaba7ec0}> (0x00000000eaba7ec0) 
thrown [s\src\hotspot\share\prims\jni.cpp, line 516]

VM Operations (20 events):
Event: 0.872 Executing VM operation: HandshakeAllThreads
Event: 0.872 Executing VM operation: HandshakeAllThreads done
Event: 0.979 Executing VM operation: HandshakeAllThreads
Event: 0.979 Executing VM operation: HandshakeAllThreads done
Event: 1.002 Executing VM operation: ParallelGCFailedAllocation
Event: 1.005 Executing VM operation: ParallelGCFailedAllocation done
Event: 1.161 Executing VM operation: HandshakeAllThreads
Event: 1.161 Executing VM operation: HandshakeAllThreads done
Event: 1.242 Executing VM operation: HandshakeAllThreads
Event: 1.242 Executing VM operation: HandshakeAllThreads done
Event: 1.341 Executing VM operation: ParallelGCFailedAllocation
Event: 1.345 Executing VM operation: ParallelGCFailedAllocation done
Event: 1.443 Executing VM operation: CollectForMetadataAllocation
Event: 1.465 Executing VM operation: CollectForMetadataAllocation done
Event: 1.469 Executing VM operation: HandshakeAllThreads
Event: 1.469 Executing VM operation: HandshakeAllThreads done
Event: 1.670 Executing VM operation: HandshakeAllThreads
Event: 1.670 Executing VM operation: HandshakeAllThreads done
Event: 1.674 Executing VM operation: ParallelGCFailedAllocation
Event: 1.675 Executing VM operation: ParallelGCFailedAllocation done

Events (20 events):
Event: 1.505 loading class java/util/zip/GZIPOutputStream
Event: 1.505 loading class java/util/zip/GZIPOutputStream done
Event: 1.508 loading class java/util/zip/GZIPInputStream
Event: 1.508 loading class java/util/zip/GZIPInputStream done
Event: 1.523 loading class java/io/StringReader
Event: 1.523 loading class java/io/StringReader done
Event: 1.526 loading class java/net/SocketTimeoutException
Event: 1.526 loading class java/io/InterruptedIOException
Event: 1.526 loading class java/io/InterruptedIOException done
Event: 1.526 loading class java/net/SocketTimeoutException done
Event: 1.526 loading class java/net/SocketException
Event: 1.526 loading class java/net/SocketException done
Event: 1.526 loading class java/net/UnknownHostException
Event: 1.526 loading class java/net/UnknownHostException done
Event: 1.526 loading class java/net/ProtocolException
Event: 1.527 loading class java/net/ProtocolException done
Event: 1.544 loading class java/lang/NegativeArraySizeException
Event: 1.544 loading class java/lang/NegativeArraySizeException done
Event: 1.544 loading class java/io/FileWriter
Event: 1.544 loading class java/io/FileWriter done


Dynamic libraries:
0x00007ff684a30000 - 0x00007ff684a3e000 	c:\Users\Admin\.vscode\extensions\redhat.java-1.21.0-win32-x64\jre\17.0.7-win32-x86_64\bin\java.exe
0x00007ffc77f50000 - 0x00007ffc78164000 	C:\WINDOWS\SYSTEM32\ntdll.dll
0x00007ffc763d0000 - 0x00007ffc76494000 	C:\WINDOWS\System32\KERNEL32.DLL
0x00007ffc755a0000 - 0x00007ffc75944000 	C:\WINDOWS\System32\KERNELBASE.dll
0x00007ffc75450000 - 0x00007ffc75561000 	C:\WINDOWS\System32\ucrtbase.dll
0x00007ffc66a60000 - 0x00007ffc66a79000 	c:\Users\Admin\.vscode\extensions\redhat.java-1.21.0-win32-x64\jre\17.0.7-win32-x86_64\bin\VCRUNTIME140.dll
0x00007ffc66a80000 - 0x00007ffc66a97000 	c:\Users\Admin\.vscode\extensions\redhat.java-1.21.0-win32-x64\jre\17.0.7-win32-x86_64\bin\jli.dll
0x00007ffc76680000 - 0x00007ffc7682a000 	C:\WINDOWS\System32\USER32.dll
0x00007ffc4d900000 - 0x00007ffc4db8f000 	C:\WINDOWS\WinSxS\amd64_microsoft.windows.common-controls_6595b64144ccf1df_6.0.22621.2070_none_2713e6537381f706\COMCTL32.dll
0x00007ffc75570000 - 0x00007ffc75596000 	C:\WINDOWS\System32\win32u.dll
0x00007ffc76ed0000 - 0x00007ffc76f77000 	C:\WINDOWS\System32\msvcrt.dll
0x00007ffc761f0000 - 0x00007ffc76219000 	C:\WINDOWS\System32\GDI32.dll
0x00007ffc75330000 - 0x00007ffc75449000 	C:\WINDOWS\System32\gdi32full.dll
0x00007ffc75bb0000 - 0x00007ffc75c4a000 	C:\WINDOWS\System32\msvcp_win.dll
0x00007ffc76e90000 - 0x00007ffc76ec1000 	C:\WINDOWS\System32\IMM32.DLL
0x00007ffc6e840000 - 0x00007ffc6e84c000 	c:\Users\Admin\.vscode\extensions\redhat.java-1.21.0-win32-x64\jre\17.0.7-win32-x86_64\bin\vcruntime140_1.dll
0x00007ffc1ffb0000 - 0x00007ffc20041000 	c:\Users\Admin\.vscode\extensions\redhat.java-1.21.0-win32-x64\jre\17.0.7-win32-x86_64\bin\msvcp140.dll
0x00007ffc071a0000 - 0x00007ffc07de8000 	c:\Users\Admin\.vscode\extensions\redhat.java-1.21.0-win32-x64\jre\17.0.7-win32-x86_64\bin\server\jvm.dll
0x00007ffc764f0000 - 0x00007ffc765a0000 	C:\WINDOWS\System32\ADVAPI32.dll
0x00007ffc76320000 - 0x00007ffc763c6000 	C:\WINDOWS\System32\sechost.dll
0x00007ffc77060000 - 0x00007ffc77177000 	C:\WINDOWS\System32\RPCRT4.dll
0x00007ffc439c0000 - 0x00007ffc439c9000 	C:\WINDOWS\SYSTEM32\WSOCK32.dll
0x00007ffc6e800000 - 0x00007ffc6e834000 	C:\WINDOWS\SYSTEM32\WINMM.dll
0x00007ffc6eb90000 - 0x00007ffc6eb9a000 	C:\WINDOWS\SYSTEM32\VERSION.dll
0x00007ffc75f70000 - 0x00007ffc75fe1000 	C:\WINDOWS\System32\WS2_32.dll
0x00007ffc742e0000 - 0x00007ffc742f8000 	C:\WINDOWS\SYSTEM32\kernel.appcore.dll
0x00007ffc66cd0000 - 0x00007ffc66cda000 	c:\Users\Admin\.vscode\extensions\redhat.java-1.21.0-win32-x64\jre\17.0.7-win32-x86_64\bin\jimage.dll
0x00007ffc72c90000 - 0x00007ffc72ebe000 	C:\WINDOWS\SYSTEM32\DBGHELP.DLL
0x00007ffc76830000 - 0x00007ffc76bba000 	C:\WINDOWS\System32\combase.dll
0x00007ffc765a0000 - 0x00007ffc76677000 	C:\WINDOWS\System32\OLEAUT32.dll
0x00007ffc5d160000 - 0x00007ffc5d192000 	C:\WINDOWS\SYSTEM32\dbgcore.DLL
0x00007ffc75950000 - 0x00007ffc759ca000 	C:\WINDOWS\System32\bcryptPrimitives.dll
0x00007ffc66a50000 - 0x00007ffc66a5e000 	c:\Users\Admin\.vscode\extensions\redhat.java-1.21.0-win32-x64\jre\17.0.7-win32-x86_64\bin\instrument.dll
0x00007ffc66a20000 - 0x00007ffc66a45000 	c:\Users\Admin\.vscode\extensions\redhat.java-1.21.0-win32-x64\jre\17.0.7-win32-x86_64\bin\java.dll
0x00007ffc668e0000 - 0x00007ffc668f8000 	c:\Users\Admin\.vscode\extensions\redhat.java-1.21.0-win32-x64\jre\17.0.7-win32-x86_64\bin\zip.dll
0x00007ffc77180000 - 0x00007ffc77996000 	C:\WINDOWS\System32\SHELL32.dll
0x00007ffc732b0000 - 0x00007ffc73b9a000 	C:\WINDOWS\SYSTEM32\windows.storage.dll
0x00007ffc73170000 - 0x00007ffc732ae000 	C:\WINDOWS\SYSTEM32\wintypes.dll
0x00007ffc75ff0000 - 0x00007ffc760e3000 	C:\WINDOWS\System32\SHCORE.dll
0x00007ffc77000000 - 0x00007ffc7705e000 	C:\WINDOWS\System32\shlwapi.dll
0x00007ffc75260000 - 0x00007ffc75286000 	C:\WINDOWS\SYSTEM32\profapi.dll
0x00007ffc64d10000 - 0x00007ffc64d29000 	C:\Users\Admin\.vscode\extensions\redhat.java-1.21.0-win32-x64\jre\17.0.7-win32-x86_64\bin\net.dll
0x00007ffc6ea30000 - 0x00007ffc6eb67000 	C:\WINDOWS\SYSTEM32\WINHTTP.dll
0x00007ffc747a0000 - 0x00007ffc74809000 	C:\WINDOWS\system32\mswsock.dll
0x00007ffc64bf0000 - 0x00007ffc64c05000 	C:\Users\Admin\.vscode\extensions\redhat.java-1.21.0-win32-x64\jre\17.0.7-win32-x86_64\bin\nio.dll
0x00007ffc669e0000 - 0x00007ffc669f0000 	c:\Users\Admin\.vscode\extensions\redhat.java-1.21.0-win32-x64\jre\17.0.7-win32-x86_64\bin\verify.dll
0x00007ffc41880000 - 0x00007ffc418be000 	C:\Users\Admin\AppData\Roaming\Code\User\globalStorage\redhat.java\1.21.0\config_ss_win\org.eclipse.equinox.launcher\org.eclipse.equinox.launcher.win32.win32.x86_64_1.2.700.v20221108-1024\eclipse_11801.dll
0x00007ffc76bc0000 - 0x00007ffc76d5c000 	C:\WINDOWS\System32\ole32.dll

dbghelp: loaded successfully - version: 4.0.5 - missing functions: none
symbol engine: initialized successfully - sym options: 0x614 - pdb path: .;c:\Users\Admin\.vscode\extensions\redhat.java-1.21.0-win32-x64\jre\17.0.7-win32-x86_64\bin;C:\WINDOWS\SYSTEM32;C:\WINDOWS\WinSxS\amd64_microsoft.windows.common-controls_6595b64144ccf1df_6.0.22621.2070_none_2713e6537381f706;c:\Users\Admin\.vscode\extensions\redhat.java-1.21.0-win32-x64\jre\17.0.7-win32-x86_64\bin\server;C:\Users\Admin\AppData\Roaming\Code\User\globalStorage\redhat.java\1.21.0\config_ss_win\org.eclipse.equinox.launcher\org.eclipse.equinox.launcher.win32.win32.x86_64_1.2.700.v20221108-1024

VM Arguments:
jvm_args: --add-modules=ALL-SYSTEM --add-opens=java.base/java.util=ALL-UNNAMED --add-opens=java.base/java.lang=ALL-UNNAMED --add-opens=java.base/sun.nio.fs=ALL-UNNAMED -Declipse.application=org.eclipse.jdt.ls.core.id1 -Dosgi.bundles.defaultStartLevel=4 -Declipse.product=org.eclipse.jdt.ls.core.product -Djava.import.generatesMetadataFilesAtProjectRoot=false -Dfile.encoding=utf8 -XX:+UseParallelGC -XX:GCTimeRatio=4 -XX:AdaptiveSizePolicyWeight=90 -Dsun.zip.disableMemoryMapping=true -Xmx1G -Xms100m -Xlog:disable -javaagent:c:\Users\Admin\.vscode\extensions\redhat.java-1.21.0-win32-x64\lombok\lombok-1.18.28.jar 
java_command: c:\Users\Admin\.vscode\extensions\redhat.java-1.21.0-win32-x64\server\plugins\org.eclipse.equinox.launcher_1.6.500.v20230717-2134.jar -configuration c:\Users\Admin\AppData\Roaming\Code\User\globalStorage\redhat.java\1.21.0\config_ss_win -data c:\Users\Admin\AppData\Roaming\Code\User\workspaceStorage\e7c62a26f5fb9af6089d468b08576148\redhat.java\ss_ws
java_class_path (initial): c:\Users\Admin\.vscode\extensions\redhat.java-1.21.0-win32-x64\server\plugins\org.eclipse.equinox.launcher_1.6.500.v20230717-2134.jar
Launcher Type: SUN_STANDARD

[Global flags]
    uintx AdaptiveSizePolicyWeight                 = 90                                        {product} {command line}
     intx CICompilerCount                          = 12                                        {product} {ergonomic}
    uintx GCTimeRatio                              = 4                                         {product} {command line}
   size_t InitialHeapSize                          = 104857600                                 {product} {command line}
   size_t MaxHeapSize                              = 1073741824                                {product} {command line}
   size_t MaxNewSize                               = 357564416                                 {product} {ergonomic}
   size_t MinHeapDeltaBytes                        = 524288                                    {product} {ergonomic}
   size_t MinHeapSize                              = 104857600                                 {product} {command line}
   size_t NewSize                                  = 34603008                                  {product} {ergonomic}
    uintx NonNMethodCodeHeapSize                   = 7602480                                {pd product} {ergonomic}
    uintx NonProfiledCodeHeapSize                  = 122027880                              {pd product} {ergonomic}
   size_t OldSize                                  = 70254592                                  {product} {ergonomic}
    uintx ProfiledCodeHeapSize                     = 122027880                              {pd product} {ergonomic}
    uintx ReservedCodeCacheSize                    = 251658240                              {pd product} {ergonomic}
     bool SegmentedCodeCache                       = true                                      {product} {ergonomic}
   size_t SoftMaxHeapSize                          = 1073741824                             {manageable} {ergonomic}
     bool UseCompressedClassPointers               = true                           {product lp64_product} {ergonomic}
     bool UseCompressedOops                        = true                           {product lp64_product} {ergonomic}
     bool UseLargePagesIndividualAllocation        = false                                  {pd product} {ergonomic}
     bool UseParallelGC                            = true                                      {product} {command line}

Logging:
Log output configuration:
 #0: stdout all=off uptime,level,tags
 #1: stderr all=off uptime,level,tags

Environment Variables:
JAVA_HOME=C:\Program Files\Java\jdk-14.0.2
PATH=C:\Program Files\Python310\Scripts\;C:\Program Files\Python310\;C:\Program Files\Python38\Scripts\;C:\Program Files\Python38\;C:\WINDOWS\system32;C:\WINDOWS;C:\WINDOWS\System32\Wbem;C:\WINDOWS\System32\WindowsPowerShell\v1.0\;C:\WINDOWS\System32\OpenSSH\;C:\Program Files\Microsoft SQL Server\Client SDK\ODBC\110\Tools\Binn\;C:\Program Files (x86)\Microsoft SQL Server\120\Tools\Binn\;C:\Program Files\Microsoft SQL Server\120\Tools\Binn\;C:\Program Files\Microsoft SQL Server\120\DTS\Binn\;C:\Program Files (x86)\Microsoft SQL Server\120\Tools\Binn\ManagementStudio\;C:\Program Files (x86)\Microsoft SQL Server\120\DTS\Binn\;C:\Program Files\Java\jdk-11.0.2\bin;C:\tomcat\apache-tomcat-9.0.63\bin;C:\Program Files\dotnet\;C:\Program Files\Microsoft SQL Server\150\Tools\Binn\;C:\Program Files\Microsoft SQL Server\Client SDK\ODBC\170\Tools\Binn\;C:\Program Files\nodejs\;C:\Program Files\Microsoft SQL Server\130\Tools\Binn\;C:\WINDOWS\system32;C:\WINDOWS;C:\WINDOWS\System32\Wbem;C:\WINDOWS\System32\WindowsPowerShell\v1.0\;C:\WINDOWS\System32\OpenSSH\;C:\Program Files\MongoDB\Server\5.0\bin;C:\Users\Admin\AppData\Local\Microsoft\WindowsApps;;C:\Users\Admin\AppData\Local\Programs\Microsoft VS Code\bin;C:\Users\Admin\.dotnet\tools;C:\Users\Admin\AppData\Roaming\npm
USERNAME=Admin
OS=Windows_NT
PROCESSOR_IDENTIFIER=Intel64 Family 6 Model 141 Stepping 1, GenuineIntel
TMP=C:\Users\Admin\AppData\Local\Temp
TEMP=C:\Users\Admin\AppData\Local\Temp



---------------  S Y S T E M  ---------------

OS:
 Windows 11 , 64 bit Build 22621 (10.0.22621.2070)
OS uptime: 0 days 0:44 hours
Hyper-V role detected

CPU: total 16 (initial active 16) (8 cores per cpu, 2 threads per core) family 6 model 141 stepping 1 microcode 0x32, cx8, cmov, fxsr, ht, mmx, 3dnowpref, sse, sse2, sse3, ssse3, sse4.1, sse4.2, popcnt, lzcnt, tsc, tscinvbit, avx, avx2, aes, erms, clmul, bmi1, bmi2, adx, avx512f, avx512dq, avx512cd, avx512bw, avx512vl, sha, fma, vzeroupper, avx512_vpopcntdq, avx512_vpclmulqdq, avx512_vaes, avx512_vnni, clflush, clflushopt, clwb, avx512_vbmi2, avx512_vbmi, hv

Memory: 4k page, system-wide physical 16085M (2325M free)
TotalPageFile size 18133M (AvailPageFile size 2M)
current process WorkingSet (physical memory assigned to process): 134M, peak: 134M
current process commit charge ("private bytes"): 252M, peak: 252M

vm_info: OpenJDK 64-Bit Server VM (17.0.7+7) for windows-amd64 JRE (17.0.7+7), built on Apr 18 2023 22:10:42 by "temurin" with MS VC++ 16.7 (VS2019)

END.
