#
# There is insufficient memory for the Java Runtime Environment to continue.
# Native memory allocation (malloc) failed to allocate 1033664 bytes for Chunk::new
# Possible reasons:
#   The system is out of physical RAM or swap space
#   The process is running with CompressedOops enabled, and the Java Heap may be blocking the growth of the native heap
# Possible solutions:
#   Reduce memory load on the system
#   Increase physical memory or swap space
#   Check if swap backing store is full
#   Decrease Java heap size (-Xmx/-Xms)
#   Decrease number of Java threads
#   Decrease Java thread stack sizes (-Xss)
#   Set larger code cache with -XX:ReservedCodeCacheSize=
#   JVM is running with Unscaled Compressed Oops mode in which the Java heap is
#     placed in the first 4GB address space. The Java Heap base address is the
#     maximum limit for the native heap growth. Please use -XX:HeapBaseMinAddress
#     to set the Java Heap base and to place the Java Heap above 4GB virtual address.
# This output file may be truncated or incomplete.
#
#  Out of Memory Error (arena.cpp:189), pid=14936, tid=15344
#
# JRE version: OpenJDK Runtime Environment Temurin-17.0.7+7 (17.0.7+7) (build 17.0.7+7)
# Java VM: OpenJDK 64-Bit Server VM Temurin-17.0.7+7 (17.0.7+7, mixed mode, tiered, compressed oops, compressed class ptrs, parallel gc, windows-amd64)
# No core dump will be written. Minidumps are not enabled by default on client versions of Windows
#

---------------  S U M M A R Y ------------

Command Line: --add-modules=ALL-SYSTEM --add-opens=java.base/java.util=ALL-UNNAMED --add-opens=java.base/java.lang=ALL-UNNAMED --add-opens=java.base/sun.nio.fs=ALL-UNNAMED -Declipse.application=org.eclipse.jdt.ls.core.id1 -Dosgi.bundles.defaultStartLevel=4 -Declipse.product=org.eclipse.jdt.ls.core.product -Djava.import.generatesMetadataFilesAtProjectRoot=false -Dfile.encoding=utf8 -XX:+UseParallelGC -XX:GCTimeRatio=4 -XX:AdaptiveSizePolicyWeight=90 -Dsun.zip.disableMemoryMapping=true -Xmx1G -Xms100m -Xlog:disable -javaagent:c:\Users\Admin\.vscode\extensions\redhat.java-1.21.0-win32-x64\lombok\lombok-1.18.28.jar -XX:+HeapDumpOnOutOfMemoryError -XX:HeapDumpPath=c:\Users\Admin\AppData\Roaming\Code\User\workspaceStorage\e7c62a26f5fb9af6089d468b08576148\redhat.java -Daether.dependencyCollector.impl=bf c:\Users\Admin\.vscode\extensions\redhat.java-1.21.0-win32-x64\server\plugins\org.eclipse.equinox.launcher_1.6.500.v20230717-2134.jar -configuration c:\Users\Admin\AppData\Roaming\Code\User\globalStorage\redhat.java\1.21.0\config_win -data c:\Users\Admin\AppData\Roaming\Code\User\workspaceStorage\e7c62a26f5fb9af6089d468b08576148\redhat.java\jdt_ws

Host: 11th Gen Intel(R) Core(TM) i7-11800H @ 2.30GHz, 16 cores, 15G,  Windows 11 , 64 bit Build 22621 (10.0.22621.1928)
Time: Thu Aug 10 09:32:45 2023 SE Asia Standard Time elapsed time: 37.562584 seconds (0d 0h 0m 37s)

---------------  T H R E A D  ---------------

Current thread (0x000001a60ad29e40):  JavaThread "C2 CompilerThread2" daemon [_thread_in_native, id=15344, stack(0x0000000101400000,0x0000000101500000)]


Current CompileTask:
C2:  37562 7768       4       org.eclipse.core.internal.dtree.AbstractDataTreeNode::compareWithParent (133 bytes)

Stack: [0x0000000101400000,0x0000000101500000]
Native frames: (J=compiled Java code, j=interpreted, Vv=VM code, C=native code)
V  [jvm.dll+0x67754a]
V  [jvm.dll+0x834304]
V  [jvm.dll+0x835aae]
V  [jvm.dll+0x836113]
V  [jvm.dll+0x24696f]
V  [jvm.dll+0xac0ac]
V  [jvm.dll+0xac67c]
V  [jvm.dll+0x364e37]
V  [jvm.dll+0x32f6b1]
V  [jvm.dll+0x32eb5a]
V  [jvm.dll+0x219641]
V  [jvm.dll+0x218a61]
V  [jvm.dll+0x1a4d8d]
V  [jvm.dll+0x2284da]
V  [jvm.dll+0x226615]
V  [jvm.dll+0x7ea90b]
V  [jvm.dll+0x7e4e7a]
V  [jvm.dll+0x676395]
C  [ucrtbase.dll+0x29363]
C  [KERNEL32.DLL+0x126ad]
C  [ntdll.dll+0x5aa68]


---------------  P R O C E S S  ---------------

Threads class SMR info:
_java_thread_list=0x000001a609ff2b20, length=41, elements={
0x000001a5ad7ffa00, 0x000001a5c16709c0, 0x000001a5c1671c20, 0x000001a606a87030,
0x000001a606a89e00, 0x000001a606a8b150, 0x000001a606a8dc10, 0x000001a606a934d0,
0x000001a606a94660, 0x000001a606a9dfc0, 0x000001a606b7c750, 0x000001a606d8e920,
0x000001a609142ef0, 0x000001a608e30c40, 0x000001a608e06a30, 0x000001a608e289e0,
0x000001a60938ddc0, 0x000001a60952f120, 0x000001a6095198d0, 0x000001a609518a60,
0x000001a6095180c0, 0x000001a609519400, 0x000001a609518f30, 0x000001a609f22900,
0x000001a609f262c0, 0x000001a609f232a0, 0x000001a609f210f0, 0x000001a609f24ab0,
0x000001a609f22dd0, 0x000001a609f25450, 0x000001a60ad2b790, 0x000001a60ad29e40,
0x000001a609f25920, 0x000001a60ad2ad70, 0x000001a60ad2a350, 0x000001a609f23770,
0x000001a60ad2a860, 0x000001a609f22430, 0x000001a609f25df0, 0x000001a609f21f60,
0x000001a60ad2d0e0
}

Java Threads: ( => current thread )
  0x000001a5ad7ffa00 JavaThread "main" [_thread_blocked, id=19532, stack(0x0000000100600000,0x0000000100700000)]
  0x000001a5c16709c0 JavaThread "Reference Handler" daemon [_thread_blocked, id=1244, stack(0x0000000100900000,0x0000000100a00000)]
  0x000001a5c1671c20 JavaThread "Finalizer" daemon [_thread_blocked, id=14776, stack(0x0000000100a00000,0x0000000100b00000)]
  0x000001a606a87030 JavaThread "Signal Dispatcher" daemon [_thread_blocked, id=9140, stack(0x0000000100b00000,0x0000000100c00000)]
  0x000001a606a89e00 JavaThread "Attach Listener" daemon [_thread_blocked, id=9912, stack(0x0000000100c00000,0x0000000100d00000)]
  0x000001a606a8b150 JavaThread "Service Thread" daemon [_thread_blocked, id=14200, stack(0x0000000100d00000,0x0000000100e00000)]
  0x000001a606a8dc10 JavaThread "Monitor Deflation Thread" daemon [_thread_blocked, id=12272, stack(0x0000000100e00000,0x0000000100f00000)]
  0x000001a606a934d0 JavaThread "C2 CompilerThread0" daemon [_thread_in_native, id=7940, stack(0x0000000100f00000,0x0000000101000000)]
  0x000001a606a94660 JavaThread "C1 CompilerThread0" daemon [_thread_blocked, id=7764, stack(0x0000000101000000,0x0000000101100000)]
  0x000001a606a9dfc0 JavaThread "Sweeper thread" daemon [_thread_blocked, id=23280, stack(0x0000000101100000,0x0000000101200000)]
  0x000001a606b7c750 JavaThread "Common-Cleaner" daemon [_thread_blocked, id=11092, stack(0x0000000101200000,0x0000000101300000)]
  0x000001a606d8e920 JavaThread "Notification Thread" daemon [_thread_blocked, id=19884, stack(0x0000000101700000,0x0000000101800000)]
  0x000001a609142ef0 JavaThread "Active Thread: Equinox Container: cdc73b1b-0b03-4e85-8d37-163ac62091f6" [_thread_blocked, id=18320, stack(0x0000000102000000,0x0000000102100000)]
  0x000001a608e30c40 JavaThread "Framework Event Dispatcher: Equinox Container: cdc73b1b-0b03-4e85-8d37-163ac62091f6" daemon [_thread_blocked, id=6384, stack(0x0000000101500000,0x0000000101600000)]
  0x000001a608e06a30 JavaThread "Start Level: Equinox Container: cdc73b1b-0b03-4e85-8d37-163ac62091f6" daemon [_thread_blocked, id=21484, stack(0x0000000101600000,0x0000000101700000)]
  0x000001a608e289e0 JavaThread "SCR Component Actor" daemon [_thread_blocked, id=8316, stack(0x0000000101900000,0x0000000101a00000)]
  0x000001a60938ddc0 JavaThread "Worker-JM" [_thread_blocked, id=5108, stack(0x0000000102300000,0x0000000102400000)]
  0x000001a60952f120 JavaThread "Worker-0" [_thread_blocked, id=21528, stack(0x0000000102900000,0x0000000102a00000)]
  0x000001a6095198d0 JavaThread "Worker-1: Initialize workspace" [_thread_blocked, id=14396, stack(0x0000000102b00000,0x0000000102c00000)]
  0x000001a609518a60 JavaThread "Java indexing" daemon [_thread_blocked, id=11088, stack(0x0000000102d00000,0x0000000102e00000)]
  0x000001a6095180c0 JavaThread "JNA Cleaner" daemon [_thread_blocked, id=16348, stack(0x0000000102e00000,0x0000000102f00000)]
  0x000001a609519400 JavaThread "pool-2-thread-1" [_thread_blocked, id=11644, stack(0x0000000102f00000,0x0000000103000000)]
  0x000001a609518f30 JavaThread "WorkspaceEventsHandler" [_thread_blocked, id=21072, stack(0x0000000103000000,0x0000000103100000)]
  0x000001a609f22900 JavaThread "pool-1-thread-1" [_thread_in_native, id=3184, stack(0x0000000103100000,0x0000000103200000)]
  0x000001a609f262c0 JavaThread "Worker-2" [_thread_blocked, id=13120, stack(0x0000000103200000,0x0000000103300000)]
  0x000001a609f232a0 JavaThread "Worker-3" [_thread_blocked, id=22056, stack(0x0000000103300000,0x0000000103400000)]
  0x000001a609f210f0 JavaThread "Timer-0" [_thread_blocked, id=10104, stack(0x0000000103800000,0x0000000103900000)]
  0x000001a609f24ab0 JavaThread "Exec process" [_thread_blocked, id=9952, stack(0x0000000102200000,0x0000000102300000)]
  0x000001a609f22dd0 JavaThread "Exec process Thread 2" [_thread_blocked, id=18144, stack(0x0000000102600000,0x0000000102700000)]
  0x000001a609f25450 JavaThread "Exec process Thread 3" [_thread_blocked, id=22908, stack(0x0000000102c00000,0x0000000102d00000)]
  0x000001a60ad2b790 JavaThread "C2 CompilerThread1" daemon [_thread_in_native, id=12700, stack(0x0000000101300000,0x0000000101400000)]
=>0x000001a60ad29e40 JavaThread "C2 CompilerThread2" daemon [_thread_in_native, id=15344, stack(0x0000000101400000,0x0000000101500000)]
  0x000001a609f25920 JavaThread "Worker-4: Shutdown..." [_thread_blocked, id=17396, stack(0x0000000103500000,0x0000000103600000)]
  0x000001a60ad2ad70 JavaThread "C1 CompilerThread1" daemon [_thread_blocked, id=20648, stack(0x0000000103600000,0x0000000103700000)]
  0x000001a60ad2a350 JavaThread "C1 CompilerThread2" daemon [_thread_blocked, id=15640, stack(0x0000000103700000,0x0000000103800000)]
  0x000001a609f23770 JavaThread "ForkJoinPool.commonPool-worker-1" daemon [_thread_in_Java, id=12676, stack(0x0000000103900000,0x0000000103a00000)]
  0x000001a60ad2a860 JavaThread "C2 CompilerThread3" daemon [_thread_in_native, id=12104, stack(0x0000000103c00000,0x0000000103d00000)]
  0x000001a609f22430 JavaThread "ForkJoinPool.commonPool-worker-2" daemon [_thread_blocked, id=520, stack(0x0000000103d00000,0x0000000103e00000)]
  0x000001a609f25df0 JavaThread "ForkJoinPool.commonPool-worker-3" daemon [_thread_blocked, id=5352, stack(0x0000000103e00000,0x0000000103f00000)]
  0x000001a609f21f60 JavaThread "ForkJoinPool.commonPool-worker-4" daemon [_thread_blocked, id=20184, stack(0x0000000103f00000,0x0000000104000000)]
  0x000001a60ad2d0e0 JavaThread "C2 CompilerThread4" daemon [_thread_in_native, id=5396, stack(0x0000000104000000,0x0000000104100000)]

Other Threads:
  0x000001a5ad88b520 VMThread "VM Thread" [stack: 0x0000000100800000,0x0000000100900000] [id=22700]
  0x000001a6088bafd0 WatcherThread [stack: 0x0000000101800000,0x0000000101900000] [id=19008]
  0x000001a5ad816e80 GCTaskThread "GC Thread#0" [stack: 0x0000000100700000,0x0000000100800000] [id=14672]
  0x000001a608ec5cf0 GCTaskThread "GC Thread#1" [stack: 0x0000000101b00000,0x0000000101c00000] [id=13264]
  0x000001a6091147b0 GCTaskThread "GC Thread#2" [stack: 0x0000000101c00000,0x0000000101d00000] [id=16600]
  0x000001a609114a60 GCTaskThread "GC Thread#3" [stack: 0x0000000101d00000,0x0000000101e00000] [id=7920]
  0x000001a608e63ca0 GCTaskThread "GC Thread#4" [stack: 0x0000000101e00000,0x0000000101f00000] [id=11276]
  0x000001a608e63f50 GCTaskThread "GC Thread#5" [stack: 0x0000000101f00000,0x0000000102000000] [id=14340]
  0x000001a6091a4340 GCTaskThread "GC Thread#6" [stack: 0x0000000101a00000,0x0000000101b00000] [id=9380]
  0x000001a608df6060 GCTaskThread "GC Thread#7" [stack: 0x0000000102100000,0x0000000102200000] [id=22428]
  0x000001a6094208b0 GCTaskThread "GC Thread#8" [stack: 0x0000000102400000,0x0000000102500000] [id=19648]
  0x000001a609420d70 GCTaskThread "GC Thread#9" [stack: 0x0000000102500000,0x0000000102600000] [id=11084]
  0x000001a60943c840 GCTaskThread "GC Thread#10" [stack: 0x0000000102a00000,0x0000000102b00000] [id=17608]
  0x000001a60952f8f0 GCTaskThread "GC Thread#11" [stack: 0x0000000102700000,0x0000000102800000] [id=5552]
  0x000001a609530910 GCTaskThread "GC Thread#12" [stack: 0x0000000102800000,0x0000000102900000] [id=10592]

Threads with active compile tasks:
C2 CompilerThread0    37596 7837  s!   4       jdk.internal.jrtfs.JrtDirectoryStream::iterator (76 bytes)
C2 CompilerThread1    37596 7830       4       org.eclipse.jdt.internal.compiler.util.JrtFileSystem$2::preVisitDirectory (10 bytes)
C2 CompilerThread2    37596 7768       4       org.eclipse.core.internal.dtree.AbstractDataTreeNode::compareWithParent (133 bytes)
C2 CompilerThread3    37596 7831       4       org.eclipse.jdt.internal.compiler.util.JrtFileSystem$2::preVisitDirectory (136 bytes)
C2 CompilerThread4    37596 7839       4       jdk.internal.jimage.ImageReader$Directory::getChildren (8 bytes)

VM state: not at safepoint (normal execution)

VM Mutex/Monitor currently owned by a thread:  ([mutex/lock_event])
[0x000001a5ad7fa0a0] CodeCache_lock - owner thread: 0x0000000000000000

Heap address: 0x00000000c0000000, size: 1024 MB, Compressed Oops mode: 32-bit

CDS archive(s) not mapped
Compressed class space mapped at: 0x000001a5c2000000-0x000001a602000000, reserved size: 1073741824
Narrow klass base: 0x000001a5c2000000, Narrow klass shift: 0, Narrow klass range: 0x40000000

GC Precious Log:
 CPUs: 16 total, 16 available
 Memory: 16085M
 Large Page Support: Disabled
 NUMA Support: Disabled
 Compressed Oops: Enabled (32-bit)
 Alignments: Space 512K, Generation 512K, Heap 2M
 Heap Min Capacity: 100M
 Heap Initial Capacity: 100M
 Heap Max Capacity: 1G
 Pre-touch: Disabled
 Parallel Workers: 13

Heap:
 PSYoungGen      total 14848K, used 7469K [0x00000000eab00000, 0x00000000ebe00000, 0x0000000100000000)
  eden space 13824K, 48% used [0x00000000eab00000,0x00000000eb19d300,0x00000000eb880000)
  from space 1024K, 68% used [0x00000000ebc00000,0x00000000ebcae470,0x00000000ebd00000)
  to   space 1024K, 0% used [0x00000000ebd00000,0x00000000ebd00000,0x00000000ebe00000)
 ParOldGen       total 68608K, used 48616K [0x00000000c0000000, 0x00000000c4300000, 0x00000000eab00000)
  object space 68608K, 70% used [0x00000000c0000000,0x00000000c2f7a080,0x00000000c4300000)
 Metaspace       used 60701K, committed 61696K, reserved 1114112K
  class space    used 7059K, committed 7488K, reserved 1048576K

Card table byte_map: [0x000001a5ad1a0000,0x000001a5ad3b0000] _byte_map_base: 0x000001a5acba0000

Marking Bits: (ParMarkBitMap*) 0x00007ffb42b652c0
 Begin Bits: [0x000001a5bf480000, 0x000001a5c0480000)
 End Bits:   [0x000001a5c0480000, 0x000001a5c1480000)

Polling page: 0x000001a5ab770000

Metaspace:

Usage:
  Non-class:     52.38 MB used.
      Class:      6.89 MB used.
       Both:     59.28 MB used.

Virtual space:
  Non-class space:       64.00 MB reserved,      52.94 MB ( 83%) committed,  1 nodes.
      Class space:        1.00 GB reserved,       7.31 MB ( <1%) committed,  1 nodes.
             Both:        1.06 GB reserved,      60.25 MB (  6%) committed. 

Chunk freelists:
   Non-Class:  10.65 MB
       Class:  8.63 MB
        Both:  19.28 MB

MaxMetaspaceSize: unlimited
CompressedClassSpaceSize: 1.00 GB
Initial GC threshold: 21.00 MB
Current GC threshold: 97.31 MB
CDS: off
MetaspaceReclaimPolicy: balanced
 - commit_granule_bytes: 65536.
 - commit_granule_words: 8192.
 - virtual_space_node_default_size: 8388608.
 - enlarge_chunks_in_place: 1.
 - new_chunks_are_fully_committed: 0.
 - uncommit_free_chunks: 1.
 - use_allocation_guard: 0.
 - handle_deallocations: 1.


Internal statistics:

num_allocs_failed_limit: 9.
num_arena_births: 574.
num_arena_deaths: 14.
num_vsnodes_births: 2.
num_vsnodes_deaths: 0.
num_space_committed: 964.
num_space_uncommitted: 0.
num_chunks_returned_to_freelist: 23.
num_chunks_taken_from_freelist: 2785.
num_chunk_merges: 13.
num_chunk_splits: 1821.
num_chunks_enlarged: 1204.
num_inconsistent_stats: 0.

CodeHeap 'non-profiled nmethods': size=119168Kb used=5059Kb max_used=5450Kb free=114108Kb
 bounds [0x000001a5b8020000, 0x000001a5b8580000, 0x000001a5bf480000]
CodeHeap 'profiled nmethods': size=119104Kb used=13442Kb max_used=14541Kb free=105661Kb
 bounds [0x000001a5b0480000, 0x000001a5b12c0000, 0x000001a5b78d0000]
CodeHeap 'non-nmethods': size=7488Kb used=2448Kb max_used=3069Kb free=5040Kb
 bounds [0x000001a5b78d0000, 0x000001a5b7c40000, 0x000001a5b8020000]
 total_blobs=7288 nmethods=6643 adapters=557
 compilation: enabled
              stopped_count=0, restarted_count=0
 full_count=0

Compilation events (20 events):
Event: 37.539 Thread 0x000001a60ad2a860 nmethod 7802 0x000001a5b856a190 code [0x000001a5b856a320, 0x000001a5b856a5a8]
Event: 37.539 Thread 0x000001a60ad2a860 7817       4       java.util.stream.AbstractPipeline::spliterator (116 bytes)
Event: 37.542 Thread 0x000001a60ad2a860 nmethod 7817 0x000001a5b856a710 code [0x000001a5b856a8c0, 0x000001a5b856ab98]
Event: 37.542 Thread 0x000001a60ad2a860 7790   !   4       java.nio.file.FileTreeWalker::pop (35 bytes)
Event: 37.546 Thread 0x000001a606a94660 7821       3       org.eclipse.jdt.internal.compiler.util.SimpleSet::addIfNotIncluded (83 bytes)
Event: 37.546 Thread 0x000001a606a94660 nmethod 7821 0x000001a5b12aca10 code [0x000001a5b12acc00, 0x000001a5b12ad268]
Event: 37.549 Thread 0x000001a60ad2ad70 7823       3       org.eclipse.jdt.internal.compiler.util.SimpleSet::add (90 bytes)
Event: 37.550 Thread 0x000001a60ad2ad70 nmethod 7823 0x000001a5b12ad490 code [0x000001a5b12ad6a0, 0x000001a5b12ade68]
Event: 37.550 Thread 0x000001a60ad2b790 nmethod 7780 0x000001a5b856ae10 code [0x000001a5b856b0c0, 0x000001a5b856c5c0]
Event: 37.550 Thread 0x000001a60ad2b790 7822       4       org.eclipse.jdt.internal.compiler.util.JrtFileSystem$2::visitFile (10 bytes)
Event: 37.553 Thread 0x000001a60ad2a860 nmethod 7790 0x000001a5b856da90 code [0x000001a5b856dcc0, 0x000001a5b856e5c0]
Event: 37.553 Thread 0x000001a60ad2a860 7824       4       org.eclipse.jdt.internal.compiler.util.JrtFileSystem$2::visitFile (72 bytes)
Event: 37.554 Thread 0x000001a606a94660 7825       3       org.eclipse.jdt.internal.core.builder.ClasspathJrt$JrtPackageVisitor::visitPackage (14 bytes)
Event: 37.554 Thread 0x000001a60ad2ad70 7826       3       org.eclipse.jdt.internal.core.builder.ClasspathJrt$JrtPackageVisitor::visitPackage (18 bytes)
Event: 37.554 Thread 0x000001a60ad2a350 7827       3       org.eclipse.jdt.internal.core.builder.ClasspathJar::addToPackageSet (52 bytes)
Event: 37.554 Thread 0x000001a606a94660 nmethod 7825 0x000001a5b12ae110 code [0x000001a5b12ae2e0, 0x000001a5b12ae798]
Event: 37.555 Thread 0x000001a60ad2ad70 nmethod 7826 0x000001a5b12ae910 code [0x000001a5b12aeac0, 0x000001a5b12aecd8]
Event: 37.555 Thread 0x000001a60ad2a350 nmethod 7827 0x000001a5b12aee10 code [0x000001a5b12af0a0, 0x000001a5b12afb58]
Event: 37.558 Thread 0x000001a60ad2ad70 7828       1       com.google.gson.stream.JsonReader::setLenient (6 bytes)
Event: 37.558 Thread 0x000001a60ad2ad70 nmethod 7828 0x000001a5b856ed10 code [0x000001a5b856eea0, 0x000001a5b856ef78]

GC Heap History (20 events):
Event: 36.339 GC heap before
{Heap before GC invocations=44 (full 3):
 PSYoungGen      total 14336K, used 14048K [0x00000000eab00000, 0x00000000ebe00000, 0x0000000100000000)
  eden space 13824K, 100% used [0x00000000eab00000,0x00000000eb880000,0x00000000eb880000)
  from space 512K, 43% used [0x00000000ebd80000,0x00000000ebdb8000,0x00000000ebe00000)
  to   space 512K, 0% used [0x00000000ebd00000,0x00000000ebd00000,0x00000000ebd80000)
 ParOldGen       total 68608K, used 47945K [0x00000000c0000000, 0x00000000c4300000, 0x00000000eab00000)
  object space 68608K, 69% used [0x00000000c0000000,0x00000000c2ed2778,0x00000000c4300000)
 Metaspace       used 59515K, committed 60480K, reserved 1114112K
  class space    used 6933K, committed 7360K, reserved 1048576K
}
Event: 36.339 GC heap after
{Heap after GC invocations=44 (full 3):
 PSYoungGen      total 14336K, used 288K [0x00000000eab00000, 0x00000000ebe00000, 0x0000000100000000)
  eden space 13824K, 0% used [0x00000000eab00000,0x00000000eab00000,0x00000000eb880000)
  from space 512K, 56% used [0x00000000ebd00000,0x00000000ebd48000,0x00000000ebd80000)
  to   space 512K, 0% used [0x00000000ebd80000,0x00000000ebd80000,0x00000000ebe00000)
 ParOldGen       total 68608K, used 47993K [0x00000000c0000000, 0x00000000c4300000, 0x00000000eab00000)
  object space 68608K, 69% used [0x00000000c0000000,0x00000000c2ede778,0x00000000c4300000)
 Metaspace       used 59515K, committed 60480K, reserved 1114112K
  class space    used 6933K, committed 7360K, reserved 1048576K
}
Event: 36.478 GC heap before
{Heap before GC invocations=45 (full 3):
 PSYoungGen      total 14336K, used 14112K [0x00000000eab00000, 0x00000000ebe00000, 0x0000000100000000)
  eden space 13824K, 100% used [0x00000000eab00000,0x00000000eb880000,0x00000000eb880000)
  from space 512K, 56% used [0x00000000ebd00000,0x00000000ebd48000,0x00000000ebd80000)
  to   space 512K, 0% used [0x00000000ebd80000,0x00000000ebd80000,0x00000000ebe00000)
 ParOldGen       total 68608K, used 47993K [0x00000000c0000000, 0x00000000c4300000, 0x00000000eab00000)
  object space 68608K, 69% used [0x00000000c0000000,0x00000000c2ede778,0x00000000c4300000)
 Metaspace       used 59534K, committed 60480K, reserved 1114112K
  class space    used 6934K, committed 7360K, reserved 1048576K
}
Event: 36.478 GC heap after
{Heap after GC invocations=45 (full 3):
 PSYoungGen      total 14336K, used 320K [0x00000000eab00000, 0x00000000ebe00000, 0x0000000100000000)
  eden space 13824K, 0% used [0x00000000eab00000,0x00000000eab00000,0x00000000eb880000)
  from space 512K, 62% used [0x00000000ebd80000,0x00000000ebdd0000,0x00000000ebe00000)
  to   space 512K, 0% used [0x00000000ebd00000,0x00000000ebd00000,0x00000000ebd80000)
 ParOldGen       total 68608K, used 48001K [0x00000000c0000000, 0x00000000c4300000, 0x00000000eab00000)
  object space 68608K, 69% used [0x00000000c0000000,0x00000000c2ee0778,0x00000000c4300000)
 Metaspace       used 59534K, committed 60480K, reserved 1114112K
  class space    used 6934K, committed 7360K, reserved 1048576K
}
Event: 36.661 GC heap before
{Heap before GC invocations=46 (full 3):
 PSYoungGen      total 14336K, used 14144K [0x00000000eab00000, 0x00000000ebe00000, 0x0000000100000000)
  eden space 13824K, 100% used [0x00000000eab00000,0x00000000eb880000,0x00000000eb880000)
  from space 512K, 62% used [0x00000000ebd80000,0x00000000ebdd0000,0x00000000ebe00000)
  to   space 512K, 0% used [0x00000000ebd00000,0x00000000ebd00000,0x00000000ebd80000)
 ParOldGen       total 68608K, used 48001K [0x00000000c0000000, 0x00000000c4300000, 0x00000000eab00000)
  object space 68608K, 69% used [0x00000000c0000000,0x00000000c2ee0778,0x00000000c4300000)
 Metaspace       used 59534K, committed 60480K, reserved 1114112K
  class space    used 6934K, committed 7360K, reserved 1048576K
}
Event: 36.661 GC heap after
{Heap after GC invocations=46 (full 3):
 PSYoungGen      total 14336K, used 224K [0x00000000eab00000, 0x00000000ebe00000, 0x0000000100000000)
  eden space 13824K, 0% used [0x00000000eab00000,0x00000000eab00000,0x00000000eb880000)
  from space 512K, 43% used [0x00000000ebd00000,0x00000000ebd38000,0x00000000ebd80000)
  to   space 512K, 0% used [0x00000000ebd80000,0x00000000ebd80000,0x00000000ebe00000)
 ParOldGen       total 68608K, used 48065K [0x00000000c0000000, 0x00000000c4300000, 0x00000000eab00000)
  object space 68608K, 70% used [0x00000000c0000000,0x00000000c2ef0778,0x00000000c4300000)
 Metaspace       used 59534K, committed 60480K, reserved 1114112K
  class space    used 6934K, committed 7360K, reserved 1048576K
}
Event: 36.710 GC heap before
{Heap before GC invocations=47 (full 3):
 PSYoungGen      total 14336K, used 14048K [0x00000000eab00000, 0x00000000ebe00000, 0x0000000100000000)
  eden space 13824K, 100% used [0x00000000eab00000,0x00000000eb880000,0x00000000eb880000)
  from space 512K, 43% used [0x00000000ebd00000,0x00000000ebd38000,0x00000000ebd80000)
  to   space 512K, 0% used [0x00000000ebd80000,0x00000000ebd80000,0x00000000ebe00000)
 ParOldGen       total 68608K, used 48065K [0x00000000c0000000, 0x00000000c4300000, 0x00000000eab00000)
  object space 68608K, 70% used [0x00000000c0000000,0x00000000c2ef0778,0x00000000c4300000)
 Metaspace       used 59534K, committed 60480K, reserved 1114112K
  class space    used 6934K, committed 7360K, reserved 1048576K
}
Event: 36.711 GC heap after
{Heap after GC invocations=47 (full 3):
 PSYoungGen      total 14336K, used 320K [0x00000000eab00000, 0x00000000ebe00000, 0x0000000100000000)
  eden space 13824K, 0% used [0x00000000eab00000,0x00000000eab00000,0x00000000eb880000)
  from space 512K, 62% used [0x00000000ebd80000,0x00000000ebdd0000,0x00000000ebe00000)
  to   space 512K, 0% used [0x00000000ebd00000,0x00000000ebd00000,0x00000000ebd80000)
 ParOldGen       total 68608K, used 48081K [0x00000000c0000000, 0x00000000c4300000, 0x00000000eab00000)
  object space 68608K, 70% used [0x00000000c0000000,0x00000000c2ef4778,0x00000000c4300000)
 Metaspace       used 59534K, committed 60480K, reserved 1114112K
  class space    used 6934K, committed 7360K, reserved 1048576K
}
Event: 36.774 GC heap before
{Heap before GC invocations=48 (full 3):
 PSYoungGen      total 14336K, used 14144K [0x00000000eab00000, 0x00000000ebe00000, 0x0000000100000000)
  eden space 13824K, 100% used [0x00000000eab00000,0x00000000eb880000,0x00000000eb880000)
  from space 512K, 62% used [0x00000000ebd80000,0x00000000ebdd0000,0x00000000ebe00000)
  to   space 512K, 0% used [0x00000000ebd00000,0x00000000ebd00000,0x00000000ebd80000)
 ParOldGen       total 68608K, used 48081K [0x00000000c0000000, 0x00000000c4300000, 0x00000000eab00000)
  object space 68608K, 70% used [0x00000000c0000000,0x00000000c2ef4778,0x00000000c4300000)
 Metaspace       used 59536K, committed 60480K, reserved 1114112K
  class space    used 6935K, committed 7360K, reserved 1048576K
}
Event: 36.774 GC heap after
{Heap after GC invocations=48 (full 3):
 PSYoungGen      total 14336K, used 352K [0x00000000eab00000, 0x00000000ebe00000, 0x0000000100000000)
  eden space 13824K, 0% used [0x00000000eab00000,0x00000000eab00000,0x00000000eb880000)
  from space 512K, 68% used [0x00000000ebd00000,0x00000000ebd58000,0x00000000ebd80000)
  to   space 512K, 0% used [0x00000000ebd80000,0x00000000ebd80000,0x00000000ebe00000)
 ParOldGen       total 68608K, used 48089K [0x00000000c0000000, 0x00000000c4300000, 0x00000000eab00000)
  object space 68608K, 70% used [0x00000000c0000000,0x00000000c2ef6778,0x00000000c4300000)
 Metaspace       used 59536K, committed 60480K, reserved 1114112K
  class space    used 6935K, committed 7360K, reserved 1048576K
}
Event: 36.824 GC heap before
{Heap before GC invocations=49 (full 3):
 PSYoungGen      total 14336K, used 14176K [0x00000000eab00000, 0x00000000ebe00000, 0x0000000100000000)
  eden space 13824K, 100% used [0x00000000eab00000,0x00000000eb880000,0x00000000eb880000)
  from space 512K, 68% used [0x00000000ebd00000,0x00000000ebd58000,0x00000000ebd80000)
  to   space 512K, 0% used [0x00000000ebd80000,0x00000000ebd80000,0x00000000ebe00000)
 ParOldGen       total 68608K, used 48089K [0x00000000c0000000, 0x00000000c4300000, 0x00000000eab00000)
  object space 68608K, 70% used [0x00000000c0000000,0x00000000c2ef6778,0x00000000c4300000)
 Metaspace       used 59536K, committed 60480K, reserved 1114112K
  class space    used 6935K, committed 7360K, reserved 1048576K
}
Event: 36.824 GC heap after
{Heap after GC invocations=49 (full 3):
 PSYoungGen      total 14336K, used 224K [0x00000000eab00000, 0x00000000ebe00000, 0x0000000100000000)
  eden space 13824K, 0% used [0x00000000eab00000,0x00000000eab00000,0x00000000eb880000)
  from space 512K, 43% used [0x00000000ebd80000,0x00000000ebdb8000,0x00000000ebe00000)
  to   space 512K, 0% used [0x00000000ebd00000,0x00000000ebd00000,0x00000000ebd80000)
 ParOldGen       total 68608K, used 48129K [0x00000000c0000000, 0x00000000c4300000, 0x00000000eab00000)
  object space 68608K, 70% used [0x00000000c0000000,0x00000000c2f00778,0x00000000c4300000)
 Metaspace       used 59536K, committed 60480K, reserved 1114112K
  class space    used 6935K, committed 7360K, reserved 1048576K
}
Event: 37.160 GC heap before
{Heap before GC invocations=50 (full 3):
 PSYoungGen      total 14336K, used 14048K [0x00000000eab00000, 0x00000000ebe00000, 0x0000000100000000)
  eden space 13824K, 100% used [0x00000000eab00000,0x00000000eb880000,0x00000000eb880000)
  from space 512K, 43% used [0x00000000ebd80000,0x00000000ebdb8000,0x00000000ebe00000)
  to   space 512K, 0% used [0x00000000ebd00000,0x00000000ebd00000,0x00000000ebd80000)
 ParOldGen       total 68608K, used 48129K [0x00000000c0000000, 0x00000000c4300000, 0x00000000eab00000)
  object space 68608K, 70% used [0x00000000c0000000,0x00000000c2f00778,0x00000000c4300000)
 Metaspace       used 59599K, committed 60544K, reserved 1114112K
  class space    used 6943K, committed 7360K, reserved 1048576K
}
Event: 37.160 GC heap after
{Heap after GC invocations=50 (full 3):
 PSYoungGen      total 14336K, used 416K [0x00000000eab00000, 0x00000000ebe00000, 0x0000000100000000)
  eden space 13824K, 0% used [0x00000000eab00000,0x00000000eab00000,0x00000000eb880000)
  from space 512K, 81% used [0x00000000ebd00000,0x00000000ebd68000,0x00000000ebd80000)
  to   space 512K, 0% used [0x00000000ebd80000,0x00000000ebd80000,0x00000000ebe00000)
 ParOldGen       total 68608K, used 48137K [0x00000000c0000000, 0x00000000c4300000, 0x00000000eab00000)
  object space 68608K, 70% used [0x00000000c0000000,0x00000000c2f02778,0x00000000c4300000)
 Metaspace       used 59599K, committed 60544K, reserved 1114112K
  class space    used 6943K, committed 7360K, reserved 1048576K
}
Event: 37.240 GC heap before
{Heap before GC invocations=51 (full 3):
 PSYoungGen      total 14336K, used 14240K [0x00000000eab00000, 0x00000000ebe00000, 0x0000000100000000)
  eden space 13824K, 100% used [0x00000000eab00000,0x00000000eb880000,0x00000000eb880000)
  from space 512K, 81% used [0x00000000ebd00000,0x00000000ebd68000,0x00000000ebd80000)
  to   space 512K, 0% used [0x00000000ebd80000,0x00000000ebd80000,0x00000000ebe00000)
 ParOldGen       total 68608K, used 48137K [0x00000000c0000000, 0x00000000c4300000, 0x00000000eab00000)
  object space 68608K, 70% used [0x00000000c0000000,0x00000000c2f02778,0x00000000c4300000)
 Metaspace       used 59599K, committed 60544K, reserved 1114112K
  class space    used 6943K, committed 7360K, reserved 1048576K
}
Event: 37.240 GC heap after
{Heap after GC invocations=51 (full 3):
 PSYoungGen      total 14336K, used 160K [0x00000000eab00000, 0x00000000ebe00000, 0x0000000100000000)
  eden space 13824K, 0% used [0x00000000eab00000,0x00000000eab00000,0x00000000eb880000)
  from space 512K, 31% used [0x00000000ebd80000,0x00000000ebda8000,0x00000000ebe00000)
  to   space 512K, 0% used [0x00000000ebd00000,0x00000000ebd00000,0x00000000ebd80000)
 ParOldGen       total 68608K, used 48225K [0x00000000c0000000, 0x00000000c4300000, 0x00000000eab00000)
  object space 68608K, 70% used [0x00000000c0000000,0x00000000c2f18778,0x00000000c4300000)
 Metaspace       used 59599K, committed 60544K, reserved 1114112K
  class space    used 6943K, committed 7360K, reserved 1048576K
}
Event: 37.338 GC heap before
{Heap before GC invocations=52 (full 3):
 PSYoungGen      total 14336K, used 13984K [0x00000000eab00000, 0x00000000ebe00000, 0x0000000100000000)
  eden space 13824K, 100% used [0x00000000eab00000,0x00000000eb880000,0x00000000eb880000)
  from space 512K, 31% used [0x00000000ebd80000,0x00000000ebda8000,0x00000000ebe00000)
  to   space 512K, 0% used [0x00000000ebd00000,0x00000000ebd00000,0x00000000ebd80000)
 ParOldGen       total 68608K, used 48225K [0x00000000c0000000, 0x00000000c4300000, 0x00000000eab00000)
  object space 68608K, 70% used [0x00000000c0000000,0x00000000c2f18778,0x00000000c4300000)
 Metaspace       used 59604K, committed 60544K, reserved 1114112K
  class space    used 6943K, committed 7360K, reserved 1048576K
}
Event: 37.339 GC heap after
{Heap after GC invocations=52 (full 3):
 PSYoungGen      total 14336K, used 288K [0x00000000eab00000, 0x00000000ebe00000, 0x0000000100000000)
  eden space 13824K, 0% used [0x00000000eab00000,0x00000000eab00000,0x00000000eb880000)
  from space 512K, 56% used [0x00000000ebd00000,0x00000000ebd48000,0x00000000ebd80000)
  to   space 512K, 0% used [0x00000000ebd80000,0x00000000ebd80000,0x00000000ebe00000)
 ParOldGen       total 68608K, used 48233K [0x00000000c0000000, 0x00000000c4300000, 0x00000000eab00000)
  object space 68608K, 70% used [0x00000000c0000000,0x00000000c2f1a778,0x00000000c4300000)
 Metaspace       used 59604K, committed 60544K, reserved 1114112K
  class space    used 6943K, committed 7360K, reserved 1048576K
}
Event: 37.483 GC heap before
{Heap before GC invocations=53 (full 3):
 PSYoungGen      total 14336K, used 14112K [0x00000000eab00000, 0x00000000ebe00000, 0x0000000100000000)
  eden space 13824K, 100% used [0x00000000eab00000,0x00000000eb880000,0x00000000eb880000)
  from space 512K, 56% used [0x00000000ebd00000,0x00000000ebd48000,0x00000000ebd80000)
  to   space 512K, 0% used [0x00000000ebd80000,0x00000000ebd80000,0x00000000ebe00000)
 ParOldGen       total 68608K, used 48233K [0x00000000c0000000, 0x00000000c4300000, 0x00000000eab00000)
  object space 68608K, 70% used [0x00000000c0000000,0x00000000c2f1a778,0x00000000c4300000)
 Metaspace       used 60052K, committed 61056K, reserved 1114112K
  class space    used 6992K, committed 7424K, reserved 1048576K
}
Event: 37.484 GC heap after
{Heap after GC invocations=53 (full 3):
 PSYoungGen      total 14336K, used 487K [0x00000000eab00000, 0x00000000ebe00000, 0x0000000100000000)
  eden space 13824K, 0% used [0x00000000eab00000,0x00000000eab00000,0x00000000eb880000)
  from space 512K, 95% used [0x00000000ebd80000,0x00000000ebdf9fd8,0x00000000ebe00000)
  to   space 1024K, 0% used [0x00000000ebc00000,0x00000000ebc00000,0x00000000ebd00000)
 ParOldGen       total 68608K, used 48281K [0x00000000c0000000, 0x00000000c4300000, 0x00000000eab00000)
  object space 68608K, 70% used [0x00000000c0000000,0x00000000c2f26778,0x00000000c4300000)
 Metaspace       used 60052K, committed 61056K, reserved 1114112K
  class space    used 6992K, committed 7424K, reserved 1048576K
}

Dll operation events (14 events):
Event: 0.006 Loaded shared library c:\Users\Admin\.vscode\extensions\redhat.java-1.21.0-win32-x64\jre\17.0.7-win32-x86_64\bin\java.dll
Event: 0.100 Loaded shared library c:\Users\Admin\.vscode\extensions\redhat.java-1.21.0-win32-x64\jre\17.0.7-win32-x86_64\bin\zip.dll
Event: 0.101 Loaded shared library C:\Users\Admin\.vscode\extensions\redhat.java-1.21.0-win32-x64\jre\17.0.7-win32-x86_64\bin\instrument.dll
Event: 0.111 Loaded shared library C:\Users\Admin\.vscode\extensions\redhat.java-1.21.0-win32-x64\jre\17.0.7-win32-x86_64\bin\net.dll
Event: 0.112 Loaded shared library C:\Users\Admin\.vscode\extensions\redhat.java-1.21.0-win32-x64\jre\17.0.7-win32-x86_64\bin\nio.dll
Event: 0.118 Loaded shared library C:\Users\Admin\.vscode\extensions\redhat.java-1.21.0-win32-x64\jre\17.0.7-win32-x86_64\bin\zip.dll
Event: 0.127 Loaded shared library C:\Users\Admin\.vscode\extensions\redhat.java-1.21.0-win32-x64\jre\17.0.7-win32-x86_64\bin\jimage.dll
Event: 0.156 Loaded shared library c:\Users\Admin\.vscode\extensions\redhat.java-1.21.0-win32-x64\jre\17.0.7-win32-x86_64\bin\verify.dll
Event: 3.069 Loaded shared library C:\Users\Admin\AppData\Roaming\Code\User\globalStorage\redhat.java\1.21.0\config_win\org.eclipse.equinox.launcher\org.eclipse.equinox.launcher.win32.win32.x86_64_1.2.700.v20221108-1024\eclipse_11801.dll
Event: 6.060 Loaded shared library C:\Users\Admin\AppData\Local\Temp\jna-63116079\jna124346185151392851.dll
Event: 19.714 Loaded shared library C:\Users\Admin\.gradle\native\e1d6ef7f7dcc3fd88c89a11ec53ec762bb8ba0a96d01ffa2cd45eb1d1d8dd5c5\windows-amd64\native-platform.dll
Event: 24.433 Loaded shared library C:\Users\Admin\.vscode\extensions\redhat.java-1.21.0-win32-x64\jre\17.0.7-win32-x86_64\bin\management.dll
Event: 24.453 Loaded shared library C:\Users\Admin\.vscode\extensions\redhat.java-1.21.0-win32-x64\jre\17.0.7-win32-x86_64\bin\management_ext.dll
Event: 24.914 Loaded shared library C:\Users\Admin\.vscode\extensions\redhat.java-1.21.0-win32-x64\jre\17.0.7-win32-x86_64\bin\sunmscapi.dll

Deoptimization events (20 events):
Event: 37.501 Thread 0x000001a609f23770 Uncommon trap: trap_request=0xffffffde fr.pc=0x000001a5b84d7f24 relative=0x0000000000000084
Event: 37.501 Thread 0x000001a609f23770 Uncommon trap: reason=class_check action=maybe_recompile pc=0x000001a5b84d7f24 method=org.eclipse.core.runtime.ProgressMonitorWrapper.isCanceled()Z @ 4 c2
Event: 37.501 Thread 0x000001a609f23770 DEOPT PACKING pc=0x000001a5b84d7f24 sp=0x00000001039fe480
Event: 37.501 Thread 0x000001a609f23770 DEOPT UNPACKING pc=0x000001a5b7929ea3 sp=0x00000001039fe420 mode 2
Event: 37.505 Thread 0x000001a609f23770 Uncommon trap: trap_request=0xffffff45 fr.pc=0x000001a5b81a8944 relative=0x0000000000000664
Event: 37.505 Thread 0x000001a609f23770 Uncommon trap: reason=unstable_if action=reinterpret pc=0x000001a5b81a8944 method=org.eclipse.osgi.internal.framework.BundleContextImpl.setContextFinder()Ljava/lang/Object; @ 36 c2
Event: 37.505 Thread 0x000001a609f23770 DEOPT PACKING pc=0x000001a5b81a8944 sp=0x00000001039fd4f0
Event: 37.505 Thread 0x000001a609f23770 DEOPT UNPACKING pc=0x000001a5b7929ea3 sp=0x00000001039fd420 mode 2
Event: 37.505 Thread 0x000001a609f23770 Uncommon trap: trap_request=0xffffff45 fr.pc=0x000001a5b81a7e24 relative=0x0000000000000284
Event: 37.505 Thread 0x000001a609f23770 Uncommon trap: reason=unstable_if action=reinterpret pc=0x000001a5b81a7e24 method=org.eclipse.osgi.internal.framework.BundleContextImpl.setContextFinder()Ljava/lang/Object; @ 36 c2
Event: 37.505 Thread 0x000001a609f23770 DEOPT PACKING pc=0x000001a5b81a7e24 sp=0x00000001039fd450
Event: 37.505 Thread 0x000001a609f23770 DEOPT UNPACKING pc=0x000001a5b7929ea3 sp=0x00000001039fd410 mode 2
Event: 37.538 Thread 0x000001a609f23770 Uncommon trap: trap_request=0xffffff45 fr.pc=0x000001a5b8398cf8 relative=0x0000000000000938
Event: 37.538 Thread 0x000001a609f23770 Uncommon trap: reason=unstable_if action=reinterpret pc=0x000001a5b8398cf8 method=org.eclipse.jdt.internal.compiler.util.JrtFileSystem$2.visitFile(Ljava/nio/file/Path;Ljava/nio/file/attribute/BasicFileAttributes;)Ljava/nio/file/FileVisitResult; @ 6 c2
Event: 37.538 Thread 0x000001a609f23770 DEOPT PACKING pc=0x000001a5b8398cf8 sp=0x00000001039fdbc0
Event: 37.538 Thread 0x000001a609f23770 DEOPT UNPACKING pc=0x000001a5b7929ea3 sp=0x00000001039fdb28 mode 2
Event: 37.538 Thread 0x000001a609f23770 Uncommon trap: trap_request=0xffffff45 fr.pc=0x000001a5b839d50c relative=0x000000000000094c
Event: 37.538 Thread 0x000001a609f23770 Uncommon trap: reason=unstable_if action=reinterpret pc=0x000001a5b839d50c method=org.eclipse.jdt.internal.compiler.util.JrtFileSystem$2.visitFile(Ljava/nio/file/Path;Ljava/nio/file/attribute/BasicFileAttributes;)Ljava/nio/file/FileVisitResult; @ 6 c2
Event: 37.538 Thread 0x000001a609f23770 DEOPT PACKING pc=0x000001a5b839d50c sp=0x00000001039fdb50
Event: 37.538 Thread 0x000001a609f23770 DEOPT UNPACKING pc=0x000001a5b7929ea3 sp=0x00000001039fdb28 mode 2

Classes unloaded (7 events):
Event: 3.631 Thread 0x000001a5ad88b520 Unloading class 0x000001a5c221c000 'java/lang/invoke/LambdaForm$MH+0x000001a5c221c000'
Event: 3.631 Thread 0x000001a5ad88b520 Unloading class 0x000001a5c221bc00 'java/lang/invoke/LambdaForm$MH+0x000001a5c221bc00'
Event: 3.631 Thread 0x000001a5ad88b520 Unloading class 0x000001a5c221b800 'java/lang/invoke/LambdaForm$MH+0x000001a5c221b800'
Event: 3.631 Thread 0x000001a5ad88b520 Unloading class 0x000001a5c221b400 'java/lang/invoke/LambdaForm$MH+0x000001a5c221b400'
Event: 3.631 Thread 0x000001a5ad88b520 Unloading class 0x000001a5c221b000 'java/lang/invoke/LambdaForm$BMH+0x000001a5c221b000'
Event: 3.631 Thread 0x000001a5ad88b520 Unloading class 0x000001a5c221ac00 'java/lang/invoke/LambdaForm$DMH+0x000001a5c221ac00'
Event: 3.631 Thread 0x000001a5ad88b520 Unloading class 0x000001a5c2218000 'java/lang/invoke/LambdaForm$DMH+0x000001a5c2218000'

Classes redefined (0 events):
No events

Internal exceptions (20 events):
Event: 37.386 Thread 0x000001a6095198d0 Exception <a 'sun/nio/fs/WindowsException'{0x00000000eb31c5a0}> (0x00000000eb31c5a0) 
thrown [s\src\hotspot\share\prims\jni.cpp, line 516]
Event: 37.386 Thread 0x000001a6095198d0 Exception <a 'sun/nio/fs/WindowsException'{0x00000000eb323548}> (0x00000000eb323548) 
thrown [s\src\hotspot\share\prims\jni.cpp, line 516]
Event: 37.386 Thread 0x000001a6095198d0 Exception <a 'sun/nio/fs/WindowsException'{0x00000000eb32a6b8}> (0x00000000eb32a6b8) 
thrown [s\src\hotspot\share\prims\jni.cpp, line 516]
Event: 37.387 Thread 0x000001a6095198d0 Exception <a 'sun/nio/fs/WindowsException'{0x00000000eb331868}> (0x00000000eb331868) 
thrown [s\src\hotspot\share\prims\jni.cpp, line 516]
Event: 37.387 Thread 0x000001a6095198d0 Exception <a 'sun/nio/fs/WindowsException'{0x00000000eb338c70}> (0x00000000eb338c70) 
thrown [s\src\hotspot\share\prims\jni.cpp, line 516]
Event: 37.387 Thread 0x000001a6095198d0 Exception <a 'sun/nio/fs/WindowsException'{0x00000000eb33ffd8}> (0x00000000eb33ffd8) 
thrown [s\src\hotspot\share\prims\jni.cpp, line 516]
Event: 37.387 Thread 0x000001a6095198d0 Exception <a 'sun/nio/fs/WindowsException'{0x00000000eb347900}> (0x00000000eb347900) 
thrown [s\src\hotspot\share\prims\jni.cpp, line 516]
Event: 37.388 Thread 0x000001a6095198d0 Exception <a 'sun/nio/fs/WindowsException'{0x00000000eb34ea28}> (0x00000000eb34ea28) 
thrown [s\src\hotspot\share\prims\jni.cpp, line 516]
Event: 37.388 Thread 0x000001a6095198d0 Exception <a 'sun/nio/fs/WindowsException'{0x00000000eb356468}> (0x00000000eb356468) 
thrown [s\src\hotspot\share\prims\jni.cpp, line 516]
Event: 37.398 Thread 0x000001a6095198d0 Exception <a 'sun/nio/fs/WindowsException'{0x00000000eb38b1c0}> (0x00000000eb38b1c0) 
thrown [s\src\hotspot\share\prims\jni.cpp, line 516]
Event: 37.411 Thread 0x000001a6095198d0 Exception <a 'sun/nio/fs/WindowsException'{0x00000000eb3a3ca8}> (0x00000000eb3a3ca8) 
thrown [s\src\hotspot\share\prims\jni.cpp, line 516]
Event: 37.446 Thread 0x000001a609f22900 Exception <a 'sun/nio/fs/WindowsException'{0x00000000eb5a8e58}> (0x00000000eb5a8e58) 
thrown [s\src\hotspot\share\prims\jni.cpp, line 516]
Event: 37.459 Thread 0x000001a609f22900 Exception <a 'sun/nio/fs/WindowsException'{0x00000000eb6584e0}> (0x00000000eb6584e0) 
thrown [s\src\hotspot\share\prims\jni.cpp, line 516]
Event: 37.463 Thread 0x000001a609f22900 Exception <a 'java/lang/NoSuchMethodError'{0x00000000eb662540}: 'java.lang.Object java.lang.invoke.DirectMethodHandle$Holder.invokeStatic(java.lang.Object, java.lang.Object, int, java.lang.Object)'> (0x00000000eb662540) 
thrown [s\src\hotspot\share\interpreter\linkResolver.cpp, line 759]
Event: 37.464 Thread 0x000001a609f22900 Exception <a 'java/lang/NoSuchMethodError'{0x00000000eb6a8a18}: 'java.lang.Object java.lang.invoke.DirectMethodHandle$Holder.newInvokeSpecial(java.lang.Object, java.lang.Object, int)'> (0x00000000eb6a8a18) 
thrown [s\src\hotspot\share\interpreter\linkResolver.cpp, line 759]
Event: 37.496 Thread 0x000001a609f23770 Exception <a 'java/lang/NoSuchMethodError'{0x00000000eac24d90}: 'java.lang.Object java.lang.invoke.DirectMethodHandle$Holder.newInvokeSpecial(java.lang.Object, java.lang.Object, java.lang.Object, java.lang.Object, java.lang.Object, java.lang.Object)'> (0x00000000eac24d90) 
thrown [s\src\hotspot\share\interpreter\linkResolver.cpp, line 759]
Event: 37.500 Thread 0x000001a609f23770 Exception <a 'java/lang/NoSuchMethodError'{0x00000000eac69e40}: 'int java.lang.invoke.DirectMethodHandle$Holder.invokeStatic(java.lang.Object)'> (0x00000000eac69e40) 
thrown [s\src\hotspot\share\interpreter\linkResolver.cpp, line 759]
Event: 37.515 Thread 0x000001a609f23770 Exception <a 'java/io/FileNotFoundException'{0x00000000eadb9e90}> (0x00000000eadb9e90) 
thrown [s\src\hotspot\share\prims\jni.cpp, line 516]
Event: 37.515 Thread 0x000001a609f23770 Exception <a 'java/io/FileNotFoundException'{0x00000000eadbb730}> (0x00000000eadbb730) 
thrown [s\src\hotspot\share\prims\jni.cpp, line 516]
Event: 37.516 Thread 0x000001a609f23770 Exception <a 'java/io/FileNotFoundException'{0x00000000eadbca08}> (0x00000000eadbca08) 
thrown [s\src\hotspot\share\prims\jni.cpp, line 516]

VM Operations (20 events):
Event: 36.823 Executing VM operation: ParallelGCFailedAllocation
Event: 36.824 Executing VM operation: ParallelGCFailedAllocation done
Event: 37.097 Executing VM operation: HandshakeAllThreads
Event: 37.097 Executing VM operation: HandshakeAllThreads done
Event: 37.160 Executing VM operation: ParallelGCFailedAllocation
Event: 37.160 Executing VM operation: ParallelGCFailedAllocation done
Event: 37.240 Executing VM operation: ParallelGCFailedAllocation
Event: 37.240 Executing VM operation: ParallelGCFailedAllocation done
Event: 37.338 Executing VM operation: ParallelGCFailedAllocation
Event: 37.339 Executing VM operation: ParallelGCFailedAllocation done
Event: 37.468 Executing VM operation: HandshakeAllThreads
Event: 37.468 Executing VM operation: HandshakeAllThreads done
Event: 37.470 Executing VM operation: HandshakeAllThreads
Event: 37.470 Executing VM operation: HandshakeAllThreads done
Event: 37.483 Executing VM operation: ParallelGCFailedAllocation
Event: 37.484 Executing VM operation: ParallelGCFailedAllocation done
Event: 37.501 Executing VM operation: HandshakeAllThreads
Event: 37.501 Executing VM operation: HandshakeAllThreads done
Event: 37.549 Executing VM operation: HandshakeAllThreads
Event: 37.549 Executing VM operation: HandshakeAllThreads done

Events (20 events):
Event: 37.473 loading class java/util/Collections$SynchronizedList
Event: 37.473 loading class java/util/Collections$SynchronizedList done
Event: 37.473 loading class java/util/Collections$SynchronizedRandomAccessList done
Event: 37.480 loading class java/util/concurrent/CompletableFuture$Signaller
Event: 37.480 loading class java/util/concurrent/CompletableFuture$Signaller done
Event: 37.506 loading class java/util/Hashtable$KeySet
Event: 37.506 loading class java/util/Hashtable$KeySet done
Event: 37.533 Thread 0x000001a60ad2a860 Thread added: 0x000001a60ad2a860
Event: 37.550 Thread 0x000001a609f22430 Thread added: 0x000001a609f22430
Event: 37.550 loading class java/util/concurrent/CompletableFuture$UniAccept
Event: 37.550 loading class java/util/concurrent/CompletableFuture$UniAccept done
Event: 37.550 loading class java/util/concurrent/CompletableFuture$UniExceptionally
Event: 37.550 loading class java/util/concurrent/CompletableFuture$UniExceptionally done
Event: 37.555 Thread 0x000001a609f25df0 Thread added: 0x000001a609f25df0
Event: 37.556 Thread 0x000001a606a9dfc0 flushing nmethod 0x000001a5b0642390
Event: 37.558 Thread 0x000001a606a9dfc0 flushing nmethod 0x000001a5b0832090
Event: 37.558 Thread 0x000001a606a9dfc0 flushing nmethod 0x000001a5b0834510
Event: 37.558 Thread 0x000001a609f21f60 Thread added: 0x000001a609f21f60
Event: 37.558 Thread 0x000001a606a9dfc0 flushing nmethod 0x000001a5b0942110
Event: 37.558 Thread 0x000001a606a9dfc0 flushing nmethod 0x000001a5b0943890


Dynamic libraries:
0x00007ff643ae0000 - 0x00007ff643aee000 	c:\Users\Admin\.vscode\extensions\redhat.java-1.21.0-win32-x64\jre\17.0.7-win32-x86_64\bin\java.exe
0x00007ffbde910000 - 0x00007ffbdeb24000 	C:\WINDOWS\SYSTEM32\ntdll.dll
0x00007ffbde620000 - 0x00007ffbde6e2000 	C:\WINDOWS\System32\KERNEL32.DLL
0x00007ffbdbd80000 - 0x00007ffbdc123000 	C:\WINDOWS\System32\KERNELBASE.dll
0x00007ffbdc3a0000 - 0x00007ffbdc4b1000 	C:\WINDOWS\System32\ucrtbase.dll
0x00007ffbc1730000 - 0x00007ffbc1749000 	c:\Users\Admin\.vscode\extensions\redhat.java-1.21.0-win32-x64\jre\17.0.7-win32-x86_64\bin\VCRUNTIME140.dll
0x00007ffbc1710000 - 0x00007ffbc1727000 	c:\Users\Admin\.vscode\extensions\redhat.java-1.21.0-win32-x64\jre\17.0.7-win32-x86_64\bin\jli.dll
0x00007ffbde2b0000 - 0x00007ffbde45a000 	C:\WINDOWS\System32\USER32.dll
0x00007ffbb4090000 - 0x00007ffbb431e000 	C:\WINDOWS\WinSxS\amd64_microsoft.windows.common-controls_6595b64144ccf1df_6.0.22621.1635_none_270f70857386168e\COMCTL32.dll
0x00007ffbdc130000 - 0x00007ffbdc156000 	C:\WINDOWS\System32\win32u.dll
0x00007ffbde820000 - 0x00007ffbde8c7000 	C:\WINDOWS\System32\msvcrt.dll
0x00007ffbde6f0000 - 0x00007ffbde719000 	C:\WINDOWS\System32\GDI32.dll
0x00007ffbdc1e0000 - 0x00007ffbdc2f9000 	C:\WINDOWS\System32\gdi32full.dll
0x00007ffbdc300000 - 0x00007ffbdc39a000 	C:\WINDOWS\System32\msvcp_win.dll
0x00007ffbddca0000 - 0x00007ffbddcd1000 	C:\WINDOWS\System32\IMM32.DLL
0x00007ffbd6e40000 - 0x00007ffbd6e4c000 	c:\Users\Admin\.vscode\extensions\redhat.java-1.21.0-win32-x64\jre\17.0.7-win32-x86_64\bin\vcruntime140_1.dll
0x00007ffb77030000 - 0x00007ffb770c1000 	c:\Users\Admin\.vscode\extensions\redhat.java-1.21.0-win32-x64\jre\17.0.7-win32-x86_64\bin\msvcp140.dll
0x00007ffb41fe0000 - 0x00007ffb42c28000 	c:\Users\Admin\.vscode\extensions\redhat.java-1.21.0-win32-x64\jre\17.0.7-win32-x86_64\bin\server\jvm.dll
0x00007ffbdde90000 - 0x00007ffbddf3e000 	C:\WINDOWS\System32\ADVAPI32.dll
0x00007ffbde570000 - 0x00007ffbde614000 	C:\WINDOWS\System32\sechost.dll
0x00007ffbde190000 - 0x00007ffbde2a7000 	C:\WINDOWS\System32\RPCRT4.dll
0x00007ffbd3ee0000 - 0x00007ffbd3f14000 	C:\WINDOWS\SYSTEM32\WINMM.dll
0x00007ffbd6430000 - 0x00007ffbd6439000 	C:\WINDOWS\SYSTEM32\WSOCK32.dll
0x00007ffbd5550000 - 0x00007ffbd555a000 	C:\WINDOWS\SYSTEM32\VERSION.dll
0x00007ffbdd430000 - 0x00007ffbdd4a1000 	C:\WINDOWS\System32\WS2_32.dll
0x00007ffbdadb0000 - 0x00007ffbdadc8000 	C:\WINDOWS\SYSTEM32\kernel.appcore.dll
0x00007ffbd66d0000 - 0x00007ffbd66da000 	c:\Users\Admin\.vscode\extensions\redhat.java-1.21.0-win32-x64\jre\17.0.7-win32-x86_64\bin\jimage.dll
0x00007ffbd96a0000 - 0x00007ffbd98ce000 	C:\WINDOWS\SYSTEM32\DBGHELP.DLL
0x00007ffbdd850000 - 0x00007ffbddbd9000 	C:\WINDOWS\System32\combase.dll
0x00007ffbddce0000 - 0x00007ffbdddb7000 	C:\WINDOWS\System32\OLEAUT32.dll
0x00007ffbc0bf0000 - 0x00007ffbc0c22000 	C:\WINDOWS\SYSTEM32\dbgcore.DLL
0x00007ffbdc160000 - 0x00007ffbdc1da000 	C:\WINDOWS\System32\bcryptPrimitives.dll
0x00007ffbce7a0000 - 0x00007ffbce7ae000 	c:\Users\Admin\.vscode\extensions\redhat.java-1.21.0-win32-x64\jre\17.0.7-win32-x86_64\bin\instrument.dll
0x00007ffbc16e0000 - 0x00007ffbc1705000 	c:\Users\Admin\.vscode\extensions\redhat.java-1.21.0-win32-x64\jre\17.0.7-win32-x86_64\bin\java.dll
0x00007ffbc16c0000 - 0x00007ffbc16d8000 	c:\Users\Admin\.vscode\extensions\redhat.java-1.21.0-win32-x64\jre\17.0.7-win32-x86_64\bin\zip.dll
0x00007ffbdcc30000 - 0x00007ffbdd429000 	C:\WINDOWS\System32\SHELL32.dll
0x00007ffbd9cb0000 - 0x00007ffbda57e000 	C:\WINDOWS\SYSTEM32\windows.storage.dll
0x00007ffbd9b70000 - 0x00007ffbd9cae000 	C:\WINDOWS\SYSTEM32\wintypes.dll
0x00007ffbde720000 - 0x00007ffbde811000 	C:\WINDOWS\System32\SHCORE.dll
0x00007ffbdddc0000 - 0x00007ffbdde1e000 	C:\WINDOWS\System32\shlwapi.dll
0x00007ffbdbc40000 - 0x00007ffbdbc66000 	C:\WINDOWS\SYSTEM32\profapi.dll
0x00007ffbc1570000 - 0x00007ffbc1589000 	C:\Users\Admin\.vscode\extensions\redhat.java-1.21.0-win32-x64\jre\17.0.7-win32-x86_64\bin\net.dll
0x00007ffbd5080000 - 0x00007ffbd51b7000 	C:\WINDOWS\SYSTEM32\WINHTTP.dll
0x00007ffbdb2a0000 - 0x00007ffbdb309000 	C:\WINDOWS\system32\mswsock.dll
0x00007ffbb3e90000 - 0x00007ffbb3ea5000 	C:\Users\Admin\.vscode\extensions\redhat.java-1.21.0-win32-x64\jre\17.0.7-win32-x86_64\bin\nio.dll
0x00007ffbce730000 - 0x00007ffbce740000 	c:\Users\Admin\.vscode\extensions\redhat.java-1.21.0-win32-x64\jre\17.0.7-win32-x86_64\bin\verify.dll
0x00007ffb9e530000 - 0x00007ffb9e56e000 	C:\Users\Admin\AppData\Roaming\Code\User\globalStorage\redhat.java\1.21.0\config_win\org.eclipse.equinox.launcher\org.eclipse.equinox.launcher.win32.win32.x86_64_1.2.700.v20221108-1024\eclipse_11801.dll
0x00007ffbddf40000 - 0x00007ffbde0dc000 	C:\WINDOWS\System32\ole32.dll
0x00007ffbdb520000 - 0x00007ffbdb53b000 	C:\WINDOWS\SYSTEM32\CRYPTSP.dll
0x00007ffbdacf0000 - 0x00007ffbdad25000 	C:\WINDOWS\system32\rsaenh.dll
0x00007ffbdb3c0000 - 0x00007ffbdb3ec000 	C:\WINDOWS\SYSTEM32\USERENV.dll
0x00007ffbdb6c0000 - 0x00007ffbdb6e8000 	C:\WINDOWS\SYSTEM32\bcrypt.dll
0x00007ffbdb540000 - 0x00007ffbdb54c000 	C:\WINDOWS\SYSTEM32\CRYPTBASE.dll
0x00007ffbda7e0000 - 0x00007ffbda80d000 	C:\WINDOWS\SYSTEM32\IPHLPAPI.DLL
0x00007ffbddc90000 - 0x00007ffbddc99000 	C:\WINDOWS\System32\NSI.dll
0x00007ffbd5560000 - 0x00007ffbd5579000 	C:\WINDOWS\SYSTEM32\dhcpcsvc6.DLL
0x00007ffbd5060000 - 0x00007ffbd507f000 	C:\WINDOWS\SYSTEM32\dhcpcsvc.DLL
0x00007ffbda850000 - 0x00007ffbda943000 	C:\WINDOWS\SYSTEM32\DNSAPI.dll
0x00007ffb87680000 - 0x00007ffb876c5000 	C:\Users\Admin\AppData\Local\Temp\jna-63116079\jna124346185151392851.dll
0x00007ffbde460000 - 0x00007ffbde468000 	C:\WINDOWS\System32\PSAPI.DLL
0x00007ffbceb10000 - 0x00007ffbceb37000 	C:\Users\Admin\.gradle\native\e1d6ef7f7dcc3fd88c89a11ec53ec762bb8ba0a96d01ffa2cd45eb1d1d8dd5c5\windows-amd64\native-platform.dll
0x00007ffb9da10000 - 0x00007ffb9da19000 	C:\Users\Admin\.vscode\extensions\redhat.java-1.21.0-win32-x64\jre\17.0.7-win32-x86_64\bin\management.dll
0x00007ffb9d660000 - 0x00007ffb9d66b000 	C:\Users\Admin\.vscode\extensions\redhat.java-1.21.0-win32-x64\jre\17.0.7-win32-x86_64\bin\management_ext.dll
0x00007ffb9d290000 - 0x00007ffb9d29e000 	C:\Users\Admin\.vscode\extensions\redhat.java-1.21.0-win32-x64\jre\17.0.7-win32-x86_64\bin\sunmscapi.dll
0x00007ffbdc580000 - 0x00007ffbdc6e7000 	C:\WINDOWS\System32\CRYPT32.dll
0x00007ffbdb690000 - 0x00007ffbdb6be000 	C:\WINDOWS\SYSTEM32\ncrypt.dll
0x00007ffbdb650000 - 0x00007ffbdb687000 	C:\WINDOWS\SYSTEM32\NTASN1.dll
0x00007ffba8c40000 - 0x00007ffba8c48000 	C:\WINDOWS\system32\wshunix.dll

dbghelp: loaded successfully - version: 4.0.5 - missing functions: none
symbol engine: initialized successfully - sym options: 0x614 - pdb path: .;c:\Users\Admin\.vscode\extensions\redhat.java-1.21.0-win32-x64\jre\17.0.7-win32-x86_64\bin;C:\WINDOWS\SYSTEM32;C:\WINDOWS\WinSxS\amd64_microsoft.windows.common-controls_6595b64144ccf1df_6.0.22621.1635_none_270f70857386168e;c:\Users\Admin\.vscode\extensions\redhat.java-1.21.0-win32-x64\jre\17.0.7-win32-x86_64\bin\server;C:\Users\Admin\AppData\Roaming\Code\User\globalStorage\redhat.java\1.21.0\config_win\org.eclipse.equinox.launcher\org.eclipse.equinox.launcher.win32.win32.x86_64_1.2.700.v20221108-1024;C:\Users\Admin\AppData\Local\Temp\jna-63116079;C:\Users\Admin\.gradle\native\e1d6ef7f7dcc3fd88c89a11ec53ec762bb8ba0a96d01ffa2cd45eb1d1d8dd5c5\windows-amd64

VM Arguments:
jvm_args: --add-modules=ALL-SYSTEM --add-opens=java.base/java.util=ALL-UNNAMED --add-opens=java.base/java.lang=ALL-UNNAMED --add-opens=java.base/sun.nio.fs=ALL-UNNAMED -Declipse.application=org.eclipse.jdt.ls.core.id1 -Dosgi.bundles.defaultStartLevel=4 -Declipse.product=org.eclipse.jdt.ls.core.product -Djava.import.generatesMetadataFilesAtProjectRoot=false -Dfile.encoding=utf8 -XX:+UseParallelGC -XX:GCTimeRatio=4 -XX:AdaptiveSizePolicyWeight=90 -Dsun.zip.disableMemoryMapping=true -Xmx1G -Xms100m -Xlog:disable -javaagent:c:\Users\Admin\.vscode\extensions\redhat.java-1.21.0-win32-x64\lombok\lombok-1.18.28.jar -XX:+HeapDumpOnOutOfMemoryError -XX:HeapDumpPath=c:\Users\Admin\AppData\Roaming\Code\User\workspaceStorage\e7c62a26f5fb9af6089d468b08576148\redhat.java -Daether.dependencyCollector.impl=bf 
java_command: c:\Users\Admin\.vscode\extensions\redhat.java-1.21.0-win32-x64\server\plugins\org.eclipse.equinox.launcher_1.6.500.v20230717-2134.jar -configuration c:\Users\Admin\AppData\Roaming\Code\User\globalStorage\redhat.java\1.21.0\config_win -data c:\Users\Admin\AppData\Roaming\Code\User\workspaceStorage\e7c62a26f5fb9af6089d468b08576148\redhat.java\jdt_ws
java_class_path (initial): c:\Users\Admin\.vscode\extensions\redhat.java-1.21.0-win32-x64\server\plugins\org.eclipse.equinox.launcher_1.6.500.v20230717-2134.jar
Launcher Type: SUN_STANDARD

[Global flags]
    uintx AdaptiveSizePolicyWeight                 = 90                                        {product} {command line}
     intx CICompilerCount                          = 12                                        {product} {ergonomic}
    uintx GCTimeRatio                              = 4                                         {product} {command line}
     bool HeapDumpOnOutOfMemoryError               = true                                   {manageable} {command line}
    ccstr HeapDumpPath                             = c:\Users\Admin\AppData\Roaming\Code\User\workspaceStorage\e7c62a26f5fb9af6089d468b08576148\redhat.java         {manageable} {command line}
   size_t InitialHeapSize                          = 104857600                                 {product} {command line}
   size_t MaxHeapSize                              = 1073741824                                {product} {command line}
   size_t MaxNewSize                               = 357564416                                 {product} {ergonomic}
   size_t MinHeapDeltaBytes                        = 524288                                    {product} {ergonomic}
   size_t MinHeapSize                              = 104857600                                 {product} {command line}
   size_t NewSize                                  = 34603008                                  {product} {ergonomic}
    uintx NonNMethodCodeHeapSize                   = 7602480                                {pd product} {ergonomic}
    uintx NonProfiledCodeHeapSize                  = 122027880                              {pd product} {ergonomic}
   size_t OldSize                                  = 70254592                                  {product} {ergonomic}
    uintx ProfiledCodeHeapSize                     = 122027880                              {pd product} {ergonomic}
    uintx ReservedCodeCacheSize                    = 251658240                              {pd product} {ergonomic}
     bool SegmentedCodeCache                       = true                                      {product} {ergonomic}
   size_t SoftMaxHeapSize                          = 1073741824                             {manageable} {ergonomic}
     bool UseCompressedClassPointers               = true                           {product lp64_product} {ergonomic}
     bool UseCompressedOops                        = true                           {product lp64_product} {ergonomic}
     bool UseLargePagesIndividualAllocation        = false                                  {pd product} {ergonomic}
     bool UseParallelGC                            = true                                      {product} {command line}

Logging:
Log output configuration:
 #0: stdout all=off uptime,level,tags
 #1: stderr all=off uptime,level,tags

Environment Variables:
JAVA_HOME=C:\Program Files\Java\jdk-14.0.2
PATH=C:\Program Files\Python310\Scripts\;C:\Program Files\Python310\;C:\Program Files\Python38\Scripts\;C:\Program Files\Python38\;C:\WINDOWS\system32;C:\WINDOWS;C:\WINDOWS\System32\Wbem;C:\WINDOWS\System32\WindowsPowerShell\v1.0\;C:\WINDOWS\System32\OpenSSH\;C:\Program Files\Microsoft SQL Server\Client SDK\ODBC\110\Tools\Binn\;C:\Program Files (x86)\Microsoft SQL Server\120\Tools\Binn\;C:\Program Files\Microsoft SQL Server\120\Tools\Binn\;C:\Program Files\Microsoft SQL Server\120\DTS\Binn\;C:\Program Files (x86)\Microsoft SQL Server\120\Tools\Binn\ManagementStudio\;C:\Program Files (x86)\Microsoft SQL Server\120\DTS\Binn\;C:\Program Files\Java\jdk-11.0.2\bin;C:\tomcat\apache-tomcat-9.0.63\bin;C:\Program Files\dotnet\;C:\Program Files\Microsoft SQL Server\150\Tools\Binn\;C:\Program Files\Microsoft SQL Server\Client SDK\ODBC\170\Tools\Binn\;C:\Program Files\nodejs\;C:\Program Files\Microsoft SQL Server\130\Tools\Binn\;C:\WINDOWS\system32;C:\WINDOWS;C:\WINDOWS\System32\Wbem;C:\WINDOWS\System32\WindowsPowerShell\v1.0\;C:\WINDOWS\System32\OpenSSH\;C:\Program Files\MongoDB\Server\5.0\bin;C:\Users\Admin\AppData\Local\Microsoft\WindowsApps;;C:\Users\Admin\AppData\Local\Programs\Microsoft VS Code\bin;C:\Users\Admin\.dotnet\tools;C:\Users\Admin\AppData\Roaming\npm
USERNAME=Admin
OS=Windows_NT
PROCESSOR_IDENTIFIER=Intel64 Family 6 Model 141 Stepping 1, GenuineIntel
TMP=C:\Users\Admin\AppData\Local\Temp
TEMP=C:\Users\Admin\AppData\Local\Temp



---------------  S Y S T E M  ---------------

OS:
 Windows 11 , 64 bit Build 22621 (10.0.22621.1928)
OS uptime: 1 days 9:36 hours
Hyper-V role detected

CPU: total 16 (initial active 16) (8 cores per cpu, 2 threads per core) family 6 model 141 stepping 1 microcode 0x32, cx8, cmov, fxsr, ht, mmx, 3dnowpref, sse, sse2, sse3, ssse3, sse4.1, sse4.2, popcnt, lzcnt, tsc, tscinvbit, avx, avx2, aes, erms, clmul, bmi1, bmi2, adx, avx512f, avx512dq, avx512cd, avx512bw, avx512vl, sha, fma, vzeroupper, avx512_vpopcntdq, avx512_vpclmulqdq, avx512_vaes, avx512_vnni, clflush, clflushopt, clwb, avx512_vbmi2, avx512_vbmi, hv

Memory: 4k page, system-wide physical 16085M (2226M free)
TotalPageFile size 18133M (AvailPageFile size 7M)
current process WorkingSet (physical memory assigned to process): 268M, peak: 268M
current process commit charge ("private bytes"): 348M, peak: 365M

vm_info: OpenJDK 64-Bit Server VM (17.0.7+7) for windows-amd64 JRE (17.0.7+7), built on Apr 18 2023 22:10:42 by "temurin" with MS VC++ 16.7 (VS2019)

END.
