#
# There is insufficient memory for the Java Runtime Environment to continue.
# Native memory allocation (malloc) failed to allocate 1123696 bytes for Chunk::new
# Possible reasons:
#   The system is out of physical RAM or swap space
#   The process is running with CompressedOops enabled, and the Java Heap may be blocking the growth of the native heap
# Possible solutions:
#   Reduce memory load on the system
#   Increase physical memory or swap space
#   Check if swap backing store is full
#   Decrease Java heap size (-Xmx/-Xms)
#   Decrease number of Java threads
#   Decrease Java thread stack sizes (-Xss)
#   Set larger code cache with -XX:ReservedCodeCacheSize=
#   JVM is running with Unscaled Compressed Oops mode in which the Java heap is
#     placed in the first 4GB address space. The Java Heap base address is the
#     maximum limit for the native heap growth. Please use -XX:HeapBaseMinAddress
#     to set the Java Heap base and to place the Java Heap above 4GB virtual address.
# This output file may be truncated or incomplete.
#
#  Out of Memory Error (arena.cpp:189), pid=14376, tid=9656
#
# JRE version: OpenJDK Runtime Environment Temurin-17.0.7+7 (17.0.7+7) (build 17.0.7+7)
# Java VM: OpenJDK 64-Bit Server VM Temurin-17.0.7+7 (17.0.7+7, mixed mode, tiered, compressed oops, compressed class ptrs, parallel gc, windows-amd64)
# No core dump will be written. Minidumps are not enabled by default on client versions of Windows
#

---------------  S U M M A R Y ------------

Command Line: --add-modules=ALL-SYSTEM --add-opens=java.base/java.util=ALL-UNNAMED --add-opens=java.base/java.lang=ALL-UNNAMED --add-opens=java.base/sun.nio.fs=ALL-UNNAMED -Declipse.application=org.eclipse.jdt.ls.core.id1 -Dosgi.bundles.defaultStartLevel=4 -Declipse.product=org.eclipse.jdt.ls.core.product -Djava.import.generatesMetadataFilesAtProjectRoot=false -Dfile.encoding=utf8 -XX:+UseParallelGC -XX:GCTimeRatio=4 -XX:AdaptiveSizePolicyWeight=90 -Dsun.zip.disableMemoryMapping=true -Xmx1G -Xms100m -Xlog:disable -javaagent:c:\Users\Admin\.vscode\extensions\redhat.java-1.21.0-win32-x64\lombok\lombok-1.18.28.jar c:\Users\Admin\.vscode\extensions\redhat.java-1.21.0-win32-x64\server\plugins\org.eclipse.equinox.launcher_1.6.500.v20230717-2134.jar -configuration c:\Users\Admin\AppData\Roaming\Code\User\globalStorage\redhat.java\1.21.0\config_ss_win -data c:\Users\Admin\AppData\Roaming\Code\User\workspaceStorage\e7c62a26f5fb9af6089d468b08576148\redhat.java\ss_ws

Host: 11th Gen Intel(R) Core(TM) i7-11800H @ 2.30GHz, 16 cores, 15G,  Windows 11 , 64 bit Build 22621 (10.0.22621.1928)
Time: Tue Aug  8 23:51:31 2023 SE Asia Standard Time elapsed time: 3.533828 seconds (0d 0h 0m 3s)

---------------  T H R E A D  ---------------

Current thread (0x0000023388e8f020):  JavaThread "C2 CompilerThread2" daemon [_thread_in_native, id=9656, stack(0x000000a211500000,0x000000a211600000)]


Current CompileTask:
C2:   3533 3982       4       jdk.internal.jimage.ImageReader$SharedImageReader::visitLocation (73 bytes)

Stack: [0x000000a211500000,0x000000a211600000]
Native frames: (J=compiled Java code, j=interpreted, Vv=VM code, C=native code)
V  [jvm.dll+0x67754a]
V  [jvm.dll+0x834304]
V  [jvm.dll+0x835aae]
V  [jvm.dll+0x836113]
V  [jvm.dll+0x24696f]
V  [jvm.dll+0xac0ac]
V  [jvm.dll+0xac67c]
V  [jvm.dll+0x364de2]
V  [jvm.dll+0x32f6b1]
V  [jvm.dll+0x32eb5a]
V  [jvm.dll+0x219641]
V  [jvm.dll+0x218a61]
V  [jvm.dll+0x1a4d8d]
V  [jvm.dll+0x2284da]
V  [jvm.dll+0x226615]
V  [jvm.dll+0x7ea90b]
V  [jvm.dll+0x7e4e7a]
V  [jvm.dll+0x676395]
C  [ucrtbase.dll+0x29363]
C  [KERNEL32.DLL+0x126ad]
C  [ntdll.dll+0x5aa68]


---------------  P R O C E S S  ---------------

Threads class SMR info:
_java_thread_list=0x0000023387f78dd0, length=35, elements={
0x00000233e75cd5c0, 0x00000233fb443300, 0x00000233fb444650, 0x00000233e768bea0,
0x00000233e768c860, 0x00000233e768dbb0, 0x0000023385317010, 0x000002338531e740,
0x00000233853228b0, 0x000002338532c120, 0x000002338540e980, 0x00000233853fddb0,
0x000002338541f0e0, 0x000002338729f780, 0x0000023387b06ab0, 0x0000023387ae1a60,
0x0000023387c56630, 0x0000023387ac54a0, 0x0000023387e9b010, 0x00000233880d1b20,
0x0000023387f4a4d0, 0x0000023387f4aea0, 0x00000233881853a0, 0x0000023388f927f0,
0x0000023388e8f020, 0x0000023388d3e2e0, 0x00000233892d1cf0, 0x000002338971c0e0,
0x0000023388976f60, 0x000002338a36c8b0, 0x0000023388184a00, 0x0000023388182d20,
0x0000023388182850, 0x0000023388184060, 0x000002338a36aa50
}

Java Threads: ( => current thread )
  0x00000233e75cd5c0 JavaThread "main" [_thread_blocked, id=22244, stack(0x000000a210500000,0x000000a210600000)]
  0x00000233fb443300 JavaThread "Reference Handler" daemon [_thread_blocked, id=15144, stack(0x000000a210800000,0x000000a210900000)]
  0x00000233fb444650 JavaThread "Finalizer" daemon [_thread_blocked, id=8372, stack(0x000000a210900000,0x000000a210a00000)]
  0x00000233e768bea0 JavaThread "Signal Dispatcher" daemon [_thread_blocked, id=16428, stack(0x000000a210a00000,0x000000a210b00000)]
  0x00000233e768c860 JavaThread "Attach Listener" daemon [_thread_blocked, id=6684, stack(0x000000a210b00000,0x000000a210c00000)]
  0x00000233e768dbb0 JavaThread "Service Thread" daemon [_thread_blocked, id=11280, stack(0x000000a210c00000,0x000000a210d00000)]
  0x0000023385317010 JavaThread "Monitor Deflation Thread" daemon [_thread_blocked, id=20828, stack(0x000000a210d00000,0x000000a210e00000)]
  0x000002338531e740 JavaThread "C2 CompilerThread0" daemon [_thread_in_native, id=4848, stack(0x000000a210e00000,0x000000a210f00000)]
  0x00000233853228b0 JavaThread "C1 CompilerThread0" daemon [_thread_blocked, id=3052, stack(0x000000a210f00000,0x000000a211000000)]
  0x000002338532c120 JavaThread "Sweeper thread" daemon [_thread_blocked, id=2388, stack(0x000000a211000000,0x000000a211100000)]
  0x000002338540e980 JavaThread "Common-Cleaner" daemon [_thread_blocked, id=20720, stack(0x000000a211100000,0x000000a211200000)]
  0x00000233853fddb0 JavaThread "C1 CompilerThread1" daemon [_thread_blocked, id=17024, stack(0x000000a211200000,0x000000a211300000)]
  0x000002338541f0e0 JavaThread "C1 CompilerThread2" daemon [_thread_blocked, id=8676, stack(0x000000a211300000,0x000000a211400000)]
  0x000002338729f780 JavaThread "Notification Thread" daemon [_thread_blocked, id=1756, stack(0x000000a211600000,0x000000a211700000)]
  0x0000023387b06ab0 JavaThread "Active Thread: Equinox Container: a2fe08bb-cb8e-4407-9436-558df2e53343" [_thread_blocked, id=21076, stack(0x000000a211900000,0x000000a211a00000)]
  0x0000023387ae1a60 JavaThread "Framework Event Dispatcher: Equinox Container: a2fe08bb-cb8e-4407-9436-558df2e53343" daemon [_thread_blocked, id=6312, stack(0x000000a211f00000,0x000000a212000000)]
  0x0000023387c56630 JavaThread "Start Level: Equinox Container: a2fe08bb-cb8e-4407-9436-558df2e53343" daemon [_thread_blocked, id=13832, stack(0x000000a212000000,0x000000a212100000)]
  0x0000023387ac54a0 JavaThread "SCR Component Actor" daemon [_thread_blocked, id=13684, stack(0x000000a212100000,0x000000a212200000)]
  0x0000023387e9b010 JavaThread "SCR Component Registry" daemon [_thread_blocked, id=10856, stack(0x000000a212400000,0x000000a212500000)]
  0x00000233880d1b20 JavaThread "Worker-JM" [_thread_blocked, id=12408, stack(0x000000a212500000,0x000000a212600000)]
  0x0000023387f4a4d0 JavaThread "Worker-0" [_thread_blocked, id=17640, stack(0x000000a212a00000,0x000000a212b00000)]
  0x0000023387f4aea0 JavaThread "Worker-1" [_thread_blocked, id=18088, stack(0x000000a212b00000,0x000000a212c00000)]
  0x00000233881853a0 JavaThread "Worker-2" [_thread_blocked, id=20016, stack(0x000000a212c00000,0x000000a212d00000)]
  0x0000023388f927f0 JavaThread "C2 CompilerThread1" daemon [_thread_blocked, id=7956, stack(0x000000a211400000,0x000000a211500000)]
=>0x0000023388e8f020 JavaThread "C2 CompilerThread2" daemon [_thread_in_native, id=9656, stack(0x000000a211500000,0x000000a211600000)]
  0x0000023388d3e2e0 JavaThread "C2 CompilerThread3" daemon [_thread_blocked, id=11480, stack(0x000000a212900000,0x000000a212a00000)]
  0x00000233892d1cf0 JavaThread "C2 CompilerThread4" daemon [_thread_in_native, id=10044, stack(0x000000a212e00000,0x000000a212f00000)]
  0x000002338971c0e0 JavaThread "C2 CompilerThread5" daemon [_thread_blocked, id=10684, stack(0x000000a212f00000,0x000000a213000000)]
  0x0000023388976f60 JavaThread "C2 CompilerThread6" daemon [_thread_in_native, id=7884, stack(0x000000a213000000,0x000000a213100000)]
  0x000002338a36c8b0 JavaThread "C1 CompilerThread3" daemon [_thread_blocked, id=22424, stack(0x000000a213100000,0x000000a213200000)]
  0x0000023388184a00 JavaThread "JNA Cleaner" daemon [_thread_blocked, id=20716, stack(0x000000a213200000,0x000000a213300000)]
  0x0000023388182d20 JavaThread "pool-2-thread-1" [_thread_blocked, id=22428, stack(0x000000a213300000,0x000000a213400000)]
  0x0000023388182850 JavaThread "WorkspaceEventsHandler" [_thread_blocked, id=9048, stack(0x000000a213400000,0x000000a213500000)]
  0x0000023388184060 JavaThread "pool-1-thread-1" [_thread_in_native, id=2104, stack(0x000000a213500000,0x000000a213600000)]
  0x000002338a36aa50 JavaThread "C2 CompilerThread7" daemon [_thread_blocked, id=21128, stack(0x000000a213600000,0x000000a213700000)]

Other Threads:
  0x00000233e7684bc0 VMThread "VM Thread" [stack: 0x000000a210700000,0x000000a210800000] [id=21004]
  0x000002338729fc50 WatcherThread [stack: 0x000000a211700000,0x000000a211800000] [id=11640]
  0x00000233e75e3230 GCTaskThread "GC Thread#0" [stack: 0x000000a210600000,0x000000a210700000] [id=12864]
  0x0000023387c1d100 GCTaskThread "GC Thread#1" [stack: 0x000000a211a00000,0x000000a211b00000] [id=12264]
  0x0000023387c1d3b0 GCTaskThread "GC Thread#2" [stack: 0x000000a211b00000,0x000000a211c00000] [id=7320]
  0x0000023387c1d660 GCTaskThread "GC Thread#3" [stack: 0x000000a211c00000,0x000000a211d00000] [id=17692]
  0x0000023387c1d910 GCTaskThread "GC Thread#4" [stack: 0x000000a211d00000,0x000000a211e00000] [id=21912]
  0x0000023387c1dbc0 GCTaskThread "GC Thread#5" [stack: 0x000000a211e00000,0x000000a211f00000] [id=1632]
  0x0000023387bafa40 GCTaskThread "GC Thread#6" [stack: 0x000000a212200000,0x000000a212300000] [id=18044]
  0x0000023387bafcf0 GCTaskThread "GC Thread#7" [stack: 0x000000a212300000,0x000000a212400000] [id=22384]
  0x00000233880ca730 GCTaskThread "GC Thread#8" [stack: 0x000000a212600000,0x000000a212700000] [id=1112]
  0x0000023387ea6eb0 GCTaskThread "GC Thread#9" [stack: 0x000000a212700000,0x000000a212800000] [id=1524]
  0x0000023387ea7160 GCTaskThread "GC Thread#10" [stack: 0x000000a212800000,0x000000a212900000] [id=3820]
  0x0000023387dd1f90 GCTaskThread "GC Thread#11" [stack: 0x000000a212d00000,0x000000a212e00000] [id=21772]
  0x0000023387f8ba20 GCTaskThread "GC Thread#12" [stack: 0x000000a211800000,0x000000a211900000] [id=15824]

Threads with active compile tasks:
C2 CompilerThread0     3556 3814   !   4       java.nio.file.FileTreeWalker::visit (204 bytes)
C2 CompilerThread2     3557 3982       4       jdk.internal.jimage.ImageReader$SharedImageReader::visitLocation (73 bytes)
C2 CompilerThread4     3557 3811   !   4       java.nio.file.FileTreeWalker::next (144 bytes)
C2 CompilerThread6     3557 4042       4       org.eclipse.core.internal.watson.ElementTreeIterator::doIteration (114 bytes)

VM state: not at safepoint (normal execution)

VM Mutex/Monitor currently owned by a thread: None

Heap address: 0x00000000c0000000, size: 1024 MB, Compressed Oops mode: 32-bit

CDS archive(s) not mapped
Compressed class space mapped at: 0x0000000100000000-0x0000000140000000, reserved size: 1073741824
Narrow klass base: 0x0000000000000000, Narrow klass shift: 3, Narrow klass range: 0x140000000

GC Precious Log:
 CPUs: 16 total, 16 available
 Memory: 16085M
 Large Page Support: Disabled
 NUMA Support: Disabled
 Compressed Oops: Enabled (32-bit)
 Alignments: Space 512K, Generation 512K, Heap 2M
 Heap Min Capacity: 100M
 Heap Initial Capacity: 100M
 Heap Max Capacity: 1G
 Pre-touch: Disabled
 Parallel Workers: 13

Heap:
 PSYoungGen      total 24576K, used 15689K [0x00000000eab00000, 0x00000000ec600000, 0x0000000100000000)
  eden space 22016K, 60% used [0x00000000eab00000,0x00000000eb8124d0,0x00000000ec080000)
  from space 2560K, 90% used [0x00000000ec380000,0x00000000ec5c0000,0x00000000ec600000)
  to   space 2560K, 0% used [0x00000000ec100000,0x00000000ec100000,0x00000000ec380000)
 ParOldGen       total 68608K, used 27765K [0x00000000c0000000, 0x00000000c4300000, 0x00000000eab00000)
  object space 68608K, 40% used [0x00000000c0000000,0x00000000c1b1d690,0x00000000c4300000)
 Metaspace       used 36913K, committed 37696K, reserved 1114112K
  class space    used 3755K, committed 4096K, reserved 1048576K

Card table byte_map: [0x00000233e6f70000,0x00000233e7180000] _byte_map_base: 0x00000233e6970000

Marking Bits: (ParMarkBitMap*) 0x00007fff791b52c0
 Begin Bits: [0x00000233f9250000, 0x00000233fa250000)
 End Bits:   [0x00000233fa250000, 0x00000233fb250000)

Polling page: 0x00000233e5550000

Metaspace:

Usage:
  Non-class:     32.38 MB used.
      Class:      3.67 MB used.
       Both:     36.05 MB used.

Virtual space:
  Non-class space:       64.00 MB reserved,      32.81 MB ( 51%) committed,  1 nodes.
      Class space:        1.00 GB reserved,       4.00 MB ( <1%) committed,  1 nodes.
             Both:        1.06 GB reserved,      36.81 MB (  3%) committed. 

Chunk freelists:
   Non-Class:  14.70 MB
       Class:  11.91 MB
        Both:  26.61 MB

MaxMetaspaceSize: unlimited
CompressedClassSpaceSize: 1.00 GB
Initial GC threshold: 21.00 MB
Current GC threshold: 58.38 MB
CDS: off
MetaspaceReclaimPolicy: balanced
 - commit_granule_bytes: 65536.
 - commit_granule_words: 8192.
 - virtual_space_node_default_size: 8388608.
 - enlarge_chunks_in_place: 1.
 - new_chunks_are_fully_committed: 0.
 - uncommit_free_chunks: 1.
 - use_allocation_guard: 0.
 - handle_deallocations: 1.


Internal statistics:

num_allocs_failed_limit: 8.
num_arena_births: 360.
num_arena_deaths: 14.
num_vsnodes_births: 2.
num_vsnodes_deaths: 0.
num_space_committed: 589.
num_space_uncommitted: 0.
num_chunks_returned_to_freelist: 22.
num_chunks_taken_from_freelist: 1500.
num_chunk_merges: 9.
num_chunk_splits: 979.
num_chunks_enlarged: 649.
num_inconsistent_stats: 0.

CodeHeap 'non-profiled nmethods': size=119168Kb used=2361Kb max_used=2361Kb free=116806Kb
 bounds [0x00000233f1df0000, 0x00000233f2060000, 0x00000233f9250000]
CodeHeap 'profiled nmethods': size=119104Kb used=8342Kb max_used=8342Kb free=110761Kb
 bounds [0x00000233ea250000, 0x00000233eaa80000, 0x00000233f16a0000]
CodeHeap 'non-nmethods': size=7488Kb used=2975Kb max_used=3066Kb free=4513Kb
 bounds [0x00000233f16a0000, 0x00000233f19a0000, 0x00000233f1df0000]
 total_blobs=4688 nmethods=4090 adapters=509
 compilation: enabled
              stopped_count=0, restarted_count=0
 full_count=0

Compilation events (20 events):
Event: 3.477 Thread 0x0000023388f927f0 nmethod 3979 0x00000233f2039a90 code [0x00000233f2039c20, 0x00000233f2039dd8]
Event: 3.477 Thread 0x0000023388f927f0 3846       4       org.eclipse.jdt.internal.compiler.classfmt.ClassFileStruct::u2At (35 bytes)
Event: 3.477 Thread 0x0000023388f927f0 nmethod 3846 0x00000233f2039f90 code [0x00000233f203a100, 0x00000233f203a1f8]
Event: 3.477 Thread 0x000002338971c0e0 nmethod 4034 0x00000233f203a310 code [0x00000233f203a4a0, 0x00000233f203a638]
Event: 3.477 Thread 0x0000023388f927f0 4037       4       org.eclipse.jdt.internal.core.JrtPackageFragmentRoot::hashCode (41 bytes)
Event: 3.478 Thread 0x000002338971c0e0 4038       4       org.eclipse.jdt.internal.core.ClasspathAttribute::hashCode (18 bytes)
Event: 3.479 Thread 0x0000023388d3e2e0 nmethod 3943 0x00000233f203a810 code [0x00000233f203aa40, 0x00000233f203b600]
Event: 3.480 Thread 0x0000023388d3e2e0 3981       4       java.util.ArrayDeque::pollFirst (36 bytes)
Event: 3.481 Thread 0x000002338a36aa50 nmethod 3977 0x00000233f203c010 code [0x00000233f203c1a0, 0x00000233f203c438]
Event: 3.481 Thread 0x0000023388d3e2e0 nmethod 3981 0x00000233f203c690 code [0x00000233f203c800, 0x00000233f203c8d8]
Event: 3.481 Thread 0x000002338a36aa50 3805       4       java.lang.StringConcatHelper::stringOf (20 bytes)
Event: 3.481 Thread 0x0000023388d3e2e0 3903       4       org.eclipse.jdt.internal.compiler.classfmt.ClassFileStruct::u1At (16 bytes)
Event: 3.482 Thread 0x000002338a36aa50 nmethod 3805 0x00000233f203ca10 code [0x00000233f203cb80, 0x00000233f203cc18]
Event: 3.482 Thread 0x0000023388d3e2e0 nmethod 3903 0x00000233f203cd10 code [0x00000233f203ce80, 0x00000233f203cf38]
Event: 3.482 Thread 0x000002338a36aa50 3866       4       org.eclipse.jdt.internal.compiler.util.JRTUtil$AbstractFileVisitor::postVisitDirectory (4 bytes)
Event: 3.482 Thread 0x0000023388d3e2e0 3894       4       org.eclipse.core.runtime.Path::segmentCount (6 bytes)
Event: 3.483 Thread 0x000002338a36aa50 nmethod 3866 0x00000233f203d010 code [0x00000233f203d180, 0x00000233f203d1f8]
Event: 3.483 Thread 0x0000023388d3e2e0 nmethod 3894 0x00000233f203d310 code [0x00000233f203d480, 0x00000233f203d518]
Event: 3.484 Thread 0x000002338971c0e0 nmethod 4038 0x00000233f203d610 code [0x00000233f203d7a0, 0x00000233f203daf8]
Event: 3.486 Thread 0x0000023388f927f0 nmethod 4037 0x00000233f203dd10 code [0x00000233f203dec0, 0x00000233f203e3d8]

GC Heap History (20 events):
Event: 2.582 GC heap before
{Heap before GC invocations=9 (full 1):
 PSYoungGen      total 26112K, used 26095K [0x00000000eab00000, 0x00000000ec880000, 0x0000000100000000)
  eden space 24064K, 100% used [0x00000000eab00000,0x00000000ec280000,0x00000000ec280000)
  from space 2048K, 99% used [0x00000000ec580000,0x00000000ec77bce0,0x00000000ec780000)
  to   space 1024K, 0% used [0x00000000ec780000,0x00000000ec780000,0x00000000ec880000)
 ParOldGen       total 68608K, used 12696K [0x00000000c0000000, 0x00000000c4300000, 0x00000000eab00000)
  object space 68608K, 18% used [0x00000000c0000000,0x00000000c0c66330,0x00000000c4300000)
 Metaspace       used 31304K, committed 31872K, reserved 1114112K
  class space    used 3079K, committed 3328K, reserved 1048576K
}
Event: 2.584 GC heap after
{Heap after GC invocations=9 (full 1):
 PSYoungGen      total 24576K, used 1001K [0x00000000eab00000, 0x00000000ec880000, 0x0000000100000000)
  eden space 23552K, 0% used [0x00000000eab00000,0x00000000eab00000,0x00000000ec200000)
  from space 1024K, 97% used [0x00000000ec780000,0x00000000ec87a408,0x00000000ec880000)
  to   space 3072K, 0% used [0x00000000ec280000,0x00000000ec280000,0x00000000ec580000)
 ParOldGen       total 68608K, used 14260K [0x00000000c0000000, 0x00000000c4300000, 0x00000000eab00000)
  object space 68608K, 20% used [0x00000000c0000000,0x00000000c0ded1c0,0x00000000c4300000)
 Metaspace       used 31304K, committed 31872K, reserved 1114112K
  class space    used 3079K, committed 3328K, reserved 1048576K
}
Event: 2.894 GC heap before
{Heap before GC invocations=10 (full 1):
 PSYoungGen      total 24576K, used 24548K [0x00000000eab00000, 0x00000000ec880000, 0x0000000100000000)
  eden space 23552K, 99% used [0x00000000eab00000,0x00000000ec1feeb8,0x00000000ec200000)
  from space 1024K, 97% used [0x00000000ec780000,0x00000000ec87a408,0x00000000ec880000)
  to   space 3072K, 0% used [0x00000000ec280000,0x00000000ec280000,0x00000000ec580000)
 ParOldGen       total 68608K, used 14260K [0x00000000c0000000, 0x00000000c4300000, 0x00000000eab00000)
  object space 68608K, 20% used [0x00000000c0000000,0x00000000c0ded1c0,0x00000000c4300000)
 Metaspace       used 35145K, committed 35776K, reserved 1114112K
  class space    used 3565K, committed 3840K, reserved 1048576K
}
Event: 2.895 GC heap after
{Heap after GC invocations=10 (full 1):
 PSYoungGen      total 26112K, used 2350K [0x00000000eab00000, 0x00000000ec800000, 0x0000000100000000)
  eden space 23040K, 0% used [0x00000000eab00000,0x00000000eab00000,0x00000000ec180000)
  from space 3072K, 76% used [0x00000000ec280000,0x00000000ec4cb900,0x00000000ec580000)
  to   space 2560K, 0% used [0x00000000ec580000,0x00000000ec580000,0x00000000ec800000)
 ParOldGen       total 68608K, used 14864K [0x00000000c0000000, 0x00000000c4300000, 0x00000000eab00000)
  object space 68608K, 21% used [0x00000000c0000000,0x00000000c0e84018,0x00000000c4300000)
 Metaspace       used 35145K, committed 35776K, reserved 1114112K
  class space    used 3565K, committed 3840K, reserved 1048576K
}
Event: 2.898 GC heap before
{Heap before GC invocations=11 (full 1):
 PSYoungGen      total 26112K, used 3127K [0x00000000eab00000, 0x00000000ec800000, 0x0000000100000000)
  eden space 23040K, 3% used [0x00000000eab00000,0x00000000eabc2510,0x00000000ec180000)
  from space 3072K, 76% used [0x00000000ec280000,0x00000000ec4cb900,0x00000000ec580000)
  to   space 2560K, 0% used [0x00000000ec580000,0x00000000ec580000,0x00000000ec800000)
 ParOldGen       total 68608K, used 14864K [0x00000000c0000000, 0x00000000c4300000, 0x00000000eab00000)
  object space 68608K, 21% used [0x00000000c0000000,0x00000000c0e84018,0x00000000c4300000)
 Metaspace       used 35234K, committed 35840K, reserved 1114112K
  class space    used 3573K, committed 3840K, reserved 1048576K
}
Event: 2.899 GC heap after
{Heap after GC invocations=11 (full 1):
 PSYoungGen      total 25088K, used 1985K [0x00000000eab00000, 0x00000000ec780000, 0x0000000100000000)
  eden space 23040K, 0% used [0x00000000eab00000,0x00000000eab00000,0x00000000ec180000)
  from space 2048K, 96% used [0x00000000ec580000,0x00000000ec7707c0,0x00000000ec780000)
  to   space 2560K, 0% used [0x00000000ec280000,0x00000000ec280000,0x00000000ec500000)
 ParOldGen       total 68608K, used 15304K [0x00000000c0000000, 0x00000000c4300000, 0x00000000eab00000)
  object space 68608K, 22% used [0x00000000c0000000,0x00000000c0ef2338,0x00000000c4300000)
 Metaspace       used 35234K, committed 35840K, reserved 1114112K
  class space    used 3573K, committed 3840K, reserved 1048576K
}
Event: 2.899 GC heap before
{Heap before GC invocations=12 (full 2):
 PSYoungGen      total 25088K, used 1985K [0x00000000eab00000, 0x00000000ec780000, 0x0000000100000000)
  eden space 23040K, 0% used [0x00000000eab00000,0x00000000eab00000,0x00000000ec180000)
  from space 2048K, 96% used [0x00000000ec580000,0x00000000ec7707c0,0x00000000ec780000)
  to   space 2560K, 0% used [0x00000000ec280000,0x00000000ec280000,0x00000000ec500000)
 ParOldGen       total 68608K, used 15304K [0x00000000c0000000, 0x00000000c4300000, 0x00000000eab00000)
  object space 68608K, 22% used [0x00000000c0000000,0x00000000c0ef2338,0x00000000c4300000)
 Metaspace       used 35234K, committed 35840K, reserved 1114112K
  class space    used 3573K, committed 3840K, reserved 1048576K
}
Event: 2.911 GC heap after
{Heap after GC invocations=12 (full 2):
 PSYoungGen      total 25088K, used 0K [0x00000000eab00000, 0x00000000ec780000, 0x0000000100000000)
  eden space 23040K, 0% used [0x00000000eab00000,0x00000000eab00000,0x00000000ec180000)
  from space 2048K, 0% used [0x00000000ec580000,0x00000000ec580000,0x00000000ec780000)
  to   space 2560K, 0% used [0x00000000ec280000,0x00000000ec280000,0x00000000ec500000)
 ParOldGen       total 68608K, used 16800K [0x00000000c0000000, 0x00000000c4300000, 0x00000000eab00000)
  object space 68608K, 24% used [0x00000000c0000000,0x00000000c1068030,0x00000000c4300000)
 Metaspace       used 35234K, committed 35840K, reserved 1114112K
  class space    used 3573K, committed 3840K, reserved 1048576K
}
Event: 3.043 GC heap before
{Heap before GC invocations=13 (full 2):
 PSYoungGen      total 25088K, used 23040K [0x00000000eab00000, 0x00000000ec780000, 0x0000000100000000)
  eden space 23040K, 100% used [0x00000000eab00000,0x00000000ec180000,0x00000000ec180000)
  from space 2048K, 0% used [0x00000000ec580000,0x00000000ec580000,0x00000000ec780000)
  to   space 2560K, 0% used [0x00000000ec280000,0x00000000ec280000,0x00000000ec500000)
 ParOldGen       total 68608K, used 16800K [0x00000000c0000000, 0x00000000c4300000, 0x00000000eab00000)
  object space 68608K, 24% used [0x00000000c0000000,0x00000000c1068030,0x00000000c4300000)
 Metaspace       used 36398K, committed 37120K, reserved 1114112K
  class space    used 3707K, committed 4032K, reserved 1048576K
}
Event: 3.045 GC heap after
{Heap after GC invocations=13 (full 2):
 PSYoungGen      total 25088K, used 2080K [0x00000000eab00000, 0x00000000ec600000, 0x0000000100000000)
  eden space 22528K, 0% used [0x00000000eab00000,0x00000000eab00000,0x00000000ec100000)
  from space 2560K, 81% used [0x00000000ec280000,0x00000000ec488020,0x00000000ec500000)
  to   space 1024K, 0% used [0x00000000ec500000,0x00000000ec500000,0x00000000ec600000)
 ParOldGen       total 68608K, used 16808K [0x00000000c0000000, 0x00000000c4300000, 0x00000000eab00000)
  object space 68608K, 24% used [0x00000000c0000000,0x00000000c106a030,0x00000000c4300000)
 Metaspace       used 36398K, committed 37120K, reserved 1114112K
  class space    used 3707K, committed 4032K, reserved 1048576K
}
Event: 3.117 GC heap before
{Heap before GC invocations=14 (full 2):
 PSYoungGen      total 25088K, used 24608K [0x00000000eab00000, 0x00000000ec600000, 0x0000000100000000)
  eden space 22528K, 100% used [0x00000000eab00000,0x00000000ec100000,0x00000000ec100000)
  from space 2560K, 81% used [0x00000000ec280000,0x00000000ec488020,0x00000000ec500000)
  to   space 1024K, 0% used [0x00000000ec500000,0x00000000ec500000,0x00000000ec600000)
 ParOldGen       total 68608K, used 16808K [0x00000000c0000000, 0x00000000c4300000, 0x00000000eab00000)
  object space 68608K, 24% used [0x00000000c0000000,0x00000000c106a030,0x00000000c4300000)
 Metaspace       used 36584K, committed 37312K, reserved 1114112K
  class space    used 3726K, committed 4032K, reserved 1048576K
}
Event: 3.120 GC heap after
{Heap after GC invocations=14 (full 2):
 PSYoungGen      total 23040K, used 992K [0x00000000eab00000, 0x00000000ec980000, 0x0000000100000000)
  eden space 22016K, 0% used [0x00000000eab00000,0x00000000eab00000,0x00000000ec080000)
  from space 1024K, 96% used [0x00000000ec500000,0x00000000ec5f8010,0x00000000ec600000)
  to   space 4608K, 0% used [0x00000000ec080000,0x00000000ec080000,0x00000000ec500000)
 ParOldGen       total 68608K, used 19741K [0x00000000c0000000, 0x00000000c4300000, 0x00000000eab00000)
  object space 68608K, 28% used [0x00000000c0000000,0x00000000c13476f0,0x00000000c4300000)
 Metaspace       used 36584K, committed 37312K, reserved 1114112K
  class space    used 3726K, committed 4032K, reserved 1048576K
}
Event: 3.155 GC heap before
{Heap before GC invocations=15 (full 2):
 PSYoungGen      total 23040K, used 23008K [0x00000000eab00000, 0x00000000ec980000, 0x0000000100000000)
  eden space 22016K, 100% used [0x00000000eab00000,0x00000000ec080000,0x00000000ec080000)
  from space 1024K, 96% used [0x00000000ec500000,0x00000000ec5f8010,0x00000000ec600000)
  to   space 4608K, 0% used [0x00000000ec080000,0x00000000ec080000,0x00000000ec500000)
 ParOldGen       total 68608K, used 19741K [0x00000000c0000000, 0x00000000c4300000, 0x00000000eab00000)
  object space 68608K, 28% used [0x00000000c0000000,0x00000000c13476f0,0x00000000c4300000)
 Metaspace       used 36601K, committed 37312K, reserved 1114112K
  class space    used 3726K, committed 4032K, reserved 1048576K
}
Event: 3.157 GC heap after
{Heap after GC invocations=15 (full 2):
 PSYoungGen      total 24576K, used 2336K [0x00000000eab00000, 0x00000000ec680000, 0x0000000100000000)
  eden space 22016K, 0% used [0x00000000eab00000,0x00000000eab00000,0x00000000ec080000)
  from space 2560K, 91% used [0x00000000ec080000,0x00000000ec2c8010,0x00000000ec300000)
  to   space 3072K, 0% used [0x00000000ec380000,0x00000000ec380000,0x00000000ec680000)
 ParOldGen       total 68608K, used 20717K [0x00000000c0000000, 0x00000000c4300000, 0x00000000eab00000)
  object space 68608K, 30% used [0x00000000c0000000,0x00000000c143b6f0,0x00000000c4300000)
 Metaspace       used 36601K, committed 37312K, reserved 1114112K
  class space    used 3726K, committed 4032K, reserved 1048576K
}
Event: 3.254 GC heap before
{Heap before GC invocations=16 (full 2):
 PSYoungGen      total 24576K, used 24352K [0x00000000eab00000, 0x00000000ec680000, 0x0000000100000000)
  eden space 22016K, 100% used [0x00000000eab00000,0x00000000ec080000,0x00000000ec080000)
  from space 2560K, 91% used [0x00000000ec080000,0x00000000ec2c8010,0x00000000ec300000)
  to   space 3072K, 0% used [0x00000000ec380000,0x00000000ec380000,0x00000000ec680000)
 ParOldGen       total 68608K, used 20717K [0x00000000c0000000, 0x00000000c4300000, 0x00000000eab00000)
  object space 68608K, 30% used [0x00000000c0000000,0x00000000c143b6f0,0x00000000c4300000)
 Metaspace       used 36742K, committed 37504K, reserved 1114112K
  class space    used 3743K, committed 4096K, reserved 1048576K
}
Event: 3.257 GC heap after
{Heap after GC invocations=16 (full 2):
 PSYoungGen      total 25088K, used 2624K [0x00000000eab00000, 0x00000000ec680000, 0x0000000100000000)
  eden space 22016K, 0% used [0x00000000eab00000,0x00000000eab00000,0x00000000ec080000)
  from space 3072K, 85% used [0x00000000ec380000,0x00000000ec610010,0x00000000ec680000)
  to   space 3072K, 0% used [0x00000000ec080000,0x00000000ec080000,0x00000000ec380000)
 ParOldGen       total 68608K, used 22850K [0x00000000c0000000, 0x00000000c4300000, 0x00000000eab00000)
  object space 68608K, 33% used [0x00000000c0000000,0x00000000c1650880,0x00000000c4300000)
 Metaspace       used 36742K, committed 37504K, reserved 1114112K
  class space    used 3743K, committed 4096K, reserved 1048576K
}
Event: 3.303 GC heap before
{Heap before GC invocations=17 (full 2):
 PSYoungGen      total 25088K, used 24640K [0x00000000eab00000, 0x00000000ec680000, 0x0000000100000000)
  eden space 22016K, 100% used [0x00000000eab00000,0x00000000ec080000,0x00000000ec080000)
  from space 3072K, 85% used [0x00000000ec380000,0x00000000ec610010,0x00000000ec680000)
  to   space 3072K, 0% used [0x00000000ec080000,0x00000000ec080000,0x00000000ec380000)
 ParOldGen       total 68608K, used 22850K [0x00000000c0000000, 0x00000000c4300000, 0x00000000eab00000)
  object space 68608K, 33% used [0x00000000c0000000,0x00000000c1650880,0x00000000c4300000)
 Metaspace       used 36742K, committed 37504K, reserved 1114112K
  class space    used 3743K, committed 4096K, reserved 1048576K
}
Event: 3.307 GC heap after
{Heap after GC invocations=17 (full 2):
 PSYoungGen      total 25088K, used 2688K [0x00000000eab00000, 0x00000000ec680000, 0x0000000100000000)
  eden space 22016K, 0% used [0x00000000eab00000,0x00000000eab00000,0x00000000ec080000)
  from space 3072K, 87% used [0x00000000ec080000,0x00000000ec320010,0x00000000ec380000)
  to   space 3072K, 0% used [0x00000000ec380000,0x00000000ec380000,0x00000000ec680000)
 ParOldGen       total 68608K, used 25261K [0x00000000c0000000, 0x00000000c4300000, 0x00000000eab00000)
  object space 68608K, 36% used [0x00000000c0000000,0x00000000c18ab680,0x00000000c4300000)
 Metaspace       used 36742K, committed 37504K, reserved 1114112K
  class space    used 3743K, committed 4096K, reserved 1048576K
}
Event: 3.337 GC heap before
{Heap before GC invocations=18 (full 2):
 PSYoungGen      total 25088K, used 24704K [0x00000000eab00000, 0x00000000ec680000, 0x0000000100000000)
  eden space 22016K, 100% used [0x00000000eab00000,0x00000000ec080000,0x00000000ec080000)
  from space 3072K, 87% used [0x00000000ec080000,0x00000000ec320010,0x00000000ec380000)
  to   space 3072K, 0% used [0x00000000ec380000,0x00000000ec380000,0x00000000ec680000)
 ParOldGen       total 68608K, used 25261K [0x00000000c0000000, 0x00000000c4300000, 0x00000000eab00000)
  object space 68608K, 36% used [0x00000000c0000000,0x00000000c18ab680,0x00000000c4300000)
 Metaspace       used 36742K, committed 37504K, reserved 1114112K
  class space    used 3743K, committed 4096K, reserved 1048576K
}
Event: 3.340 GC heap after
{Heap after GC invocations=18 (full 2):
 PSYoungGen      total 24576K, used 2304K [0x00000000eab00000, 0x00000000ec600000, 0x0000000100000000)
  eden space 22016K, 0% used [0x00000000eab00000,0x00000000eab00000,0x00000000ec080000)
  from space 2560K, 90% used [0x00000000ec380000,0x00000000ec5c0000,0x00000000ec600000)
  to   space 2560K, 0% used [0x00000000ec100000,0x00000000ec100000,0x00000000ec380000)
 ParOldGen       total 68608K, used 27765K [0x00000000c0000000, 0x00000000c4300000, 0x00000000eab00000)
  object space 68608K, 40% used [0x00000000c0000000,0x00000000c1b1d690,0x00000000c4300000)
 Metaspace       used 36742K, committed 37504K, reserved 1114112K
  class space    used 3743K, committed 4096K, reserved 1048576K
}

Dll operation events (10 events):
Event: 0.013 Loaded shared library c:\Users\Admin\.vscode\extensions\redhat.java-1.21.0-win32-x64\jre\17.0.7-win32-x86_64\bin\java.dll
Event: 0.131 Loaded shared library c:\Users\Admin\.vscode\extensions\redhat.java-1.21.0-win32-x64\jre\17.0.7-win32-x86_64\bin\zip.dll
Event: 0.133 Loaded shared library C:\Users\Admin\.vscode\extensions\redhat.java-1.21.0-win32-x64\jre\17.0.7-win32-x86_64\bin\instrument.dll
Event: 0.143 Loaded shared library C:\Users\Admin\.vscode\extensions\redhat.java-1.21.0-win32-x64\jre\17.0.7-win32-x86_64\bin\net.dll
Event: 0.145 Loaded shared library C:\Users\Admin\.vscode\extensions\redhat.java-1.21.0-win32-x64\jre\17.0.7-win32-x86_64\bin\nio.dll
Event: 0.151 Loaded shared library C:\Users\Admin\.vscode\extensions\redhat.java-1.21.0-win32-x64\jre\17.0.7-win32-x86_64\bin\zip.dll
Event: 0.160 Loaded shared library C:\Users\Admin\.vscode\extensions\redhat.java-1.21.0-win32-x64\jre\17.0.7-win32-x86_64\bin\jimage.dll
Event: 0.198 Loaded shared library c:\Users\Admin\.vscode\extensions\redhat.java-1.21.0-win32-x64\jre\17.0.7-win32-x86_64\bin\verify.dll
Event: 0.833 Loaded shared library C:\Users\Admin\AppData\Roaming\Code\User\globalStorage\redhat.java\1.21.0\config_ss_win\org.eclipse.equinox.launcher\org.eclipse.equinox.launcher.win32.win32.x86_64_1.2.700.v20221108-1024\eclipse_11801.dll
Event: 2.539 Loaded shared library C:\Users\Admin\AppData\Local\Temp\jna-63116079\jna9965161675139249433.dll

Deoptimization events (20 events):
Event: 3.209 Thread 0x00000233881853a0 Uncommon trap: trap_request=0xffffffbe fr.pc=0x00000233f1fd85ec relative=0x000000000000052c
Event: 3.209 Thread 0x00000233881853a0 Uncommon trap: reason=profile_predicate action=maybe_recompile pc=0x00000233f1fd85ec method=org.eclipse.jdt.internal.core.util.HashtableOfArrayToObject.get([Ljava/lang/Object;)Ljava/lang/Object; @ 64 c2
Event: 3.209 Thread 0x00000233881853a0 DEOPT PACKING pc=0x00000233f1fd85ec sp=0x000000a212cfdde0
Event: 3.209 Thread 0x00000233881853a0 DEOPT UNPACKING pc=0x00000233f16f9ea3 sp=0x000000a212cfdd90 mode 2
Event: 3.213 Thread 0x00000233881853a0 Uncommon trap: trap_request=0xffffffbe fr.pc=0x00000233f1fd85ec relative=0x000000000000052c
Event: 3.213 Thread 0x00000233881853a0 Uncommon trap: reason=profile_predicate action=maybe_recompile pc=0x00000233f1fd85ec method=org.eclipse.jdt.internal.core.util.HashtableOfArrayToObject.get([Ljava/lang/Object;)Ljava/lang/Object; @ 64 c2
Event: 3.213 Thread 0x00000233881853a0 DEOPT PACKING pc=0x00000233f1fd85ec sp=0x000000a212cfdac0
Event: 3.213 Thread 0x00000233881853a0 DEOPT UNPACKING pc=0x00000233f16f9ea3 sp=0x000000a212cfda60 mode 2
Event: 3.217 Thread 0x00000233881853a0 Uncommon trap: trap_request=0xffffffbe fr.pc=0x00000233f1fd85ec relative=0x000000000000052c
Event: 3.217 Thread 0x00000233881853a0 Uncommon trap: reason=profile_predicate action=maybe_recompile pc=0x00000233f1fd85ec method=org.eclipse.jdt.internal.core.util.HashtableOfArrayToObject.get([Ljava/lang/Object;)Ljava/lang/Object; @ 64 c2
Event: 3.217 Thread 0x00000233881853a0 DEOPT PACKING pc=0x00000233f1fd85ec sp=0x000000a212cfdde0
Event: 3.217 Thread 0x00000233881853a0 DEOPT UNPACKING pc=0x00000233f16f9ea3 sp=0x000000a212cfdd90 mode 2
Event: 3.219 Thread 0x00000233881853a0 Uncommon trap: trap_request=0xffffffbe fr.pc=0x00000233f1fd85ec relative=0x000000000000052c
Event: 3.219 Thread 0x00000233881853a0 Uncommon trap: reason=profile_predicate action=maybe_recompile pc=0x00000233f1fd85ec method=org.eclipse.jdt.internal.core.util.HashtableOfArrayToObject.get([Ljava/lang/Object;)Ljava/lang/Object; @ 64 c2
Event: 3.219 Thread 0x00000233881853a0 DEOPT PACKING pc=0x00000233f1fd85ec sp=0x000000a212cfdac0
Event: 3.219 Thread 0x00000233881853a0 DEOPT UNPACKING pc=0x00000233f16f9ea3 sp=0x000000a212cfda60 mode 2
Event: 3.237 Thread 0x00000233881853a0 Uncommon trap: trap_request=0xffffff45 fr.pc=0x00000233f1e1082c relative=0x000000000000028c
Event: 3.237 Thread 0x00000233881853a0 Uncommon trap: reason=unstable_if action=reinterpret pc=0x00000233f1e1082c method=java.util.HashMap$HashIterator.<init>(Ljava/util/HashMap;)V @ 45 c2
Event: 3.237 Thread 0x00000233881853a0 DEOPT PACKING pc=0x00000233f1e1082c sp=0x000000a212cfe9b0
Event: 3.237 Thread 0x00000233881853a0 DEOPT UNPACKING pc=0x00000233f16f9ea3 sp=0x000000a212cfe948 mode 2

Classes unloaded (7 events):
Event: 1.316 Thread 0x00000233e7684bc0 Unloading class 0x000000010021c000 'java/lang/invoke/LambdaForm$MH+0x000000010021c000'
Event: 1.316 Thread 0x00000233e7684bc0 Unloading class 0x000000010021bc00 'java/lang/invoke/LambdaForm$MH+0x000000010021bc00'
Event: 1.316 Thread 0x00000233e7684bc0 Unloading class 0x000000010021b800 'java/lang/invoke/LambdaForm$MH+0x000000010021b800'
Event: 1.316 Thread 0x00000233e7684bc0 Unloading class 0x000000010021b400 'java/lang/invoke/LambdaForm$MH+0x000000010021b400'
Event: 1.316 Thread 0x00000233e7684bc0 Unloading class 0x000000010021b000 'java/lang/invoke/LambdaForm$BMH+0x000000010021b000'
Event: 1.316 Thread 0x00000233e7684bc0 Unloading class 0x000000010021ac00 'java/lang/invoke/LambdaForm$DMH+0x000000010021ac00'
Event: 1.316 Thread 0x00000233e7684bc0 Unloading class 0x0000000100218000 'java/lang/invoke/LambdaForm$DMH+0x0000000100218000'

Classes redefined (0 events):
No events

Internal exceptions (20 events):
Event: 2.431 Thread 0x00000233881853a0 Exception <a 'java/lang/NoSuchMethodError'{0x00000000ebe68988}: 'int java.lang.invoke.DirectMethodHandle$Holder.invokeVirtual(java.lang.Object, java.lang.Object)'> (0x00000000ebe68988) 
thrown [s\src\hotspot\share\interpreter\linkResolver.cpp, line 759]
Event: 2.451 Thread 0x0000023387c56630 Exception <a 'java/io/FileNotFoundException'{0x00000000ebf77c18}> (0x00000000ebf77c18) 
thrown [s\src\hotspot\share\prims\jni.cpp, line 516]
Event: 2.603 Thread 0x0000023387c56630 Exception <a 'java/lang/UnsatisfiedLinkError'{0x00000000eab9d948}: The specified procedure could not be found.
> (0x00000000eab9d948) 
thrown [s\src\hotspot\share\prims\jni.cpp, line 535]
Event: 2.606 Thread 0x0000023387c56630 Exception <a 'java/io/FileNotFoundException'{0x00000000eabc0848}> (0x00000000eabc0848) 
thrown [s\src\hotspot\share\prims\jni.cpp, line 516]
Event: 2.618 Thread 0x0000023387c56630 Exception <a 'java/io/FileNotFoundException'{0x00000000eac340b0}> (0x00000000eac340b0) 
thrown [s\src\hotspot\share\prims\jni.cpp, line 516]
Event: 2.630 Thread 0x0000023387c56630 Exception <a 'java/lang/UnsatisfiedLinkError'{0x00000000eacc0680}: The specified procedure could not be found.
> (0x00000000eacc0680) 
thrown [s\src\hotspot\share\prims\jni.cpp, line 535]
Event: 2.672 Thread 0x00000233e75cd5c0 Exception <a 'java/lang/NoSuchMethodError'{0x00000000eaeb7a70}: 'java.lang.Object java.lang.invoke.DirectMethodHandle$Holder.invokeStatic(java.lang.Object, java.lang.Object, long, java.lang.Object)'> (0x00000000eaeb7a70) 
thrown [s\src\hotspot\share\interpreter\linkResolver.cpp, line 759]
Event: 2.673 Thread 0x00000233e75cd5c0 Exception <a 'java/lang/NoSuchMethodError'{0x00000000eaebb760}: 'java.lang.Object java.lang.invoke.DirectMethodHandle$Holder.invokeStaticInit(java.lang.Object, java.lang.Object, long, java.lang.Object)'> (0x00000000eaebb760) 
thrown [s\src\hotspot\share\interpreter\linkResolver.cpp, line 759]
Event: 2.673 Thread 0x00000233e75cd5c0 Exception <a 'java/lang/NoSuchMethodError'{0x00000000eaec1d70}: 'java.lang.Object java.lang.invoke.DirectMethodHandle$Holder.newInvokeSpecial(java.lang.Object, java.lang.Object, long)'> (0x00000000eaec1d70) 
thrown [s\src\hotspot\share\interpreter\linkResolver.cpp, line 759]
Event: 2.722 Thread 0x00000233e75cd5c0 Exception <a 'java/lang/NoSuchMethodError'{0x00000000eb06b0e8}: 'void java.lang.invoke.DirectMethodHandle$Holder.invokeStatic(java.lang.Object, java.lang.Object, java.lang.Object, java.lang.Object)'> (0x00000000eb06b0e8) 
thrown [s\src\hotspot\share\interpreter\linkResolver.cpp, line 759]
Event: 2.813 Thread 0x00000233e75cd5c0 Exception <a 'java/lang/NoSuchMethodError'{0x00000000eb88dd78}: 'void java.lang.invoke.DirectMethodHandle$Holder.invokeSpecial(java.lang.Object, java.lang.Object, java.lang.Object, java.lang.Object, java.lang.Object, java.lang.Object)'> (0x00000000eb88dd78) 
thrown [s\src\hotspot\share\interpreter\linkResolver.cpp, line 759]
Event: 2.815 Thread 0x00000233e75cd5c0 Exception <a 'java/lang/IncompatibleClassChangeError'{0x00000000eb897878}: Found class java.lang.Object, but interface was expected> (0x00000000eb897878) 
thrown [s\src\hotspot\share\interpreter\linkResolver.cpp, line 826]
Event: 2.868 Thread 0x0000023388184060 Exception <a 'java/io/FileNotFoundException'{0x00000000ebe78c10}> (0x00000000ebe78c10) 
thrown [s\src\hotspot\share\prims\jni.cpp, line 516]
Event: 2.881 Thread 0x0000023388184060 Exception <a 'sun/nio/fs/WindowsException'{0x00000000ebff1b08}> (0x00000000ebff1b08) 
thrown [s\src\hotspot\share\prims\jni.cpp, line 516]
Event: 2.883 Thread 0x0000023387f4a4d0 Exception <a 'java/io/FileNotFoundException'{0x00000000ebfffdf8}> (0x00000000ebfffdf8) 
thrown [s\src\hotspot\share\prims\jni.cpp, line 516]
Event: 2.883 Thread 0x0000023387f4a4d0 Exception <a 'java/io/FileNotFoundException'{0x00000000ec000df8}> (0x00000000ec000df8) 
thrown [s\src\hotspot\share\prims\jni.cpp, line 516]
Event: 2.923 Thread 0x00000233881853a0 Exception <a 'java/lang/NoSuchMethodError'{0x00000000ead18398}: 'java.lang.Object java.lang.invoke.Invokers$Holder.invoke_MT(java.lang.Object, java.lang.Object, java.lang.Object)'> (0x00000000ead18398) 
thrown [s\src\hotspot\share\interpreter\linkResolver.cpp, line 759]
Event: 3.065 Thread 0x00000233881853a0 Exception <a 'java/io/FileNotFoundException'{0x00000000eb0bae38}> (0x00000000eb0bae38) 
thrown [s\src\hotspot\share\prims\jni.cpp, line 516]
Event: 3.066 Thread 0x00000233881853a0 Exception <a 'java/io/FileNotFoundException'{0x00000000eb0bc378}> (0x00000000eb0bc378) 
thrown [s\src\hotspot\share\prims\jni.cpp, line 516]
Event: 3.067 Thread 0x00000233881853a0 Exception <a 'java/lang/NoSuchMethodError'{0x00000000eb0c8540}: 'void java.lang.invoke.DirectMethodHandle$Holder.invokeStaticInit(java.lang.Object, java.lang.Object, java.lang.Object)'> (0x00000000eb0c8540) 
thrown [s\src\hotspot\share\interpreter\linkResolver.cpp, line 759]

VM Operations (20 events):
Event: 2.911 Executing VM operation: CollectForMetadataAllocation
Event: 2.911 Executing VM operation: CollectForMetadataAllocation done
Event: 2.913 Executing VM operation: HandshakeAllThreads
Event: 2.913 Executing VM operation: HandshakeAllThreads done
Event: 2.929 Executing VM operation: HandshakeAllThreads
Event: 2.929 Executing VM operation: HandshakeAllThreads done
Event: 3.043 Executing VM operation: ParallelGCFailedAllocation
Event: 3.045 Executing VM operation: ParallelGCFailedAllocation done
Event: 3.117 Executing VM operation: ParallelGCFailedAllocation
Event: 3.120 Executing VM operation: ParallelGCFailedAllocation done
Event: 3.155 Executing VM operation: ParallelGCFailedAllocation
Event: 3.157 Executing VM operation: ParallelGCFailedAllocation done
Event: 3.254 Executing VM operation: ParallelGCFailedAllocation
Event: 3.257 Executing VM operation: ParallelGCFailedAllocation done
Event: 3.303 Executing VM operation: ParallelGCFailedAllocation
Event: 3.307 Executing VM operation: ParallelGCFailedAllocation done
Event: 3.337 Executing VM operation: ParallelGCFailedAllocation
Event: 3.340 Executing VM operation: ParallelGCFailedAllocation done
Event: 3.400 Executing VM operation: HandshakeAllThreads
Event: 3.400 Executing VM operation: HandshakeAllThreads done

Events (20 events):
Event: 2.951 loading class java/nio/file/FileTreeWalker$DirectoryNode done
Event: 2.951 loading class java/nio/file/FileTreeWalker$Event
Event: 2.951 loading class java/nio/file/FileTreeWalker$Event done
Event: 2.951 loading class java/nio/file/FileTreeWalker$EventType
Event: 2.951 loading class java/nio/file/FileTreeWalker$EventType done
Event: 2.951 loading class java/nio/file/Files$3
Event: 2.951 loading class java/nio/file/Files$3 done
Event: 2.952 loading class java/nio/file/FileVisitResult
Event: 2.952 loading class java/nio/file/FileVisitResult done
Event: 2.986 loading class java/util/regex/Pattern$BackRef
Event: 2.986 loading class java/util/regex/Pattern$BackRef done
Event: 2.991 loading class java/lang/ThreadLocal$SuppliedThreadLocal
Event: 2.991 loading class java/lang/ThreadLocal$SuppliedThreadLocal done
Event: 3.016 loading class java/nio/channels/Channels$ReadableByteChannelImpl
Event: 3.016 loading class java/nio/channels/Channels$ReadableByteChannelImpl done
Event: 3.017 loading class java/nio/channels/NonWritableChannelException
Event: 3.017 loading class java/nio/channels/NonWritableChannelException done
Event: 3.017 loading class sun/nio/ch/ChannelInputStream
Event: 3.017 loading class sun/nio/ch/ChannelInputStream done
Event: 3.097 Thread 0x000002338a36aa50 Thread added: 0x000002338a36aa50


Dynamic libraries:
0x00007ff6ea710000 - 0x00007ff6ea71e000 	c:\Users\Admin\.vscode\extensions\redhat.java-1.21.0-win32-x64\jre\17.0.7-win32-x86_64\bin\java.exe
0x00007fffe0fb0000 - 0x00007fffe11c4000 	C:\WINDOWS\SYSTEM32\ntdll.dll
0x00007fffdf030000 - 0x00007fffdf0f2000 	C:\WINDOWS\System32\KERNEL32.DLL
0x00007fffde510000 - 0x00007fffde8b3000 	C:\WINDOWS\System32\KERNELBASE.dll
0x00007fffdeb00000 - 0x00007fffdec11000 	C:\WINDOWS\System32\ucrtbase.dll
0x00007fffcdd20000 - 0x00007fffcdd39000 	c:\Users\Admin\.vscode\extensions\redhat.java-1.21.0-win32-x64\jre\17.0.7-win32-x86_64\bin\VCRUNTIME140.dll
0x00007fffcde30000 - 0x00007fffcde47000 	c:\Users\Admin\.vscode\extensions\redhat.java-1.21.0-win32-x64\jre\17.0.7-win32-x86_64\bin\jli.dll
0x00007fffdf4f0000 - 0x00007fffdf69a000 	C:\WINDOWS\System32\USER32.dll
0x00007fffb8040000 - 0x00007fffb82ce000 	C:\WINDOWS\WinSxS\amd64_microsoft.windows.common-controls_6595b64144ccf1df_6.0.22621.1635_none_270f70857386168e\COMCTL32.dll
0x00007fffde470000 - 0x00007fffde496000 	C:\WINDOWS\System32\win32u.dll
0x00007fffdedd0000 - 0x00007fffdee77000 	C:\WINDOWS\System32\msvcrt.dll
0x00007fffdf000000 - 0x00007fffdf029000 	C:\WINDOWS\System32\GDI32.dll
0x00007fffde9e0000 - 0x00007fffdeaf9000 	C:\WINDOWS\System32\gdi32full.dll
0x00007fffde940000 - 0x00007fffde9da000 	C:\WINDOWS\System32\msvcp_win.dll
0x00007fffded90000 - 0x00007fffdedc1000 	C:\WINDOWS\System32\IMM32.DLL
0x00007fffd9d10000 - 0x00007fffd9d1c000 	c:\Users\Admin\.vscode\extensions\redhat.java-1.21.0-win32-x64\jre\17.0.7-win32-x86_64\bin\vcruntime140_1.dll
0x00007fff895d0000 - 0x00007fff89661000 	c:\Users\Admin\.vscode\extensions\redhat.java-1.21.0-win32-x64\jre\17.0.7-win32-x86_64\bin\msvcp140.dll
0x00007fff78630000 - 0x00007fff79278000 	c:\Users\Admin\.vscode\extensions\redhat.java-1.21.0-win32-x64\jre\17.0.7-win32-x86_64\bin\server\jvm.dll
0x00007fffdf100000 - 0x00007fffdf1ae000 	C:\WINDOWS\System32\ADVAPI32.dll
0x00007fffdf3d0000 - 0x00007fffdf474000 	C:\WINDOWS\System32\sechost.dll
0x00007fffdf1b0000 - 0x00007fffdf2c7000 	C:\WINDOWS\System32\RPCRT4.dll
0x00007fffcd940000 - 0x00007fffcd949000 	C:\WINDOWS\SYSTEM32\WSOCK32.dll
0x00007fffd7770000 - 0x00007fffd77a4000 	C:\WINDOWS\SYSTEM32\WINMM.dll
0x00007fffd7bc0000 - 0x00007fffd7bca000 	C:\WINDOWS\SYSTEM32\VERSION.dll
0x00007fffdef20000 - 0x00007fffdef91000 	C:\WINDOWS\System32\WS2_32.dll
0x00007fffdd4a0000 - 0x00007fffdd4b8000 	C:\WINDOWS\SYSTEM32\kernel.appcore.dll
0x00007fffd9190000 - 0x00007fffd919a000 	c:\Users\Admin\.vscode\extensions\redhat.java-1.21.0-win32-x64\jre\17.0.7-win32-x86_64\bin\jimage.dll
0x00007fffdbd20000 - 0x00007fffdbf4e000 	C:\WINDOWS\SYSTEM32\DBGHELP.DLL
0x00007fffe03e0000 - 0x00007fffe0769000 	C:\WINDOWS\System32\combase.dll
0x00007fffe0130000 - 0x00007fffe0207000 	C:\WINDOWS\System32\OLEAUT32.dll
0x00007fffc6b10000 - 0x00007fffc6b42000 	C:\WINDOWS\SYSTEM32\dbgcore.DLL
0x00007fffde8c0000 - 0x00007fffde93a000 	C:\WINDOWS\System32\bcryptPrimitives.dll
0x00007fffd8d70000 - 0x00007fffd8d7e000 	c:\Users\Admin\.vscode\extensions\redhat.java-1.21.0-win32-x64\jre\17.0.7-win32-x86_64\bin\instrument.dll
0x00007fffc7350000 - 0x00007fffc7375000 	c:\Users\Admin\.vscode\extensions\redhat.java-1.21.0-win32-x64\jre\17.0.7-win32-x86_64\bin\java.dll
0x00007fffc72f0000 - 0x00007fffc7308000 	c:\Users\Admin\.vscode\extensions\redhat.java-1.21.0-win32-x64\jre\17.0.7-win32-x86_64\bin\zip.dll
0x00007fffe0770000 - 0x00007fffe0f69000 	C:\WINDOWS\System32\SHELL32.dll
0x00007fffdc350000 - 0x00007fffdcc1e000 	C:\WINDOWS\SYSTEM32\windows.storage.dll
0x00007fffdc210000 - 0x00007fffdc34e000 	C:\WINDOWS\SYSTEM32\wintypes.dll
0x00007fffdf2d0000 - 0x00007fffdf3c1000 	C:\WINDOWS\System32\SHCORE.dll
0x00007fffdf850000 - 0x00007fffdf8ae000 	C:\WINDOWS\System32\shlwapi.dll
0x00007fffde2e0000 - 0x00007fffde306000 	C:\WINDOWS\SYSTEM32\profapi.dll
0x00007fffc5100000 - 0x00007fffc5119000 	C:\Users\Admin\.vscode\extensions\redhat.java-1.21.0-win32-x64\jre\17.0.7-win32-x86_64\bin\net.dll
0x00007fffd79a0000 - 0x00007fffd7ad7000 	C:\WINDOWS\SYSTEM32\WINHTTP.dll
0x00007fffdd920000 - 0x00007fffdd989000 	C:\WINDOWS\system32\mswsock.dll
0x00007fffad910000 - 0x00007fffad925000 	C:\Users\Admin\.vscode\extensions\redhat.java-1.21.0-win32-x64\jre\17.0.7-win32-x86_64\bin\nio.dll
0x00007fffd77f0000 - 0x00007fffd7800000 	c:\Users\Admin\.vscode\extensions\redhat.java-1.21.0-win32-x64\jre\17.0.7-win32-x86_64\bin\verify.dll
0x00007fff91330000 - 0x00007fff9136e000 	C:\Users\Admin\AppData\Roaming\Code\User\globalStorage\redhat.java\1.21.0\config_ss_win\org.eclipse.equinox.launcher\org.eclipse.equinox.launcher.win32.win32.x86_64_1.2.700.v20221108-1024\eclipse_11801.dll
0x00007fffdf6a0000 - 0x00007fffdf83c000 	C:\WINDOWS\System32\ole32.dll
0x00007fffddba0000 - 0x00007fffddbbb000 	C:\WINDOWS\SYSTEM32\CRYPTSP.dll
0x00007fffdd410000 - 0x00007fffdd445000 	C:\WINDOWS\system32\rsaenh.dll
0x00007fffdd9e0000 - 0x00007fffdda0c000 	C:\WINDOWS\SYSTEM32\USERENV.dll
0x00007fffddd60000 - 0x00007fffddd88000 	C:\WINDOWS\SYSTEM32\bcrypt.dll
0x00007fffddbc0000 - 0x00007fffddbcc000 	C:\WINDOWS\SYSTEM32\CRYPTBASE.dll
0x00007fffdce80000 - 0x00007fffdcead000 	C:\WINDOWS\SYSTEM32\IPHLPAPI.DLL
0x00007fffe02a0000 - 0x00007fffe02a9000 	C:\WINDOWS\System32\NSI.dll
0x00007fffd7bd0000 - 0x00007fffd7be9000 	C:\WINDOWS\SYSTEM32\dhcpcsvc6.DLL
0x00007fffd7630000 - 0x00007fffd764f000 	C:\WINDOWS\SYSTEM32\dhcpcsvc.DLL
0x00007fffdcef0000 - 0x00007fffdcfe3000 	C:\WINDOWS\SYSTEM32\DNSAPI.dll
0x00007fff89580000 - 0x00007fff895c5000 	C:\Users\Admin\AppData\Local\Temp\jna-63116079\jna9965161675139249433.dll
0x00007fffdf840000 - 0x00007fffdf848000 	C:\WINDOWS\System32\PSAPI.DLL

dbghelp: loaded successfully - version: 4.0.5 - missing functions: none
symbol engine: initialized successfully - sym options: 0x614 - pdb path: .;c:\Users\Admin\.vscode\extensions\redhat.java-1.21.0-win32-x64\jre\17.0.7-win32-x86_64\bin;C:\WINDOWS\SYSTEM32;C:\WINDOWS\WinSxS\amd64_microsoft.windows.common-controls_6595b64144ccf1df_6.0.22621.1635_none_270f70857386168e;c:\Users\Admin\.vscode\extensions\redhat.java-1.21.0-win32-x64\jre\17.0.7-win32-x86_64\bin\server;C:\Users\Admin\AppData\Roaming\Code\User\globalStorage\redhat.java\1.21.0\config_ss_win\org.eclipse.equinox.launcher\org.eclipse.equinox.launcher.win32.win32.x86_64_1.2.700.v20221108-1024;C:\Users\Admin\AppData\Local\Temp\jna-63116079

VM Arguments:
jvm_args: --add-modules=ALL-SYSTEM --add-opens=java.base/java.util=ALL-UNNAMED --add-opens=java.base/java.lang=ALL-UNNAMED --add-opens=java.base/sun.nio.fs=ALL-UNNAMED -Declipse.application=org.eclipse.jdt.ls.core.id1 -Dosgi.bundles.defaultStartLevel=4 -Declipse.product=org.eclipse.jdt.ls.core.product -Djava.import.generatesMetadataFilesAtProjectRoot=false -Dfile.encoding=utf8 -XX:+UseParallelGC -XX:GCTimeRatio=4 -XX:AdaptiveSizePolicyWeight=90 -Dsun.zip.disableMemoryMapping=true -Xmx1G -Xms100m -Xlog:disable -javaagent:c:\Users\Admin\.vscode\extensions\redhat.java-1.21.0-win32-x64\lombok\lombok-1.18.28.jar 
java_command: c:\Users\Admin\.vscode\extensions\redhat.java-1.21.0-win32-x64\server\plugins\org.eclipse.equinox.launcher_1.6.500.v20230717-2134.jar -configuration c:\Users\Admin\AppData\Roaming\Code\User\globalStorage\redhat.java\1.21.0\config_ss_win -data c:\Users\Admin\AppData\Roaming\Code\User\workspaceStorage\e7c62a26f5fb9af6089d468b08576148\redhat.java\ss_ws
java_class_path (initial): c:\Users\Admin\.vscode\extensions\redhat.java-1.21.0-win32-x64\server\plugins\org.eclipse.equinox.launcher_1.6.500.v20230717-2134.jar
Launcher Type: SUN_STANDARD

[Global flags]
    uintx AdaptiveSizePolicyWeight                 = 90                                        {product} {command line}
     intx CICompilerCount                          = 12                                        {product} {ergonomic}
    uintx GCTimeRatio                              = 4                                         {product} {command line}
   size_t InitialHeapSize                          = 104857600                                 {product} {command line}
   size_t MaxHeapSize                              = 1073741824                                {product} {command line}
   size_t MaxNewSize                               = 357564416                                 {product} {ergonomic}
   size_t MinHeapDeltaBytes                        = 524288                                    {product} {ergonomic}
   size_t MinHeapSize                              = 104857600                                 {product} {command line}
   size_t NewSize                                  = 34603008                                  {product} {ergonomic}
    uintx NonNMethodCodeHeapSize                   = 7602480                                {pd product} {ergonomic}
    uintx NonProfiledCodeHeapSize                  = 122027880                              {pd product} {ergonomic}
   size_t OldSize                                  = 70254592                                  {product} {ergonomic}
    uintx ProfiledCodeHeapSize                     = 122027880                              {pd product} {ergonomic}
    uintx ReservedCodeCacheSize                    = 251658240                              {pd product} {ergonomic}
     bool SegmentedCodeCache                       = true                                      {product} {ergonomic}
   size_t SoftMaxHeapSize                          = 1073741824                             {manageable} {ergonomic}
     bool UseCompressedClassPointers               = true                           {product lp64_product} {ergonomic}
     bool UseCompressedOops                        = true                           {product lp64_product} {ergonomic}
     bool UseLargePagesIndividualAllocation        = false                                  {pd product} {ergonomic}
     bool UseParallelGC                            = true                                      {product} {command line}

Logging:
Log output configuration:
 #0: stdout all=off uptime,level,tags
 #1: stderr all=off uptime,level,tags

Environment Variables:
JAVA_HOME=C:\Program Files\Java\jdk-14.0.2
PATH=C:\Program Files\Python310\Scripts\;C:\Program Files\Python310\;C:\Program Files\Python38\Scripts\;C:\Program Files\Python38\;C:\WINDOWS\system32;C:\WINDOWS;C:\WINDOWS\System32\Wbem;C:\WINDOWS\System32\WindowsPowerShell\v1.0\;C:\WINDOWS\System32\OpenSSH\;C:\Program Files\Microsoft SQL Server\Client SDK\ODBC\110\Tools\Binn\;C:\Program Files (x86)\Microsoft SQL Server\120\Tools\Binn\;C:\Program Files\Microsoft SQL Server\120\Tools\Binn\;C:\Program Files\Microsoft SQL Server\120\DTS\Binn\;C:\Program Files (x86)\Microsoft SQL Server\120\Tools\Binn\ManagementStudio\;C:\Program Files (x86)\Microsoft SQL Server\120\DTS\Binn\;C:\Program Files\Java\jdk-11.0.2\bin;C:\tomcat\apache-tomcat-9.0.63\bin;C:\Program Files\dotnet\;C:\Program Files\Microsoft SQL Server\150\Tools\Binn\;C:\Program Files\Microsoft SQL Server\Client SDK\ODBC\170\Tools\Binn\;C:\Program Files\nodejs\;C:\Program Files\Microsoft SQL Server\130\Tools\Binn\;C:\WINDOWS\system32;C:\WINDOWS;C:\WINDOWS\System32\Wbem;C:\WINDOWS\System32\WindowsPowerShell\v1.0\;C:\WINDOWS\System32\OpenSSH\;C:\Program Files\MongoDB\Server\5.0\bin;C:\Users\Admin\AppData\Local\Microsoft\WindowsApps;;C:\Users\Admin\AppData\Local\Programs\Microsoft VS Code\bin;C:\Users\Admin\.dotnet\tools;C:\Users\Admin\AppData\Roaming\npm
USERNAME=Admin
OS=Windows_NT
PROCESSOR_IDENTIFIER=Intel64 Family 6 Model 141 Stepping 1, GenuineIntel
TMP=C:\Users\Admin\AppData\Local\Temp
TEMP=C:\Users\Admin\AppData\Local\Temp



---------------  S Y S T E M  ---------------

OS:
 Windows 11 , 64 bit Build 22621 (10.0.22621.1928)
OS uptime: 0 days 2:58 hours
Hyper-V role detected

CPU: total 16 (initial active 16) (8 cores per cpu, 2 threads per core) family 6 model 141 stepping 1 microcode 0x32, cx8, cmov, fxsr, ht, mmx, 3dnowpref, sse, sse2, sse3, ssse3, sse4.1, sse4.2, popcnt, lzcnt, tsc, tscinvbit, avx, avx2, aes, erms, clmul, bmi1, bmi2, adx, avx512f, avx512dq, avx512cd, avx512bw, avx512vl, sha, fma, vzeroupper, avx512_vpopcntdq, avx512_vpclmulqdq, avx512_vaes, avx512_vnni, clflush, clflushopt, clwb, avx512_vbmi2, avx512_vbmi, hv

Memory: 4k page, system-wide physical 16085M (1622M free)
TotalPageFile size 18133M (AvailPageFile size 5M)
current process WorkingSet (physical memory assigned to process): 224M, peak: 233M
current process commit charge ("private bytes"): 326M, peak: 332M

vm_info: OpenJDK 64-Bit Server VM (17.0.7+7) for windows-amd64 JRE (17.0.7+7), built on Apr 18 2023 22:10:42 by "temurin" with MS VC++ 16.7 (VS2019)

END.
