#
# There is insufficient memory for the Java Runtime Environment to continue.
# Native memory allocation (malloc) failed to allocate 32744 bytes for ChunkPool::allocate
# Possible reasons:
#   The system is out of physical RAM or swap space
#   The process is running with CompressedOops enabled, and the Java Heap may be blocking the growth of the native heap
# Possible solutions:
#   Reduce memory load on the system
#   Increase physical memory or swap space
#   Check if swap backing store is full
#   Decrease Java heap size (-Xmx/-Xms)
#   Decrease number of Java threads
#   Decrease Java thread stack sizes (-Xss)
#   Set larger code cache with -XX:ReservedCodeCacheSize=
#   JVM is running with Unscaled Compressed Oops mode in which the Java heap is
#     placed in the first 4GB address space. The Java Heap base address is the
#     maximum limit for the native heap growth. Please use -XX:HeapBaseMinAddress
#     to set the Java Heap base and to place the Java Heap above 4GB virtual address.
# This output file may be truncated or incomplete.
#
#  Out of Memory Error (arena.cpp:78), pid=11888, tid=10916
#
# JRE version: OpenJDK Runtime Environment Temurin-17.0.7+7 (17.0.7+7) (build 17.0.7+7)
# Java VM: OpenJDK 64-Bit Server VM Temurin-17.0.7+7 (17.0.7+7, mixed mode, tiered, compressed oops, compressed class ptrs, parallel gc, windows-amd64)
# No core dump will be written. Minidumps are not enabled by default on client versions of Windows
#

---------------  S U M M A R Y ------------

Command Line: --add-modules=ALL-SYSTEM --add-opens=java.base/java.util=ALL-UNNAMED --add-opens=java.base/java.lang=ALL-UNNAMED --add-opens=java.base/sun.nio.fs=ALL-UNNAMED -Declipse.application=org.eclipse.jdt.ls.core.id1 -Dosgi.bundles.defaultStartLevel=4 -Declipse.product=org.eclipse.jdt.ls.core.product -Djava.import.generatesMetadataFilesAtProjectRoot=false -Dfile.encoding=utf8 -XX:+UseParallelGC -XX:GCTimeRatio=4 -XX:AdaptiveSizePolicyWeight=90 -Dsun.zip.disableMemoryMapping=true -Xmx1G -Xms100m -Xlog:disable -javaagent:c:\Users\Admin\.vscode\extensions\redhat.java-1.21.0-win32-x64\lombok\lombok-1.18.28.jar c:\Users\Admin\.vscode\extensions\redhat.java-1.21.0-win32-x64\server\plugins\org.eclipse.equinox.launcher_1.6.500.v20230717-2134.jar -configuration c:\Users\Admin\AppData\Roaming\Code\User\globalStorage\redhat.java\1.21.0\config_ss_win -data c:\Users\Admin\AppData\Roaming\Code\User\workspaceStorage\e7c62a26f5fb9af6089d468b08576148\redhat.java\ss_ws

Host: 11th Gen Intel(R) Core(TM) i7-11800H @ 2.30GHz, 16 cores, 15G,  Windows 11 , 64 bit Build 22621 (10.0.22621.2070)
Time: Tue Aug 15 07:56:29 2023 SE Asia Standard Time elapsed time: 0.184859 seconds (0d 0h 0m 0s)

---------------  T H R E A D  ---------------

Current thread (0x000001c21e4530d0):  JavaThread "C2 CompilerThread0" daemon [_thread_in_native, id=10916, stack(0x0000000a17800000,0x0000000a17900000)]


Current CompileTask:
C2:    184  478       4       lombok.patcher.scripts.MethodLevelPatchScript::patch (21 bytes)

Stack: [0x0000000a17800000,0x0000000a17900000]
Native frames: (J=compiled Java code, j=interpreted, Vv=VM code, C=native code)
V  [jvm.dll+0x67754a]
V  [jvm.dll+0x834304]
V  [jvm.dll+0x835aae]
V  [jvm.dll+0x836113]
V  [jvm.dll+0x24696f]
V  [jvm.dll+0xac2cc]
V  [jvm.dll+0xac67c]
V  [jvm.dll+0xac1bb]
V  [jvm.dll+0x654c7c]
V  [jvm.dll+0x56fca1]
V  [jvm.dll+0x56f317]
V  [jvm.dll+0x56e92e]
V  [jvm.dll+0x56e941]
V  [jvm.dll+0x56e941]
V  [jvm.dll+0x56e8f5]
V  [jvm.dll+0x56e941]
V  [jvm.dll+0x5808af]
V  [jvm.dll+0x221e72]
V  [jvm.dll+0x21b152]
V  [jvm.dll+0x21895b]
V  [jvm.dll+0x1a4d8d]
V  [jvm.dll+0x2284da]
V  [jvm.dll+0x226615]
V  [jvm.dll+0x7ea90b]
V  [jvm.dll+0x7e4e7a]
V  [jvm.dll+0x676395]
C  [ucrtbase.dll+0x29363]
C  [KERNEL32.DLL+0x126ad]
C  [ntdll.dll+0x5aa68]


---------------  P R O C E S S  ---------------

Threads class SMR info:
_java_thread_list=0x000001c2203500d0, length=16, elements={
0x000001c20519e6e0, 0x000001c219013f80, 0x000001c205259ee0, 0x000001c21e4484c0,
0x000001c21e448d80, 0x000001c21e44f860, 0x000001c21e450320, 0x000001c21e4530d0,
0x000001c21e456f80, 0x000001c21e458060, 0x000001c2051ff7d0, 0x000001c21e5e8c40,
0x000001c21e5e99a0, 0x000001c21e5ea2c0, 0x000001c21e5ea7d0, 0x000001c22034d420
}

Java Threads: ( => current thread )
  0x000001c20519e6e0 JavaThread "main" [_thread_in_vm, id=5264, stack(0x0000000a16f00000,0x0000000a17000000)]
  0x000001c219013f80 JavaThread "Reference Handler" daemon [_thread_blocked, id=11772, stack(0x0000000a17200000,0x0000000a17300000)]
  0x000001c205259ee0 JavaThread "Finalizer" daemon [_thread_blocked, id=6644, stack(0x0000000a17300000,0x0000000a17400000)]
  0x000001c21e4484c0 JavaThread "Signal Dispatcher" daemon [_thread_blocked, id=9340, stack(0x0000000a17400000,0x0000000a17500000)]
  0x000001c21e448d80 JavaThread "Attach Listener" daemon [_thread_blocked, id=10348, stack(0x0000000a17500000,0x0000000a17600000)]
  0x000001c21e44f860 JavaThread "Service Thread" daemon [_thread_blocked, id=5296, stack(0x0000000a17600000,0x0000000a17700000)]
  0x000001c21e450320 JavaThread "Monitor Deflation Thread" daemon [_thread_blocked, id=15024, stack(0x0000000a17700000,0x0000000a17800000)]
=>0x000001c21e4530d0 JavaThread "C2 CompilerThread0" daemon [_thread_in_native, id=10916, stack(0x0000000a17800000,0x0000000a17900000)]
  0x000001c21e456f80 JavaThread "C1 CompilerThread0" daemon [_thread_blocked, id=16428, stack(0x0000000a17900000,0x0000000a17a00000)]
  0x000001c21e458060 JavaThread "Sweeper thread" daemon [_thread_blocked, id=15100, stack(0x0000000a17a00000,0x0000000a17b00000)]
  0x000001c2051ff7d0 JavaThread "Common-Cleaner" daemon [_thread_blocked, id=12552, stack(0x0000000a17b00000,0x0000000a17c00000)]
  0x000001c21e5e8c40 JavaThread "C1 CompilerThread1" daemon [_thread_blocked, id=19084, stack(0x0000000a17c00000,0x0000000a17d00000)]
  0x000001c21e5e99a0 JavaThread "C1 CompilerThread2" daemon [_thread_blocked, id=10952, stack(0x0000000a17d00000,0x0000000a17e00000)]
  0x000001c21e5ea2c0 JavaThread "C2 CompilerThread1" daemon [_thread_in_native, id=18988, stack(0x0000000a17e00000,0x0000000a17f00000)]
  0x000001c21e5ea7d0 JavaThread "C2 CompilerThread2" daemon [_thread_blocked, id=2468, stack(0x0000000a17f00000,0x0000000a18000000)]
  0x000001c22034d420 JavaThread "Notification Thread" daemon [_thread_blocked, id=19128, stack(0x0000000a18000000,0x0000000a18100000)]

Other Threads:
  0x000001c205225620 VMThread "VM Thread" [stack: 0x0000000a17100000,0x0000000a17200000] [id=8916]
  0x000001c22034db00 WatcherThread [stack: 0x0000000a18100000,0x0000000a18200000] [id=6408]
  0x000001c2051b3b40 GCTaskThread "GC Thread#0" [stack: 0x0000000a17000000,0x0000000a17100000] [id=13816]

Threads with active compile tasks:
C2 CompilerThread0      195  478       4       lombok.patcher.scripts.MethodLevelPatchScript::patch (21 bytes)
C2 CompilerThread1      195  511       4       lombok.patcher.PatchScript::classMatches (41 bytes)

VM state: not at safepoint (normal execution)

VM Mutex/Monitor currently owned by a thread: None

Heap address: 0x00000000c0000000, size: 1024 MB, Compressed Oops mode: 32-bit

CDS archive(s) not mapped
Compressed class space mapped at: 0x0000000100000000-0x0000000140000000, reserved size: 1073741824
Narrow klass base: 0x0000000000000000, Narrow klass shift: 3, Narrow klass range: 0x140000000

GC Precious Log:
 CPUs: 16 total, 16 available
 Memory: 16085M
 Large Page Support: Disabled
 NUMA Support: Disabled
 Compressed Oops: Enabled (32-bit)
 Alignments: Space 512K, Generation 512K, Heap 2M
 Heap Min Capacity: 100M
 Heap Initial Capacity: 100M
 Heap Max Capacity: 1G
 Pre-touch: Disabled
 Parallel Workers: 13

Heap:
 PSYoungGen      total 29696K, used 12410K [0x00000000eab00000, 0x00000000ecc00000, 0x0000000100000000)
  eden space 25600K, 48% used [0x00000000eab00000,0x00000000eb71eb38,0x00000000ec400000)
  from space 4096K, 0% used [0x00000000ec800000,0x00000000ec800000,0x00000000ecc00000)
  to   space 4096K, 0% used [0x00000000ec400000,0x00000000ec400000,0x00000000ec800000)
 ParOldGen       total 68608K, used 0K [0x00000000c0000000, 0x00000000c4300000, 0x00000000eab00000)
  object space 68608K, 0% used [0x00000000c0000000,0x00000000c0000000,0x00000000c4300000)
 Metaspace       used 8306K, committed 8448K, reserved 1114112K
  class space    used 814K, committed 896K, reserved 1048576K

Card table byte_map: [0x000001c204b70000,0x000001c204d80000] _byte_map_base: 0x000001c204570000

Marking Bits: (ParMarkBitMap*) 0x00007ffc07d252c0
 Begin Bits: [0x000001c216e20000, 0x000001c217e20000)
 End Bits:   [0x000001c217e20000, 0x000001c218e20000)

Polling page: 0x000001c204960000

Metaspace:

Usage:
  Non-class:      7.32 MB used.
      Class:    815.81 KB used.
       Both:      8.12 MB used.

Virtual space:
  Non-class space:       64.00 MB reserved,       7.38 MB ( 12%) committed,  1 nodes.
      Class space:        1.00 GB reserved,     896.00 KB ( <1%) committed,  1 nodes.
             Both:        1.06 GB reserved,       8.25 MB ( <1%) committed. 

Chunk freelists:
   Non-Class:  8.00 MB
       Class:  15.09 MB
        Both:  23.09 MB

MaxMetaspaceSize: unlimited
CompressedClassSpaceSize: 1.00 GB
Initial GC threshold: 21.00 MB
Current GC threshold: 21.00 MB
CDS: off
MetaspaceReclaimPolicy: balanced
 - commit_granule_bytes: 65536.
 - commit_granule_words: 8192.
 - virtual_space_node_default_size: 8388608.
 - enlarge_chunks_in_place: 1.
 - new_chunks_are_fully_committed: 0.
 - uncommit_free_chunks: 1.
 - use_allocation_guard: 0.
 - handle_deallocations: 1.


Internal statistics:

num_allocs_failed_limit: 0.
num_arena_births: 10.
num_arena_deaths: 0.
num_vsnodes_births: 2.
num_vsnodes_deaths: 0.
num_space_committed: 132.
num_space_uncommitted: 0.
num_chunks_returned_to_freelist: 0.
num_chunks_taken_from_freelist: 38.
num_chunk_merges: 0.
num_chunk_splits: 21.
num_chunks_enlarged: 17.
num_inconsistent_stats: 0.

CodeHeap 'non-profiled nmethods': size=119168Kb used=169Kb max_used=169Kb free=118998Kb
 bounds [0x000001c20f9c0000, 0x000001c20fc30000, 0x000001c216e20000]
CodeHeap 'profiled nmethods': size=119104Kb used=735Kb max_used=735Kb free=118368Kb
 bounds [0x000001c207e20000, 0x000001c208090000, 0x000001c20f270000]
CodeHeap 'non-nmethods': size=7488Kb used=2268Kb max_used=2289Kb free=5219Kb
 bounds [0x000001c20f270000, 0x000001c20f4e0000, 0x000001c20f9c0000]
 total_blobs=934 nmethods=517 adapters=330
 compilation: enabled
              stopped_count=0, restarted_count=0
 full_count=0

Compilation events (20 events):
Event: 0.181 Thread 0x000001c21e5ea7d0  484       4       java.util.Objects::requireNonNull (14 bytes)
Event: 0.181 Thread 0x000001c21e5ea2c0 nmethod 469 0x000001c20f9e5790 code [0x000001c20f9e5940, 0x000001c20f9e5e98]
Event: 0.181 Thread 0x000001c21e456f80  485   !   3       java.lang.String::replace (258 bytes)
Event: 0.181 Thread 0x000001c21e5ea7d0 nmethod 484 0x000001c20f9e6210 code [0x000001c20f9e6380, 0x000001c20f9e63f8]
Event: 0.182 Thread 0x000001c21e5e8c40  486       3       java.math.BigInteger::destructiveMulAdd (150 bytes)
Event: 0.182 Thread 0x000001c21e5e8c40 nmethod 486 0x000001c207ec9790 code [0x000001c207ec9940, 0x000001c207ec9c98]
Event: 0.182 Thread 0x000001c21e5ea2c0  488       4       java.lang.StringLatin1::newString (24 bytes)
Event: 0.182 Thread 0x000001c21e5ea7d0  489       4       java.lang.CharacterData::of (136 bytes)
Event: 0.182 Thread 0x000001c21e456f80 nmethod 485 0x000001c207ec9e90 code [0x000001c207eca360, 0x000001c207ecc688]
Event: 0.182 Thread 0x000001c21e5ea7d0 nmethod 489 0x000001c20f9e6910 code [0x000001c20f9e6a80, 0x000001c20f9e6af8]
Event: 0.182 Thread 0x000001c21e5ea7d0  490       4       java.lang.StringLatin1::lastIndexOf (40 bytes)
Event: 0.182 Thread 0x000001c21e5e8c40  492       3       java.io.ByteArrayOutputStream::ensureCapacity (32 bytes)
Event: 0.182 Thread 0x000001c21e5e8c40 nmethod 492 0x000001c207ecd610 code [0x000001c207ecd7e0, 0x000001c207ecdb58]
Event: 0.182 Thread 0x000001c21e5e8c40  493       3       java.lang.Integer::numberOfLeadingZeros (79 bytes)
Event: 0.182 Thread 0x000001c21e5e8c40 nmethod 493 0x000001c207ecdd10 code [0x000001c207ecdec0, 0x000001c207ece198]
Event: 0.183 Thread 0x000001c21e456f80  494       3       java.math.BigInteger::<init> (404 bytes)
Event: 0.183 Thread 0x000001c21e5e8c40  495       3       java.math.BigInteger::getInt (63 bytes)
Event: 0.183 Thread 0x000001c21e5e8c40 nmethod 495 0x000001c207ece210 code [0x000001c207ece3e0, 0x000001c207ece7e8]
Event: 0.183 Thread 0x000001c21e5e99a0  498       3       sun.security.util.CurveDB::bi (11 bytes)
Event: 0.183 Thread 0x000001c21e5e99a0 nmethod 498 0x000001c207ece910 code [0x000001c207eceac0, 0x000001c207ecec68]

GC Heap History (0 events):
No events

Dll operation events (8 events):
Event: 0.004 Loaded shared library c:\Users\Admin\.vscode\extensions\redhat.java-1.21.0-win32-x64\jre\17.0.7-win32-x86_64\bin\java.dll
Event: 0.072 Loaded shared library c:\Users\Admin\.vscode\extensions\redhat.java-1.21.0-win32-x64\jre\17.0.7-win32-x86_64\bin\zip.dll
Event: 0.073 Loaded shared library C:\Users\Admin\.vscode\extensions\redhat.java-1.21.0-win32-x64\jre\17.0.7-win32-x86_64\bin\instrument.dll
Event: 0.079 Loaded shared library C:\Users\Admin\.vscode\extensions\redhat.java-1.21.0-win32-x64\jre\17.0.7-win32-x86_64\bin\net.dll
Event: 0.080 Loaded shared library C:\Users\Admin\.vscode\extensions\redhat.java-1.21.0-win32-x64\jre\17.0.7-win32-x86_64\bin\nio.dll
Event: 0.083 Loaded shared library C:\Users\Admin\.vscode\extensions\redhat.java-1.21.0-win32-x64\jre\17.0.7-win32-x86_64\bin\zip.dll
Event: 0.091 Loaded shared library C:\Users\Admin\.vscode\extensions\redhat.java-1.21.0-win32-x64\jre\17.0.7-win32-x86_64\bin\jimage.dll
Event: 0.113 Loaded shared library c:\Users\Admin\.vscode\extensions\redhat.java-1.21.0-win32-x64\jre\17.0.7-win32-x86_64\bin\verify.dll

Deoptimization events (20 events):
Event: 0.169 Thread 0x000001c20519e6e0 Uncommon trap: trap_request=0xffffffde fr.pc=0x000001c20f9dfeac relative=0x000000000000010c
Event: 0.169 Thread 0x000001c20519e6e0 Uncommon trap: reason=class_check action=maybe_recompile pc=0x000001c20f9dfeac method=jdk.internal.misc.Unsafe.allocateUninitializedArray(Ljava/lang/Class;I)Ljava/lang/Object; @ 51 c2
Event: 0.169 Thread 0x000001c20519e6e0 DEOPT PACKING pc=0x000001c20f9dfeac sp=0x0000000a16ffbef0
Event: 0.169 Thread 0x000001c20519e6e0 DEOPT UNPACKING pc=0x000001c20f2c9ea3 sp=0x0000000a16ffbe78 mode 2
Event: 0.169 Thread 0x000001c20519e6e0 Uncommon trap: trap_request=0xffffffde fr.pc=0x000001c20f9dfeac relative=0x000000000000010c
Event: 0.169 Thread 0x000001c20519e6e0 Uncommon trap: reason=class_check action=maybe_recompile pc=0x000001c20f9dfeac method=jdk.internal.misc.Unsafe.allocateUninitializedArray(Ljava/lang/Class;I)Ljava/lang/Object; @ 51 c2
Event: 0.169 Thread 0x000001c20519e6e0 DEOPT PACKING pc=0x000001c20f9dfeac sp=0x0000000a16ffbef0
Event: 0.169 Thread 0x000001c20519e6e0 DEOPT UNPACKING pc=0x000001c20f2c9ea3 sp=0x0000000a16ffbe78 mode 2
Event: 0.169 Thread 0x000001c20519e6e0 Uncommon trap: trap_request=0xffffffde fr.pc=0x000001c20f9dfeac relative=0x000000000000010c
Event: 0.169 Thread 0x000001c20519e6e0 Uncommon trap: reason=class_check action=maybe_recompile pc=0x000001c20f9dfeac method=jdk.internal.misc.Unsafe.allocateUninitializedArray(Ljava/lang/Class;I)Ljava/lang/Object; @ 51 c2
Event: 0.169 Thread 0x000001c20519e6e0 DEOPT PACKING pc=0x000001c20f9dfeac sp=0x0000000a16ffbf30
Event: 0.169 Thread 0x000001c20519e6e0 DEOPT UNPACKING pc=0x000001c20f2c9ea3 sp=0x0000000a16ffbeb8 mode 2
Event: 0.176 Thread 0x000001c20519e6e0 Uncommon trap: trap_request=0xffffff45 fr.pc=0x000001c20f9d3bc0 relative=0x00000000000000c0
Event: 0.176 Thread 0x000001c20519e6e0 Uncommon trap: reason=unstable_if action=reinterpret pc=0x000001c20f9d3bc0 method=java.net.URI.match(CJJ)Z @ 45 c2
Event: 0.176 Thread 0x000001c20519e6e0 DEOPT PACKING pc=0x000001c20f9d3bc0 sp=0x0000000a16ffc990
Event: 0.176 Thread 0x000001c20519e6e0 DEOPT UNPACKING pc=0x000001c20f2c9ea3 sp=0x0000000a16ffc918 mode 2
Event: 0.180 Thread 0x000001c20519e6e0 Uncommon trap: trap_request=0xffffff45 fr.pc=0x000001c20f9e467c relative=0x000000000000061c
Event: 0.180 Thread 0x000001c20519e6e0 Uncommon trap: reason=unstable_if action=reinterpret pc=0x000001c20f9e467c method=java.lang.String.replace(Ljava/lang/CharSequence;Ljava/lang/CharSequence;)Ljava/lang/String; @ 48 c2
Event: 0.180 Thread 0x000001c20519e6e0 DEOPT PACKING pc=0x000001c20f9e467c sp=0x0000000a16ffc8e0
Event: 0.180 Thread 0x000001c20519e6e0 DEOPT UNPACKING pc=0x000001c20f2c9ea3 sp=0x0000000a16ffc860 mode 2

Classes unloaded (0 events):
No events

Classes redefined (0 events):
No events

Internal exceptions (2 events):
Event: 0.061 Thread 0x000001c20519e6e0 Exception <a 'java/lang/NoSuchMethodError'{0x00000000eacb35b8}: 'void java.lang.invoke.DirectMethodHandle$Holder.invokeStatic(java.lang.Object, java.lang.Object, java.lang.Object)'> (0x00000000eacb35b8) 
thrown [s\src\hotspot\share\interpreter\linkResolver.cpp, line 759]
Event: 0.121 Thread 0x000001c20519e6e0 Exception <a 'java/lang/reflect/InvocationTargetException'{0x00000000eb079800}> (0x00000000eb079800) 
thrown [s\src\hotspot\share\runtime\reflection.cpp, line 1121]

VM Operations (4 events):
Event: 0.063 Executing VM operation: HandshakeAllThreads
Event: 0.063 Executing VM operation: HandshakeAllThreads done
Event: 0.100 Executing VM operation: HandshakeAllThreads
Event: 0.100 Executing VM operation: HandshakeAllThreads done

Events (20 events):
Event: 0.180 loading class java/util/TreeMap$PrivateEntryIterator done
Event: 0.180 loading class java/util/TreeMap$KeyIterator done
Event: 0.180 loading class sun/security/util/DisabledAlgorithmConstraints$Constraints
Event: 0.180 loading class sun/security/util/DisabledAlgorithmConstraints$Constraints done
Event: 0.180 loading class sun/security/util/CurveDB
Event: 0.181 loading class sun/security/util/CurveDB done
Event: 0.181 loading class java/security/spec/ECFieldFp
Event: 0.181 loading class java/security/spec/ECField
Event: 0.181 loading class java/security/spec/ECField done
Event: 0.181 loading class java/security/spec/ECFieldFp done
Event: 0.181 loading class java/security/spec/EllipticCurve
Event: 0.181 loading class java/security/spec/EllipticCurve done
Event: 0.181 loading class java/security/spec/ECPoint
Event: 0.181 loading class java/security/spec/ECPoint done
Event: 0.181 loading class sun/security/util/NamedCurve
Event: 0.181 loading class java/security/spec/ECParameterSpec
Event: 0.181 loading class java/security/spec/ECParameterSpec done
Event: 0.181 loading class sun/security/util/NamedCurve done
Event: 0.182 loading class java/security/spec/ECFieldF2m
Event: 0.182 loading class java/security/spec/ECFieldF2m done


Dynamic libraries:
0x00007ff684a30000 - 0x00007ff684a3e000 	c:\Users\Admin\.vscode\extensions\redhat.java-1.21.0-win32-x64\jre\17.0.7-win32-x86_64\bin\java.exe
0x00007ffc77f50000 - 0x00007ffc78164000 	C:\WINDOWS\SYSTEM32\ntdll.dll
0x00007ffc763d0000 - 0x00007ffc76494000 	C:\WINDOWS\System32\KERNEL32.DLL
0x00007ffc755a0000 - 0x00007ffc75944000 	C:\WINDOWS\System32\KERNELBASE.dll
0x00007ffc75450000 - 0x00007ffc75561000 	C:\WINDOWS\System32\ucrtbase.dll
0x00007ffc66a80000 - 0x00007ffc66a97000 	c:\Users\Admin\.vscode\extensions\redhat.java-1.21.0-win32-x64\jre\17.0.7-win32-x86_64\bin\jli.dll
0x00007ffc66a60000 - 0x00007ffc66a79000 	c:\Users\Admin\.vscode\extensions\redhat.java-1.21.0-win32-x64\jre\17.0.7-win32-x86_64\bin\VCRUNTIME140.dll
0x00007ffc76680000 - 0x00007ffc7682a000 	C:\WINDOWS\System32\USER32.dll
0x00007ffc75570000 - 0x00007ffc75596000 	C:\WINDOWS\System32\win32u.dll
0x00007ffc4d900000 - 0x00007ffc4db8f000 	C:\WINDOWS\WinSxS\amd64_microsoft.windows.common-controls_6595b64144ccf1df_6.0.22621.2070_none_2713e6537381f706\COMCTL32.dll
0x00007ffc761f0000 - 0x00007ffc76219000 	C:\WINDOWS\System32\GDI32.dll
0x00007ffc76ed0000 - 0x00007ffc76f77000 	C:\WINDOWS\System32\msvcrt.dll
0x00007ffc75330000 - 0x00007ffc75449000 	C:\WINDOWS\System32\gdi32full.dll
0x00007ffc75bb0000 - 0x00007ffc75c4a000 	C:\WINDOWS\System32\msvcp_win.dll
0x00007ffc76e90000 - 0x00007ffc76ec1000 	C:\WINDOWS\System32\IMM32.DLL
0x00007ffc6e840000 - 0x00007ffc6e84c000 	c:\Users\Admin\.vscode\extensions\redhat.java-1.21.0-win32-x64\jre\17.0.7-win32-x86_64\bin\vcruntime140_1.dll
0x00007ffc1ffb0000 - 0x00007ffc20041000 	c:\Users\Admin\.vscode\extensions\redhat.java-1.21.0-win32-x64\jre\17.0.7-win32-x86_64\bin\msvcp140.dll
0x00007ffc071a0000 - 0x00007ffc07de8000 	c:\Users\Admin\.vscode\extensions\redhat.java-1.21.0-win32-x64\jre\17.0.7-win32-x86_64\bin\server\jvm.dll
0x00007ffc764f0000 - 0x00007ffc765a0000 	C:\WINDOWS\System32\ADVAPI32.dll
0x00007ffc76320000 - 0x00007ffc763c6000 	C:\WINDOWS\System32\sechost.dll
0x00007ffc77060000 - 0x00007ffc77177000 	C:\WINDOWS\System32\RPCRT4.dll
0x00007ffc6e800000 - 0x00007ffc6e834000 	C:\WINDOWS\SYSTEM32\WINMM.dll
0x00007ffc439c0000 - 0x00007ffc439c9000 	C:\WINDOWS\SYSTEM32\WSOCK32.dll
0x00007ffc6eb90000 - 0x00007ffc6eb9a000 	C:\WINDOWS\SYSTEM32\VERSION.dll
0x00007ffc75f70000 - 0x00007ffc75fe1000 	C:\WINDOWS\System32\WS2_32.dll
0x00007ffc742e0000 - 0x00007ffc742f8000 	C:\WINDOWS\SYSTEM32\kernel.appcore.dll
0x00007ffc66cd0000 - 0x00007ffc66cda000 	c:\Users\Admin\.vscode\extensions\redhat.java-1.21.0-win32-x64\jre\17.0.7-win32-x86_64\bin\jimage.dll
0x00007ffc72c90000 - 0x00007ffc72ebe000 	C:\WINDOWS\SYSTEM32\DBGHELP.DLL
0x00007ffc76830000 - 0x00007ffc76bba000 	C:\WINDOWS\System32\combase.dll
0x00007ffc765a0000 - 0x00007ffc76677000 	C:\WINDOWS\System32\OLEAUT32.dll
0x00007ffc5d160000 - 0x00007ffc5d192000 	C:\WINDOWS\SYSTEM32\dbgcore.DLL
0x00007ffc75950000 - 0x00007ffc759ca000 	C:\WINDOWS\System32\bcryptPrimitives.dll
0x00007ffc66a50000 - 0x00007ffc66a5e000 	c:\Users\Admin\.vscode\extensions\redhat.java-1.21.0-win32-x64\jre\17.0.7-win32-x86_64\bin\instrument.dll
0x00007ffc66a20000 - 0x00007ffc66a45000 	c:\Users\Admin\.vscode\extensions\redhat.java-1.21.0-win32-x64\jre\17.0.7-win32-x86_64\bin\java.dll
0x00007ffc668e0000 - 0x00007ffc668f8000 	c:\Users\Admin\.vscode\extensions\redhat.java-1.21.0-win32-x64\jre\17.0.7-win32-x86_64\bin\zip.dll
0x00007ffc77180000 - 0x00007ffc77996000 	C:\WINDOWS\System32\SHELL32.dll
0x00007ffc732b0000 - 0x00007ffc73b9a000 	C:\WINDOWS\SYSTEM32\windows.storage.dll
0x00007ffc73170000 - 0x00007ffc732ae000 	C:\WINDOWS\SYSTEM32\wintypes.dll
0x00007ffc75ff0000 - 0x00007ffc760e3000 	C:\WINDOWS\System32\SHCORE.dll
0x00007ffc77000000 - 0x00007ffc7705e000 	C:\WINDOWS\System32\shlwapi.dll
0x00007ffc75260000 - 0x00007ffc75286000 	C:\WINDOWS\SYSTEM32\profapi.dll
0x00007ffc64d10000 - 0x00007ffc64d29000 	C:\Users\Admin\.vscode\extensions\redhat.java-1.21.0-win32-x64\jre\17.0.7-win32-x86_64\bin\net.dll
0x00007ffc6ea30000 - 0x00007ffc6eb67000 	C:\WINDOWS\SYSTEM32\WINHTTP.dll
0x00007ffc747a0000 - 0x00007ffc74809000 	C:\WINDOWS\system32\mswsock.dll
0x00007ffc64bf0000 - 0x00007ffc64c05000 	C:\Users\Admin\.vscode\extensions\redhat.java-1.21.0-win32-x64\jre\17.0.7-win32-x86_64\bin\nio.dll
0x00007ffc669e0000 - 0x00007ffc669f0000 	c:\Users\Admin\.vscode\extensions\redhat.java-1.21.0-win32-x64\jre\17.0.7-win32-x86_64\bin\verify.dll

dbghelp: loaded successfully - version: 4.0.5 - missing functions: none
symbol engine: initialized successfully - sym options: 0x614 - pdb path: .;c:\Users\Admin\.vscode\extensions\redhat.java-1.21.0-win32-x64\jre\17.0.7-win32-x86_64\bin;C:\WINDOWS\SYSTEM32;C:\WINDOWS\WinSxS\amd64_microsoft.windows.common-controls_6595b64144ccf1df_6.0.22621.2070_none_2713e6537381f706;c:\Users\Admin\.vscode\extensions\redhat.java-1.21.0-win32-x64\jre\17.0.7-win32-x86_64\bin\server

VM Arguments:
jvm_args: --add-modules=ALL-SYSTEM --add-opens=java.base/java.util=ALL-UNNAMED --add-opens=java.base/java.lang=ALL-UNNAMED --add-opens=java.base/sun.nio.fs=ALL-UNNAMED -Declipse.application=org.eclipse.jdt.ls.core.id1 -Dosgi.bundles.defaultStartLevel=4 -Declipse.product=org.eclipse.jdt.ls.core.product -Djava.import.generatesMetadataFilesAtProjectRoot=false -Dfile.encoding=utf8 -XX:+UseParallelGC -XX:GCTimeRatio=4 -XX:AdaptiveSizePolicyWeight=90 -Dsun.zip.disableMemoryMapping=true -Xmx1G -Xms100m -Xlog:disable -javaagent:c:\Users\Admin\.vscode\extensions\redhat.java-1.21.0-win32-x64\lombok\lombok-1.18.28.jar 
java_command: c:\Users\Admin\.vscode\extensions\redhat.java-1.21.0-win32-x64\server\plugins\org.eclipse.equinox.launcher_1.6.500.v20230717-2134.jar -configuration c:\Users\Admin\AppData\Roaming\Code\User\globalStorage\redhat.java\1.21.0\config_ss_win -data c:\Users\Admin\AppData\Roaming\Code\User\workspaceStorage\e7c62a26f5fb9af6089d468b08576148\redhat.java\ss_ws
java_class_path (initial): c:\Users\Admin\.vscode\extensions\redhat.java-1.21.0-win32-x64\server\plugins\org.eclipse.equinox.launcher_1.6.500.v20230717-2134.jar
Launcher Type: SUN_STANDARD

[Global flags]
    uintx AdaptiveSizePolicyWeight                 = 90                                        {product} {command line}
     intx CICompilerCount                          = 12                                        {product} {ergonomic}
    uintx GCTimeRatio                              = 4                                         {product} {command line}
   size_t InitialHeapSize                          = 104857600                                 {product} {command line}
   size_t MaxHeapSize                              = 1073741824                                {product} {command line}
   size_t MaxNewSize                               = 357564416                                 {product} {ergonomic}
   size_t MinHeapDeltaBytes                        = 524288                                    {product} {ergonomic}
   size_t MinHeapSize                              = 104857600                                 {product} {command line}
   size_t NewSize                                  = 34603008                                  {product} {ergonomic}
    uintx NonNMethodCodeHeapSize                   = 7602480                                {pd product} {ergonomic}
    uintx NonProfiledCodeHeapSize                  = 122027880                              {pd product} {ergonomic}
   size_t OldSize                                  = 70254592                                  {product} {ergonomic}
    uintx ProfiledCodeHeapSize                     = 122027880                              {pd product} {ergonomic}
    uintx ReservedCodeCacheSize                    = 251658240                              {pd product} {ergonomic}
     bool SegmentedCodeCache                       = true                                      {product} {ergonomic}
   size_t SoftMaxHeapSize                          = 1073741824                             {manageable} {ergonomic}
     bool UseCompressedClassPointers               = true                           {product lp64_product} {ergonomic}
     bool UseCompressedOops                        = true                           {product lp64_product} {ergonomic}
     bool UseLargePagesIndividualAllocation        = false                                  {pd product} {ergonomic}
     bool UseParallelGC                            = true                                      {product} {command line}

Logging:
Log output configuration:
 #0: stdout all=off uptime,level,tags
 #1: stderr all=off uptime,level,tags

Environment Variables:
JAVA_HOME=C:\Program Files\Java\jdk-14.0.2
PATH=C:\Program Files\Python310\Scripts\;C:\Program Files\Python310\;C:\Program Files\Python38\Scripts\;C:\Program Files\Python38\;C:\WINDOWS\system32;C:\WINDOWS;C:\WINDOWS\System32\Wbem;C:\WINDOWS\System32\WindowsPowerShell\v1.0\;C:\WINDOWS\System32\OpenSSH\;C:\Program Files\Microsoft SQL Server\Client SDK\ODBC\110\Tools\Binn\;C:\Program Files (x86)\Microsoft SQL Server\120\Tools\Binn\;C:\Program Files\Microsoft SQL Server\120\Tools\Binn\;C:\Program Files\Microsoft SQL Server\120\DTS\Binn\;C:\Program Files (x86)\Microsoft SQL Server\120\Tools\Binn\ManagementStudio\;C:\Program Files (x86)\Microsoft SQL Server\120\DTS\Binn\;C:\Program Files\Java\jdk-11.0.2\bin;C:\tomcat\apache-tomcat-9.0.63\bin;C:\Program Files\dotnet\;C:\Program Files\Microsoft SQL Server\150\Tools\Binn\;C:\Program Files\Microsoft SQL Server\Client SDK\ODBC\170\Tools\Binn\;C:\Program Files\nodejs\;C:\Program Files\Microsoft SQL Server\130\Tools\Binn\;C:\WINDOWS\system32;C:\WINDOWS;C:\WINDOWS\System32\Wbem;C:\WINDOWS\System32\WindowsPowerShell\v1.0\;C:\WINDOWS\System32\OpenSSH\;C:\Program Files\MongoDB\Server\5.0\bin;C:\Users\Admin\AppData\Local\Microsoft\WindowsApps;;C:\Users\Admin\AppData\Local\Programs\Microsoft VS Code\bin;C:\Users\Admin\.dotnet\tools;C:\Users\Admin\AppData\Roaming\npm
USERNAME=Admin
OS=Windows_NT
PROCESSOR_IDENTIFIER=Intel64 Family 6 Model 141 Stepping 1, GenuineIntel
TMP=C:\Users\Admin\AppData\Local\Temp
TEMP=C:\Users\Admin\AppData\Local\Temp



---------------  S Y S T E M  ---------------

OS:
 Windows 11 , 64 bit Build 22621 (10.0.22621.2070)
OS uptime: 0 days 0:44 hours
Hyper-V role detected

CPU: total 16 (initial active 16) (8 cores per cpu, 2 threads per core) family 6 model 141 stepping 1 microcode 0x32, cx8, cmov, fxsr, ht, mmx, 3dnowpref, sse, sse2, sse3, ssse3, sse4.1, sse4.2, popcnt, lzcnt, tsc, tscinvbit, avx, avx2, aes, erms, clmul, bmi1, bmi2, adx, avx512f, avx512dq, avx512cd, avx512bw, avx512vl, sha, fma, vzeroupper, avx512_vpopcntdq, avx512_vpclmulqdq, avx512_vaes, avx512_vnni, clflush, clflushopt, clwb, avx512_vbmi2, avx512_vbmi, hv

Memory: 4k page, system-wide physical 16085M (2348M free)
TotalPageFile size 18133M (AvailPageFile size 5M)
current process WorkingSet (physical memory assigned to process): 52M, peak: 52M
current process commit charge ("private bytes"): 209M, peak: 209M

vm_info: OpenJDK 64-Bit Server VM (17.0.7+7) for windows-amd64 JRE (17.0.7+7), built on Apr 18 2023 22:10:42 by "temurin" with MS VC++ 16.7 (VS2019)

END.
