#
# There is insufficient memory for the Java Runtime Environment to continue.
# Native memory allocation (malloc) failed to allocate 1895392 bytes for Chunk::new
# Possible reasons:
#   The system is out of physical RAM or swap space
#   The process is running with CompressedOops enabled, and the Java Heap may be blocking the growth of the native heap
# Possible solutions:
#   Reduce memory load on the system
#   Increase physical memory or swap space
#   Check if swap backing store is full
#   Decrease Java heap size (-Xmx/-Xms)
#   Decrease number of Java threads
#   Decrease Java thread stack sizes (-Xss)
#   Set larger code cache with -XX:ReservedCodeCacheSize=
#   JVM is running with Unscaled Compressed Oops mode in which the Java heap is
#     placed in the first 4GB address space. The Java Heap base address is the
#     maximum limit for the native heap growth. Please use -XX:HeapBaseMinAddress
#     to set the Java Heap base and to place the Java Heap above 4GB virtual address.
# This output file may be truncated or incomplete.
#
#  Out of Memory Error (./open/src/hotspot/share/memory/arena.cpp:195), pid=23864, tid=11972
#
# JRE version: Java(TM) SE Runtime Environment (14.0.2+12) (build 14.0.2+12-46)
# Java VM: Java HotSpot(TM) 64-Bit Server VM (14.0.2+12-46, mixed mode, sharing, tiered, compressed oops, g1 gc, windows-amd64)
# No core dump will be written. Minidumps are not enabled by default on client versions of Windows
#

---------------  S U M M A R Y ------------

Command Line: -XX:MaxMetaspaceSize=512m --add-opens=java.base/java.util=ALL-UNNAMED --add-opens=java.base/java.lang=ALL-UNNAMED --add-opens=java.base/java.lang.invoke=ALL-UNNAMED --add-opens=java.base/java.util=ALL-UNNAMED --add-opens=java.prefs/java.util.prefs=ALL-UNNAMED --add-opens=java.prefs/java.util.prefs=ALL-UNNAMED --add-opens=java.base/java.nio.charset=ALL-UNNAMED --add-opens=java.base/java.net=ALL-UNNAMED --add-opens=java.base/java.util.concurrent.atomic=ALL-UNNAMED -Xmx2048m -Dfile.encoding=utf8 -Duser.country=US -Duser.language=en -Duser.variant org.gradle.launcher.daemon.bootstrap.GradleDaemon 7.5.1

Host: 11th Gen Intel(R) Core(TM) i7-11800H @ 2.30GHz, 16 cores, 15G,  Windows 10 , 64 bit Build 22621 (10.0.22621.1928)
Time: Fri Aug  4 22:10:34 2023 SE Asia Standard Time elapsed time: 9 seconds (0d 0h 0m 9s)

---------------  T H R E A D  ---------------

Current thread (0x0000025b92021800):  JavaThread "C2 CompilerThread2" daemon [_thread_in_native, id=11972, stack(0x000000ff91e00000,0x000000ff91f00000)]


Current CompileTask:
C2:   9899 10401       4       sun.reflect.generics.parser.SignatureParser::parsePackageNameAndSimpleClassTypeSignature (119 bytes)

Stack: [0x000000ff91e00000,0x000000ff91f00000]
Native frames: (J=compiled Java code, j=interpreted, Vv=VM code, C=native code)
V  [jvm.dll+0x5f8a9a]
V  [jvm.dll+0x74247a]
V  [jvm.dll+0x743c2f]
V  [jvm.dll+0x744273]
V  [jvm.dll+0x20d288]
V  [jvm.dll+0xabb07]
V  [jvm.dll+0xac1fc]
V  [jvm.dll+0x31c495]
V  [jvm.dll+0x2e6b38]
V  [jvm.dll+0x2e5f3a]
V  [jvm.dll+0x1e5e16]
V  [jvm.dll+0x1e50b8]
V  [jvm.dll+0x1779cc]
V  [jvm.dll+0x1f4105]
V  [jvm.dll+0x1f22eb]
V  [jvm.dll+0x7070cd]
V  [jvm.dll+0x6ffeda]
V  [jvm.dll+0x5f78f6]
C  [ucrtbase.dll+0x29363]
C  [KERNEL32.DLL+0x126ad]
C  [ntdll.dll+0x5aa68]


---------------  P R O C E S S  ---------------

Threads class SMR info:
_java_thread_list=0x0000025b914fc210, length=93, elements={
0x0000025be779d800, 0x0000025b873a2800, 0x0000025b873a4000, 0x0000025b873ba000,
0x0000025b873bb800, 0x0000025b873c0000, 0x0000025b873c1000, 0x0000025b873d1800,
0x0000025b873c6000, 0x0000025b87d70800, 0x0000025b87da5000, 0x0000025b87db1800,
0x0000025b899ae800, 0x0000025b89b4c800, 0x0000025b89015000, 0x0000025b89065800,
0x0000025b89ba9000, 0x0000025b89539800, 0x0000025b8953a800, 0x0000025b89e64000,
0x0000025b89e60800, 0x0000025b89e61800, 0x0000025b89e5e800, 0x0000025b89e63000,
0x0000025b89e60000, 0x0000025b89e62800, 0x0000025b89e65000, 0x0000025b89e5f000,
0x0000025b8eaa8800, 0x0000025b8eaa7000, 0x0000025b8eaa8000, 0x0000025b8eaa5800,
0x0000025b8eaa9800, 0x0000025b8eaaa800, 0x0000025b8eaab000, 0x0000025b8eaa6000,
0x0000025b8eaac800, 0x0000025b8eab1000, 0x0000025b8eab1800, 0x0000025b8eab0000,
0x0000025b8eaae800, 0x0000025b8eaac000, 0x0000025b8eab2800, 0x0000025b8eaaf000,
0x0000025b8eab3800, 0x0000025b8eab4000, 0x0000025b8a1d7000, 0x0000025b8a1dc800,
0x0000025b8a1d8800, 0x0000025b8a1d9800, 0x0000025b8a1db000, 0x0000025b8a1d7800,
0x0000025b8a1dd800, 0x0000025b8a1de800, 0x0000025b8a1df000, 0x0000025b8a1e0000,
0x0000025b8a1dc000, 0x0000025b8a1da000, 0x0000025b8a1e2800, 0x0000025b8a1e0800,
0x0000025b8a1e1800, 0x0000025b8a1e3000, 0x0000025b8a1e5000, 0x0000025b8a1e5800,
0x0000025b8a1e4000, 0x0000025b8b712000, 0x0000025b8b70f000, 0x0000025b8b710800,
0x0000025b8b713000, 0x0000025b8b711800, 0x0000025b8b714000, 0x0000025b8b70e000,
0x0000025b8b714800, 0x0000025b8b715800, 0x0000025b8b70f800, 0x0000025b8b71b000,
0x0000025b8b71a800, 0x0000025b8b716000, 0x0000025b8b71c000, 0x0000025b8b71d000,
0x0000025b8b718000, 0x0000025b8b718800, 0x0000025b8b719800, 0x0000025b8b717000,
0x0000025b8d1ea800, 0x0000025b87f3f000, 0x0000025b8d1ee800, 0x0000025b8d1ef000,
0x0000025b8d1eb000, 0x0000025b8d1ec000, 0x0000025b8fc85800, 0x0000025b8d0a7800,
0x0000025b92021800
}

Java Threads: ( => current thread )
  0x0000025be779d800 JavaThread "main" [_thread_blocked, id=3632, stack(0x000000ff8e000000,0x000000ff8e100000)]
  0x0000025b873a2800 JavaThread "Reference Handler" daemon [_thread_blocked, id=18380, stack(0x000000ff8e700000,0x000000ff8e800000)]
  0x0000025b873a4000 JavaThread "Finalizer" daemon [_thread_blocked, id=6676, stack(0x000000ff8e800000,0x000000ff8e900000)]
  0x0000025b873ba000 JavaThread "Signal Dispatcher" daemon [_thread_blocked, id=10548, stack(0x000000ff8e900000,0x000000ff8ea00000)]
  0x0000025b873bb800 JavaThread "Attach Listener" daemon [_thread_blocked, id=23672, stack(0x000000ff8ea00000,0x000000ff8eb00000)]
  0x0000025b873c0000 JavaThread "Service Thread" daemon [_thread_blocked, id=20344, stack(0x000000ff8eb00000,0x000000ff8ec00000)]
  0x0000025b873c1000 JavaThread "C2 CompilerThread0" daemon [_thread_in_native, id=5028, stack(0x000000ff8ec00000,0x000000ff8ed00000)]
  0x0000025b873d1800 JavaThread "C1 CompilerThread0" daemon [_thread_blocked, id=11324, stack(0x000000ff8ed00000,0x000000ff8ee00000)]
  0x0000025b873c6000 JavaThread "Sweeper thread" daemon [_thread_blocked, id=2844, stack(0x000000ff8ee00000,0x000000ff8ef00000)]
  0x0000025b87d70800 JavaThread "C1 CompilerThread1" daemon [_thread_blocked, id=17484, stack(0x000000ff8ef00000,0x000000ff8f000000)]
  0x0000025b87da5000 JavaThread "Common-Cleaner" daemon [_thread_blocked, id=9036, stack(0x000000ff8f000000,0x000000ff8f100000)]
  0x0000025b87db1800 JavaThread "Notification Thread" daemon [_thread_blocked, id=16692, stack(0x000000ff8f100000,0x000000ff8f200000)]
  0x0000025b899ae800 JavaThread "Daemon health stats" [_thread_blocked, id=14740, stack(0x000000ff8fc00000,0x000000ff8fd00000)]
  0x0000025b89b4c800 JavaThread "Incoming local TCP Connector on port 54882" [_thread_in_native, id=24096, stack(0x000000ff8fd00000,0x000000ff8fe00000)]
  0x0000025b89015000 JavaThread "Daemon periodic checks" [_thread_blocked, id=24108, stack(0x000000ff8fe00000,0x000000ff8ff00000)]
  0x0000025b89065800 JavaThread "Daemon" [_thread_blocked, id=2864, stack(0x000000ff8ff00000,0x000000ff90000000)]
  0x0000025b89ba9000 JavaThread "Handler for socket connection from /127.0.0.1:54882 to /127.0.0.1:54883" [_thread_in_native, id=14424, stack(0x000000ff90000000,0x000000ff90100000)]
  0x0000025b89539800 JavaThread "Cancel handler" [_thread_blocked, id=13452, stack(0x000000ff90100000,0x000000ff90200000)]
  0x0000025b8953a800 JavaThread "Daemon worker" [_thread_in_vm, id=8268, stack(0x000000ff90200000,0x000000ff90300000)]
  0x0000025b89e64000 JavaThread "Asynchronous log dispatcher for DefaultDaemonConnection: socket connection from /127.0.0.1:54882 to /127.0.0.1:54883" [_thread_blocked, id=24332, stack(0x000000ff90300000,0x000000ff90400000)]
  0x0000025b89e60800 JavaThread "Stdin handler" [_thread_blocked, id=20040, stack(0x000000ff90400000,0x000000ff90500000)]
  0x0000025b89e61800 JavaThread "Daemon client event forwarder" [_thread_blocked, id=1332, stack(0x000000ff90500000,0x000000ff90600000)]
  0x0000025b89e5e800 JavaThread "Cache worker for journal cache (C:\Users\Admin\.gradle\caches\journal-1)" [_thread_blocked, id=6540, stack(0x000000ff90600000,0x000000ff90700000)]
  0x0000025b89e63000 JavaThread "File lock request listener" [_thread_in_native, id=1440, stack(0x000000ff90700000,0x000000ff90800000)]
  0x0000025b89e60000 JavaThread "Cache worker for file hash cache (C:\Users\Admin\.gradle\caches\7.5.1\fileHashes)" [_thread_blocked, id=20452, stack(0x000000ff90800000,0x000000ff90900000)]
  0x0000025b89e62800 JavaThread "File watcher server" daemon [_thread_in_native, id=10192, stack(0x000000ff90900000,0x000000ff90a00000)]
  0x0000025b89e65000 JavaThread "File watcher consumer" daemon [_thread_blocked, id=17120, stack(0x000000ff90a00000,0x000000ff90b00000)]
  0x0000025b89e5f000 JavaThread "jar transforms" [_thread_blocked, id=11188, stack(0x000000ff90b00000,0x000000ff90c00000)]
  0x0000025b8eaa8800 JavaThread "jar transforms Thread 2" [_thread_blocked, id=24012, stack(0x000000ff90c00000,0x000000ff90d00000)]
  0x0000025b8eaa7000 JavaThread "Cache worker for checksums cache (C:\Users\Admin\AwesomeProject\android\.gradle\7.5.1\checksums)" [_thread_blocked, id=19028, stack(0x000000ff91800000,0x000000ff91900000)]
  0x0000025b8eaa8000 JavaThread "Cache worker for cache directory md-rule (C:\Users\Admin\.gradle\caches\7.5.1\md-rule)" [_thread_blocked, id=15140, stack(0x000000ff91900000,0x000000ff91a00000)]
  0x0000025b8eaa5800 JavaThread "Cache worker for file content cache (C:\Users\Admin\.gradle\caches\7.5.1\fileContent)" [_thread_blocked, id=2684, stack(0x000000ff91a00000,0x000000ff91b00000)]
  0x0000025b8eaa9800 JavaThread "Cache worker for file hash cache (C:\Users\Admin\AwesomeProject\android\.gradle\7.5.1\fileHashes)" [_thread_blocked, id=9436, stack(0x000000ff91700000,0x000000ff91800000)]
  0x0000025b8eaaa800 JavaThread "Cache worker for cache directory md-supplier (C:\Users\Admin\.gradle\caches\7.5.1\md-supplier)" [_thread_blocked, id=23996, stack(0x000000ff91b00000,0x000000ff91c00000)]
  0x0000025b8eaab000 JavaThread "Cache worker for execution history cache (C:\Users\Admin\.gradle\caches\7.5.1\executionHistory)" [_thread_blocked, id=14136, stack(0x000000ff91c00000,0x000000ff91d00000)]
  0x0000025b8eaa6000 JavaThread "jar transforms Thread 3" [_thread_blocked, id=21216, stack(0x000000ff92000000,0x000000ff92100000)]
  0x0000025b8eaac800 JavaThread "jar transforms Thread 4" [_thread_blocked, id=1792, stack(0x000000ff92100000,0x000000ff92200000)]
  0x0000025b8eab1000 JavaThread "jar transforms Thread 5" [_thread_blocked, id=4400, stack(0x000000ff92200000,0x000000ff92300000)]
  0x0000025b8eab1800 JavaThread "jar transforms Thread 6" [_thread_blocked, id=7536, stack(0x000000ff92300000,0x000000ff92400000)]
  0x0000025b8eab0000 JavaThread "jar transforms Thread 7" [_thread_blocked, id=7324, stack(0x000000ff92400000,0x000000ff92500000)]
  0x0000025b8eaae800 JavaThread "jar transforms Thread 8" [_thread_blocked, id=19684, stack(0x000000ff92500000,0x000000ff92600000)]
  0x0000025b8eaac000 JavaThread "jar transforms Thread 9" [_thread_blocked, id=10612, stack(0x000000ff92600000,0x000000ff92700000)]
  0x0000025b8eab2800 JavaThread "jar transforms Thread 10" [_thread_blocked, id=10812, stack(0x000000ff92700000,0x000000ff92800000)]
  0x0000025b8eaaf000 JavaThread "jar transforms Thread 11" [_thread_blocked, id=14712, stack(0x000000ff92800000,0x000000ff92900000)]
  0x0000025b8eab3800 JavaThread "jar transforms Thread 12" [_thread_blocked, id=7688, stack(0x000000ff92900000,0x000000ff92a00000)]
  0x0000025b8eab4000 JavaThread "Cache worker for kotlin-dsl (C:\Users\Admin\.gradle\caches\7.5.1\kotlin-dsl)" [_thread_blocked, id=8172, stack(0x000000ff8fa00000,0x000000ff8fb00000)]
  0x0000025b8a1d7000 JavaThread "jar transforms Thread 13" [_thread_blocked, id=6152, stack(0x000000ff8fb00000,0x000000ff8fc00000)]
  0x0000025b8a1dc800 JavaThread "jar transforms Thread 14" [_thread_blocked, id=3152, stack(0x000000ff91d00000,0x000000ff91e00000)]
  0x0000025b8a1d8800 JavaThread "Cache worker for dependencies-accessors (C:\Users\Admin\AwesomeProject\android\.gradle\7.5.1\dependencies-accessors)" [_thread_blocked, id=19320, stack(0x000000ff91f00000,0x000000ff92000000)]
  0x0000025b8a1d9800 JavaThread "Cache worker for Build Output Cleanup Cache (C:\Users\Admin\AwesomeProject\android\.gradle\buildOutputCleanup)" [_thread_blocked, id=17184, stack(0x000000ff92a00000,0x000000ff92b00000)]
  0x0000025b8a1db000 JavaThread "Cache worker for Build Output Cleanup Cache (C:\Users\Admin\AwesomeProject\node_modules\react-native-gradle-plugin\.gradle\buildOutputCleanup)" [_thread_blocked, id=1260, stack(0x000000ff92b00000,0x000000ff92c00000)]
  0x0000025b8a1d7800 JavaThread "jar transforms Thread 15" [_thread_blocked, id=11152, stack(0x000000ff92c00000,0x000000ff92d00000)]
  0x0000025b8a1dd800 JavaThread "Unconstrained build operations" [_thread_blocked, id=18640, stack(0x000000ff92d00000,0x000000ff92e00000)]
  0x0000025b8a1de800 JavaThread "Unconstrained build operations Thread 2" [_thread_blocked, id=10096, stack(0x000000ff92e00000,0x000000ff92f00000)]
  0x0000025b8a1df000 JavaThread "Unconstrained build operations Thread 3" [_thread_blocked, id=17980, stack(0x000000ff92f00000,0x000000ff93000000)]
  0x0000025b8a1e0000 JavaThread "Unconstrained build operations Thread 4" [_thread_blocked, id=384, stack(0x000000ff93000000,0x000000ff93100000)]
  0x0000025b8a1dc000 JavaThread "Unconstrained build operations Thread 5" [_thread_blocked, id=336, stack(0x000000ff93100000,0x000000ff93200000)]
  0x0000025b8a1da000 JavaThread "Unconstrained build operations Thread 6" [_thread_blocked, id=21616, stack(0x000000ff93200000,0x000000ff93300000)]
  0x0000025b8a1e2800 JavaThread "Unconstrained build operations Thread 7" [_thread_blocked, id=13132, stack(0x000000ff93300000,0x000000ff93400000)]
  0x0000025b8a1e0800 JavaThread "Unconstrained build operations Thread 8" [_thread_blocked, id=24308, stack(0x000000ff93400000,0x000000ff93500000)]
  0x0000025b8a1e1800 JavaThread "Unconstrained build operations Thread 9" [_thread_blocked, id=24328, stack(0x000000ff93500000,0x000000ff93600000)]
  0x0000025b8a1e3000 JavaThread "Unconstrained build operations Thread 10" [_thread_blocked, id=21924, stack(0x000000ff93600000,0x000000ff93700000)]
  0x0000025b8a1e5000 JavaThread "Unconstrained build operations Thread 11" [_thread_blocked, id=15984, stack(0x000000ff93700000,0x000000ff93800000)]
  0x0000025b8a1e5800 JavaThread "Unconstrained build operations Thread 12" [_thread_blocked, id=10312, stack(0x000000ff93800000,0x000000ff93900000)]
  0x0000025b8a1e4000 JavaThread "Unconstrained build operations Thread 13" [_thread_blocked, id=3624, stack(0x000000ff93900000,0x000000ff93a00000)]
  0x0000025b8b712000 JavaThread "Unconstrained build operations Thread 14" [_thread_blocked, id=916, stack(0x000000ff93a00000,0x000000ff93b00000)]
  0x0000025b8b70f000 JavaThread "Unconstrained build operations Thread 15" [_thread_blocked, id=20704, stack(0x000000ff93b00000,0x000000ff93c00000)]
  0x0000025b8b710800 JavaThread "Unconstrained build operations Thread 16" [_thread_blocked, id=5496, stack(0x000000ff93c00000,0x000000ff93d00000)]
  0x0000025b8b713000 JavaThread "Unconstrained build operations Thread 17" [_thread_blocked, id=12852, stack(0x000000ff93d00000,0x000000ff93e00000)]
  0x0000025b8b711800 JavaThread "Unconstrained build operations Thread 18" [_thread_blocked, id=17720, stack(0x000000ff93e00000,0x000000ff93f00000)]
  0x0000025b8b714000 JavaThread "Unconstrained build operations Thread 19" [_thread_blocked, id=8480, stack(0x000000ff93f00000,0x000000ff94000000)]
  0x0000025b8b70e000 JavaThread "Unconstrained build operations Thread 20" [_thread_blocked, id=14012, stack(0x000000ff94000000,0x000000ff94100000)]
  0x0000025b8b714800 JavaThread "Unconstrained build operations Thread 21" [_thread_blocked, id=6716, stack(0x000000ff94100000,0x000000ff94200000)]
  0x0000025b8b715800 JavaThread "Unconstrained build operations Thread 22" [_thread_blocked, id=12996, stack(0x000000ff94200000,0x000000ff94300000)]
  0x0000025b8b70f800 JavaThread "Unconstrained build operations Thread 23" [_thread_blocked, id=22964, stack(0x000000ff94300000,0x000000ff94400000)]
  0x0000025b8b71b000 JavaThread "Unconstrained build operations Thread 24" [_thread_blocked, id=16516, stack(0x000000ff94400000,0x000000ff94500000)]
  0x0000025b8b71a800 JavaThread "Unconstrained build operations Thread 25" [_thread_blocked, id=20048, stack(0x000000ff94500000,0x000000ff94600000)]
  0x0000025b8b716000 JavaThread "Unconstrained build operations Thread 26" [_thread_blocked, id=22556, stack(0x000000ff94600000,0x000000ff94700000)]
  0x0000025b8b71c000 JavaThread "Unconstrained build operations Thread 27" [_thread_blocked, id=14168, stack(0x000000ff94700000,0x000000ff94800000)]
  0x0000025b8b71d000 JavaThread "Unconstrained build operations Thread 28" [_thread_blocked, id=12212, stack(0x000000ff94800000,0x000000ff94900000)]
  0x0000025b8b718000 JavaThread "Unconstrained build operations Thread 29" [_thread_blocked, id=24400, stack(0x000000ff94900000,0x000000ff94a00000)]
  0x0000025b8b718800 JavaThread "Unconstrained build operations Thread 30" [_thread_blocked, id=17480, stack(0x000000ff94a00000,0x000000ff94b00000)]
  0x0000025b8b719800 JavaThread "Unconstrained build operations Thread 31" [_thread_blocked, id=24416, stack(0x000000ff94b00000,0x000000ff94c00000)]
  0x0000025b8b717000 JavaThread "Unconstrained build operations Thread 32" [_thread_blocked, id=12344, stack(0x000000ff94c00000,0x000000ff94d00000)]
  0x0000025b8d1ea800 JavaThread "Unconstrained build operations Thread 33" [_thread_blocked, id=3104, stack(0x000000ff94d00000,0x000000ff94e00000)]
  0x0000025b87f3f000 JavaThread "C1 CompilerThread2" daemon [_thread_blocked, id=24508, stack(0x000000ff94e00000,0x000000ff94f00000)]
  0x0000025b8d1ee800 JavaThread "jar transforms Thread 16" [_thread_blocked, id=2616, stack(0x000000ff94f00000,0x000000ff95000000)]
  0x0000025b8d1ef000 JavaThread "build event listener" [_thread_blocked, id=2668, stack(0x000000ff95000000,0x000000ff95100000)]
  0x0000025b8d1eb000 JavaThread "Memory manager" [_thread_blocked, id=21528, stack(0x000000ff95100000,0x000000ff95200000)]
  0x0000025b8d1ec000 JavaThread "Kotlin DSL Writer" [_thread_blocked, id=24404, stack(0x000000ff91600000,0x000000ff91700000)]
  0x0000025b8fc85800 JavaThread "C1 CompilerThread3" daemon [_thread_blocked, id=5008, stack(0x000000ff8f400000,0x000000ff8f500000)]
  0x0000025b8d0a7800 JavaThread "C2 CompilerThread1" daemon [_thread_blocked, id=11140, stack(0x000000ff8f300000,0x000000ff8f400000)]
=>0x0000025b92021800 JavaThread "C2 CompilerThread2" daemon [_thread_in_native, id=11972, stack(0x000000ff91e00000,0x000000ff91f00000)]

Other Threads:
  0x0000025b8739f800 VMThread "VM Thread" [stack: 0x000000ff8e600000,0x000000ff8e700000] [id=21756]
  0x0000025b87deb000 WatcherThread [stack: 0x000000ff8f200000,0x000000ff8f300000] [id=9336]
  0x0000025be77e2000 GCTaskThread "GC Thread#0" [stack: 0x000000ff8e100000,0x000000ff8e200000] [id=22160]
  0x0000025b88ee3000 GCTaskThread "GC Thread#1" [stack: 0x000000ff8f500000,0x000000ff8f600000] [id=9744]
  0x0000025b8850e000 GCTaskThread "GC Thread#2" [stack: 0x000000ff8f600000,0x000000ff8f700000] [id=18660]
  0x0000025b8953f000 GCTaskThread "GC Thread#3" [stack: 0x000000ff8f700000,0x000000ff8f800000] [id=7952]
  0x0000025b89211000 GCTaskThread "GC Thread#4" [stack: 0x000000ff8f800000,0x000000ff8f900000] [id=23080]
  0x0000025b8929e800 GCTaskThread "GC Thread#5" [stack: 0x000000ff8f900000,0x000000ff8fa00000] [id=16624]
  0x0000025b8a5b9000 GCTaskThread "GC Thread#6" [stack: 0x000000ff90d00000,0x000000ff90e00000] [id=4268]
  0x0000025b8c10d000 GCTaskThread "GC Thread#7" [stack: 0x000000ff90e00000,0x000000ff90f00000] [id=19192]
  0x0000025b8a6a6000 GCTaskThread "GC Thread#8" [stack: 0x000000ff90f00000,0x000000ff91000000] [id=8848]
  0x0000025b8f1d6000 GCTaskThread "GC Thread#9" [stack: 0x000000ff91000000,0x000000ff91100000] [id=20264]
  0x0000025b8a745800 GCTaskThread "GC Thread#10" [stack: 0x000000ff91100000,0x000000ff91200000] [id=2312]
  0x0000025b8a747800 GCTaskThread "GC Thread#11" [stack: 0x000000ff91200000,0x000000ff91300000] [id=17808]
  0x0000025b8a74c800 GCTaskThread "GC Thread#12" [stack: 0x000000ff91300000,0x000000ff91400000] [id=7976]
  0x0000025be77f3800 ConcurrentGCThread "G1 Main Marker" [stack: 0x000000ff8e200000,0x000000ff8e300000] [id=8416]
  0x0000025be77f9000 ConcurrentGCThread "G1 Conc#0" [stack: 0x000000ff8e300000,0x000000ff8e400000] [id=13124]
  0x0000025b8a748000 ConcurrentGCThread "G1 Conc#1" [stack: 0x000000ff91400000,0x000000ff91500000] [id=4652]
  0x0000025b8a746000 ConcurrentGCThread "G1 Conc#2" [stack: 0x000000ff91500000,0x000000ff91600000] [id=10168]
  0x0000025b872bb800 ConcurrentGCThread "G1 Refine#0" [stack: 0x000000ff8e400000,0x000000ff8e500000] [id=22424]
  0x0000025b8d555000 ConcurrentGCThread "G1 Refine#1" [stack: 0x000000ff95500000,0x000000ff95600000] [id=18804]
  0x0000025b91cdf800 ConcurrentGCThread "G1 Refine#2" [stack: 0x000000ff95600000,0x000000ff95700000] [id=1764]
  0x0000025b88770000 ConcurrentGCThread "G1 Refine#3" [stack: 0x000000ff95700000,0x000000ff95800000] [id=18748]
  0x0000025b8ca28000 ConcurrentGCThread "G1 Refine#4" [stack: 0x000000ff95800000,0x000000ff95900000] [id=11712]
  0x0000025b8d379000 ConcurrentGCThread "G1 Refine#5" [stack: 0x000000ff95900000,0x000000ff95a00000] [id=5268]
  0x0000025b89231800 ConcurrentGCThread "G1 Refine#6" [stack: 0x000000ff95a00000,0x000000ff95b00000] [id=8308]
  0x0000025b89314000 ConcurrentGCThread "G1 Refine#7" [stack: 0x000000ff95b00000,0x000000ff95c00000] [id=12332]
  0x0000025b872bc000 ConcurrentGCThread "G1 Young RemSet Sampling" [stack: 0x000000ff8e500000,0x000000ff8e600000] [id=11996]

Threads with active compile tasks:
C2 CompilerThread0     9923 10409       4       java.lang.Class::privateGetPublicMethods (224 bytes)
C2 CompilerThread2     9923 10401       4       sun.reflect.generics.parser.SignatureParser::parsePackageNameAndSimpleClassTypeSignature (119 bytes)

VM state:not at safepoint (normal execution)

VM Mutex/Monitor currently owned by a thread: None

Heap address: 0x0000000080000000, size: 2048 MB, Compressed Oops mode: 32-bit
Narrow klass base: 0x0000000800000000, Narrow klass shift: 3
Compressed class space size: 528482304 Address: 0x0000000800b30000

Heap:
 garbage-first heap   total 168960K, used 108124K [0x0000000080000000, 0x0000000100000000)
  region size 1024K, 21 young (21504K), 4 survivors (4096K)
 Metaspace       used 88822K, capacity 91051K, committed 91264K, reserved 595968K
  class space    used 12055K, capacity 12899K, committed 12928K, reserved 516096K
Heap Regions: E=young(eden), S=young(survivor), O=old, HS=humongous(starts), HC=humongous(continues), CS=collection set, F=free, OA=open archive, CA=closed archive, TAMS=top-at-mark-start (previous, next)
|   0|0x0000000080000000, 0x0000000080100000, 0x0000000080100000|100%| O|  |TAMS 0x0000000080100000, 0x0000000080000000| Untracked 
|   1|0x0000000080100000, 0x0000000080200000, 0x0000000080200000|100%| O|  |TAMS 0x0000000080200000, 0x0000000080100000| Untracked 
|   2|0x0000000080200000, 0x0000000080300000, 0x0000000080300000|100%| O|  |TAMS 0x0000000080300000, 0x0000000080200000| Untracked 
|   3|0x0000000080300000, 0x0000000080400000, 0x0000000080400000|100%|HS|  |TAMS 0x0000000080400000, 0x0000000080300000| Complete 
|   4|0x0000000080400000, 0x0000000080500000, 0x0000000080500000|100%|HC|  |TAMS 0x0000000080500000, 0x0000000080400000| Complete 
|   5|0x0000000080500000, 0x0000000080600000, 0x0000000080600000|100%|HC|  |TAMS 0x0000000080600000, 0x0000000080500000| Complete 
|   6|0x0000000080600000, 0x0000000080700000, 0x0000000080700000|100%| O|  |TAMS 0x0000000080700000, 0x0000000080600000| Untracked 
|   7|0x0000000080700000, 0x0000000080800000, 0x0000000080800000|100%| O|  |TAMS 0x0000000080800000, 0x0000000080700000| Untracked 
|   8|0x0000000080800000, 0x0000000080900000, 0x0000000080900000|100%| O|  |TAMS 0x0000000080900000, 0x0000000080800000| Untracked 
|   9|0x0000000080900000, 0x0000000080a00000, 0x0000000080a00000|100%| O|  |TAMS 0x0000000080a00000, 0x0000000080900000| Untracked 
|  10|0x0000000080a00000, 0x0000000080b00000, 0x0000000080b00000|100%| O|  |TAMS 0x0000000080b00000, 0x0000000080a00000| Untracked 
|  11|0x0000000080b00000, 0x0000000080c00000, 0x0000000080c00000|100%| O|  |TAMS 0x0000000080c00000, 0x0000000080b00000| Untracked 
|  12|0x0000000080c00000, 0x0000000080d00000, 0x0000000080d00000|100%| O|  |TAMS 0x0000000080d00000, 0x0000000080c00000| Untracked 
|  13|0x0000000080d00000, 0x0000000080e00000, 0x0000000080e00000|100%| O|  |TAMS 0x0000000080e00000, 0x0000000080d00000| Untracked 
|  14|0x0000000080e00000, 0x0000000080f00000, 0x0000000080f00000|100%| O|  |TAMS 0x0000000080f00000, 0x0000000080e00000| Untracked 
|  15|0x0000000080f00000, 0x0000000081000000, 0x0000000081000000|100%| O|  |TAMS 0x0000000081000000, 0x0000000080f00000| Untracked 
|  16|0x0000000081000000, 0x0000000081100000, 0x0000000081100000|100%| O|  |TAMS 0x0000000081100000, 0x0000000081000000| Untracked 
|  17|0x0000000081100000, 0x0000000081200000, 0x0000000081200000|100%| O|  |TAMS 0x0000000081200000, 0x0000000081100000| Untracked 
|  18|0x0000000081200000, 0x0000000081300000, 0x0000000081300000|100%| O|  |TAMS 0x0000000081300000, 0x0000000081200000| Untracked 
|  19|0x0000000081300000, 0x0000000081400000, 0x0000000081400000|100%| O|  |TAMS 0x0000000081400000, 0x0000000081300000| Untracked 
|  20|0x0000000081400000, 0x0000000081500000, 0x0000000081500000|100%| O|  |TAMS 0x0000000081500000, 0x0000000081400000| Untracked 
|  21|0x0000000081500000, 0x0000000081600000, 0x0000000081600000|100%| O|  |TAMS 0x0000000081600000, 0x0000000081500000| Untracked 
|  22|0x0000000081600000, 0x0000000081700000, 0x0000000081700000|100%| O|  |TAMS 0x0000000081700000, 0x0000000081600000| Untracked 
|  23|0x0000000081700000, 0x0000000081800000, 0x0000000081800000|100%| O|  |TAMS 0x0000000081800000, 0x0000000081700000| Untracked 
|  24|0x0000000081800000, 0x0000000081900000, 0x0000000081900000|100%| O|  |TAMS 0x0000000081900000, 0x0000000081800000| Untracked 
|  25|0x0000000081900000, 0x0000000081a00000, 0x0000000081a00000|100%| O|  |TAMS 0x0000000081a00000, 0x0000000081900000| Untracked 
|  26|0x0000000081a00000, 0x0000000081b00000, 0x0000000081b00000|100%| O|  |TAMS 0x0000000081b00000, 0x0000000081a00000| Untracked 
|  27|0x0000000081b00000, 0x0000000081c00000, 0x0000000081c00000|100%| O|  |TAMS 0x0000000081c00000, 0x0000000081b00000| Untracked 
|  28|0x0000000081c00000, 0x0000000081d00000, 0x0000000081d00000|100%| O|  |TAMS 0x0000000081d00000, 0x0000000081c00000| Untracked 
|  29|0x0000000081d00000, 0x0000000081e00000, 0x0000000081e00000|100%| O|  |TAMS 0x0000000081e00000, 0x0000000081d00000| Untracked 
|  30|0x0000000081e00000, 0x0000000081f00000, 0x0000000081f00000|100%| O|  |TAMS 0x0000000081f00000, 0x0000000081e00000| Untracked 
|  31|0x0000000081f00000, 0x0000000082000000, 0x0000000082000000|100%| O|  |TAMS 0x0000000082000000, 0x0000000081f00000| Untracked 
|  32|0x0000000082000000, 0x0000000082100000, 0x0000000082100000|100%| O|  |TAMS 0x0000000082100000, 0x0000000082000000| Untracked 
|  33|0x0000000082100000, 0x0000000082200000, 0x0000000082200000|100%| O|  |TAMS 0x0000000082200000, 0x0000000082100000| Untracked 
|  34|0x0000000082200000, 0x0000000082300000, 0x0000000082300000|100%| O|  |TAMS 0x0000000082300000, 0x0000000082200000| Untracked 
|  35|0x0000000082300000, 0x0000000082400000, 0x0000000082400000|100%| O|  |TAMS 0x0000000082400000, 0x0000000082300000| Untracked 
|  36|0x0000000082400000, 0x0000000082500000, 0x0000000082500000|100%| O|  |TAMS 0x0000000082500000, 0x0000000082400000| Untracked 
|  37|0x0000000082500000, 0x0000000082600000, 0x0000000082600000|100%| O|  |TAMS 0x0000000082600000, 0x0000000082500000| Untracked 
|  38|0x0000000082600000, 0x0000000082700000, 0x0000000082700000|100%| O|  |TAMS 0x0000000082700000, 0x0000000082600000| Untracked 
|  39|0x0000000082700000, 0x0000000082800000, 0x0000000082800000|100%| O|  |TAMS 0x0000000082800000, 0x0000000082700000| Untracked 
|  40|0x0000000082800000, 0x0000000082900000, 0x0000000082900000|100%| O|  |TAMS 0x0000000082900000, 0x0000000082800000| Untracked 
|  41|0x0000000082900000, 0x0000000082a00000, 0x0000000082a00000|100%| O|  |TAMS 0x0000000082a00000, 0x0000000082900000| Untracked 
|  42|0x0000000082a00000, 0x0000000082b00000, 0x0000000082b00000|100%| O|  |TAMS 0x0000000082b00000, 0x0000000082a00000| Untracked 
|  43|0x0000000082b00000, 0x0000000082c00000, 0x0000000082c00000|100%| O|  |TAMS 0x0000000082c00000, 0x0000000082b00000| Untracked 
|  44|0x0000000082c00000, 0x0000000082d00000, 0x0000000082d00000|100%| O|  |TAMS 0x0000000082d00000, 0x0000000082c00000| Untracked 
|  45|0x0000000082d00000, 0x0000000082e00000, 0x0000000082e00000|100%|HS|  |TAMS 0x0000000082e00000, 0x0000000082d00000| Complete 
|  46|0x0000000082e00000, 0x0000000082f00000, 0x0000000082f00000|100%|HS|  |TAMS 0x0000000082f00000, 0x0000000082e00000| Complete 
|  47|0x0000000082f00000, 0x0000000083000000, 0x0000000083000000|100%|HC|  |TAMS 0x0000000083000000, 0x0000000082f00000| Complete 
|  48|0x0000000083000000, 0x0000000083100000, 0x0000000083100000|100%|HC|  |TAMS 0x0000000083100000, 0x0000000083000000| Complete 
|  49|0x0000000083100000, 0x0000000083200000, 0x0000000083200000|100%| O|  |TAMS 0x0000000083200000, 0x0000000083100000| Untracked 
|  50|0x0000000083200000, 0x0000000083300000, 0x0000000083300000|100%| O|  |TAMS 0x0000000083300000, 0x0000000083200000| Untracked 
|  51|0x0000000083300000, 0x0000000083400000, 0x0000000083400000|100%| O|  |TAMS 0x0000000083400000, 0x0000000083300000| Untracked 
|  52|0x0000000083400000, 0x0000000083500000, 0x0000000083500000|100%| O|  |TAMS 0x0000000083500000, 0x0000000083400000| Untracked 
|  53|0x0000000083500000, 0x0000000083600000, 0x0000000083600000|100%| O|  |TAMS 0x0000000083600000, 0x0000000083500000| Untracked 
|  54|0x0000000083600000, 0x0000000083700000, 0x0000000083700000|100%| O|  |TAMS 0x0000000083700000, 0x0000000083600000| Untracked 
|  55|0x0000000083700000, 0x0000000083800000, 0x0000000083800000|100%| O|  |TAMS 0x0000000083800000, 0x0000000083700000| Untracked 
|  56|0x0000000083800000, 0x0000000083900000, 0x0000000083900000|100%|HS|  |TAMS 0x0000000083900000, 0x0000000083800000| Complete 
|  57|0x0000000083900000, 0x0000000083a00000, 0x0000000083a00000|100%|HC|  |TAMS 0x0000000083a00000, 0x0000000083900000| Complete 
|  58|0x0000000083a00000, 0x0000000083b00000, 0x0000000083b00000|100%|HC|  |TAMS 0x0000000083b00000, 0x0000000083a00000| Complete 
|  59|0x0000000083b00000, 0x0000000083c00000, 0x0000000083c00000|100%| O|  |TAMS 0x0000000083c00000, 0x0000000083b00000| Untracked 
|  60|0x0000000083c00000, 0x0000000083d00000, 0x0000000083d00000|100%| O|  |TAMS 0x0000000083d00000, 0x0000000083c00000| Untracked 
|  61|0x0000000083d00000, 0x0000000083e00000, 0x0000000083e00000|100%| O|  |TAMS 0x0000000083e00000, 0x0000000083d00000| Untracked 
|  62|0x0000000083e00000, 0x0000000083f00000, 0x0000000083f00000|100%| O|  |TAMS 0x0000000083f00000, 0x0000000083e00000| Untracked 
|  63|0x0000000083f00000, 0x0000000084000000, 0x0000000084000000|100%| O|  |TAMS 0x0000000084000000, 0x0000000083f00000| Untracked 
|  64|0x0000000084000000, 0x0000000084100000, 0x0000000084100000|100%| O|  |TAMS 0x0000000084100000, 0x0000000084000000| Untracked 
|  65|0x0000000084100000, 0x0000000084200000, 0x0000000084200000|100%| O|  |TAMS 0x0000000084200000, 0x0000000084100000| Untracked 
|  66|0x0000000084200000, 0x0000000084300000, 0x0000000084300000|100%| O|  |TAMS 0x0000000084300000, 0x0000000084200000| Untracked 
|  67|0x0000000084300000, 0x0000000084400000, 0x0000000084400000|100%| O|  |TAMS 0x0000000084400000, 0x0000000084300000| Untracked 
|  68|0x0000000084400000, 0x0000000084500000, 0x0000000084500000|100%| O|  |TAMS 0x0000000084500000, 0x0000000084400000| Untracked 
|  69|0x0000000084500000, 0x0000000084600000, 0x0000000084600000|100%| O|  |TAMS 0x0000000084600000, 0x0000000084500000| Untracked 
|  70|0x0000000084600000, 0x0000000084700000, 0x0000000084700000|100%| O|  |TAMS 0x0000000084700000, 0x0000000084600000| Untracked 
|  71|0x0000000084700000, 0x0000000084800000, 0x0000000084800000|100%| O|  |TAMS 0x0000000084800000, 0x0000000084700000| Untracked 
|  72|0x0000000084800000, 0x0000000084900000, 0x0000000084900000|100%| O|  |TAMS 0x0000000084900000, 0x0000000084800000| Untracked 
|  73|0x0000000084900000, 0x0000000084a00000, 0x0000000084a00000|100%| O|  |TAMS 0x0000000084a00000, 0x0000000084900000| Untracked 
|  74|0x0000000084a00000, 0x0000000084b00000, 0x0000000084b00000|100%| O|  |TAMS 0x0000000084b00000, 0x0000000084a00000| Untracked 
|  75|0x0000000084b00000, 0x0000000084c00000, 0x0000000084c00000|100%| O|  |TAMS 0x0000000084c00000, 0x0000000084b00000| Untracked 
|  76|0x0000000084c00000, 0x0000000084d00000, 0x0000000084d00000|100%| O|  |TAMS 0x0000000084d00000, 0x0000000084c00000| Untracked 
|  77|0x0000000084d00000, 0x0000000084e00000, 0x0000000084e00000|100%| O|  |TAMS 0x0000000084e00000, 0x0000000084d00000| Untracked 
|  78|0x0000000084e00000, 0x0000000084f00000, 0x0000000084f00000|100%| O|  |TAMS 0x0000000084f00000, 0x0000000084e00000| Untracked 
|  79|0x0000000084f00000, 0x0000000085000000, 0x0000000085000000|100%| O|  |TAMS 0x0000000085000000, 0x0000000084f00000| Untracked 
|  80|0x0000000085000000, 0x0000000085100000, 0x0000000085100000|100%| O|  |TAMS 0x0000000085100000, 0x0000000085000000| Untracked 
|  81|0x0000000085100000, 0x0000000085200000, 0x0000000085200000|100%| O|  |TAMS 0x0000000085200000, 0x0000000085100000| Untracked 
|  82|0x0000000085200000, 0x0000000085300000, 0x0000000085300000|100%| O|  |TAMS 0x0000000085236e00, 0x0000000085200000| Untracked 
|  83|0x0000000085300000, 0x0000000085400000, 0x0000000085400000|100%| O|  |TAMS 0x0000000085300000, 0x0000000085300000| Untracked 
|  84|0x0000000085400000, 0x0000000085500000, 0x0000000085500000|100%| O|  |TAMS 0x0000000085400000, 0x0000000085400000| Untracked 
|  85|0x0000000085500000, 0x00000000855f2000, 0x0000000085600000| 94%| O|  |TAMS 0x0000000085500000, 0x0000000085500000| Untracked 
|  86|0x0000000085600000, 0x0000000085600000, 0x0000000085700000|  0%| F|  |TAMS 0x0000000085600000, 0x0000000085600000| Untracked 
|  87|0x0000000085700000, 0x0000000085700000, 0x0000000085800000|  0%| F|  |TAMS 0x0000000085700000, 0x0000000085700000| Untracked 
|  88|0x0000000085800000, 0x0000000085800000, 0x0000000085900000|  0%| F|  |TAMS 0x0000000085800000, 0x0000000085800000| Untracked 
|  89|0x0000000085900000, 0x0000000085900000, 0x0000000085a00000|  0%| F|  |TAMS 0x0000000085900000, 0x0000000085900000| Untracked 
|  90|0x0000000085a00000, 0x0000000085a00000, 0x0000000085b00000|  0%| F|  |TAMS 0x0000000085a00000, 0x0000000085a00000| Untracked 
|  91|0x0000000085b00000, 0x0000000085b00000, 0x0000000085c00000|  0%| F|  |TAMS 0x0000000085b00000, 0x0000000085b00000| Untracked 
|  92|0x0000000085c00000, 0x0000000085c00000, 0x0000000085d00000|  0%| F|  |TAMS 0x0000000085c00000, 0x0000000085c00000| Untracked 
|  93|0x0000000085d00000, 0x0000000085d00000, 0x0000000085e00000|  0%| F|  |TAMS 0x0000000085d00000, 0x0000000085d00000| Untracked 
|  94|0x0000000085e00000, 0x0000000085e00000, 0x0000000085f00000|  0%| F|  |TAMS 0x0000000085e00000, 0x0000000085e00000| Untracked 
|  95|0x0000000085f00000, 0x0000000085f00000, 0x0000000086000000|  0%| F|  |TAMS 0x0000000085f00000, 0x0000000085f00000| Untracked 
|  96|0x0000000086000000, 0x0000000086000000, 0x0000000086100000|  0%| F|  |TAMS 0x0000000086000000, 0x0000000086000000| Untracked 
|  97|0x0000000086100000, 0x0000000086100000, 0x0000000086200000|  0%| F|  |TAMS 0x0000000086100000, 0x0000000086100000| Untracked 
|  98|0x0000000086200000, 0x0000000086200000, 0x0000000086300000|  0%| F|  |TAMS 0x0000000086200000, 0x0000000086200000| Untracked 
|  99|0x0000000086300000, 0x0000000086300000, 0x0000000086400000|  0%| F|  |TAMS 0x0000000086300000, 0x0000000086300000| Untracked 
| 100|0x0000000086400000, 0x0000000086400000, 0x0000000086500000|  0%| F|  |TAMS 0x0000000086400000, 0x0000000086400000| Untracked 
| 101|0x0000000086500000, 0x0000000086500000, 0x0000000086600000|  0%| F|  |TAMS 0x0000000086500000, 0x0000000086500000| Untracked 
| 102|0x0000000086600000, 0x0000000086600000, 0x0000000086700000|  0%| F|  |TAMS 0x0000000086600000, 0x0000000086600000| Untracked 
| 103|0x0000000086700000, 0x0000000086700000, 0x0000000086800000|  0%| F|  |TAMS 0x0000000086700000, 0x0000000086700000| Untracked 
| 104|0x0000000086800000, 0x0000000086800000, 0x0000000086900000|  0%| F|  |TAMS 0x0000000086800000, 0x0000000086800000| Untracked 
| 105|0x0000000086900000, 0x0000000086900000, 0x0000000086a00000|  0%| F|  |TAMS 0x0000000086900000, 0x0000000086900000| Untracked 
| 106|0x0000000086a00000, 0x0000000086a00000, 0x0000000086b00000|  0%| F|  |TAMS 0x0000000086a00000, 0x0000000086a00000| Untracked 
| 107|0x0000000086b00000, 0x0000000086b00000, 0x0000000086c00000|  0%| F|  |TAMS 0x0000000086b00000, 0x0000000086b00000| Untracked 
| 108|0x0000000086c00000, 0x0000000086c00000, 0x0000000086d00000|  0%| F|  |TAMS 0x0000000086c00000, 0x0000000086c00000| Untracked 
| 109|0x0000000086d00000, 0x0000000086d00000, 0x0000000086e00000|  0%| F|  |TAMS 0x0000000086d00000, 0x0000000086d00000| Untracked 
| 110|0x0000000086e00000, 0x0000000086e00000, 0x0000000086f00000|  0%| F|  |TAMS 0x0000000086e00000, 0x0000000086e00000| Untracked 
| 111|0x0000000086f00000, 0x0000000086f00000, 0x0000000087000000|  0%| F|  |TAMS 0x0000000086f00000, 0x0000000086f00000| Untracked 
| 112|0x0000000087000000, 0x0000000087000000, 0x0000000087100000|  0%| F|  |TAMS 0x0000000087000000, 0x0000000087000000| Untracked 
| 113|0x0000000087100000, 0x0000000087100000, 0x0000000087200000|  0%| F|  |TAMS 0x0000000087100000, 0x0000000087100000| Untracked 
| 114|0x0000000087200000, 0x0000000087200000, 0x0000000087300000|  0%| F|  |TAMS 0x0000000087200000, 0x0000000087200000| Untracked 
| 115|0x0000000087300000, 0x00000000873a50c0, 0x0000000087400000| 64%| S|CS|TAMS 0x0000000087300000, 0x0000000087300000| Complete 
| 116|0x0000000087400000, 0x0000000087500000, 0x0000000087500000|100%| S|CS|TAMS 0x0000000087400000, 0x0000000087400000| Complete 
| 117|0x0000000087500000, 0x0000000087600000, 0x0000000087600000|100%| S|CS|TAMS 0x0000000087500000, 0x0000000087500000| Complete 
| 118|0x0000000087600000, 0x0000000087700000, 0x0000000087700000|100%| S|CS|TAMS 0x0000000087600000, 0x0000000087600000| Complete 
| 119|0x0000000087700000, 0x0000000087700000, 0x0000000087800000|  0%| F|  |TAMS 0x0000000087700000, 0x0000000087700000| Untracked 
| 120|0x0000000087800000, 0x0000000087800000, 0x0000000087900000|  0%| F|  |TAMS 0x0000000087800000, 0x0000000087800000| Untracked 
| 121|0x0000000087900000, 0x0000000087900000, 0x0000000087a00000|  0%| F|  |TAMS 0x0000000087900000, 0x0000000087900000| Untracked 
| 122|0x0000000087a00000, 0x0000000087a00000, 0x0000000087b00000|  0%| F|  |TAMS 0x0000000087a00000, 0x0000000087a00000| Untracked 
| 123|0x0000000087b00000, 0x0000000087b00000, 0x0000000087c00000|  0%| F|  |TAMS 0x0000000087b00000, 0x0000000087b00000| Untracked 
| 124|0x0000000087c00000, 0x0000000087c00000, 0x0000000087d00000|  0%| F|  |TAMS 0x0000000087c00000, 0x0000000087c00000| Untracked 
| 125|0x0000000087d00000, 0x0000000087d00000, 0x0000000087e00000|  0%| F|  |TAMS 0x0000000087d00000, 0x0000000087d00000| Untracked 
| 126|0x0000000087e00000, 0x0000000087e00000, 0x0000000087f00000|  0%| F|  |TAMS 0x0000000087e00000, 0x0000000087e00000| Untracked 
| 127|0x0000000087f00000, 0x0000000087f00000, 0x0000000088000000|  0%| F|  |TAMS 0x0000000087f00000, 0x0000000087f00000| Untracked 
| 128|0x0000000088000000, 0x0000000088000000, 0x0000000088100000|  0%| F|  |TAMS 0x0000000088000000, 0x0000000088000000| Untracked 
| 129|0x0000000088100000, 0x0000000088100000, 0x0000000088200000|  0%| F|  |TAMS 0x0000000088100000, 0x0000000088100000| Untracked 
| 130|0x0000000088200000, 0x0000000088200000, 0x0000000088300000|  0%| F|  |TAMS 0x0000000088200000, 0x0000000088200000| Untracked 
| 131|0x0000000088300000, 0x0000000088300000, 0x0000000088400000|  0%| F|  |TAMS 0x0000000088300000, 0x0000000088300000| Untracked 
| 132|0x0000000088400000, 0x0000000088400000, 0x0000000088500000|  0%| F|  |TAMS 0x0000000088400000, 0x0000000088400000| Untracked 
| 133|0x0000000088500000, 0x0000000088500000, 0x0000000088600000|  0%| F|  |TAMS 0x0000000088500000, 0x0000000088500000| Untracked 
| 134|0x0000000088600000, 0x0000000088600000, 0x0000000088700000|  0%| F|  |TAMS 0x0000000088600000, 0x0000000088600000| Untracked 
| 135|0x0000000088700000, 0x0000000088700000, 0x0000000088800000|  0%| F|  |TAMS 0x0000000088700000, 0x0000000088700000| Untracked 
| 136|0x0000000088800000, 0x0000000088800000, 0x0000000088900000|  0%| F|  |TAMS 0x0000000088800000, 0x0000000088800000| Untracked 
| 137|0x0000000088900000, 0x0000000088900000, 0x0000000088a00000|  0%| F|  |TAMS 0x0000000088900000, 0x0000000088900000| Untracked 
| 138|0x0000000088a00000, 0x0000000088a00000, 0x0000000088b00000|  0%| F|  |TAMS 0x0000000088a00000, 0x0000000088a00000| Untracked 
| 139|0x0000000088b00000, 0x0000000088b00000, 0x0000000088c00000|  0%| F|  |TAMS 0x0000000088b00000, 0x0000000088b00000| Untracked 
| 140|0x0000000088c00000, 0x0000000088c00000, 0x0000000088d00000|  0%| F|  |TAMS 0x0000000088c00000, 0x0000000088c00000| Untracked 
| 141|0x0000000088d00000, 0x0000000088d00000, 0x0000000088e00000|  0%| F|  |TAMS 0x0000000088d00000, 0x0000000088d00000| Untracked 
| 142|0x0000000088e00000, 0x0000000088e00000, 0x0000000088f00000|  0%| F|  |TAMS 0x0000000088e00000, 0x0000000088e00000| Untracked 
| 143|0x0000000088f00000, 0x0000000088f00000, 0x0000000089000000|  0%| F|  |TAMS 0x0000000088f00000, 0x0000000088f00000| Untracked 
| 144|0x0000000089000000, 0x0000000089000000, 0x0000000089100000|  0%| F|  |TAMS 0x0000000089000000, 0x0000000089000000| Untracked 
| 145|0x0000000089100000, 0x0000000089100000, 0x0000000089200000|  0%| F|  |TAMS 0x0000000089100000, 0x0000000089100000| Untracked 
| 146|0x0000000089200000, 0x0000000089200000, 0x0000000089300000|  0%| F|  |TAMS 0x0000000089200000, 0x0000000089200000| Untracked 
| 147|0x0000000089300000, 0x000000008930b888, 0x0000000089400000|  4%| E|  |TAMS 0x0000000089300000, 0x0000000089300000| Complete 
| 148|0x0000000089400000, 0x0000000089500000, 0x0000000089500000|100%| E|CS|TAMS 0x0000000089400000, 0x0000000089400000| Complete 
| 149|0x0000000089500000, 0x0000000089600000, 0x0000000089600000|100%| E|CS|TAMS 0x0000000089500000, 0x0000000089500000| Complete 
| 150|0x0000000089600000, 0x0000000089700000, 0x0000000089700000|100%| E|CS|TAMS 0x0000000089600000, 0x0000000089600000| Complete 
| 151|0x0000000089700000, 0x0000000089800000, 0x0000000089800000|100%| E|CS|TAMS 0x0000000089700000, 0x0000000089700000| Complete 
| 152|0x0000000089800000, 0x0000000089900000, 0x0000000089900000|100%| E|CS|TAMS 0x0000000089800000, 0x0000000089800000| Complete 
| 153|0x0000000089900000, 0x0000000089a00000, 0x0000000089a00000|100%| E|CS|TAMS 0x0000000089900000, 0x0000000089900000| Complete 
| 154|0x0000000089a00000, 0x0000000089b00000, 0x0000000089b00000|100%| E|CS|TAMS 0x0000000089a00000, 0x0000000089a00000| Complete 
| 155|0x0000000089b00000, 0x0000000089c00000, 0x0000000089c00000|100%| E|CS|TAMS 0x0000000089b00000, 0x0000000089b00000| Complete 
| 156|0x0000000089c00000, 0x0000000089d00000, 0x0000000089d00000|100%| E|CS|TAMS 0x0000000089c00000, 0x0000000089c00000| Complete 
| 157|0x0000000089d00000, 0x0000000089e00000, 0x0000000089e00000|100%| E|CS|TAMS 0x0000000089d00000, 0x0000000089d00000| Complete 
| 158|0x0000000089e00000, 0x0000000089f00000, 0x0000000089f00000|100%| E|CS|TAMS 0x0000000089e00000, 0x0000000089e00000| Complete 
| 159|0x0000000089f00000, 0x000000008a000000, 0x000000008a000000|100%| E|CS|TAMS 0x0000000089f00000, 0x0000000089f00000| Complete 
| 160|0x000000008a000000, 0x000000008a100000, 0x000000008a100000|100%| E|CS|TAMS 0x000000008a000000, 0x000000008a000000| Complete 
| 161|0x000000008a100000, 0x000000008a200000, 0x000000008a200000|100%| E|CS|TAMS 0x000000008a100000, 0x000000008a100000| Complete 
| 162|0x000000008a200000, 0x000000008a300000, 0x000000008a300000|100%| E|CS|TAMS 0x000000008a200000, 0x000000008a200000| Complete 
| 163|0x000000008a300000, 0x000000008a400000, 0x000000008a400000|100%| E|CS|TAMS 0x000000008a300000, 0x000000008a300000| Complete 
| 251|0x000000008fb00000, 0x000000008fc00000, 0x000000008fc00000|100%| E|CS|TAMS 0x000000008fb00000, 0x000000008fb00000| Complete 

Card table byte_map: [0x0000025bffbe0000,0x0000025bfffe0000] _byte_map_base: 0x0000025bff7e0000

Marking Bits (Prev, Next): (CMBitMap*) 0x0000025be77e2d38, (CMBitMap*) 0x0000025be77e2d78
 Prev Bits: [0x0000025b80400000, 0x0000025b82400000)
 Next Bits: [0x0000025b82400000, 0x0000025b84400000)

Polling page: 0x0000025be5780000

Metaspace:

Usage:
  Non-class:     76.38 MB capacity,    75.02 MB ( 98%) used,     1.11 MB (  1%) free+waste,   254.50 KB ( <1%) overhead. 
      Class:     12.63 MB capacity,    11.78 MB ( 93%) used,   748.69 KB (  6%) free+waste,   123.00 KB ( <1%) overhead. 
       Both:     89.01 MB capacity,    86.80 MB ( 98%) used,     1.84 MB (  2%) free+waste,   377.50 KB ( <1%) overhead. 

Virtual space:
  Non-class space:       78.00 MB reserved,      76.50 MB ( 98%) committed 
      Class space:      504.00 MB reserved,      12.75 MB (  3%) committed 
             Both:      582.00 MB reserved,      89.25 MB ( 15%) committed 

Chunk freelists:
   Non-Class:  56.00 KB
       Class:  29.00 KB
        Both:  85.00 KB

MaxMetaspaceSize: 512.00 MB
CompressedClassSpaceSize: 504.00 MB

CodeHeap 'non-profiled nmethods': size=119168Kb used=5936Kb max_used=5936Kb free=113231Kb
 bounds [0x0000025bf7ae0000, 0x0000025bf80b0000, 0x0000025bfef40000]
CodeHeap 'profiled nmethods': size=119104Kb used=20318Kb max_used=20318Kb free=98785Kb
 bounds [0x0000025bf0690000, 0x0000025bf1a70000, 0x0000025bf7ae0000]
CodeHeap 'non-nmethods': size=7488Kb used=4137Kb max_used=4187Kb free=3350Kb
 bounds [0x0000025beff40000, 0x0000025bf0360000, 0x0000025bf0690000]
 total_blobs=10009 nmethods=9074 adapters=843
 compilation: enabled
              stopped_count=0, restarted_count=0
 full_count=0

Compilation events (20 events):
Event: 9.832 Thread 0x0000025b873d1800 nmethod 10396 0x0000025bf1a5a910 code [0x0000025bf1a5ab00, 0x0000025bf1a5b0f8]
Event: 9.832 Thread 0x0000025b873d1800 10399       3       org.jetbrains.kotlin.com.intellij.util.containers.ConcurrentWeakKeySoftValueHashMap$HardKey::access$200 (5 bytes)
Event: 9.832 Thread 0x0000025b873d1800 nmethod 10399 0x0000025bf1a5b310 code [0x0000025bf1a5b4a0, 0x0000025bf1a5b618]
Event: 9.832 Thread 0x0000025b87d70800 nmethod 10395 0x0000025bf1a5b710 code [0x0000025bf1a5b920, 0x0000025bf1a5c0b8]
Event: 9.832 Thread 0x0000025b873d1800 10400       3       org.jetbrains.kotlin.com.intellij.util.containers.ConcurrentWeakKeySoftValueHashMap$HardKey::clear (6 bytes)
Event: 9.832 Thread 0x0000025b87f3f000 nmethod 10394 0x0000025bf1a5c410 code [0x0000025bf1a5c700, 0x0000025bf1a5d768]
Event: 9.832 Thread 0x0000025b873d1800 nmethod 10400 0x0000025bf1a5dd10 code [0x0000025bf1a5dea0, 0x0000025bf1a5dfd8]
Event: 9.832 Thread 0x0000025b8fc85800 nmethod 10398 0x0000025bf1a5e090 code [0x0000025bf1a5e340, 0x0000025bf1a5f328]
Event: 9.833 Thread 0x0000025b92021800 10401       4       sun.reflect.generics.parser.SignatureParser::parsePackageNameAndSimpleClassTypeSignature (119 bytes)
Event: 9.855 Thread 0x0000025b873c1000 10402       4       java.security.SecureClassLoader$CodeSourceKey::hashCode (21 bytes)
Event: 9.858 Thread 0x0000025b873c1000 nmethod 10402 0x0000025bf80a8810 code [0x0000025bf80a89c0, 0x0000025bf80a8ca8]
Event: 9.870 Thread 0x0000025b873c1000 10403       4       java.lang.reflect.Method::hasGenericInformation (13 bytes)
Event: 9.870 Thread 0x0000025b873c1000 nmethod 10403 0x0000025bf80a8e10 code [0x0000025bf80a8f80, 0x0000025bf80a8ff8]
Event: 9.870 Thread 0x0000025b8d0a7800 10404       4       java.util.LinkedHashMap::valuesToArray (38 bytes)
Event: 9.872 Thread 0x0000025b8d0a7800 nmethod 10404 0x0000025bf80a9110 code [0x0000025bf80a92a0, 0x0000025bf80a94d8]
Event: 9.889 Thread 0x0000025b873d1800 10405       3       kotlin.collections.CollectionsKt__MutableCollectionsKt::addAll (56 bytes)
Event: 9.889 Thread 0x0000025b873c1000 10406       4       java.lang.String::startsWith (138 bytes)
Event: 9.889 Thread 0x0000025b873d1800 nmethod 10405 0x0000025bf1a5f790 code [0x0000025bf1a5fa80, 0x0000025bf1a60998]
Event: 9.892 Thread 0x0000025b873c1000 nmethod 10406 0x0000025bf80a9610 code [0x0000025bf80a97e0, 0x0000025bf80a9bd8]
Event: 9.896 Thread 0x0000025b8d0a7800 10407       4       java.lang.AbstractStringBuilder::<init> (63 bytes)

GC Heap History (20 events):
Event: 7.712 GC heap before
{Heap before GC invocations=26 (full 0):
 garbage-first heap   total 114688K, used 101546K [0x0000000080000000, 0x0000000100000000)
  region size 1024K, 40 young (40960K), 3 survivors (3072K)
 Metaspace       used 66035K, capacity 68130K, committed 68352K, reserved 575488K
  class space    used 9085K, capacity 9885K, committed 9984K, reserved 516096K
}
Event: 7.714 GC heap after
{Heap after GC invocations=27 (full 0):
 garbage-first heap   total 114688K, used 59062K [0x0000000080000000, 0x0000000100000000)
  region size 1024K, 3 young (3072K), 3 survivors (3072K)
 Metaspace       used 66035K, capacity 68130K, committed 68352K, reserved 575488K
  class space    used 9085K, capacity 9885K, committed 9984K, reserved 516096K
}
Event: 7.941 GC heap before
{Heap before GC invocations=27 (full 0):
 garbage-first heap   total 114688K, used 97974K [0x0000000080000000, 0x0000000100000000)
  region size 1024K, 41 young (41984K), 3 survivors (3072K)
 Metaspace       used 69718K, capacity 71746K, committed 71936K, reserved 577536K
  class space    used 9895K, capacity 10685K, committed 10752K, reserved 516096K
}
Event: 7.943 GC heap after
{Heap after GC invocations=28 (full 0):
 garbage-first heap   total 114688K, used 59642K [0x0000000080000000, 0x0000000100000000)
  region size 1024K, 4 young (4096K), 4 survivors (4096K)
 Metaspace       used 69718K, capacity 71746K, committed 71936K, reserved 577536K
  class space    used 9895K, capacity 10685K, committed 10752K, reserved 516096K
}
Event: 8.226 GC heap before
{Heap before GC invocations=29 (full 0):
 garbage-first heap   total 114688K, used 96506K [0x0000000080000000, 0x0000000100000000)
  region size 1024K, 41 young (41984K), 4 survivors (4096K)
 Metaspace       used 71092K, capacity 73207K, committed 73344K, reserved 579584K
  class space    used 10022K, capacity 10827K, committed 10880K, reserved 516096K
}
Event: 8.229 GC heap after
{Heap after GC invocations=30 (full 0):
 garbage-first heap   total 114688K, used 59948K [0x0000000080000000, 0x0000000100000000)
  region size 1024K, 3 young (3072K), 3 survivors (3072K)
 Metaspace       used 71092K, capacity 73207K, committed 73344K, reserved 579584K
  class space    used 10022K, capacity 10827K, committed 10880K, reserved 516096K
}
Event: 8.445 GC heap before
{Heap before GC invocations=30 (full 0):
 garbage-first heap   total 114688K, used 98860K [0x0000000080000000, 0x0000000100000000)
  region size 1024K, 41 young (41984K), 3 survivors (3072K)
 Metaspace       used 74187K, capacity 76279K, committed 76544K, reserved 581632K
  class space    used 10420K, capacity 11236K, committed 11264K, reserved 516096K
}
Event: 8.447 GC heap after
{Heap after GC invocations=31 (full 0):
 garbage-first heap   total 138240K, used 60495K [0x0000000080000000, 0x0000000100000000)
  region size 1024K, 4 young (4096K), 4 survivors (4096K)
 Metaspace       used 74187K, capacity 76279K, committed 76544K, reserved 581632K
  class space    used 10420K, capacity 11236K, committed 11264K, reserved 516096K
}
Event: 8.786 GC heap before
{Heap before GC invocations=32 (full 0):
 garbage-first heap   total 138240K, used 112719K [0x0000000080000000, 0x0000000100000000)
  region size 1024K, 53 young (54272K), 4 survivors (4096K)
 Metaspace       used 78580K, capacity 80714K, committed 81024K, reserved 585728K
  class space    used 10961K, capacity 11807K, committed 11904K, reserved 516096K
}
Event: 8.790 GC heap after
{Heap after GC invocations=33 (full 0):
 garbage-first heap   total 138240K, used 68890K [0x0000000080000000, 0x0000000100000000)
  region size 1024K, 8 young (8192K), 8 survivors (8192K)
 Metaspace       used 78580K, capacity 80714K, committed 81024K, reserved 585728K
  class space    used 10961K, capacity 11807K, committed 11904K, reserved 516096K
}
Event: 8.996 GC heap before
{Heap before GC invocations=34 (full 0):
 garbage-first heap   total 138240K, used 99610K [0x0000000080000000, 0x0000000100000000)
  region size 1024K, 34 young (34816K), 8 survivors (8192K)
 Metaspace       used 81260K, capacity 83448K, committed 83584K, reserved 587776K
  class space    used 11273K, capacity 12119K, committed 12160K, reserved 516096K
}
Event: 9.000 GC heap after
{Heap after GC invocations=35 (full 0):
 garbage-first heap   total 138240K, used 70758K [0x0000000080000000, 0x0000000100000000)
  region size 1024K, 2 young (2048K), 2 survivors (2048K)
 Metaspace       used 81260K, capacity 83448K, committed 83584K, reserved 587776K
  class space    used 11273K, capacity 12119K, committed 12160K, reserved 516096K
}
Event: 9.165 GC heap before
{Heap before GC invocations=36 (full 0):
 garbage-first heap   total 140288K, used 119910K [0x0000000080000000, 0x0000000100000000)
  region size 1024K, 46 young (47104K), 2 survivors (2048K)
 Metaspace       used 81459K, capacity 83684K, committed 83840K, reserved 587776K
  class space    used 11282K, capacity 12154K, committed 12160K, reserved 516096K
}
Event: 9.171 GC heap after
{Heap after GC invocations=37 (full 0):
 garbage-first heap   total 140288K, used 83462K [0x0000000080000000, 0x0000000100000000)
  region size 1024K, 6 young (6144K), 6 survivors (6144K)
 Metaspace       used 81459K, capacity 83684K, committed 83840K, reserved 587776K
  class space    used 11282K, capacity 12154K, committed 12160K, reserved 516096K
}
Event: 9.317 GC heap before
{Heap before GC invocations=37 (full 0):
 garbage-first heap   total 140288K, used 114182K [0x0000000080000000, 0x0000000100000000)
  region size 1024K, 36 young (36864K), 6 survivors (6144K)
 Metaspace       used 82577K, capacity 84854K, committed 84992K, reserved 589824K
  class space    used 11417K, capacity 12286K, committed 12288K, reserved 516096K
}
Event: 9.321 GC heap after
{Heap after GC invocations=38 (full 0):
 garbage-first heap   total 168960K, used 88015K [0x0000000080000000, 0x0000000100000000)
  region size 1024K, 4 young (4096K), 4 survivors (4096K)
 Metaspace       used 82577K, capacity 84854K, committed 84992K, reserved 589824K
  class space    used 11417K, capacity 12286K, committed 12288K, reserved 516096K
}
Event: 9.507 GC heap before
{Heap before GC invocations=39 (full 0):
 garbage-first heap   total 168960K, used 118735K [0x0000000080000000, 0x0000000100000000)
  region size 1024K, 35 young (35840K), 4 survivors (4096K)
 Metaspace       used 84743K, capacity 86975K, committed 87168K, reserved 593920K
  class space    used 11680K, capacity 12545K, committed 12672K, reserved 516096K
}
Event: 9.510 GC heap after
{Heap after GC invocations=40 (full 0):
 garbage-first heap   total 168960K, used 89299K [0x0000000080000000, 0x0000000100000000)
  region size 1024K, 2 young (2048K), 2 survivors (2048K)
 Metaspace       used 84743K, capacity 86975K, committed 87168K, reserved 593920K
  class space    used 11680K, capacity 12545K, committed 12672K, reserved 516096K
}
Event: 9.799 GC heap before
{Heap before GC invocations=41 (full 0):
 garbage-first heap   total 168960K, used 144595K [0x0000000080000000, 0x0000000100000000)
  region size 1024K, 46 young (47104K), 2 survivors (2048K)
 Metaspace       used 87249K, capacity 89547K, committed 89728K, reserved 595968K
  class space    used 11937K, capacity 12803K, committed 12928K, reserved 516096K
}
Event: 9.802 GC heap after
{Heap after GC invocations=42 (full 0):
 garbage-first heap   total 168960K, used 91740K [0x0000000080000000, 0x0000000100000000)
  region size 1024K, 4 young (4096K), 4 survivors (4096K)
 Metaspace       used 87249K, capacity 89547K, committed 89728K, reserved 595968K
  class space    used 11937K, capacity 12803K, committed 12928K, reserved 516096K
}

Deoptimization events (20 events):
Event: 9.249 Thread 0x0000025b8953a800 Uncommon trap: trap_request=0xffffff45 fr.pc=0x0000025bf7c95b4c relative=0x000000000000010c
Event: 9.249 Thread 0x0000025b8953a800 Uncommon trap: reason=unstable_if action=reinterpret pc=0x0000025bf7c95b4c method=java.lang.ClassLoader.getClassLoadingLock(Ljava/lang/String;)Ljava/lang/Object; @ 6 c2
Event: 9.249 Thread 0x0000025b8953a800 DEOPT PACKING pc=0x0000025bf7c95b4c sp=0x000000ff902efb20
Event: 9.249 Thread 0x0000025b8953a800 DEOPT UNPACKING pc=0x0000025beff4852f sp=0x000000ff902efac0 mode 2
Event: 9.532 Thread 0x0000025b8953a800 DEOPT PACKING pc=0x0000025bf17d2154 sp=0x000000ff902f3970
Event: 9.532 Thread 0x0000025b8953a800 DEOPT UNPACKING pc=0x0000025beff883de sp=0x000000ff902f2f10 mode 0
Event: 9.543 Thread 0x0000025b8953a800 DEOPT PACKING pc=0x0000025bf17d2154 sp=0x000000ff902f3be0
Event: 9.543 Thread 0x0000025b8953a800 DEOPT UNPACKING pc=0x0000025beff883de sp=0x000000ff902f3180 mode 0
Event: 9.554 Thread 0x0000025b8953a800 DEOPT PACKING pc=0x0000025bf17d2154 sp=0x000000ff902f3790
Event: 9.554 Thread 0x0000025b8953a800 DEOPT UNPACKING pc=0x0000025beff883de sp=0x000000ff902f2d30 mode 0
Event: 9.696 Thread 0x0000025b899ae800 DEOPT PACKING pc=0x0000025bf0cd15e4 sp=0x000000ff8fcff340
Event: 9.696 Thread 0x0000025b899ae800 DEOPT UNPACKING pc=0x0000025beff883de sp=0x000000ff8fcfe840 mode 0
Event: 9.700 Thread 0x0000025b8953a800 Uncommon trap: trap_request=0xffffff45 fr.pc=0x0000025bf7da9728 relative=0x0000000000000148
Event: 9.700 Thread 0x0000025b8953a800 Uncommon trap: reason=unstable_if action=reinterpret pc=0x0000025bf7da9728 method=org.jetbrains.kotlin.com.intellij.util.SmartList.get(I)Ljava/lang/Object; @ 13 c2
Event: 9.700 Thread 0x0000025b8953a800 DEOPT PACKING pc=0x0000025bf7da9728 sp=0x000000ff902f27f0
Event: 9.700 Thread 0x0000025b8953a800 DEOPT UNPACKING pc=0x0000025beff4852f sp=0x000000ff902f2790 mode 2
Event: 9.884 Thread 0x0000025b8953a800 Uncommon trap: trap_request=0xffffff76 fr.pc=0x0000025bf80a9490 relative=0x00000000000001f0
Event: 9.884 Thread 0x0000025b8953a800 Uncommon trap: reason=predicate action=maybe_recompile pc=0x0000025bf80a9490 method=java.util.LinkedHashMap.valuesToArray([Ljava/lang/Object;)[Ljava/lang/Object; @ 12 c2
Event: 9.884 Thread 0x0000025b8953a800 DEOPT PACKING pc=0x0000025bf80a9490 sp=0x000000ff902f3a10
Event: 9.884 Thread 0x0000025b8953a800 DEOPT UNPACKING pc=0x0000025beff4852f sp=0x000000ff902f39c8 mode 2

Classes unloaded (20 events):
Event: 7.087 Thread 0x0000025b8739f800 Unloading class 0x00000008010fe040 'ProtobufPatchPlugin$_apply_closure1$_closure2$_closure3'
Event: 7.087 Thread 0x0000025b8739f800 Unloading class 0x00000008010fd840 'ProtobufPatchPlugin$_apply_closure1$_closure2'
Event: 7.087 Thread 0x0000025b8739f800 Unloading class 0x00000008010fd320 'ProtobufPatchPlugin$_apply_closure1'
Event: 7.087 Thread 0x0000025b8739f800 Unloading class 0x00000008010fd040 'ProtobufPatchPlugin'
Event: 7.087 Thread 0x0000025b8739f800 Unloading class 0x000000080107f040 '_BuildScript_$_run_closure1$_closure2'
Event: 7.087 Thread 0x0000025b8739f800 Unloading class 0x000000080107f840 '_BuildScript_$_run_closure1'
Event: 7.087 Thread 0x0000025b8739f800 Unloading class 0x0000000801078040 '_BuildScript_'
Event: 7.481 Thread 0x0000025b8739f800 Unloading class 0x00000008012ddc40 'org/gradle/internal/model/CalculatedValueContainer$CalculationState$$Lambda$849'
Event: 7.481 Thread 0x0000025b8739f800 Unloading class 0x00000008012dd840 'org/gradle/internal/model/CalculatedValueContainer$CalculationState$$Lambda$850'
Event: 7.481 Thread 0x0000025b8739f800 Unloading class 0x00000008012dd440 'org/gradle/internal/model/CalculatedValueContainer$CalculationState$$Lambda$848'
Event: 7.481 Thread 0x0000025b8739f800 Unloading class 0x00000008012dcc40 'org/gradle/internal/model/CalculatedValueContainer$CalculationState$$Lambda$846'
Event: 7.481 Thread 0x0000025b8739f800 Unloading class 0x00000008012dc840 'org/gradle/internal/model/CalculatedValueContainer$CalculationState$$Lambda$845'
Event: 7.481 Thread 0x0000025b8739f800 Unloading class 0x00000008012dc440 'org/gradle/internal/operations/DefaultBuildOperationQueue$WorkerRunnable$$Lambda$844'
Event: 7.481 Thread 0x0000025b8739f800 Unloading class 0x00000008012dc040 'org/gradle/internal/operations/DefaultBuildOperationQueue$WorkerRunnable$$Lambda$843'
Event: 7.481 Thread 0x0000025b8739f800 Unloading class 0x00000008012dbc40 'org/gradle/internal/operations/DefaultBuildOperationQueue$WorkerRunnable$$Lambda$842'
Event: 7.481 Thread 0x0000025b8739f800 Unloading class 0x00000008012db440 'org/gradle/internal/operations/DefaultBuildOperationQueue$WorkerRunnable$$Lambda$840'
Event: 7.481 Thread 0x0000025b8739f800 Unloading class 0x00000008012db040 'org/gradle/internal/operations/DefaultBuildOperationQueue$WorkerRunnable$$Lambda$835'
Event: 7.481 Thread 0x0000025b8739f800 Unloading class 0x00000008012dac40 'org/gradle/internal/operations/DefaultBuildOperationQueue$WorkerRunnable$$Lambda$839'
Event: 7.481 Thread 0x0000025b8739f800 Unloading class 0x00000008012da840 'org/gradle/internal/operations/DefaultBuildOperationQueue$WorkerRunnable$$Lambda$838'
Event: 7.481 Thread 0x0000025b8739f800 Unloading class 0x00000008012da440 'org/gradle/internal/operations/DefaultBuildOperationQueue$WorkerRunnable$$Lambda$836'

Classes redefined (0 events):
No events

Internal exceptions (20 events):
Event: 7.639 Thread 0x0000025b8953a800 Exception <a 'java/lang/NoSuchMethodError'{0x0000000085564cd0}: 'void java.lang.invoke.DelegatingMethodHandle$Holder.reinvoke_L(java.lang.Object, java.lang.Object, java.lang.Object, long, java.lang.Object)'> (0x0000000085564cd0) 
thrown [./open/src/hotspot/share/interpreter/linkResolver.cpp, line 766]
Event: 7.639 Thread 0x0000025b8953a800 Exception <a 'java/lang/NoSuchMethodError'{0x000000008556bd98}: 'java.lang.Object java.lang.invoke.DirectMethodHandle$Holder.invokeSpecial(java.lang.Object, java.lang.Object, java.lang.Object, java.lang.Object, long)'> (0x000000008556bd98) 
thrown [./open/src/hotspot/share/interpreter/linkResolver.cpp, line 766]
Event: 7.640 Thread 0x0000025b8953a800 Exception <a 'java/lang/NoSuchMethodError'{0x00000000855addc0}: 'long java.lang.invoke.Invokers$Holder.invoke_MT(java.lang.Object, java.lang.Object, java.lang.Object, java.lang.Object)'> (0x00000000855addc0) 
thrown [./open/src/hotspot/share/interpreter/linkResolver.cpp, line 766]
Event: 7.641 Thread 0x0000025b8953a800 Exception <a 'java/lang/NoSuchMethodError'{0x00000000855b5e90}: 'int java.lang.invoke.Invokers$Holder.invoke_MT(java.lang.Object, java.lang.Object, java.lang.Object, java.lang.Object)'> (0x00000000855b5e90) 
thrown [./open/src/hotspot/share/interpreter/linkResolver.cpp, line 766]
Event: 7.641 Thread 0x0000025b8953a800 Exception <a 'java/lang/NoSuchMethodError'{0x00000000855c4930}: 'int java.lang.invoke.DelegatingMethodHandle$Holder.reinvoke_L(java.lang.Object, java.lang.Object, java.lang.Object, long, int)'> (0x00000000855c4930) 
thrown [./open/src/hotspot/share/interpreter/linkResolver.cpp, line 766]
Event: 7.642 Thread 0x0000025b8953a800 Exception <a 'java/lang/NoSuchMethodError'{0x00000000855e0098}: 'java.lang.Object java.lang.invoke.Invokers$Holder.invokeExact_MT(java.lang.Object, java.lang.Object, long, java.lang.Object)'> (0x00000000855e0098) 
thrown [./open/src/hotspot/share/interpreter/linkResolver.cpp, line 766]
Event: 7.706 Thread 0x0000025b8953a800 Implicit null exception at 0x0000025bf7d7fbb3 to 0x0000025bf7d7fcd0
Event: 8.164 Thread 0x0000025b8953a800 Exception <a 'java/lang/NoSuchMethodError'{0x00000000853c6a60}: 'java.lang.Object java.lang.invoke.DirectMethodHandle$Holder.newInvokeSpecial(java.lang.Object, java.lang.Object, java.lang.Object, java.lang.Object)'> (0x00000000853c6a60) 
thrown [./open/src/hotspot/share/interpreter/linkResolver.cpp, line 766]
Event: 8.176 Thread 0x0000025b8953a800 Implicit null exception at 0x0000025bf7ffeebf to 0x0000025bf7ffefd8
Event: 8.391 Thread 0x0000025b8953a800 Exception <a 'java/lang/NoSuchMethodError'{0x0000000085491760}: 'long java.lang.invoke.DirectMethodHandle$Holder.invokeStaticInit(java.lang.Object)'> (0x0000000085491760) 
thrown [./open/src/hotspot/share/interpreter/linkResolver.cpp, line 766]
Event: 8.594 Thread 0x0000025b8953a800 Exception <a 'sun/nio/fs/WindowsException'{0x00000000874d4190}> (0x00000000874d4190) 
thrown [./open/src/hotspot/share/prims/jni.cpp, line 599]
Event: 8.594 Thread 0x0000025b8953a800 Exception <a 'sun/nio/fs/WindowsException'{0x00000000874d61d8}> (0x00000000874d61d8) 
thrown [./open/src/hotspot/share/prims/jni.cpp, line 599]
Event: 8.594 Thread 0x0000025b8953a800 Exception <a 'sun/nio/fs/WindowsException'{0x00000000874d8248}> (0x00000000874d8248) 
thrown [./open/src/hotspot/share/prims/jni.cpp, line 599]
Event: 8.594 Thread 0x0000025b8953a800 Exception <a 'sun/nio/fs/WindowsException'{0x00000000874da428}> (0x00000000874da428) 
thrown [./open/src/hotspot/share/prims/jni.cpp, line 599]
Event: 8.595 Thread 0x0000025b8953a800 Exception <a 'sun/nio/fs/WindowsException'{0x00000000874dc518}> (0x00000000874dc518) 
thrown [./open/src/hotspot/share/prims/jni.cpp, line 599]
Event: 8.595 Thread 0x0000025b8953a800 Exception <a 'sun/nio/fs/WindowsException'{0x00000000874de638}> (0x00000000874de638) 
thrown [./open/src/hotspot/share/prims/jni.cpp, line 599]
Event: 8.978 Thread 0x0000025b8953a800 Exception <a 'java/lang/NoSuchMethodError'{0x0000000086fa2e10}: 'java.lang.Object java.lang.invoke.Invokers$Holder.invoke_MT(java.lang.Object, java.lang.Object, java.lang.Object)'> (0x0000000086fa2e10) 
thrown [./open/src/hotspot/share/interpreter/linkResolver.cpp, line 766]
Event: 9.114 Thread 0x0000025b8953a800 Implicit null exception at 0x0000025bf7da4b99 to 0x0000025bf7da5e1c
Event: 9.114 Thread 0x0000025b8953a800 Implicit null exception at 0x0000025bf7da6c48 to 0x0000025bf7da7988
Event: 9.126 Thread 0x0000025b8953a800 Implicit null exception at 0x0000025bf7c273f8 to 0x0000025bf7c27541

Events (20 events):
Event: 9.198 loading class java/nio/channels/NonWritableChannelException done
Event: 9.317 Executing VM operation: G1CollectForAllocation
Event: 9.321 Executing VM operation: G1CollectForAllocation done
Event: 9.354 Executing VM operation: G1Concurrent
Event: 9.356 Executing VM operation: G1Concurrent done
Event: 9.363 Thread 0x0000025b8e1e9800 Thread exited: 0x0000025b8e1e9800
Event: 9.379 Executing VM operation: G1Concurrent
Event: 9.379 Executing VM operation: G1Concurrent done
Event: 9.380 Thread 0x0000025b8e309800 Thread exited: 0x0000025b8e309800
Event: 9.380 Thread 0x0000025b8f837800 Thread exited: 0x0000025b8f837800
Event: 9.446 Thread 0x0000025b92021800 Thread exited: 0x0000025b92021800
Event: 9.507 Executing VM operation: G1TryInitiateConcMark
Event: 9.510 Executing VM operation: G1TryInitiateConcMark done
Event: 9.549 Executing VM operation: G1Concurrent
Event: 9.550 Executing VM operation: G1Concurrent done
Event: 9.577 Executing VM operation: G1Concurrent
Event: 9.577 Executing VM operation: G1Concurrent done
Event: 9.586 Thread 0x0000025b92021800 Thread added: 0x0000025b92021800
Event: 9.799 Executing VM operation: G1CollectForAllocation
Event: 9.802 Executing VM operation: G1CollectForAllocation done


Dynamic libraries:
0x00007ff79c050000 - 0x00007ff79c05f000 	C:\Program Files\Java\jdk-14.0.2\bin\java.exe
0x00007ffdbe9b0000 - 0x00007ffdbebc4000 	C:\WINDOWS\SYSTEM32\ntdll.dll
0x00007ffdbd410000 - 0x00007ffdbd4d2000 	C:\WINDOWS\System32\KERNEL32.DLL
0x00007ffdbc0e0000 - 0x00007ffdbc483000 	C:\WINDOWS\System32\KERNELBASE.dll
0x00007ffdbc490000 - 0x00007ffdbc5a1000 	C:\WINDOWS\System32\ucrtbase.dll
0x00007ffd44280000 - 0x00007ffd44298000 	C:\Program Files\Java\jdk-14.0.2\bin\jli.dll
0x00007ffd441a0000 - 0x00007ffd441b5000 	C:\Program Files\Java\jdk-14.0.2\bin\VCRUNTIME140.dll
0x00007ffdbe010000 - 0x00007ffdbe0be000 	C:\WINDOWS\System32\ADVAPI32.dll
0x00007ffdbd330000 - 0x00007ffdbd3d7000 	C:\WINDOWS\System32\msvcrt.dll
0x00007ffdbdd50000 - 0x00007ffdbddf4000 	C:\WINDOWS\System32\sechost.dll
0x00007ffdbca70000 - 0x00007ffdbcb87000 	C:\WINDOWS\System32\RPCRT4.dll
0x00007ffdbcee0000 - 0x00007ffdbd08a000 	C:\WINDOWS\System32\USER32.dll
0x00007ffd95650000 - 0x00007ffd958de000 	C:\WINDOWS\WinSxS\amd64_microsoft.windows.common-controls_6595b64144ccf1df_6.0.22621.1635_none_270f70857386168e\COMCTL32.dll
0x00007ffdbc630000 - 0x00007ffdbc656000 	C:\WINDOWS\System32\win32u.dll
0x00007ffdbd3e0000 - 0x00007ffdbd409000 	C:\WINDOWS\System32\GDI32.dll
0x00007ffdbbf20000 - 0x00007ffdbc039000 	C:\WINDOWS\System32\gdi32full.dll
0x00007ffdbc040000 - 0x00007ffdbc0da000 	C:\WINDOWS\System32\msvcp_win.dll
0x00007ffdb5250000 - 0x00007ffdb525a000 	C:\WINDOWS\SYSTEM32\VERSION.dll
0x00007ffdbcc90000 - 0x00007ffdbccc1000 	C:\WINDOWS\System32\IMM32.DLL
0x00007ffd35130000 - 0x00007ffd351cb000 	C:\Program Files\Java\jdk-14.0.2\bin\msvcp140.dll
0x00007ffd31180000 - 0x00007ffd31c9e000 	C:\Program Files\Java\jdk-14.0.2\bin\server\jvm.dll
0x00007ffdbd300000 - 0x00007ffdbd308000 	C:\WINDOWS\System32\PSAPI.DLL
0x00007ffd8b110000 - 0x00007ffd8b119000 	C:\WINDOWS\SYSTEM32\WSOCK32.dll
0x00007ffdb5190000 - 0x00007ffdb51c4000 	C:\WINDOWS\SYSTEM32\WINMM.dll
0x00007ffdbdf70000 - 0x00007ffdbdfe1000 	C:\WINDOWS\System32\WS2_32.dll
0x00007ffdbaea0000 - 0x00007ffdbaeb8000 	C:\WINDOWS\SYSTEM32\kernel.appcore.dll
0x00007ffd8b0c0000 - 0x00007ffd8b0ca000 	C:\Program Files\Java\jdk-14.0.2\bin\jimage.dll
0x00007ffdb98e0000 - 0x00007ffdb9b0e000 	C:\WINDOWS\SYSTEM32\DBGHELP.DLL
0x00007ffdbd540000 - 0x00007ffdbd8c9000 	C:\WINDOWS\System32\combase.dll
0x00007ffdbc790000 - 0x00007ffdbc867000 	C:\WINDOWS\System32\OLEAUT32.dll
0x00007ffda4400000 - 0x00007ffda4432000 	C:\WINDOWS\SYSTEM32\dbgcore.DLL
0x00007ffdbc5b0000 - 0x00007ffdbc62a000 	C:\WINDOWS\System32\bcryptPrimitives.dll
0x00007ffd389a0000 - 0x00007ffd389c5000 	C:\Program Files\Java\jdk-14.0.2\bin\java.dll
0x00007ffd35110000 - 0x00007ffd35126000 	C:\Program Files\Java\jdk-14.0.2\bin\zip.dll
0x00007ffdbe0c0000 - 0x00007ffdbe8b9000 	C:\WINDOWS\System32\SHELL32.dll
0x00007ffdb9d50000 - 0x00007ffdba61e000 	C:\WINDOWS\SYSTEM32\windows.storage.dll
0x00007ffdb9c10000 - 0x00007ffdb9d4e000 	C:\WINDOWS\SYSTEM32\wintypes.dll
0x00007ffdbde00000 - 0x00007ffdbdef1000 	C:\WINDOWS\System32\SHCORE.dll
0x00007ffdbca10000 - 0x00007ffdbca6e000 	C:\WINDOWS\System32\shlwapi.dll
0x00007ffdbbce0000 - 0x00007ffdbbd06000 	C:\WINDOWS\SYSTEM32\profapi.dll
0x00007ffd350f0000 - 0x00007ffd35109000 	C:\Program Files\Java\jdk-14.0.2\bin\net.dll
0x00007ffdb53d0000 - 0x00007ffdb5507000 	C:\WINDOWS\SYSTEM32\WINHTTP.dll
0x00007ffdbb320000 - 0x00007ffdbb389000 	C:\WINDOWS\system32\mswsock.dll
0x00007ffd350d0000 - 0x00007ffd350e2000 	C:\Program Files\Java\jdk-14.0.2\bin\nio.dll
0x00007ffd895e0000 - 0x00007ffd895f0000 	C:\Program Files\Java\jdk-14.0.2\bin\verify.dll
0x00007ffd350a0000 - 0x00007ffd350c7000 	C:\Users\Admin\.gradle\native\e1d6ef7f7dcc3fd88c89a11ec53ec762bb8ba0a96d01ffa2cd45eb1d1d8dd5c5\windows-amd64\native-platform.dll
0x00007ffd30790000 - 0x00007ffd308d4000 	C:\Users\Admin\.gradle\native\0d407fdbe67a94daf76414ababcb853783967236a71b16ec16e742cd7a986fd3\windows-amd64\native-platform-file-events.dll
0x00007ffd84890000 - 0x00007ffd84899000 	C:\Program Files\Java\jdk-14.0.2\bin\management.dll
0x00007ffd81bb0000 - 0x00007ffd81bbb000 	C:\Program Files\Java\jdk-14.0.2\bin\management_ext.dll
0x00007ffdbb5c0000 - 0x00007ffdbb5db000 	C:\WINDOWS\SYSTEM32\CRYPTSP.dll
0x00007ffdbae10000 - 0x00007ffdbae45000 	C:\WINDOWS\system32\rsaenh.dll
0x00007ffdbb440000 - 0x00007ffdbb46c000 	C:\WINDOWS\SYSTEM32\USERENV.dll
0x00007ffdbb760000 - 0x00007ffdbb788000 	C:\WINDOWS\SYSTEM32\bcrypt.dll
0x00007ffdbb5e0000 - 0x00007ffdbb5ec000 	C:\WINDOWS\SYSTEM32\CRYPTBASE.dll
0x00007ffdba880000 - 0x00007ffdba8ad000 	C:\WINDOWS\SYSTEM32\IPHLPAPI.DLL
0x00007ffdbd2d0000 - 0x00007ffdbd2d9000 	C:\WINDOWS\System32\NSI.dll
0x00007ffdb5360000 - 0x00007ffdb5379000 	C:\WINDOWS\SYSTEM32\dhcpcsvc6.DLL
0x00007ffdb51d0000 - 0x00007ffdb51ef000 	C:\WINDOWS\SYSTEM32\dhcpcsvc.DLL
0x00007ffdba8f0000 - 0x00007ffdba9e3000 	C:\WINDOWS\SYSTEM32\DNSAPI.dll
0x00007ffdbaec0000 - 0x00007ffdbaef4000 	C:\WINDOWS\SYSTEM32\ntmarta.dll

dbghelp: loaded successfully - version: 4.0.5 - missing functions: none
symbol engine: initialized successfully - sym options: 0x614 - pdb path: .;C:\Program Files\Java\jdk-14.0.2\bin;C:\WINDOWS\SYSTEM32;C:\WINDOWS\WinSxS\amd64_microsoft.windows.common-controls_6595b64144ccf1df_6.0.22621.1635_none_270f70857386168e;C:\Program Files\Java\jdk-14.0.2\bin\server;C:\Users\Admin\.gradle\native\e1d6ef7f7dcc3fd88c89a11ec53ec762bb8ba0a96d01ffa2cd45eb1d1d8dd5c5\windows-amd64;C:\Users\Admin\.gradle\native\0d407fdbe67a94daf76414ababcb853783967236a71b16ec16e742cd7a986fd3\windows-amd64

VM Arguments:
jvm_args: -XX:MaxMetaspaceSize=512m --add-opens=java.base/java.util=ALL-UNNAMED --add-opens=java.base/java.lang=ALL-UNNAMED --add-opens=java.base/java.lang.invoke=ALL-UNNAMED --add-opens=java.base/java.util=ALL-UNNAMED --add-opens=java.prefs/java.util.prefs=ALL-UNNAMED --add-opens=java.prefs/java.util.prefs=ALL-UNNAMED --add-opens=java.base/java.nio.charset=ALL-UNNAMED --add-opens=java.base/java.net=ALL-UNNAMED --add-opens=java.base/java.util.concurrent.atomic=ALL-UNNAMED -Xmx2048m -Dfile.encoding=utf8 -Duser.country=US -Duser.language=en -Duser.variant 
java_command: org.gradle.launcher.daemon.bootstrap.GradleDaemon 7.5.1
java_class_path (initial): C:\Users\Admin\.gradle\wrapper\dists\gradle-7.5.1-all\1ehga6e77gqps5uk2kc5kf1vc\gradle-7.5.1\lib\gradle-launcher-7.5.1.jar
Launcher Type: SUN_STANDARD

[Global flags]
     intx CICompilerCount                          = 12                                        {product} {ergonomic}
   size_t CompressedClassSpaceSize                 = 528482304                                 {product} {ergonomic}
     uint ConcGCThreads                            = 3                                         {product} {ergonomic}
     uint G1ConcRefinementThreads                  = 13                                        {product} {ergonomic}
   size_t G1HeapRegionSize                         = 1048576                                   {product} {ergonomic}
    uintx GCDrainStackTargetSize                   = 64                                        {product} {ergonomic}
   size_t InitialHeapSize                          = 264241152                                 {product} {ergonomic}
   size_t MarkStackSize                            = 4194304                                   {product} {ergonomic}
   size_t MaxHeapSize                              = 2147483648                                {product} {command line}
   size_t MaxMetaspaceSize                         = 536870912                                 {product} {command line}
   size_t MaxNewSize                               = 1287651328                                {product} {ergonomic}
   size_t MinHeapDeltaBytes                        = 1048576                                   {product} {ergonomic}
   size_t MinHeapSize                              = 8388608                                   {product} {ergonomic}
    uintx NonNMethodCodeHeapSize                   = 7602480                                {pd product} {ergonomic}
    uintx NonProfiledCodeHeapSize                  = 122027880                              {pd product} {ergonomic}
    uintx ProfiledCodeHeapSize                     = 122027880                              {pd product} {ergonomic}
    uintx ReservedCodeCacheSize                    = 251658240                              {pd product} {ergonomic}
     bool SegmentedCodeCache                       = true                                      {product} {ergonomic}
   size_t SoftMaxHeapSize                          = 2147483648                             {manageable} {ergonomic}
     bool UseCompressedClassPointers               = true                                 {lp64_product} {ergonomic}
     bool UseCompressedOops                        = true                                 {lp64_product} {ergonomic}
     bool UseG1GC                                  = true                                      {product} {ergonomic}
     bool UseLargePagesIndividualAllocation        = false                                  {pd product} {ergonomic}

Logging:
Log output configuration:
 #0: stdout all=warning uptime,level,tags
 #1: stderr all=off uptime,level,tags

Environment Variables:
JAVA_HOME=C:\Program Files\Java\jdk-14.0.2
PATH=C:\Program Files\Python310\Scripts\;C:\Program Files\Python310\;C:\Program Files\Python38\Scripts\;C:\Program Files\Python38\;C:\WINDOWS\system32;C:\WINDOWS;C:\WINDOWS\System32\Wbem;C:\WINDOWS\System32\WindowsPowerShell\v1.0\;C:\WINDOWS\System32\OpenSSH\;C:\Program Files\Microsoft SQL Server\Client SDK\ODBC\110\Tools\Binn\;C:\Program Files (x86)\Microsoft SQL Server\120\Tools\Binn\;C:\Program Files\Microsoft SQL Server\120\Tools\Binn\;C:\Program Files\Microsoft SQL Server\120\DTS\Binn\;C:\Program Files (x86)\Microsoft SQL Server\120\Tools\Binn\ManagementStudio\;C:\Program Files (x86)\Microsoft SQL Server\120\DTS\Binn\;C:\Program Files\Java\jdk-11.0.2\bin;C:\tomcat\apache-tomcat-9.0.63\bin;C:\Program Files\dotnet\;C:\Program Files\Microsoft SQL Server\150\Tools\Binn\;C:\Program Files\Microsoft SQL Server\Client SDK\ODBC\170\Tools\Binn\;C:\Program Files\nodejs\;C:\Program Files\Microsoft SQL Server\130\Tools\Binn\;C:\WINDOWS\system32;C:\WINDOWS;C:\WINDOWS\System32\Wbem;C:\WINDOWS\System32\WindowsPowerShell\v1.0\;C:\WINDOWS\System32\OpenSSH\;C:\Program Files\MongoDB\Server\5.0\bin;C:\Users\Admin\AppData\Local\Microsoft\WindowsApps;;C:\Users\Admin\AppData\Local\Programs\Microsoft VS Code\bin;C:\Users\Admin\.dotnet\tools;C:\Users\Admin\AppData\Roaming\npm
USERNAME=Admin
OS=Windows_NT
PROCESSOR_IDENTIFIER=Intel64 Family 6 Model 141 Stepping 1, GenuineIntel



---------------  S Y S T E M  ---------------

OS: Windows 10 , 64 bit Build 22621 (10.0.22621.1928)
OS uptime: 2 days 11:14 hours
HyperV virtualization detected

CPU:total 16 (initial active 16) (8 cores per cpu, 2 threads per core) family 6 model 141 stepping 1, cmov, cx8, fxsr, mmx, sse, sse2, sse3, ssse3, sse4.1, sse4.2, popcnt, avx, avx2, aes, clmul, erms, 3dnowpref, lzcnt, ht, tsc, tscinvbit, bmi1, bmi2, adx, evex, sha, fma

Memory: 4k page, system-wide physical 16085M (1306M free)
TotalPageFile size 18133M (AvailPageFile size 6M)
current process WorkingSet (physical memory assigned to process): 452M, peak: 452M
current process commit charge ("private bytes"): 504M, peak: 504M

vm_info: Java HotSpot(TM) 64-Bit Server VM (14.0.2+12-46) for windows-amd64 JRE (14.0.2+12-46), built on Jul  9 2020 00:35:52 by "mach5one" with MS VC++ 15.9 (VS2017)

END.
