#
# There is insufficient memory for the Java Runtime Environment to continue.
# Native memory allocation (malloc) failed to allocate 1402256 bytes for Chunk::new
# Possible reasons:
#   The system is out of physical RAM or swap space
#   The process is running with CompressedOops enabled, and the Java Heap may be blocking the growth of the native heap
# Possible solutions:
#   Reduce memory load on the system
#   Increase physical memory or swap space
#   Check if swap backing store is full
#   Decrease Java heap size (-Xmx/-Xms)
#   Decrease number of Java threads
#   Decrease Java thread stack sizes (-Xss)
#   Set larger code cache with -XX:ReservedCodeCacheSize=
#   JVM is running with Unscaled Compressed Oops mode in which the Java heap is
#     placed in the first 4GB address space. The Java Heap base address is the
#     maximum limit for the native heap growth. Please use -XX:HeapBaseMinAddress
#     to set the Java Heap base and to place the Java Heap above 4GB virtual address.
# This output file may be truncated or incomplete.
#
#  Out of Memory Error (arena.cpp:189), pid=15828, tid=14372
#
# JRE version: OpenJDK Runtime Environment Temurin-17.0.7+7 (17.0.7+7) (build 17.0.7+7)
# Java VM: OpenJDK 64-Bit Server VM Temurin-17.0.7+7 (17.0.7+7, mixed mode, tiered, compressed oops, compressed class ptrs, parallel gc, windows-amd64)
# No core dump will be written. Minidumps are not enabled by default on client versions of Windows
#

---------------  S U M M A R Y ------------

Command Line: --add-modules=ALL-SYSTEM --add-opens=java.base/java.util=ALL-UNNAMED --add-opens=java.base/java.lang=ALL-UNNAMED --add-opens=java.base/sun.nio.fs=ALL-UNNAMED -Declipse.application=org.eclipse.jdt.ls.core.id1 -Dosgi.bundles.defaultStartLevel=4 -Declipse.product=org.eclipse.jdt.ls.core.product -Djava.import.generatesMetadataFilesAtProjectRoot=false -Dfile.encoding=utf8 -XX:+UseParallelGC -XX:GCTimeRatio=4 -XX:AdaptiveSizePolicyWeight=90 -Dsun.zip.disableMemoryMapping=true -Xmx1G -Xms100m -Xlog:disable -javaagent:c:\Users\Admin\.vscode\extensions\redhat.java-1.21.0-win32-x64\lombok\lombok-1.18.28.jar c:\Users\Admin\.vscode\extensions\redhat.java-1.21.0-win32-x64\server\plugins\org.eclipse.equinox.launcher_1.6.500.v20230717-2134.jar -configuration c:\Users\Admin\AppData\Roaming\Code\User\globalStorage\redhat.java\1.21.0\config_ss_win -data c:\Users\Admin\AppData\Roaming\Code\User\workspaceStorage\e7c62a26f5fb9af6089d468b08576148\redhat.java\ss_ws

Host: 11th Gen Intel(R) Core(TM) i7-11800H @ 2.30GHz, 16 cores, 15G,  Windows 11 , 64 bit Build 22621 (10.0.22621.1928)
Time: Sun Aug  6 15:52:42 2023 SE Asia Standard Time elapsed time: 5.959261 seconds (0d 0h 0m 5s)

---------------  T H R E A D  ---------------

Current thread (0x000001acff134020):  JavaThread "C2 CompilerThread3" daemon [_thread_in_native, id=14372, stack(0x00000028c4800000,0x00000028c4900000)]


Current CompileTask:
C2:   5959 4148       4       org.eclipse.core.internal.dtree.DataTreeWriter::writeNode (182 bytes)

Stack: [0x00000028c4800000,0x00000028c4900000]
Native frames: (J=compiled Java code, j=interpreted, Vv=VM code, C=native code)
V  [jvm.dll+0x67754a]
V  [jvm.dll+0x834304]
V  [jvm.dll+0x835aae]
V  [jvm.dll+0x836113]
V  [jvm.dll+0x24696f]
V  [jvm.dll+0xac0ac]
V  [jvm.dll+0xac67c]
V  [jvm.dll+0x364de2]
V  [jvm.dll+0x32f6b1]
V  [jvm.dll+0x32eb5a]
V  [jvm.dll+0x219641]
V  [jvm.dll+0x218a61]
V  [jvm.dll+0x1a4d8d]
V  [jvm.dll+0x2284da]
V  [jvm.dll+0x226615]
V  [jvm.dll+0x7ea90b]
V  [jvm.dll+0x7e4e7a]
V  [jvm.dll+0x676395]
C  [ucrtbase.dll+0x29363]
C  [KERNEL32.DLL+0x126ad]
C  [ntdll.dll+0x5aa68]


---------------  P R O C E S S  ---------------

Threads class SMR info:
_java_thread_list=0x000001acfee83a90, length=31, elements={
0x000001ace05228c0, 0x000001ace05de770, 0x000001acf4391220, 0x000001acf9754f30,
0x000001acf9756800, 0x000001acf9757f50, 0x000001acf975c7a0, 0x000001acf97624e0,
0x000001acf9763720, 0x000001acf976c8e0, 0x000001acf9871350, 0x000001acf9904090,
0x000001acfb6846b0, 0x000001acfb79e970, 0x000001acfc057c70, 0x000001acfbf4b930,
0x000001acfc07c660, 0x000001acfc07f5f0, 0x000001acfbfbd5d0, 0x000001acfc402720,
0x000001acfc402250, 0x000001acfc4013e0, 0x000001acfc401d80, 0x000001acfc400f10,
0x000001acfc4018b0, 0x000001ac810c57a0, 0x000001ac810c4460, 0x000001acff130d80,
0x000001acff133b10, 0x000001acff134020, 0x000001acff134530
}

Java Threads: ( => current thread )
  0x000001ace05228c0 JavaThread "main" [_thread_blocked, id=19056, stack(0x00000028c3700000,0x00000028c3800000)]
  0x000001ace05de770 JavaThread "Reference Handler" daemon [_thread_blocked, id=2268, stack(0x00000028c3a00000,0x00000028c3b00000)]
  0x000001acf4391220 JavaThread "Finalizer" daemon [_thread_blocked, id=18732, stack(0x00000028c3b00000,0x00000028c3c00000)]
  0x000001acf9754f30 JavaThread "Signal Dispatcher" daemon [_thread_blocked, id=8012, stack(0x00000028c3c00000,0x00000028c3d00000)]
  0x000001acf9756800 JavaThread "Attach Listener" daemon [_thread_blocked, id=10652, stack(0x00000028c3d00000,0x00000028c3e00000)]
  0x000001acf9757f50 JavaThread "Service Thread" daemon [_thread_blocked, id=23752, stack(0x00000028c3e00000,0x00000028c3f00000)]
  0x000001acf975c7a0 JavaThread "Monitor Deflation Thread" daemon [_thread_blocked, id=2676, stack(0x00000028c3f00000,0x00000028c4000000)]
  0x000001acf97624e0 JavaThread "C2 CompilerThread0" daemon [_thread_in_native, id=10524, stack(0x00000028c4000000,0x00000028c4100000)]
  0x000001acf9763720 JavaThread "C1 CompilerThread0" daemon [_thread_blocked, id=23796, stack(0x00000028c4100000,0x00000028c4200000)]
  0x000001acf976c8e0 JavaThread "Sweeper thread" daemon [_thread_blocked, id=10604, stack(0x00000028c4200000,0x00000028c4300000)]
  0x000001acf9871350 JavaThread "Common-Cleaner" daemon [_thread_blocked, id=22564, stack(0x00000028c4300000,0x00000028c4400000)]
  0x000001acf9904090 JavaThread "C1 CompilerThread1" daemon [_thread_blocked, id=15916, stack(0x00000028c4400000,0x00000028c4500000)]
  0x000001acfb6846b0 JavaThread "Notification Thread" daemon [_thread_blocked, id=14864, stack(0x00000028c4900000,0x00000028c4a00000)]
  0x000001acfb79e970 JavaThread "Active Thread: Equinox Container: 5103ecf2-44a8-4be0-a140-2954e67b6fe0" [_thread_blocked, id=11448, stack(0x00000028c5000000,0x00000028c5100000)]
  0x000001acfc057c70 JavaThread "Framework Event Dispatcher: Equinox Container: 5103ecf2-44a8-4be0-a140-2954e67b6fe0" daemon [_thread_blocked, id=21208, stack(0x00000028c5100000,0x00000028c5200000)]
  0x000001acfbf4b930 JavaThread "Start Level: Equinox Container: 5103ecf2-44a8-4be0-a140-2954e67b6fe0" daemon [_thread_blocked, id=20952, stack(0x00000028c5200000,0x00000028c5300000)]
  0x000001acfc07c660 JavaThread "SCR Component Actor" daemon [_thread_blocked, id=23192, stack(0x00000028c5300000,0x00000028c5400000)]
  0x000001acfc07f5f0 JavaThread "SCR Component Registry" daemon [_thread_blocked, id=17084, stack(0x00000028c5600000,0x00000028c5700000)]
  0x000001acfbfbd5d0 JavaThread "Worker-JM" [_thread_blocked, id=2148, stack(0x00000028c5700000,0x00000028c5800000)]
  0x000001acfc402720 JavaThread "Worker-0" [_thread_blocked, id=9772, stack(0x00000028c5a00000,0x00000028c5b00000)]
  0x000001acfc402250 JavaThread "Worker-1" [_thread_blocked, id=5676, stack(0x00000028c5b00000,0x00000028c5c00000)]
  0x000001acfc4013e0 JavaThread "Worker-2" [_thread_blocked, id=13752, stack(0x00000028c6300000,0x00000028c6400000)]
  0x000001acfc401d80 JavaThread "JNA Cleaner" daemon [_thread_blocked, id=19872, stack(0x00000028c6400000,0x00000028c6500000)]
  0x000001acfc400f10 JavaThread "pool-2-thread-1" [_thread_blocked, id=21956, stack(0x00000028c6200000,0x00000028c6300000)]
  0x000001acfc4018b0 JavaThread "WorkspaceEventsHandler" [_thread_blocked, id=9136, stack(0x00000028c6500000,0x00000028c6600000)]
  0x000001ac810c57a0 JavaThread "pool-1-thread-1" [_thread_in_native, id=16896, stack(0x00000028c6600000,0x00000028c6700000)]
  0x000001ac810c4460 JavaThread "ForkJoinPool.commonPool-worker-1" daemon [_thread_blocked, id=19604, stack(0x00000028c4500000,0x00000028c4600000)]
  0x000001acff130d80 JavaThread "C2 CompilerThread1" daemon [_thread_blocked, id=19240, stack(0x00000028c4600000,0x00000028c4700000)]
  0x000001acff133b10 JavaThread "C2 CompilerThread2" daemon [_thread_blocked, id=5956, stack(0x00000028c4700000,0x00000028c4800000)]
=>0x000001acff134020 JavaThread "C2 CompilerThread3" daemon [_thread_in_native, id=14372, stack(0x00000028c4800000,0x00000028c4900000)]
  0x000001acff134530 JavaThread "C2 CompilerThread4" daemon [_thread_blocked, id=23280, stack(0x00000028c5e00000,0x00000028c5f00000)]

Other Threads:
  0x000001acde3bebf0 VMThread "VM Thread" [stack: 0x00000028c3900000,0x00000028c3a00000] [id=5064]
  0x000001acfb684b80 WatcherThread [stack: 0x00000028c4a00000,0x00000028c4b00000] [id=21892]
  0x000001ace0537640 GCTaskThread "GC Thread#0" [stack: 0x00000028c3800000,0x00000028c3900000] [id=19920]
  0x000001acfbcdd6f0 GCTaskThread "GC Thread#1" [stack: 0x00000028c4b00000,0x00000028c4c00000] [id=13224]
  0x000001acfbcdd9a0 GCTaskThread "GC Thread#2" [stack: 0x00000028c4c00000,0x00000028c4d00000] [id=23380]
  0x000001acfb930520 GCTaskThread "GC Thread#3" [stack: 0x00000028c4d00000,0x00000028c4e00000] [id=8976]
  0x000001acfb9307d0 GCTaskThread "GC Thread#4" [stack: 0x00000028c4e00000,0x00000028c4f00000] [id=18612]
  0x000001acfbff3450 GCTaskThread "GC Thread#5" [stack: 0x00000028c4f00000,0x00000028c5000000] [id=18728]
  0x000001acfbf49ec0 GCTaskThread "GC Thread#6" [stack: 0x00000028c5400000,0x00000028c5500000] [id=23000]
  0x000001acfbf4a170 GCTaskThread "GC Thread#7" [stack: 0x00000028c5500000,0x00000028c5600000] [id=20348]
  0x000001acfc1ff430 GCTaskThread "GC Thread#8" [stack: 0x00000028c5800000,0x00000028c5900000] [id=13588]
  0x000001acfc1ff990 GCTaskThread "GC Thread#9" [stack: 0x00000028c5900000,0x00000028c5a00000] [id=4812]
  0x000001acfc2009b0 GCTaskThread "GC Thread#10" [stack: 0x00000028c5c00000,0x00000028c5d00000] [id=5108]
  0x000001acfc200c60 GCTaskThread "GC Thread#11" [stack: 0x00000028c5d00000,0x00000028c5e00000] [id=11332]
  0x000001acfc1ffc40 GCTaskThread "GC Thread#12" [stack: 0x00000028c5f00000,0x00000028c6000000] [id=23372]

Threads with active compile tasks:
C2 CompilerThread0     5980 4152 %     4       java.io.WinNTFileSystem::normalize @ 22 (143 bytes)
C2 CompilerThread3     5980 4148       4       org.eclipse.core.internal.dtree.DataTreeWriter::writeNode (182 bytes)

VM state: not at safepoint (normal execution)

VM Mutex/Monitor currently owned by a thread: None

Heap address: 0x00000000c0000000, size: 1024 MB, Compressed Oops mode: 32-bit

CDS archive(s) not mapped
Compressed class space mapped at: 0x0000000100000000-0x0000000140000000, reserved size: 1073741824
Narrow klass base: 0x0000000000000000, Narrow klass shift: 3, Narrow klass range: 0x140000000

GC Precious Log:
 CPUs: 16 total, 16 available
 Memory: 16085M
 Large Page Support: Disabled
 NUMA Support: Disabled
 Compressed Oops: Enabled (32-bit)
 Alignments: Space 512K, Generation 512K, Heap 2M
 Heap Min Capacity: 100M
 Heap Initial Capacity: 100M
 Heap Max Capacity: 1G
 Pre-touch: Disabled
 Parallel Workers: 13

Heap:
 PSYoungGen      total 23040K, used 3505K [0x00000000eab00000, 0x00000000ec400000, 0x0000000100000000)
  eden space 20480K, 5% used [0x00000000eab00000,0x00000000eac0c668,0x00000000ebf00000)
  from space 2560K, 95% used [0x00000000ec180000,0x00000000ec3e0000,0x00000000ec400000)
  to   space 2560K, 0% used [0x00000000ebf00000,0x00000000ebf00000,0x00000000ec180000)
 ParOldGen       total 68608K, used 29795K [0x00000000c0000000, 0x00000000c4300000, 0x00000000eab00000)
  object space 68608K, 43% used [0x00000000c0000000,0x00000000c1d18f80,0x00000000c4300000)
 Metaspace       used 37193K, committed 37952K, reserved 1114112K
  class space    used 3790K, committed 4096K, reserved 1048576K

Card table byte_map: [0x000001acdfee0000,0x000001ace00f0000] _byte_map_base: 0x000001acdf8e0000

Marking Bits: (ParMarkBitMap*) 0x00007ffecc6652c0
 Begin Bits: [0x000001acf21a0000, 0x000001acf31a0000)
 End Bits:   [0x000001acf31a0000, 0x000001acf41a0000)

Polling page: 0x000001acde4b0000

Metaspace:

Usage:
  Non-class:     32.62 MB used.
      Class:      3.70 MB used.
       Both:     36.32 MB used.

Virtual space:
  Non-class space:       64.00 MB reserved,      33.06 MB ( 52%) committed,  1 nodes.
      Class space:        1.00 GB reserved,       4.00 MB ( <1%) committed,  1 nodes.
             Both:        1.06 GB reserved,      37.06 MB (  3%) committed. 

Chunk freelists:
   Non-Class:  14.05 MB
       Class:  11.89 MB
        Both:  25.93 MB

MaxMetaspaceSize: unlimited
CompressedClassSpaceSize: 1.00 GB
Initial GC threshold: 21.00 MB
Current GC threshold: 58.88 MB
CDS: off
MetaspaceReclaimPolicy: balanced
 - commit_granule_bytes: 65536.
 - commit_granule_words: 8192.
 - virtual_space_node_default_size: 8388608.
 - enlarge_chunks_in_place: 1.
 - new_chunks_are_fully_committed: 0.
 - uncommit_free_chunks: 1.
 - use_allocation_guard: 0.
 - handle_deallocations: 1.


Internal statistics:

num_allocs_failed_limit: 10.
num_arena_births: 368.
num_arena_deaths: 14.
num_vsnodes_births: 2.
num_vsnodes_deaths: 0.
num_space_committed: 593.
num_space_uncommitted: 0.
num_chunks_returned_to_freelist: 24.
num_chunks_taken_from_freelist: 1533.
num_chunk_merges: 14.
num_chunk_splits: 994.
num_chunks_enlarged: 640.
num_inconsistent_stats: 0.

CodeHeap 'non-profiled nmethods': size=119168Kb used=2650Kb max_used=2650Kb free=116518Kb
 bounds [0x000001acead40000, 0x000001aceafe0000, 0x000001acf21a0000]
CodeHeap 'profiled nmethods': size=119104Kb used=8543Kb max_used=8543Kb free=110560Kb
 bounds [0x000001ace31a0000, 0x000001ace3a00000, 0x000001acea5f0000]
CodeHeap 'non-nmethods': size=7488Kb used=1848Kb max_used=3059Kb free=5639Kb
 bounds [0x000001acea5f0000, 0x000001acea900000, 0x000001acead40000]
 total_blobs=4776 nmethods=4178 adapters=510
 compilation: enabled
              stopped_count=0, restarted_count=0
 full_count=0

Compilation events (20 events):
Event: 5.928 Thread 0x000001acff134530 4170       4       org.eclipse.core.internal.resources.MarkerManager::save (13 bytes)
Event: 5.929 Thread 0x000001acff134530 nmethod 4170 0x000001aceafd2410 code [0x000001aceafd2580, 0x000001aceafd2698]
Event: 5.929 Thread 0x000001acff134530 4172   !   4       org.eclipse.core.internal.resources.SaveManager::lambda$4 (137 bytes)
Event: 5.931 Thread 0x000001acff130d80 nmethod 4161 0x000001aceafd2810 code [0x000001aceafd29e0, 0x000001aceafd2f48]
Event: 5.931 Thread 0x000001acff130d80 4171       4       org.eclipse.core.internal.resources.Synchronizer::saveSyncInfo (13 bytes)
Event: 5.932 Thread 0x000001acff130d80 nmethod 4171 0x000001aceafd3490 code [0x000001aceafd3620, 0x000001aceafd3728]
Event: 5.932 Thread 0x000001acff130d80 4173       4       org.eclipse.core.internal.resources.SyncInfoWriter::saveSyncInfo (192 bytes)
Event: 5.932 Thread 0x000001acff134530 nmethod 4172 0x000001aceafd3890 code [0x000001aceafd3a40, 0x000001aceafd3e88]
Event: 5.932 Thread 0x000001acff130d80 nmethod 4173 0x000001aceafd4410 code [0x000001aceafd45a0, 0x000001aceafd4668]
Event: 5.934 Thread 0x000001acff130d80 4174  s    4       org.eclipse.core.internal.resources.ResourceInfo::getSyncInfo (31 bytes)
Event: 5.934 Thread 0x000001acff133b10 nmethod 4169 0x000001aceafd4790 code [0x000001aceafd4940, 0x000001aceafd4f28]
Event: 5.935 Thread 0x000001acff130d80 nmethod 4174 0x000001aceafd5510 code [0x000001aceafd5680, 0x000001aceafd5858]
Event: 5.939 Thread 0x000001acff133b10 4176       4       java.lang.StringLatin1::getChars (12 bytes)
Event: 5.939 Thread 0x000001acff134530 4177       4       java.lang.String::getChars (54 bytes)
Event: 5.940 Thread 0x000001acff133b10 nmethod 4176 0x000001aceafd5c10 code [0x000001aceafd5d80, 0x000001aceafd5f78]
Event: 5.941 Thread 0x000001acff134530 nmethod 4177 0x000001aceafd6010 code [0x000001aceafd61a0, 0x000001aceafd6558]
Event: 5.949 Thread 0x000001acf9763720 4178       3       org.eclipse.core.internal.dtree.DataTreeLookup::<init> (26 bytes)
Event: 5.949 Thread 0x000001acf9904090 4179       3       org.eclipse.core.internal.dtree.DataTreeLookup::newLookup (12 bytes)
Event: 5.949 Thread 0x000001acf9763720 nmethod 4178 0x000001ace39f4b10 code [0x000001ace39f4ca0, 0x000001ace39f4e58]
Event: 5.949 Thread 0x000001acf9904090 nmethod 4179 0x000001ace39f4f10 code [0x000001ace39f50c0, 0x000001ace39f52f8]

GC Heap History (20 events):
Event: 3.007 GC heap before
{Heap before GC invocations=11 (full 1):
 PSYoungGen      total 26112K, used 2861K [0x00000000eab00000, 0x00000000ec780000, 0x0000000100000000)
  eden space 23040K, 3% used [0x00000000eab00000,0x00000000eabae718,0x00000000ec180000)
  from space 3072K, 70% used [0x00000000ec200000,0x00000000ec41cda8,0x00000000ec500000)
  to   space 2560K, 0% used [0x00000000ec500000,0x00000000ec500000,0x00000000ec780000)
 ParOldGen       total 68608K, used 15033K [0x00000000c0000000, 0x00000000c4300000, 0x00000000eab00000)
  object space 68608K, 21% used [0x00000000c0000000,0x00000000c0eae570,0x00000000c4300000)
 Metaspace       used 35159K, committed 35904K, reserved 1114112K
  class space    used 3568K, committed 3904K, reserved 1048576K
}
Event: 3.008 GC heap after
{Heap after GC invocations=11 (full 1):
 PSYoungGen      total 25088K, used 1917K [0x00000000eab00000, 0x00000000ec700000, 0x0000000100000000)
  eden space 23040K, 0% used [0x00000000eab00000,0x00000000eab00000,0x00000000ec180000)
  from space 2048K, 93% used [0x00000000ec500000,0x00000000ec6df668,0x00000000ec700000)
  to   space 2048K, 0% used [0x00000000ec300000,0x00000000ec300000,0x00000000ec500000)
 ParOldGen       total 68608K, used 15406K [0x00000000c0000000, 0x00000000c4300000, 0x00000000eab00000)
  object space 68608K, 22% used [0x00000000c0000000,0x00000000c0f0bb38,0x00000000c4300000)
 Metaspace       used 35159K, committed 35904K, reserved 1114112K
  class space    used 3568K, committed 3904K, reserved 1048576K
}
Event: 3.020 GC heap before
{Heap before GC invocations=12 (full 1):
 PSYoungGen      total 25088K, used 3826K [0x00000000eab00000, 0x00000000ec700000, 0x0000000100000000)
  eden space 23040K, 8% used [0x00000000eab00000,0x00000000eacdd488,0x00000000ec180000)
  from space 2048K, 93% used [0x00000000ec500000,0x00000000ec6df668,0x00000000ec700000)
  to   space 2048K, 0% used [0x00000000ec300000,0x00000000ec300000,0x00000000ec500000)
 ParOldGen       total 68608K, used 15406K [0x00000000c0000000, 0x00000000c4300000, 0x00000000eab00000)
  object space 68608K, 22% used [0x00000000c0000000,0x00000000c0f0bb38,0x00000000c4300000)
 Metaspace       used 35469K, committed 36160K, reserved 1114112K
  class space    used 3599K, committed 3904K, reserved 1048576K
}
Event: 3.021 GC heap after
{Heap after GC invocations=12 (full 1):
 PSYoungGen      total 23552K, used 480K [0x00000000eab00000, 0x00000000ec580000, 0x0000000100000000)
  eden space 23040K, 0% used [0x00000000eab00000,0x00000000eab00000,0x00000000ec180000)
  from space 512K, 93% used [0x00000000ec300000,0x00000000ec378000,0x00000000ec380000)
  to   space 1536K, 0% used [0x00000000ec400000,0x00000000ec400000,0x00000000ec580000)
 ParOldGen       total 68608K, used 17122K [0x00000000c0000000, 0x00000000c4300000, 0x00000000eab00000)
  object space 68608K, 24% used [0x00000000c0000000,0x00000000c10b8938,0x00000000c4300000)
 Metaspace       used 35469K, committed 36160K, reserved 1114112K
  class space    used 3599K, committed 3904K, reserved 1048576K
}
Event: 3.021 GC heap before
{Heap before GC invocations=13 (full 2):
 PSYoungGen      total 23552K, used 480K [0x00000000eab00000, 0x00000000ec580000, 0x0000000100000000)
  eden space 23040K, 0% used [0x00000000eab00000,0x00000000eab00000,0x00000000ec180000)
  from space 512K, 93% used [0x00000000ec300000,0x00000000ec378000,0x00000000ec380000)
  to   space 1536K, 0% used [0x00000000ec400000,0x00000000ec400000,0x00000000ec580000)
 ParOldGen       total 68608K, used 17122K [0x00000000c0000000, 0x00000000c4300000, 0x00000000eab00000)
  object space 68608K, 24% used [0x00000000c0000000,0x00000000c10b8938,0x00000000c4300000)
 Metaspace       used 35469K, committed 36160K, reserved 1114112K
  class space    used 3599K, committed 3904K, reserved 1048576K
}
Event: 3.037 GC heap after
{Heap after GC invocations=13 (full 2):
 PSYoungGen      total 23552K, used 0K [0x00000000eab00000, 0x00000000ec580000, 0x0000000100000000)
  eden space 23040K, 0% used [0x00000000eab00000,0x00000000eab00000,0x00000000ec180000)
  from space 512K, 0% used [0x00000000ec300000,0x00000000ec300000,0x00000000ec380000)
  to   space 1536K, 0% used [0x00000000ec400000,0x00000000ec400000,0x00000000ec580000)
 ParOldGen       total 68608K, used 16915K [0x00000000c0000000, 0x00000000c4300000, 0x00000000eab00000)
  object space 68608K, 24% used [0x00000000c0000000,0x00000000c1084c90,0x00000000c4300000)
 Metaspace       used 35469K, committed 36160K, reserved 1114112K
  class space    used 3599K, committed 3904K, reserved 1048576K
}
Event: 3.165 GC heap before
{Heap before GC invocations=14 (full 2):
 PSYoungGen      total 23552K, used 23040K [0x00000000eab00000, 0x00000000ec580000, 0x0000000100000000)
  eden space 23040K, 100% used [0x00000000eab00000,0x00000000ec180000,0x00000000ec180000)
  from space 512K, 0% used [0x00000000ec300000,0x00000000ec300000,0x00000000ec380000)
  to   space 1536K, 0% used [0x00000000ec400000,0x00000000ec400000,0x00000000ec580000)
 ParOldGen       total 68608K, used 16915K [0x00000000c0000000, 0x00000000c4300000, 0x00000000eab00000)
  object space 68608K, 24% used [0x00000000c0000000,0x00000000c1084c90,0x00000000c4300000)
 Metaspace       used 36364K, committed 37120K, reserved 1114112K
  class space    used 3704K, committed 4032K, reserved 1048576K
}
Event: 3.167 GC heap after
{Heap after GC invocations=14 (full 2):
 PSYoungGen      total 24064K, used 1504K [0x00000000eab00000, 0x00000000ec600000, 0x0000000100000000)
  eden space 22528K, 0% used [0x00000000eab00000,0x00000000eab00000,0x00000000ec100000)
  from space 1536K, 97% used [0x00000000ec400000,0x00000000ec578020,0x00000000ec580000)
  to   space 2560K, 0% used [0x00000000ec100000,0x00000000ec100000,0x00000000ec380000)
 ParOldGen       total 68608K, used 17363K [0x00000000c0000000, 0x00000000c4300000, 0x00000000eab00000)
  object space 68608K, 25% used [0x00000000c0000000,0x00000000c10f4c90,0x00000000c4300000)
 Metaspace       used 36364K, committed 37120K, reserved 1114112K
  class space    used 3704K, committed 4032K, reserved 1048576K
}
Event: 3.264 GC heap before
{Heap before GC invocations=15 (full 2):
 PSYoungGen      total 24064K, used 24032K [0x00000000eab00000, 0x00000000ec600000, 0x0000000100000000)
  eden space 22528K, 100% used [0x00000000eab00000,0x00000000ec100000,0x00000000ec100000)
  from space 1536K, 97% used [0x00000000ec400000,0x00000000ec578020,0x00000000ec580000)
  to   space 2560K, 0% used [0x00000000ec100000,0x00000000ec100000,0x00000000ec380000)
 ParOldGen       total 68608K, used 17363K [0x00000000c0000000, 0x00000000c4300000, 0x00000000eab00000)
  object space 68608K, 25% used [0x00000000c0000000,0x00000000c10f4c90,0x00000000c4300000)
 Metaspace       used 36556K, committed 37248K, reserved 1114112K
  class space    used 3722K, committed 4032K, reserved 1048576K
}
Event: 3.266 GC heap after
{Heap after GC invocations=15 (full 2):
 PSYoungGen      total 24576K, used 2272K [0x00000000eab00000, 0x00000000ec580000, 0x0000000100000000)
  eden space 22016K, 0% used [0x00000000eab00000,0x00000000eab00000,0x00000000ec080000)
  from space 2560K, 88% used [0x00000000ec100000,0x00000000ec338010,0x00000000ec380000)
  to   space 2048K, 0% used [0x00000000ec380000,0x00000000ec380000,0x00000000ec580000)
 ParOldGen       total 68608K, used 18827K [0x00000000c0000000, 0x00000000c4300000, 0x00000000eab00000)
  object space 68608K, 27% used [0x00000000c0000000,0x00000000c1262cb0,0x00000000c4300000)
 Metaspace       used 36556K, committed 37248K, reserved 1114112K
  class space    used 3722K, committed 4032K, reserved 1048576K
}
Event: 3.318 GC heap before
{Heap before GC invocations=16 (full 2):
 PSYoungGen      total 24576K, used 24288K [0x00000000eab00000, 0x00000000ec580000, 0x0000000100000000)
  eden space 22016K, 100% used [0x00000000eab00000,0x00000000ec080000,0x00000000ec080000)
  from space 2560K, 88% used [0x00000000ec100000,0x00000000ec338010,0x00000000ec380000)
  to   space 2048K, 0% used [0x00000000ec380000,0x00000000ec380000,0x00000000ec580000)
 ParOldGen       total 68608K, used 18827K [0x00000000c0000000, 0x00000000c4300000, 0x00000000eab00000)
  object space 68608K, 27% used [0x00000000c0000000,0x00000000c1262cb0,0x00000000c4300000)
 Metaspace       used 36636K, committed 37312K, reserved 1114112K
  class space    used 3726K, committed 4032K, reserved 1048576K
}
Event: 3.319 GC heap after
{Heap after GC invocations=16 (full 2):
 PSYoungGen      total 22528K, used 2016K [0x00000000eab00000, 0x00000000ec980000, 0x0000000100000000)
  eden space 20480K, 0% used [0x00000000eab00000,0x00000000eab00000,0x00000000ebf00000)
  from space 2048K, 98% used [0x00000000ec380000,0x00000000ec578010,0x00000000ec580000)
  to   space 4608K, 0% used [0x00000000ebf00000,0x00000000ebf00000,0x00000000ec380000)
 ParOldGen       total 68608K, used 20955K [0x00000000c0000000, 0x00000000c4300000, 0x00000000eab00000)
  object space 68608K, 30% used [0x00000000c0000000,0x00000000c1476cb0,0x00000000c4300000)
 Metaspace       used 36636K, committed 37312K, reserved 1114112K
  class space    used 3726K, committed 4032K, reserved 1048576K
}
Event: 3.368 GC heap before
{Heap before GC invocations=17 (full 2):
 PSYoungGen      total 22528K, used 22496K [0x00000000eab00000, 0x00000000ec980000, 0x0000000100000000)
  eden space 20480K, 100% used [0x00000000eab00000,0x00000000ebf00000,0x00000000ebf00000)
  from space 2048K, 98% used [0x00000000ec380000,0x00000000ec578010,0x00000000ec580000)
  to   space 4608K, 0% used [0x00000000ebf00000,0x00000000ebf00000,0x00000000ec380000)
 ParOldGen       total 68608K, used 20955K [0x00000000c0000000, 0x00000000c4300000, 0x00000000eab00000)
  object space 68608K, 30% used [0x00000000c0000000,0x00000000c1476cb0,0x00000000c4300000)
 Metaspace       used 36707K, committed 37440K, reserved 1114112K
  class space    used 3740K, committed 4096K, reserved 1048576K
}
Event: 3.370 GC heap after
{Heap after GC invocations=17 (full 2):
 PSYoungGen      total 23040K, used 2496K [0x00000000eab00000, 0x00000000ec600000, 0x0000000100000000)
  eden space 20480K, 0% used [0x00000000eab00000,0x00000000eab00000,0x00000000ebf00000)
  from space 2560K, 97% used [0x00000000ebf00000,0x00000000ec170010,0x00000000ec180000)
  to   space 3584K, 0% used [0x00000000ec280000,0x00000000ec280000,0x00000000ec600000)
 ParOldGen       total 68608K, used 22983K [0x00000000c0000000, 0x00000000c4300000, 0x00000000eab00000)
  object space 68608K, 33% used [0x00000000c0000000,0x00000000c1671e40,0x00000000c4300000)
 Metaspace       used 36707K, committed 37440K, reserved 1114112K
  class space    used 3740K, committed 4096K, reserved 1048576K
}
Event: 3.394 GC heap before
{Heap before GC invocations=18 (full 2):
 PSYoungGen      total 23040K, used 22976K [0x00000000eab00000, 0x00000000ec600000, 0x0000000100000000)
  eden space 20480K, 100% used [0x00000000eab00000,0x00000000ebf00000,0x00000000ebf00000)
  from space 2560K, 97% used [0x00000000ebf00000,0x00000000ec170010,0x00000000ec180000)
  to   space 3584K, 0% used [0x00000000ec280000,0x00000000ec280000,0x00000000ec600000)
 ParOldGen       total 68608K, used 22983K [0x00000000c0000000, 0x00000000c4300000, 0x00000000eab00000)
  object space 68608K, 33% used [0x00000000c0000000,0x00000000c1671e40,0x00000000c4300000)
 Metaspace       used 36707K, committed 37440K, reserved 1114112K
  class space    used 3740K, committed 4096K, reserved 1048576K
}
Event: 3.396 GC heap after
{Heap after GC invocations=18 (full 2):
 PSYoungGen      total 23040K, used 2496K [0x00000000eab00000, 0x00000000ec500000, 0x0000000100000000)
  eden space 20480K, 0% used [0x00000000eab00000,0x00000000eab00000,0x00000000ebf00000)
  from space 2560K, 97% used [0x00000000ec280000,0x00000000ec4f0010,0x00000000ec500000)
  to   space 3072K, 0% used [0x00000000ebf00000,0x00000000ebf00000,0x00000000ec200000)
 ParOldGen       total 68608K, used 25277K [0x00000000c0000000, 0x00000000c4300000, 0x00000000eab00000)
  object space 68608K, 36% used [0x00000000c0000000,0x00000000c18af6f0,0x00000000c4300000)
 Metaspace       used 36707K, committed 37440K, reserved 1114112K
  class space    used 3740K, committed 4096K, reserved 1048576K
}
Event: 3.418 GC heap before
{Heap before GC invocations=19 (full 2):
 PSYoungGen      total 23040K, used 22976K [0x00000000eab00000, 0x00000000ec500000, 0x0000000100000000)
  eden space 20480K, 100% used [0x00000000eab00000,0x00000000ebf00000,0x00000000ebf00000)
  from space 2560K, 97% used [0x00000000ec280000,0x00000000ec4f0010,0x00000000ec500000)
  to   space 3072K, 0% used [0x00000000ebf00000,0x00000000ebf00000,0x00000000ec200000)
 ParOldGen       total 68608K, used 25277K [0x00000000c0000000, 0x00000000c4300000, 0x00000000eab00000)
  object space 68608K, 36% used [0x00000000c0000000,0x00000000c18af6f0,0x00000000c4300000)
 Metaspace       used 36707K, committed 37440K, reserved 1114112K
  class space    used 3740K, committed 4096K, reserved 1048576K
}
Event: 3.420 GC heap after
{Heap after GC invocations=19 (full 2):
 PSYoungGen      total 23040K, used 2336K [0x00000000eab00000, 0x00000000ec400000, 0x0000000100000000)
  eden space 20480K, 0% used [0x00000000eab00000,0x00000000eab00000,0x00000000ebf00000)
  from space 2560K, 91% used [0x00000000ebf00000,0x00000000ec148000,0x00000000ec180000)
  to   space 2560K, 0% used [0x00000000ec180000,0x00000000ec180000,0x00000000ec400000)
 ParOldGen       total 68608K, used 27621K [0x00000000c0000000, 0x00000000c4300000, 0x00000000eab00000)
  object space 68608K, 40% used [0x00000000c0000000,0x00000000c1af9700,0x00000000c4300000)
 Metaspace       used 36707K, committed 37440K, reserved 1114112K
  class space    used 3740K, committed 4096K, reserved 1048576K
}
Event: 5.910 GC heap before
{Heap before GC invocations=20 (full 2):
 PSYoungGen      total 23040K, used 22816K [0x00000000eab00000, 0x00000000ec400000, 0x0000000100000000)
  eden space 20480K, 100% used [0x00000000eab00000,0x00000000ebf00000,0x00000000ebf00000)
  from space 2560K, 91% used [0x00000000ebf00000,0x00000000ec148000,0x00000000ec180000)
  to   space 2560K, 0% used [0x00000000ec180000,0x00000000ec180000,0x00000000ec400000)
 ParOldGen       total 68608K, used 27621K [0x00000000c0000000, 0x00000000c4300000, 0x00000000eab00000)
  object space 68608K, 40% used [0x00000000c0000000,0x00000000c1af9700,0x00000000c4300000)
 Metaspace       used 37101K, committed 37824K, reserved 1114112K
  class space    used 3778K, committed 4096K, reserved 1048576K
}
Event: 5.912 GC heap after
{Heap after GC invocations=20 (full 2):
 PSYoungGen      total 23040K, used 2432K [0x00000000eab00000, 0x00000000ec400000, 0x0000000100000000)
  eden space 20480K, 0% used [0x00000000eab00000,0x00000000eab00000,0x00000000ebf00000)
  from space 2560K, 95% used [0x00000000ec180000,0x00000000ec3e0000,0x00000000ec400000)
  to   space 2560K, 0% used [0x00000000ebf00000,0x00000000ebf00000,0x00000000ec180000)
 ParOldGen       total 68608K, used 29795K [0x00000000c0000000, 0x00000000c4300000, 0x00000000eab00000)
  object space 68608K, 43% used [0x00000000c0000000,0x00000000c1d18f80,0x00000000c4300000)
 Metaspace       used 37101K, committed 37824K, reserved 1114112K
  class space    used 3778K, committed 4096K, reserved 1048576K
}

Dll operation events (10 events):
Event: 0.008 Loaded shared library c:\Users\Admin\.vscode\extensions\redhat.java-1.21.0-win32-x64\jre\17.0.7-win32-x86_64\bin\java.dll
Event: 0.153 Loaded shared library c:\Users\Admin\.vscode\extensions\redhat.java-1.21.0-win32-x64\jre\17.0.7-win32-x86_64\bin\zip.dll
Event: 0.154 Loaded shared library C:\Users\Admin\.vscode\extensions\redhat.java-1.21.0-win32-x64\jre\17.0.7-win32-x86_64\bin\instrument.dll
Event: 0.170 Loaded shared library C:\Users\Admin\.vscode\extensions\redhat.java-1.21.0-win32-x64\jre\17.0.7-win32-x86_64\bin\net.dll
Event: 0.172 Loaded shared library C:\Users\Admin\.vscode\extensions\redhat.java-1.21.0-win32-x64\jre\17.0.7-win32-x86_64\bin\nio.dll
Event: 0.180 Loaded shared library C:\Users\Admin\.vscode\extensions\redhat.java-1.21.0-win32-x64\jre\17.0.7-win32-x86_64\bin\zip.dll
Event: 0.193 Loaded shared library C:\Users\Admin\.vscode\extensions\redhat.java-1.21.0-win32-x64\jre\17.0.7-win32-x86_64\bin\jimage.dll
Event: 0.239 Loaded shared library c:\Users\Admin\.vscode\extensions\redhat.java-1.21.0-win32-x64\jre\17.0.7-win32-x86_64\bin\verify.dll
Event: 1.034 Loaded shared library C:\Users\Admin\AppData\Roaming\Code\User\globalStorage\redhat.java\1.21.0\config_ss_win\org.eclipse.equinox.launcher\org.eclipse.equinox.launcher.win32.win32.x86_64_1.2.700.v20221108-1024\eclipse_11801.dll
Event: 2.687 Loaded shared library C:\Users\Admin\AppData\Local\Temp\jna-63116079\jna5384502114535041480.dll

Deoptimization events (20 events):
Event: 5.919 Thread 0x000001acfc402720 Uncommon trap: trap_request=0xffffff45 fr.pc=0x000001aceaecb430 relative=0x0000000000000190
Event: 5.919 Thread 0x000001acfc402720 Uncommon trap: reason=unstable_if action=reinterpret pc=0x000001aceaecb430 method=jdk.internal.org.objectweb.asm.Frame.push(I)V @ 26 c2
Event: 5.919 Thread 0x000001acfc402720 DEOPT PACKING pc=0x000001aceaecb430 sp=0x00000028c5afd5e0
Event: 5.919 Thread 0x000001acfc402720 DEOPT UNPACKING pc=0x000001acea649ea3 sp=0x00000028c5afd578 mode 2
Event: 5.925 Thread 0x000001ac810c1de0 Uncommon trap: trap_request=0xffffffc6 fr.pc=0x000001aceafa58e4 relative=0x0000000000003404
Event: 5.925 Thread 0x000001ac810c1de0 Uncommon trap: reason=bimorphic_or_optimized_type_check action=maybe_recompile pc=0x000001aceafa58e4 method=org.eclipse.core.internal.watson.ElementTreeIterator.doIteration(Lorg/eclipse/core/internal/dtree/DataTreeNode;Lorg/eclipse/core/internal/watson/IE
Event: 5.925 Thread 0x000001ac810c1de0 DEOPT PACKING pc=0x000001aceafa58e4 sp=0x00000028c60fe570
Event: 5.925 Thread 0x000001ac810c1de0 DEOPT UNPACKING pc=0x000001acea649ea3 sp=0x00000028c60fe580 mode 2
Event: 5.925 Thread 0x000001ac810c1de0 Uncommon trap: trap_request=0xffffffc6 fr.pc=0x000001aceafa58e4 relative=0x0000000000003404
Event: 5.925 Thread 0x000001ac810c1de0 Uncommon trap: reason=bimorphic_or_optimized_type_check action=maybe_recompile pc=0x000001aceafa58e4 method=org.eclipse.core.internal.watson.ElementTreeIterator.doIteration(Lorg/eclipse/core/internal/dtree/DataTreeNode;Lorg/eclipse/core/internal/watson/IE
Event: 5.925 Thread 0x000001ac810c1de0 DEOPT PACKING pc=0x000001aceafa58e4 sp=0x00000028c60fe4e0
Event: 5.925 Thread 0x000001ac810c1de0 DEOPT UNPACKING pc=0x000001acea649ea3 sp=0x00000028c60fe4f0 mode 2
Event: 5.925 Thread 0x000001ac810c1de0 Uncommon trap: trap_request=0xffffffc6 fr.pc=0x000001aceafa58e4 relative=0x0000000000003404
Event: 5.925 Thread 0x000001ac810c1de0 Uncommon trap: reason=bimorphic_or_optimized_type_check action=maybe_recompile pc=0x000001aceafa58e4 method=org.eclipse.core.internal.watson.ElementTreeIterator.doIteration(Lorg/eclipse/core/internal/dtree/DataTreeNode;Lorg/eclipse/core/internal/watson/IE
Event: 5.925 Thread 0x000001ac810c82f0 Uncommon trap: trap_request=0xffffffc6 fr.pc=0x000001aceafa58e4 relative=0x0000000000003404
Event: 5.925 Thread 0x000001ac810c1de0 DEOPT PACKING pc=0x000001aceafa58e4 sp=0x00000028c60fe4e0
Event: 5.925 Thread 0x000001ac810c82f0 Uncommon trap: reason=bimorphic_or_optimized_type_check action=maybe_recompile pc=0x000001aceafa58e4 method=org.eclipse.core.internal.watson.ElementTreeIterator.doIteration(Lorg/eclipse/core/internal/dtree/DataTreeNode;Lorg/eclipse/core/internal/watson/IE
Event: 5.925 Thread 0x000001ac810c82f0 DEOPT PACKING pc=0x000001aceafa58e4 sp=0x00000028c61feae0
Event: 5.925 Thread 0x000001ac810c1de0 DEOPT UNPACKING pc=0x000001acea649ea3 sp=0x00000028c60fe4f0 mode 2
Event: 5.925 Thread 0x000001ac810c82f0 DEOPT UNPACKING pc=0x000001acea649ea3 sp=0x00000028c61feaf0 mode 2

Classes unloaded (7 events):
Event: 1.615 Thread 0x000001acde3bebf0 Unloading class 0x000000010021b000 'java/lang/invoke/LambdaForm$MH+0x000000010021b000'
Event: 1.615 Thread 0x000001acde3bebf0 Unloading class 0x000000010021ac00 'java/lang/invoke/LambdaForm$MH+0x000000010021ac00'
Event: 1.615 Thread 0x000001acde3bebf0 Unloading class 0x000000010021a800 'java/lang/invoke/LambdaForm$MH+0x000000010021a800'
Event: 1.615 Thread 0x000001acde3bebf0 Unloading class 0x000000010021a400 'java/lang/invoke/LambdaForm$MH+0x000000010021a400'
Event: 1.615 Thread 0x000001acde3bebf0 Unloading class 0x000000010021a000 'java/lang/invoke/LambdaForm$BMH+0x000000010021a000'
Event: 1.615 Thread 0x000001acde3bebf0 Unloading class 0x0000000100219c00 'java/lang/invoke/LambdaForm$DMH+0x0000000100219c00'
Event: 1.615 Thread 0x000001acde3bebf0 Unloading class 0x0000000100215000 'java/lang/invoke/LambdaForm$DMH+0x0000000100215000'

Classes redefined (0 events):
No events

Internal exceptions (20 events):
Event: 2.763 Thread 0x000001acfbf4b930 Exception <a 'java/io/FileNotFoundException'{0x00000000eac9ae30}> (0x00000000eac9ae30) 
thrown [s\src\hotspot\share\prims\jni.cpp, line 516]
Event: 2.776 Thread 0x000001acfbf4b930 Exception <a 'java/lang/UnsatisfiedLinkError'{0x00000000ead27c38}: The specified procedure could not be found.
> (0x00000000ead27c38) 
thrown [s\src\hotspot\share\prims\jni.cpp, line 535]
Event: 2.804 Thread 0x000001ace05228c0 Exception <a 'java/lang/NoSuchMethodError'{0x00000000eaf53940}: 'java.lang.Object java.lang.invoke.DirectMethodHandle$Holder.invokeStatic(java.lang.Object, java.lang.Object, long, java.lang.Object)'> (0x00000000eaf53940) 
thrown [s\src\hotspot\share\interpreter\linkResolver.cpp, line 759]
Event: 2.805 Thread 0x000001ace05228c0 Exception <a 'java/lang/NoSuchMethodError'{0x00000000eaf577f0}: 'java.lang.Object java.lang.invoke.DirectMethodHandle$Holder.invokeStaticInit(java.lang.Object, java.lang.Object, long, java.lang.Object)'> (0x00000000eaf577f0) 
thrown [s\src\hotspot\share\interpreter\linkResolver.cpp, line 759]
Event: 2.805 Thread 0x000001ace05228c0 Exception <a 'java/lang/NoSuchMethodError'{0x00000000eaf5de00}: 'java.lang.Object java.lang.invoke.DirectMethodHandle$Holder.newInvokeSpecial(java.lang.Object, java.lang.Object, long)'> (0x00000000eaf5de00) 
thrown [s\src\hotspot\share\interpreter\linkResolver.cpp, line 759]
Event: 2.838 Thread 0x000001ace05228c0 Exception <a 'java/lang/NoSuchMethodError'{0x00000000eb106840}: 'void java.lang.invoke.DirectMethodHandle$Holder.invokeStatic(java.lang.Object, java.lang.Object, java.lang.Object, java.lang.Object)'> (0x00000000eb106840) 
thrown [s\src\hotspot\share\interpreter\linkResolver.cpp, line 759]
Event: 2.914 Thread 0x000001ace05228c0 Exception <a 'java/lang/NoSuchMethodError'{0x00000000eb92fbf0}: 'void java.lang.invoke.DirectMethodHandle$Holder.invokeSpecial(java.lang.Object, java.lang.Object, java.lang.Object, java.lang.Object, java.lang.Object, java.lang.Object)'> (0x00000000eb92fbf0) 
thrown [s\src\hotspot\share\interpreter\linkResolver.cpp, line 759]
Event: 2.915 Thread 0x000001ace05228c0 Exception <a 'java/lang/IncompatibleClassChangeError'{0x00000000eb939738}: Found class java.lang.Object, but interface was expected> (0x00000000eb939738) 
thrown [s\src\hotspot\share\interpreter\linkResolver.cpp, line 826]
Event: 2.975 Thread 0x000001ac810c57a0 Exception <a 'java/io/FileNotFoundException'{0x00000000ebef8f20}> (0x00000000ebef8f20) 
thrown [s\src\hotspot\share\prims\jni.cpp, line 516]
Event: 2.990 Thread 0x000001ac810c57a0 Exception <a 'sun/nio/fs/WindowsException'{0x00000000ec072510}> (0x00000000ec072510) 
thrown [s\src\hotspot\share\prims\jni.cpp, line 516]
Event: 2.991 Thread 0x000001acfc4013e0 Exception <a 'java/io/FileNotFoundException'{0x00000000ec08ef58}> (0x00000000ec08ef58) 
thrown [s\src\hotspot\share\prims\jni.cpp, line 516]
Event: 2.991 Thread 0x000001acfc4013e0 Exception <a 'java/io/FileNotFoundException'{0x00000000ec08ff58}> (0x00000000ec08ff58) 
thrown [s\src\hotspot\share\prims\jni.cpp, line 516]
Event: 3.040 Thread 0x000001acfc402720 Exception <a 'java/lang/NoSuchMethodError'{0x00000000eab7e730}: 'java.lang.Object java.lang.invoke.Invokers$Holder.invoke_MT(java.lang.Object, java.lang.Object, java.lang.Object)'> (0x00000000eab7e730) 
thrown [s\src\hotspot\share\interpreter\linkResolver.cpp, line 759]
Event: 3.185 Thread 0x000001acfc402720 Exception <a 'java/io/FileNotFoundException'{0x00000000eaf91110}> (0x00000000eaf91110) 
thrown [s\src\hotspot\share\prims\jni.cpp, line 516]
Event: 3.185 Thread 0x000001acfc402720 Exception <a 'java/io/FileNotFoundException'{0x00000000eaf92650}> (0x00000000eaf92650) 
thrown [s\src\hotspot\share\prims\jni.cpp, line 516]
Event: 3.187 Thread 0x000001acfc402720 Exception <a 'java/lang/NoSuchMethodError'{0x00000000eaf9e820}: 'void java.lang.invoke.DirectMethodHandle$Holder.invokeStaticInit(java.lang.Object, java.lang.Object, java.lang.Object)'> (0x00000000eaf9e820) 
thrown [s\src\hotspot\share\interpreter\linkResolver.cpp, line 759]
Event: 5.919 Thread 0x000001acfc402720 Exception <a 'java/lang/NoSuchMethodError'{0x00000000eab26c58}: 'java.lang.Object java.lang.invoke.DirectMethodHandle$Holder.newInvokeSpecial(java.lang.Object, java.lang.Object, java.lang.Object, java.lang.Object, java.lang.Object, java.lang.Object, java.lang.Object, java.lang.Object, java.lang.Object, java.lang.Object)'> (0x00000000eab26c58) 
thrown [s\src\hotspot\share\interpreter\linkResolver.cpp, line 759]
Event: 5.919 Thread 0x000001acfc402720 Exception <a 'java/lang/NoSuchMethodError'{0x00000000eab2b948}: 'java.lang.Object java.lang.invoke.DirectMethodHandle$Holder.invokeSpecial(java.lang.Object, java.lang.Object, java.lang.Object, java.lang.Object, java.lang.Object, java.lang.Object, java.lang.Object, java.lang.Object, java.lang.Object, java.lang.Object, java.lang.Object)'> (0x00000000eab2b948) 
thrown [s\src\hotspot\share\interpreter\linkResolver.cpp, line 759]
Event: 5.920 Thread 0x000001acfc402720 Exception <a 'java/lang/NoSuchMethodError'{0x00000000eab2fe58}: 'java.lang.Object java.lang.invoke.Invokers$Holder.linkToTargetMethod(java.lang.Object, java.lang.Object, java.lang.Object, java.lang.Object, java.lang.Object, java.lang.Object, java.lang.Object, java.lang.Object, java.lang.Object, java.lang.Object)'> (0x00000000eab2fe58) 
thrown [s\src\hotspot\share\interpreter\linkResolver.cpp, line 759]
Event: 5.945 Thread 0x000001acfc402720 Exception <a 'sun/nio/fs/WindowsException'{0x00000000eabc8780}> (0x00000000eabc8780) 
thrown [s\src\hotspot\share\prims\jni.cpp, line 516]

VM Operations (20 events):
Event: 3.263 Executing VM operation: ParallelGCFailedAllocation
Event: 3.266 Executing VM operation: ParallelGCFailedAllocation done
Event: 3.318 Executing VM operation: ParallelGCFailedAllocation
Event: 3.320 Executing VM operation: ParallelGCFailedAllocation done
Event: 3.368 Executing VM operation: ParallelGCFailedAllocation
Event: 3.370 Executing VM operation: ParallelGCFailedAllocation done
Event: 3.393 Executing VM operation: ParallelGCFailedAllocation
Event: 3.396 Executing VM operation: ParallelGCFailedAllocation done
Event: 3.417 Executing VM operation: ParallelGCFailedAllocation
Event: 3.420 Executing VM operation: ParallelGCFailedAllocation done
Event: 3.450 Executing VM operation: HandshakeAllThreads
Event: 3.450 Executing VM operation: HandshakeAllThreads done
Event: 4.451 Executing VM operation: Cleanup
Event: 4.451 Executing VM operation: Cleanup done
Event: 5.840 Executing VM operation: HandshakeAllThreads
Event: 5.840 Executing VM operation: HandshakeAllThreads done
Event: 5.840 Executing VM operation: Cleanup
Event: 5.840 Executing VM operation: Cleanup done
Event: 5.910 Executing VM operation: ParallelGCFailedAllocation
Event: 5.912 Executing VM operation: ParallelGCFailedAllocation done

Events (20 events):
Event: 5.834 loading class java/util/stream/Nodes$AbstractConcNode
Event: 5.834 loading class java/util/stream/Nodes$AbstractConcNode done
Event: 5.834 loading class java/util/stream/Nodes$ConcNode done
Event: 5.835 Thread 0x000001ac810c4e00 Thread added: 0x000001ac810c4e00
Event: 5.835 loading class java/util/stream/Nodes$ToArrayTask$OfRef
Event: 5.835 loading class java/util/stream/Nodes$ToArrayTask
Event: 5.835 loading class java/util/stream/Nodes$ToArrayTask done
Event: 5.835 loading class java/util/stream/Nodes$ToArrayTask$OfRef done
Event: 5.835 Thread 0x000001ac810c4e00 Thread exited: 0x000001ac810c4e00
Event: 5.835 Thread 0x000001ac810c5c70 Thread exited: 0x000001ac810c5c70
Event: 5.846 Thread 0x000001acff130d80 Thread added: 0x000001acff130d80
Event: 5.860 Thread 0x000001acff133b10 Thread added: 0x000001acff133b10
Event: 5.860 Thread 0x000001acff134020 Thread added: 0x000001acff134020
Event: 5.862 Thread 0x000001acff134530 Thread added: 0x000001acff134530
Event: 5.921 Thread 0x000001ac810c1de0 Thread added: 0x000001ac810c1de0
Event: 5.923 Thread 0x000001ac810c82f0 Thread added: 0x000001ac810c82f0
Event: 5.926 Thread 0x000001ac810c7480 Thread added: 0x000001ac810c7480
Event: 5.938 Thread 0x000001ac810c7480 Thread exited: 0x000001ac810c7480
Event: 5.938 Thread 0x000001ac810c1de0 Thread exited: 0x000001ac810c1de0
Event: 5.938 Thread 0x000001ac810c82f0 Thread exited: 0x000001ac810c82f0


Dynamic libraries:
0x00007ff69a810000 - 0x00007ff69a81e000 	c:\Users\Admin\.vscode\extensions\redhat.java-1.21.0-win32-x64\jre\17.0.7-win32-x86_64\bin\java.exe
0x00007fff3f330000 - 0x00007fff3f544000 	C:\WINDOWS\SYSTEM32\ntdll.dll
0x00007fff3d110000 - 0x00007fff3d1d2000 	C:\WINDOWS\System32\KERNEL32.DLL
0x00007fff3c970000 - 0x00007fff3cd13000 	C:\WINDOWS\System32\KERNELBASE.dll
0x00007fff3c730000 - 0x00007fff3c841000 	C:\WINDOWS\System32\ucrtbase.dll
0x00007fff03ec0000 - 0x00007fff03ed7000 	c:\Users\Admin\.vscode\extensions\redhat.java-1.21.0-win32-x64\jre\17.0.7-win32-x86_64\bin\jli.dll
0x00007ffefd030000 - 0x00007ffefd049000 	c:\Users\Admin\.vscode\extensions\redhat.java-1.21.0-win32-x64\jre\17.0.7-win32-x86_64\bin\VCRUNTIME140.dll
0x00007fff3eb80000 - 0x00007fff3ed2a000 	C:\WINDOWS\System32\USER32.dll
0x00007fff16a00000 - 0x00007fff16c8e000 	C:\WINDOWS\WinSxS\amd64_microsoft.windows.common-controls_6595b64144ccf1df_6.0.22621.1635_none_270f70857386168e\COMCTL32.dll
0x00007fff3d0e0000 - 0x00007fff3d106000 	C:\WINDOWS\System32\win32u.dll
0x00007fff3e9b0000 - 0x00007fff3ea57000 	C:\WINDOWS\System32\msvcrt.dll
0x00007fff3edc0000 - 0x00007fff3ede9000 	C:\WINDOWS\System32\GDI32.dll
0x00007fff3c850000 - 0x00007fff3c969000 	C:\WINDOWS\System32\gdi32full.dll
0x00007fff3cde0000 - 0x00007fff3ce7a000 	C:\WINDOWS\System32\msvcp_win.dll
0x00007fff3f240000 - 0x00007fff3f271000 	C:\WINDOWS\System32\IMM32.DLL
0x00007fff370b0000 - 0x00007fff370bc000 	c:\Users\Admin\.vscode\extensions\redhat.java-1.21.0-win32-x64\jre\17.0.7-win32-x86_64\bin\vcruntime140_1.dll
0x00007ffeee240000 - 0x00007ffeee2d1000 	c:\Users\Admin\.vscode\extensions\redhat.java-1.21.0-win32-x64\jre\17.0.7-win32-x86_64\bin\msvcp140.dll
0x00007ffecbae0000 - 0x00007ffecc728000 	c:\Users\Admin\.vscode\extensions\redhat.java-1.21.0-win32-x64\jre\17.0.7-win32-x86_64\bin\server\jvm.dll
0x00007fff3e900000 - 0x00007fff3e9ae000 	C:\WINDOWS\System32\ADVAPI32.dll
0x00007fff3ea70000 - 0x00007fff3eb14000 	C:\WINDOWS\System32\sechost.dll
0x00007fff3d320000 - 0x00007fff3d437000 	C:\WINDOWS\System32\RPCRT4.dll
0x00007fff31fe0000 - 0x00007fff31fe9000 	C:\WINDOWS\SYSTEM32\WSOCK32.dll
0x00007fff35b20000 - 0x00007fff35b54000 	C:\WINDOWS\SYSTEM32\WINMM.dll
0x00007fff34ef0000 - 0x00007fff34efa000 	C:\WINDOWS\SYSTEM32\VERSION.dll
0x00007fff3db70000 - 0x00007fff3dbe1000 	C:\WINDOWS\System32\WS2_32.dll
0x00007fff3b710000 - 0x00007fff3b728000 	C:\WINDOWS\SYSTEM32\kernel.appcore.dll
0x00007fff35eb0000 - 0x00007fff35eba000 	c:\Users\Admin\.vscode\extensions\redhat.java-1.21.0-win32-x64\jre\17.0.7-win32-x86_64\bin\jimage.dll
0x00007fff39e80000 - 0x00007fff3a0ae000 	C:\WINDOWS\SYSTEM32\DBGHELP.DLL
0x00007fff3eeb0000 - 0x00007fff3f239000 	C:\WINDOWS\System32\combase.dll
0x00007fff3d910000 - 0x00007fff3d9e7000 	C:\WINDOWS\System32\OLEAUT32.dll
0x00007fff2b530000 - 0x00007fff2b562000 	C:\WINDOWS\SYSTEM32\dbgcore.DLL
0x00007fff3d060000 - 0x00007fff3d0da000 	C:\WINDOWS\System32\bcryptPrimitives.dll
0x00007fff32000000 - 0x00007fff3200e000 	c:\Users\Admin\.vscode\extensions\redhat.java-1.21.0-win32-x64\jre\17.0.7-win32-x86_64\bin\instrument.dll
0x00007ffeee380000 - 0x00007ffeee3a5000 	c:\Users\Admin\.vscode\extensions\redhat.java-1.21.0-win32-x64\jre\17.0.7-win32-x86_64\bin\java.dll
0x00007ffefcd60000 - 0x00007ffefcd78000 	c:\Users\Admin\.vscode\extensions\redhat.java-1.21.0-win32-x64\jre\17.0.7-win32-x86_64\bin\zip.dll
0x00007fff3dbf0000 - 0x00007fff3e3e9000 	C:\WINDOWS\System32\SHELL32.dll
0x00007fff3a6d0000 - 0x00007fff3af9e000 	C:\WINDOWS\SYSTEM32\windows.storage.dll
0x00007fff3a590000 - 0x00007fff3a6ce000 	C:\WINDOWS\SYSTEM32\wintypes.dll
0x00007fff3da70000 - 0x00007fff3db61000 	C:\WINDOWS\System32\SHCORE.dll
0x00007fff3f290000 - 0x00007fff3f2ee000 	C:\WINDOWS\System32\shlwapi.dll
0x00007fff3c660000 - 0x00007fff3c686000 	C:\WINDOWS\SYSTEM32\profapi.dll
0x00007ffefc340000 - 0x00007ffefc359000 	C:\Users\Admin\.vscode\extensions\redhat.java-1.21.0-win32-x64\jre\17.0.7-win32-x86_64\bin\net.dll
0x00007fff35c90000 - 0x00007fff35dc7000 	C:\WINDOWS\SYSTEM32\WINHTTP.dll
0x00007fff3bca0000 - 0x00007fff3bd09000 	C:\WINDOWS\system32\mswsock.dll
0x00007ffef4f00000 - 0x00007ffef4f15000 	C:\Users\Admin\.vscode\extensions\redhat.java-1.21.0-win32-x64\jre\17.0.7-win32-x86_64\bin\nio.dll
0x00007fff31f90000 - 0x00007fff31fa0000 	c:\Users\Admin\.vscode\extensions\redhat.java-1.21.0-win32-x64\jre\17.0.7-win32-x86_64\bin\verify.dll
0x00007ffeeda70000 - 0x00007ffeedaae000 	C:\Users\Admin\AppData\Roaming\Code\User\globalStorage\redhat.java\1.21.0\config_ss_win\org.eclipse.equinox.launcher\org.eclipse.equinox.launcher.win32.win32.x86_64_1.2.700.v20221108-1024\eclipse_11801.dll
0x00007fff3e760000 - 0x00007fff3e8fc000 	C:\WINDOWS\System32\ole32.dll
0x00007fff3bf20000 - 0x00007fff3bf3b000 	C:\WINDOWS\SYSTEM32\CRYPTSP.dll
0x00007fff3b740000 - 0x00007fff3b775000 	C:\WINDOWS\system32\rsaenh.dll
0x00007fff3bd60000 - 0x00007fff3bd8c000 	C:\WINDOWS\SYSTEM32\USERENV.dll
0x00007fff3c0e0000 - 0x00007fff3c108000 	C:\WINDOWS\SYSTEM32\bcrypt.dll
0x00007fff3bf40000 - 0x00007fff3bf4c000 	C:\WINDOWS\SYSTEM32\CRYPTBASE.dll
0x00007fff3b240000 - 0x00007fff3b26d000 	C:\WINDOWS\SYSTEM32\IPHLPAPI.DLL
0x00007fff3ea60000 - 0x00007fff3ea69000 	C:\WINDOWS\System32\NSI.dll
0x00007fff359e0000 - 0x00007fff359f9000 	C:\WINDOWS\SYSTEM32\dhcpcsvc6.DLL
0x00007fff359c0000 - 0x00007fff359df000 	C:\WINDOWS\SYSTEM32\dhcpcsvc.DLL
0x00007fff3b270000 - 0x00007fff3b363000 	C:\WINDOWS\SYSTEM32\DNSAPI.dll
0x00007ffeed920000 - 0x00007ffeed965000 	C:\Users\Admin\AppData\Local\Temp\jna-63116079\jna5384502114535041480.dll
0x00007fff3f280000 - 0x00007fff3f288000 	C:\WINDOWS\System32\PSAPI.DLL

dbghelp: loaded successfully - version: 4.0.5 - missing functions: none
symbol engine: initialized successfully - sym options: 0x614 - pdb path: .;c:\Users\Admin\.vscode\extensions\redhat.java-1.21.0-win32-x64\jre\17.0.7-win32-x86_64\bin;C:\WINDOWS\SYSTEM32;C:\WINDOWS\WinSxS\amd64_microsoft.windows.common-controls_6595b64144ccf1df_6.0.22621.1635_none_270f70857386168e;c:\Users\Admin\.vscode\extensions\redhat.java-1.21.0-win32-x64\jre\17.0.7-win32-x86_64\bin\server;C:\Users\Admin\AppData\Roaming\Code\User\globalStorage\redhat.java\1.21.0\config_ss_win\org.eclipse.equinox.launcher\org.eclipse.equinox.launcher.win32.win32.x86_64_1.2.700.v20221108-1024;C:\Users\Admin\AppData\Local\Temp\jna-63116079

VM Arguments:
jvm_args: --add-modules=ALL-SYSTEM --add-opens=java.base/java.util=ALL-UNNAMED --add-opens=java.base/java.lang=ALL-UNNAMED --add-opens=java.base/sun.nio.fs=ALL-UNNAMED -Declipse.application=org.eclipse.jdt.ls.core.id1 -Dosgi.bundles.defaultStartLevel=4 -Declipse.product=org.eclipse.jdt.ls.core.product -Djava.import.generatesMetadataFilesAtProjectRoot=false -Dfile.encoding=utf8 -XX:+UseParallelGC -XX:GCTimeRatio=4 -XX:AdaptiveSizePolicyWeight=90 -Dsun.zip.disableMemoryMapping=true -Xmx1G -Xms100m -Xlog:disable -javaagent:c:\Users\Admin\.vscode\extensions\redhat.java-1.21.0-win32-x64\lombok\lombok-1.18.28.jar 
java_command: c:\Users\Admin\.vscode\extensions\redhat.java-1.21.0-win32-x64\server\plugins\org.eclipse.equinox.launcher_1.6.500.v20230717-2134.jar -configuration c:\Users\Admin\AppData\Roaming\Code\User\globalStorage\redhat.java\1.21.0\config_ss_win -data c:\Users\Admin\AppData\Roaming\Code\User\workspaceStorage\e7c62a26f5fb9af6089d468b08576148\redhat.java\ss_ws
java_class_path (initial): c:\Users\Admin\.vscode\extensions\redhat.java-1.21.0-win32-x64\server\plugins\org.eclipse.equinox.launcher_1.6.500.v20230717-2134.jar
Launcher Type: SUN_STANDARD

[Global flags]
    uintx AdaptiveSizePolicyWeight                 = 90                                        {product} {command line}
     intx CICompilerCount                          = 12                                        {product} {ergonomic}
    uintx GCTimeRatio                              = 4                                         {product} {command line}
   size_t InitialHeapSize                          = 104857600                                 {product} {command line}
   size_t MaxHeapSize                              = 1073741824                                {product} {command line}
   size_t MaxNewSize                               = 357564416                                 {product} {ergonomic}
   size_t MinHeapDeltaBytes                        = 524288                                    {product} {ergonomic}
   size_t MinHeapSize                              = 104857600                                 {product} {command line}
   size_t NewSize                                  = 34603008                                  {product} {ergonomic}
    uintx NonNMethodCodeHeapSize                   = 7602480                                {pd product} {ergonomic}
    uintx NonProfiledCodeHeapSize                  = 122027880                              {pd product} {ergonomic}
   size_t OldSize                                  = 70254592                                  {product} {ergonomic}
    uintx ProfiledCodeHeapSize                     = 122027880                              {pd product} {ergonomic}
    uintx ReservedCodeCacheSize                    = 251658240                              {pd product} {ergonomic}
     bool SegmentedCodeCache                       = true                                      {product} {ergonomic}
   size_t SoftMaxHeapSize                          = 1073741824                             {manageable} {ergonomic}
     bool UseCompressedClassPointers               = true                           {product lp64_product} {ergonomic}
     bool UseCompressedOops                        = true                           {product lp64_product} {ergonomic}
     bool UseLargePagesIndividualAllocation        = false                                  {pd product} {ergonomic}
     bool UseParallelGC                            = true                                      {product} {command line}

Logging:
Log output configuration:
 #0: stdout all=off uptime,level,tags
 #1: stderr all=off uptime,level,tags

Environment Variables:
JAVA_HOME=C:\Program Files\Java\jdk-14.0.2
PATH=C:\Program Files\Python310\Scripts\;C:\Program Files\Python310\;C:\Program Files\Python38\Scripts\;C:\Program Files\Python38\;C:\WINDOWS\system32;C:\WINDOWS;C:\WINDOWS\System32\Wbem;C:\WINDOWS\System32\WindowsPowerShell\v1.0\;C:\WINDOWS\System32\OpenSSH\;C:\Program Files\Microsoft SQL Server\Client SDK\ODBC\110\Tools\Binn\;C:\Program Files (x86)\Microsoft SQL Server\120\Tools\Binn\;C:\Program Files\Microsoft SQL Server\120\Tools\Binn\;C:\Program Files\Microsoft SQL Server\120\DTS\Binn\;C:\Program Files (x86)\Microsoft SQL Server\120\Tools\Binn\ManagementStudio\;C:\Program Files (x86)\Microsoft SQL Server\120\DTS\Binn\;C:\Program Files\Java\jdk-11.0.2\bin;C:\tomcat\apache-tomcat-9.0.63\bin;C:\Program Files\dotnet\;C:\Program Files\Microsoft SQL Server\150\Tools\Binn\;C:\Program Files\Microsoft SQL Server\Client SDK\ODBC\170\Tools\Binn\;C:\Program Files\nodejs\;C:\Program Files\Microsoft SQL Server\130\Tools\Binn\;C:\WINDOWS\system32;C:\WINDOWS;C:\WINDOWS\System32\Wbem;C:\WINDOWS\System32\WindowsPowerShell\v1.0\;C:\WINDOWS\System32\OpenSSH\;C:\Program Files\MongoDB\Server\5.0\bin;C:\Users\Admin\AppData\Local\Microsoft\WindowsApps;;C:\Users\Admin\AppData\Local\Programs\Microsoft VS Code\bin;C:\Users\Admin\.dotnet\tools;C:\Users\Admin\AppData\Roaming\npm
USERNAME=Admin
OS=Windows_NT
PROCESSOR_IDENTIFIER=Intel64 Family 6 Model 141 Stepping 1, GenuineIntel
TMP=C:\Users\Admin\AppData\Local\Temp
TEMP=C:\Users\Admin\AppData\Local\Temp



---------------  S Y S T E M  ---------------

OS:
 Windows 11 , 64 bit Build 22621 (10.0.22621.1928)
OS uptime: 0 days 23:50 hours
Hyper-V role detected

CPU: total 16 (initial active 16) (8 cores per cpu, 2 threads per core) family 6 model 141 stepping 1 microcode 0x32, cx8, cmov, fxsr, ht, mmx, 3dnowpref, sse, sse2, sse3, ssse3, sse4.1, sse4.2, popcnt, lzcnt, tsc, tscinvbit, avx, avx2, aes, erms, clmul, bmi1, bmi2, adx, avx512f, avx512dq, avx512cd, avx512bw, avx512vl, sha, fma, vzeroupper, avx512_vpopcntdq, avx512_vpclmulqdq, avx512_vaes, avx512_vnni, clflush, clflushopt, clwb, avx512_vbmi2, avx512_vbmi, hv

Memory: 4k page, system-wide physical 16085M (1791M free)
TotalPageFile size 18133M (AvailPageFile size 14M)
current process WorkingSet (physical memory assigned to process): 172M, peak: 214M
current process commit charge ("private bytes"): 269M, peak: 314M

vm_info: OpenJDK 64-Bit Server VM (17.0.7+7) for windows-amd64 JRE (17.0.7+7), built on Apr 18 2023 22:10:42 by "temurin" with MS VC++ 16.7 (VS2019)

END.
