#
# There is insufficient memory for the Java Runtime Environment to continue.
# Native memory allocation (malloc) failed to allocate 2074352 bytes for Chunk::new
# Possible reasons:
#   The system is out of physical RAM or swap space
#   The process is running with CompressedOops enabled, and the Java Heap may be blocking the growth of the native heap
# Possible solutions:
#   Reduce memory load on the system
#   Increase physical memory or swap space
#   Check if swap backing store is full
#   Decrease Java heap size (-Xmx/-Xms)
#   Decrease number of Java threads
#   Decrease Java thread stack sizes (-Xss)
#   Set larger code cache with -XX:ReservedCodeCacheSize=
#   JVM is running with Unscaled Compressed Oops mode in which the Java heap is
#     placed in the first 4GB address space. The Java Heap base address is the
#     maximum limit for the native heap growth. Please use -XX:HeapBaseMinAddress
#     to set the Java Heap base and to place the Java Heap above 4GB virtual address.
# This output file may be truncated or incomplete.
#
#  Out of Memory Error (arena.cpp:189), pid=11768, tid=22780
#
# JRE version: OpenJDK Runtime Environment Temurin-17.0.7+7 (17.0.7+7) (build 17.0.7+7)
# Java VM: OpenJDK 64-Bit Server VM Temurin-17.0.7+7 (17.0.7+7, mixed mode, tiered, compressed oops, compressed class ptrs, parallel gc, windows-amd64)
# No core dump will be written. Minidumps are not enabled by default on client versions of Windows
#

---------------  S U M M A R Y ------------

Command Line: --add-modules=ALL-SYSTEM --add-opens=java.base/java.util=ALL-UNNAMED --add-opens=java.base/java.lang=ALL-UNNAMED --add-opens=java.base/sun.nio.fs=ALL-UNNAMED -Declipse.application=org.eclipse.jdt.ls.core.id1 -Dosgi.bundles.defaultStartLevel=4 -Declipse.product=org.eclipse.jdt.ls.core.product -Djava.import.generatesMetadataFilesAtProjectRoot=false -Dfile.encoding=utf8 -XX:+UseParallelGC -XX:GCTimeRatio=4 -XX:AdaptiveSizePolicyWeight=90 -Dsun.zip.disableMemoryMapping=true -Xmx1G -Xms100m -Xlog:disable -javaagent:c:\Users\Admin\.vscode\extensions\redhat.java-1.21.0-win32-x64\lombok\lombok-1.18.28.jar -XX:+HeapDumpOnOutOfMemoryError -XX:HeapDumpPath=c:\Users\Admin\AppData\Roaming\Code\User\workspaceStorage\e7c62a26f5fb9af6089d468b08576148\redhat.java -Daether.dependencyCollector.impl=bf c:\Users\Admin\.vscode\extensions\redhat.java-1.21.0-win32-x64\server\plugins\org.eclipse.equinox.launcher_1.6.500.v20230717-2134.jar -configuration c:\Users\Admin\AppData\Roaming\Code\User\globalStorage\redhat.java\1.21.0\config_win -data c:\Users\Admin\AppData\Roaming\Code\User\workspaceStorage\e7c62a26f5fb9af6089d468b08576148\redhat.java\jdt_ws

Host: 11th Gen Intel(R) Core(TM) i7-11800H @ 2.30GHz, 16 cores, 15G,  Windows 11 , 64 bit Build 22621 (10.0.22621.2070)
Time: Thu Aug 17 10:03:15 2023 SE Asia Standard Time elapsed time: 14.073221 seconds (0d 0h 0m 14s)

---------------  T H R E A D  ---------------

Current thread (0x000001acd8fe99d0):  JavaThread "C2 CompilerThread2" daemon [_thread_in_native, id=22780, stack(0x000000118d300000,0x000000118d400000)]


Current CompileTask:
C2:  14073 7311       4       org.gradle.internal.serialize.DefaultSerializerRegistry$TaggedTypeSerializer::read (69 bytes)

Stack: [0x000000118d300000,0x000000118d400000]
Native frames: (J=compiled Java code, j=interpreted, Vv=VM code, C=native code)
V  [jvm.dll+0x67754a]
V  [jvm.dll+0x834304]
V  [jvm.dll+0x835aae]
V  [jvm.dll+0x836113]
V  [jvm.dll+0x24696f]
V  [jvm.dll+0xac0ac]
V  [jvm.dll+0xac67c]
V  [jvm.dll+0x364e37]
V  [jvm.dll+0x1bcde8]
V  [jvm.dll+0x219799]
V  [jvm.dll+0x218a61]
V  [jvm.dll+0x1a4d8d]
V  [jvm.dll+0x2284da]
V  [jvm.dll+0x226615]
V  [jvm.dll+0x7ea90b]
V  [jvm.dll+0x7e4e7a]
V  [jvm.dll+0x676395]
C  [ucrtbase.dll+0x29363]
C  [KERNEL32.DLL+0x126ad]
C  [ntdll.dll+0x5aa68]


---------------  P R O C E S S  ---------------

Threads class SMR info:
_java_thread_list=0x000001acdad59080, length=37, elements={
0x000001acb969f580, 0x000001accf4692a0, 0x000001accf469c60, 0x000001acb975e000,
0x000001acb975e9c0, 0x000001acd487d6e0, 0x000001acd487e080, 0x000001acd4889470,
0x000001acd488acb0, 0x000001acd4893d80, 0x000001acd487dbb0, 0x000001acd487e550,
0x000001acd4880bd0, 0x000001acd487d210, 0x000001acd487ea20, 0x000001acd487eef0,
0x000001acd487fd60, 0x000001acd4880230, 0x000001acd4880700, 0x000001acd7e45de0,
0x000001acd7e42420, 0x000001acd7e43290, 0x000001acd7e462b0, 0x000001acd7e40c10,
0x000001acd7e44aa0, 0x000001acd7e415b0, 0x000001acd7e45910, 0x000001acd7e42dc0,
0x000001acd7e410e0, 0x000001acd7e46c50, 0x000001acd7e43c30, 0x000001acd7e47120,
0x000001acd7e41a80, 0x000001acd8fe8fb0, 0x000001acd8fe99d0, 0x000001acd8fe94c0,
0x000001acd8fe9ee0
}

Java Threads: ( => current thread )
  0x000001acb969f580 JavaThread "main" [_thread_blocked, id=17916, stack(0x000000118b300000,0x000000118b400000)]
  0x000001accf4692a0 JavaThread "Reference Handler" daemon [_thread_blocked, id=13888, stack(0x000000118b600000,0x000000118b700000)]
  0x000001accf469c60 JavaThread "Finalizer" daemon [_thread_blocked, id=22252, stack(0x000000118b700000,0x000000118b800000)]
  0x000001acb975e000 JavaThread "Signal Dispatcher" daemon [_thread_blocked, id=14444, stack(0x000000118b800000,0x000000118b900000)]
  0x000001acb975e9c0 JavaThread "Attach Listener" daemon [_thread_blocked, id=11080, stack(0x000000118b900000,0x000000118ba00000)]
  0x000001acd487d6e0 JavaThread "Service Thread" daemon [_thread_blocked, id=11868, stack(0x000000118ba00000,0x000000118bb00000)]
  0x000001acd487e080 JavaThread "Monitor Deflation Thread" daemon [_thread_blocked, id=20912, stack(0x000000118bb00000,0x000000118bc00000)]
  0x000001acd4889470 JavaThread "C2 CompilerThread0" daemon [_thread_in_native, id=4856, stack(0x000000118bc00000,0x000000118bd00000)]
  0x000001acd488acb0 JavaThread "C1 CompilerThread0" daemon [_thread_blocked, id=13140, stack(0x000000118bd00000,0x000000118be00000)]
  0x000001acd4893d80 JavaThread "Sweeper thread" daemon [_thread_blocked, id=2688, stack(0x000000118be00000,0x000000118bf00000)]
  0x000001acd487dbb0 JavaThread "Common-Cleaner" daemon [_thread_blocked, id=10432, stack(0x000000118bf00000,0x000000118c000000)]
  0x000001acd487e550 JavaThread "Notification Thread" daemon [_thread_blocked, id=11792, stack(0x000000118c400000,0x000000118c500000)]
  0x000001acd4880bd0 JavaThread "Active Thread: Equinox Container: 927a76de-38ad-4ddc-90f9-10685726b18a" [_thread_blocked, id=20952, stack(0x000000118cd00000,0x000000118ce00000)]
  0x000001acd487d210 JavaThread "Framework Event Dispatcher: Equinox Container: 927a76de-38ad-4ddc-90f9-10685726b18a" daemon [_thread_blocked, id=11720, stack(0x000000118ce00000,0x000000118cf00000)]
  0x000001acd487ea20 JavaThread "Start Level: Equinox Container: 927a76de-38ad-4ddc-90f9-10685726b18a" daemon [_thread_blocked, id=12884, stack(0x000000118cf00000,0x000000118d000000)]
  0x000001acd487eef0 JavaThread "SCR Component Actor" daemon [_thread_blocked, id=22600, stack(0x000000118d000000,0x000000118d100000)]
  0x000001acd487fd60 JavaThread "Worker-JM" [_thread_blocked, id=8016, stack(0x000000118c700000,0x000000118c800000)]
  0x000001acd4880230 JavaThread "Worker-0" [_thread_blocked, id=21240, stack(0x000000118d600000,0x000000118d700000)]
  0x000001acd4880700 JavaThread "Worker-1" [_thread_blocked, id=12644, stack(0x000000118d800000,0x000000118d900000)]
  0x000001acd7e45de0 JavaThread "Java indexing" daemon [_thread_blocked, id=11960, stack(0x000000118db00000,0x000000118dc00000)]
  0x000001acd7e42420 JavaThread "JNA Cleaner" daemon [_thread_blocked, id=21188, stack(0x000000118dc00000,0x000000118dd00000)]
  0x000001acd7e43290 JavaThread "pool-2-thread-1" [_thread_blocked, id=14844, stack(0x000000118dd00000,0x000000118de00000)]
  0x000001acd7e462b0 JavaThread "WorkspaceEventsHandler" [_thread_blocked, id=10172, stack(0x000000118de00000,0x000000118df00000)]
  0x000001acd7e40c10 JavaThread "pool-1-thread-1" [_thread_blocked, id=14516, stack(0x000000118df00000,0x000000118e000000)]
  0x000001acd7e44aa0 JavaThread "Worker-2" [_thread_blocked, id=15964, stack(0x000000118e500000,0x000000118e600000)]
  0x000001acd7e415b0 JavaThread "Worker-3: Initialize Workspace" [_thread_blocked, id=10496, stack(0x000000118e600000,0x000000118e700000)]
  0x000001acd7e45910 JavaThread "Timer-0" [_thread_blocked, id=12068, stack(0x000000118e700000,0x000000118e800000)]
  0x000001acd7e42dc0 JavaThread "Connection worker" [_thread_in_native, id=10684, stack(0x000000118e800000,0x000000118e900000)]
  0x000001acd7e410e0 JavaThread "Exec process" [_thread_blocked, id=9436, stack(0x000000118e200000,0x000000118e300000)]
  0x000001acd7e46c50 JavaThread "Exec process Thread 2" [_thread_blocked, id=22720, stack(0x000000118e300000,0x000000118e400000)]
  0x000001acd7e43c30 JavaThread "Exec process Thread 3" [_thread_blocked, id=15560, stack(0x000000118e400000,0x000000118e500000)]
  0x000001acd7e47120 JavaThread "pool-3-thread-1" [_thread_blocked, id=9916, stack(0x000000118e000000,0x000000118e100000)]
  0x000001acd7e41a80 JavaThread "Forward input" [_thread_blocked, id=15600, stack(0x000000118c600000,0x000000118c700000)]
  0x000001acd8fe8fb0 JavaThread "C2 CompilerThread1" daemon [_thread_in_native, id=8900, stack(0x000000118c300000,0x000000118c400000)]
=>0x000001acd8fe99d0 JavaThread "C2 CompilerThread2" daemon [_thread_in_native, id=22780, stack(0x000000118d300000,0x000000118d400000)]
  0x000001acd8fe94c0 JavaThread "C2 CompilerThread3" daemon [_thread_in_native, id=21160, stack(0x000000118c000000,0x000000118c100000)]
  0x000001acd8fe9ee0 JavaThread "C2 CompilerThread4" daemon [_thread_in_native, id=7852, stack(0x000000118c200000,0x000000118c300000)]

Other Threads:
  0x000001acb9758160 VMThread "VM Thread" [stack: 0x000000118b500000,0x000000118b600000] [id=19108]
  0x000001acd4b7eba0 WatcherThread [stack: 0x000000118c500000,0x000000118c600000] [id=3384]
  0x000001acb96b6500 GCTaskThread "GC Thread#0" [stack: 0x000000118b400000,0x000000118b500000] [id=22768]
  0x000001acd6eb0190 GCTaskThread "GC Thread#1" [stack: 0x000000118c800000,0x000000118c900000] [id=17192]
  0x000001acd7340030 GCTaskThread "GC Thread#2" [stack: 0x000000118c900000,0x000000118ca00000] [id=14160]
  0x000001acd73402e0 GCTaskThread "GC Thread#3" [stack: 0x000000118ca00000,0x000000118cb00000] [id=7704]
  0x000001acd7340590 GCTaskThread "GC Thread#4" [stack: 0x000000118cb00000,0x000000118cc00000] [id=2496]
  0x000001acd7340840 GCTaskThread "GC Thread#5" [stack: 0x000000118cc00000,0x000000118cd00000] [id=10356]
  0x000001acb945b710 GCTaskThread "GC Thread#6" [stack: 0x000000118d100000,0x000000118d200000] [id=13788]
  0x000001acd748b460 GCTaskThread "GC Thread#7" [stack: 0x000000118d200000,0x000000118d300000] [id=19884]
  0x000001acd752af40 GCTaskThread "GC Thread#8" [stack: 0x000000118d400000,0x000000118d500000] [id=20528]
  0x000001acd752b1f0 GCTaskThread "GC Thread#9" [stack: 0x000000118d500000,0x000000118d600000] [id=11608]
  0x000001acd778ce60 GCTaskThread "GC Thread#10" [stack: 0x000000118d700000,0x000000118d800000] [id=16556]
  0x000001acd7832060 GCTaskThread "GC Thread#11" [stack: 0x000000118d900000,0x000000118da00000] [id=17648]
  0x000001acd7833330 GCTaskThread "GC Thread#12" [stack: 0x000000118da00000,0x000000118db00000] [id=8444]

Threads with active compile tasks:
C2 CompilerThread0    14109 7331       4       org.gradle.tooling.internal.consumer.parameters.BuildProgressListenerAdapter::onEvent (82 bytes)
C2 CompilerThread1    14109 7349       4       org.eclipse.buildship.core.internal.util.progress.CancellationForwardingListener::statusChanged (5 bytes)
C2 CompilerThread2    14109 7311       4       org.gradle.internal.serialize.DefaultSerializerRegistry$TaggedTypeSerializer::read (69 bytes)
C2 CompilerThread3    14109 7329   !   4       org.gradle.tooling.internal.consumer.parameters.FailsafeBuildProgressListenerAdapter::onEvent (28 bytes)
C2 CompilerThread4    14109 7330   !   4       org.gradle.tooling.internal.consumer.parameters.FailsafeBuildProgressListenerAdapter::onEvent (28 bytes)

VM state: not at safepoint (normal execution)

VM Mutex/Monitor currently owned by a thread: None

Heap address: 0x00000000c0000000, size: 1024 MB, Compressed Oops mode: 32-bit

CDS archive(s) not mapped
Compressed class space mapped at: 0x0000000100000000-0x0000000140000000, reserved size: 1073741824
Narrow klass base: 0x0000000000000000, Narrow klass shift: 3, Narrow klass range: 0x140000000

GC Precious Log:
 CPUs: 16 total, 16 available
 Memory: 16085M
 Large Page Support: Disabled
 NUMA Support: Disabled
 Compressed Oops: Enabled (32-bit)
 Alignments: Space 512K, Generation 512K, Heap 2M
 Heap Min Capacity: 100M
 Heap Initial Capacity: 100M
 Heap Max Capacity: 1G
 Pre-touch: Disabled
 Parallel Workers: 13

Heap:
 PSYoungGen      total 22528K, used 18351K [0x00000000eab00000, 0x00000000ec700000, 0x0000000100000000)
  eden space 22016K, 81% used [0x00000000eab00000,0x00000000ebc93cc8,0x00000000ec080000)
  from space 512K, 68% used [0x00000000ec680000,0x00000000ec6d8000,0x00000000ec700000)
  to   space 512K, 0% used [0x00000000ec600000,0x00000000ec600000,0x00000000ec680000)
 ParOldGen       total 68608K, used 47315K [0x00000000c0000000, 0x00000000c4300000, 0x00000000eab00000)
  object space 68608K, 68% used [0x00000000c0000000,0x00000000c2e34d30,0x00000000c4300000)
 Metaspace       used 59352K, committed 60352K, reserved 1114112K
  class space    used 6929K, committed 7360K, reserved 1048576K

Card table byte_map: [0x000001acccce0000,0x000001acccef0000] _byte_map_base: 0x000001accc6e0000

Marking Bits: (ParMarkBitMap*) 0x00007ffe796352c0
 Begin Bits: [0x000001accd050000, 0x000001acce050000)
 End Bits:   [0x000001acce050000, 0x000001accf050000)

Polling page: 0x000001acb9760000

Metaspace:

Usage:
  Non-class:     51.19 MB used.
      Class:      6.77 MB used.
       Both:     57.96 MB used.

Virtual space:
  Non-class space:       64.00 MB reserved,      51.75 MB ( 81%) committed,  1 nodes.
      Class space:        1.00 GB reserved,       7.19 MB ( <1%) committed,  1 nodes.
             Both:        1.06 GB reserved,      58.94 MB (  5%) committed. 

Chunk freelists:
   Non-Class:  11.68 MB
       Class:  8.72 MB
        Both:  20.40 MB

MaxMetaspaceSize: unlimited
CompressedClassSpaceSize: 1.00 GB
Initial GC threshold: 21.00 MB
Current GC threshold: 97.31 MB
CDS: off
MetaspaceReclaimPolicy: balanced
 - commit_granule_bytes: 65536.
 - commit_granule_words: 8192.
 - virtual_space_node_default_size: 8388608.
 - enlarge_chunks_in_place: 1.
 - new_chunks_are_fully_committed: 0.
 - uncommit_free_chunks: 1.
 - use_allocation_guard: 0.
 - handle_deallocations: 1.


Internal statistics:

num_allocs_failed_limit: 9.
num_arena_births: 536.
num_arena_deaths: 14.
num_vsnodes_births: 2.
num_vsnodes_deaths: 0.
num_space_committed: 943.
num_space_uncommitted: 0.
num_chunks_returned_to_freelist: 23.
num_chunks_taken_from_freelist: 2631.
num_chunk_merges: 10.
num_chunk_splits: 1763.
num_chunks_enlarged: 1191.
num_inconsistent_stats: 0.

CodeHeap 'non-profiled nmethods': size=119168Kb used=4666Kb max_used=4666Kb free=114501Kb
 bounds [0x000001acc56a0000, 0x000001acc5b30000, 0x000001acccb00000]
CodeHeap 'profiled nmethods': size=119104Kb used=13454Kb max_used=13454Kb free=105649Kb
 bounds [0x000001acbdb00000, 0x000001acbe830000, 0x000001acc4f50000]
CodeHeap 'non-nmethods': size=7488Kb used=1323Kb max_used=3110Kb free=6165Kb
 bounds [0x000001acc4f50000, 0x000001acc5260000, 0x000001acc56a0000]
 total_blobs=7223 nmethods=6581 adapters=554
 compilation: enabled
              stopped_count=0, restarted_count=0
 full_count=0

Compilation events (20 events):
Event: 13.910 Thread 0x000001acd488acb0 7340       1       com.google.gson.stream.JsonWriter::setHtmlSafe (6 bytes)
Event: 13.910 Thread 0x000001acd8fe9ee0 nmethod 7334 0x000001acc5b12710 code [0x000001acc5b12880, 0x000001acc5b128f8]
Event: 13.910 Thread 0x000001acd8fe9ee0 7335       4       org.gradle.internal.dispatch.ProxyDispatchAdapter$DispatchingInvocationHandler::invoke (184 bytes)
Event: 13.911 Thread 0x000001acd488acb0 nmethod 7340 0x000001acc5b12a10 code [0x000001acc5b12ba0, 0x000001acc5b12c78]
Event: 13.911 Thread 0x000001acd488acb0 7341       1       com.google.gson.stream.JsonWriter::setSerializeNulls (6 bytes)
Event: 13.911 Thread 0x000001acd488acb0 nmethod 7341 0x000001acc5b12d10 code [0x000001acc5b12ea0, 0x000001acc5b12f78]
Event: 13.911 Thread 0x000001acd488acb0 7343       3       java.nio.charset.Charset::forName (20 bytes)
Event: 13.911 Thread 0x000001acd488acb0 nmethod 7343 0x000001acbe824210 code [0x000001acbe8243c0, 0x000001acbe8245b8]
Event: 13.919 Thread 0x000001acd8fe9ee0 nmethod 7335 0x000001acc5b13010 code [0x000001acc5b13220, 0x000001acc5b13a68]
Event: 13.919 Thread 0x000001acd8fe94c0 nmethod 7333 0x000001acc5b14190 code [0x000001acc5b143e0, 0x000001acc5b14b20]
Event: 13.919 Thread 0x000001acd8fe9ee0 7336       4       org.gradle.internal.event.ListenerBroadcast::dispatch (9 bytes)
Event: 13.920 Thread 0x000001acd8fe94c0 7329   !   4       org.gradle.tooling.internal.consumer.parameters.FailsafeBuildProgressListenerAdapter::onEvent (28 bytes)
Event: 13.923 Thread 0x000001acd488acb0 7344       1       org.gradle.internal.logging.sink.OutputEventListenerManager::access$000 (5 bytes)
Event: 13.923 Thread 0x000001acd8fe9ee0 nmethod 7336 0x000001acc5b15390 code [0x000001acc5b15580, 0x000001acc5b158e8]
Event: 13.924 Thread 0x000001acd8fe9ee0 7330   !   4       org.gradle.tooling.internal.consumer.parameters.FailsafeBuildProgressListenerAdapter::onEvent (28 bytes)
Event: 13.924 Thread 0x000001acd488acb0 nmethod 7344 0x000001acc5b15e10 code [0x000001acc5b15fa0, 0x000001acc5b16058]
Event: 13.924 Thread 0x000001acd488acb0 7345       1       org.gradle.internal.logging.sink.OutputEventListenerManager::access$100 (5 bytes)
Event: 13.924 Thread 0x000001acd488acb0 nmethod 7345 0x000001acc5b16110 code [0x000001acc5b162a0, 0x000001acc5b16358]
Event: 13.948 Thread 0x000001acd488acb0 7346       3       java.lang.StringCoding::implEncodeAsciiArray (47 bytes)
Event: 13.949 Thread 0x000001acd488acb0 nmethod 7346 0x000001acbe824690 code [0x000001acbe824840, 0x000001acbe824a98]

GC Heap History (20 events):
Event: 4.645 GC heap before
{Heap before GC invocations=24 (full 2):
 PSYoungGen      total 25088K, used 24864K [0x00000000eab00000, 0x00000000ec680000, 0x0000000100000000)
  eden space 22016K, 100% used [0x00000000eab00000,0x00000000ec080000,0x00000000ec080000)
  from space 3072K, 92% used [0x00000000ec180000,0x00000000ec448000,0x00000000ec480000)
  to   space 2048K, 0% used [0x00000000ec480000,0x00000000ec480000,0x00000000ec680000)
 ParOldGen       total 68608K, used 32514K [0x00000000c0000000, 0x00000000c4300000, 0x00000000eab00000)
  object space 68608K, 47% used [0x00000000c0000000,0x00000000c1fc0a48,0x00000000c4300000)
 Metaspace       used 51455K, committed 52352K, reserved 1114112K
  class space    used 5659K, committed 6016K, reserved 1048576K
}
Event: 4.647 GC heap after
{Heap after GC invocations=24 (full 2):
 PSYoungGen      total 22528K, used 512K [0x00000000eab00000, 0x00000000ec500000, 0x0000000100000000)
  eden space 22016K, 0% used [0x00000000eab00000,0x00000000eab00000,0x00000000ec080000)
  from space 512K, 100% used [0x00000000ec480000,0x00000000ec500000,0x00000000ec500000)
  to   space 1536K, 0% used [0x00000000ec200000,0x00000000ec200000,0x00000000ec380000)
 ParOldGen       total 68608K, used 35242K [0x00000000c0000000, 0x00000000c4300000, 0x00000000eab00000)
  object space 68608K, 51% used [0x00000000c0000000,0x00000000c226aa48,0x00000000c4300000)
 Metaspace       used 51455K, committed 52352K, reserved 1114112K
  class space    used 5659K, committed 6016K, reserved 1048576K
}
Event: 4.879 GC heap before
{Heap before GC invocations=25 (full 2):
 PSYoungGen      total 22528K, used 22528K [0x00000000eab00000, 0x00000000ec500000, 0x0000000100000000)
  eden space 22016K, 100% used [0x00000000eab00000,0x00000000ec080000,0x00000000ec080000)
  from space 512K, 100% used [0x00000000ec480000,0x00000000ec500000,0x00000000ec500000)
  to   space 1536K, 0% used [0x00000000ec200000,0x00000000ec200000,0x00000000ec380000)
 ParOldGen       total 68608K, used 35242K [0x00000000c0000000, 0x00000000c4300000, 0x00000000eab00000)
  object space 68608K, 51% used [0x00000000c0000000,0x00000000c226aa48,0x00000000c4300000)
 Metaspace       used 52780K, committed 53696K, reserved 1114112K
  class space    used 5910K, committed 6272K, reserved 1048576K
}
Event: 4.881 GC heap after
{Heap after GC invocations=25 (full 2):
 PSYoungGen      total 23552K, used 1534K [0x00000000eab00000, 0x00000000ed380000, 0x0000000100000000)
  eden space 22016K, 0% used [0x00000000eab00000,0x00000000eab00000,0x00000000ec080000)
  from space 1536K, 99% used [0x00000000ec200000,0x00000000ec37f848,0x00000000ec380000)
  to   space 9728K, 0% used [0x00000000eca00000,0x00000000eca00000,0x00000000ed380000)
 ParOldGen       total 68608K, used 41650K [0x00000000c0000000, 0x00000000c4300000, 0x00000000eab00000)
  object space 68608K, 60% used [0x00000000c0000000,0x00000000c28ac860,0x00000000c4300000)
 Metaspace       used 52780K, committed 53696K, reserved 1114112K
  class space    used 5910K, committed 6272K, reserved 1048576K
}
Event: 5.083 GC heap before
{Heap before GC invocations=26 (full 2):
 PSYoungGen      total 23552K, used 23550K [0x00000000eab00000, 0x00000000ed380000, 0x0000000100000000)
  eden space 22016K, 100% used [0x00000000eab00000,0x00000000ec080000,0x00000000ec080000)
  from space 1536K, 99% used [0x00000000ec200000,0x00000000ec37f848,0x00000000ec380000)
  to   space 9728K, 0% used [0x00000000eca00000,0x00000000eca00000,0x00000000ed380000)
 ParOldGen       total 68608K, used 41650K [0x00000000c0000000, 0x00000000c4300000, 0x00000000eab00000)
  object space 68608K, 60% used [0x00000000c0000000,0x00000000c28ac860,0x00000000c4300000)
 Metaspace       used 53411K, committed 54336K, reserved 1114112K
  class space    used 5993K, committed 6336K, reserved 1048576K
}
Event: 5.084 GC heap after
{Heap after GC invocations=26 (full 2):
 PSYoungGen      total 23040K, used 736K [0x00000000eab00000, 0x00000000ecb00000, 0x0000000100000000)
  eden space 22016K, 0% used [0x00000000eab00000,0x00000000eab00000,0x00000000ec080000)
  from space 1024K, 71% used [0x00000000eca00000,0x00000000ecab8000,0x00000000ecb00000)
  to   space 3584K, 0% used [0x00000000ec400000,0x00000000ec400000,0x00000000ec780000)
 ParOldGen       total 68608K, used 43167K [0x00000000c0000000, 0x00000000c4300000, 0x00000000eab00000)
  object space 68608K, 62% used [0x00000000c0000000,0x00000000c2a27f90,0x00000000c4300000)
 Metaspace       used 53411K, committed 54336K, reserved 1114112K
  class space    used 5993K, committed 6336K, reserved 1048576K
}
Event: 5.194 GC heap before
{Heap before GC invocations=27 (full 2):
 PSYoungGen      total 23040K, used 22752K [0x00000000eab00000, 0x00000000ecb00000, 0x0000000100000000)
  eden space 22016K, 100% used [0x00000000eab00000,0x00000000ec080000,0x00000000ec080000)
  from space 1024K, 71% used [0x00000000eca00000,0x00000000ecab8000,0x00000000ecb00000)
  to   space 3584K, 0% used [0x00000000ec400000,0x00000000ec400000,0x00000000ec780000)
 ParOldGen       total 68608K, used 43167K [0x00000000c0000000, 0x00000000c4300000, 0x00000000eab00000)
  object space 68608K, 62% used [0x00000000c0000000,0x00000000c2a27f90,0x00000000c4300000)
 Metaspace       used 53776K, committed 54720K, reserved 1114112K
  class space    used 6081K, committed 6464K, reserved 1048576K
}
Event: 5.195 GC heap after
{Heap after GC invocations=27 (full 2):
 PSYoungGen      total 25600K, used 3562K [0x00000000eab00000, 0x00000000ecb80000, 0x0000000100000000)
  eden space 22016K, 0% used [0x00000000eab00000,0x00000000eab00000,0x00000000ec080000)
  from space 3584K, 99% used [0x00000000ec400000,0x00000000ec77ab08,0x00000000ec780000)
  to   space 4096K, 0% used [0x00000000ec780000,0x00000000ec780000,0x00000000ecb80000)
 ParOldGen       total 68608K, used 44343K [0x00000000c0000000, 0x00000000c4300000, 0x00000000eab00000)
  object space 68608K, 64% used [0x00000000c0000000,0x00000000c2b4df10,0x00000000c4300000)
 Metaspace       used 53776K, committed 54720K, reserved 1114112K
  class space    used 6081K, committed 6464K, reserved 1048576K
}
Event: 5.364 GC heap before
{Heap before GC invocations=28 (full 2):
 PSYoungGen      total 25600K, used 25578K [0x00000000eab00000, 0x00000000ecb80000, 0x0000000100000000)
  eden space 22016K, 100% used [0x00000000eab00000,0x00000000ec080000,0x00000000ec080000)
  from space 3584K, 99% used [0x00000000ec400000,0x00000000ec77ab08,0x00000000ec780000)
  to   space 4096K, 0% used [0x00000000ec780000,0x00000000ec780000,0x00000000ecb80000)
 ParOldGen       total 68608K, used 44343K [0x00000000c0000000, 0x00000000c4300000, 0x00000000eab00000)
  object space 68608K, 64% used [0x00000000c0000000,0x00000000c2b4df10,0x00000000c4300000)
 Metaspace       used 56191K, committed 57152K, reserved 1114112K
  class space    used 6496K, committed 6912K, reserved 1048576K
}
Event: 5.365 GC heap after
{Heap after GC invocations=28 (full 2):
 PSYoungGen      total 23040K, used 768K [0x00000000eab00000, 0x00000000ec880000, 0x0000000100000000)
  eden space 22016K, 0% used [0x00000000eab00000,0x00000000eab00000,0x00000000ec080000)
  from space 1024K, 75% used [0x00000000ec780000,0x00000000ec840000,0x00000000ec880000)
  to   space 2560K, 0% used [0x00000000ec380000,0x00000000ec380000,0x00000000ec600000)
 ParOldGen       total 68608K, used 47863K [0x00000000c0000000, 0x00000000c4300000, 0x00000000eab00000)
  object space 68608K, 69% used [0x00000000c0000000,0x00000000c2ebdee8,0x00000000c4300000)
 Metaspace       used 56191K, committed 57152K, reserved 1114112K
  class space    used 6496K, committed 6912K, reserved 1048576K
}
Event: 5.693 GC heap before
{Heap before GC invocations=29 (full 2):
 PSYoungGen      total 23040K, used 21161K [0x00000000eab00000, 0x00000000ec880000, 0x0000000100000000)
  eden space 22016K, 92% used [0x00000000eab00000,0x00000000ebeea548,0x00000000ec080000)
  from space 1024K, 75% used [0x00000000ec780000,0x00000000ec840000,0x00000000ec880000)
  to   space 2560K, 0% used [0x00000000ec380000,0x00000000ec380000,0x00000000ec600000)
 ParOldGen       total 68608K, used 47863K [0x00000000c0000000, 0x00000000c4300000, 0x00000000eab00000)
  object space 68608K, 69% used [0x00000000c0000000,0x00000000c2ebdee8,0x00000000c4300000)
 Metaspace       used 58850K, committed 59776K, reserved 1114112K
  class space    used 6875K, committed 7296K, reserved 1048576K
}
Event: 5.696 GC heap after
{Heap after GC invocations=29 (full 2):
 PSYoungGen      total 24576K, used 960K [0x00000000eab00000, 0x00000000ec800000, 0x0000000100000000)
  eden space 22016K, 0% used [0x00000000eab00000,0x00000000eab00000,0x00000000ec080000)
  from space 2560K, 37% used [0x00000000ec380000,0x00000000ec470000,0x00000000ec600000)
  to   space 1536K, 0% used [0x00000000ec680000,0x00000000ec680000,0x00000000ec800000)
 ParOldGen       total 68608K, used 48447K [0x00000000c0000000, 0x00000000c4300000, 0x00000000eab00000)
  object space 68608K, 70% used [0x00000000c0000000,0x00000000c2f4ff28,0x00000000c4300000)
 Metaspace       used 58850K, committed 59776K, reserved 1114112K
  class space    used 6875K, committed 7296K, reserved 1048576K
}
Event: 5.696 GC heap before
{Heap before GC invocations=30 (full 3):
 PSYoungGen      total 24576K, used 960K [0x00000000eab00000, 0x00000000ec800000, 0x0000000100000000)
  eden space 22016K, 0% used [0x00000000eab00000,0x00000000eab00000,0x00000000ec080000)
  from space 2560K, 37% used [0x00000000ec380000,0x00000000ec470000,0x00000000ec600000)
  to   space 1536K, 0% used [0x00000000ec680000,0x00000000ec680000,0x00000000ec800000)
 ParOldGen       total 68608K, used 48447K [0x00000000c0000000, 0x00000000c4300000, 0x00000000eab00000)
  object space 68608K, 70% used [0x00000000c0000000,0x00000000c2f4ff28,0x00000000c4300000)
 Metaspace       used 58850K, committed 59776K, reserved 1114112K
  class space    used 6875K, committed 7296K, reserved 1048576K
}
Event: 5.741 GC heap after
{Heap after GC invocations=30 (full 3):
 PSYoungGen      total 24576K, used 0K [0x00000000eab00000, 0x00000000ec800000, 0x0000000100000000)
  eden space 22016K, 0% used [0x00000000eab00000,0x00000000eab00000,0x00000000ec080000)
  from space 2560K, 0% used [0x00000000ec380000,0x00000000ec380000,0x00000000ec600000)
  to   space 1536K, 0% used [0x00000000ec680000,0x00000000ec680000,0x00000000ec800000)
 ParOldGen       total 68608K, used 47035K [0x00000000c0000000, 0x00000000c4300000, 0x00000000eab00000)
  object space 68608K, 68% used [0x00000000c0000000,0x00000000c2deed30,0x00000000c4300000)
 Metaspace       used 58850K, committed 59776K, reserved 1114112K
  class space    used 6875K, committed 7296K, reserved 1048576K
}
Event: 13.575 GC heap before
{Heap before GC invocations=31 (full 3):
 PSYoungGen      total 24576K, used 22016K [0x00000000eab00000, 0x00000000ec800000, 0x0000000100000000)
  eden space 22016K, 100% used [0x00000000eab00000,0x00000000ec080000,0x00000000ec080000)
  from space 2560K, 0% used [0x00000000ec380000,0x00000000ec380000,0x00000000ec600000)
  to   space 1536K, 0% used [0x00000000ec680000,0x00000000ec680000,0x00000000ec800000)
 ParOldGen       total 68608K, used 47035K [0x00000000c0000000, 0x00000000c4300000, 0x00000000eab00000)
  object space 68608K, 68% used [0x00000000c0000000,0x00000000c2deed30,0x00000000c4300000)
 Metaspace       used 59337K, committed 60352K, reserved 1114112K
  class space    used 6928K, committed 7360K, reserved 1048576K
}
Event: 13.576 GC heap after
{Heap after GC invocations=31 (full 3):
 PSYoungGen      total 22528K, used 384K [0x00000000eab00000, 0x00000000ec700000, 0x0000000100000000)
  eden space 22016K, 0% used [0x00000000eab00000,0x00000000eab00000,0x00000000ec080000)
  from space 512K, 75% used [0x00000000ec680000,0x00000000ec6e0000,0x00000000ec700000)
  to   space 1024K, 0% used [0x00000000ec500000,0x00000000ec500000,0x00000000ec600000)
 ParOldGen       total 68608K, used 47043K [0x00000000c0000000, 0x00000000c4300000, 0x00000000eab00000)
  object space 68608K, 68% used [0x00000000c0000000,0x00000000c2df0d30,0x00000000c4300000)
 Metaspace       used 59337K, committed 60352K, reserved 1114112K
  class space    used 6928K, committed 7360K, reserved 1048576K
}
Event: 13.689 GC heap before
{Heap before GC invocations=32 (full 3):
 PSYoungGen      total 22528K, used 22400K [0x00000000eab00000, 0x00000000ec700000, 0x0000000100000000)
  eden space 22016K, 100% used [0x00000000eab00000,0x00000000ec080000,0x00000000ec080000)
  from space 512K, 75% used [0x00000000ec680000,0x00000000ec6e0000,0x00000000ec700000)
  to   space 1024K, 0% used [0x00000000ec500000,0x00000000ec500000,0x00000000ec600000)
 ParOldGen       total 68608K, used 47043K [0x00000000c0000000, 0x00000000c4300000, 0x00000000eab00000)
  object space 68608K, 68% used [0x00000000c0000000,0x00000000c2df0d30,0x00000000c4300000)
 Metaspace       used 59339K, committed 60352K, reserved 1114112K
  class space    used 6928K, committed 7360K, reserved 1048576K
}
Event: 13.690 GC heap after
{Heap after GC invocations=32 (full 3):
 PSYoungGen      total 23040K, used 352K [0x00000000eab00000, 0x00000000ec700000, 0x0000000100000000)
  eden space 22016K, 0% used [0x00000000eab00000,0x00000000eab00000,0x00000000ec080000)
  from space 1024K, 34% used [0x00000000ec500000,0x00000000ec558000,0x00000000ec600000)
  to   space 512K, 0% used [0x00000000ec680000,0x00000000ec680000,0x00000000ec700000)
 ParOldGen       total 68608K, used 47267K [0x00000000c0000000, 0x00000000c4300000, 0x00000000eab00000)
  object space 68608K, 68% used [0x00000000c0000000,0x00000000c2e28d30,0x00000000c4300000)
 Metaspace       used 59339K, committed 60352K, reserved 1114112K
  class space    used 6928K, committed 7360K, reserved 1048576K
}
Event: 13.809 GC heap before
{Heap before GC invocations=33 (full 3):
 PSYoungGen      total 23040K, used 22368K [0x00000000eab00000, 0x00000000ec700000, 0x0000000100000000)
  eden space 22016K, 100% used [0x00000000eab00000,0x00000000ec080000,0x00000000ec080000)
  from space 1024K, 34% used [0x00000000ec500000,0x00000000ec558000,0x00000000ec600000)
  to   space 512K, 0% used [0x00000000ec680000,0x00000000ec680000,0x00000000ec700000)
 ParOldGen       total 68608K, used 47267K [0x00000000c0000000, 0x00000000c4300000, 0x00000000eab00000)
  object space 68608K, 68% used [0x00000000c0000000,0x00000000c2e28d30,0x00000000c4300000)
 Metaspace       used 59343K, committed 60352K, reserved 1114112K
  class space    used 6929K, committed 7360K, reserved 1048576K
}
Event: 13.810 GC heap after
{Heap after GC invocations=33 (full 3):
 PSYoungGen      total 22528K, used 352K [0x00000000eab00000, 0x00000000ec700000, 0x0000000100000000)
  eden space 22016K, 0% used [0x00000000eab00000,0x00000000eab00000,0x00000000ec080000)
  from space 512K, 68% used [0x00000000ec680000,0x00000000ec6d8000,0x00000000ec700000)
  to   space 512K, 0% used [0x00000000ec600000,0x00000000ec600000,0x00000000ec680000)
 ParOldGen       total 68608K, used 47315K [0x00000000c0000000, 0x00000000c4300000, 0x00000000eab00000)
  object space 68608K, 68% used [0x00000000c0000000,0x00000000c2e34d30,0x00000000c4300000)
 Metaspace       used 59343K, committed 60352K, reserved 1114112K
  class space    used 6929K, committed 7360K, reserved 1048576K
}

Dll operation events (14 events):
Event: 0.006 Loaded shared library c:\Users\Admin\.vscode\extensions\redhat.java-1.21.0-win32-x64\jre\17.0.7-win32-x86_64\bin\java.dll
Event: 0.136 Loaded shared library c:\Users\Admin\.vscode\extensions\redhat.java-1.21.0-win32-x64\jre\17.0.7-win32-x86_64\bin\zip.dll
Event: 0.138 Loaded shared library C:\Users\Admin\.vscode\extensions\redhat.java-1.21.0-win32-x64\jre\17.0.7-win32-x86_64\bin\instrument.dll
Event: 0.145 Loaded shared library C:\Users\Admin\.vscode\extensions\redhat.java-1.21.0-win32-x64\jre\17.0.7-win32-x86_64\bin\net.dll
Event: 0.146 Loaded shared library C:\Users\Admin\.vscode\extensions\redhat.java-1.21.0-win32-x64\jre\17.0.7-win32-x86_64\bin\nio.dll
Event: 0.152 Loaded shared library C:\Users\Admin\.vscode\extensions\redhat.java-1.21.0-win32-x64\jre\17.0.7-win32-x86_64\bin\zip.dll
Event: 0.159 Loaded shared library C:\Users\Admin\.vscode\extensions\redhat.java-1.21.0-win32-x64\jre\17.0.7-win32-x86_64\bin\jimage.dll
Event: 0.192 Loaded shared library c:\Users\Admin\.vscode\extensions\redhat.java-1.21.0-win32-x64\jre\17.0.7-win32-x86_64\bin\verify.dll
Event: 0.793 Loaded shared library C:\Users\Admin\AppData\Roaming\Code\User\globalStorage\redhat.java\1.21.0\config_win\org.eclipse.equinox.launcher\org.eclipse.equinox.launcher.win32.win32.x86_64_1.2.700.v20221108-1024\eclipse_11801.dll
Event: 2.100 Loaded shared library C:\Users\Admin\AppData\Local\Temp\jna-63116079\jna487816953342691497.dll
Event: 4.842 Loaded shared library C:\Users\Admin\.gradle\native\e1d6ef7f7dcc3fd88c89a11ec53ec762bb8ba0a96d01ffa2cd45eb1d1d8dd5c5\windows-amd64\native-platform.dll
Event: 5.279 Loaded shared library C:\Users\Admin\.vscode\extensions\redhat.java-1.21.0-win32-x64\jre\17.0.7-win32-x86_64\bin\management.dll
Event: 5.281 Loaded shared library C:\Users\Admin\.vscode\extensions\redhat.java-1.21.0-win32-x64\jre\17.0.7-win32-x86_64\bin\management_ext.dll
Event: 5.650 Loaded shared library C:\Users\Admin\.vscode\extensions\redhat.java-1.21.0-win32-x64\jre\17.0.7-win32-x86_64\bin\sunmscapi.dll

Deoptimization events (20 events):
Event: 9.739 Thread 0x000001acd7e42dc0 DEOPT PACKING pc=0x000001acc5a8c138 sp=0x000000118e8fd8f0
Event: 9.739 Thread 0x000001acd7e42dc0 DEOPT UNPACKING pc=0x000001acc4fa9ea3 sp=0x000000118e8fd890 mode 2
Event: 10.073 Thread 0x000001acd7e42dc0 Uncommon trap: trap_request=0xffffff45 fr.pc=0x000001acc5a902a8 relative=0x0000000000000168
Event: 10.073 Thread 0x000001acd7e42dc0 Uncommon trap: reason=unstable_if action=reinterpret pc=0x000001acc5a902a8 method=java.io.ObjectStreamField.<init>(Ljava/lang/String;Ljava/lang/String;Z)V @ 45 c2
Event: 10.073 Thread 0x000001acd7e42dc0 DEOPT PACKING pc=0x000001acc5a902a8 sp=0x000000118e8fcf30
Event: 10.073 Thread 0x000001acd7e42dc0 DEOPT UNPACKING pc=0x000001acc4fa9ea3 sp=0x000000118e8fceb8 mode 2
Event: 10.078 Thread 0x000001acd7e42dc0 DEOPT PACKING pc=0x000001acbe1738de sp=0x000000118e8fbb80
Event: 10.078 Thread 0x000001acd7e42dc0 DEOPT UNPACKING pc=0x000001acc4faa9e3 sp=0x000000118e8faff8 mode 0
Event: 10.687 Thread 0x000001acd7e42dc0 Uncommon trap: trap_request=0xffffffdc fr.pc=0x000001acc5a8e01c relative=0x000000000000027c
Event: 10.687 Thread 0x000001acd7e42dc0 Uncommon trap: reason=class_check action=make_not_entrant pc=0x000001acc5a8e01c method=java.util.ArrayList.toArray([Ljava/lang/Object;)[Ljava/lang/Object; @ 21 c2
Event: 10.687 Thread 0x000001acd7e42dc0 DEOPT PACKING pc=0x000001acc5a8e01c sp=0x000000118e8fe0f0
Event: 10.687 Thread 0x000001acd7e42dc0 DEOPT UNPACKING pc=0x000001acc4fa9ea3 sp=0x000000118e8fe0c0 mode 2
Event: 10.693 Thread 0x000001acd7e42dc0 Uncommon trap: trap_request=0xffffff45 fr.pc=0x000001acc5abaee0 relative=0x00000000000001c0
Event: 10.693 Thread 0x000001acd7e42dc0 Uncommon trap: reason=unstable_if action=reinterpret pc=0x000001acc5abaee0 method=java.io.ObjectStreamClass.computeFieldOffsets()V @ 34 c2
Event: 10.693 Thread 0x000001acd7e42dc0 DEOPT PACKING pc=0x000001acc5abaee0 sp=0x000000118e8fd7b0
Event: 10.693 Thread 0x000001acd7e42dc0 DEOPT UNPACKING pc=0x000001acc4fa9ea3 sp=0x000000118e8fd740 mode 2
Event: 10.697 Thread 0x000001acd7e42dc0 Uncommon trap: trap_request=0xffffff45 fr.pc=0x000001acc5ab1930 relative=0x00000000000036b0
Event: 10.697 Thread 0x000001acd7e42dc0 Uncommon trap: reason=unstable_if action=reinterpret pc=0x000001acc5ab1930 method=java.io.ObjectInputStream$HandleTable.markDependency(II)V @ 12 c2
Event: 10.697 Thread 0x000001acd7e42dc0 DEOPT PACKING pc=0x000001acc5ab1930 sp=0x000000118e8fd670
Event: 10.697 Thread 0x000001acd7e42dc0 DEOPT UNPACKING pc=0x000001acc4fa9ea3 sp=0x000000118e8fd560 mode 2

Classes unloaded (7 events):
Event: 1.347 Thread 0x000001acb9758160 Unloading class 0x000000010021c000 'java/lang/invoke/LambdaForm$MH+0x000000010021c000'
Event: 1.347 Thread 0x000001acb9758160 Unloading class 0x000000010021bc00 'java/lang/invoke/LambdaForm$MH+0x000000010021bc00'
Event: 1.347 Thread 0x000001acb9758160 Unloading class 0x000000010021b800 'java/lang/invoke/LambdaForm$MH+0x000000010021b800'
Event: 1.347 Thread 0x000001acb9758160 Unloading class 0x000000010021b400 'java/lang/invoke/LambdaForm$MH+0x000000010021b400'
Event: 1.347 Thread 0x000001acb9758160 Unloading class 0x000000010021b000 'java/lang/invoke/LambdaForm$BMH+0x000000010021b000'
Event: 1.347 Thread 0x000001acb9758160 Unloading class 0x000000010021ac00 'java/lang/invoke/LambdaForm$DMH+0x000000010021ac00'
Event: 1.347 Thread 0x000001acb9758160 Unloading class 0x0000000100218000 'java/lang/invoke/LambdaForm$DMH+0x0000000100218000'

Classes redefined (0 events):
No events

Internal exceptions (20 events):
Event: 5.682 Thread 0x000001acd7e42dc0 Exception <a 'java/lang/NoSuchMethodError'{0x00000000ebddf888}: static Lorg/gradle/internal/build/event/types/AbstractProgressEvent;.<clinit>()V> (0x00000000ebddf888) 
thrown [s\src\hotspot\share\prims\jni.cpp, line 1107]
Event: 5.683 Thread 0x000001acd7e42dc0 Exception <a 'java/lang/NoSuchMethodError'{0x00000000ebdf2cb0}: static Lorg/gradle/internal/build/event/types/DefaultOperationStartedProgressEvent;.<clinit>()V> (0x00000000ebdf2cb0) 
thrown [s\src\hotspot\share\prims\jni.cpp, line 1107]
Event: 5.684 Thread 0x000001acd7e42dc0 Exception <a 'java/lang/NoSuchMethodError'{0x00000000ebe08310}: static Lorg/gradle/internal/build/event/types/DefaultOperationDescriptor;.<clinit>()V> (0x00000000ebe08310) 
thrown [s\src\hotspot\share\prims\jni.cpp, line 1107]
Event: 5.684 Thread 0x000001acd7e42dc0 Exception <a 'java/lang/NoSuchMethodError'{0x00000000ebe16080}: static Lorg/gradle/internal/operations/OperationIdentifier;.<clinit>()V> (0x00000000ebe16080) 
thrown [s\src\hotspot\share\prims\jni.cpp, line 1107]
Event: 5.692 Thread 0x000001acd7e42dc0 Exception <a 'java/lang/NoSuchMethodError'{0x00000000ebe8e2e0}: static Lorg/gradle/internal/build/event/types/DefaultOperationFinishedProgressEvent;.<clinit>()V> (0x00000000ebe8e2e0) 
thrown [s\src\hotspot\share\prims\jni.cpp, line 1107]
Event: 5.743 Thread 0x000001acd7e42dc0 Exception <a 'java/lang/NoSuchMethodError'{0x00000000eab05058}: static Lorg/gradle/internal/build/event/types/AbstractResult;.<clinit>()V> (0x00000000eab05058) 
thrown [s\src\hotspot\share\prims\jni.cpp, line 1107]
Event: 5.744 Thread 0x000001acd7e42dc0 Exception <a 'java/lang/NoSuchMethodError'{0x00000000eab12060}: static Lorg/gradle/internal/build/event/types/AbstractOperationResult;.<clinit>()V> (0x00000000eab12060) 
thrown [s\src\hotspot\share\prims\jni.cpp, line 1107]
Event: 5.744 Thread 0x000001acd7e42dc0 Exception <a 'java/lang/NoSuchMethodError'{0x00000000eab1f700}: static Lorg/gradle/internal/build/event/types/DefaultSuccessResult;.<clinit>()V> (0x00000000eab1f700) 
thrown [s\src\hotspot\share\prims\jni.cpp, line 1107]
Event: 9.672 Thread 0x000001acd7e42dc0 Exception <a 'java/lang/NoSuchMethodError'{0x00000000eacc21f0}: static Lorg/gradle/internal/build/event/types/DefaultProjectConfigurationDescriptor;.<clinit>()V> (0x00000000eacc21f0) 
thrown [s\src\hotspot\share\prims\jni.cpp, line 1107]
Event: 10.073 Thread 0x000001acd7e42dc0 Exception <a 'java/lang/NoSuchMethodError'{0x00000000eb494c48}: static Lorg/gradle/internal/build/event/types/AbstractProjectConfigurationResult;.<clinit>()V> (0x00000000eb494c48) 
thrown [s\src\hotspot\share\prims\jni.cpp, line 1107]
Event: 10.073 Thread 0x000001acd7e42dc0 Exception <a 'java/lang/NoSuchMethodError'{0x00000000eb4a39a0}: static Lorg/gradle/internal/build/event/types/DefaultProjectConfigurationSuccessResult;.<clinit>()V> (0x00000000eb4a39a0) 
thrown [s\src\hotspot\share\prims\jni.cpp, line 1107]
Event: 10.078 Thread 0x000001acd7e42dc0 Exception <a 'java/lang/NoSuchMethodError'{0x00000000eb4d96a8}: static Lorg/gradle/internal/build/event/types/DefaultPluginApplicationResult;.<clinit>()V> (0x00000000eb4d96a8) 
thrown [s\src\hotspot\share\prims\jni.cpp, line 1107]
Event: 10.079 Thread 0x000001acd7e42dc0 Exception <a 'java/lang/NoSuchMethodError'{0x00000000eb4f6c58}: static Lorg/gradle/internal/build/event/types/DefaultBinaryPluginIdentifier;.<clinit>()V> (0x00000000eb4f6c58) 
thrown [s\src\hotspot\share\prims\jni.cpp, line 1107]
Event: 10.083 Thread 0x000001acd7e42dc0 Exception <a 'java/lang/NoSuchMethodError'{0x00000000eb519998}: static Lorg/gradle/internal/build/event/types/DefaultScriptPluginIdentifier;.<clinit>()V> (0x00000000eb519998) 
thrown [s\src\hotspot\share\prims\jni.cpp, line 1107]
Event: 10.683 Thread 0x000001acd7e42dc0 Exception <a 'java/lang/NoSuchMethodError'{0x00000000eb75b610}: static Lorg/gradle/internal/build/event/types/DefaultTaskStartedProgressEvent;.<clinit>()V> (0x00000000eb75b610) 
thrown [s\src\hotspot\share\prims\jni.cpp, line 1107]
Event: 10.685 Thread 0x000001acd7e42dc0 Exception <a 'java/lang/NoSuchMethodError'{0x00000000eb77f528}: static Lorg/gradle/internal/build/event/types/DefaultTaskDescriptor;.<clinit>()V> (0x00000000eb77f528) 
thrown [s\src\hotspot\share\prims\jni.cpp, line 1107]
Event: 10.693 Thread 0x000001acd7e42dc0 Exception <a 'java/lang/NoSuchMethodError'{0x00000000eb876228}: static Lorg/gradle/internal/build/event/types/DefaultTaskFinishedProgressEvent;.<clinit>()V> (0x00000000eb876228) 
thrown [s\src\hotspot\share\prims\jni.cpp, line 1107]
Event: 10.695 Thread 0x000001acd7e42dc0 Exception <a 'java/lang/NoSuchMethodError'{0x00000000eb898cf8}: static Lorg/gradle/internal/build/event/types/AbstractTaskResult;.<clinit>()V> (0x00000000eb898cf8) 
thrown [s\src\hotspot\share\prims\jni.cpp, line 1107]
Event: 10.696 Thread 0x000001acd7e42dc0 Exception <a 'java/lang/NoSuchMethodError'{0x00000000eb8a7500}: static Lorg/gradle/internal/build/event/types/DefaultTaskSuccessResult;.<clinit>()V> (0x00000000eb8a7500) 
thrown [s\src\hotspot\share\prims\jni.cpp, line 1107]
Event: 10.698 Thread 0x000001acd7e42dc0 Exception <a 'java/lang/NoSuchMethodError'{0x00000000eb9005d0}: static Lorg/gradle/internal/build/event/types/DefaultTaskSkippedResult;.<clinit>()V> (0x00000000eb9005d0) 
thrown [s\src\hotspot\share\prims\jni.cpp, line 1107]

VM Operations (20 events):
Event: 9.767 Executing VM operation: Cleanup
Event: 9.767 Executing VM operation: Cleanup done
Event: 10.086 Executing VM operation: HandshakeAllThreads
Event: 10.086 Executing VM operation: HandshakeAllThreads done
Event: 10.681 Executing VM operation: HandshakeAllThreads
Event: 10.681 Executing VM operation: HandshakeAllThreads done
Event: 10.684 Executing VM operation: HandshakeAllThreads
Event: 10.684 Executing VM operation: HandshakeAllThreads done
Event: 10.691 Executing VM operation: HandshakeAllThreads
Event: 10.691 Executing VM operation: HandshakeAllThreads done
Event: 10.692 Executing VM operation: HandshakeAllThreads
Event: 10.692 Executing VM operation: HandshakeAllThreads done
Event: 11.698 Executing VM operation: Cleanup
Event: 11.698 Executing VM operation: Cleanup done
Event: 13.575 Executing VM operation: ParallelGCFailedAllocation
Event: 13.576 Executing VM operation: ParallelGCFailedAllocation done
Event: 13.689 Executing VM operation: ParallelGCFailedAllocation
Event: 13.690 Executing VM operation: ParallelGCFailedAllocation done
Event: 13.809 Executing VM operation: ParallelGCFailedAllocation
Event: 13.810 Executing VM operation: ParallelGCFailedAllocation done

Events (20 events):
Event: 9.621 Thread 0x000001acd67805a0 Thread exited: 0x000001acd67805a0
Event: 9.669 Thread 0x000001acd8feb830 Thread added: 0x000001acd8feb830
Event: 9.671 Thread 0x000001acd8fe8fb0 Thread added: 0x000001acd8fe8fb0
Event: 9.678 Thread 0x000001acd8feae10 Thread added: 0x000001acd8feae10
Event: 9.859 Thread 0x000001acd8feae10 Thread exited: 0x000001acd8feae10
Event: 10.074 loading class java/util/function/UnaryOperator
Event: 10.074 loading class java/util/function/UnaryOperator done
Event: 10.079 loading class java/time/Ser
Event: 10.079 loading class java/time/Ser done
Event: 10.705 Thread 0x000001acd8fe99d0 Thread added: 0x000001acd8fe99d0
Event: 10.710 Thread 0x000001acd8fe94c0 Thread added: 0x000001acd8fe94c0
Event: 10.710 Thread 0x000001acd8fe9ee0 Thread added: 0x000001acd8fe9ee0
Event: 10.717 Thread 0x000001acd8fea3f0 Thread added: 0x000001acd8fea3f0
Event: 11.491 Thread 0x000001acd8feb830 Thread exited: 0x000001acd8feb830
Event: 11.491 Thread 0x000001acd8fea3f0 Thread exited: 0x000001acd8fea3f0
Event: 12.982 Thread 0x000001acd4a05df0 Thread exited: 0x000001acd4a05df0
Event: 12.982 Thread 0x000001acd8fe9ee0 Thread exited: 0x000001acd8fe9ee0
Event: 13.574 Thread 0x000001acd8fe94c0 Thread exited: 0x000001acd8fe94c0
Event: 13.910 Thread 0x000001acd8fe94c0 Thread added: 0x000001acd8fe94c0
Event: 13.910 Thread 0x000001acd8fe9ee0 Thread added: 0x000001acd8fe9ee0


Dynamic libraries:
0x00007ff6346c0000 - 0x00007ff6346ce000 	c:\Users\Admin\.vscode\extensions\redhat.java-1.21.0-win32-x64\jre\17.0.7-win32-x86_64\bin\java.exe
0x00007ffeff510000 - 0x00007ffeff724000 	C:\WINDOWS\SYSTEM32\ntdll.dll
0x00007ffefdbe0000 - 0x00007ffefdca4000 	C:\WINDOWS\System32\KERNEL32.DLL
0x00007ffefcd10000 - 0x00007ffefd0b4000 	C:\WINDOWS\System32\KERNELBASE.dll
0x00007ffefc8f0000 - 0x00007ffefca01000 	C:\WINDOWS\System32\ucrtbase.dll
0x00007ffecaaa0000 - 0x00007ffecaab7000 	c:\Users\Admin\.vscode\extensions\redhat.java-1.21.0-win32-x64\jre\17.0.7-win32-x86_64\bin\jli.dll
0x00007ffec5260000 - 0x00007ffec5279000 	c:\Users\Admin\.vscode\extensions\redhat.java-1.21.0-win32-x64\jre\17.0.7-win32-x86_64\bin\VCRUNTIME140.dll
0x00007ffefda30000 - 0x00007ffefdbda000 	C:\WINDOWS\System32\USER32.dll
0x00007ffefd230000 - 0x00007ffefd256000 	C:\WINDOWS\System32\win32u.dll
0x00007ffed66d0000 - 0x00007ffed695f000 	C:\WINDOWS\WinSxS\amd64_microsoft.windows.common-controls_6595b64144ccf1df_6.0.22621.2070_none_2713e6537381f706\COMCTL32.dll
0x00007ffeff440000 - 0x00007ffeff469000 	C:\WINDOWS\System32\GDI32.dll
0x00007ffefefa0000 - 0x00007ffeff047000 	C:\WINDOWS\System32\msvcrt.dll
0x00007ffefca10000 - 0x00007ffefcb29000 	C:\WINDOWS\System32\gdi32full.dll
0x00007ffefcc70000 - 0x00007ffefcd0a000 	C:\WINDOWS\System32\msvcp_win.dll
0x00007ffefd9f0000 - 0x00007ffefda21000 	C:\WINDOWS\System32\IMM32.DLL
0x00007ffef2d50000 - 0x00007ffef2d5c000 	c:\Users\Admin\.vscode\extensions\redhat.java-1.21.0-win32-x64\jre\17.0.7-win32-x86_64\bin\vcruntime140_1.dll
0x00007ffe81a20000 - 0x00007ffe81ab1000 	c:\Users\Admin\.vscode\extensions\redhat.java-1.21.0-win32-x64\jre\17.0.7-win32-x86_64\bin\msvcp140.dll
0x00007ffe78ab0000 - 0x00007ffe796f8000 	c:\Users\Admin\.vscode\extensions\redhat.java-1.21.0-win32-x64\jre\17.0.7-win32-x86_64\bin\server\jvm.dll
0x00007ffefd2d0000 - 0x00007ffefd380000 	C:\WINDOWS\System32\ADVAPI32.dll
0x00007ffefd860000 - 0x00007ffefd906000 	C:\WINDOWS\System32\sechost.dll
0x00007ffefe7a0000 - 0x00007ffefe8b7000 	C:\WINDOWS\System32\RPCRT4.dll
0x00007ffef9570000 - 0x00007ffef9579000 	C:\WINDOWS\SYSTEM32\WSOCK32.dll
0x00007ffef5960000 - 0x00007ffef596a000 	C:\WINDOWS\SYSTEM32\VERSION.dll
0x00007ffefee90000 - 0x00007ffefef01000 	C:\WINDOWS\System32\WS2_32.dll
0x00007ffef5bd0000 - 0x00007ffef5c04000 	C:\WINDOWS\SYSTEM32\WINMM.dll
0x00007ffefb990000 - 0x00007ffefb9a8000 	C:\WINDOWS\SYSTEM32\kernel.appcore.dll
0x00007ffeef910000 - 0x00007ffeef91a000 	c:\Users\Admin\.vscode\extensions\redhat.java-1.21.0-win32-x64\jre\17.0.7-win32-x86_64\bin\jimage.dll
0x00007ffefa250000 - 0x00007ffefa47e000 	C:\WINDOWS\SYSTEM32\DBGHELP.DLL
0x00007ffefd430000 - 0x00007ffefd7ba000 	C:\WINDOWS\System32\combase.dll
0x00007ffefd910000 - 0x00007ffefd9e7000 	C:\WINDOWS\System32\OLEAUT32.dll
0x00007ffee2520000 - 0x00007ffee2552000 	C:\WINDOWS\SYSTEM32\dbgcore.DLL
0x00007ffefcb30000 - 0x00007ffefcbaa000 	C:\WINDOWS\System32\bcryptPrimitives.dll
0x00007ffeef270000 - 0x00007ffeef27e000 	c:\Users\Admin\.vscode\extensions\redhat.java-1.21.0-win32-x64\jre\17.0.7-win32-x86_64\bin\instrument.dll
0x00007ffe96db0000 - 0x00007ffe96dd5000 	c:\Users\Admin\.vscode\extensions\redhat.java-1.21.0-win32-x64\jre\17.0.7-win32-x86_64\bin\java.dll
0x00007ffebfb40000 - 0x00007ffebfb58000 	c:\Users\Admin\.vscode\extensions\redhat.java-1.21.0-win32-x64\jre\17.0.7-win32-x86_64\bin\zip.dll
0x00007ffefddc0000 - 0x00007ffefe5d6000 	C:\WINDOWS\System32\SHELL32.dll
0x00007ffefa870000 - 0x00007ffefb15a000 	C:\WINDOWS\SYSTEM32\windows.storage.dll
0x00007ffefa730000 - 0x00007ffefa86e000 	C:\WINDOWS\SYSTEM32\wintypes.dll
0x00007ffeff2c0000 - 0x00007ffeff3b3000 	C:\WINDOWS\System32\SHCORE.dll
0x00007ffeff260000 - 0x00007ffeff2be000 	C:\WINDOWS\System32\shlwapi.dll
0x00007ffefc820000 - 0x00007ffefc846000 	C:\WINDOWS\SYSTEM32\profapi.dll
0x00007ffeb1980000 - 0x00007ffeb1999000 	C:\Users\Admin\.vscode\extensions\redhat.java-1.21.0-win32-x64\jre\17.0.7-win32-x86_64\bin\net.dll
0x00007ffef6020000 - 0x00007ffef6157000 	C:\WINDOWS\SYSTEM32\WINHTTP.dll
0x00007ffefbe60000 - 0x00007ffefbec9000 	C:\WINDOWS\system32\mswsock.dll
0x00007ffea3b30000 - 0x00007ffea3b45000 	C:\Users\Admin\.vscode\extensions\redhat.java-1.21.0-win32-x64\jre\17.0.7-win32-x86_64\bin\nio.dll
0x00007ffeeec00000 - 0x00007ffeeec10000 	c:\Users\Admin\.vscode\extensions\redhat.java-1.21.0-win32-x64\jre\17.0.7-win32-x86_64\bin\verify.dll
0x00007ffe8d730000 - 0x00007ffe8d76e000 	C:\Users\Admin\AppData\Roaming\Code\User\globalStorage\redhat.java\1.21.0\config_win\org.eclipse.equinox.launcher\org.eclipse.equinox.launcher.win32.win32.x86_64_1.2.700.v20221108-1024\eclipse_11801.dll
0x00007ffeff050000 - 0x00007ffeff1ec000 	C:\WINDOWS\System32\ole32.dll
0x00007ffefc0a0000 - 0x00007ffefc0bb000 	C:\WINDOWS\SYSTEM32\CRYPTSP.dll
0x00007ffefb950000 - 0x00007ffefb985000 	C:\WINDOWS\system32\rsaenh.dll
0x00007ffefbf30000 - 0x00007ffefbf5c000 	C:\WINDOWS\SYSTEM32\USERENV.dll
0x00007ffefc290000 - 0x00007ffefc2b8000 	C:\WINDOWS\SYSTEM32\bcrypt.dll
0x00007ffefc0f0000 - 0x00007ffefc0fc000 	C:\WINDOWS\SYSTEM32\CRYPTBASE.dll
0x00007ffefb3c0000 - 0x00007ffefb3ed000 	C:\WINDOWS\SYSTEM32\IPHLPAPI.DLL
0x00007ffefee80000 - 0x00007ffefee89000 	C:\WINDOWS\System32\NSI.dll
0x00007ffef5f20000 - 0x00007ffef5f39000 	C:\WINDOWS\SYSTEM32\dhcpcsvc6.DLL
0x00007ffef5eb0000 - 0x00007ffef5ecf000 	C:\WINDOWS\SYSTEM32\dhcpcsvc.DLL
0x00007ffefb430000 - 0x00007ffefb523000 	C:\WINDOWS\SYSTEM32\DNSAPI.dll
0x00007ffe8afe0000 - 0x00007ffe8b025000 	C:\Users\Admin\AppData\Local\Temp\jna-63116079\jna487816953342691497.dll
0x00007ffefe9f0000 - 0x00007ffefe9f8000 	C:\WINDOWS\System32\PSAPI.DLL
0x00007ffe8b560000 - 0x00007ffe8b587000 	C:\Users\Admin\.gradle\native\e1d6ef7f7dcc3fd88c89a11ec53ec762bb8ba0a96d01ffa2cd45eb1d1d8dd5c5\windows-amd64\native-platform.dll
0x00007ffeee520000 - 0x00007ffeee529000 	C:\Users\Admin\.vscode\extensions\redhat.java-1.21.0-win32-x64\jre\17.0.7-win32-x86_64\bin\management.dll
0x00007ffeea6c0000 - 0x00007ffeea6cb000 	C:\Users\Admin\.vscode\extensions\redhat.java-1.21.0-win32-x64\jre\17.0.7-win32-x86_64\bin\management_ext.dll
0x00007ffee2900000 - 0x00007ffee290e000 	C:\Users\Admin\.vscode\extensions\redhat.java-1.21.0-win32-x64\jre\17.0.7-win32-x86_64\bin\sunmscapi.dll
0x00007ffefd0c0000 - 0x00007ffefd227000 	C:\WINDOWS\System32\CRYPT32.dll
0x00007ffefc260000 - 0x00007ffefc28e000 	C:\WINDOWS\SYSTEM32\ncrypt.dll
0x00007ffefc220000 - 0x00007ffefc257000 	C:\WINDOWS\SYSTEM32\NTASN1.dll
0x00007ffeefe20000 - 0x00007ffeefe28000 	C:\WINDOWS\system32\wshunix.dll

dbghelp: loaded successfully - version: 4.0.5 - missing functions: none
symbol engine: initialized successfully - sym options: 0x614 - pdb path: .;c:\Users\Admin\.vscode\extensions\redhat.java-1.21.0-win32-x64\jre\17.0.7-win32-x86_64\bin;C:\WINDOWS\SYSTEM32;C:\WINDOWS\WinSxS\amd64_microsoft.windows.common-controls_6595b64144ccf1df_6.0.22621.2070_none_2713e6537381f706;c:\Users\Admin\.vscode\extensions\redhat.java-1.21.0-win32-x64\jre\17.0.7-win32-x86_64\bin\server;C:\Users\Admin\AppData\Roaming\Code\User\globalStorage\redhat.java\1.21.0\config_win\org.eclipse.equinox.launcher\org.eclipse.equinox.launcher.win32.win32.x86_64_1.2.700.v20221108-1024;C:\Users\Admin\AppData\Local\Temp\jna-63116079;C:\Users\Admin\.gradle\native\e1d6ef7f7dcc3fd88c89a11ec53ec762bb8ba0a96d01ffa2cd45eb1d1d8dd5c5\windows-amd64

VM Arguments:
jvm_args: --add-modules=ALL-SYSTEM --add-opens=java.base/java.util=ALL-UNNAMED --add-opens=java.base/java.lang=ALL-UNNAMED --add-opens=java.base/sun.nio.fs=ALL-UNNAMED -Declipse.application=org.eclipse.jdt.ls.core.id1 -Dosgi.bundles.defaultStartLevel=4 -Declipse.product=org.eclipse.jdt.ls.core.product -Djava.import.generatesMetadataFilesAtProjectRoot=false -Dfile.encoding=utf8 -XX:+UseParallelGC -XX:GCTimeRatio=4 -XX:AdaptiveSizePolicyWeight=90 -Dsun.zip.disableMemoryMapping=true -Xmx1G -Xms100m -Xlog:disable -javaagent:c:\Users\Admin\.vscode\extensions\redhat.java-1.21.0-win32-x64\lombok\lombok-1.18.28.jar -XX:+HeapDumpOnOutOfMemoryError -XX:HeapDumpPath=c:\Users\Admin\AppData\Roaming\Code\User\workspaceStorage\e7c62a26f5fb9af6089d468b08576148\redhat.java -Daether.dependencyCollector.impl=bf 
java_command: c:\Users\Admin\.vscode\extensions\redhat.java-1.21.0-win32-x64\server\plugins\org.eclipse.equinox.launcher_1.6.500.v20230717-2134.jar -configuration c:\Users\Admin\AppData\Roaming\Code\User\globalStorage\redhat.java\1.21.0\config_win -data c:\Users\Admin\AppData\Roaming\Code\User\workspaceStorage\e7c62a26f5fb9af6089d468b08576148\redhat.java\jdt_ws
java_class_path (initial): c:\Users\Admin\.vscode\extensions\redhat.java-1.21.0-win32-x64\server\plugins\org.eclipse.equinox.launcher_1.6.500.v20230717-2134.jar
Launcher Type: SUN_STANDARD

[Global flags]
    uintx AdaptiveSizePolicyWeight                 = 90                                        {product} {command line}
     intx CICompilerCount                          = 12                                        {product} {ergonomic}
    uintx GCTimeRatio                              = 4                                         {product} {command line}
     bool HeapDumpOnOutOfMemoryError               = true                                   {manageable} {command line}
    ccstr HeapDumpPath                             = c:\Users\Admin\AppData\Roaming\Code\User\workspaceStorage\e7c62a26f5fb9af6089d468b08576148\redhat.java         {manageable} {command line}
   size_t InitialHeapSize                          = 104857600                                 {product} {command line}
   size_t MaxHeapSize                              = 1073741824                                {product} {command line}
   size_t MaxNewSize                               = 357564416                                 {product} {ergonomic}
   size_t MinHeapDeltaBytes                        = 524288                                    {product} {ergonomic}
   size_t MinHeapSize                              = 104857600                                 {product} {command line}
   size_t NewSize                                  = 34603008                                  {product} {ergonomic}
    uintx NonNMethodCodeHeapSize                   = 7602480                                {pd product} {ergonomic}
    uintx NonProfiledCodeHeapSize                  = 122027880                              {pd product} {ergonomic}
   size_t OldSize                                  = 70254592                                  {product} {ergonomic}
    uintx ProfiledCodeHeapSize                     = 122027880                              {pd product} {ergonomic}
    uintx ReservedCodeCacheSize                    = 251658240                              {pd product} {ergonomic}
     bool SegmentedCodeCache                       = true                                      {product} {ergonomic}
   size_t SoftMaxHeapSize                          = 1073741824                             {manageable} {ergonomic}
     bool UseCompressedClassPointers               = true                           {product lp64_product} {ergonomic}
     bool UseCompressedOops                        = true                           {product lp64_product} {ergonomic}
     bool UseLargePagesIndividualAllocation        = false                                  {pd product} {ergonomic}
     bool UseParallelGC                            = true                                      {product} {command line}

Logging:
Log output configuration:
 #0: stdout all=off uptime,level,tags
 #1: stderr all=off uptime,level,tags

Environment Variables:
JAVA_HOME=C:\Program Files\Java\jdk-14.0.2
PATH=C:\Program Files\Python310\Scripts\;C:\Program Files\Python310\;C:\Program Files\Python38\Scripts\;C:\Program Files\Python38\;C:\WINDOWS\system32;C:\WINDOWS;C:\WINDOWS\System32\Wbem;C:\WINDOWS\System32\WindowsPowerShell\v1.0\;C:\WINDOWS\System32\OpenSSH\;C:\Program Files\Microsoft SQL Server\Client SDK\ODBC\110\Tools\Binn\;C:\Program Files (x86)\Microsoft SQL Server\120\Tools\Binn\;C:\Program Files\Microsoft SQL Server\120\Tools\Binn\;C:\Program Files\Microsoft SQL Server\120\DTS\Binn\;C:\Program Files (x86)\Microsoft SQL Server\120\Tools\Binn\ManagementStudio\;C:\Program Files (x86)\Microsoft SQL Server\120\DTS\Binn\;C:\Program Files\Java\jdk-11.0.2\bin;C:\tomcat\apache-tomcat-9.0.63\bin;C:\Program Files\dotnet\;C:\Program Files\Microsoft SQL Server\150\Tools\Binn\;C:\Program Files\Microsoft SQL Server\Client SDK\ODBC\170\Tools\Binn\;C:\Program Files\nodejs\;C:\Program Files\Microsoft SQL Server\130\Tools\Binn\;C:\WINDOWS\system32;C:\WINDOWS;C:\WINDOWS\System32\Wbem;C:\WINDOWS\System32\WindowsPowerShell\v1.0\;C:\WINDOWS\System32\OpenSSH\;C:\Program Files\MongoDB\Server\5.0\bin;C:\Users\Admin\AppData\Local\Microsoft\WindowsApps;;C:\Users\Admin\.dotnet\tools;C:\Users\Admin\AppData\Roaming\npm;D:\Microsoft VS Code\bin
USERNAME=Admin
OS=Windows_NT
PROCESSOR_IDENTIFIER=Intel64 Family 6 Model 141 Stepping 1, GenuineIntel
TMP=C:\Users\Admin\AppData\Local\Temp
TEMP=C:\Users\Admin\AppData\Local\Temp



---------------  S Y S T E M  ---------------

OS:
 Windows 11 , 64 bit Build 22621 (10.0.22621.2070)
OS uptime: 1 days 5:41 hours
Hyper-V role detected

CPU: total 16 (initial active 16) (8 cores per cpu, 2 threads per core) family 6 model 141 stepping 1 microcode 0x32, cx8, cmov, fxsr, ht, mmx, 3dnowpref, sse, sse2, sse3, ssse3, sse4.1, sse4.2, popcnt, lzcnt, tsc, tscinvbit, avx, avx2, aes, erms, clmul, bmi1, bmi2, adx, avx512f, avx512dq, avx512cd, avx512bw, avx512vl, sha, fma, vzeroupper, avx512_vpopcntdq, avx512_vpclmulqdq, avx512_vaes, avx512_vnni, clflush, clflushopt, clwb, avx512_vbmi2, avx512_vbmi, hv

Memory: 4k page, system-wide physical 16085M (4030M free)
TotalPageFile size 18133M (AvailPageFile size 336M)
current process WorkingSet (physical memory assigned to process): 294M, peak: 307M
current process commit charge ("private bytes"): 374M, peak: 385M

vm_info: OpenJDK 64-Bit Server VM (17.0.7+7) for windows-amd64 JRE (17.0.7+7), built on Apr 18 2023 22:10:42 by "temurin" with MS VC++ 16.7 (VS2019)

END.
