#
# There is insufficient memory for the Java Runtime Environment to continue.
# Native memory allocation (malloc) failed to allocate 1915776 bytes for Chunk::new
# Possible reasons:
#   The system is out of physical RAM or swap space
#   The process is running with CompressedOops enabled, and the Java Heap may be blocking the growth of the native heap
# Possible solutions:
#   Reduce memory load on the system
#   Increase physical memory or swap space
#   Check if swap backing store is full
#   Decrease Java heap size (-Xmx/-Xms)
#   Decrease number of Java threads
#   Decrease Java thread stack sizes (-Xss)
#   Set larger code cache with -XX:ReservedCodeCacheSize=
#   JVM is running with Unscaled Compressed Oops mode in which the Java heap is
#     placed in the first 4GB address space. The Java Heap base address is the
#     maximum limit for the native heap growth. Please use -XX:HeapBaseMinAddress
#     to set the Java Heap base and to place the Java Heap above 4GB virtual address.
# This output file may be truncated or incomplete.
#
#  Out of Memory Error (arena.cpp:189), pid=22164, tid=13276
#
# JRE version: OpenJDK Runtime Environment Temurin-17.0.7+7 (17.0.7+7) (build 17.0.7+7)
# Java VM: OpenJDK 64-Bit Server VM Temurin-17.0.7+7 (17.0.7+7, mixed mode, tiered, compressed oops, compressed class ptrs, parallel gc, windows-amd64)
# No core dump will be written. Minidumps are not enabled by default on client versions of Windows
#

---------------  S U M M A R Y ------------

Command Line: --add-modules=ALL-SYSTEM --add-opens=java.base/java.util=ALL-UNNAMED --add-opens=java.base/java.lang=ALL-UNNAMED --add-opens=java.base/sun.nio.fs=ALL-UNNAMED -Declipse.application=org.eclipse.jdt.ls.core.id1 -Dosgi.bundles.defaultStartLevel=4 -Declipse.product=org.eclipse.jdt.ls.core.product -Djava.import.generatesMetadataFilesAtProjectRoot=false -Dfile.encoding=utf8 -XX:+UseParallelGC -XX:GCTimeRatio=4 -XX:AdaptiveSizePolicyWeight=90 -Dsun.zip.disableMemoryMapping=true -Xmx1G -Xms100m -Xlog:disable -javaagent:c:\Users\Admin\.vscode\extensions\redhat.java-1.21.0-win32-x64\lombok\lombok-1.18.28.jar -XX:+HeapDumpOnOutOfMemoryError -XX:HeapDumpPath=c:\Users\Admin\AppData\Roaming\Code\User\workspaceStorage\e7c62a26f5fb9af6089d468b08576148\redhat.java -Daether.dependencyCollector.impl=bf c:\Users\Admin\.vscode\extensions\redhat.java-1.21.0-win32-x64\server\plugins\org.eclipse.equinox.launcher_1.6.500.v20230717-2134.jar -configuration c:\Users\Admin\AppData\Roaming\Code\User\globalStorage\redhat.java\1.21.0\config_win -data c:\Users\Admin\AppData\Roaming\Code\User\workspaceStorage\e7c62a26f5fb9af6089d468b08576148\redhat.java\jdt_ws

Host: 11th Gen Intel(R) Core(TM) i7-11800H @ 2.30GHz, 16 cores, 15G,  Windows 11 , 64 bit Build 22621 (10.0.22621.2070)
Time: Mon Aug 14 21:39:40 2023 SE Asia Standard Time elapsed time: 3.481090 seconds (0d 0h 0m 3s)

---------------  T H R E A D  ---------------

Current thread (0x000001f5706617a0):  JavaThread "C2 CompilerThread0" daemon [_thread_in_native, id=13276, stack(0x000000b10e200000,0x000000b10e300000)]


Current CompileTask:
C2:   3481 3693   !   4       org.eclipse.osgi.internal.loader.classpath.ClasspathManager::findLocalClass (210 bytes)

Stack: [0x000000b10e200000,0x000000b10e300000]
Native frames: (J=compiled Java code, j=interpreted, Vv=VM code, C=native code)
V  [jvm.dll+0x67754a]
V  [jvm.dll+0x834304]
V  [jvm.dll+0x835aae]
V  [jvm.dll+0x836113]
V  [jvm.dll+0x24696f]
V  [jvm.dll+0xac0ac]
V  [jvm.dll+0xac67c]
V  [jvm.dll+0x364e37]
V  [jvm.dll+0x32f6b1]
V  [jvm.dll+0x32eb5a]
V  [jvm.dll+0x219641]
V  [jvm.dll+0x218a61]
V  [jvm.dll+0x1a4d8d]
V  [jvm.dll+0x2284da]
V  [jvm.dll+0x226615]
V  [jvm.dll+0x7ea90b]
V  [jvm.dll+0x7e4e7a]
V  [jvm.dll+0x676395]
C  [ucrtbase.dll+0x29363]
C  [KERNEL32.DLL+0x126ad]
C  [ntdll.dll+0x5aa68]


---------------  P R O C E S S  ---------------

Threads class SMR info:
_java_thread_list=0x000001f57302a4a0, length=37, elements={
0x000001f55553e790, 0x000001f56b305720, 0x000001f570634ba0, 0x000001f56b30def0,
0x000001f56b30e7b0, 0x000001f57065efa0, 0x000001f57065f860, 0x000001f5706617a0,
0x000001f57066aa40, 0x000001f57066e190, 0x000001f5555a1d30, 0x000001f57066cdb0,
0x000001f57066be80, 0x000001f57066a530, 0x000001f5725721e0, 0x000001f572c8f6d0,
0x000001f572cda3a0, 0x000001f573343be0, 0x000001f573119aa0, 0x000001f5730422d0,
0x000001f573533880, 0x000001f573525900, 0x000001f572a19260, 0x000001f572a19730,
0x000001f572a16710, 0x000001f57066c390, 0x000001f572a1a0d0, 0x000001f57066a020,
0x000001f572a16be0, 0x000001f572a17a50, 0x000001f572a170b0, 0x000001f572a17f20,
0x000001f574a92db0, 0x000001f574a95b40, 0x000001f574a96050, 0x000001f574a96a70,
0x000001f574a932c0
}

Java Threads: ( => current thread )
  0x000001f55553e790 JavaThread "main" [_thread_blocked, id=21532, stack(0x000000b10d900000,0x000000b10da00000)]
  0x000001f56b305720 JavaThread "Reference Handler" daemon [_thread_blocked, id=7688, stack(0x000000b10dc00000,0x000000b10dd00000)]
  0x000001f570634ba0 JavaThread "Finalizer" daemon [_thread_blocked, id=18456, stack(0x000000b10dd00000,0x000000b10de00000)]
  0x000001f56b30def0 JavaThread "Signal Dispatcher" daemon [_thread_blocked, id=17112, stack(0x000000b10de00000,0x000000b10df00000)]
  0x000001f56b30e7b0 JavaThread "Attach Listener" daemon [_thread_blocked, id=10932, stack(0x000000b10df00000,0x000000b10e000000)]
  0x000001f57065efa0 JavaThread "Service Thread" daemon [_thread_blocked, id=21196, stack(0x000000b10e000000,0x000000b10e100000)]
  0x000001f57065f860 JavaThread "Monitor Deflation Thread" daemon [_thread_blocked, id=4152, stack(0x000000b10e100000,0x000000b10e200000)]
=>0x000001f5706617a0 JavaThread "C2 CompilerThread0" daemon [_thread_in_native, id=13276, stack(0x000000b10e200000,0x000000b10e300000)]
  0x000001f57066aa40 JavaThread "C1 CompilerThread0" daemon [_thread_blocked, id=16480, stack(0x000000b10e300000,0x000000b10e400000)]
  0x000001f57066e190 JavaThread "Sweeper thread" daemon [_thread_blocked, id=13020, stack(0x000000b10e400000,0x000000b10e500000)]
  0x000001f5555a1d30 JavaThread "Common-Cleaner" daemon [_thread_blocked, id=10408, stack(0x000000b10e500000,0x000000b10e600000)]
  0x000001f57066cdb0 JavaThread "C1 CompilerThread1" daemon [_thread_in_vm, id=20228, stack(0x000000b10e600000,0x000000b10e700000)]
  0x000001f57066be80 JavaThread "C1 CompilerThread2" daemon [_thread_blocked, id=24280, stack(0x000000b10e900000,0x000000b10ea00000)]
  0x000001f57066a530 JavaThread "C1 CompilerThread3" daemon [_thread_blocked, id=17232, stack(0x000000b10ea00000,0x000000b10eb00000)]
  0x000001f5725721e0 JavaThread "Notification Thread" daemon [_thread_blocked, id=18168, stack(0x000000b10e800000,0x000000b10e900000)]
  0x000001f572c8f6d0 JavaThread "Active Thread: Equinox Container: 80555a59-8eb4-47d6-9f6b-300c96a25c5d" [_thread_blocked, id=7432, stack(0x000000b10f200000,0x000000b10f300000)]
  0x000001f572cda3a0 JavaThread "Framework Event Dispatcher: Equinox Container: 80555a59-8eb4-47d6-9f6b-300c96a25c5d" daemon [_thread_blocked, id=14824, stack(0x000000b10f300000,0x000000b10f400000)]
  0x000001f573343be0 JavaThread "Start Level: Equinox Container: 80555a59-8eb4-47d6-9f6b-300c96a25c5d" daemon [_thread_blocked, id=16052, stack(0x000000b10f400000,0x000000b10f500000)]
  0x000001f573119aa0 JavaThread "SCR Component Actor" daemon [_thread_blocked, id=15200, stack(0x000000b10f500000,0x000000b10f600000)]
  0x000001f5730422d0 JavaThread "SCR Component Registry" daemon [_thread_blocked, id=16420, stack(0x000000b10f800000,0x000000b10f900000)]
  0x000001f573533880 JavaThread "Worker-JM" [_thread_blocked, id=17056, stack(0x000000b10ec00000,0x000000b10ed00000)]
  0x000001f573525900 JavaThread "Worker-0: Updating Maven Dependencies" [_thread_in_vm, id=21508, stack(0x000000b10fe00000,0x000000b10ff00000)]
  0x000001f572a19260 JavaThread "Worker-1: Repository registry initialization" [_thread_blocked, id=13612, stack(0x000000b10fb00000,0x000000b10fc00000)]
  0x000001f572a19730 JavaThread "Java indexing" daemon [_thread_blocked, id=4960, stack(0x000000b110100000,0x000000b110200000)]
  0x000001f572a16710 JavaThread "JNA Cleaner" daemon [_thread_blocked, id=3904, stack(0x000000b10e700000,0x000000b10e800000)]
  0x000001f57066c390 JavaThread "C2 CompilerThread1" daemon [_thread_blocked, id=3700, stack(0x000000b110000000,0x000000b110100000)]
  0x000001f572a1a0d0 JavaThread "pool-2-thread-1" [_thread_blocked, id=20024, stack(0x000000b110200000,0x000000b110300000)]
  0x000001f57066a020 JavaThread "C2 CompilerThread2" daemon [_thread_in_native, id=5032, stack(0x000000b110300000,0x000000b110400000)]
  0x000001f572a16be0 JavaThread "WorkspaceEventsHandler" [_thread_blocked, id=18944, stack(0x000000b110400000,0x000000b110500000)]
  0x000001f572a17a50 JavaThread "pool-1-thread-1" [_thread_blocked, id=2408, stack(0x000000b110500000,0x000000b110600000)]
  0x000001f572a170b0 JavaThread "Worker-2" [_thread_blocked, id=1960, stack(0x000000b110600000,0x000000b110700000)]
  0x000001f572a17f20 JavaThread "Worker-3" [_thread_blocked, id=2824, stack(0x000000b110700000,0x000000b110800000)]
  0x000001f574a92db0 JavaThread "C2 CompilerThread3" daemon [_thread_blocked, id=15924, stack(0x000000b110800000,0x000000b110900000)]
  0x000001f574a95b40 JavaThread "C2 CompilerThread4" daemon [_thread_blocked, id=19136, stack(0x000000b110900000,0x000000b110a00000)]
  0x000001f574a96050 JavaThread "C2 CompilerThread5" daemon [_thread_blocked, id=19916, stack(0x000000b110a00000,0x000000b110b00000)]
  0x000001f574a96a70 JavaThread "C2 CompilerThread6" daemon [_thread_blocked, id=13392, stack(0x000000b110b00000,0x000000b110c00000)]
  0x000001f574a932c0 JavaThread "C2 CompilerThread7" daemon [_thread_blocked, id=15384, stack(0x000000b110c00000,0x000000b110d00000)]

Other Threads:
  0x000001f5555f7a10 VMThread "VM Thread" [stack: 0x000000b10db00000,0x000000b10dc00000] [id=24048]
  0x000001f572580480 WatcherThread [stack: 0x000000b10eb00000,0x000000b10ec00000] [id=14508]
  0x000001f5555539f0 GCTaskThread "GC Thread#0" [stack: 0x000000b10da00000,0x000000b10db00000] [id=10716]
  0x000001f572efa7f0 GCTaskThread "GC Thread#1" [stack: 0x000000b10ed00000,0x000000b10ee00000] [id=13952]
  0x000001f5726f96b0 GCTaskThread "GC Thread#2" [stack: 0x000000b10ee00000,0x000000b10ef00000] [id=17864]
  0x000001f5726f9960 GCTaskThread "GC Thread#3" [stack: 0x000000b10ef00000,0x000000b10f000000] [id=13712]
  0x000001f572b0c6e0 GCTaskThread "GC Thread#4" [stack: 0x000000b10f000000,0x000000b10f100000] [id=5416]
  0x000001f572b0cba0 GCTaskThread "GC Thread#5" [stack: 0x000000b10f100000,0x000000b10f200000] [id=5152]
  0x000001f57330b330 GCTaskThread "GC Thread#6" [stack: 0x000000b10f600000,0x000000b10f700000] [id=18760]
  0x000001f57305e570 GCTaskThread "GC Thread#7" [stack: 0x000000b10f700000,0x000000b10f800000] [id=13744]
  0x000001f573375230 GCTaskThread "GC Thread#8" [stack: 0x000000b10f900000,0x000000b10fa00000] [id=9048]
  0x000001f5733754e0 GCTaskThread "GC Thread#9" [stack: 0x000000b10fa00000,0x000000b10fb00000] [id=14800]
  0x000001f5735d0820 GCTaskThread "GC Thread#10" [stack: 0x000000b10ff00000,0x000000b110000000] [id=7788]
  0x000001f5735f8bd0 GCTaskThread "GC Thread#11" [stack: 0x000000b10fc00000,0x000000b10fd00000] [id=21624]
  0x000001f5735fa150 GCTaskThread "GC Thread#12" [stack: 0x000000b10fd00000,0x000000b10fe00000] [id=952]

Threads with active compile tasks:
C2 CompilerThread0     3509 3693   !   4       org.eclipse.osgi.internal.loader.classpath.ClasspathManager::findLocalClass (210 bytes)
C1 CompilerThread0     3509 3895       3       java.util.regex.Pattern$$Lambda$24/0x00000001000b2e48::is (5 bytes)
C1 CompilerThread1     3509 3894       3       org.codehaus.plexus.util.xml.pull.MXParser::require (443 bytes)
C1 CompilerThread2     3509 3896       3       java.util.regex.Pattern::lambda$DOT$4 (34 bytes)
C2 CompilerThread2     3509 3800       4       org.eclipse.osgi.internal.loader.BundleLoader::addExportedProvidersFor (167 bytes)

VM state: not at safepoint (normal execution)

VM Mutex/Monitor currently owned by a thread:  ([mutex/lock_event])
[0x000001f55553a5d0] Metaspace_lock - owner thread: 0x000001f573525900
[0x000001f555216870] MethodData_lock - owner thread: 0x000001f57066cdb0

Heap address: 0x00000000c0000000, size: 1024 MB, Compressed Oops mode: 32-bit

CDS archive(s) not mapped
Compressed class space mapped at: 0x0000000100000000-0x0000000140000000, reserved size: 1073741824
Narrow klass base: 0x0000000000000000, Narrow klass shift: 3, Narrow klass range: 0x140000000

GC Precious Log:
 CPUs: 16 total, 16 available
 Memory: 16085M
 Large Page Support: Disabled
 NUMA Support: Disabled
 Compressed Oops: Enabled (32-bit)
 Alignments: Space 512K, Generation 512K, Heap 2M
 Heap Min Capacity: 100M
 Heap Initial Capacity: 100M
 Heap Max Capacity: 1G
 Pre-touch: Disabled
 Parallel Workers: 13

Heap:
 PSYoungGen      total 23552K, used 12033K [0x00000000eab00000, 0x00000000ec680000, 0x0000000100000000)
  eden space 22528K, 48% used [0x00000000eab00000,0x00000000eb5c0760,0x00000000ec100000)
  from space 1024K, 100% used [0x00000000ec580000,0x00000000ec680000,0x00000000ec680000)
  to   space 2048K, 0% used [0x00000000ec280000,0x00000000ec280000,0x00000000ec480000)
 ParOldGen       total 68608K, used 14110K [0x00000000c0000000, 0x00000000c4300000, 0x00000000eab00000)
  object space 68608K, 20% used [0x00000000c0000000,0x00000000c0dc7880,0x00000000c4300000)
 Metaspace       used 39551K, committed 40320K, reserved 1114112K
  class space    used 4134K, committed 4480K, reserved 1048576K

Card table byte_map: [0x000001f568b80000,0x000001f568d90000] _byte_map_base: 0x000001f568580000

Marking Bits: (ParMarkBitMap*) 0x00007ff8411252c0
 Begin Bits: [0x000001f568ef0000, 0x000001f569ef0000)
 End Bits:   [0x000001f569ef0000, 0x000001f56aef0000)

Polling page: 0x000001f559970000

Metaspace:

Usage:
  Non-class:     34.59 MB used.
      Class:      4.04 MB used.
       Both:     38.62 MB used.

Virtual space:
  Non-class space:       64.00 MB reserved,      35.00 MB ( 55%) committed,  1 nodes.
      Class space:        1.00 GB reserved,       4.38 MB ( <1%) committed,  1 nodes.
             Both:        1.06 GB reserved,      39.38 MB (  4%) committed. 

Chunk freelists:
   Non-Class:  12.23 MB
       Class:  11.62 MB
        Both:  23.86 MB

MaxMetaspaceSize: unlimited
CompressedClassSpaceSize: 1.00 GB
Initial GC threshold: 21.00 MB
Current GC threshold: 58.38 MB
CDS: off
MetaspaceReclaimPolicy: balanced
 - commit_granule_bytes: 65536.
 - commit_granule_words: 8192.
 - virtual_space_node_default_size: 8388608.
 - enlarge_chunks_in_place: 1.
 - new_chunks_are_fully_committed: 0.
 - uncommit_free_chunks: 1.
 - use_allocation_guard: 0.
 - handle_deallocations: 1.


Internal statistics:

num_allocs_failed_limit: 6.
num_arena_births: 386.
num_arena_deaths: 14.
num_vsnodes_births: 2.
num_vsnodes_deaths: 0.
num_space_committed: 630.
num_space_uncommitted: 0.
num_chunks_returned_to_freelist: 20.
num_chunks_taken_from_freelist: 1682.
num_chunk_merges: 7.
num_chunk_splits: 1073.
num_chunks_enlarged: 678.
num_inconsistent_stats: 0.

CodeHeap 'non-profiled nmethods': size=119168Kb used=1909Kb max_used=1909Kb free=117258Kb
 bounds [0x000001f561530000, 0x000001f5617a0000, 0x000001f568990000]
CodeHeap 'profiled nmethods': size=119104Kb used=8093Kb max_used=8093Kb free=111010Kb
 bounds [0x000001f559990000, 0x000001f55a180000, 0x000001f560de0000]
CodeHeap 'non-nmethods': size=7488Kb used=2971Kb max_used=3039Kb free=4516Kb
 bounds [0x000001f560de0000, 0x000001f5610e0000, 0x000001f561530000]
 total_blobs=4489 nmethods=3890 adapters=509
 compilation: enabled
              stopped_count=0, restarted_count=0
 full_count=0

Compilation events (20 events):
Event: 3.461 Thread 0x000001f574a92db0 nmethod 3846 0x000001f5616e8390 code [0x000001f5616e8660, 0x000001f5616eac08]
Event: 3.462 Thread 0x000001f574a95b40 nmethod 3860 0x000001f5616ec410 code [0x000001f5616ec580, 0x000001f5616ec678]
Event: 3.462 Thread 0x000001f574a95b40 3861       4       java.nio.Buffer::<init> (105 bytes)
Event: 3.465 Thread 0x000001f574a92db0 3862       4       java.nio.ByteBuffer::position (6 bytes)
Event: 3.465 Thread 0x000001f574a95b40 nmethod 3861 0x000001f5616ec790 code [0x000001f5616ec920, 0x000001f5616eca38]
Event: 3.466 Thread 0x000001f574a95b40 3875       4       sun.nio.cs.UTF_8$Decoder::decodeArrayLoop (688 bytes)
Event: 3.467 Thread 0x000001f57066cdb0 3884       1       org.codehaus.plexus.util.xml.pull.MXParser::getDepth (5 bytes)
Event: 3.467 Thread 0x000001f57066cdb0 nmethod 3884 0x000001f5616ecb90 code [0x000001f5616ecd20, 0x000001f5616ecdf8]
Event: 3.468 Thread 0x000001f574a92db0 nmethod 3862 0x000001f5616ece90 code [0x000001f5616ed020, 0x000001f5616ed118]
Event: 3.468 Thread 0x000001f574a92db0 3885       4       org.codehaus.plexus.util.xml.pull.MXParser::nextImpl (1203 bytes)
Event: 3.468 Thread 0x000001f57066cdb0 3886       3       java.util.ArrayList::contains (14 bytes)
Event: 3.468 Thread 0x000001f57066cdb0 nmethod 3886 0x000001f55a16f490 code [0x000001f55a16f640, 0x000001f55a16f948]
Event: 3.469 Thread 0x000001f574a96050 nmethod 3865 0x000001f5616ed210 code [0x000001f5616ed400, 0x000001f5616eda20]
Event: 3.469 Thread 0x000001f574a96050 3876       4       java.lang.System$2::decodeASCII (11 bytes)
Event: 3.471 Thread 0x000001f574a96050 nmethod 3876 0x000001f5616ee290 code [0x000001f5616ee400, 0x000001f5616ee718]
Event: 3.471 Thread 0x000001f574a96050 3872       4       java.nio.CharBuffer::<init> (24 bytes)
Event: 3.475 Thread 0x000001f574a96050 nmethod 3872 0x000001f5616ee810 code [0x000001f5616ee9a0, 0x000001f5616eebb8]
Event: 3.475 Thread 0x000001f574a96050 3873       4       java.nio.CharBuffer::limit (6 bytes)
Event: 3.477 Thread 0x000001f574a96050 nmethod 3873 0x000001f5616eee10 code [0x000001f5616eef80, 0x000001f5616ef078]
Event: 3.477 Thread 0x000001f574a96050 3878       4       java.nio.HeapCharBuffer::<init> (23 bytes)

GC Heap History (20 events):
Event: 1.404 GC heap before
{Heap before GC invocations=3 (full 0):
 PSYoungGen      total 29696K, used 29695K [0x00000000eab00000, 0x00000000ecc00000, 0x0000000100000000)
  eden space 25600K, 100% used [0x00000000eab00000,0x00000000ec400000,0x00000000ec400000)
  from space 4096K, 99% used [0x00000000ec800000,0x00000000ecbffcd0,0x00000000ecc00000)
  to   space 4096K, 0% used [0x00000000ec400000,0x00000000ec400000,0x00000000ec800000)
 ParOldGen       total 68608K, used 1305K [0x00000000c0000000, 0x00000000c4300000, 0x00000000eab00000)
  object space 68608K, 1% used [0x00000000c0000000,0x00000000c0146600,0x00000000c4300000)
 Metaspace       used 19586K, committed 19904K, reserved 1114112K
  class space    used 1986K, committed 2112K, reserved 1048576K
}
Event: 1.407 GC heap after
{Heap after GC invocations=3 (full 0):
 PSYoungGen      total 29696K, used 4093K [0x00000000eab00000, 0x00000000ecc00000, 0x0000000100000000)
  eden space 25600K, 0% used [0x00000000eab00000,0x00000000eab00000,0x00000000ec400000)
  from space 4096K, 99% used [0x00000000ec400000,0x00000000ec7ff538,0x00000000ec800000)
  to   space 4096K, 0% used [0x00000000ec800000,0x00000000ec800000,0x00000000ecc00000)
 ParOldGen       total 68608K, used 3275K [0x00000000c0000000, 0x00000000c4300000, 0x00000000eab00000)
  object space 68608K, 4% used [0x00000000c0000000,0x00000000c0332e90,0x00000000c4300000)
 Metaspace       used 19586K, committed 19904K, reserved 1114112K
  class space    used 1986K, committed 2112K, reserved 1048576K
}
Event: 1.669 GC heap before
{Heap before GC invocations=4 (full 0):
 PSYoungGen      total 29696K, used 13882K [0x00000000eab00000, 0x00000000ecc00000, 0x0000000100000000)
  eden space 25600K, 38% used [0x00000000eab00000,0x00000000eb48f6a0,0x00000000ec400000)
  from space 4096K, 99% used [0x00000000ec400000,0x00000000ec7ff538,0x00000000ec800000)
  to   space 4096K, 0% used [0x00000000ec800000,0x00000000ec800000,0x00000000ecc00000)
 ParOldGen       total 68608K, used 3275K [0x00000000c0000000, 0x00000000c4300000, 0x00000000eab00000)
  object space 68608K, 4% used [0x00000000c0000000,0x00000000c0332e90,0x00000000c4300000)
 Metaspace       used 21036K, committed 21504K, reserved 1114112K
  class space    used 2133K, committed 2368K, reserved 1048576K
}
Event: 1.673 GC heap after
{Heap after GC invocations=4 (full 0):
 PSYoungGen      total 29696K, used 4093K [0x00000000eab00000, 0x00000000ecc00000, 0x0000000100000000)
  eden space 25600K, 0% used [0x00000000eab00000,0x00000000eab00000,0x00000000ec400000)
  from space 4096K, 99% used [0x00000000ec800000,0x00000000ecbff538,0x00000000ecc00000)
  to   space 4096K, 0% used [0x00000000ec400000,0x00000000ec400000,0x00000000ec800000)
 ParOldGen       total 68608K, used 4291K [0x00000000c0000000, 0x00000000c4300000, 0x00000000eab00000)
  object space 68608K, 6% used [0x00000000c0000000,0x00000000c0430ec0,0x00000000c4300000)
 Metaspace       used 21036K, committed 21504K, reserved 1114112K
  class space    used 2133K, committed 2368K, reserved 1048576K
}
Event: 1.673 GC heap before
{Heap before GC invocations=5 (full 1):
 PSYoungGen      total 29696K, used 4093K [0x00000000eab00000, 0x00000000ecc00000, 0x0000000100000000)
  eden space 25600K, 0% used [0x00000000eab00000,0x00000000eab00000,0x00000000ec400000)
  from space 4096K, 99% used [0x00000000ec800000,0x00000000ecbff538,0x00000000ecc00000)
  to   space 4096K, 0% used [0x00000000ec400000,0x00000000ec400000,0x00000000ec800000)
 ParOldGen       total 68608K, used 4291K [0x00000000c0000000, 0x00000000c4300000, 0x00000000eab00000)
  object space 68608K, 6% used [0x00000000c0000000,0x00000000c0430ec0,0x00000000c4300000)
 Metaspace       used 21036K, committed 21504K, reserved 1114112K
  class space    used 2133K, committed 2368K, reserved 1048576K
}
Event: 1.699 GC heap after
{Heap after GC invocations=5 (full 1):
 PSYoungGen      total 29696K, used 0K [0x00000000eab00000, 0x00000000ecc00000, 0x0000000100000000)
  eden space 25600K, 0% used [0x00000000eab00000,0x00000000eab00000,0x00000000ec400000)
  from space 4096K, 0% used [0x00000000ec800000,0x00000000ec800000,0x00000000ecc00000)
  to   space 4096K, 0% used [0x00000000ec400000,0x00000000ec400000,0x00000000ec800000)
 ParOldGen       total 68608K, used 8225K [0x00000000c0000000, 0x00000000c4300000, 0x00000000eab00000)
  object space 68608K, 11% used [0x00000000c0000000,0x00000000c0808590,0x00000000c4300000)
 Metaspace       used 21023K, committed 21504K, reserved 1114112K
  class space    used 2129K, committed 2368K, reserved 1048576K
}
Event: 2.192 GC heap before
{Heap before GC invocations=6 (full 1):
 PSYoungGen      total 29696K, used 25600K [0x00000000eab00000, 0x00000000ecc00000, 0x0000000100000000)
  eden space 25600K, 100% used [0x00000000eab00000,0x00000000ec400000,0x00000000ec400000)
  from space 4096K, 0% used [0x00000000ec800000,0x00000000ec800000,0x00000000ecc00000)
  to   space 4096K, 0% used [0x00000000ec400000,0x00000000ec400000,0x00000000ec800000)
 ParOldGen       total 68608K, used 8225K [0x00000000c0000000, 0x00000000c4300000, 0x00000000eab00000)
  object space 68608K, 11% used [0x00000000c0000000,0x00000000c0808590,0x00000000c4300000)
 Metaspace       used 24535K, committed 25088K, reserved 1114112K
  class space    used 2538K, committed 2816K, reserved 1048576K
}
Event: 2.194 GC heap after
{Heap after GC invocations=6 (full 1):
 PSYoungGen      total 28160K, used 2938K [0x00000000eab00000, 0x00000000ecb80000, 0x0000000100000000)
  eden space 25088K, 0% used [0x00000000eab00000,0x00000000eab00000,0x00000000ec380000)
  from space 3072K, 95% used [0x00000000ec400000,0x00000000ec6dea60,0x00000000ec700000)
  to   space 4096K, 0% used [0x00000000ec780000,0x00000000ec780000,0x00000000ecb80000)
 ParOldGen       total 68608K, used 8233K [0x00000000c0000000, 0x00000000c4300000, 0x00000000eab00000)
  object space 68608K, 12% used [0x00000000c0000000,0x00000000c080a590,0x00000000c4300000)
 Metaspace       used 24535K, committed 25088K, reserved 1114112K
  class space    used 2538K, committed 2816K, reserved 1048576K
}
Event: 2.380 GC heap before
{Heap before GC invocations=7 (full 1):
 PSYoungGen      total 28160K, used 28026K [0x00000000eab00000, 0x00000000ecb80000, 0x0000000100000000)
  eden space 25088K, 100% used [0x00000000eab00000,0x00000000ec380000,0x00000000ec380000)
  from space 3072K, 95% used [0x00000000ec400000,0x00000000ec6dea60,0x00000000ec700000)
  to   space 4096K, 0% used [0x00000000ec780000,0x00000000ec780000,0x00000000ecb80000)
 ParOldGen       total 68608K, used 8233K [0x00000000c0000000, 0x00000000c4300000, 0x00000000eab00000)
  object space 68608K, 12% used [0x00000000c0000000,0x00000000c080a590,0x00000000c4300000)
 Metaspace       used 27960K, committed 28544K, reserved 1114112K
  class space    used 2780K, committed 3072K, reserved 1048576K
}
Event: 2.381 GC heap after
{Heap after GC invocations=7 (full 1):
 PSYoungGen      total 28672K, used 3669K [0x00000000eab00000, 0x00000000ecb80000, 0x0000000100000000)
  eden space 24576K, 0% used [0x00000000eab00000,0x00000000eab00000,0x00000000ec300000)
  from space 4096K, 89% used [0x00000000ec780000,0x00000000ecb15738,0x00000000ecb80000)
  to   space 4096K, 0% used [0x00000000ec380000,0x00000000ec380000,0x00000000ec780000)
 ParOldGen       total 68608K, used 8233K [0x00000000c0000000, 0x00000000c4300000, 0x00000000eab00000)
  object space 68608K, 12% used [0x00000000c0000000,0x00000000c080a590,0x00000000c4300000)
 Metaspace       used 27960K, committed 28544K, reserved 1114112K
  class space    used 2780K, committed 3072K, reserved 1048576K
}
Event: 2.513 GC heap before
{Heap before GC invocations=8 (full 1):
 PSYoungGen      total 28672K, used 28245K [0x00000000eab00000, 0x00000000ecb80000, 0x0000000100000000)
  eden space 24576K, 100% used [0x00000000eab00000,0x00000000ec300000,0x00000000ec300000)
  from space 4096K, 89% used [0x00000000ec780000,0x00000000ecb15738,0x00000000ecb80000)
  to   space 4096K, 0% used [0x00000000ec380000,0x00000000ec380000,0x00000000ec780000)
 ParOldGen       total 68608K, used 8233K [0x00000000c0000000, 0x00000000c4300000, 0x00000000eab00000)
  object space 68608K, 12% used [0x00000000c0000000,0x00000000c080a590,0x00000000c4300000)
 Metaspace       used 30448K, committed 30976K, reserved 1114112K
  class space    used 2979K, committed 3200K, reserved 1048576K
}
Event: 2.514 GC heap after
{Heap after GC invocations=8 (full 1):
 PSYoungGen      total 28160K, used 4085K [0x00000000eab00000, 0x00000000ecb80000, 0x0000000100000000)
  eden space 24064K, 0% used [0x00000000eab00000,0x00000000eab00000,0x00000000ec280000)
  from space 4096K, 99% used [0x00000000ec380000,0x00000000ec77d590,0x00000000ec780000)
  to   space 4096K, 0% used [0x00000000ec780000,0x00000000ec780000,0x00000000ecb80000)
 ParOldGen       total 68608K, used 8300K [0x00000000c0000000, 0x00000000c4300000, 0x00000000eab00000)
  object space 68608K, 12% used [0x00000000c0000000,0x00000000c081b360,0x00000000c4300000)
 Metaspace       used 30448K, committed 30976K, reserved 1114112K
  class space    used 2979K, committed 3200K, reserved 1048576K
}
Event: 3.053 GC heap before
{Heap before GC invocations=9 (full 1):
 PSYoungGen      total 28160K, used 28149K [0x00000000eab00000, 0x00000000ecb80000, 0x0000000100000000)
  eden space 24064K, 100% used [0x00000000eab00000,0x00000000ec280000,0x00000000ec280000)
  from space 4096K, 99% used [0x00000000ec380000,0x00000000ec77d590,0x00000000ec780000)
  to   space 4096K, 0% used [0x00000000ec780000,0x00000000ec780000,0x00000000ecb80000)
 ParOldGen       total 68608K, used 8300K [0x00000000c0000000, 0x00000000c4300000, 0x00000000eab00000)
  object space 68608K, 12% used [0x00000000c0000000,0x00000000c081b360,0x00000000c4300000)
 Metaspace       used 34309K, committed 35072K, reserved 1114112K
  class space    used 3419K, committed 3776K, reserved 1048576K
}
Event: 3.056 GC heap after
{Heap after GC invocations=9 (full 1):
 PSYoungGen      total 27136K, used 4082K [0x00000000eab00000, 0x00000000ece00000, 0x0000000100000000)
  eden space 23040K, 0% used [0x00000000eab00000,0x00000000eab00000,0x00000000ec180000)
  from space 4096K, 99% used [0x00000000ec780000,0x00000000ecb7c838,0x00000000ecb80000)
  to   space 6144K, 0% used [0x00000000ec180000,0x00000000ec180000,0x00000000ec780000)
 ParOldGen       total 68608K, used 9988K [0x00000000c0000000, 0x00000000c4300000, 0x00000000eab00000)
  object space 68608K, 14% used [0x00000000c0000000,0x00000000c09c11b0,0x00000000c4300000)
 Metaspace       used 34309K, committed 35072K, reserved 1114112K
  class space    used 3419K, committed 3776K, reserved 1048576K
}
Event: 3.123 GC heap before
{Heap before GC invocations=10 (full 1):
 PSYoungGen      total 27136K, used 9855K [0x00000000eab00000, 0x00000000ece00000, 0x0000000100000000)
  eden space 23040K, 25% used [0x00000000eab00000,0x00000000eb0a34c0,0x00000000ec180000)
  from space 4096K, 99% used [0x00000000ec780000,0x00000000ecb7c838,0x00000000ecb80000)
  to   space 6144K, 0% used [0x00000000ec180000,0x00000000ec180000,0x00000000ec780000)
 ParOldGen       total 68608K, used 9988K [0x00000000c0000000, 0x00000000c4300000, 0x00000000eab00000)
  object space 68608K, 14% used [0x00000000c0000000,0x00000000c09c11b0,0x00000000c4300000)
 Metaspace       used 35133K, committed 35840K, reserved 1114112K
  class space    used 3542K, committed 3840K, reserved 1048576K
}
Event: 3.125 GC heap after
{Heap after GC invocations=10 (full 1):
 PSYoungGen      total 25600K, used 2233K [0x00000000eab00000, 0x00000000ec900000, 0x0000000100000000)
  eden space 23040K, 0% used [0x00000000eab00000,0x00000000eab00000,0x00000000ec180000)
  from space 2560K, 87% used [0x00000000ec180000,0x00000000ec3ae508,0x00000000ec400000)
  to   space 3584K, 0% used [0x00000000ec580000,0x00000000ec580000,0x00000000ec900000)
 ParOldGen       total 68608K, used 12245K [0x00000000c0000000, 0x00000000c4300000, 0x00000000eab00000)
  object space 68608K, 17% used [0x00000000c0000000,0x00000000c0bf57f0,0x00000000c4300000)
 Metaspace       used 35133K, committed 35840K, reserved 1114112K
  class space    used 3542K, committed 3840K, reserved 1048576K
}
Event: 3.125 GC heap before
{Heap before GC invocations=11 (full 2):
 PSYoungGen      total 25600K, used 2233K [0x00000000eab00000, 0x00000000ec900000, 0x0000000100000000)
  eden space 23040K, 0% used [0x00000000eab00000,0x00000000eab00000,0x00000000ec180000)
  from space 2560K, 87% used [0x00000000ec180000,0x00000000ec3ae508,0x00000000ec400000)
  to   space 3584K, 0% used [0x00000000ec580000,0x00000000ec580000,0x00000000ec900000)
 ParOldGen       total 68608K, used 12245K [0x00000000c0000000, 0x00000000c4300000, 0x00000000eab00000)
  object space 68608K, 17% used [0x00000000c0000000,0x00000000c0bf57f0,0x00000000c4300000)
 Metaspace       used 35133K, committed 35840K, reserved 1114112K
  class space    used 3542K, committed 3840K, reserved 1048576K
}
Event: 3.142 GC heap after
{Heap after GC invocations=11 (full 2):
 PSYoungGen      total 25600K, used 0K [0x00000000eab00000, 0x00000000ec900000, 0x0000000100000000)
  eden space 23040K, 0% used [0x00000000eab00000,0x00000000eab00000,0x00000000ec180000)
  from space 2560K, 0% used [0x00000000ec180000,0x00000000ec180000,0x00000000ec400000)
  to   space 3584K, 0% used [0x00000000ec580000,0x00000000ec580000,0x00000000ec900000)
 ParOldGen       total 68608K, used 14102K [0x00000000c0000000, 0x00000000c4300000, 0x00000000eab00000)
  object space 68608K, 20% used [0x00000000c0000000,0x00000000c0dc5880,0x00000000c4300000)
 Metaspace       used 35133K, committed 35840K, reserved 1114112K
  class space    used 3542K, committed 3840K, reserved 1048576K
}
Event: 3.317 GC heap before
{Heap before GC invocations=12 (full 2):
 PSYoungGen      total 25600K, used 23038K [0x00000000eab00000, 0x00000000ec900000, 0x0000000100000000)
  eden space 23040K, 99% used [0x00000000eab00000,0x00000000ec17f9a8,0x00000000ec180000)
  from space 2560K, 0% used [0x00000000ec180000,0x00000000ec180000,0x00000000ec400000)
  to   space 3584K, 0% used [0x00000000ec580000,0x00000000ec580000,0x00000000ec900000)
 ParOldGen       total 68608K, used 14102K [0x00000000c0000000, 0x00000000c4300000, 0x00000000eab00000)
  object space 68608K, 20% used [0x00000000c0000000,0x00000000c0dc5880,0x00000000c4300000)
 Metaspace       used 38671K, committed 39488K, reserved 1114112K
  class space    used 4019K, committed 4416K, reserved 1048576K
}
Event: 3.318 GC heap after
{Heap after GC invocations=12 (full 2):
 PSYoungGen      total 23552K, used 1024K [0x00000000eab00000, 0x00000000ec680000, 0x0000000100000000)
  eden space 22528K, 0% used [0x00000000eab00000,0x00000000eab00000,0x00000000ec100000)
  from space 1024K, 100% used [0x00000000ec580000,0x00000000ec680000,0x00000000ec680000)
  to   space 2048K, 0% used [0x00000000ec280000,0x00000000ec280000,0x00000000ec480000)
 ParOldGen       total 68608K, used 14110K [0x00000000c0000000, 0x00000000c4300000, 0x00000000eab00000)
  object space 68608K, 20% used [0x00000000c0000000,0x00000000c0dc7880,0x00000000c4300000)
 Metaspace       used 38671K, committed 39488K, reserved 1114112K
  class space    used 4019K, committed 4416K, reserved 1048576K
}

Dll operation events (10 events):
Event: 0.008 Loaded shared library c:\Users\Admin\.vscode\extensions\redhat.java-1.21.0-win32-x64\jre\17.0.7-win32-x86_64\bin\java.dll
Event: 0.150 Loaded shared library c:\Users\Admin\.vscode\extensions\redhat.java-1.21.0-win32-x64\jre\17.0.7-win32-x86_64\bin\zip.dll
Event: 0.153 Loaded shared library C:\Users\Admin\.vscode\extensions\redhat.java-1.21.0-win32-x64\jre\17.0.7-win32-x86_64\bin\instrument.dll
Event: 0.164 Loaded shared library C:\Users\Admin\.vscode\extensions\redhat.java-1.21.0-win32-x64\jre\17.0.7-win32-x86_64\bin\net.dll
Event: 0.166 Loaded shared library C:\Users\Admin\.vscode\extensions\redhat.java-1.21.0-win32-x64\jre\17.0.7-win32-x86_64\bin\nio.dll
Event: 0.175 Loaded shared library C:\Users\Admin\.vscode\extensions\redhat.java-1.21.0-win32-x64\jre\17.0.7-win32-x86_64\bin\zip.dll
Event: 0.187 Loaded shared library C:\Users\Admin\.vscode\extensions\redhat.java-1.21.0-win32-x64\jre\17.0.7-win32-x86_64\bin\jimage.dll
Event: 0.262 Loaded shared library c:\Users\Admin\.vscode\extensions\redhat.java-1.21.0-win32-x64\jre\17.0.7-win32-x86_64\bin\verify.dll
Event: 1.036 Loaded shared library C:\Users\Admin\AppData\Roaming\Code\User\globalStorage\redhat.java\1.21.0\config_win\org.eclipse.equinox.launcher\org.eclipse.equinox.launcher.win32.win32.x86_64_1.2.700.v20221108-1024\eclipse_11801.dll
Event: 2.832 Loaded shared library C:\Users\Admin\AppData\Local\Temp\jna-63116079\jna18025341285120009134.dll

Deoptimization events (20 events):
Event: 3.201 Thread 0x000001f55553e790 Uncommon trap: trap_request=0xffffffde fr.pc=0x000001f56167693c relative=0x000000000000003c
Event: 3.201 Thread 0x000001f55553e790 Uncommon trap: reason=class_check action=maybe_recompile pc=0x000001f56167693c method=java.lang.StringConcatHelper.stringOf(Ljava/lang/Object;)Ljava/lang/String; @ 5 c2
Event: 3.201 Thread 0x000001f55553e790 DEOPT PACKING pc=0x000001f56167693c sp=0x000000b10d9fdc50
Event: 3.201 Thread 0x000001f55553e790 DEOPT UNPACKING pc=0x000001f560e39ea3 sp=0x000000b10d9fdbe0 mode 2
Event: 3.208 Thread 0x000001f55553e790 Uncommon trap: trap_request=0xffffff45 fr.pc=0x000001f5616cfc08 relative=0x0000000000004f88
Event: 3.208 Thread 0x000001f55553e790 Uncommon trap: reason=unstable_if action=reinterpret pc=0x000001f5616cfc08 method=jdk.internal.org.objectweb.asm.Frame.execute(IILjdk/internal/org/objectweb/asm/Symbol;Ljdk/internal/org/objectweb/asm/SymbolTable;)V @ 1 c2
Event: 3.208 Thread 0x000001f55553e790 DEOPT PACKING pc=0x000001f5616cfc08 sp=0x000000b10d9fd9d0
Event: 3.208 Thread 0x000001f55553e790 DEOPT UNPACKING pc=0x000001f560e39ea3 sp=0x000000b10d9fd978 mode 2
Event: 3.208 Thread 0x000001f55553e790 Uncommon trap: trap_request=0xffffff45 fr.pc=0x000001f5615f3eb4 relative=0x0000000000000114
Event: 3.208 Thread 0x000001f55553e790 Uncommon trap: reason=unstable_if action=reinterpret pc=0x000001f5615f3eb4 method=jdk.internal.org.objectweb.asm.SymbolTable.put(Ljdk/internal/org/objectweb/asm/SymbolTable$Entry;)Ljdk/internal/org/objectweb/asm/SymbolTable$Entry; @ 13 c2
Event: 3.208 Thread 0x000001f55553e790 DEOPT PACKING pc=0x000001f5615f3eb4 sp=0x000000b10d9fd770
Event: 3.208 Thread 0x000001f55553e790 DEOPT UNPACKING pc=0x000001f560e39ea3 sp=0x000000b10d9fd6d0 mode 2
Event: 3.431 Thread 0x000001f573525900 Uncommon trap: trap_request=0xffffff45 fr.pc=0x000001f561609e34 relative=0x0000000000000114
Event: 3.431 Thread 0x000001f573525900 Uncommon trap: reason=unstable_if action=reinterpret pc=0x000001f561609e34 method=java.util.ArrayList.indexOfRange(Ljava/lang/Object;II)I @ 7 c2
Event: 3.431 Thread 0x000001f573525900 DEOPT PACKING pc=0x000001f561609e34 sp=0x000000b10fefe690
Event: 3.431 Thread 0x000001f573525900 DEOPT UNPACKING pc=0x000001f560e39ea3 sp=0x000000b10fefe550 mode 2
Event: 3.441 Thread 0x000001f573525900 Uncommon trap: trap_request=0xffffff45 fr.pc=0x000001f5615eec90 relative=0x00000000000000f0
Event: 3.441 Thread 0x000001f573525900 Uncommon trap: reason=unstable_if action=reinterpret pc=0x000001f5615eec90 method=java.util.ArrayList.indexOfRange(Ljava/lang/Object;II)I @ 7 c2
Event: 3.441 Thread 0x000001f573525900 DEOPT PACKING pc=0x000001f5615eec90 sp=0x000000b10fefe5b0
Event: 3.441 Thread 0x000001f573525900 DEOPT UNPACKING pc=0x000001f560e39ea3 sp=0x000000b10fefe550 mode 2

Classes unloaded (7 events):
Event: 1.677 Thread 0x000001f5555f7a10 Unloading class 0x000000010021c000 'java/lang/invoke/LambdaForm$MH+0x000000010021c000'
Event: 1.677 Thread 0x000001f5555f7a10 Unloading class 0x000000010021bc00 'java/lang/invoke/LambdaForm$MH+0x000000010021bc00'
Event: 1.677 Thread 0x000001f5555f7a10 Unloading class 0x000000010021b800 'java/lang/invoke/LambdaForm$MH+0x000000010021b800'
Event: 1.677 Thread 0x000001f5555f7a10 Unloading class 0x000000010021b400 'java/lang/invoke/LambdaForm$MH+0x000000010021b400'
Event: 1.677 Thread 0x000001f5555f7a10 Unloading class 0x000000010021b000 'java/lang/invoke/LambdaForm$BMH+0x000000010021b000'
Event: 1.677 Thread 0x000001f5555f7a10 Unloading class 0x000000010021ac00 'java/lang/invoke/LambdaForm$DMH+0x000000010021ac00'
Event: 1.677 Thread 0x000001f5555f7a10 Unloading class 0x0000000100218000 'java/lang/invoke/LambdaForm$DMH+0x0000000100218000'

Classes redefined (0 events):
No events

Internal exceptions (20 events):
Event: 2.519 Thread 0x000001f573343be0 Exception <a 'java/lang/NoSuchMethodError'{0x00000000eab42820}: 'void java.lang.invoke.DirectMethodHandle$Holder.invokeVirtual(java.lang.Object, java.lang.Object)'> (0x00000000eab42820) 
thrown [s\src\hotspot\share\interpreter\linkResolver.cpp, line 759]
Event: 2.546 Thread 0x000001f573343be0 Exception <a 'java/lang/NoSuchMethodError'{0x00000000ead6b0d0}: 'java.lang.Object java.lang.invoke.DirectMethodHandle$Holder.invokeStaticInit(java.lang.Object, int, int, int, int)'> (0x00000000ead6b0d0) 
thrown [s\src\hotspot\share\interpreter\linkResolver.cpp, line 759]
Event: 2.596 Thread 0x000001f573343be0 Exception <a 'java/lang/NoSuchMethodError'{0x00000000eae04d40}: 'java.lang.Object java.lang.invoke.DirectMethodHandle$Holder.invokeStaticInit(java.lang.Object, java.lang.Object, int, int, int, int)'> (0x00000000eae04d40) 
thrown [s\src\hotspot\share\interpreter\linkResolver.cpp, line 759]
Event: 2.649 Thread 0x000001f573343be0 Exception <a 'java/lang/ClassNotFoundException'{0x00000000eb162a50}: com/sun/org/apache/xml/internal/serializer/spi/XMLEntitiesProvider> (0x00000000eb162a50) 
thrown [s\src\hotspot\share\classfile\systemDictionary.cpp, line 256]
Event: 2.739 Thread 0x000001f573343be0 Exception <a 'java/io/FileNotFoundException'{0x00000000eb4da068}> (0x00000000eb4da068) 
thrown [s\src\hotspot\share\prims\jni.cpp, line 516]
Event: 2.856 Thread 0x000001f573343be0 Exception <a 'java/lang/UnsatisfiedLinkError'{0x00000000eb781218}: The specified procedure could not be found.
> (0x00000000eb781218) 
thrown [s\src\hotspot\share\prims\jni.cpp, line 535]
Event: 2.860 Thread 0x000001f573343be0 Exception <a 'java/io/FileNotFoundException'{0x00000000eb7a4318}> (0x00000000eb7a4318) 
thrown [s\src\hotspot\share\prims\jni.cpp, line 516]
Event: 2.868 Thread 0x000001f573343be0 Exception <a 'java/io/FileNotFoundException'{0x00000000eb817440}> (0x00000000eb817440) 
thrown [s\src\hotspot\share\prims\jni.cpp, line 516]
Event: 2.876 Thread 0x000001f573343be0 Exception <a 'java/lang/UnsatisfiedLinkError'{0x00000000eb8a3450}: The specified procedure could not be found.
> (0x00000000eb8a3450) 
thrown [s\src\hotspot\share\prims\jni.cpp, line 535]
Event: 2.895 Thread 0x000001f55553e790 Exception <a 'sun/nio/fs/WindowsException'{0x00000000eb8f6cd0}> (0x00000000eb8f6cd0) 
thrown [s\src\hotspot\share\prims\jni.cpp, line 516]
Event: 3.006 Thread 0x000001f573525900 Exception <a 'java/lang/NoSuchMethodError'{0x00000000eab75a80}: 'int java.lang.invoke.DirectMethodHandle$Holder.invokeVirtual(java.lang.Object, java.lang.Object)'> (0x00000000eab75a80) 
thrown [s\src\hotspot\share\interpreter\linkResolver.cpp, line 759]
Event: 3.020 Thread 0x000001f55553e790 Exception <a 'java/lang/NoSuchMethodError'{0x00000000ec24f6c0}: 'java.lang.Object java.lang.invoke.DirectMethodHandle$Holder.invokeStatic(java.lang.Object, java.lang.Object, long, java.lang.Object)'> (0x00000000ec24f6c0) 
thrown [s\src\hotspot\share\interpreter\linkResolver.cpp, line 759]
Event: 3.021 Thread 0x000001f55553e790 Exception <a 'java/lang/NoSuchMethodError'{0x00000000ec253158}: 'java.lang.Object java.lang.invoke.DirectMethodHandle$Holder.invokeStaticInit(java.lang.Object, java.lang.Object, long, java.lang.Object)'> (0x00000000ec253158) 
thrown [s\src\hotspot\share\interpreter\linkResolver.cpp, line 759]
Event: 3.021 Thread 0x000001f55553e790 Exception <a 'java/lang/NoSuchMethodError'{0x00000000ec259cf8}: 'java.lang.Object java.lang.invoke.DirectMethodHandle$Holder.newInvokeSpecial(java.lang.Object, java.lang.Object, long)'> (0x00000000ec259cf8) 
thrown [s\src\hotspot\share\interpreter\linkResolver.cpp, line 759]
Event: 3.077 Thread 0x000001f55553e790 Exception <a 'java/lang/NoSuchMethodError'{0x00000000eac5d4d0}: 'void java.lang.invoke.DirectMethodHandle$Holder.invokeStatic(java.lang.Object, java.lang.Object, java.lang.Object, java.lang.Object)'> (0x00000000eac5d4d0) 
thrown [s\src\hotspot\share\interpreter\linkResolver.cpp, line 759]
Event: 3.193 Thread 0x000001f573525900 Exception <a 'java/lang/NoSuchMethodError'{0x00000000eb170e98}: 'java.lang.Object java.lang.invoke.DirectMethodHandle$Holder.invokeSpecialIFC(java.lang.Object, java.lang.Object, java.lang.Object, java.lang.Object)'> (0x00000000eb170e98) 
thrown [s\src\hotspot\share\interpreter\linkResolver.cpp, line 759]
Event: 3.200 Thread 0x000001f55553e790 Exception <a 'java/lang/NoSuchMethodError'{0x00000000eb2b3178}: 'void java.lang.invoke.DirectMethodHandle$Holder.invokeSpecial(java.lang.Object, java.lang.Object, java.lang.Object, java.lang.Object, java.lang.Object, java.lang.Object)'> (0x00000000eb2b3178) 
thrown [s\src\hotspot\share\interpreter\linkResolver.cpp, line 759]
Event: 3.202 Thread 0x000001f55553e790 Exception <a 'java/lang/IncompatibleClassChangeError'{0x00000000eb2bca28}: Found class java.lang.Object, but interface was expected> (0x00000000eb2bca28) 
thrown [s\src\hotspot\share\interpreter\linkResolver.cpp, line 826]
Event: 3.295 Thread 0x000001f573525900 Exception <a 'java/lang/NoSuchMethodError'{0x00000000ebfd8900}: 'int java.lang.invoke.DirectMethodHandle$Holder.invokeSpecialIFC(java.lang.Object, java.lang.Object, java.lang.Object, java.lang.Object, java.lang.Object)'> (0x00000000ebfd8900) 
thrown [s\src\hotspot\share\interpreter\linkResolver.cpp, line 759]
Event: 3.397 Thread 0x000001f573525900 Exception <a 'java/lang/NoClassDefFoundError'{0x00000000eaf636c8}: javax/enterprise/inject/Typed> (0x00000000eaf636c8) 
thrown [s\src\hotspot\share\classfile\systemDictionary.cpp, line 245]

VM Operations (20 events):
Event: 2.680 Executing VM operation: HandshakeAllThreads
Event: 2.680 Executing VM operation: HandshakeAllThreads done
Event: 2.731 Executing VM operation: HandshakeAllThreads
Event: 2.732 Executing VM operation: HandshakeAllThreads done
Event: 2.846 Executing VM operation: HandshakeAllThreads
Event: 2.846 Executing VM operation: HandshakeAllThreads done
Event: 2.885 Executing VM operation: ICBufferFull
Event: 2.885 Executing VM operation: ICBufferFull done
Event: 3.053 Executing VM operation: ParallelGCFailedAllocation
Event: 3.056 Executing VM operation: ParallelGCFailedAllocation done
Event: 3.123 Executing VM operation: CollectForMetadataAllocation
Event: 3.142 Executing VM operation: CollectForMetadataAllocation done
Event: 3.174 Executing VM operation: HandshakeAllThreads
Event: 3.174 Executing VM operation: HandshakeAllThreads done
Event: 3.200 Executing VM operation: HandshakeAllThreads
Event: 3.200 Executing VM operation: HandshakeAllThreads done
Event: 3.317 Executing VM operation: ParallelGCFailedAllocation
Event: 3.318 Executing VM operation: ParallelGCFailedAllocation done
Event: 3.380 Executing VM operation: HandshakeAllThreads
Event: 3.380 Executing VM operation: HandshakeAllThreads done

Events (20 events):
Event: 3.281 loading class java/util/stream/Streams$ConcatSpliterator done
Event: 3.281 loading class java/util/stream/Streams$ConcatSpliterator$OfRef done
Event: 3.281 loading class java/util/stream/Streams$2
Event: 3.281 loading class java/util/stream/Streams$2 done
Event: 3.301 loading class java/util/stream/SortedOps$SizedRefSortingSink
Event: 3.301 loading class java/util/stream/SortedOps$SizedRefSortingSink done
Event: 3.328 loading class java/lang/annotation/ElementType
Event: 3.328 loading class java/lang/annotation/ElementType done
Event: 3.382 loading class java/lang/Short$ShortCache
Event: 3.382 loading class java/lang/Short$ShortCache done
Event: 3.395 Thread 0x000001f572a17f20 Thread added: 0x000001f572a17f20
Event: 3.396 loading class java/lang/annotation/IncompleteAnnotationException
Event: 3.396 loading class java/lang/annotation/IncompleteAnnotationException done
Event: 3.411 Thread 0x000001f574a92db0 Thread added: 0x000001f574a92db0
Event: 3.412 Thread 0x000001f574a95b40 Thread added: 0x000001f574a95b40
Event: 3.435 loading class jdk/internal/access/foreign/MemorySegmentProxy
Event: 3.436 loading class jdk/internal/access/foreign/MemorySegmentProxy done
Event: 3.445 Thread 0x000001f574a96050 Thread added: 0x000001f574a96050
Event: 3.445 Thread 0x000001f574a96a70 Thread added: 0x000001f574a96a70
Event: 3.445 Thread 0x000001f574a932c0 Thread added: 0x000001f574a932c0


Dynamic libraries:
0x00007ff6dfa60000 - 0x00007ff6dfa6e000 	c:\Users\Admin\.vscode\extensions\redhat.java-1.21.0-win32-x64\jre\17.0.7-win32-x86_64\bin\java.exe
0x00007ff8ca630000 - 0x00007ff8ca844000 	C:\WINDOWS\SYSTEM32\ntdll.dll
0x00007ff8c8c10000 - 0x00007ff8c8cd4000 	C:\WINDOWS\System32\KERNEL32.DLL
0x00007ff8c7cf0000 - 0x00007ff8c8094000 	C:\WINDOWS\System32\KERNELBASE.dll
0x00007ff8c7ab0000 - 0x00007ff8c7bc1000 	C:\WINDOWS\System32\ucrtbase.dll
0x00007ff885fc0000 - 0x00007ff885fd7000 	c:\Users\Admin\.vscode\extensions\redhat.java-1.21.0-win32-x64\jre\17.0.7-win32-x86_64\bin\jli.dll
0x00007ff87d0a0000 - 0x00007ff87d0b9000 	c:\Users\Admin\.vscode\extensions\redhat.java-1.21.0-win32-x64\jre\17.0.7-win32-x86_64\bin\VCRUNTIME140.dll
0x00007ff8c87e0000 - 0x00007ff8c898a000 	C:\WINDOWS\System32\USER32.dll
0x00007ff8c7cc0000 - 0x00007ff8c7ce6000 	C:\WINDOWS\System32\win32u.dll
0x00007ff8a0f00000 - 0x00007ff8a118f000 	C:\WINDOWS\WinSxS\amd64_microsoft.windows.common-controls_6595b64144ccf1df_6.0.22621.2070_none_2713e6537381f706\COMCTL32.dll
0x00007ff8c8a00000 - 0x00007ff8c8a29000 	C:\WINDOWS\System32\GDI32.dll
0x00007ff8ca500000 - 0x00007ff8ca5a7000 	C:\WINDOWS\System32\msvcrt.dll
0x00007ff8c82d0000 - 0x00007ff8c83e9000 	C:\WINDOWS\System32\gdi32full.dll
0x00007ff8c7a10000 - 0x00007ff8c7aaa000 	C:\WINDOWS\System32\msvcp_win.dll
0x00007ff8ca5b0000 - 0x00007ff8ca5e1000 	C:\WINDOWS\System32\IMM32.DLL
0x00007ff8ba7c0000 - 0x00007ff8ba7cc000 	c:\Users\Admin\.vscode\extensions\redhat.java-1.21.0-win32-x64\jre\17.0.7-win32-x86_64\bin\vcruntime140_1.dll
0x00007ff856a70000 - 0x00007ff856b01000 	c:\Users\Admin\.vscode\extensions\redhat.java-1.21.0-win32-x64\jre\17.0.7-win32-x86_64\bin\msvcp140.dll
0x00007ff8405a0000 - 0x00007ff8411e8000 	c:\Users\Admin\.vscode\extensions\redhat.java-1.21.0-win32-x64\jre\17.0.7-win32-x86_64\bin\server\jvm.dll
0x00007ff8c8e10000 - 0x00007ff8c8ec0000 	C:\WINDOWS\System32\ADVAPI32.dll
0x00007ff8c8ce0000 - 0x00007ff8c8d86000 	C:\WINDOWS\System32\sechost.dll
0x00007ff8c9530000 - 0x00007ff8c9647000 	C:\WINDOWS\System32\RPCRT4.dll
0x00007ff8c0ce0000 - 0x00007ff8c0d14000 	C:\WINDOWS\SYSTEM32\WINMM.dll
0x00007ff8ba7b0000 - 0x00007ff8ba7b9000 	C:\WINDOWS\SYSTEM32\WSOCK32.dll
0x00007ff8c1260000 - 0x00007ff8c126a000 	C:\WINDOWS\SYSTEM32\VERSION.dll
0x00007ff8c8b80000 - 0x00007ff8c8bf1000 	C:\WINDOWS\System32\WS2_32.dll
0x00007ff8c6a30000 - 0x00007ff8c6a48000 	C:\WINDOWS\SYSTEM32\kernel.appcore.dll
0x00007ff8ac0e0000 - 0x00007ff8ac0ea000 	c:\Users\Admin\.vscode\extensions\redhat.java-1.21.0-win32-x64\jre\17.0.7-win32-x86_64\bin\jimage.dll
0x00007ff8c53c0000 - 0x00007ff8c55ee000 	C:\WINDOWS\SYSTEM32\DBGHELP.DLL
0x00007ff8c8450000 - 0x00007ff8c87da000 	C:\WINDOWS\System32\combase.dll
0x00007ff8c9350000 - 0x00007ff8c9427000 	C:\WINDOWS\System32\OLEAUT32.dll
0x00007ff8afff0000 - 0x00007ff8b0022000 	C:\WINDOWS\SYSTEM32\dbgcore.DLL
0x00007ff8c7bd0000 - 0x00007ff8c7c4a000 	C:\WINDOWS\System32\bcryptPrimitives.dll
0x00007ff89c980000 - 0x00007ff89c98e000 	c:\Users\Admin\.vscode\extensions\redhat.java-1.21.0-win32-x64\jre\17.0.7-win32-x86_64\bin\instrument.dll
0x00007ff879910000 - 0x00007ff879935000 	c:\Users\Admin\.vscode\extensions\redhat.java-1.21.0-win32-x64\jre\17.0.7-win32-x86_64\bin\java.dll
0x00007ff8640c0000 - 0x00007ff8640d8000 	c:\Users\Admin\.vscode\extensions\redhat.java-1.21.0-win32-x64\jre\17.0.7-win32-x86_64\bin\zip.dll
0x00007ff8c9ab0000 - 0x00007ff8ca2c6000 	C:\WINDOWS\System32\SHELL32.dll
0x00007ff8c5990000 - 0x00007ff8c627a000 	C:\WINDOWS\SYSTEM32\windows.storage.dll
0x00007ff8c5850000 - 0x00007ff8c598e000 	C:\WINDOWS\SYSTEM32\wintypes.dll
0x00007ff8c9700000 - 0x00007ff8c97f3000 	C:\WINDOWS\System32\SHCORE.dll
0x00007ff8ca300000 - 0x00007ff8ca35e000 	C:\WINDOWS\System32\shlwapi.dll
0x00007ff8c7940000 - 0x00007ff8c7966000 	C:\WINDOWS\SYSTEM32\profapi.dll
0x00007ff863710000 - 0x00007ff863729000 	C:\Users\Admin\.vscode\extensions\redhat.java-1.21.0-win32-x64\jre\17.0.7-win32-x86_64\bin\net.dll
0x00007ff8c0fe0000 - 0x00007ff8c1117000 	C:\WINDOWS\SYSTEM32\WINHTTP.dll
0x00007ff8c6f80000 - 0x00007ff8c6fe9000 	C:\WINDOWS\system32\mswsock.dll
0x00007ff8636f0000 - 0x00007ff863705000 	C:\Users\Admin\.vscode\extensions\redhat.java-1.21.0-win32-x64\jre\17.0.7-win32-x86_64\bin\nio.dll
0x00007ff88fa60000 - 0x00007ff88fa70000 	c:\Users\Admin\.vscode\extensions\redhat.java-1.21.0-win32-x64\jre\17.0.7-win32-x86_64\bin\verify.dll
0x00007ff8590d0000 - 0x00007ff85910e000 	C:\Users\Admin\AppData\Roaming\Code\User\globalStorage\redhat.java\1.21.0\config_win\org.eclipse.equinox.launcher\org.eclipse.equinox.launcher.win32.win32.x86_64_1.2.700.v20221108-1024\eclipse_11801.dll
0x00007ff8ca360000 - 0x00007ff8ca4fc000 	C:\WINDOWS\System32\ole32.dll
0x00007ff8c71a0000 - 0x00007ff8c71bb000 	C:\WINDOWS\SYSTEM32\CRYPTSP.dll
0x00007ff8c69f0000 - 0x00007ff8c6a25000 	C:\WINDOWS\system32\rsaenh.dll
0x00007ff8c7040000 - 0x00007ff8c706c000 	C:\WINDOWS\SYSTEM32\USERENV.dll
0x00007ff8c73b0000 - 0x00007ff8c73d8000 	C:\WINDOWS\SYSTEM32\bcrypt.dll
0x00007ff8c71c0000 - 0x00007ff8c71cc000 	C:\WINDOWS\SYSTEM32\CRYPTBASE.dll
0x00007ff8c64e0000 - 0x00007ff8c650d000 	C:\WINDOWS\SYSTEM32\IPHLPAPI.DLL
0x00007ff8c8ec0000 - 0x00007ff8c8ec9000 	C:\WINDOWS\System32\NSI.dll
0x00007ff8c1270000 - 0x00007ff8c1289000 	C:\WINDOWS\SYSTEM32\dhcpcsvc6.DLL
0x00007ff8c0d20000 - 0x00007ff8c0d3f000 	C:\WINDOWS\SYSTEM32\dhcpcsvc.DLL
0x00007ff8c6550000 - 0x00007ff8c6643000 	C:\WINDOWS\SYSTEM32\DNSAPI.dll
0x00007ff859080000 - 0x00007ff8590c5000 	C:\Users\Admin\AppData\Local\Temp\jna-63116079\jna18025341285120009134.dll
0x00007ff8ca2d0000 - 0x00007ff8ca2d8000 	C:\WINDOWS\System32\PSAPI.DLL

dbghelp: loaded successfully - version: 4.0.5 - missing functions: none
symbol engine: initialized successfully - sym options: 0x614 - pdb path: .;c:\Users\Admin\.vscode\extensions\redhat.java-1.21.0-win32-x64\jre\17.0.7-win32-x86_64\bin;C:\WINDOWS\SYSTEM32;C:\WINDOWS\WinSxS\amd64_microsoft.windows.common-controls_6595b64144ccf1df_6.0.22621.2070_none_2713e6537381f706;c:\Users\Admin\.vscode\extensions\redhat.java-1.21.0-win32-x64\jre\17.0.7-win32-x86_64\bin\server;C:\Users\Admin\AppData\Roaming\Code\User\globalStorage\redhat.java\1.21.0\config_win\org.eclipse.equinox.launcher\org.eclipse.equinox.launcher.win32.win32.x86_64_1.2.700.v20221108-1024;C:\Users\Admin\AppData\Local\Temp\jna-63116079

VM Arguments:
jvm_args: --add-modules=ALL-SYSTEM --add-opens=java.base/java.util=ALL-UNNAMED --add-opens=java.base/java.lang=ALL-UNNAMED --add-opens=java.base/sun.nio.fs=ALL-UNNAMED -Declipse.application=org.eclipse.jdt.ls.core.id1 -Dosgi.bundles.defaultStartLevel=4 -Declipse.product=org.eclipse.jdt.ls.core.product -Djava.import.generatesMetadataFilesAtProjectRoot=false -Dfile.encoding=utf8 -XX:+UseParallelGC -XX:GCTimeRatio=4 -XX:AdaptiveSizePolicyWeight=90 -Dsun.zip.disableMemoryMapping=true -Xmx1G -Xms100m -Xlog:disable -javaagent:c:\Users\Admin\.vscode\extensions\redhat.java-1.21.0-win32-x64\lombok\lombok-1.18.28.jar -XX:+HeapDumpOnOutOfMemoryError -XX:HeapDumpPath=c:\Users\Admin\AppData\Roaming\Code\User\workspaceStorage\e7c62a26f5fb9af6089d468b08576148\redhat.java -Daether.dependencyCollector.impl=bf 
java_command: c:\Users\Admin\.vscode\extensions\redhat.java-1.21.0-win32-x64\server\plugins\org.eclipse.equinox.launcher_1.6.500.v20230717-2134.jar -configuration c:\Users\Admin\AppData\Roaming\Code\User\globalStorage\redhat.java\1.21.0\config_win -data c:\Users\Admin\AppData\Roaming\Code\User\workspaceStorage\e7c62a26f5fb9af6089d468b08576148\redhat.java\jdt_ws
java_class_path (initial): c:\Users\Admin\.vscode\extensions\redhat.java-1.21.0-win32-x64\server\plugins\org.eclipse.equinox.launcher_1.6.500.v20230717-2134.jar
Launcher Type: SUN_STANDARD

[Global flags]
    uintx AdaptiveSizePolicyWeight                 = 90                                        {product} {command line}
     intx CICompilerCount                          = 12                                        {product} {ergonomic}
    uintx GCTimeRatio                              = 4                                         {product} {command line}
     bool HeapDumpOnOutOfMemoryError               = true                                   {manageable} {command line}
    ccstr HeapDumpPath                             = c:\Users\Admin\AppData\Roaming\Code\User\workspaceStorage\e7c62a26f5fb9af6089d468b08576148\redhat.java         {manageable} {command line}
   size_t InitialHeapSize                          = 104857600                                 {product} {command line}
   size_t MaxHeapSize                              = 1073741824                                {product} {command line}
   size_t MaxNewSize                               = 357564416                                 {product} {ergonomic}
   size_t MinHeapDeltaBytes                        = 524288                                    {product} {ergonomic}
   size_t MinHeapSize                              = 104857600                                 {product} {command line}
   size_t NewSize                                  = 34603008                                  {product} {ergonomic}
    uintx NonNMethodCodeHeapSize                   = 7602480                                {pd product} {ergonomic}
    uintx NonProfiledCodeHeapSize                  = 122027880                              {pd product} {ergonomic}
   size_t OldSize                                  = 70254592                                  {product} {ergonomic}
    uintx ProfiledCodeHeapSize                     = 122027880                              {pd product} {ergonomic}
    uintx ReservedCodeCacheSize                    = 251658240                              {pd product} {ergonomic}
     bool SegmentedCodeCache                       = true                                      {product} {ergonomic}
   size_t SoftMaxHeapSize                          = 1073741824                             {manageable} {ergonomic}
     bool UseCompressedClassPointers               = true                           {product lp64_product} {ergonomic}
     bool UseCompressedOops                        = true                           {product lp64_product} {ergonomic}
     bool UseLargePagesIndividualAllocation        = false                                  {pd product} {ergonomic}
     bool UseParallelGC                            = true                                      {product} {command line}

Logging:
Log output configuration:
 #0: stdout all=off uptime,level,tags
 #1: stderr all=off uptime,level,tags

Environment Variables:
JAVA_HOME=C:\Program Files\Java\jdk-14.0.2
PATH=C:\Program Files\Python310\Scripts\;C:\Program Files\Python310\;C:\Program Files\Python38\Scripts\;C:\Program Files\Python38\;C:\WINDOWS\system32;C:\WINDOWS;C:\WINDOWS\System32\Wbem;C:\WINDOWS\System32\WindowsPowerShell\v1.0\;C:\WINDOWS\System32\OpenSSH\;C:\Program Files\Microsoft SQL Server\Client SDK\ODBC\110\Tools\Binn\;C:\Program Files (x86)\Microsoft SQL Server\120\Tools\Binn\;C:\Program Files\Microsoft SQL Server\120\Tools\Binn\;C:\Program Files\Microsoft SQL Server\120\DTS\Binn\;C:\Program Files (x86)\Microsoft SQL Server\120\Tools\Binn\ManagementStudio\;C:\Program Files (x86)\Microsoft SQL Server\120\DTS\Binn\;C:\Program Files\Java\jdk-11.0.2\bin;C:\tomcat\apache-tomcat-9.0.63\bin;C:\Program Files\dotnet\;C:\Program Files\Microsoft SQL Server\150\Tools\Binn\;C:\Program Files\Microsoft SQL Server\Client SDK\ODBC\170\Tools\Binn\;C:\Program Files\nodejs\;C:\Program Files\Microsoft SQL Server\130\Tools\Binn\;C:\WINDOWS\system32;C:\WINDOWS;C:\WINDOWS\System32\Wbem;C:\WINDOWS\System32\WindowsPowerShell\v1.0\;C:\WINDOWS\System32\OpenSSH\;C:\Program Files\MongoDB\Server\5.0\bin;C:\Users\Admin\AppData\Local\Microsoft\WindowsApps;;C:\Users\Admin\AppData\Local\Programs\Microsoft VS Code\bin;C:\Users\Admin\.dotnet\tools;C:\Users\Admin\AppData\Roaming\npm
USERNAME=Admin
OS=Windows_NT
PROCESSOR_IDENTIFIER=Intel64 Family 6 Model 141 Stepping 1, GenuineIntel
TMP=C:\Users\Admin\AppData\Local\Temp
TEMP=C:\Users\Admin\AppData\Local\Temp



---------------  S Y S T E M  ---------------

OS:
 Windows 11 , 64 bit Build 22621 (10.0.22621.2070)
OS uptime: 0 days 10:56 hours
Hyper-V role detected

CPU: total 16 (initial active 16) (8 cores per cpu, 2 threads per core) family 6 model 141 stepping 1 microcode 0x32, cx8, cmov, fxsr, ht, mmx, 3dnowpref, sse, sse2, sse3, ssse3, sse4.1, sse4.2, popcnt, lzcnt, tsc, tscinvbit, avx, avx2, aes, erms, clmul, bmi1, bmi2, adx, avx512f, avx512dq, avx512cd, avx512bw, avx512vl, sha, fma, vzeroupper, avx512_vpopcntdq, avx512_vpclmulqdq, avx512_vaes, avx512_vnni, clflush, clflushopt, clwb, avx512_vbmi2, avx512_vbmi, hv

Memory: 4k page, system-wide physical 16085M (4615M free)
TotalPageFile size 18133M (AvailPageFile size 4M)
current process WorkingSet (physical memory assigned to process): 192M, peak: 200M
current process commit charge ("private bytes"): 309M, peak: 316M

vm_info: OpenJDK 64-Bit Server VM (17.0.7+7) for windows-amd64 JRE (17.0.7+7), built on Apr 18 2023 22:10:42 by "temurin" with MS VC++ 16.7 (VS2019)

END.
