#
# There is insufficient memory for the Java Runtime Environment to continue.
# Native memory allocation (malloc) failed to allocate 497936 bytes for Chunk::new
# Possible reasons:
#   The system is out of physical RAM or swap space
#   The process is running with CompressedOops enabled, and the Java Heap may be blocking the growth of the native heap
# Possible solutions:
#   Reduce memory load on the system
#   Increase physical memory or swap space
#   Check if swap backing store is full
#   Decrease Java heap size (-Xmx/-Xms)
#   Decrease number of Java threads
#   Decrease Java thread stack sizes (-Xss)
#   Set larger code cache with -XX:ReservedCodeCacheSize=
#   JVM is running with Unscaled Compressed Oops mode in which the Java heap is
#     placed in the first 4GB address space. The Java Heap base address is the
#     maximum limit for the native heap growth. Please use -XX:HeapBaseMinAddress
#     to set the Java Heap base and to place the Java Heap above 4GB virtual address.
# This output file may be truncated or incomplete.
#
#  Out of Memory Error (arena.cpp:189), pid=20780, tid=21500
#
# JRE version: OpenJDK Runtime Environment Temurin-17.0.7+7 (17.0.7+7) (build 17.0.7+7)
# Java VM: OpenJDK 64-Bit Server VM Temurin-17.0.7+7 (17.0.7+7, mixed mode, tiered, compressed oops, compressed class ptrs, parallel gc, windows-amd64)
# No core dump will be written. Minidumps are not enabled by default on client versions of Windows
#

---------------  S U M M A R Y ------------

Command Line: --add-modules=ALL-SYSTEM --add-opens=java.base/java.util=ALL-UNNAMED --add-opens=java.base/java.lang=ALL-UNNAMED --add-opens=java.base/sun.nio.fs=ALL-UNNAMED -Declipse.application=org.eclipse.jdt.ls.core.id1 -Dosgi.bundles.defaultStartLevel=4 -Declipse.product=org.eclipse.jdt.ls.core.product -Djava.import.generatesMetadataFilesAtProjectRoot=false -Dfile.encoding=utf8 -XX:+UseParallelGC -XX:GCTimeRatio=4 -XX:AdaptiveSizePolicyWeight=90 -Dsun.zip.disableMemoryMapping=true -Xmx1G -Xms100m -Xlog:disable -javaagent:c:\Users\Admin\.vscode\extensions\redhat.java-1.21.0-win32-x64\lombok\lombok-1.18.28.jar c:\Users\Admin\.vscode\extensions\redhat.java-1.21.0-win32-x64\server\plugins\org.eclipse.equinox.launcher_1.6.500.v20230717-2134.jar -configuration c:\Users\Admin\AppData\Roaming\Code\User\globalStorage\redhat.java\1.21.0\config_ss_win -data c:\Users\Admin\AppData\Roaming\Code\User\workspaceStorage\e7c62a26f5fb9af6089d468b08576148\redhat.java\ss_ws

Host: 11th Gen Intel(R) Core(TM) i7-11800H @ 2.30GHz, 16 cores, 15G,  Windows 11 , 64 bit Build 22621 (10.0.22621.1928)
Time: Tue Aug  8 09:29:17 2023 SE Asia Standard Time elapsed time: 6.189166 seconds (0d 0h 0m 6s)

---------------  T H R E A D  ---------------

Current thread (0x00000228ca87a3a0):  JavaThread "C2 CompilerThread2" daemon [_thread_in_native, id=21500, stack(0x0000009c3f600000,0x0000009c3f700000)]


Current CompileTask:
C2:   6189 4154       4       org.eclipse.core.internal.dtree.DataTreeWriter::writeNode (182 bytes)

Stack: [0x0000009c3f600000,0x0000009c3f700000]
Native frames: (J=compiled Java code, j=interpreted, Vv=VM code, C=native code)
V  [jvm.dll+0x67754a]
V  [jvm.dll+0x834304]
V  [jvm.dll+0x835aae]
V  [jvm.dll+0x836113]
V  [jvm.dll+0x24696f]
V  [jvm.dll+0xac0ac]
V  [jvm.dll+0xac67c]
V  [jvm.dll+0x2adbef]
V  [jvm.dll+0x580067]
V  [jvm.dll+0x221e72]
V  [jvm.dll+0x21b039]
V  [jvm.dll+0x21895b]
V  [jvm.dll+0x1a4d8d]
V  [jvm.dll+0x2284da]
V  [jvm.dll+0x226615]
V  [jvm.dll+0x7ea90b]
V  [jvm.dll+0x7e4e7a]
V  [jvm.dll+0x676395]
C  [ucrtbase.dll+0x29363]
C  [KERNEL32.DLL+0x126ad]
C  [ntdll.dll+0x5aa68]


---------------  P R O C E S S  ---------------

Threads class SMR info:
_java_thread_list=0x00000228cdb5b9f0, length=31, elements={
0x00000228ae85daf0, 0x00000228ae915370, 0x00000228ae915a40, 0x00000228ae91dfe0,
0x00000228ae91e9a0, 0x00000228c7ac2bc0, 0x00000228c7ac3f10, 0x00000228c7accdb0,
0x00000228c26da820, 0x00000228c26dc190, 0x00000228c7b9c5b0, 0x00000228c9a48870,
0x00000228ca37fce0, 0x00000228ca0b4960, 0x00000228ca35f620, 0x00000228ca4f2c80,
0x00000228ca437400, 0x00000228ca3e2040, 0x00000228ca6fe210, 0x00000228ca6ff550,
0x00000228ca6fced0, 0x00000228ca6fe6e0, 0x00000228ca6ffa20, 0x00000228ca6fd870,
0x00000228ca6fc060, 0x00000228ca6ff080, 0x00000228ca6fd3a0, 0x00000228ca879e90,
0x00000228ca878a50, 0x00000228ca87adc0, 0x00000228ca87a3a0
}

Java Threads: ( => current thread )
  0x00000228ae85daf0 JavaThread "main" [_thread_blocked, id=1700, stack(0x0000009c3d300000,0x0000009c3d400000)]
  0x00000228ae915370 JavaThread "Reference Handler" daemon [_thread_blocked, id=11224, stack(0x0000009c3d600000,0x0000009c3d700000)]
  0x00000228ae915a40 JavaThread "Finalizer" daemon [_thread_blocked, id=20376, stack(0x0000009c3d700000,0x0000009c3d800000)]
  0x00000228ae91dfe0 JavaThread "Signal Dispatcher" daemon [_thread_blocked, id=5772, stack(0x0000009c3d800000,0x0000009c3d900000)]
  0x00000228ae91e9a0 JavaThread "Attach Listener" daemon [_thread_blocked, id=12492, stack(0x0000009c3d900000,0x0000009c3da00000)]
  0x00000228c7ac2bc0 JavaThread "Service Thread" daemon [_thread_blocked, id=4572, stack(0x0000009c3da00000,0x0000009c3db00000)]
  0x00000228c7ac3f10 JavaThread "Monitor Deflation Thread" daemon [_thread_blocked, id=20656, stack(0x0000009c3db00000,0x0000009c3dc00000)]
  0x00000228c7accdb0 JavaThread "C2 CompilerThread0" daemon [_thread_blocked, id=18472, stack(0x0000009c3dc00000,0x0000009c3dd00000)]
  0x00000228c26da820 JavaThread "C1 CompilerThread0" daemon [_thread_blocked, id=12076, stack(0x0000009c3dd00000,0x0000009c3de00000)]
  0x00000228c26dc190 JavaThread "Sweeper thread" daemon [_thread_blocked, id=17064, stack(0x0000009c3de00000,0x0000009c3df00000)]
  0x00000228c7b9c5b0 JavaThread "Common-Cleaner" daemon [_thread_blocked, id=16912, stack(0x0000009c3df00000,0x0000009c3e000000)]
  0x00000228c9a48870 JavaThread "Notification Thread" daemon [_thread_blocked, id=8884, stack(0x0000009c3e400000,0x0000009c3e500000)]
  0x00000228ca37fce0 JavaThread "Active Thread: Equinox Container: 7da05f45-6f64-4516-ba91-1e1d63acec8e" [_thread_blocked, id=9972, stack(0x0000009c3e600000,0x0000009c3e700000)]
  0x00000228ca0b4960 JavaThread "Framework Event Dispatcher: Equinox Container: 7da05f45-6f64-4516-ba91-1e1d63acec8e" daemon [_thread_blocked, id=9660, stack(0x0000009c3e700000,0x0000009c3e800000)]
  0x00000228ca35f620 JavaThread "Start Level: Equinox Container: 7da05f45-6f64-4516-ba91-1e1d63acec8e" daemon [_thread_blocked, id=16844, stack(0x0000009c3ed00000,0x0000009c3ee00000)]
  0x00000228ca4f2c80 JavaThread "SCR Component Actor" daemon [_thread_blocked, id=7528, stack(0x0000009c3ee00000,0x0000009c3ef00000)]
  0x00000228ca437400 JavaThread "SCR Component Registry" daemon [_thread_blocked, id=5704, stack(0x0000009c3f100000,0x0000009c3f200000)]
  0x00000228ca3e2040 JavaThread "Worker-JM" [_thread_blocked, id=16544, stack(0x0000009c3f200000,0x0000009c3f300000)]
  0x00000228ca6fe210 JavaThread "Worker-0" [_thread_blocked, id=20836, stack(0x0000009c3f900000,0x0000009c3fa00000)]
  0x00000228ca6ff550 JavaThread "Worker-1: Shutdown..." [_thread_in_Java, id=6352, stack(0x0000009c3fa00000,0x0000009c3fb00000)]
  0x00000228ca6fced0 JavaThread "Worker-2" [_thread_blocked, id=9944, stack(0x0000009c3ff00000,0x0000009c40000000)]
  0x00000228ca6fe6e0 JavaThread "JNA Cleaner" daemon [_thread_blocked, id=21384, stack(0x0000009c40000000,0x0000009c40100000)]
  0x00000228ca6ffa20 JavaThread "pool-2-thread-1" [_thread_blocked, id=5208, stack(0x0000009c3fe00000,0x0000009c3ff00000)]
  0x00000228ca6fd870 JavaThread "WorkspaceEventsHandler" [_thread_blocked, id=20556, stack(0x0000009c40100000,0x0000009c40200000)]
  0x00000228ca6fc060 JavaThread "pool-1-thread-1" [_thread_blocked, id=6800, stack(0x0000009c40200000,0x0000009c40300000)]
  0x00000228ca6ff080 JavaThread "ForkJoinPool.commonPool-worker-1" daemon [_thread_blocked, id=8516, stack(0x0000009c3e000000,0x0000009c3e100000)]
  0x00000228ca6fd3a0 JavaThread "pool-3-thread-1" [_thread_blocked, id=19604, stack(0x0000009c3e100000,0x0000009c3e200000)]
  0x00000228ca879e90 JavaThread "C1 CompilerThread1" daemon [_thread_blocked, id=17656, stack(0x0000009c3e200000,0x0000009c3e300000)]
  0x00000228ca878a50 JavaThread "C1 CompilerThread2" daemon [_thread_blocked, id=18556, stack(0x0000009c3e300000,0x0000009c3e400000)]
  0x00000228ca87adc0 JavaThread "C2 CompilerThread1" daemon [_thread_blocked, id=7644, stack(0x0000009c3f500000,0x0000009c3f600000)]
=>0x00000228ca87a3a0 JavaThread "C2 CompilerThread2" daemon [_thread_in_native, id=21500, stack(0x0000009c3f600000,0x0000009c3f700000)]

Other Threads:
  0x00000228c26d7e60 VMThread "VM Thread" [stack: 0x0000009c3d500000,0x0000009c3d600000] [id=20988]
  0x00000228c9a48f90 WatcherThread [stack: 0x0000009c3e500000,0x0000009c3e600000] [id=21312]
  0x00000228ae873400 GCTaskThread "GC Thread#0" [stack: 0x0000009c3d400000,0x0000009c3d500000] [id=20492]
  0x00000228c9d6a350 GCTaskThread "GC Thread#1" [stack: 0x0000009c3e800000,0x0000009c3e900000] [id=20540]
  0x00000228c9d6b220 GCTaskThread "GC Thread#2" [stack: 0x0000009c3e900000,0x0000009c3ea00000] [id=7160]
  0x00000228ca0435f0 GCTaskThread "GC Thread#3" [stack: 0x0000009c3ea00000,0x0000009c3eb00000] [id=20764]
  0x00000228c9dcd830 GCTaskThread "GC Thread#4" [stack: 0x0000009c3eb00000,0x0000009c3ec00000] [id=15080]
  0x00000228c9dcdae0 GCTaskThread "GC Thread#5" [stack: 0x0000009c3ec00000,0x0000009c3ed00000] [id=6500]
  0x00000228ca2d8810 GCTaskThread "GC Thread#6" [stack: 0x0000009c3ef00000,0x0000009c3f000000] [id=8096]
  0x00000228ca487b80 GCTaskThread "GC Thread#7" [stack: 0x0000009c3f000000,0x0000009c3f100000] [id=19180]
  0x00000228ca70e870 GCTaskThread "GC Thread#8" [stack: 0x0000009c3f300000,0x0000009c3f400000] [id=1824]
  0x00000228ca8264d0 GCTaskThread "GC Thread#9" [stack: 0x0000009c3f400000,0x0000009c3f500000] [id=6992]
  0x00000228ca7784c0 GCTaskThread "GC Thread#10" [stack: 0x0000009c3fb00000,0x0000009c3fc00000] [id=21004]
  0x00000228ca60d930 GCTaskThread "GC Thread#11" [stack: 0x0000009c3fc00000,0x0000009c3fd00000] [id=15344]
  0x00000228cac0fd20 GCTaskThread "GC Thread#12" [stack: 0x0000009c3fd00000,0x0000009c3fe00000] [id=9160]

Threads with active compile tasks:
C2 CompilerThread2     6214 4154       4       org.eclipse.core.internal.dtree.DataTreeWriter::writeNode (182 bytes)

VM state: not at safepoint (normal execution)

VM Mutex/Monitor currently owned by a thread: None

Heap address: 0x00000000c0000000, size: 1024 MB, Compressed Oops mode: 32-bit

CDS archive(s) not mapped
Compressed class space mapped at: 0x0000000100000000-0x0000000140000000, reserved size: 1073741824
Narrow klass base: 0x0000000000000000, Narrow klass shift: 3, Narrow klass range: 0x140000000

GC Precious Log:
 CPUs: 16 total, 16 available
 Memory: 16085M
 Large Page Support: Disabled
 NUMA Support: Disabled
 Compressed Oops: Enabled (32-bit)
 Alignments: Space 512K, Generation 512K, Heap 2M
 Heap Min Capacity: 100M
 Heap Initial Capacity: 100M
 Heap Max Capacity: 1G
 Pre-touch: Disabled
 Parallel Workers: 13

Heap:
 PSYoungGen      total 24576K, used 19545K [0x00000000eab00000, 0x00000000ec600000, 0x0000000100000000)
  eden space 22016K, 78% used [0x00000000eab00000,0x00000000ebbc6610,0x00000000ec080000)
  from space 2560K, 92% used [0x00000000ec380000,0x00000000ec5d0000,0x00000000ec600000)
  to   space 2560K, 0% used [0x00000000ec100000,0x00000000ec100000,0x00000000ec380000)
 ParOldGen       total 68608K, used 27837K [0x00000000c0000000, 0x00000000c4300000, 0x00000000eab00000)
  object space 68608K, 40% used [0x00000000c0000000,0x00000000c1b2f400,0x00000000c4300000)
 Metaspace       used 37153K, committed 37888K, reserved 1114112K
  class space    used 3779K, committed 4096K, reserved 1048576K

Card table byte_map: [0x00000228ae200000,0x00000228ae410000] _byte_map_base: 0x00000228adc00000

Marking Bits: (ParMarkBitMap*) 0x00007ffd52c752c0
 Begin Bits: [0x00000228c04e0000, 0x00000228c14e0000)
 End Bits:   [0x00000228c14e0000, 0x00000228c24e0000)

Polling page: 0x00000228ac820000

Metaspace:

Usage:
  Non-class:     32.59 MB used.
      Class:      3.69 MB used.
       Both:     36.28 MB used.

Virtual space:
  Non-class space:       64.00 MB reserved,      33.00 MB ( 52%) committed,  1 nodes.
      Class space:        1.00 GB reserved,       4.00 MB ( <1%) committed,  1 nodes.
             Both:        1.06 GB reserved,      37.00 MB (  3%) committed. 

Chunk freelists:
   Non-Class:  14.64 MB
       Class:  11.89 MB
        Both:  26.53 MB

MaxMetaspaceSize: unlimited
CompressedClassSpaceSize: 1.00 GB
Initial GC threshold: 21.00 MB
Current GC threshold: 58.38 MB
CDS: off
MetaspaceReclaimPolicy: balanced
 - commit_granule_bytes: 65536.
 - commit_granule_words: 8192.
 - virtual_space_node_default_size: 8388608.
 - enlarge_chunks_in_place: 1.
 - new_chunks_are_fully_committed: 0.
 - uncommit_free_chunks: 1.
 - use_allocation_guard: 0.
 - handle_deallocations: 1.


Internal statistics:

num_allocs_failed_limit: 6.
num_arena_births: 360.
num_arena_deaths: 14.
num_vsnodes_births: 2.
num_vsnodes_deaths: 0.
num_space_committed: 592.
num_space_uncommitted: 0.
num_chunks_returned_to_freelist: 20.
num_chunks_taken_from_freelist: 1516.
num_chunk_merges: 7.
num_chunk_splits: 978.
num_chunks_enlarged: 640.
num_inconsistent_stats: 0.

CodeHeap 'non-profiled nmethods': size=119168Kb used=2670Kb max_used=2670Kb free=116497Kb
 bounds [0x00000228b9080000, 0x00000228b9320000, 0x00000228c04e0000]
CodeHeap 'profiled nmethods': size=119104Kb used=8555Kb max_used=8555Kb free=110548Kb
 bounds [0x00000228b14e0000, 0x00000228b1d40000, 0x00000228b8930000]
CodeHeap 'non-nmethods': size=7488Kb used=2414Kb max_used=3045Kb free=5074Kb
 bounds [0x00000228b8930000, 0x00000228b8c30000, 0x00000228b9080000]
 total_blobs=4754 nmethods=4156 adapters=509
 compilation: enabled
              stopped_count=0, restarted_count=0
 full_count=0

Compilation events (20 events):
Event: 6.144 Thread 0x00000228ca87a3a0 nmethod 4150 0x00000228b930d090 code [0x00000228b930d260, 0x00000228b930d7c8]
Event: 6.144 Thread 0x00000228ca87a3a0 4152       4       java.io.DataOutputStream::writeInt (62 bytes)
Event: 6.145 Thread 0x00000228c7accdb0 nmethod 4151 0x00000228b930db90 code [0x00000228b930dd40, 0x00000228b930e328]
Event: 6.145 Thread 0x00000228c7accdb0 4112       4       java.lang.invoke.MethodTypeForm::canonicalize (74 bytes)
Event: 6.146 Thread 0x00000228c7accdb0 nmethod 4112 0x00000228b930e790 code [0x00000228b930e900, 0x00000228b930e9b8]
Event: 6.146 Thread 0x00000228c7accdb0 4146  s    4       java.io.BufferedOutputStream::write (35 bytes)
Event: 6.147 Thread 0x00000228c7accdb0 nmethod 4146 0x00000228b930ea90 code [0x00000228b930ec20, 0x00000228b930ef48]
Event: 6.147 Thread 0x00000228c7accdb0 4145   !   4       org.eclipse.core.internal.localstore.SafeFileOutputStream::write (20 bytes)
Event: 6.147 Thread 0x00000228ca87adc0 nmethod 4148 0x00000228b930f090 code [0x00000228b930f280, 0x00000228b93100a8]
Event: 6.148 Thread 0x00000228ca87adc0 4153       4       org.eclipse.core.runtime.Path::equals (122 bytes)
Event: 6.148 Thread 0x00000228ca87a3a0 nmethod 4152 0x00000228b9310990 code [0x00000228b9310b40, 0x00000228b93110e8]
Event: 6.149 Thread 0x00000228ca87a3a0 4154       4       org.eclipse.core.internal.dtree.DataTreeWriter::writeNode (182 bytes)
Event: 6.150 Thread 0x00000228c7accdb0 nmethod 4145 0x00000228b9311510 code [0x00000228b93116a0, 0x00000228b9311a48]
Event: 6.150 Thread 0x00000228c7accdb0 4155       4       java.io.DataOutputStream::writeUTF (7 bytes)
Event: 6.150 Thread 0x00000228c7accdb0 nmethod 4155 0x00000228b9311c10 code [0x00000228b9311da0, 0x00000228b9311e48]
Event: 6.150 Thread 0x00000228c7accdb0 4156       4       org.eclipse.core.internal.watson.ElementTreeWriter$1::writeData (25 bytes)
Event: 6.152 Thread 0x00000228ca87adc0 nmethod 4153 0x00000228b9311f10 code [0x00000228b93120a0, 0x00000228b9312498]
Event: 6.152 Thread 0x00000228ca87adc0 4157       4       org.eclipse.core.internal.resources.SaveManager::writeElement (36 bytes)
Event: 6.184 Thread 0x00000228ca87adc0 nmethod 4157 0x00000228b9312690 code [0x00000228b9312920, 0x00000228b9314680]
Event: 6.184 Thread 0x00000228ca87adc0 4158       4       org.eclipse.core.internal.resources.ResourceInfo::writeTo (41 bytes)

GC Heap History (20 events):
Event: 2.748 GC heap before
{Heap before GC invocations=9 (full 1):
 PSYoungGen      total 26112K, used 26094K [0x00000000eab00000, 0x00000000ec880000, 0x0000000100000000)
  eden space 24064K, 99% used [0x00000000eab00000,0x00000000ec27ff98,0x00000000ec280000)
  from space 2048K, 99% used [0x00000000ec580000,0x00000000ec77b988,0x00000000ec780000)
  to   space 1024K, 0% used [0x00000000ec780000,0x00000000ec780000,0x00000000ec880000)
 ParOldGen       total 68608K, used 12578K [0x00000000c0000000, 0x00000000c4300000, 0x00000000eab00000)
  object space 68608K, 18% used [0x00000000c0000000,0x00000000c0c48b78,0x00000000c4300000)
 Metaspace       used 31157K, committed 31744K, reserved 1114112K
  class space    used 3056K, committed 3264K, reserved 1048576K
}
Event: 2.750 GC heap after
{Heap after GC invocations=9 (full 1):
 PSYoungGen      total 24576K, used 1008K [0x00000000eab00000, 0x00000000ec880000, 0x0000000100000000)
  eden space 23552K, 0% used [0x00000000eab00000,0x00000000eab00000,0x00000000ec200000)
  from space 1024K, 98% used [0x00000000ec780000,0x00000000ec87c238,0x00000000ec880000)
  to   space 3072K, 0% used [0x00000000ec280000,0x00000000ec280000,0x00000000ec580000)
 ParOldGen       total 68608K, used 14315K [0x00000000c0000000, 0x00000000c4300000, 0x00000000eab00000)
  object space 68608K, 20% used [0x00000000c0000000,0x00000000c0dfaf48,0x00000000c4300000)
 Metaspace       used 31157K, committed 31744K, reserved 1114112K
  class space    used 3056K, committed 3264K, reserved 1048576K
}
Event: 3.083 GC heap before
{Heap before GC invocations=10 (full 1):
 PSYoungGen      total 24576K, used 24560K [0x00000000eab00000, 0x00000000ec880000, 0x0000000100000000)
  eden space 23552K, 100% used [0x00000000eab00000,0x00000000ec200000,0x00000000ec200000)
  from space 1024K, 98% used [0x00000000ec780000,0x00000000ec87c238,0x00000000ec880000)
  to   space 3072K, 0% used [0x00000000ec280000,0x00000000ec280000,0x00000000ec580000)
 ParOldGen       total 68608K, used 14315K [0x00000000c0000000, 0x00000000c4300000, 0x00000000eab00000)
  object space 68608K, 20% used [0x00000000c0000000,0x00000000c0dfaf48,0x00000000c4300000)
 Metaspace       used 35058K, committed 35776K, reserved 1114112K
  class space    used 3543K, committed 3840K, reserved 1048576K
}
Event: 3.084 GC heap after
{Heap after GC invocations=10 (full 1):
 PSYoungGen      total 26112K, used 2403K [0x00000000eab00000, 0x00000000ec800000, 0x0000000100000000)
  eden space 23040K, 0% used [0x00000000eab00000,0x00000000eab00000,0x00000000ec180000)
  from space 3072K, 78% used [0x00000000ec280000,0x00000000ec4d8c80,0x00000000ec580000)
  to   space 2560K, 0% used [0x00000000ec580000,0x00000000ec580000,0x00000000ec800000)
 ParOldGen       total 68608K, used 14798K [0x00000000c0000000, 0x00000000c4300000, 0x00000000eab00000)
  object space 68608K, 21% used [0x00000000c0000000,0x00000000c0e739c0,0x00000000c4300000)
 Metaspace       used 35058K, committed 35776K, reserved 1114112K
  class space    used 3543K, committed 3840K, reserved 1048576K
}
Event: 3.087 GC heap before
{Heap before GC invocations=11 (full 1):
 PSYoungGen      total 26112K, used 3145K [0x00000000eab00000, 0x00000000ec800000, 0x0000000100000000)
  eden space 23040K, 3% used [0x00000000eab00000,0x00000000eabb97a8,0x00000000ec180000)
  from space 3072K, 78% used [0x00000000ec280000,0x00000000ec4d8c80,0x00000000ec580000)
  to   space 2560K, 0% used [0x00000000ec580000,0x00000000ec580000,0x00000000ec800000)
 ParOldGen       total 68608K, used 14798K [0x00000000c0000000, 0x00000000c4300000, 0x00000000eab00000)
  object space 68608K, 21% used [0x00000000c0000000,0x00000000c0e739c0,0x00000000c4300000)
 Metaspace       used 35141K, committed 35840K, reserved 1114112K
  class space    used 3556K, committed 3840K, reserved 1048576K
}
Event: 3.088 GC heap after
{Heap after GC invocations=11 (full 1):
 PSYoungGen      total 25088K, used 1894K [0x00000000eab00000, 0x00000000ec780000, 0x0000000100000000)
  eden space 23040K, 0% used [0x00000000eab00000,0x00000000eab00000,0x00000000ec180000)
  from space 2048K, 92% used [0x00000000ec580000,0x00000000ec759a90,0x00000000ec780000)
  to   space 2560K, 0% used [0x00000000ec280000,0x00000000ec280000,0x00000000ec500000)
 ParOldGen       total 68608K, used 15399K [0x00000000c0000000, 0x00000000c4300000, 0x00000000eab00000)
  object space 68608K, 22% used [0x00000000c0000000,0x00000000c0f09d60,0x00000000c4300000)
 Metaspace       used 35141K, committed 35840K, reserved 1114112K
  class space    used 3556K, committed 3840K, reserved 1048576K
}
Event: 3.088 GC heap before
{Heap before GC invocations=12 (full 2):
 PSYoungGen      total 25088K, used 1894K [0x00000000eab00000, 0x00000000ec780000, 0x0000000100000000)
  eden space 23040K, 0% used [0x00000000eab00000,0x00000000eab00000,0x00000000ec180000)
  from space 2048K, 92% used [0x00000000ec580000,0x00000000ec759a90,0x00000000ec780000)
  to   space 2560K, 0% used [0x00000000ec280000,0x00000000ec280000,0x00000000ec500000)
 ParOldGen       total 68608K, used 15399K [0x00000000c0000000, 0x00000000c4300000, 0x00000000eab00000)
  object space 68608K, 22% used [0x00000000c0000000,0x00000000c0f09d60,0x00000000c4300000)
 Metaspace       used 35141K, committed 35840K, reserved 1114112K
  class space    used 3556K, committed 3840K, reserved 1048576K
}
Event: 3.100 GC heap after
{Heap after GC invocations=12 (full 2):
 PSYoungGen      total 25088K, used 0K [0x00000000eab00000, 0x00000000ec780000, 0x0000000100000000)
  eden space 23040K, 0% used [0x00000000eab00000,0x00000000eab00000,0x00000000ec180000)
  from space 2048K, 0% used [0x00000000ec580000,0x00000000ec580000,0x00000000ec780000)
  to   space 2560K, 0% used [0x00000000ec280000,0x00000000ec280000,0x00000000ec500000)
 ParOldGen       total 68608K, used 16713K [0x00000000c0000000, 0x00000000c4300000, 0x00000000eab00000)
  object space 68608K, 24% used [0x00000000c0000000,0x00000000c1052418,0x00000000c4300000)
 Metaspace       used 35141K, committed 35840K, reserved 1114112K
  class space    used 3556K, committed 3840K, reserved 1048576K
}
Event: 3.260 GC heap before
{Heap before GC invocations=13 (full 2):
 PSYoungGen      total 25088K, used 23040K [0x00000000eab00000, 0x00000000ec780000, 0x0000000100000000)
  eden space 23040K, 100% used [0x00000000eab00000,0x00000000ec180000,0x00000000ec180000)
  from space 2048K, 0% used [0x00000000ec580000,0x00000000ec580000,0x00000000ec780000)
  to   space 2560K, 0% used [0x00000000ec280000,0x00000000ec280000,0x00000000ec500000)
 ParOldGen       total 68608K, used 16713K [0x00000000c0000000, 0x00000000c4300000, 0x00000000eab00000)
  object space 68608K, 24% used [0x00000000c0000000,0x00000000c1052418,0x00000000c4300000)
 Metaspace       used 36406K, committed 37056K, reserved 1114112K
  class space    used 3701K, committed 3968K, reserved 1048576K
}
Event: 3.261 GC heap after
{Heap after GC invocations=13 (full 2):
 PSYoungGen      total 25088K, used 2176K [0x00000000eab00000, 0x00000000ec600000, 0x0000000100000000)
  eden space 22528K, 0% used [0x00000000eab00000,0x00000000eab00000,0x00000000ec100000)
  from space 2560K, 85% used [0x00000000ec280000,0x00000000ec4a0020,0x00000000ec500000)
  to   space 1024K, 0% used [0x00000000ec500000,0x00000000ec500000,0x00000000ec600000)
 ParOldGen       total 68608K, used 16721K [0x00000000c0000000, 0x00000000c4300000, 0x00000000eab00000)
  object space 68608K, 24% used [0x00000000c0000000,0x00000000c1054418,0x00000000c4300000)
 Metaspace       used 36406K, committed 37056K, reserved 1114112K
  class space    used 3701K, committed 3968K, reserved 1048576K
}
Event: 3.333 GC heap before
{Heap before GC invocations=14 (full 2):
 PSYoungGen      total 25088K, used 24704K [0x00000000eab00000, 0x00000000ec600000, 0x0000000100000000)
  eden space 22528K, 100% used [0x00000000eab00000,0x00000000ec100000,0x00000000ec100000)
  from space 2560K, 85% used [0x00000000ec280000,0x00000000ec4a0020,0x00000000ec500000)
  to   space 1024K, 0% used [0x00000000ec500000,0x00000000ec500000,0x00000000ec600000)
 ParOldGen       total 68608K, used 16721K [0x00000000c0000000, 0x00000000c4300000, 0x00000000eab00000)
  object space 68608K, 24% used [0x00000000c0000000,0x00000000c1054418,0x00000000c4300000)
 Metaspace       used 36598K, committed 37312K, reserved 1114112K
  class space    used 3720K, committed 4032K, reserved 1048576K
}
Event: 3.335 GC heap after
{Heap after GC invocations=14 (full 2):
 PSYoungGen      total 23040K, used 992K [0x00000000eab00000, 0x00000000ec980000, 0x0000000100000000)
  eden space 22016K, 0% used [0x00000000eab00000,0x00000000eab00000,0x00000000ec080000)
  from space 1024K, 96% used [0x00000000ec500000,0x00000000ec5f8010,0x00000000ec600000)
  to   space 4608K, 0% used [0x00000000ec080000,0x00000000ec080000,0x00000000ec500000)
 ParOldGen       total 68608K, used 19773K [0x00000000c0000000, 0x00000000c4300000, 0x00000000eab00000)
  object space 68608K, 28% used [0x00000000c0000000,0x00000000c134f460,0x00000000c4300000)
 Metaspace       used 36598K, committed 37312K, reserved 1114112K
  class space    used 3720K, committed 4032K, reserved 1048576K
}
Event: 3.370 GC heap before
{Heap before GC invocations=15 (full 2):
 PSYoungGen      total 23040K, used 23008K [0x00000000eab00000, 0x00000000ec980000, 0x0000000100000000)
  eden space 22016K, 100% used [0x00000000eab00000,0x00000000ec080000,0x00000000ec080000)
  from space 1024K, 96% used [0x00000000ec500000,0x00000000ec5f8010,0x00000000ec600000)
  to   space 4608K, 0% used [0x00000000ec080000,0x00000000ec080000,0x00000000ec500000)
 ParOldGen       total 68608K, used 19773K [0x00000000c0000000, 0x00000000c4300000, 0x00000000eab00000)
  object space 68608K, 28% used [0x00000000c0000000,0x00000000c134f460,0x00000000c4300000)
 Metaspace       used 36610K, committed 37376K, reserved 1114112K
  class space    used 3720K, committed 4032K, reserved 1048576K
}
Event: 3.372 GC heap after
{Heap after GC invocations=15 (full 2):
 PSYoungGen      total 24576K, used 2336K [0x00000000eab00000, 0x00000000ec680000, 0x0000000100000000)
  eden space 22016K, 0% used [0x00000000eab00000,0x00000000eab00000,0x00000000ec080000)
  from space 2560K, 91% used [0x00000000ec080000,0x00000000ec2c8010,0x00000000ec300000)
  to   space 3072K, 0% used [0x00000000ec380000,0x00000000ec380000,0x00000000ec680000)
 ParOldGen       total 68608K, used 20725K [0x00000000c0000000, 0x00000000c4300000, 0x00000000eab00000)
  object space 68608K, 30% used [0x00000000c0000000,0x00000000c143d460,0x00000000c4300000)
 Metaspace       used 36610K, committed 37376K, reserved 1114112K
  class space    used 3720K, committed 4032K, reserved 1048576K
}
Event: 3.434 GC heap before
{Heap before GC invocations=16 (full 2):
 PSYoungGen      total 24576K, used 24352K [0x00000000eab00000, 0x00000000ec680000, 0x0000000100000000)
  eden space 22016K, 100% used [0x00000000eab00000,0x00000000ec080000,0x00000000ec080000)
  from space 2560K, 91% used [0x00000000ec080000,0x00000000ec2c8010,0x00000000ec300000)
  to   space 3072K, 0% used [0x00000000ec380000,0x00000000ec380000,0x00000000ec680000)
 ParOldGen       total 68608K, used 20725K [0x00000000c0000000, 0x00000000c4300000, 0x00000000eab00000)
  object space 68608K, 30% used [0x00000000c0000000,0x00000000c143d460,0x00000000c4300000)
 Metaspace       used 36750K, committed 37440K, reserved 1114112K
  class space    used 3737K, committed 4032K, reserved 1048576K
}
Event: 3.436 GC heap after
{Heap after GC invocations=16 (full 2):
 PSYoungGen      total 25088K, used 2592K [0x00000000eab00000, 0x00000000ec680000, 0x0000000100000000)
  eden space 22016K, 0% used [0x00000000eab00000,0x00000000eab00000,0x00000000ec080000)
  from space 3072K, 84% used [0x00000000ec380000,0x00000000ec608010,0x00000000ec680000)
  to   space 3072K, 0% used [0x00000000ec080000,0x00000000ec080000,0x00000000ec380000)
 ParOldGen       total 68608K, used 22897K [0x00000000c0000000, 0x00000000c4300000, 0x00000000eab00000)
  object space 68608K, 33% used [0x00000000c0000000,0x00000000c165c5f0,0x00000000c4300000)
 Metaspace       used 36750K, committed 37440K, reserved 1114112K
  class space    used 3737K, committed 4032K, reserved 1048576K
}
Event: 3.464 GC heap before
{Heap before GC invocations=17 (full 2):
 PSYoungGen      total 25088K, used 24608K [0x00000000eab00000, 0x00000000ec680000, 0x0000000100000000)
  eden space 22016K, 100% used [0x00000000eab00000,0x00000000ec080000,0x00000000ec080000)
  from space 3072K, 84% used [0x00000000ec380000,0x00000000ec608010,0x00000000ec680000)
  to   space 3072K, 0% used [0x00000000ec080000,0x00000000ec080000,0x00000000ec380000)
 ParOldGen       total 68608K, used 22897K [0x00000000c0000000, 0x00000000c4300000, 0x00000000eab00000)
  object space 68608K, 33% used [0x00000000c0000000,0x00000000c165c5f0,0x00000000c4300000)
 Metaspace       used 36750K, committed 37440K, reserved 1114112K
  class space    used 3737K, committed 4032K, reserved 1048576K
}
Event: 3.465 GC heap after
{Heap after GC invocations=17 (full 2):
 PSYoungGen      total 25088K, used 2688K [0x00000000eab00000, 0x00000000ec680000, 0x0000000100000000)
  eden space 22016K, 0% used [0x00000000eab00000,0x00000000eab00000,0x00000000ec080000)
  from space 3072K, 87% used [0x00000000ec080000,0x00000000ec320010,0x00000000ec380000)
  to   space 3072K, 0% used [0x00000000ec380000,0x00000000ec380000,0x00000000ec680000)
 ParOldGen       total 68608K, used 25332K [0x00000000c0000000, 0x00000000c4300000, 0x00000000eab00000)
  object space 68608K, 36% used [0x00000000c0000000,0x00000000c18bd3f0,0x00000000c4300000)
 Metaspace       used 36750K, committed 37440K, reserved 1114112K
  class space    used 3737K, committed 4032K, reserved 1048576K
}
Event: 3.489 GC heap before
{Heap before GC invocations=18 (full 2):
 PSYoungGen      total 25088K, used 24704K [0x00000000eab00000, 0x00000000ec680000, 0x0000000100000000)
  eden space 22016K, 100% used [0x00000000eab00000,0x00000000ec080000,0x00000000ec080000)
  from space 3072K, 87% used [0x00000000ec080000,0x00000000ec320010,0x00000000ec380000)
  to   space 3072K, 0% used [0x00000000ec380000,0x00000000ec380000,0x00000000ec680000)
 ParOldGen       total 68608K, used 25332K [0x00000000c0000000, 0x00000000c4300000, 0x00000000eab00000)
  object space 68608K, 36% used [0x00000000c0000000,0x00000000c18bd3f0,0x00000000c4300000)
 Metaspace       used 36750K, committed 37440K, reserved 1114112K
  class space    used 3737K, committed 4032K, reserved 1048576K
}
Event: 3.491 GC heap after
{Heap after GC invocations=18 (full 2):
 PSYoungGen      total 24576K, used 2368K [0x00000000eab00000, 0x00000000ec600000, 0x0000000100000000)
  eden space 22016K, 0% used [0x00000000eab00000,0x00000000eab00000,0x00000000ec080000)
  from space 2560K, 92% used [0x00000000ec380000,0x00000000ec5d0000,0x00000000ec600000)
  to   space 2560K, 0% used [0x00000000ec100000,0x00000000ec100000,0x00000000ec380000)
 ParOldGen       total 68608K, used 27837K [0x00000000c0000000, 0x00000000c4300000, 0x00000000eab00000)
  object space 68608K, 40% used [0x00000000c0000000,0x00000000c1b2f400,0x00000000c4300000)
 Metaspace       used 36750K, committed 37440K, reserved 1114112K
  class space    used 3737K, committed 4032K, reserved 1048576K
}

Dll operation events (10 events):
Event: 0.007 Loaded shared library c:\Users\Admin\.vscode\extensions\redhat.java-1.21.0-win32-x64\jre\17.0.7-win32-x86_64\bin\java.dll
Event: 0.149 Loaded shared library c:\Users\Admin\.vscode\extensions\redhat.java-1.21.0-win32-x64\jre\17.0.7-win32-x86_64\bin\zip.dll
Event: 0.151 Loaded shared library C:\Users\Admin\.vscode\extensions\redhat.java-1.21.0-win32-x64\jre\17.0.7-win32-x86_64\bin\instrument.dll
Event: 0.160 Loaded shared library C:\Users\Admin\.vscode\extensions\redhat.java-1.21.0-win32-x64\jre\17.0.7-win32-x86_64\bin\net.dll
Event: 0.162 Loaded shared library C:\Users\Admin\.vscode\extensions\redhat.java-1.21.0-win32-x64\jre\17.0.7-win32-x86_64\bin\nio.dll
Event: 0.169 Loaded shared library C:\Users\Admin\.vscode\extensions\redhat.java-1.21.0-win32-x64\jre\17.0.7-win32-x86_64\bin\zip.dll
Event: 0.182 Loaded shared library C:\Users\Admin\.vscode\extensions\redhat.java-1.21.0-win32-x64\jre\17.0.7-win32-x86_64\bin\jimage.dll
Event: 0.221 Loaded shared library c:\Users\Admin\.vscode\extensions\redhat.java-1.21.0-win32-x64\jre\17.0.7-win32-x86_64\bin\verify.dll
Event: 1.030 Loaded shared library C:\Users\Admin\AppData\Roaming\Code\User\globalStorage\redhat.java\1.21.0\config_ss_win\org.eclipse.equinox.launcher\org.eclipse.equinox.launcher.win32.win32.x86_64_1.2.700.v20221108-1024\eclipse_11801.dll
Event: 2.726 Loaded shared library C:\Users\Admin\AppData\Local\Temp\jna-63116079\jna15549738980528843156.dll

Deoptimization events (20 events):
Event: 3.425 Thread 0x00000228ca6ff550 Uncommon trap: trap_request=0xffffffbe fr.pc=0x00000228b927be6c relative=0x000000000000052c
Event: 3.425 Thread 0x00000228ca6ff550 Uncommon trap: reason=profile_predicate action=maybe_recompile pc=0x00000228b927be6c method=org.eclipse.jdt.internal.core.util.HashtableOfArrayToObject.get([Ljava/lang/Object;)Ljava/lang/Object; @ 64 c2
Event: 3.425 Thread 0x00000228ca6ff550 DEOPT PACKING pc=0x00000228b927be6c sp=0x0000009c3fafe680
Event: 3.425 Thread 0x00000228ca6ff550 DEOPT UNPACKING pc=0x00000228b8989ea3 sp=0x0000009c3fafe620 mode 2
Event: 3.428 Thread 0x00000228ca6ff550 Uncommon trap: trap_request=0xffffffbe fr.pc=0x00000228b927be6c relative=0x000000000000052c
Event: 3.428 Thread 0x00000228ca6ff550 Uncommon trap: reason=profile_predicate action=maybe_recompile pc=0x00000228b927be6c method=org.eclipse.jdt.internal.core.util.HashtableOfArrayToObject.get([Ljava/lang/Object;)Ljava/lang/Object; @ 64 c2
Event: 3.428 Thread 0x00000228ca6ff550 DEOPT PACKING pc=0x00000228b927be6c sp=0x0000009c3fafe680
Event: 3.428 Thread 0x00000228ca6ff550 DEOPT UNPACKING pc=0x00000228b8989ea3 sp=0x0000009c3fafe620 mode 2
Event: 6.096 Thread 0x00000228ca6ff550 Uncommon trap: trap_request=0xffffffde fr.pc=0x00000228b9258864 relative=0x0000000000000a04
Event: 6.096 Thread 0x00000228ca6ff550 Uncommon trap: reason=class_check action=maybe_recompile pc=0x00000228b9258864 method=java.util.Spliterators$1Adapter.hasNext()Z @ 12 c2
Event: 6.096 Thread 0x00000228ca6ff550 DEOPT PACKING pc=0x00000228b9258864 sp=0x0000009c3fafe610
Event: 6.096 Thread 0x00000228ca6ff550 DEOPT UNPACKING pc=0x00000228b8989ea3 sp=0x0000009c3fafe5d8 mode 2
Event: 6.096 Thread 0x00000228ca6ff550 Uncommon trap: trap_request=0xffffffde fr.pc=0x00000228b9258864 relative=0x0000000000000a04
Event: 6.096 Thread 0x00000228ca6ff550 Uncommon trap: reason=class_check action=maybe_recompile pc=0x00000228b9258864 method=java.util.Spliterators$1Adapter.hasNext()Z @ 12 c2
Event: 6.096 Thread 0x00000228ca6ff550 DEOPT PACKING pc=0x00000228b9258864 sp=0x0000009c3fafe620
Event: 6.096 Thread 0x00000228ca6ff550 DEOPT UNPACKING pc=0x00000228b8989ea3 sp=0x0000009c3fafe5e8 mode 2
Event: 6.096 Thread 0x00000228ca6ff550 Uncommon trap: trap_request=0xffffffde fr.pc=0x00000228b9258864 relative=0x0000000000000a04
Event: 6.096 Thread 0x00000228ca6ff550 Uncommon trap: reason=class_check action=maybe_recompile pc=0x00000228b9258864 method=java.util.Spliterators$1Adapter.hasNext()Z @ 12 c2
Event: 6.096 Thread 0x00000228ca6ff550 DEOPT PACKING pc=0x00000228b9258864 sp=0x0000009c3fafe620
Event: 6.096 Thread 0x00000228ca6ff550 DEOPT UNPACKING pc=0x00000228b8989ea3 sp=0x0000009c3fafe5e8 mode 2

Classes unloaded (7 events):
Event: 1.586 Thread 0x00000228c26d7e60 Unloading class 0x000000010021b000 'java/lang/invoke/LambdaForm$MH+0x000000010021b000'
Event: 1.586 Thread 0x00000228c26d7e60 Unloading class 0x000000010021ac00 'java/lang/invoke/LambdaForm$MH+0x000000010021ac00'
Event: 1.586 Thread 0x00000228c26d7e60 Unloading class 0x000000010021a800 'java/lang/invoke/LambdaForm$MH+0x000000010021a800'
Event: 1.586 Thread 0x00000228c26d7e60 Unloading class 0x000000010021a400 'java/lang/invoke/LambdaForm$MH+0x000000010021a400'
Event: 1.586 Thread 0x00000228c26d7e60 Unloading class 0x000000010021a000 'java/lang/invoke/LambdaForm$BMH+0x000000010021a000'
Event: 1.586 Thread 0x00000228c26d7e60 Unloading class 0x0000000100219c00 'java/lang/invoke/LambdaForm$DMH+0x0000000100219c00'
Event: 1.586 Thread 0x00000228c26d7e60 Unloading class 0x0000000100215000 'java/lang/invoke/LambdaForm$DMH+0x0000000100215000'

Classes redefined (0 events):
No events

Internal exceptions (20 events):
Event: 2.639 Thread 0x00000228ca35f620 Exception <a 'java/io/FileNotFoundException'{0x00000000ebfe7598}> (0x00000000ebfe7598) 
thrown [s\src\hotspot\share\prims\jni.cpp, line 516]
Event: 2.793 Thread 0x00000228ca35f620 Exception <a 'java/lang/UnsatisfiedLinkError'{0x00000000eac2a568}: The specified procedure could not be found.
> (0x00000000eac2a568) 
thrown [s\src\hotspot\share\prims\jni.cpp, line 535]
Event: 2.799 Thread 0x00000228ca35f620 Exception <a 'java/io/FileNotFoundException'{0x00000000eac4d6a8}> (0x00000000eac4d6a8) 
thrown [s\src\hotspot\share\prims\jni.cpp, line 516]
Event: 2.807 Thread 0x00000228ca35f620 Exception <a 'java/io/FileNotFoundException'{0x00000000eacc0c20}> (0x00000000eacc0c20) 
thrown [s\src\hotspot\share\prims\jni.cpp, line 516]
Event: 2.815 Thread 0x00000228ca35f620 Exception <a 'java/lang/UnsatisfiedLinkError'{0x00000000eadb9ea0}: The specified procedure could not be found.
> (0x00000000eadb9ea0) 
thrown [s\src\hotspot\share\prims\jni.cpp, line 535]
Event: 2.841 Thread 0x00000228ae85daf0 Exception <a 'java/lang/NoSuchMethodError'{0x00000000eafab818}: 'java.lang.Object java.lang.invoke.DirectMethodHandle$Holder.invokeStatic(java.lang.Object, java.lang.Object, long, java.lang.Object)'> (0x00000000eafab818) 
thrown [s\src\hotspot\share\interpreter\linkResolver.cpp, line 759]
Event: 2.841 Thread 0x00000228ae85daf0 Exception <a 'java/lang/NoSuchMethodError'{0x00000000eafaf4f0}: 'java.lang.Object java.lang.invoke.DirectMethodHandle$Holder.invokeStaticInit(java.lang.Object, java.lang.Object, long, java.lang.Object)'> (0x00000000eafaf4f0) 
thrown [s\src\hotspot\share\interpreter\linkResolver.cpp, line 759]
Event: 2.842 Thread 0x00000228ae85daf0 Exception <a 'java/lang/NoSuchMethodError'{0x00000000eafb5d48}: 'java.lang.Object java.lang.invoke.DirectMethodHandle$Holder.newInvokeSpecial(java.lang.Object, java.lang.Object, long)'> (0x00000000eafb5d48) 
thrown [s\src\hotspot\share\interpreter\linkResolver.cpp, line 759]
Event: 2.887 Thread 0x00000228ae85daf0 Exception <a 'java/lang/NoSuchMethodError'{0x00000000eb16c6f8}: 'void java.lang.invoke.DirectMethodHandle$Holder.invokeStatic(java.lang.Object, java.lang.Object, java.lang.Object, java.lang.Object)'> (0x00000000eb16c6f8) 
thrown [s\src\hotspot\share\interpreter\linkResolver.cpp, line 759]
Event: 2.990 Thread 0x00000228ae85daf0 Exception <a 'java/lang/NoSuchMethodError'{0x00000000eb98f190}: 'void java.lang.invoke.DirectMethodHandle$Holder.invokeSpecial(java.lang.Object, java.lang.Object, java.lang.Object, java.lang.Object, java.lang.Object, java.lang.Object)'> (0x00000000eb98f190) 
thrown [s\src\hotspot\share\interpreter\linkResolver.cpp, line 759]
Event: 2.992 Thread 0x00000228ae85daf0 Exception <a 'java/lang/IncompatibleClassChangeError'{0x00000000eb998cd0}: Found class java.lang.Object, but interface was expected> (0x00000000eb998cd0) 
thrown [s\src\hotspot\share\interpreter\linkResolver.cpp, line 826]
Event: 3.060 Thread 0x00000228ca6fc060 Exception <a 'java/io/FileNotFoundException'{0x00000000ebf79998}> (0x00000000ebf79998) 
thrown [s\src\hotspot\share\prims\jni.cpp, line 516]
Event: 3.073 Thread 0x00000228ca6fc060 Exception <a 'sun/nio/fs/WindowsException'{0x00000000ec0f2a28}> (0x00000000ec0f2a28) 
thrown [s\src\hotspot\share\prims\jni.cpp, line 516]
Event: 3.074 Thread 0x00000228ca6fe210 Exception <a 'java/io/FileNotFoundException'{0x00000000ec113248}> (0x00000000ec113248) 
thrown [s\src\hotspot\share\prims\jni.cpp, line 516]
Event: 3.074 Thread 0x00000228ca6fe210 Exception <a 'java/io/FileNotFoundException'{0x00000000ec114248}> (0x00000000ec114248) 
thrown [s\src\hotspot\share\prims\jni.cpp, line 516]
Event: 3.117 Thread 0x00000228ca6ff550 Exception <a 'java/lang/NoSuchMethodError'{0x00000000eadc8678}: 'java.lang.Object java.lang.invoke.Invokers$Holder.invoke_MT(java.lang.Object, java.lang.Object, java.lang.Object)'> (0x00000000eadc8678) 
thrown [s\src\hotspot\share\interpreter\linkResolver.cpp, line 759]
Event: 3.282 Thread 0x00000228ca6ff550 Exception <a 'java/io/FileNotFoundException'{0x00000000eb068110}> (0x00000000eb068110) 
thrown [s\src\hotspot\share\prims\jni.cpp, line 516]
Event: 3.282 Thread 0x00000228ca6ff550 Exception <a 'java/io/FileNotFoundException'{0x00000000eb069650}> (0x00000000eb069650) 
thrown [s\src\hotspot\share\prims\jni.cpp, line 516]
Event: 3.283 Thread 0x00000228ca6ff550 Exception <a 'java/lang/NoSuchMethodError'{0x00000000eb075820}: 'void java.lang.invoke.DirectMethodHandle$Holder.invokeStaticInit(java.lang.Object, java.lang.Object, java.lang.Object)'> (0x00000000eb075820) 
thrown [s\src\hotspot\share\interpreter\linkResolver.cpp, line 759]
Event: 3.418 Thread 0x00000228ca6ff550 Implicit null exception at 0x00000228b91d53ac to 0x00000228b91d53c3

VM Operations (20 events):
Event: 3.260 Executing VM operation: ParallelGCFailedAllocation
Event: 3.261 Executing VM operation: ParallelGCFailedAllocation done
Event: 3.333 Executing VM operation: ParallelGCFailedAllocation
Event: 3.335 Executing VM operation: ParallelGCFailedAllocation done
Event: 3.370 Executing VM operation: ParallelGCFailedAllocation
Event: 3.372 Executing VM operation: ParallelGCFailedAllocation done
Event: 3.434 Executing VM operation: ParallelGCFailedAllocation
Event: 3.436 Executing VM operation: ParallelGCFailedAllocation done
Event: 3.463 Executing VM operation: ParallelGCFailedAllocation
Event: 3.465 Executing VM operation: ParallelGCFailedAllocation done
Event: 3.489 Executing VM operation: ParallelGCFailedAllocation
Event: 3.491 Executing VM operation: ParallelGCFailedAllocation done
Event: 3.520 Executing VM operation: HandshakeAllThreads
Event: 3.520 Executing VM operation: HandshakeAllThreads done
Event: 4.528 Executing VM operation: Cleanup
Event: 4.528 Executing VM operation: Cleanup done
Event: 6.123 Executing VM operation: HandshakeAllThreads
Event: 6.123 Executing VM operation: HandshakeAllThreads done
Event: 6.123 Executing VM operation: Cleanup
Event: 6.123 Executing VM operation: Cleanup done

Events (20 events):
Event: 6.116 loading class java/util/stream/AbstractTask done
Event: 6.116 loading class java/util/stream/Nodes$CollectorTask done
Event: 6.116 loading class java/util/stream/Nodes$CollectorTask$OfRef done
Event: 6.116 loading class java/util/function/LongFunction
Event: 6.116 loading class java/util/function/LongFunction done
Event: 6.117 loading class java/util/stream/Nodes$ConcNode
Event: 6.117 loading class java/util/stream/Nodes$AbstractConcNode
Event: 6.117 loading class java/util/stream/Nodes$AbstractConcNode done
Event: 6.117 loading class java/util/stream/Nodes$ConcNode done
Event: 6.117 Thread 0x00000228ca6fc530 Thread added: 0x00000228ca6fc530
Event: 6.118 loading class java/util/stream/Nodes$ToArrayTask$OfRef
Event: 6.118 loading class java/util/stream/Nodes$ToArrayTask
Event: 6.118 loading class java/util/stream/Nodes$ToArrayTask done
Event: 6.118 loading class java/util/stream/Nodes$ToArrayTask$OfRef done
Event: 6.118 Thread 0x00000228ca6fc530 Thread exited: 0x00000228ca6fc530
Event: 6.118 Thread 0x00000228ca6fdd40 Thread exited: 0x00000228ca6fdd40
Event: 6.129 Thread 0x00000228ca879e90 Thread added: 0x00000228ca879e90
Event: 6.130 Thread 0x00000228ca878a50 Thread added: 0x00000228ca878a50
Event: 6.132 Thread 0x00000228ca87adc0 Thread added: 0x00000228ca87adc0
Event: 6.137 Thread 0x00000228ca87a3a0 Thread added: 0x00000228ca87a3a0


Dynamic libraries:
0x00007ff69f540000 - 0x00007ff69f54e000 	c:\Users\Admin\.vscode\extensions\redhat.java-1.21.0-win32-x64\jre\17.0.7-win32-x86_64\bin\java.exe
0x00007ffddfcf0000 - 0x00007ffddff04000 	C:\WINDOWS\SYSTEM32\ntdll.dll
0x00007ffddfad0000 - 0x00007ffddfb92000 	C:\WINDOWS\System32\KERNEL32.DLL
0x00007ffddd290000 - 0x00007ffddd633000 	C:\WINDOWS\System32\KERNELBASE.dll
0x00007ffddd170000 - 0x00007ffddd281000 	C:\WINDOWS\System32\ucrtbase.dll
0x00007ffdc6dd0000 - 0x00007ffdc6de9000 	c:\Users\Admin\.vscode\extensions\redhat.java-1.21.0-win32-x64\jre\17.0.7-win32-x86_64\bin\VCRUNTIME140.dll
0x00007ffdd7c20000 - 0x00007ffdd7c37000 	c:\Users\Admin\.vscode\extensions\redhat.java-1.21.0-win32-x64\jre\17.0.7-win32-x86_64\bin\jli.dll
0x00007ffdde650000 - 0x00007ffdde7fa000 	C:\WINDOWS\System32\USER32.dll
0x00007ffddd910000 - 0x00007ffddd936000 	C:\WINDOWS\System32\win32u.dll
0x00007ffdb6c70000 - 0x00007ffdb6efe000 	C:\WINDOWS\WinSxS\amd64_microsoft.windows.common-controls_6595b64144ccf1df_6.0.22621.1635_none_270f70857386168e\COMCTL32.dll
0x00007ffddf170000 - 0x00007ffddf199000 	C:\WINDOWS\System32\GDI32.dll
0x00007ffddfba0000 - 0x00007ffddfc47000 	C:\WINDOWS\System32\msvcrt.dll
0x00007ffddd9b0000 - 0x00007ffdddac9000 	C:\WINDOWS\System32\gdi32full.dll
0x00007ffddd870000 - 0x00007ffddd90a000 	C:\WINDOWS\System32\msvcp_win.dll
0x00007ffddf4e0000 - 0x00007ffddf511000 	C:\WINDOWS\System32\IMM32.DLL
0x00007ffdd80a0000 - 0x00007ffdd80ac000 	c:\Users\Admin\.vscode\extensions\redhat.java-1.21.0-win32-x64\jre\17.0.7-win32-x86_64\bin\vcruntime140_1.dll
0x00007ffda0db0000 - 0x00007ffda0e41000 	c:\Users\Admin\.vscode\extensions\redhat.java-1.21.0-win32-x64\jre\17.0.7-win32-x86_64\bin\msvcp140.dll
0x00007ffd520f0000 - 0x00007ffd52d38000 	c:\Users\Admin\.vscode\extensions\redhat.java-1.21.0-win32-x64\jre\17.0.7-win32-x86_64\bin\server\jvm.dll
0x00007ffdde800000 - 0x00007ffdde8ae000 	C:\WINDOWS\System32\ADVAPI32.dll
0x00007ffddef00000 - 0x00007ffddefa4000 	C:\WINDOWS\System32\sechost.dll
0x00007ffddf1c0000 - 0x00007ffddf2d7000 	C:\WINDOWS\System32\RPCRT4.dll
0x00007ffdd6570000 - 0x00007ffdd65a4000 	C:\WINDOWS\SYSTEM32\WINMM.dll
0x00007ffda2e10000 - 0x00007ffda2e19000 	C:\WINDOWS\SYSTEM32\WSOCK32.dll
0x00007ffdd6ba0000 - 0x00007ffdd6baa000 	C:\WINDOWS\SYSTEM32\VERSION.dll
0x00007ffddee00000 - 0x00007ffddee71000 	C:\WINDOWS\System32\WS2_32.dll
0x00007ffddc1e0000 - 0x00007ffddc1f8000 	C:\WINDOWS\SYSTEM32\kernel.appcore.dll
0x00007ffdc6dc0000 - 0x00007ffdc6dca000 	c:\Users\Admin\.vscode\extensions\redhat.java-1.21.0-win32-x64\jre\17.0.7-win32-x86_64\bin\jimage.dll
0x00007ffdda920000 - 0x00007ffddab4e000 	C:\WINDOWS\SYSTEM32\DBGHELP.DLL
0x00007ffddea70000 - 0x00007ffddedf9000 	C:\WINDOWS\System32\combase.dll
0x00007ffdddad0000 - 0x00007ffdddba7000 	C:\WINDOWS\System32\OLEAUT32.dll
0x00007ffdc5d40000 - 0x00007ffdc5d72000 	C:\WINDOWS\SYSTEM32\dbgcore.DLL
0x00007ffddd0f0000 - 0x00007ffddd16a000 	C:\WINDOWS\System32\bcryptPrimitives.dll
0x00007ffdc6db0000 - 0x00007ffdc6dbe000 	c:\Users\Admin\.vscode\extensions\redhat.java-1.21.0-win32-x64\jre\17.0.7-win32-x86_64\bin\instrument.dll
0x00007ffdc6d80000 - 0x00007ffdc6da5000 	c:\Users\Admin\.vscode\extensions\redhat.java-1.21.0-win32-x64\jre\17.0.7-win32-x86_64\bin\java.dll
0x00007ffdc5e60000 - 0x00007ffdc5e78000 	c:\Users\Admin\.vscode\extensions\redhat.java-1.21.0-win32-x64\jre\17.0.7-win32-x86_64\bin\zip.dll
0x00007ffddddc0000 - 0x00007ffdde5b9000 	C:\WINDOWS\System32\SHELL32.dll
0x00007ffddb090000 - 0x00007ffddb95e000 	C:\WINDOWS\SYSTEM32\windows.storage.dll
0x00007ffddaf50000 - 0x00007ffddb08e000 	C:\WINDOWS\SYSTEM32\wintypes.dll
0x00007ffddf2e0000 - 0x00007ffddf3d1000 	C:\WINDOWS\System32\SHCORE.dll
0x00007ffddea10000 - 0x00007ffddea6e000 	C:\WINDOWS\System32\shlwapi.dll
0x00007ffddd020000 - 0x00007ffddd046000 	C:\WINDOWS\SYSTEM32\profapi.dll
0x00007ffdc5e40000 - 0x00007ffdc5e59000 	C:\Users\Admin\.vscode\extensions\redhat.java-1.21.0-win32-x64\jre\17.0.7-win32-x86_64\bin\net.dll
0x00007ffdd6810000 - 0x00007ffdd6947000 	C:\WINDOWS\SYSTEM32\WINHTTP.dll
0x00007ffddc660000 - 0x00007ffddc6c9000 	C:\WINDOWS\system32\mswsock.dll
0x00007ffda2ff0000 - 0x00007ffda3005000 	C:\Users\Admin\.vscode\extensions\redhat.java-1.21.0-win32-x64\jre\17.0.7-win32-x86_64\bin\nio.dll
0x00007ffdc1900000 - 0x00007ffdc1910000 	c:\Users\Admin\.vscode\extensions\redhat.java-1.21.0-win32-x64\jre\17.0.7-win32-x86_64\bin\verify.dll
0x00007ffda0d70000 - 0x00007ffda0dae000 	C:\Users\Admin\AppData\Roaming\Code\User\globalStorage\redhat.java\1.21.0\config_ss_win\org.eclipse.equinox.launcher\org.eclipse.equinox.launcher.win32.win32.x86_64_1.2.700.v20221108-1024\eclipse_11801.dll
0x00007ffdddc20000 - 0x00007ffddddbc000 	C:\WINDOWS\System32\ole32.dll
0x00007ffddc900000 - 0x00007ffddc91b000 	C:\WINDOWS\SYSTEM32\CRYPTSP.dll
0x00007ffddc150000 - 0x00007ffddc185000 	C:\WINDOWS\system32\rsaenh.dll
0x00007ffddc780000 - 0x00007ffddc7ac000 	C:\WINDOWS\SYSTEM32\USERENV.dll
0x00007ffddcaa0000 - 0x00007ffddcac8000 	C:\WINDOWS\SYSTEM32\bcrypt.dll
0x00007ffddc920000 - 0x00007ffddc92c000 	C:\WINDOWS\SYSTEM32\CRYPTBASE.dll
0x00007ffddbc00000 - 0x00007ffddbc2d000 	C:\WINDOWS\SYSTEM32\IPHLPAPI.DLL
0x00007ffddea00000 - 0x00007ffddea09000 	C:\WINDOWS\System32\NSI.dll
0x00007ffdd6bb0000 - 0x00007ffdd6bc9000 	C:\WINDOWS\SYSTEM32\dhcpcsvc6.DLL
0x00007ffdd67f0000 - 0x00007ffdd680f000 	C:\WINDOWS\SYSTEM32\dhcpcsvc.DLL
0x00007ffddbc30000 - 0x00007ffddbd23000 	C:\WINDOWS\SYSTEM32\DNSAPI.dll
0x00007ffdc6f30000 - 0x00007ffdc6f75000 	C:\Users\Admin\AppData\Local\Temp\jna-63116079\jna15549738980528843156.dll
0x00007ffdddc00000 - 0x00007ffdddc08000 	C:\WINDOWS\System32\PSAPI.DLL

dbghelp: loaded successfully - version: 4.0.5 - missing functions: none
symbol engine: initialized successfully - sym options: 0x614 - pdb path: .;c:\Users\Admin\.vscode\extensions\redhat.java-1.21.0-win32-x64\jre\17.0.7-win32-x86_64\bin;C:\WINDOWS\SYSTEM32;C:\WINDOWS\WinSxS\amd64_microsoft.windows.common-controls_6595b64144ccf1df_6.0.22621.1635_none_270f70857386168e;c:\Users\Admin\.vscode\extensions\redhat.java-1.21.0-win32-x64\jre\17.0.7-win32-x86_64\bin\server;C:\Users\Admin\AppData\Roaming\Code\User\globalStorage\redhat.java\1.21.0\config_ss_win\org.eclipse.equinox.launcher\org.eclipse.equinox.launcher.win32.win32.x86_64_1.2.700.v20221108-1024;C:\Users\Admin\AppData\Local\Temp\jna-63116079

VM Arguments:
jvm_args: --add-modules=ALL-SYSTEM --add-opens=java.base/java.util=ALL-UNNAMED --add-opens=java.base/java.lang=ALL-UNNAMED --add-opens=java.base/sun.nio.fs=ALL-UNNAMED -Declipse.application=org.eclipse.jdt.ls.core.id1 -Dosgi.bundles.defaultStartLevel=4 -Declipse.product=org.eclipse.jdt.ls.core.product -Djava.import.generatesMetadataFilesAtProjectRoot=false -Dfile.encoding=utf8 -XX:+UseParallelGC -XX:GCTimeRatio=4 -XX:AdaptiveSizePolicyWeight=90 -Dsun.zip.disableMemoryMapping=true -Xmx1G -Xms100m -Xlog:disable -javaagent:c:\Users\Admin\.vscode\extensions\redhat.java-1.21.0-win32-x64\lombok\lombok-1.18.28.jar 
java_command: c:\Users\Admin\.vscode\extensions\redhat.java-1.21.0-win32-x64\server\plugins\org.eclipse.equinox.launcher_1.6.500.v20230717-2134.jar -configuration c:\Users\Admin\AppData\Roaming\Code\User\globalStorage\redhat.java\1.21.0\config_ss_win -data c:\Users\Admin\AppData\Roaming\Code\User\workspaceStorage\e7c62a26f5fb9af6089d468b08576148\redhat.java\ss_ws
java_class_path (initial): c:\Users\Admin\.vscode\extensions\redhat.java-1.21.0-win32-x64\server\plugins\org.eclipse.equinox.launcher_1.6.500.v20230717-2134.jar
Launcher Type: SUN_STANDARD

[Global flags]
    uintx AdaptiveSizePolicyWeight                 = 90                                        {product} {command line}
     intx CICompilerCount                          = 12                                        {product} {ergonomic}
    uintx GCTimeRatio                              = 4                                         {product} {command line}
   size_t InitialHeapSize                          = 104857600                                 {product} {command line}
   size_t MaxHeapSize                              = 1073741824                                {product} {command line}
   size_t MaxNewSize                               = 357564416                                 {product} {ergonomic}
   size_t MinHeapDeltaBytes                        = 524288                                    {product} {ergonomic}
   size_t MinHeapSize                              = 104857600                                 {product} {command line}
   size_t NewSize                                  = 34603008                                  {product} {ergonomic}
    uintx NonNMethodCodeHeapSize                   = 7602480                                {pd product} {ergonomic}
    uintx NonProfiledCodeHeapSize                  = 122027880                              {pd product} {ergonomic}
   size_t OldSize                                  = 70254592                                  {product} {ergonomic}
    uintx ProfiledCodeHeapSize                     = 122027880                              {pd product} {ergonomic}
    uintx ReservedCodeCacheSize                    = 251658240                              {pd product} {ergonomic}
     bool SegmentedCodeCache                       = true                                      {product} {ergonomic}
   size_t SoftMaxHeapSize                          = 1073741824                             {manageable} {ergonomic}
     bool UseCompressedClassPointers               = true                           {product lp64_product} {ergonomic}
     bool UseCompressedOops                        = true                           {product lp64_product} {ergonomic}
     bool UseLargePagesIndividualAllocation        = false                                  {pd product} {ergonomic}
     bool UseParallelGC                            = true                                      {product} {command line}

Logging:
Log output configuration:
 #0: stdout all=off uptime,level,tags
 #1: stderr all=off uptime,level,tags

Environment Variables:
JAVA_HOME=C:\Program Files\Java\jdk-14.0.2
PATH=C:\Program Files\Python310\Scripts\;C:\Program Files\Python310\;C:\Program Files\Python38\Scripts\;C:\Program Files\Python38\;C:\WINDOWS\system32;C:\WINDOWS;C:\WINDOWS\System32\Wbem;C:\WINDOWS\System32\WindowsPowerShell\v1.0\;C:\WINDOWS\System32\OpenSSH\;C:\Program Files\Microsoft SQL Server\Client SDK\ODBC\110\Tools\Binn\;C:\Program Files (x86)\Microsoft SQL Server\120\Tools\Binn\;C:\Program Files\Microsoft SQL Server\120\Tools\Binn\;C:\Program Files\Microsoft SQL Server\120\DTS\Binn\;C:\Program Files (x86)\Microsoft SQL Server\120\Tools\Binn\ManagementStudio\;C:\Program Files (x86)\Microsoft SQL Server\120\DTS\Binn\;C:\Program Files\Java\jdk-11.0.2\bin;C:\tomcat\apache-tomcat-9.0.63\bin;C:\Program Files\dotnet\;C:\Program Files\Microsoft SQL Server\150\Tools\Binn\;C:\Program Files\Microsoft SQL Server\Client SDK\ODBC\170\Tools\Binn\;C:\Program Files\nodejs\;C:\Program Files\Microsoft SQL Server\130\Tools\Binn\;C:\WINDOWS\system32;C:\WINDOWS;C:\WINDOWS\System32\Wbem;C:\WINDOWS\System32\WindowsPowerShell\v1.0\;C:\WINDOWS\System32\OpenSSH\;C:\Program Files\MongoDB\Server\5.0\bin;C:\Users\Admin\AppData\Local\Microsoft\WindowsApps;;C:\Users\Admin\AppData\Local\Programs\Microsoft VS Code\bin;C:\Users\Admin\.dotnet\tools;C:\Users\Admin\AppData\Roaming\npm
USERNAME=Admin
OS=Windows_NT
PROCESSOR_IDENTIFIER=Intel64 Family 6 Model 141 Stepping 1, GenuineIntel
TMP=C:\Users\Admin\AppData\Local\Temp
TEMP=C:\Users\Admin\AppData\Local\Temp



---------------  S Y S T E M  ---------------

OS:
 Windows 11 , 64 bit Build 22621 (10.0.22621.1928)
OS uptime: 0 days 0:16 hours
Hyper-V role detected

CPU: total 16 (initial active 16) (8 cores per cpu, 2 threads per core) family 6 model 141 stepping 1 microcode 0x32, cx8, cmov, fxsr, ht, mmx, 3dnowpref, sse, sse2, sse3, ssse3, sse4.1, sse4.2, popcnt, lzcnt, tsc, tscinvbit, avx, avx2, aes, erms, clmul, bmi1, bmi2, adx, avx512f, avx512dq, avx512cd, avx512bw, avx512vl, sha, fma, vzeroupper, avx512_vpopcntdq, avx512_vpclmulqdq, avx512_vaes, avx512_vnni, clflush, clflushopt, clwb, avx512_vbmi2, avx512_vbmi, hv

Memory: 4k page, system-wide physical 16085M (2620M free)
TotalPageFile size 18133M (AvailPageFile size 27M)
current process WorkingSet (physical memory assigned to process): 164M, peak: 230M
current process commit charge ("private bytes"): 261M, peak: 330M

vm_info: OpenJDK 64-Bit Server VM (17.0.7+7) for windows-amd64 JRE (17.0.7+7), built on Apr 18 2023 22:10:42 by "temurin" with MS VC++ 16.7 (VS2019)

END.
