#
# There is insufficient memory for the Java Runtime Environment to continue.
# Native memory allocation (malloc) failed to allocate 265456 bytes for Chunk::new
# Possible reasons:
#   The system is out of physical RAM or swap space
#   The process is running with CompressedOops enabled, and the Java Heap may be blocking the growth of the native heap
# Possible solutions:
#   Reduce memory load on the system
#   Increase physical memory or swap space
#   Check if swap backing store is full
#   Decrease Java heap size (-Xmx/-Xms)
#   Decrease number of Java threads
#   Decrease Java thread stack sizes (-Xss)
#   Set larger code cache with -XX:ReservedCodeCacheSize=
#   JVM is running with Unscaled Compressed Oops mode in which the Java heap is
#     placed in the first 4GB address space. The Java Heap base address is the
#     maximum limit for the native heap growth. Please use -XX:HeapBaseMinAddress
#     to set the Java Heap base and to place the Java Heap above 4GB virtual address.
# This output file may be truncated or incomplete.
#
#  Out of Memory Error (arena.cpp:189), pid=12532, tid=10604
#
# JRE version: OpenJDK Runtime Environment Temurin-17.0.7+7 (17.0.7+7) (build 17.0.7+7)
# Java VM: OpenJDK 64-Bit Server VM Temurin-17.0.7+7 (17.0.7+7, mixed mode, tiered, compressed oops, compressed class ptrs, parallel gc, windows-amd64)
# No core dump will be written. Minidumps are not enabled by default on client versions of Windows
#

---------------  S U M M A R Y ------------

Command Line: --add-modules=ALL-SYSTEM --add-opens=java.base/java.util=ALL-UNNAMED --add-opens=java.base/java.lang=ALL-UNNAMED --add-opens=java.base/sun.nio.fs=ALL-UNNAMED -Declipse.application=org.eclipse.jdt.ls.core.id1 -Dosgi.bundles.defaultStartLevel=4 -Declipse.product=org.eclipse.jdt.ls.core.product -Djava.import.generatesMetadataFilesAtProjectRoot=false -Dfile.encoding=utf8 -XX:+UseParallelGC -XX:GCTimeRatio=4 -XX:AdaptiveSizePolicyWeight=90 -Dsun.zip.disableMemoryMapping=true -Xmx1G -Xms100m -Xlog:disable -javaagent:c:\Users\Admin\.vscode\extensions\redhat.java-1.21.0-win32-x64\lombok\lombok-1.18.28.jar c:\Users\Admin\.vscode\extensions\redhat.java-1.21.0-win32-x64\server\plugins\org.eclipse.equinox.launcher_1.6.500.v20230717-2134.jar -configuration c:\Users\Admin\AppData\Roaming\Code\User\globalStorage\redhat.java\1.21.0\config_ss_win -data c:\Users\Admin\AppData\Roaming\Code\User\workspaceStorage\e7c62a26f5fb9af6089d468b08576148\redhat.java\ss_ws

Host: 11th Gen Intel(R) Core(TM) i7-11800H @ 2.30GHz, 16 cores, 15G,  Windows 11 , 64 bit Build 22621 (10.0.22621.2070)
Time: Tue Aug 15 17:25:41 2023 SE Asia Standard Time elapsed time: 0.589144 seconds (0d 0h 0m 0s)

---------------  T H R E A D  ---------------

Current thread (0x00000217a6900d60):  JavaThread "C2 CompilerThread2" daemon [_thread_in_native, id=10604, stack(0x0000002778100000,0x0000002778200000)]


Current CompileTask:
C2:    589  705   !   4       java.util.jar.Attributes::read (498 bytes)

Stack: [0x0000002778100000,0x0000002778200000]
Native frames: (J=compiled Java code, j=interpreted, Vv=VM code, C=native code)
V  [jvm.dll+0x67754a]
V  [jvm.dll+0x834304]
V  [jvm.dll+0x835aae]
V  [jvm.dll+0x836113]
V  [jvm.dll+0x24696f]
V  [jvm.dll+0xac0ac]
V  [jvm.dll+0xac67c]
V  [jvm.dll+0x364de2]
V  [jvm.dll+0x1bca82]
V  [jvm.dll+0x219799]
V  [jvm.dll+0x218a61]
V  [jvm.dll+0x1a4d8d]
V  [jvm.dll+0x2284da]
V  [jvm.dll+0x226615]
V  [jvm.dll+0x7ea90b]
V  [jvm.dll+0x7e4e7a]
V  [jvm.dll+0x676395]
C  [ucrtbase.dll+0x29363]
C  [KERNEL32.DLL+0x126ad]
C  [ntdll.dll+0x5aa68]


---------------  P R O C E S S  ---------------

Threads class SMR info:
_java_thread_list=0x00000217a8735830, length=16, elements={
0x000002178d54c0e0, 0x00000217a13c73e0, 0x00000217a13c7da0, 0x00000217a675e330,
0x00000217a675edf0, 0x00000217a6760140, 0x00000217a6780d00, 0x00000217a6784440,
0x00000217a678bad0, 0x00000217a678cca0, 0x00000217a683e5e0, 0x00000217a6857a40,
0x00000217a6858000, 0x00000217a68aa830, 0x00000217a6900d60, 0x00000217a86317e0
}

Java Threads: ( => current thread )
  0x000002178d54c0e0 JavaThread "main" [_thread_in_vm, id=7072, stack(0x0000002777100000,0x0000002777200000)]
  0x00000217a13c73e0 JavaThread "Reference Handler" daemon [_thread_blocked, id=18044, stack(0x0000002777400000,0x0000002777500000)]
  0x00000217a13c7da0 JavaThread "Finalizer" daemon [_thread_blocked, id=16656, stack(0x0000002777500000,0x0000002777600000)]
  0x00000217a675e330 JavaThread "Signal Dispatcher" daemon [_thread_blocked, id=5036, stack(0x0000002777600000,0x0000002777700000)]
  0x00000217a675edf0 JavaThread "Attach Listener" daemon [_thread_blocked, id=3084, stack(0x0000002777700000,0x0000002777800000)]
  0x00000217a6760140 JavaThread "Service Thread" daemon [_thread_blocked, id=11364, stack(0x0000002777800000,0x0000002777900000)]
  0x00000217a6780d00 JavaThread "Monitor Deflation Thread" daemon [_thread_blocked, id=8024, stack(0x0000002777900000,0x0000002777a00000)]
  0x00000217a6784440 JavaThread "C2 CompilerThread0" daemon [_thread_blocked, id=13640, stack(0x0000002777a00000,0x0000002777b00000)]
  0x00000217a678bad0 JavaThread "C1 CompilerThread0" daemon [_thread_blocked, id=10828, stack(0x0000002777b00000,0x0000002777c00000)]
  0x00000217a678cca0 JavaThread "Sweeper thread" daemon [_thread_blocked, id=16380, stack(0x0000002777c00000,0x0000002777d00000)]
  0x00000217a683e5e0 JavaThread "Common-Cleaner" daemon [_thread_blocked, id=14452, stack(0x0000002777d00000,0x0000002777e00000)]
  0x00000217a6857a40 JavaThread "C1 CompilerThread1" daemon [_thread_blocked, id=10280, stack(0x0000002777e00000,0x0000002777f00000)]
  0x00000217a6858000 JavaThread "C1 CompilerThread2" daemon [_thread_blocked, id=16928, stack(0x0000002777f00000,0x0000002778000000)]
  0x00000217a68aa830 JavaThread "C2 CompilerThread1" daemon [_thread_blocked, id=13716, stack(0x0000002778000000,0x0000002778100000)]
=>0x00000217a6900d60 JavaThread "C2 CompilerThread2" daemon [_thread_in_native, id=10604, stack(0x0000002778100000,0x0000002778200000)]
  0x00000217a86317e0 JavaThread "Notification Thread" daemon [_thread_blocked, id=10192, stack(0x0000002778200000,0x0000002778300000)]

Other Threads:
  0x000002178d606150 VMThread "VM Thread" [stack: 0x0000002777300000,0x0000002777400000] [id=20288]
  0x00000217a866bc30 WatcherThread [stack: 0x0000002778300000,0x0000002778400000] [id=7316]
  0x000002178d562e70 GCTaskThread "GC Thread#0" [stack: 0x0000002777200000,0x0000002777300000] [id=7112]

Threads with active compile tasks:
C2 CompilerThread2      600  705   !   4       java.util.jar.Attributes::read (498 bytes)

VM state: not at safepoint (normal execution)

VM Mutex/Monitor currently owned by a thread: None

Heap address: 0x00000000c0000000, size: 1024 MB, Compressed Oops mode: 32-bit

CDS archive(s) not mapped
Compressed class space mapped at: 0x0000000100000000-0x0000000140000000, reserved size: 1073741824
Narrow klass base: 0x0000000000000000, Narrow klass shift: 3, Narrow klass range: 0x140000000

GC Precious Log:
 CPUs: 16 total, 16 available
 Memory: 16085M
 Large Page Support: Disabled
 NUMA Support: Disabled
 Compressed Oops: Enabled (32-bit)
 Alignments: Space 512K, Generation 512K, Heap 2M
 Heap Min Capacity: 100M
 Heap Initial Capacity: 100M
 Heap Max Capacity: 1G
 Pre-touch: Disabled
 Parallel Workers: 13

Heap:
 PSYoungGen      total 29696K, used 18132K [0x00000000eab00000, 0x00000000ecc00000, 0x0000000100000000)
  eden space 25600K, 70% used [0x00000000eab00000,0x00000000ebcb5118,0x00000000ec400000)
  from space 4096K, 0% used [0x00000000ec800000,0x00000000ec800000,0x00000000ecc00000)
  to   space 4096K, 0% used [0x00000000ec400000,0x00000000ec400000,0x00000000ec800000)
 ParOldGen       total 68608K, used 0K [0x00000000c0000000, 0x00000000c4300000, 0x00000000eab00000)
  object space 68608K, 0% used [0x00000000c0000000,0x00000000c0000000,0x00000000c4300000)
 Metaspace       used 9494K, committed 9600K, reserved 1114112K
  class space    used 940K, committed 960K, reserved 1048576K

Card table byte_map: [0x000002178cef0000,0x000002178d100000] _byte_map_base: 0x000002178c8f0000

Marking Bits: (ParMarkBitMap*) 0x00007ffdbb4152c0
 Begin Bits: [0x000002179f1d0000, 0x00000217a01d0000)
 End Bits:   [0x00000217a01d0000, 0x00000217a11d0000)

Polling page: 0x000002178b510000

Metaspace:

Usage:
  Non-class:      8.35 MB used.
      Class:    940.01 KB used.
       Both:      9.27 MB used.

Virtual space:
  Non-class space:       64.00 MB reserved,       8.44 MB ( 13%) committed,  1 nodes.
      Class space:        1.00 GB reserved,     960.00 KB ( <1%) committed,  1 nodes.
             Both:        1.06 GB reserved,       9.38 MB ( <1%) committed. 

Chunk freelists:
   Non-Class:  6.77 MB
       Class:  15.07 MB
        Both:  21.84 MB

MaxMetaspaceSize: unlimited
CompressedClassSpaceSize: 1.00 GB
Initial GC threshold: 21.00 MB
Current GC threshold: 21.00 MB
CDS: off
MetaspaceReclaimPolicy: balanced
 - commit_granule_bytes: 65536.
 - commit_granule_words: 8192.
 - virtual_space_node_default_size: 8388608.
 - enlarge_chunks_in_place: 1.
 - new_chunks_are_fully_committed: 0.
 - uncommit_free_chunks: 1.
 - use_allocation_guard: 0.
 - handle_deallocations: 1.


Internal statistics:

num_allocs_failed_limit: 0.
num_arena_births: 14.
num_arena_deaths: 0.
num_vsnodes_births: 2.
num_vsnodes_deaths: 0.
num_space_committed: 150.
num_space_uncommitted: 0.
num_chunks_returned_to_freelist: 0.
num_chunks_taken_from_freelist: 63.
num_chunk_merges: 0.
num_chunk_splits: 36.
num_chunks_enlarged: 23.
num_inconsistent_stats: 0.

CodeHeap 'non-profiled nmethods': size=119168Kb used=297Kb max_used=297Kb free=118870Kb
 bounds [0x0000021797d70000, 0x0000021797fe0000, 0x000002179f1d0000]
CodeHeap 'profiled nmethods': size=119104Kb used=1245Kb max_used=1245Kb free=117858Kb
 bounds [0x00000217901d0000, 0x0000021790440000, 0x0000021797620000]
CodeHeap 'non-nmethods': size=7488Kb used=2273Kb max_used=2303Kb free=5214Kb
 bounds [0x0000021797620000, 0x0000021797890000, 0x0000021797d70000]
 total_blobs=1188 nmethods=761 adapters=340
 compilation: enabled
              stopped_count=0, restarted_count=0
 full_count=0

Compilation events (20 events):
Event: 0.568 Thread 0x00000217a6858000 nmethod 737 0x00000217902f9590 code [0x00000217902f9720, 0x00000217902f9918]
Event: 0.568 Thread 0x00000217a678bad0 nmethod 738 0x00000217902f9a10 code [0x00000217902f9ba0, 0x00000217902f9cf8]
Event: 0.569 Thread 0x00000217a68aa830 nmethod 735 0x0000021797db7190 code [0x0000021797db7360, 0x0000021797db7888]
Event: 0.569 Thread 0x00000217a68aa830  736       4       java.lang.invoke.VarHandleByteArrayAsLongs$ArrayHandle::get (36 bytes)
Event: 0.570 Thread 0x00000217a68aa830 nmethod 736 0x0000021797db7d90 code [0x0000021797db7f20, 0x0000021797db8058]
Event: 0.570 Thread 0x00000217a678bad0  739       3       sun.security.util.SignatureFileVerifier::updateSigners (132 bytes)
Event: 0.570 Thread 0x00000217a6857a40  740       3       sun.security.util.SignatureFileVerifier::matches (93 bytes)
Event: 0.570 Thread 0x00000217a6857a40 nmethod 740 0x00000217902f9d90 code [0x00000217902f9fc0, 0x00000217902fa878]
Event: 0.570 Thread 0x00000217a678bad0 nmethod 739 0x00000217902fab90 code [0x00000217902fae40, 0x00000217902fbd98]
Event: 0.574 Thread 0x00000217a6858000  741       3       java.util.zip.ZipFile$Source::getEntryNext (9 bytes)
Event: 0.575 Thread 0x00000217a6858000 nmethod 741 0x00000217902fc410 code [0x00000217902fc5a0, 0x00000217902fc6d8]
Event: 0.578 Thread 0x00000217a678bad0  742       3       jdk.internal.reflect.ClassFileAssembler::emitByte (11 bytes)
Event: 0.578 Thread 0x00000217a6857a40  743       3       jdk.internal.reflect.ByteVectorImpl::add (38 bytes)
Event: 0.578 Thread 0x00000217a678bad0 nmethod 742 0x00000217902fc790 code [0x00000217902fc940, 0x00000217902fcac8]
Event: 0.578 Thread 0x00000217a6857a40 nmethod 743 0x00000217902fcc10 code [0x00000217902fcdc0, 0x00000217902fcf88]
Event: 0.579 Thread 0x00000217a6857a40  744       3       lombok.eclipse.agent.EclipsePatcher$1::shouldTransform (79 bytes)
Event: 0.579 Thread 0x00000217a6784440 nmethod 734% 0x0000021797db8210 code [0x0000021797db83a0, 0x0000021797db9038]
Event: 0.580 Thread 0x00000217a6857a40 nmethod 744 0x00000217902fd090 code [0x00000217902fd3a0, 0x00000217902fe638]
Event: 0.586 Thread 0x00000217a6857a40  745       3       java.io.InputStream::<init> (5 bytes)
Event: 0.586 Thread 0x00000217a6857a40 nmethod 745 0x00000217902fec10 code [0x00000217902feda0, 0x00000217902feef8]

GC Heap History (0 events):
No events

Dll operation events (8 events):
Event: 0.007 Loaded shared library c:\Users\Admin\.vscode\extensions\redhat.java-1.21.0-win32-x64\jre\17.0.7-win32-x86_64\bin\java.dll
Event: 0.161 Loaded shared library c:\Users\Admin\.vscode\extensions\redhat.java-1.21.0-win32-x64\jre\17.0.7-win32-x86_64\bin\zip.dll
Event: 0.165 Loaded shared library C:\Users\Admin\.vscode\extensions\redhat.java-1.21.0-win32-x64\jre\17.0.7-win32-x86_64\bin\instrument.dll
Event: 0.178 Loaded shared library C:\Users\Admin\.vscode\extensions\redhat.java-1.21.0-win32-x64\jre\17.0.7-win32-x86_64\bin\net.dll
Event: 0.179 Loaded shared library C:\Users\Admin\.vscode\extensions\redhat.java-1.21.0-win32-x64\jre\17.0.7-win32-x86_64\bin\nio.dll
Event: 0.186 Loaded shared library C:\Users\Admin\.vscode\extensions\redhat.java-1.21.0-win32-x64\jre\17.0.7-win32-x86_64\bin\zip.dll
Event: 0.202 Loaded shared library C:\Users\Admin\.vscode\extensions\redhat.java-1.21.0-win32-x64\jre\17.0.7-win32-x86_64\bin\jimage.dll
Event: 0.251 Loaded shared library c:\Users\Admin\.vscode\extensions\redhat.java-1.21.0-win32-x64\jre\17.0.7-win32-x86_64\bin\verify.dll

Deoptimization events (20 events):
Event: 0.409 Thread 0x000002178d54c0e0 DEOPT PACKING pc=0x0000021797d95000 sp=0x00000027771fc800
Event: 0.409 Thread 0x000002178d54c0e0 DEOPT UNPACKING pc=0x0000021797679ea3 sp=0x00000027771fc780 mode 2
Event: 0.473 Thread 0x000002178d54c0e0 Uncommon trap: trap_request=0xffffffde fr.pc=0x0000021797d7e8cc relative=0x00000000000006cc
Event: 0.473 Thread 0x000002178d54c0e0 Uncommon trap: reason=class_check action=maybe_recompile pc=0x0000021797d7e8cc method=java.util.HashMap.putVal(ILjava/lang/Object;Ljava/lang/Object;ZZ)Ljava/lang/Object; @ 91 c2
Event: 0.473 Thread 0x000002178d54c0e0 DEOPT PACKING pc=0x0000021797d7e8cc sp=0x00000027771fdc80
Event: 0.473 Thread 0x000002178d54c0e0 DEOPT UNPACKING pc=0x0000021797679ea3 sp=0x00000027771fdc20 mode 2
Event: 0.518 Thread 0x000002178d54c0e0 Uncommon trap: trap_request=0xffffff45 fr.pc=0x0000021797da65f4 relative=0x0000000000000074
Event: 0.518 Thread 0x000002178d54c0e0 Uncommon trap: reason=unstable_if action=reinterpret pc=0x0000021797da65f4 method=jdk.internal.misc.Unsafe.convEndian(ZI)I @ 4 c2
Event: 0.518 Thread 0x000002178d54c0e0 DEOPT PACKING pc=0x0000021797da65f4 sp=0x00000027771fd8e0
Event: 0.518 Thread 0x000002178d54c0e0 DEOPT UNPACKING pc=0x0000021797679ea3 sp=0x00000027771fd810 mode 2
Event: 0.522 Thread 0x000002178d54c0e0 Uncommon trap: trap_request=0xffffff45 fr.pc=0x0000021797d93e00 relative=0x00000000000005c0
Event: 0.522 Thread 0x000002178d54c0e0 Uncommon trap: reason=unstable_if action=reinterpret pc=0x0000021797d93e00 method=java.lang.AbstractStringBuilder.append(Ljava/lang/String;)Ljava/lang/AbstractStringBuilder; @ 1 c2
Event: 0.522 Thread 0x000002178d54c0e0 DEOPT PACKING pc=0x0000021797d93e00 sp=0x00000027771fdc60
Event: 0.522 Thread 0x000002178d54c0e0 DEOPT UNPACKING pc=0x0000021797679ea3 sp=0x00000027771fdbe0 mode 2
Event: 0.534 Thread 0x000002178d54c0e0 DEOPT PACKING pc=0x00000217902a5fb2 sp=0x00000027771fdfc0
Event: 0.534 Thread 0x000002178d54c0e0 DEOPT UNPACKING pc=0x000002179767a9e3 sp=0x00000027771fd418 mode 0
Event: 0.559 Thread 0x000002178d54c0e0 Uncommon trap: trap_request=0xffffffde fr.pc=0x0000021797d7e8cc relative=0x00000000000006cc
Event: 0.559 Thread 0x000002178d54c0e0 Uncommon trap: reason=class_check action=maybe_recompile pc=0x0000021797d7e8cc method=java.util.HashMap.putVal(ILjava/lang/Object;Ljava/lang/Object;ZZ)Ljava/lang/Object; @ 91 c2
Event: 0.559 Thread 0x000002178d54c0e0 DEOPT PACKING pc=0x0000021797d7e8cc sp=0x00000027771fe530
Event: 0.559 Thread 0x000002178d54c0e0 DEOPT UNPACKING pc=0x0000021797679ea3 sp=0x00000027771fe4d0 mode 2

Classes unloaded (0 events):
No events

Classes redefined (0 events):
No events

Internal exceptions (9 events):
Event: 0.134 Thread 0x000002178d54c0e0 Exception <a 'java/lang/NoSuchMethodError'{0x00000000eacb35b8}: 'void java.lang.invoke.DirectMethodHandle$Holder.invokeStatic(java.lang.Object, java.lang.Object, java.lang.Object)'> (0x00000000eacb35b8) 
thrown [s\src\hotspot\share\interpreter\linkResolver.cpp, line 759]
Event: 0.265 Thread 0x000002178d54c0e0 Exception <a 'java/lang/reflect/InvocationTargetException'{0x00000000eb079698}> (0x00000000eb079698) 
thrown [s\src\hotspot\share\runtime\reflection.cpp, line 1121]
Event: 0.508 Thread 0x000002178d54c0e0 Exception <a 'java/lang/ClassNotFoundException'{0x00000000eb88dad8}: sun/net/www/protocol/c/Handler> (0x00000000eb88dad8) 
thrown [s\src\hotspot\share\classfile\systemDictionary.cpp, line 256]
Event: 0.513 Thread 0x000002178d54c0e0 Exception <a 'java/io/FileNotFoundException'{0x00000000eb8a1420}> (0x00000000eb8a1420) 
thrown [s\src\hotspot\share\prims\jni.cpp, line 516]
Event: 0.514 Thread 0x000002178d54c0e0 Exception <a 'java/io/FileNotFoundException'{0x00000000eb8a2130}> (0x00000000eb8a2130) 
thrown [s\src\hotspot\share\prims\jni.cpp, line 516]
Event: 0.514 Thread 0x000002178d54c0e0 Exception <a 'java/io/FileNotFoundException'{0x00000000eb8a2e20}> (0x00000000eb8a2e20) 
thrown [s\src\hotspot\share\prims\jni.cpp, line 516]
Event: 0.514 Thread 0x000002178d54c0e0 Exception <a 'java/io/FileNotFoundException'{0x00000000eb8a3ae0}> (0x00000000eb8a3ae0) 
thrown [s\src\hotspot\share\prims\jni.cpp, line 516]
Event: 0.522 Thread 0x000002178d54c0e0 Implicit null exception at 0x0000021797d93872 to 0x0000021797d93de8
Event: 0.524 Thread 0x000002178d54c0e0 Exception <a 'java/io/FileNotFoundException'{0x00000000eb8dd878}> (0x00000000eb8dd878) 
thrown [s\src\hotspot\share\prims\jni.cpp, line 516]

VM Operations (8 events):
Event: 0.142 Executing VM operation: HandshakeAllThreads
Event: 0.142 Executing VM operation: HandshakeAllThreads done
Event: 0.218 Executing VM operation: HandshakeAllThreads
Event: 0.218 Executing VM operation: HandshakeAllThreads done
Event: 0.481 Executing VM operation: HandshakeAllThreads
Event: 0.481 Executing VM operation: HandshakeAllThreads done
Event: 0.499 Executing VM operation: HandshakeAllThreads
Event: 0.499 Executing VM operation: HandshakeAllThreads done

Events (20 events):
Event: 0.578 loading class jdk/internal/reflect/ClassFileAssembler
Event: 0.578 loading class jdk/internal/reflect/ClassFileAssembler done
Event: 0.578 loading class jdk/internal/reflect/UTF8
Event: 0.578 loading class jdk/internal/reflect/UTF8 done
Event: 0.579 loading class jdk/internal/reflect/Label
Event: 0.579 loading class jdk/internal/reflect/Label done
Event: 0.579 loading class jdk/internal/reflect/Label$PatchInfo
Event: 0.579 loading class jdk/internal/reflect/Label$PatchInfo done
Event: 0.579 loading class jdk/internal/reflect/MethodAccessorGenerator$1
Event: 0.579 loading class jdk/internal/reflect/MethodAccessorGenerator$1 done
Event: 0.579 loading class jdk/internal/reflect/ClassDefiner
Event: 0.579 loading class jdk/internal/reflect/ClassDefiner done
Event: 0.579 loading class jdk/internal/reflect/ClassDefiner$1
Event: 0.580 loading class jdk/internal/reflect/ClassDefiner$1 done
Event: 0.580 loading class jdk/internal/reflect/BootstrapConstructorAccessorImpl
Event: 0.580 loading class jdk/internal/reflect/BootstrapConstructorAccessorImpl done
Event: 0.583 loading class java/util/EventListener
Event: 0.583 loading class java/util/EventListener done
Event: 0.583 loading class java/lang/InterruptedException
Event: 0.584 loading class java/lang/InterruptedException done


Dynamic libraries:
0x00007ff7a6490000 - 0x00007ff7a649e000 	c:\Users\Admin\.vscode\extensions\redhat.java-1.21.0-win32-x64\jre\17.0.7-win32-x86_64\bin\java.exe
0x00007ffe65130000 - 0x00007ffe65344000 	C:\WINDOWS\SYSTEM32\ntdll.dll
0x00007ffe63f20000 - 0x00007ffe63fe4000 	C:\WINDOWS\System32\KERNEL32.DLL
0x00007ffe62930000 - 0x00007ffe62cd4000 	C:\WINDOWS\System32\KERNELBASE.dll
0x00007ffe62790000 - 0x00007ffe628a1000 	C:\WINDOWS\System32\ucrtbase.dll
0x00007ffdd3360000 - 0x00007ffdd3377000 	c:\Users\Admin\.vscode\extensions\redhat.java-1.21.0-win32-x64\jre\17.0.7-win32-x86_64\bin\jli.dll
0x00007ffdd3550000 - 0x00007ffdd3569000 	c:\Users\Admin\.vscode\extensions\redhat.java-1.21.0-win32-x64\jre\17.0.7-win32-x86_64\bin\VCRUNTIME140.dll
0x00007ffe64540000 - 0x00007ffe646ea000 	C:\WINDOWS\System32\USER32.dll
0x00007ffe62ce0000 - 0x00007ffe62d06000 	C:\WINDOWS\System32\win32u.dll
0x00007ffe3ba90000 - 0x00007ffe3bd1f000 	C:\WINDOWS\WinSxS\amd64_microsoft.windows.common-controls_6595b64144ccf1df_6.0.22621.2070_none_2713e6537381f706\COMCTL32.dll
0x00007ffe650c0000 - 0x00007ffe650e9000 	C:\WINDOWS\System32\GDI32.dll
0x00007ffe62dd0000 - 0x00007ffe62ee9000 	C:\WINDOWS\System32\gdi32full.dll
0x00007ffe64b90000 - 0x00007ffe64c37000 	C:\WINDOWS\System32\msvcrt.dll
0x00007ffe626f0000 - 0x00007ffe6278a000 	C:\WINDOWS\System32\msvcp_win.dll
0x00007ffe63160000 - 0x00007ffe63191000 	C:\WINDOWS\System32\IMM32.DLL
0x00007ffe171f0000 - 0x00007ffe171fc000 	c:\Users\Admin\.vscode\extensions\redhat.java-1.21.0-win32-x64\jre\17.0.7-win32-x86_64\bin\vcruntime140_1.dll
0x00007ffdcc8f0000 - 0x00007ffdcc981000 	c:\Users\Admin\.vscode\extensions\redhat.java-1.21.0-win32-x64\jre\17.0.7-win32-x86_64\bin\msvcp140.dll
0x00007ffdba890000 - 0x00007ffdbb4d8000 	c:\Users\Admin\.vscode\extensions\redhat.java-1.21.0-win32-x64\jre\17.0.7-win32-x86_64\bin\server\jvm.dll
0x00007ffe64470000 - 0x00007ffe64520000 	C:\WINDOWS\System32\ADVAPI32.dll
0x00007ffe63360000 - 0x00007ffe63406000 	C:\WINDOWS\System32\sechost.dll
0x00007ffe635d0000 - 0x00007ffe636e7000 	C:\WINDOWS\System32\RPCRT4.dll
0x00007ffe1f310000 - 0x00007ffe1f319000 	C:\WINDOWS\SYSTEM32\WSOCK32.dll
0x00007ffe5b7c0000 - 0x00007ffe5b7f4000 	C:\WINDOWS\SYSTEM32\WINMM.dll
0x00007ffe5b480000 - 0x00007ffe5b48a000 	C:\WINDOWS\SYSTEM32\VERSION.dll
0x00007ffe63080000 - 0x00007ffe630f1000 	C:\WINDOWS\System32\WS2_32.dll
0x00007ffe61560000 - 0x00007ffe61578000 	C:\WINDOWS\SYSTEM32\kernel.appcore.dll
0x00007ffe11ec0000 - 0x00007ffe11eca000 	c:\Users\Admin\.vscode\extensions\redhat.java-1.21.0-win32-x64\jre\17.0.7-win32-x86_64\bin\jimage.dll
0x00007ffe5fe20000 - 0x00007ffe6004e000 	C:\WINDOWS\SYSTEM32\DBGHELP.DLL
0x00007ffe64800000 - 0x00007ffe64b8a000 	C:\WINDOWS\System32\combase.dll
0x00007ffe62ef0000 - 0x00007ffe62fc7000 	C:\WINDOWS\System32\OLEAUT32.dll
0x00007ffe487a0000 - 0x00007ffe487d2000 	C:\WINDOWS\SYSTEM32\dbgcore.DLL
0x00007ffe628b0000 - 0x00007ffe6292a000 	C:\WINDOWS\System32\bcryptPrimitives.dll
0x00007ffe10020000 - 0x00007ffe1002e000 	c:\Users\Admin\.vscode\extensions\redhat.java-1.21.0-win32-x64\jre\17.0.7-win32-x86_64\bin\instrument.dll
0x00007ffdd1890000 - 0x00007ffdd18b5000 	c:\Users\Admin\.vscode\extensions\redhat.java-1.21.0-win32-x64\jre\17.0.7-win32-x86_64\bin\java.dll
0x00007ffdd1870000 - 0x00007ffdd1888000 	c:\Users\Admin\.vscode\extensions\redhat.java-1.21.0-win32-x64\jre\17.0.7-win32-x86_64\bin\zip.dll
0x00007ffe63700000 - 0x00007ffe63f16000 	C:\WINDOWS\System32\SHELL32.dll
0x00007ffe60490000 - 0x00007ffe60d7a000 	C:\WINDOWS\SYSTEM32\windows.storage.dll
0x00007ffe60350000 - 0x00007ffe6048e000 	C:\WINDOWS\SYSTEM32\wintypes.dll
0x00007ffe63210000 - 0x00007ffe63303000 	C:\WINDOWS\System32\SHCORE.dll
0x00007ffe63100000 - 0x00007ffe6315e000 	C:\WINDOWS\System32\shlwapi.dll
0x00007ffe62440000 - 0x00007ffe62466000 	C:\WINDOWS\SYSTEM32\profapi.dll
0x00007ffdd0c00000 - 0x00007ffdd0c19000 	C:\Users\Admin\.vscode\extensions\redhat.java-1.21.0-win32-x64\jre\17.0.7-win32-x86_64\bin\net.dll
0x00007ffe5bc50000 - 0x00007ffe5bd87000 	C:\WINDOWS\SYSTEM32\WINHTTP.dll
0x00007ffe61a80000 - 0x00007ffe61ae9000 	C:\WINDOWS\system32\mswsock.dll
0x00007ffdd0be0000 - 0x00007ffdd0bf5000 	C:\Users\Admin\.vscode\extensions\redhat.java-1.21.0-win32-x64\jre\17.0.7-win32-x86_64\bin\nio.dll
0x00007ffe0a8b0000 - 0x00007ffe0a8c0000 	c:\Users\Admin\.vscode\extensions\redhat.java-1.21.0-win32-x64\jre\17.0.7-win32-x86_64\bin\verify.dll

dbghelp: loaded successfully - version: 4.0.5 - missing functions: none
symbol engine: initialized successfully - sym options: 0x614 - pdb path: .;c:\Users\Admin\.vscode\extensions\redhat.java-1.21.0-win32-x64\jre\17.0.7-win32-x86_64\bin;C:\WINDOWS\SYSTEM32;C:\WINDOWS\WinSxS\amd64_microsoft.windows.common-controls_6595b64144ccf1df_6.0.22621.2070_none_2713e6537381f706;c:\Users\Admin\.vscode\extensions\redhat.java-1.21.0-win32-x64\jre\17.0.7-win32-x86_64\bin\server

VM Arguments:
jvm_args: --add-modules=ALL-SYSTEM --add-opens=java.base/java.util=ALL-UNNAMED --add-opens=java.base/java.lang=ALL-UNNAMED --add-opens=java.base/sun.nio.fs=ALL-UNNAMED -Declipse.application=org.eclipse.jdt.ls.core.id1 -Dosgi.bundles.defaultStartLevel=4 -Declipse.product=org.eclipse.jdt.ls.core.product -Djava.import.generatesMetadataFilesAtProjectRoot=false -Dfile.encoding=utf8 -XX:+UseParallelGC -XX:GCTimeRatio=4 -XX:AdaptiveSizePolicyWeight=90 -Dsun.zip.disableMemoryMapping=true -Xmx1G -Xms100m -Xlog:disable -javaagent:c:\Users\Admin\.vscode\extensions\redhat.java-1.21.0-win32-x64\lombok\lombok-1.18.28.jar 
java_command: c:\Users\Admin\.vscode\extensions\redhat.java-1.21.0-win32-x64\server\plugins\org.eclipse.equinox.launcher_1.6.500.v20230717-2134.jar -configuration c:\Users\Admin\AppData\Roaming\Code\User\globalStorage\redhat.java\1.21.0\config_ss_win -data c:\Users\Admin\AppData\Roaming\Code\User\workspaceStorage\e7c62a26f5fb9af6089d468b08576148\redhat.java\ss_ws
java_class_path (initial): c:\Users\Admin\.vscode\extensions\redhat.java-1.21.0-win32-x64\server\plugins\org.eclipse.equinox.launcher_1.6.500.v20230717-2134.jar
Launcher Type: SUN_STANDARD

[Global flags]
    uintx AdaptiveSizePolicyWeight                 = 90                                        {product} {command line}
     intx CICompilerCount                          = 12                                        {product} {ergonomic}
    uintx GCTimeRatio                              = 4                                         {product} {command line}
   size_t InitialHeapSize                          = 104857600                                 {product} {command line}
   size_t MaxHeapSize                              = 1073741824                                {product} {command line}
   size_t MaxNewSize                               = 357564416                                 {product} {ergonomic}
   size_t MinHeapDeltaBytes                        = 524288                                    {product} {ergonomic}
   size_t MinHeapSize                              = 104857600                                 {product} {command line}
   size_t NewSize                                  = 34603008                                  {product} {ergonomic}
    uintx NonNMethodCodeHeapSize                   = 7602480                                {pd product} {ergonomic}
    uintx NonProfiledCodeHeapSize                  = 122027880                              {pd product} {ergonomic}
   size_t OldSize                                  = 70254592                                  {product} {ergonomic}
    uintx ProfiledCodeHeapSize                     = 122027880                              {pd product} {ergonomic}
    uintx ReservedCodeCacheSize                    = 251658240                              {pd product} {ergonomic}
     bool SegmentedCodeCache                       = true                                      {product} {ergonomic}
   size_t SoftMaxHeapSize                          = 1073741824                             {manageable} {ergonomic}
     bool UseCompressedClassPointers               = true                           {product lp64_product} {ergonomic}
     bool UseCompressedOops                        = true                           {product lp64_product} {ergonomic}
     bool UseLargePagesIndividualAllocation        = false                                  {pd product} {ergonomic}
     bool UseParallelGC                            = true                                      {product} {command line}

Logging:
Log output configuration:
 #0: stdout all=off uptime,level,tags
 #1: stderr all=off uptime,level,tags

Environment Variables:
JAVA_HOME=C:\Program Files\Java\jdk-14.0.2
PATH=C:\Program Files\Python310\Scripts\;C:\Program Files\Python310\;C:\Program Files\Python38\Scripts\;C:\Program Files\Python38\;C:\WINDOWS\system32;C:\WINDOWS;C:\WINDOWS\System32\Wbem;C:\WINDOWS\System32\WindowsPowerShell\v1.0\;C:\WINDOWS\System32\OpenSSH\;C:\Program Files\Microsoft SQL Server\Client SDK\ODBC\110\Tools\Binn\;C:\Program Files (x86)\Microsoft SQL Server\120\Tools\Binn\;C:\Program Files\Microsoft SQL Server\120\Tools\Binn\;C:\Program Files\Microsoft SQL Server\120\DTS\Binn\;C:\Program Files (x86)\Microsoft SQL Server\120\Tools\Binn\ManagementStudio\;C:\Program Files (x86)\Microsoft SQL Server\120\DTS\Binn\;C:\Program Files\Java\jdk-11.0.2\bin;C:\tomcat\apache-tomcat-9.0.63\bin;C:\Program Files\dotnet\;C:\Program Files\Microsoft SQL Server\150\Tools\Binn\;C:\Program Files\Microsoft SQL Server\Client SDK\ODBC\170\Tools\Binn\;C:\Program Files\nodejs\;C:\Program Files\Microsoft SQL Server\130\Tools\Binn\;C:\WINDOWS\system32;C:\WINDOWS;C:\WINDOWS\System32\Wbem;C:\WINDOWS\System32\WindowsPowerShell\v1.0\;C:\WINDOWS\System32\OpenSSH\;C:\Program Files\MongoDB\Server\5.0\bin;C:\Users\Admin\AppData\Local\Microsoft\WindowsApps;C:\Users\Admin\.dotnet\tools;C:\Users\Admin\AppData\Roaming\npm;D:\Microsoft VS Code\bin
USERNAME=Admin
OS=Windows_NT
PROCESSOR_IDENTIFIER=Intel64 Family 6 Model 141 Stepping 1, GenuineIntel
TMP=C:\Users\Admin\AppData\Local\Temp
TEMP=C:\Users\Admin\AppData\Local\Temp



---------------  S Y S T E M  ---------------

OS:
 Windows 11 , 64 bit Build 22621 (10.0.22621.2070)
OS uptime: 0 days 0:14 hours
Hyper-V role detected

CPU: total 16 (initial active 16) (8 cores per cpu, 2 threads per core) family 6 model 141 stepping 1 microcode 0x32, cx8, cmov, fxsr, ht, mmx, 3dnowpref, sse, sse2, sse3, ssse3, sse4.1, sse4.2, popcnt, lzcnt, tsc, tscinvbit, avx, avx2, aes, erms, clmul, bmi1, bmi2, adx, avx512f, avx512dq, avx512cd, avx512bw, avx512vl, sha, fma, vzeroupper, avx512_vpopcntdq, avx512_vpclmulqdq, avx512_vaes, avx512_vnni, clflush, clflushopt, clwb, avx512_vbmi2, avx512_vbmi, hv

Memory: 4k page, system-wide physical 16085M (1904M free)
TotalPageFile size 18133M (AvailPageFile size 9M)
current process WorkingSet (physical memory assigned to process): 64M, peak: 64M
current process commit charge ("private bytes"): 215M, peak: 216M

vm_info: OpenJDK 64-Bit Server VM (17.0.7+7) for windows-amd64 JRE (17.0.7+7), built on Apr 18 2023 22:10:42 by "temurin" with MS VC++ 16.7 (VS2019)

END.
