#
# There is insufficient memory for the Java Runtime Environment to continue.
# Native memory allocation (malloc) failed to allocate 1019376 bytes for Chunk::new
# Possible reasons:
#   The system is out of physical RAM or swap space
#   The process is running with CompressedOops enabled, and the Java Heap may be blocking the growth of the native heap
# Possible solutions:
#   Reduce memory load on the system
#   Increase physical memory or swap space
#   Check if swap backing store is full
#   Decrease Java heap size (-Xmx/-Xms)
#   Decrease number of Java threads
#   Decrease Java thread stack sizes (-Xss)
#   Set larger code cache with -XX:ReservedCodeCacheSize=
#   JVM is running with Unscaled Compressed Oops mode in which the Java heap is
#     placed in the first 4GB address space. The Java Heap base address is the
#     maximum limit for the native heap growth. Please use -XX:HeapBaseMinAddress
#     to set the Java Heap base and to place the Java Heap above 4GB virtual address.
# This output file may be truncated or incomplete.
#
#  Out of Memory Error (arena.cpp:189), pid=5508, tid=20448
#
# JRE version: OpenJDK Runtime Environment Temurin-17.0.7+7 (17.0.7+7) (build 17.0.7+7)
# Java VM: OpenJDK 64-Bit Server VM Temurin-17.0.7+7 (17.0.7+7, mixed mode, tiered, compressed oops, compressed class ptrs, parallel gc, windows-amd64)
# No core dump will be written. Minidumps are not enabled by default on client versions of Windows
#

---------------  S U M M A R Y ------------

Command Line: --add-modules=ALL-SYSTEM --add-opens=java.base/java.util=ALL-UNNAMED --add-opens=java.base/java.lang=ALL-UNNAMED --add-opens=java.base/sun.nio.fs=ALL-UNNAMED -Declipse.application=org.eclipse.jdt.ls.core.id1 -Dosgi.bundles.defaultStartLevel=4 -Declipse.product=org.eclipse.jdt.ls.core.product -Djava.import.generatesMetadataFilesAtProjectRoot=false -Dfile.encoding=utf8 -XX:+UseParallelGC -XX:GCTimeRatio=4 -XX:AdaptiveSizePolicyWeight=90 -Dsun.zip.disableMemoryMapping=true -Xmx1G -Xms100m -Xlog:disable -javaagent:c:\Users\Admin\.vscode\extensions\redhat.java-1.21.0-win32-x64\lombok\lombok-1.18.28.jar c:\Users\Admin\.vscode\extensions\redhat.java-1.21.0-win32-x64\server\plugins\org.eclipse.equinox.launcher_1.6.500.v20230717-2134.jar -configuration c:\Users\Admin\AppData\Roaming\Code\User\globalStorage\redhat.java\1.21.0\config_ss_win -data c:\Users\Admin\AppData\Roaming\Code\User\workspaceStorage\e7c62a26f5fb9af6089d468b08576148\redhat.java\ss_ws

Host: 11th Gen Intel(R) Core(TM) i7-11800H @ 2.30GHz, 16 cores, 15G,  Windows 11 , 64 bit Build 22621 (10.0.22621.2070)
Time: Wed Aug 16 05:58:26 2023 SE Asia Standard Time elapsed time: 2.420709 seconds (0d 0h 0m 2s)

---------------  T H R E A D  ---------------

Current thread (0x00000174691b5890):  JavaThread "C2 CompilerThread4" daemon [_thread_in_native, id=20448, stack(0x0000003250900000,0x0000003250a00000)]


Current CompileTask:
C2:   2420 2745       4       org.eclipse.core.internal.watson.ElementTreeIterator::doIteration (114 bytes)

Stack: [0x0000003250900000,0x0000003250a00000]
Native frames: (J=compiled Java code, j=interpreted, Vv=VM code, C=native code)
V  [jvm.dll+0x67754a]
V  [jvm.dll+0x834304]
V  [jvm.dll+0x835aae]
V  [jvm.dll+0x836113]
V  [jvm.dll+0x24696f]
V  [jvm.dll+0xac0ac]
V  [jvm.dll+0xac67c]
V  [jvm.dll+0x2adbef]
V  [jvm.dll+0x580067]
V  [jvm.dll+0x221e72]
V  [jvm.dll+0x22224f]
V  [jvm.dll+0x21b4a5]
V  [jvm.dll+0x21895b]
V  [jvm.dll+0x1a4d8d]
V  [jvm.dll+0x2284da]
V  [jvm.dll+0x226615]
V  [jvm.dll+0x7ea90b]
V  [jvm.dll+0x7e4e7a]
V  [jvm.dll+0x676395]
C  [ucrtbase.dll+0x29363]
C  [KERNEL32.DLL+0x126ad]
C  [ntdll.dll+0x5aa68]


---------------  P R O C E S S  ---------------

Threads class SMR info:
_java_thread_list=0x000001746c06d5e0, length=31, elements={
0x000001744cf4d6b0, 0x000001744d006b30, 0x00000174660c4010, 0x00000174660f7870,
0x00000174660f8230, 0x00000174660fb990, 0x0000017466100910, 0x000001746610ea20,
0x000001746610f0d0, 0x0000017460dc9fd0, 0x000001744cfb1c70, 0x000001746627f7c0,
0x00000174662838a0, 0x0000017466372a90, 0x00000174663b8860, 0x0000017467fe6c90,
0x0000017468be83e0, 0x00000174688c8c60, 0x0000017468b3da50, 0x0000017468add850,
0x0000017468bab0f0, 0x0000017468a1a6c0, 0x0000017468c8a210, 0x0000017468c8abb0,
0x000001746b104800, 0x0000017469c90830, 0x00000174691b5890, 0x0000017468fc1090,
0x0000017468fc15a0, 0x0000017468fc1ab0, 0x0000017468c8a6e0
}

Java Threads: ( => current thread )
  0x000001744cf4d6b0 JavaThread "main" [_thread_blocked, id=14144, stack(0x000000324e000000,0x000000324e100000)]
  0x000001744d006b30 JavaThread "Reference Handler" daemon [_thread_blocked, id=14256, stack(0x000000324e300000,0x000000324e400000)]
  0x00000174660c4010 JavaThread "Finalizer" daemon [_thread_blocked, id=12120, stack(0x000000324e400000,0x000000324e500000)]
  0x00000174660f7870 JavaThread "Signal Dispatcher" daemon [_thread_blocked, id=15188, stack(0x000000324e500000,0x000000324e600000)]
  0x00000174660f8230 JavaThread "Attach Listener" daemon [_thread_blocked, id=20380, stack(0x000000324e600000,0x000000324e700000)]
  0x00000174660fb990 JavaThread "Service Thread" daemon [_thread_blocked, id=22652, stack(0x000000324e700000,0x000000324e800000)]
  0x0000017466100910 JavaThread "Monitor Deflation Thread" daemon [_thread_blocked, id=7912, stack(0x000000324e800000,0x000000324e900000)]
  0x000001746610ea20 JavaThread "C2 CompilerThread0" daemon [_thread_in_native, id=13332, stack(0x000000324e900000,0x000000324ea00000)]
  0x000001746610f0d0 JavaThread "C1 CompilerThread0" daemon [_thread_blocked, id=13588, stack(0x000000324ea00000,0x000000324eb00000)]
  0x0000017460dc9fd0 JavaThread "Sweeper thread" daemon [_thread_blocked, id=1332, stack(0x000000324eb00000,0x000000324ec00000)]
  0x000001744cfb1c70 JavaThread "Common-Cleaner" daemon [_thread_blocked, id=2612, stack(0x000000324ec00000,0x000000324ed00000)]
  0x000001746627f7c0 JavaThread "C1 CompilerThread1" daemon [_thread_blocked, id=17740, stack(0x000000324ed00000,0x000000324ee00000)]
  0x00000174662838a0 JavaThread "C2 CompilerThread1" daemon [_thread_blocked, id=17944, stack(0x000000324ee00000,0x000000324ef00000)]
  0x0000017466372a90 JavaThread "C1 CompilerThread2" daemon [_thread_blocked, id=14068, stack(0x000000324ef00000,0x000000324f000000)]
  0x00000174663b8860 JavaThread "C1 CompilerThread3" daemon [_thread_blocked, id=20820, stack(0x000000324f000000,0x000000324f100000)]
  0x0000017467fe6c90 JavaThread "Notification Thread" daemon [_thread_blocked, id=14424, stack(0x000000324f100000,0x000000324f200000)]
  0x0000017468be83e0 JavaThread "Active Thread: Equinox Container: fd55ef32-2eb8-4837-b83e-28bbe99167cd" [_thread_blocked, id=14504, stack(0x000000324fc00000,0x000000324fd00000)]
  0x00000174688c8c60 JavaThread "Framework Event Dispatcher: Equinox Container: fd55ef32-2eb8-4837-b83e-28bbe99167cd" daemon [_thread_blocked, id=13408, stack(0x000000324fd00000,0x000000324fe00000)]
  0x0000017468b3da50 JavaThread "Start Level: Equinox Container: fd55ef32-2eb8-4837-b83e-28bbe99167cd" daemon [_thread_in_vm, id=6812, stack(0x000000324fe00000,0x000000324ff00000)]
  0x0000017468add850 JavaThread "SCR Component Actor" daemon [_thread_blocked, id=17536, stack(0x000000324ff00000,0x0000003250000000)]
  0x0000017468bab0f0 JavaThread "SCR Component Registry" daemon [_thread_blocked, id=5728, stack(0x0000003250200000,0x0000003250300000)]
  0x0000017468a1a6c0 JavaThread "Worker-JM" [_thread_blocked, id=10568, stack(0x0000003250300000,0x0000003250400000)]
  0x0000017468c8a210 JavaThread "Worker-0" [_thread_blocked, id=18436, stack(0x0000003250600000,0x0000003250700000)]
  0x0000017468c8abb0 JavaThread "Worker-1" [_thread_blocked, id=4352, stack(0x0000003250700000,0x0000003250800000)]
  0x000001746b104800 JavaThread "C2 CompilerThread2" daemon [_thread_blocked, id=11384, stack(0x000000324f300000,0x000000324f400000)]
  0x0000017469c90830 JavaThread "C2 CompilerThread3" daemon [_thread_blocked, id=16492, stack(0x000000324f400000,0x000000324f500000)]
=>0x00000174691b5890 JavaThread "C2 CompilerThread4" daemon [_thread_in_native, id=20448, stack(0x0000003250900000,0x0000003250a00000)]
  0x0000017468fc1090 JavaThread "C2 CompilerThread5" daemon [_thread_in_native, id=21856, stack(0x0000003250a00000,0x0000003250b00000)]
  0x0000017468fc15a0 JavaThread "C2 CompilerThread6" daemon [_thread_blocked, id=14768, stack(0x0000003250b00000,0x0000003250c00000)]
  0x0000017468fc1ab0 JavaThread "C2 CompilerThread7" daemon [_thread_in_native, id=20000, stack(0x0000003250c00000,0x0000003250d00000)]
  0x0000017468c8a6e0 JavaThread "Worker-2" [_thread_blocked, id=9472, stack(0x0000003250d00000,0x0000003250e00000)]

Other Threads:
  0x0000017460dc7e70 VMThread "VM Thread" [stack: 0x000000324e200000,0x000000324e300000] [id=17148]
  0x0000017467fe7160 WatcherThread [stack: 0x000000324f200000,0x000000324f300000] [id=23288]
  0x000001744cf62e90 GCTaskThread "GC Thread#0" [stack: 0x000000324e100000,0x000000324e200000] [id=5376]
  0x00000174688d16b0 GCTaskThread "GC Thread#1" [stack: 0x000000324f700000,0x000000324f800000] [id=7860]
  0x0000017468a34420 GCTaskThread "GC Thread#2" [stack: 0x000000324f800000,0x000000324f900000] [id=21624]
  0x00000174683d8bc0 GCTaskThread "GC Thread#3" [stack: 0x000000324f900000,0x000000324fa00000] [id=10636]
  0x00000174683d8e70 GCTaskThread "GC Thread#4" [stack: 0x000000324fa00000,0x000000324fb00000] [id=17352]
  0x00000174683d9120 GCTaskThread "GC Thread#5" [stack: 0x000000324fb00000,0x000000324fc00000] [id=9956]
  0x0000017468ad3560 GCTaskThread "GC Thread#6" [stack: 0x0000003250000000,0x0000003250100000] [id=5164]
  0x0000017468abf130 GCTaskThread "GC Thread#7" [stack: 0x0000003250100000,0x0000003250200000] [id=12924]
  0x0000017468b2af00 GCTaskThread "GC Thread#8" [stack: 0x0000003250400000,0x0000003250500000] [id=20264]
  0x0000017468b2b1b0 GCTaskThread "GC Thread#9" [stack: 0x0000003250500000,0x0000003250600000] [id=22072]
  0x0000017468fc2010 GCTaskThread "GC Thread#10" [stack: 0x0000003250800000,0x0000003250900000] [id=5504]
  0x0000017468cf5f50 GCTaskThread "GC Thread#11" [stack: 0x000000324f600000,0x000000324f700000] [id=22564]
  0x0000017469558b50 GCTaskThread "GC Thread#12" [stack: 0x000000324f500000,0x000000324f600000] [id=21320]

Threads with active compile tasks:
C2 CompilerThread0     2446 2740   !   4       org.eclipse.core.internal.resources.Resource::lambda$0 (159 bytes)
C2 CompilerThread4     2446 2745       4       org.eclipse.core.internal.watson.ElementTreeIterator::doIteration (114 bytes)
C2 CompilerThread5     2446 2741       4       org.eclipse.debug.internal.core.LaunchManager$ResourceProxyVisitor::visit (68 bytes)
C2 CompilerThread7     2446 2739       4       org.eclipse.core.internal.resources.Resource$$Lambda$151/0x000000010024fd90::visitElement (27 bytes)

VM state: not at safepoint (normal execution)

VM Mutex/Monitor currently owned by a thread:  ([mutex/lock_event])
[0x000001744cf474e0] Metaspace_lock - owner thread: 0x0000017468b3da50

Heap address: 0x00000000c0000000, size: 1024 MB, Compressed Oops mode: 32-bit

CDS archive(s) not mapped
Compressed class space mapped at: 0x0000000100000000-0x0000000140000000, reserved size: 1073741824
Narrow klass base: 0x0000000000000000, Narrow klass shift: 3, Narrow klass range: 0x140000000

GC Precious Log:
 CPUs: 16 total, 16 available
 Memory: 16085M
 Large Page Support: Disabled
 NUMA Support: Disabled
 Compressed Oops: Enabled (32-bit)
 Alignments: Space 512K, Generation 512K, Heap 2M
 Heap Min Capacity: 100M
 Heap Initial Capacity: 100M
 Heap Max Capacity: 1G
 Pre-touch: Disabled
 Parallel Workers: 13

Heap:
 PSYoungGen      total 26112K, used 25713K [0x00000000eab00000, 0x00000000ec880000, 0x0000000100000000)
  eden space 24064K, 98% used [0x00000000eab00000,0x00000000ec220da8,0x00000000ec280000)
  from space 2048K, 99% used [0x00000000ec580000,0x00000000ec77b988,0x00000000ec780000)
  to   space 1024K, 0% used [0x00000000ec780000,0x00000000ec780000,0x00000000ec880000)
 ParOldGen       total 68608K, used 12519K [0x00000000c0000000, 0x00000000c4300000, 0x00000000eab00000)
  object space 68608K, 18% used [0x00000000c0000000,0x00000000c0c39dd8,0x00000000c4300000)
 Metaspace       used 31035K, committed 31616K, reserved 1114112K
  class space    used 3050K, committed 3328K, reserved 1048576K

Card table byte_map: [0x000001744c8f0000,0x000001744cb00000] _byte_map_base: 0x000001744c2f0000

Marking Bits: (ParMarkBitMap*) 0x00007ffe4cf552c0
 Begin Bits: [0x000001745ebd0000, 0x000001745fbd0000)
 End Bits:   [0x000001745fbd0000, 0x0000017460bd0000)

Polling page: 0x000001744aec0000

Metaspace:

Usage:
  Non-class:     27.33 MB used.
      Class:      2.98 MB used.
       Both:     30.31 MB used.

Virtual space:
  Non-class space:       64.00 MB reserved,      27.62 MB ( 43%) committed,  1 nodes.
      Class space:        1.00 GB reserved,       3.25 MB ( <1%) committed,  1 nodes.
             Both:        1.06 GB reserved,      30.88 MB (  3%) committed. 

Chunk freelists:
   Non-Class:  4.27 MB
       Class:  12.80 MB
        Both:  17.06 MB

MaxMetaspaceSize: unlimited
CompressedClassSpaceSize: 1.00 GB
Initial GC threshold: 21.00 MB
Current GC threshold: 35.00 MB
CDS: off
MetaspaceReclaimPolicy: balanced
 - commit_granule_bytes: 65536.
 - commit_granule_words: 8192.
 - virtual_space_node_default_size: 8388608.
 - enlarge_chunks_in_place: 1.
 - new_chunks_are_fully_committed: 0.
 - uncommit_free_chunks: 1.
 - use_allocation_guard: 0.
 - handle_deallocations: 1.


Internal statistics:

num_allocs_failed_limit: 3.
num_arena_births: 326.
num_arena_deaths: 14.
num_vsnodes_births: 2.
num_vsnodes_deaths: 0.
num_space_committed: 494.
num_space_uncommitted: 0.
num_chunks_returned_to_freelist: 17.
num_chunks_taken_from_freelist: 1185.
num_chunk_merges: 7.
num_chunk_splits: 782.
num_chunks_enlarged: 536.
num_inconsistent_stats: 0.

CodeHeap 'non-profiled nmethods': size=119168Kb used=1317Kb max_used=1317Kb free=117850Kb
 bounds [0x0000017457770000, 0x00000174579e0000, 0x000001745ebd0000]
CodeHeap 'profiled nmethods': size=119104Kb used=6059Kb max_used=6059Kb free=113044Kb
 bounds [0x000001744fbd0000, 0x00000174501c0000, 0x0000017457020000]
CodeHeap 'non-nmethods': size=7488Kb used=2949Kb max_used=2984Kb free=4538Kb
 bounds [0x0000017457020000, 0x0000017457320000, 0x0000017457770000]
 total_blobs=3550 nmethods=2983 adapters=478
 compilation: enabled
              stopped_count=0, restarted_count=0
 full_count=0

Compilation events (20 events):
Event: 2.408 Thread 0x0000017469c90830 nmethod 2922 0x00000174578b4590 code [0x00000174578b4760, 0x00000174578b54e8]
Event: 2.409 Thread 0x0000017468fc15a0 nmethod 2975 0x00000174578b5d90 code [0x00000174578b5f00, 0x00000174578b5f98]
Event: 2.411 Thread 0x000001746b104800 nmethod 2917 0x00000174578b6090 code [0x00000174578b62a0, 0x00000174578b71b0]
Event: 2.413 Thread 0x0000017466372a90 2976       3       java.util.concurrent.locks.ReentrantLock$Sync::<init> (5 bytes)
Event: 2.413 Thread 0x000001746610f0d0 2977       3       org.eclipse.osgi.container.ModuleRevision::getModuleCapabilities (9 bytes)
Event: 2.413 Thread 0x0000017466372a90 nmethod 2976 0x00000174501b1690 code [0x00000174501b1840, 0x00000174501b1a78]
Event: 2.413 Thread 0x000001746610f0d0 nmethod 2977 0x00000174501b1b90 code [0x00000174501b1d60, 0x00000174501b2168]
Event: 2.414 Thread 0x000001746627f7c0 2978       3       org.eclipse.osgi.internal.log.EquinoxLogWriter::isLoggable (65 bytes)
Event: 2.414 Thread 0x0000017466372a90 2979       3       org.eclipse.osgi.internal.log.ExtendedLogReaderServiceFactory::getCount (29 bytes)
Event: 2.414 Thread 0x0000017466372a90 nmethod 2979 0x00000174501b2310 code [0x00000174501b24e0, 0x00000174501b2938]
Event: 2.414 Thread 0x000001746627f7c0 nmethod 2978 0x00000174501b2a90 code [0x00000174501b2ca0, 0x00000174501b31b8]
Event: 2.415 Thread 0x000001746610f0d0 2980       3       java.util.HashMap::keysToArray (81 bytes)
Event: 2.415 Thread 0x000001746627f7c0 2981       3       java.util.concurrent.locks.ReentrantLock::<init> (16 bytes)
Event: 2.415 Thread 0x00000174663b8860 2982       3       java.util.concurrent.locks.ReentrantLock$NonfairSync::<init> (5 bytes)
Event: 2.415 Thread 0x000001746610f0d0 nmethod 2980 0x00000174501b3310 code [0x00000174501b34e0, 0x00000174501b3938]
Event: 2.415 Thread 0x00000174663b8860 nmethod 2982 0x00000174501b3b10 code [0x00000174501b3cc0, 0x00000174501b3f38]
Event: 2.415 Thread 0x000001746627f7c0 nmethod 2981 0x00000174501b4090 code [0x00000174501b4260, 0x00000174501b4618]
Event: 2.416 Thread 0x000001746610f0d0 2983       3       java.util.jar.Attributes$Name::hash (148 bytes)
Event: 2.416 Thread 0x0000017468fc15a0 2984       4       java.util.jar.Manifest$FastInputStream::readLine (296 bytes)
Event: 2.417 Thread 0x000001746610f0d0 nmethod 2983 0x00000174501b4790 code [0x00000174501b4a20, 0x00000174501b5768]

GC Heap History (16 events):
Event: 0.450 GC heap before
{Heap before GC invocations=1 (full 0):
 PSYoungGen      total 29696K, used 25600K [0x00000000eab00000, 0x00000000ecc00000, 0x0000000100000000)
  eden space 25600K, 100% used [0x00000000eab00000,0x00000000ec400000,0x00000000ec400000)
  from space 4096K, 0% used [0x00000000ec800000,0x00000000ec800000,0x00000000ecc00000)
  to   space 4096K, 0% used [0x00000000ec400000,0x00000000ec400000,0x00000000ec800000)
 ParOldGen       total 68608K, used 0K [0x00000000c0000000, 0x00000000c4300000, 0x00000000eab00000)
  object space 68608K, 0% used [0x00000000c0000000,0x00000000c0000000,0x00000000c4300000)
 Metaspace       used 10768K, committed 10816K, reserved 1114112K
  class space    used 1068K, committed 1088K, reserved 1048576K
}
Event: 0.454 GC heap after
{Heap after GC invocations=1 (full 0):
 PSYoungGen      total 29696K, used 3017K [0x00000000eab00000, 0x00000000ecc00000, 0x0000000100000000)
  eden space 25600K, 0% used [0x00000000eab00000,0x00000000eab00000,0x00000000ec400000)
  from space 4096K, 73% used [0x00000000ec400000,0x00000000ec6f24b0,0x00000000ec800000)
  to   space 4096K, 0% used [0x00000000ec800000,0x00000000ec800000,0x00000000ecc00000)
 ParOldGen       total 68608K, used 16K [0x00000000c0000000, 0x00000000c4300000, 0x00000000eab00000)
  object space 68608K, 0% used [0x00000000c0000000,0x00000000c0004000,0x00000000c4300000)
 Metaspace       used 10768K, committed 10816K, reserved 1114112K
  class space    used 1068K, committed 1088K, reserved 1048576K
}
Event: 0.787 GC heap before
{Heap before GC invocations=2 (full 0):
 PSYoungGen      total 29696K, used 28617K [0x00000000eab00000, 0x00000000ecc00000, 0x0000000100000000)
  eden space 25600K, 100% used [0x00000000eab00000,0x00000000ec400000,0x00000000ec400000)
  from space 4096K, 73% used [0x00000000ec400000,0x00000000ec6f24b0,0x00000000ec800000)
  to   space 4096K, 0% used [0x00000000ec800000,0x00000000ec800000,0x00000000ecc00000)
 ParOldGen       total 68608K, used 16K [0x00000000c0000000, 0x00000000c4300000, 0x00000000eab00000)
  object space 68608K, 0% used [0x00000000c0000000,0x00000000c0004000,0x00000000c4300000)
 Metaspace       used 15024K, committed 15296K, reserved 1114112K
  class space    used 1525K, committed 1664K, reserved 1048576K
}
Event: 0.793 GC heap after
{Heap after GC invocations=2 (full 0):
 PSYoungGen      total 29696K, used 4094K [0x00000000eab00000, 0x00000000ecc00000, 0x0000000100000000)
  eden space 25600K, 0% used [0x00000000eab00000,0x00000000eab00000,0x00000000ec400000)
  from space 4096K, 99% used [0x00000000ec800000,0x00000000ecbff9a0,0x00000000ecc00000)
  to   space 4096K, 0% used [0x00000000ec400000,0x00000000ec400000,0x00000000ec800000)
 ParOldGen       total 68608K, used 652K [0x00000000c0000000, 0x00000000c4300000, 0x00000000eab00000)
  object space 68608K, 0% used [0x00000000c0000000,0x00000000c00a3360,0x00000000c4300000)
 Metaspace       used 15024K, committed 15296K, reserved 1114112K
  class space    used 1525K, committed 1664K, reserved 1048576K
}
Event: 1.141 GC heap before
{Heap before GC invocations=3 (full 0):
 PSYoungGen      total 29696K, used 29694K [0x00000000eab00000, 0x00000000ecc00000, 0x0000000100000000)
  eden space 25600K, 100% used [0x00000000eab00000,0x00000000ec400000,0x00000000ec400000)
  from space 4096K, 99% used [0x00000000ec800000,0x00000000ecbff9a0,0x00000000ecc00000)
  to   space 4096K, 0% used [0x00000000ec400000,0x00000000ec400000,0x00000000ec800000)
 ParOldGen       total 68608K, used 652K [0x00000000c0000000, 0x00000000c4300000, 0x00000000eab00000)
  object space 68608K, 0% used [0x00000000c0000000,0x00000000c00a3360,0x00000000c4300000)
 Metaspace       used 20013K, committed 20352K, reserved 1114112K
  class space    used 2040K, committed 2176K, reserved 1048576K
}
Event: 1.144 GC heap after
{Heap after GC invocations=3 (full 0):
 PSYoungGen      total 29696K, used 4085K [0x00000000eab00000, 0x00000000ecc00000, 0x0000000100000000)
  eden space 25600K, 0% used [0x00000000eab00000,0x00000000eab00000,0x00000000ec400000)
  from space 4096K, 99% used [0x00000000ec400000,0x00000000ec7fd650,0x00000000ec800000)
  to   space 4096K, 0% used [0x00000000ec800000,0x00000000ec800000,0x00000000ecc00000)
 ParOldGen       total 68608K, used 2715K [0x00000000c0000000, 0x00000000c4300000, 0x00000000eab00000)
  object space 68608K, 3% used [0x00000000c0000000,0x00000000c02a6ea8,0x00000000c4300000)
 Metaspace       used 20013K, committed 20352K, reserved 1114112K
  class space    used 2040K, committed 2176K, reserved 1048576K
}
Event: 1.246 GC heap before
{Heap before GC invocations=4 (full 0):
 PSYoungGen      total 29696K, used 18819K [0x00000000eab00000, 0x00000000ecc00000, 0x0000000100000000)
  eden space 25600K, 57% used [0x00000000eab00000,0x00000000eb9638f0,0x00000000ec400000)
  from space 4096K, 99% used [0x00000000ec400000,0x00000000ec7fd650,0x00000000ec800000)
  to   space 4096K, 0% used [0x00000000ec800000,0x00000000ec800000,0x00000000ecc00000)
 ParOldGen       total 68608K, used 2715K [0x00000000c0000000, 0x00000000c4300000, 0x00000000eab00000)
  object space 68608K, 3% used [0x00000000c0000000,0x00000000c02a6ea8,0x00000000c4300000)
 Metaspace       used 21048K, committed 21504K, reserved 1114112K
  class space    used 2158K, committed 2368K, reserved 1048576K
}
Event: 1.251 GC heap after
{Heap after GC invocations=4 (full 0):
 PSYoungGen      total 29696K, used 4095K [0x00000000eab00000, 0x00000000ecc00000, 0x0000000100000000)
  eden space 25600K, 0% used [0x00000000eab00000,0x00000000eab00000,0x00000000ec400000)
  from space 4096K, 99% used [0x00000000ec800000,0x00000000ecbffdf0,0x00000000ecc00000)
  to   space 4096K, 0% used [0x00000000ec400000,0x00000000ec400000,0x00000000ec800000)
 ParOldGen       total 68608K, used 8545K [0x00000000c0000000, 0x00000000c4300000, 0x00000000eab00000)
  object space 68608K, 12% used [0x00000000c0000000,0x00000000c0858678,0x00000000c4300000)
 Metaspace       used 21048K, committed 21504K, reserved 1114112K
  class space    used 2158K, committed 2368K, reserved 1048576K
}
Event: 1.251 GC heap before
{Heap before GC invocations=5 (full 1):
 PSYoungGen      total 29696K, used 4095K [0x00000000eab00000, 0x00000000ecc00000, 0x0000000100000000)
  eden space 25600K, 0% used [0x00000000eab00000,0x00000000eab00000,0x00000000ec400000)
  from space 4096K, 99% used [0x00000000ec800000,0x00000000ecbffdf0,0x00000000ecc00000)
  to   space 4096K, 0% used [0x00000000ec400000,0x00000000ec400000,0x00000000ec800000)
 ParOldGen       total 68608K, used 8545K [0x00000000c0000000, 0x00000000c4300000, 0x00000000eab00000)
  object space 68608K, 12% used [0x00000000c0000000,0x00000000c0858678,0x00000000c4300000)
 Metaspace       used 21048K, committed 21504K, reserved 1114112K
  class space    used 2158K, committed 2368K, reserved 1048576K
}
Event: 1.270 GC heap after
{Heap after GC invocations=5 (full 1):
 PSYoungGen      total 29696K, used 0K [0x00000000eab00000, 0x00000000ecc00000, 0x0000000100000000)
  eden space 25600K, 0% used [0x00000000eab00000,0x00000000eab00000,0x00000000ec400000)
  from space 4096K, 0% used [0x00000000ec800000,0x00000000ec800000,0x00000000ecc00000)
  to   space 4096K, 0% used [0x00000000ec400000,0x00000000ec400000,0x00000000ec800000)
 ParOldGen       total 68608K, used 12383K [0x00000000c0000000, 0x00000000c4300000, 0x00000000eab00000)
  object space 68608K, 18% used [0x00000000c0000000,0x00000000c0c17dd8,0x00000000c4300000)
 Metaspace       used 21035K, committed 21504K, reserved 1114112K
  class space    used 2154K, committed 2368K, reserved 1048576K
}
Event: 1.465 GC heap before
{Heap before GC invocations=6 (full 1):
 PSYoungGen      total 29696K, used 25600K [0x00000000eab00000, 0x00000000ecc00000, 0x0000000100000000)
  eden space 25600K, 100% used [0x00000000eab00000,0x00000000ec400000,0x00000000ec400000)
  from space 4096K, 0% used [0x00000000ec800000,0x00000000ec800000,0x00000000ecc00000)
  to   space 4096K, 0% used [0x00000000ec400000,0x00000000ec400000,0x00000000ec800000)
 ParOldGen       total 68608K, used 12383K [0x00000000c0000000, 0x00000000c4300000, 0x00000000eab00000)
  object space 68608K, 18% used [0x00000000c0000000,0x00000000c0c17dd8,0x00000000c4300000)
 Metaspace       used 24551K, committed 25024K, reserved 1114112K
  class space    used 2405K, committed 2624K, reserved 1048576K
}
Event: 1.465 GC heap after
{Heap after GC invocations=6 (full 1):
 PSYoungGen      total 29184K, used 745K [0x00000000eab00000, 0x00000000ecc80000, 0x0000000100000000)
  eden space 25088K, 0% used [0x00000000eab00000,0x00000000eab00000,0x00000000ec380000)
  from space 4096K, 18% used [0x00000000ec400000,0x00000000ec4ba6f8,0x00000000ec800000)
  to   space 4608K, 0% used [0x00000000ec800000,0x00000000ec800000,0x00000000ecc80000)
 ParOldGen       total 68608K, used 12383K [0x00000000c0000000, 0x00000000c4300000, 0x00000000eab00000)
  object space 68608K, 18% used [0x00000000c0000000,0x00000000c0c17dd8,0x00000000c4300000)
 Metaspace       used 24551K, committed 25024K, reserved 1114112K
  class space    used 2405K, committed 2624K, reserved 1048576K
}
Event: 1.652 GC heap before
{Heap before GC invocations=7 (full 1):
 PSYoungGen      total 29184K, used 25833K [0x00000000eab00000, 0x00000000ecc80000, 0x0000000100000000)
  eden space 25088K, 100% used [0x00000000eab00000,0x00000000ec380000,0x00000000ec380000)
  from space 4096K, 18% used [0x00000000ec400000,0x00000000ec4ba6f8,0x00000000ec800000)
  to   space 4608K, 0% used [0x00000000ec800000,0x00000000ec800000,0x00000000ecc80000)
 ParOldGen       total 68608K, used 12383K [0x00000000c0000000, 0x00000000c4300000, 0x00000000eab00000)
  object space 68608K, 18% used [0x00000000c0000000,0x00000000c0c17dd8,0x00000000c4300000)
 Metaspace       used 27404K, committed 27904K, reserved 1114112K
  class space    used 2642K, committed 2880K, reserved 1048576K
}
Event: 1.653 GC heap after
{Heap after GC invocations=7 (full 1):
 PSYoungGen      total 26112K, used 1272K [0x00000000eab00000, 0x00000000ec980000, 0x0000000100000000)
  eden space 24576K, 0% used [0x00000000eab00000,0x00000000eab00000,0x00000000ec300000)
  from space 1536K, 82% used [0x00000000ec800000,0x00000000ec93e3a0,0x00000000ec980000)
  to   space 2048K, 0% used [0x00000000ec580000,0x00000000ec580000,0x00000000ec780000)
 ParOldGen       total 68608K, used 12391K [0x00000000c0000000, 0x00000000c4300000, 0x00000000eab00000)
  object space 68608K, 18% used [0x00000000c0000000,0x00000000c0c19dd8,0x00000000c4300000)
 Metaspace       used 27404K, committed 27904K, reserved 1114112K
  class space    used 2642K, committed 2880K, reserved 1048576K
}
Event: 2.298 GC heap before
{Heap before GC invocations=8 (full 1):
 PSYoungGen      total 26112K, used 25848K [0x00000000eab00000, 0x00000000ec980000, 0x0000000100000000)
  eden space 24576K, 100% used [0x00000000eab00000,0x00000000ec300000,0x00000000ec300000)
  from space 1536K, 82% used [0x00000000ec800000,0x00000000ec93e3a0,0x00000000ec980000)
  to   space 2048K, 0% used [0x00000000ec580000,0x00000000ec580000,0x00000000ec780000)
 ParOldGen       total 68608K, used 12391K [0x00000000c0000000, 0x00000000c4300000, 0x00000000eab00000)
  object space 68608K, 18% used [0x00000000c0000000,0x00000000c0c19dd8,0x00000000c4300000)
 Metaspace       used 29769K, committed 30336K, reserved 1114112K
  class space    used 2901K, committed 3136K, reserved 1048576K
}
Event: 2.300 GC heap after
{Heap after GC invocations=8 (full 1):
 PSYoungGen      total 26112K, used 2030K [0x00000000eab00000, 0x00000000ec880000, 0x0000000100000000)
  eden space 24064K, 0% used [0x00000000eab00000,0x00000000eab00000,0x00000000ec280000)
  from space 2048K, 99% used [0x00000000ec580000,0x00000000ec77b988,0x00000000ec780000)
  to   space 1024K, 0% used [0x00000000ec780000,0x00000000ec780000,0x00000000ec880000)
 ParOldGen       total 68608K, used 12519K [0x00000000c0000000, 0x00000000c4300000, 0x00000000eab00000)
  object space 68608K, 18% used [0x00000000c0000000,0x00000000c0c39dd8,0x00000000c4300000)
 Metaspace       used 29769K, committed 30336K, reserved 1114112K
  class space    used 2901K, committed 3136K, reserved 1048576K
}

Dll operation events (9 events):
Event: 0.007 Loaded shared library c:\Users\Admin\.vscode\extensions\redhat.java-1.21.0-win32-x64\jre\17.0.7-win32-x86_64\bin\java.dll
Event: 0.110 Loaded shared library c:\Users\Admin\.vscode\extensions\redhat.java-1.21.0-win32-x64\jre\17.0.7-win32-x86_64\bin\zip.dll
Event: 0.112 Loaded shared library C:\Users\Admin\.vscode\extensions\redhat.java-1.21.0-win32-x64\jre\17.0.7-win32-x86_64\bin\instrument.dll
Event: 0.123 Loaded shared library C:\Users\Admin\.vscode\extensions\redhat.java-1.21.0-win32-x64\jre\17.0.7-win32-x86_64\bin\net.dll
Event: 0.124 Loaded shared library C:\Users\Admin\.vscode\extensions\redhat.java-1.21.0-win32-x64\jre\17.0.7-win32-x86_64\bin\nio.dll
Event: 0.129 Loaded shared library C:\Users\Admin\.vscode\extensions\redhat.java-1.21.0-win32-x64\jre\17.0.7-win32-x86_64\bin\zip.dll
Event: 0.138 Loaded shared library C:\Users\Admin\.vscode\extensions\redhat.java-1.21.0-win32-x64\jre\17.0.7-win32-x86_64\bin\jimage.dll
Event: 0.163 Loaded shared library c:\Users\Admin\.vscode\extensions\redhat.java-1.21.0-win32-x64\jre\17.0.7-win32-x86_64\bin\verify.dll
Event: 0.713 Loaded shared library C:\Users\Admin\AppData\Roaming\Code\User\globalStorage\redhat.java\1.21.0\config_ss_win\org.eclipse.equinox.launcher\org.eclipse.equinox.launcher.win32.win32.x86_64_1.2.700.v20221108-1024\eclipse_11801.dll

Deoptimization events (20 events):
Event: 2.377 Thread 0x0000017468c8abb0 Uncommon trap: trap_request=0xffffff45 fr.pc=0x0000017457897ac8 relative=0x0000000000000328
Event: 2.377 Thread 0x0000017468c8abb0 Uncommon trap: reason=unstable_if action=reinterpret pc=0x0000017457897ac8 method=org.eclipse.core.runtime.Path.computeSegmentCount(Ljava/lang/String;)I @ 6 c2
Event: 2.378 Thread 0x0000017468c8abb0 DEOPT PACKING pc=0x0000017457897ac8 sp=0x00000032507fcee0
Event: 2.378 Thread 0x0000017468c8abb0 DEOPT UNPACKING pc=0x0000017457079ea3 sp=0x00000032507fce70 mode 2
Event: 2.379 Thread 0x0000017468b3da50 DEOPT PACKING pc=0x00000174500f514e sp=0x000000324fefd8a0
Event: 2.379 Thread 0x0000017468b3da50 DEOPT UNPACKING pc=0x000001745707a9e3 sp=0x000000324fefcdb0 mode 0
Event: 2.384 Thread 0x0000017468b3da50 DEOPT PACKING pc=0x00000174500f516f sp=0x000000324fefd840
Event: 2.384 Thread 0x0000017468b3da50 DEOPT UNPACKING pc=0x000001745707a9e3 sp=0x000000324fefcd50 mode 0
Event: 2.388 Thread 0x0000017468c8a210 Uncommon trap: trap_request=0xffffff76 fr.pc=0x00000174578a49bc relative=0x000000000000057c
Event: 2.388 Thread 0x0000017468c8a210 Uncommon trap: reason=predicate action=maybe_recompile pc=0x00000174578a49bc method=java.util.TreeMap.getEntryUsingComparator(Ljava/lang/Object;)Ljava/util/TreeMap$Entry; @ 19 c2
Event: 2.388 Thread 0x0000017468c8a210 DEOPT PACKING pc=0x00000174578a49bc sp=0x00000032506ff000
Event: 2.388 Thread 0x0000017468c8a210 DEOPT UNPACKING pc=0x0000017457079ea3 sp=0x00000032506fef20 mode 2
Event: 2.388 Thread 0x0000017468c8a210 Uncommon trap: trap_request=0xffffff76 fr.pc=0x000001745789df18 relative=0x0000000000000558
Event: 2.388 Thread 0x0000017468c8a210 Uncommon trap: reason=predicate action=maybe_recompile pc=0x000001745789df18 method=java.util.TreeMap.getEntryUsingComparator(Ljava/lang/Object;)Ljava/util/TreeMap$Entry; @ 19 c2
Event: 2.389 Thread 0x0000017468c8a210 DEOPT PACKING pc=0x000001745789df18 sp=0x00000032506fef60
Event: 2.389 Thread 0x0000017468c8a210 DEOPT UNPACKING pc=0x0000017457079ea3 sp=0x00000032506fef10 mode 2
Event: 2.402 Thread 0x0000017468c8a210 Uncommon trap: trap_request=0xffffff45 fr.pc=0x00000174577a0f3c relative=0x000000000000047c
Event: 2.402 Thread 0x0000017468c8a210 Uncommon trap: reason=unstable_if action=reinterpret pc=0x00000174577a0f3c method=java.util.HashMap$HashIterator.<init>(Ljava/util/HashMap;)V @ 45 c2
Event: 2.402 Thread 0x0000017468c8a210 DEOPT PACKING pc=0x00000174577a0f3c sp=0x00000032506ff1b0
Event: 2.402 Thread 0x0000017468c8a210 DEOPT UNPACKING pc=0x0000017457079ea3 sp=0x00000032506ff020 mode 2

Classes unloaded (7 events):
Event: 1.255 Thread 0x0000017460dc7e70 Unloading class 0x0000000100219000 'java/lang/invoke/LambdaForm$MH+0x0000000100219000'
Event: 1.255 Thread 0x0000017460dc7e70 Unloading class 0x0000000100218c00 'java/lang/invoke/LambdaForm$MH+0x0000000100218c00'
Event: 1.255 Thread 0x0000017460dc7e70 Unloading class 0x0000000100218800 'java/lang/invoke/LambdaForm$MH+0x0000000100218800'
Event: 1.255 Thread 0x0000017460dc7e70 Unloading class 0x0000000100218400 'java/lang/invoke/LambdaForm$MH+0x0000000100218400'
Event: 1.255 Thread 0x0000017460dc7e70 Unloading class 0x0000000100218000 'java/lang/invoke/LambdaForm$BMH+0x0000000100218000'
Event: 1.255 Thread 0x0000017460dc7e70 Unloading class 0x0000000100217c00 'java/lang/invoke/LambdaForm$DMH+0x0000000100217c00'
Event: 1.255 Thread 0x0000017460dc7e70 Unloading class 0x0000000100215000 'java/lang/invoke/LambdaForm$DMH+0x0000000100215000'

Classes redefined (0 events):
No events

Internal exceptions (20 events):
Event: 1.229 Thread 0x0000017468b3da50 Exception <a 'java/lang/NoSuchMethodError'{0x00000000eb7cea20}: 'int java.lang.invoke.DirectMethodHandle$Holder.invokeStaticInit(java.lang.Object, java.lang.Object, java.lang.Object)'> (0x00000000eb7cea20) 
thrown [s\src\hotspot\share\interpreter\linkResolver.cpp, line 759]
Event: 1.233 Thread 0x0000017468b3da50 Exception <a 'java/lang/IncompatibleClassChangeError'{0x00000000eb836758}: Found class java.lang.Object, but interface was expected> (0x00000000eb836758) 
thrown [s\src\hotspot\share\interpreter\linkResolver.cpp, line 826]
Event: 1.235 Thread 0x0000017468b3da50 Exception <a 'java/lang/NoSuchMethodError'{0x00000000eb848990}: 'java.lang.Object java.lang.invoke.DirectMethodHandle$Holder.invokeSpecial(java.lang.Object, java.lang.Object, java.lang.Object, int, java.lang.Object, java.lang.Object)'> (0x00000000eb848990) 
thrown [s\src\hotspot\share\interpreter\linkResolver.cpp, line 759]
Event: 1.235 Thread 0x0000017468b3da50 Exception <a 'java/lang/NoSuchMethodError'{0x00000000eb851118}: 'java.lang.Object java.lang.invoke.DirectMethodHandle$Holder.newInvokeSpecial(java.lang.Object, java.lang.Object, java.lang.Object, int, java.lang.Object)'> (0x00000000eb851118) 
thrown [s\src\hotspot\share\interpreter\linkResolver.cpp, line 759]
Event: 1.236 Thread 0x0000017468b3da50 Exception <a 'java/lang/NoSuchMethodError'{0x00000000eb855570}: 'java.lang.Object java.lang.invoke.DirectMethodHandle$Holder.invokeSpecial(java.lang.Object, java.lang.Object, java.lang.Object, java.lang.Object, int, java.lang.Object)'> (0x00000000eb855570) 
thrown [s\src\hotspot\share\interpreter\linkResolver.cpp, line 759]
Event: 1.236 Thread 0x0000017468c8a210 Exception <a 'java/lang/NoSuchMethodError'{0x00000000eb7a53c8}: 'java.lang.Object java.lang.invoke.DirectMethodHandle$Holder.invokeSpecial(java.lang.Object, java.lang.Object, int, java.lang.Object, java.lang.Object)'> (0x00000000eb7a53c8) 
thrown [s\src\hotspot\share\interpreter\linkResolver.cpp, line 759]
Event: 1.237 Thread 0x0000017468c8a210 Exception <a 'java/lang/NoSuchMethodError'{0x00000000eb7aca98}: 'java.lang.Object java.lang.invoke.DirectMethodHandle$Holder.newInvokeSpecial(java.lang.Object, java.lang.Object, int, java.lang.Object)'> (0x00000000eb7aca98) 
thrown [s\src\hotspot\share\interpreter\linkResolver.cpp, line 759]
Event: 1.237 Thread 0x0000017468c8a210 Exception <a 'java/lang/NoSuchMethodError'{0x00000000eb7b05a8}: 'java.lang.Object java.lang.invoke.DirectMethodHandle$Holder.invokeSpecial(java.lang.Object, java.lang.Object, java.lang.Object, int, java.lang.Object)'> (0x00000000eb7b05a8) 
thrown [s\src\hotspot\share\interpreter\linkResolver.cpp, line 759]
Event: 1.276 Thread 0x0000017468c8a210 Exception <a 'java/io/FileNotFoundException'{0x00000000eab9d788}> (0x00000000eab9d788) 
thrown [s\src\hotspot\share\prims\jni.cpp, line 516]
Event: 1.625 Thread 0x0000017468b3da50 Exception <a 'java/lang/ClassNotFoundException'{0x00000000ec2309d8}: com/sun/org/apache/xerces/internal/impl/msg/spi/DOMMessagesProvider> (0x00000000ec2309d8) 
thrown [s\src\hotspot\share\classfile\systemDictionary.cpp, line 256]
Event: 1.628 Thread 0x0000017468b3da50 Implicit null exception at 0x0000017457834df8 to 0x0000017457835ab0
Event: 1.629 Thread 0x0000017468b3da50 Exception <a 'java/lang/ClassNotFoundException'{0x00000000ec25c920}: com/sun/org/apache/xerces/internal/impl/msg/spi/XMLSerializerMessagesProvider> (0x00000000ec25c920) 
thrown [s\src\hotspot\share\classfile\systemDictionary.cpp, line 256]
Event: 1.630 Thread 0x0000017468b3da50 Exception <a 'java/lang/ClassNotFoundException'{0x00000000ec269bf8}: com/sun/org/apache/xerces/internal/impl/msg/spi/XMLMessagesProvider> (0x00000000ec269bf8) 
thrown [s\src\hotspot\share\classfile\systemDictionary.cpp, line 256]
Event: 1.647 Thread 0x0000017468b3da50 Exception <a 'java/lang/NoSuchMethodError'{0x00000000ec310988}: 'void java.lang.invoke.DirectMethodHandle$Holder.invokeVirtual(java.lang.Object, java.lang.Object)'> (0x00000000ec310988) 
thrown [s\src\hotspot\share\interpreter\linkResolver.cpp, line 759]
Event: 2.180 Thread 0x0000017468b3da50 Exception <a 'java/lang/NoSuchMethodError'{0x00000000eac538f8}: 'java.lang.Object java.lang.invoke.DirectMethodHandle$Holder.invokeStaticInit(java.lang.Object, int, int, int, int)'> (0x00000000eac538f8) 
thrown [s\src\hotspot\share\interpreter\linkResolver.cpp, line 759]
Event: 2.221 Thread 0x0000017468b3da50 Exception <a 'java/lang/NoSuchMethodError'{0x00000000eacf8498}: 'java.lang.Object java.lang.invoke.DirectMethodHandle$Holder.invokeStaticInit(java.lang.Object, java.lang.Object, int, int, int, int)'> (0x00000000eacf8498) 
thrown [s\src\hotspot\share\interpreter\linkResolver.cpp, line 759]
Event: 2.240 Thread 0x0000017468b3da50 Exception <a 'sun/nio/fs/WindowsException'{0x00000000eae89d38}> (0x00000000eae89d38) 
thrown [s\src\hotspot\share\prims\jni.cpp, line 516]
Event: 2.285 Thread 0x0000017468b3da50 Exception <a 'java/lang/ClassNotFoundException'{0x00000000eb9c5ad0}: com/sun/org/apache/xml/internal/serializer/spi/XMLEntitiesProvider> (0x00000000eb9c5ad0) 
thrown [s\src\hotspot\share\classfile\systemDictionary.cpp, line 256]
Event: 2.384 Thread 0x0000017468c8a210 Exception <a 'java/lang/NoSuchMethodError'{0x00000000ebf0b768}: 'int java.lang.invoke.DirectMethodHandle$Holder.invokeVirtual(java.lang.Object, java.lang.Object)'> (0x00000000ebf0b768) 
thrown [s\src\hotspot\share\interpreter\linkResolver.cpp, line 759]
Event: 2.404 Thread 0x0000017468b3da50 Exception <a 'java/io/FileNotFoundException'{0x00000000ec015ac0}> (0x00000000ec015ac0) 
thrown [s\src\hotspot\share\prims\jni.cpp, line 516]

VM Operations (20 events):
Event: 1.066 Executing VM operation: HandshakeAllThreads
Event: 1.066 Executing VM operation: HandshakeAllThreads done
Event: 1.141 Executing VM operation: ParallelGCFailedAllocation
Event: 1.144 Executing VM operation: ParallelGCFailedAllocation done
Event: 1.245 Executing VM operation: HandshakeAllThreads
Event: 1.245 Executing VM operation: HandshakeAllThreads done
Event: 1.246 Executing VM operation: CollectForMetadataAllocation
Event: 1.270 Executing VM operation: CollectForMetadataAllocation done
Event: 1.458 Executing VM operation: HandshakeAllThreads
Event: 1.458 Executing VM operation: HandshakeAllThreads done
Event: 1.465 Executing VM operation: ParallelGCFailedAllocation
Event: 1.465 Executing VM operation: ParallelGCFailedAllocation done
Event: 1.652 Executing VM operation: ParallelGCFailedAllocation
Event: 1.653 Executing VM operation: ParallelGCFailedAllocation done
Event: 1.659 Executing VM operation: HandshakeAllThreads
Event: 1.659 Executing VM operation: HandshakeAllThreads done
Event: 2.298 Executing VM operation: ParallelGCFailedAllocation
Event: 2.300 Executing VM operation: ParallelGCFailedAllocation done
Event: 2.313 Executing VM operation: HandshakeAllThreads
Event: 2.313 Executing VM operation: HandshakeAllThreads done

Events (20 events):
Event: 2.373 loading class sun/net/www/protocol/http/Handler
Event: 2.373 loading class sun/net/www/protocol/http/Handler done
Event: 2.373 loading class sun/net/www/protocol/https/Handler done
Event: 2.383 Thread 0x0000017468c8a6e0 Thread added: 0x0000017468c8a6e0
Event: 2.387 loading class sun/util/resources/cldr/CalendarData
Event: 2.387 loading class java/util/ListResourceBundle
Event: 2.387 loading class java/util/ListResourceBundle done
Event: 2.387 loading class sun/util/resources/cldr/CalendarData done
Event: 2.388 loading class java/io/FileOutputStream$1
Event: 2.389 loading class java/io/FileOutputStream$1 done
Event: 2.391 loading class java/text/MessageFormat
Event: 2.392 loading class java/text/MessageFormat done
Event: 2.392 loading class java/text/FieldPosition
Event: 2.392 loading class java/text/FieldPosition done
Event: 2.393 loading class java/text/MessageFormat$Field
Event: 2.393 loading class java/text/Format$Field
Event: 2.393 loading class java/text/AttributedCharacterIterator$Attribute
Event: 2.393 loading class java/text/AttributedCharacterIterator$Attribute done
Event: 2.393 loading class java/text/Format$Field done
Event: 2.393 loading class java/text/MessageFormat$Field done


Dynamic libraries:
0x00007ff6fd020000 - 0x00007ff6fd02e000 	c:\Users\Admin\.vscode\extensions\redhat.java-1.21.0-win32-x64\jre\17.0.7-win32-x86_64\bin\java.exe
0x00007ffeff510000 - 0x00007ffeff724000 	C:\WINDOWS\SYSTEM32\ntdll.dll
0x00007ffefdbe0000 - 0x00007ffefdca4000 	C:\WINDOWS\System32\KERNEL32.DLL
0x00007ffefcd10000 - 0x00007ffefd0b4000 	C:\WINDOWS\System32\KERNELBASE.dll
0x00007ffefc8f0000 - 0x00007ffefca01000 	C:\WINDOWS\System32\ucrtbase.dll
0x00007ffeebc40000 - 0x00007ffeebc57000 	c:\Users\Admin\.vscode\extensions\redhat.java-1.21.0-win32-x64\jre\17.0.7-win32-x86_64\bin\jli.dll
0x00007ffee1bf0000 - 0x00007ffee1c09000 	c:\Users\Admin\.vscode\extensions\redhat.java-1.21.0-win32-x64\jre\17.0.7-win32-x86_64\bin\VCRUNTIME140.dll
0x00007ffefda30000 - 0x00007ffefdbda000 	C:\WINDOWS\System32\USER32.dll
0x00007ffefd230000 - 0x00007ffefd256000 	C:\WINDOWS\System32\win32u.dll
0x00007ffed66d0000 - 0x00007ffed695f000 	C:\WINDOWS\WinSxS\amd64_microsoft.windows.common-controls_6595b64144ccf1df_6.0.22621.2070_none_2713e6537381f706\COMCTL32.dll
0x00007ffeff440000 - 0x00007ffeff469000 	C:\WINDOWS\System32\GDI32.dll
0x00007ffefefa0000 - 0x00007ffeff047000 	C:\WINDOWS\System32\msvcrt.dll
0x00007ffefca10000 - 0x00007ffefcb29000 	C:\WINDOWS\System32\gdi32full.dll
0x00007ffefcc70000 - 0x00007ffefcd0a000 	C:\WINDOWS\System32\msvcp_win.dll
0x00007ffefd9f0000 - 0x00007ffefda21000 	C:\WINDOWS\System32\IMM32.DLL
0x00007ffef7730000 - 0x00007ffef773c000 	c:\Users\Admin\.vscode\extensions\redhat.java-1.21.0-win32-x64\jre\17.0.7-win32-x86_64\bin\vcruntime140_1.dll
0x00007ffe95760000 - 0x00007ffe957f1000 	c:\Users\Admin\.vscode\extensions\redhat.java-1.21.0-win32-x64\jre\17.0.7-win32-x86_64\bin\msvcp140.dll
0x00007ffe4c3d0000 - 0x00007ffe4d018000 	c:\Users\Admin\.vscode\extensions\redhat.java-1.21.0-win32-x64\jre\17.0.7-win32-x86_64\bin\server\jvm.dll
0x00007ffefd2d0000 - 0x00007ffefd380000 	C:\WINDOWS\System32\ADVAPI32.dll
0x00007ffefd860000 - 0x00007ffefd906000 	C:\WINDOWS\System32\sechost.dll
0x00007ffefe7a0000 - 0x00007ffefe8b7000 	C:\WINDOWS\System32\RPCRT4.dll
0x00007ffee0840000 - 0x00007ffee0849000 	C:\WINDOWS\SYSTEM32\WSOCK32.dll
0x00007ffefee90000 - 0x00007ffefef01000 	C:\WINDOWS\System32\WS2_32.dll
0x00007ffef5960000 - 0x00007ffef596a000 	C:\WINDOWS\SYSTEM32\VERSION.dll
0x00007ffef5bd0000 - 0x00007ffef5c04000 	C:\WINDOWS\SYSTEM32\WINMM.dll
0x00007ffefb990000 - 0x00007ffefb9a8000 	C:\WINDOWS\SYSTEM32\kernel.appcore.dll
0x00007ffef75a0000 - 0x00007ffef75aa000 	c:\Users\Admin\.vscode\extensions\redhat.java-1.21.0-win32-x64\jre\17.0.7-win32-x86_64\bin\jimage.dll
0x00007ffefa250000 - 0x00007ffefa47e000 	C:\WINDOWS\SYSTEM32\DBGHELP.DLL
0x00007ffefd430000 - 0x00007ffefd7ba000 	C:\WINDOWS\System32\combase.dll
0x00007ffefd910000 - 0x00007ffefd9e7000 	C:\WINDOWS\System32\OLEAUT32.dll
0x00007ffee2520000 - 0x00007ffee2552000 	C:\WINDOWS\SYSTEM32\dbgcore.DLL
0x00007ffefcb30000 - 0x00007ffefcbaa000 	C:\WINDOWS\System32\bcryptPrimitives.dll
0x00007ffef70b0000 - 0x00007ffef70be000 	c:\Users\Admin\.vscode\extensions\redhat.java-1.21.0-win32-x64\jre\17.0.7-win32-x86_64\bin\instrument.dll
0x00007ffec5540000 - 0x00007ffec5565000 	c:\Users\Admin\.vscode\extensions\redhat.java-1.21.0-win32-x64\jre\17.0.7-win32-x86_64\bin\java.dll
0x00007ffee0110000 - 0x00007ffee0128000 	c:\Users\Admin\.vscode\extensions\redhat.java-1.21.0-win32-x64\jre\17.0.7-win32-x86_64\bin\zip.dll
0x00007ffefddc0000 - 0x00007ffefe5d6000 	C:\WINDOWS\System32\SHELL32.dll
0x00007ffefa870000 - 0x00007ffefb15a000 	C:\WINDOWS\SYSTEM32\windows.storage.dll
0x00007ffefa730000 - 0x00007ffefa86e000 	C:\WINDOWS\SYSTEM32\wintypes.dll
0x00007ffeff2c0000 - 0x00007ffeff3b3000 	C:\WINDOWS\System32\SHCORE.dll
0x00007ffeff260000 - 0x00007ffeff2be000 	C:\WINDOWS\System32\shlwapi.dll
0x00007ffefc820000 - 0x00007ffefc846000 	C:\WINDOWS\SYSTEM32\profapi.dll
0x00007ffecccf0000 - 0x00007ffeccd09000 	C:\Users\Admin\.vscode\extensions\redhat.java-1.21.0-win32-x64\jre\17.0.7-win32-x86_64\bin\net.dll
0x00007ffef6020000 - 0x00007ffef6157000 	C:\WINDOWS\SYSTEM32\WINHTTP.dll
0x00007ffefbe60000 - 0x00007ffefbec9000 	C:\WINDOWS\system32\mswsock.dll
0x00007ffeaaee0000 - 0x00007ffeaaef5000 	C:\Users\Admin\.vscode\extensions\redhat.java-1.21.0-win32-x64\jre\17.0.7-win32-x86_64\bin\nio.dll
0x00007ffef5d50000 - 0x00007ffef5d60000 	c:\Users\Admin\.vscode\extensions\redhat.java-1.21.0-win32-x64\jre\17.0.7-win32-x86_64\bin\verify.dll
0x00007ffea5dc0000 - 0x00007ffea5dfe000 	C:\Users\Admin\AppData\Roaming\Code\User\globalStorage\redhat.java\1.21.0\config_ss_win\org.eclipse.equinox.launcher\org.eclipse.equinox.launcher.win32.win32.x86_64_1.2.700.v20221108-1024\eclipse_11801.dll
0x00007ffeff050000 - 0x00007ffeff1ec000 	C:\WINDOWS\System32\ole32.dll
0x00007ffefc0a0000 - 0x00007ffefc0bb000 	C:\WINDOWS\SYSTEM32\CRYPTSP.dll
0x00007ffefb950000 - 0x00007ffefb985000 	C:\WINDOWS\system32\rsaenh.dll
0x00007ffefbf30000 - 0x00007ffefbf5c000 	C:\WINDOWS\SYSTEM32\USERENV.dll
0x00007ffefc290000 - 0x00007ffefc2b8000 	C:\WINDOWS\SYSTEM32\bcrypt.dll
0x00007ffefc0f0000 - 0x00007ffefc0fc000 	C:\WINDOWS\SYSTEM32\CRYPTBASE.dll
0x00007ffefb3c0000 - 0x00007ffefb3ed000 	C:\WINDOWS\SYSTEM32\IPHLPAPI.DLL
0x00007ffefee80000 - 0x00007ffefee89000 	C:\WINDOWS\System32\NSI.dll
0x00007ffef5f20000 - 0x00007ffef5f39000 	C:\WINDOWS\SYSTEM32\dhcpcsvc6.DLL
0x00007ffef5eb0000 - 0x00007ffef5ecf000 	C:\WINDOWS\SYSTEM32\dhcpcsvc.DLL
0x00007ffefb430000 - 0x00007ffefb523000 	C:\WINDOWS\SYSTEM32\DNSAPI.dll

dbghelp: loaded successfully - version: 4.0.5 - missing functions: none
symbol engine: initialized successfully - sym options: 0x614 - pdb path: .;c:\Users\Admin\.vscode\extensions\redhat.java-1.21.0-win32-x64\jre\17.0.7-win32-x86_64\bin;C:\WINDOWS\SYSTEM32;C:\WINDOWS\WinSxS\amd64_microsoft.windows.common-controls_6595b64144ccf1df_6.0.22621.2070_none_2713e6537381f706;c:\Users\Admin\.vscode\extensions\redhat.java-1.21.0-win32-x64\jre\17.0.7-win32-x86_64\bin\server;C:\Users\Admin\AppData\Roaming\Code\User\globalStorage\redhat.java\1.21.0\config_ss_win\org.eclipse.equinox.launcher\org.eclipse.equinox.launcher.win32.win32.x86_64_1.2.700.v20221108-1024

VM Arguments:
jvm_args: --add-modules=ALL-SYSTEM --add-opens=java.base/java.util=ALL-UNNAMED --add-opens=java.base/java.lang=ALL-UNNAMED --add-opens=java.base/sun.nio.fs=ALL-UNNAMED -Declipse.application=org.eclipse.jdt.ls.core.id1 -Dosgi.bundles.defaultStartLevel=4 -Declipse.product=org.eclipse.jdt.ls.core.product -Djava.import.generatesMetadataFilesAtProjectRoot=false -Dfile.encoding=utf8 -XX:+UseParallelGC -XX:GCTimeRatio=4 -XX:AdaptiveSizePolicyWeight=90 -Dsun.zip.disableMemoryMapping=true -Xmx1G -Xms100m -Xlog:disable -javaagent:c:\Users\Admin\.vscode\extensions\redhat.java-1.21.0-win32-x64\lombok\lombok-1.18.28.jar 
java_command: c:\Users\Admin\.vscode\extensions\redhat.java-1.21.0-win32-x64\server\plugins\org.eclipse.equinox.launcher_1.6.500.v20230717-2134.jar -configuration c:\Users\Admin\AppData\Roaming\Code\User\globalStorage\redhat.java\1.21.0\config_ss_win -data c:\Users\Admin\AppData\Roaming\Code\User\workspaceStorage\e7c62a26f5fb9af6089d468b08576148\redhat.java\ss_ws
java_class_path (initial): c:\Users\Admin\.vscode\extensions\redhat.java-1.21.0-win32-x64\server\plugins\org.eclipse.equinox.launcher_1.6.500.v20230717-2134.jar
Launcher Type: SUN_STANDARD

[Global flags]
    uintx AdaptiveSizePolicyWeight                 = 90                                        {product} {command line}
     intx CICompilerCount                          = 12                                        {product} {ergonomic}
    uintx GCTimeRatio                              = 4                                         {product} {command line}
   size_t InitialHeapSize                          = 104857600                                 {product} {command line}
   size_t MaxHeapSize                              = 1073741824                                {product} {command line}
   size_t MaxNewSize                               = 357564416                                 {product} {ergonomic}
   size_t MinHeapDeltaBytes                        = 524288                                    {product} {ergonomic}
   size_t MinHeapSize                              = 104857600                                 {product} {command line}
   size_t NewSize                                  = 34603008                                  {product} {ergonomic}
    uintx NonNMethodCodeHeapSize                   = 7602480                                {pd product} {ergonomic}
    uintx NonProfiledCodeHeapSize                  = 122027880                              {pd product} {ergonomic}
   size_t OldSize                                  = 70254592                                  {product} {ergonomic}
    uintx ProfiledCodeHeapSize                     = 122027880                              {pd product} {ergonomic}
    uintx ReservedCodeCacheSize                    = 251658240                              {pd product} {ergonomic}
     bool SegmentedCodeCache                       = true                                      {product} {ergonomic}
   size_t SoftMaxHeapSize                          = 1073741824                             {manageable} {ergonomic}
     bool UseCompressedClassPointers               = true                           {product lp64_product} {ergonomic}
     bool UseCompressedOops                        = true                           {product lp64_product} {ergonomic}
     bool UseLargePagesIndividualAllocation        = false                                  {pd product} {ergonomic}
     bool UseParallelGC                            = true                                      {product} {command line}

Logging:
Log output configuration:
 #0: stdout all=off uptime,level,tags
 #1: stderr all=off uptime,level,tags

Environment Variables:
JAVA_HOME=C:\Program Files\Java\jdk-14.0.2
PATH=C:\Program Files\Python310\Scripts\;C:\Program Files\Python310\;C:\Program Files\Python38\Scripts\;C:\Program Files\Python38\;C:\WINDOWS\system32;C:\WINDOWS;C:\WINDOWS\System32\Wbem;C:\WINDOWS\System32\WindowsPowerShell\v1.0\;C:\WINDOWS\System32\OpenSSH\;C:\Program Files\Microsoft SQL Server\Client SDK\ODBC\110\Tools\Binn\;C:\Program Files (x86)\Microsoft SQL Server\120\Tools\Binn\;C:\Program Files\Microsoft SQL Server\120\Tools\Binn\;C:\Program Files\Microsoft SQL Server\120\DTS\Binn\;C:\Program Files (x86)\Microsoft SQL Server\120\Tools\Binn\ManagementStudio\;C:\Program Files (x86)\Microsoft SQL Server\120\DTS\Binn\;C:\Program Files\Java\jdk-11.0.2\bin;C:\tomcat\apache-tomcat-9.0.63\bin;C:\Program Files\dotnet\;C:\Program Files\Microsoft SQL Server\150\Tools\Binn\;C:\Program Files\Microsoft SQL Server\Client SDK\ODBC\170\Tools\Binn\;C:\Program Files\nodejs\;C:\Program Files\Microsoft SQL Server\130\Tools\Binn\;C:\WINDOWS\system32;C:\WINDOWS;C:\WINDOWS\System32\Wbem;C:\WINDOWS\System32\WindowsPowerShell\v1.0\;C:\WINDOWS\System32\OpenSSH\;C:\Program Files\MongoDB\Server\5.0\bin;C:\Users\Admin\AppData\Local\Microsoft\WindowsApps;;C:\Users\Admin\.dotnet\tools;C:\Users\Admin\AppData\Roaming\npm;D:\Microsoft VS Code\bin
USERNAME=Admin
OS=Windows_NT
PROCESSOR_IDENTIFIER=Intel64 Family 6 Model 141 Stepping 1, GenuineIntel
TMP=C:\Users\Admin\AppData\Local\Temp
TEMP=C:\Users\Admin\AppData\Local\Temp



---------------  S Y S T E M  ---------------

OS:
 Windows 11 , 64 bit Build 22621 (10.0.22621.2070)
OS uptime: 0 days 1:36 hours
Hyper-V role detected

CPU: total 16 (initial active 16) (8 cores per cpu, 2 threads per core) family 6 model 141 stepping 1 microcode 0x32, cx8, cmov, fxsr, ht, mmx, 3dnowpref, sse, sse2, sse3, ssse3, sse4.1, sse4.2, popcnt, lzcnt, tsc, tscinvbit, avx, avx2, aes, erms, clmul, bmi1, bmi2, adx, avx512f, avx512dq, avx512cd, avx512bw, avx512vl, sha, fma, vzeroupper, avx512_vpopcntdq, avx512_vpclmulqdq, avx512_vaes, avx512_vnni, clflush, clflushopt, clwb, avx512_vbmi2, avx512_vbmi, hv

Memory: 4k page, system-wide physical 16085M (2080M free)
TotalPageFile size 18133M (AvailPageFile size 4M)
current process WorkingSet (physical memory assigned to process): 178M, peak: 178M
current process commit charge ("private bytes"): 294M, peak: 295M

vm_info: OpenJDK 64-Bit Server VM (17.0.7+7) for windows-amd64 JRE (17.0.7+7), built on Apr 18 2023 22:10:42 by "temurin" with MS VC++ 16.7 (VS2019)

END.
