#
# There is insufficient memory for the Java Runtime Environment to continue.
# Native memory allocation (malloc) failed to allocate 1991824 bytes for Chunk::new
# Possible reasons:
#   The system is out of physical RAM or swap space
#   The process is running with CompressedOops enabled, and the Java Heap may be blocking the growth of the native heap
# Possible solutions:
#   Reduce memory load on the system
#   Increase physical memory or swap space
#   Check if swap backing store is full
#   Decrease Java heap size (-Xmx/-Xms)
#   Decrease number of Java threads
#   Decrease Java thread stack sizes (-Xss)
#   Set larger code cache with -XX:ReservedCodeCacheSize=
#   JVM is running with Unscaled Compressed Oops mode in which the Java heap is
#     placed in the first 4GB address space. The Java Heap base address is the
#     maximum limit for the native heap growth. Please use -XX:HeapBaseMinAddress
#     to set the Java Heap base and to place the Java Heap above 4GB virtual address.
# This output file may be truncated or incomplete.
#
#  Out of Memory Error (./open/src/hotspot/share/memory/arena.cpp:195), pid=18952, tid=17152
#
# JRE version: Java(TM) SE Runtime Environment (14.0.2+12) (build 14.0.2+12-46)
# Java VM: Java HotSpot(TM) 64-Bit Server VM (14.0.2+12-46, mixed mode, sharing, tiered, compressed oops, g1 gc, windows-amd64)
# No core dump will be written. Minidumps are not enabled by default on client versions of Windows
#

---------------  S U M M A R Y ------------

Command Line: -XX:MaxMetaspaceSize=512m --add-opens=java.base/java.util=ALL-UNNAMED --add-opens=java.base/java.lang=ALL-UNNAMED --add-opens=java.base/java.lang.invoke=ALL-UNNAMED --add-opens=java.base/java.util=ALL-UNNAMED --add-opens=java.prefs/java.util.prefs=ALL-UNNAMED --add-opens=java.prefs/java.util.prefs=ALL-UNNAMED --add-opens=java.base/java.nio.charset=ALL-UNNAMED --add-opens=java.base/java.net=ALL-UNNAMED --add-opens=java.base/java.util.concurrent.atomic=ALL-UNNAMED -Xmx2048m -Dfile.encoding=utf8 -Duser.country=US -Duser.language=en -Duser.variant org.gradle.launcher.daemon.bootstrap.GradleDaemon 7.5.1

Host: 11th Gen Intel(R) Core(TM) i7-11800H @ 2.30GHz, 16 cores, 15G,  Windows 10 , 64 bit Build 22621 (10.0.22621.2070)
Time: Mon Aug 14 22:52:26 2023 SE Asia Standard Time elapsed time: 11 seconds (0d 0h 0m 11s)

---------------  T H R E A D  ---------------

Current thread (0x00000278bb744000):  JavaThread "C2 CompilerThread0" daemon [_thread_in_native, id=17152, stack(0x000000f049400000,0x000000f049500000)]


Current CompileTask:
C2:  11978 6619   !   4       java.net.URLClassLoader::findClass (47 bytes)

Stack: [0x000000f049400000,0x000000f049500000]
Native frames: (J=compiled Java code, j=interpreted, Vv=VM code, C=native code)
V  [jvm.dll+0x5f8a9a]
V  [jvm.dll+0x74247a]
V  [jvm.dll+0x743c2f]
V  [jvm.dll+0x744273]
V  [jvm.dll+0x20d288]
V  [jvm.dll+0xabb07]
V  [jvm.dll+0xac1fc]
V  [jvm.dll+0x31c495]
V  [jvm.dll+0x2e6b38]
V  [jvm.dll+0x2e5f3a]
V  [jvm.dll+0x1e5e16]
V  [jvm.dll+0x1e50b8]
V  [jvm.dll+0x1779cc]
V  [jvm.dll+0x1f4105]
V  [jvm.dll+0x1f22eb]
V  [jvm.dll+0x7070cd]
V  [jvm.dll+0x6ffeda]
V  [jvm.dll+0x5f78f6]
C  [ucrtbase.dll+0x29363]
C  [KERNEL32.DLL+0x126ad]
C  [ntdll.dll+0x5aa68]


---------------  P R O C E S S  ---------------

Threads class SMR info:
_java_thread_list=0x00000278bf1b6420, length=91, elements={
0x000002789932e000, 0x00000278bb722000, 0x00000278bb725000, 0x00000278bb73d000,
0x00000278bb73e800, 0x00000278bb741000, 0x00000278bb744000, 0x00000278bb747000,
0x00000278bb750800, 0x00000278bb8a5800, 0x00000278bb923000, 0x00000278bcb0c000,
0x00000278bc769000, 0x00000278bd01e000, 0x00000278bddc7000, 0x00000278bc767000,
0x00000278bdbdc000, 0x00000278bdafc800, 0x00000278bc1d8800, 0x00000278bc1d7800,
0x00000278bc1da000, 0x00000278bc1db000, 0x00000278bc1d6000, 0x00000278bc1dc800,
0x00000278bdd5f800, 0x00000278bdd62800, 0x00000278bdd61000, 0x00000278bdd5e800,
0x00000278bdd5e000, 0x00000278bdd60000, 0x00000278bdd62000, 0x00000278bdd5d000,
0x00000278bdd66000, 0x00000278bdd5c000, 0x00000278bdd64800, 0x00000278bdd6b000,
0x00000278bdd67800, 0x00000278bdd65000, 0x00000278c0d44000, 0x00000278c0d42800,
0x00000278c0d40800, 0x00000278c0d41800, 0x00000278c0d43000, 0x00000278c0d3e000,
0x00000278c0d40000, 0x00000278c0d3f000, 0x00000278c0d48000, 0x00000278c0d49000,
0x00000278c0d4a800, 0x00000278c0d49800, 0x00000278c0d45800, 0x00000278c0d4c000,
0x00000278c0d4b800, 0x00000278c0d46800, 0x00000278c0d4d000, 0x00000278c0d47000,
0x00000278bc1d6800, 0x00000278bc1d9000, 0x00000278c1da2800, 0x00000278c1da4000,
0x00000278c1da0000, 0x00000278c1d9e000, 0x00000278c1da4800, 0x00000278c1da0800,
0x00000278c1d9f000, 0x00000278c1da5800, 0x00000278c1da6800, 0x00000278c1da7000,
0x00000278c1da1800, 0x00000278c1da8000, 0x00000278c1da9000, 0x00000278c1da3000,
0x00000278c1da9800, 0x00000278c1daa800, 0x00000278c1dac000, 0x00000278c1dab800,
0x00000278c1dad000, 0x00000278c1f02000, 0x00000278c1f03000, 0x00000278c1f03800,
0x00000278c1f04800, 0x00000278c1f05000, 0x00000278c1f06000, 0x00000278c1f07000,
0x00000278c1f01000, 0x00000278c1f0a000, 0x00000278c1f0b000, 0x00000278c1f0c000,
0x00000278c1f08800, 0x00000278c1f0c800, 0x00000278c1f09800
}

Java Threads: ( => current thread )
  0x000002789932e000 JavaThread "main" [_thread_blocked, id=16700, stack(0x000000f048800000,0x000000f048900000)]
  0x00000278bb722000 JavaThread "Reference Handler" daemon [_thread_blocked, id=15984, stack(0x000000f048f00000,0x000000f049000000)]
  0x00000278bb725000 JavaThread "Finalizer" daemon [_thread_blocked, id=14552, stack(0x000000f049000000,0x000000f049100000)]
  0x00000278bb73d000 JavaThread "Signal Dispatcher" daemon [_thread_blocked, id=23548, stack(0x000000f049100000,0x000000f049200000)]
  0x00000278bb73e800 JavaThread "Attach Listener" daemon [_thread_blocked, id=15004, stack(0x000000f049200000,0x000000f049300000)]
  0x00000278bb741000 JavaThread "Service Thread" daemon [_thread_blocked, id=22280, stack(0x000000f049300000,0x000000f049400000)]
=>0x00000278bb744000 JavaThread "C2 CompilerThread0" daemon [_thread_in_native, id=17152, stack(0x000000f049400000,0x000000f049500000)]
  0x00000278bb747000 JavaThread "C1 CompilerThread0" daemon [_thread_blocked, id=16012, stack(0x000000f049500000,0x000000f049600000)]
  0x00000278bb750800 JavaThread "Sweeper thread" daemon [_thread_blocked, id=8368, stack(0x000000f049600000,0x000000f049700000)]
  0x00000278bb8a5800 JavaThread "Common-Cleaner" daemon [_thread_blocked, id=22756, stack(0x000000f049900000,0x000000f049a00000)]
  0x00000278bb923000 JavaThread "Notification Thread" daemon [_thread_blocked, id=5184, stack(0x000000f049a00000,0x000000f049b00000)]
  0x00000278bcb0c000 JavaThread "Daemon health stats" [_thread_blocked, id=12916, stack(0x000000f04a400000,0x000000f04a500000)]
  0x00000278bc769000 JavaThread "Incoming local TCP Connector on port 50102" [_thread_in_native, id=9640, stack(0x000000f04a500000,0x000000f04a600000)]
  0x00000278bd01e000 JavaThread "Daemon periodic checks" [_thread_blocked, id=20304, stack(0x000000f04a600000,0x000000f04a700000)]
  0x00000278bddc7000 JavaThread "Daemon" [_thread_blocked, id=13428, stack(0x000000f04a700000,0x000000f04a800000)]
  0x00000278bc767000 JavaThread "Handler for socket connection from /127.0.0.1:50102 to /127.0.0.1:50103" [_thread_in_native, id=18032, stack(0x000000f04a800000,0x000000f04a900000)]
  0x00000278bdbdc000 JavaThread "Cancel handler" [_thread_blocked, id=19128, stack(0x000000f04a900000,0x000000f04aa00000)]
  0x00000278bdafc800 JavaThread "Daemon worker" [_thread_in_Java, id=23912, stack(0x000000f04aa00000,0x000000f04ab00000)]
  0x00000278bc1d8800 JavaThread "Asynchronous log dispatcher for DefaultDaemonConnection: socket connection from /127.0.0.1:50102 to /127.0.0.1:50103" [_thread_blocked, id=3088, stack(0x000000f04ab00000,0x000000f04ac00000)]
  0x00000278bc1d7800 JavaThread "Stdin handler" [_thread_blocked, id=15236, stack(0x000000f04ac00000,0x000000f04ad00000)]
  0x00000278bc1da000 JavaThread "Daemon client event forwarder" [_thread_in_Java, id=21212, stack(0x000000f04ad00000,0x000000f04ae00000)]
  0x00000278bc1db000 JavaThread "Cache worker for journal cache (C:\Users\Admin\.gradle\caches\journal-1)" [_thread_blocked, id=19772, stack(0x000000f04ae00000,0x000000f04af00000)]
  0x00000278bc1d6000 JavaThread "File lock request listener" [_thread_in_native, id=13044, stack(0x000000f04af00000,0x000000f04b000000)]
  0x00000278bc1dc800 JavaThread "File lock release action executor" [_thread_blocked, id=17296, stack(0x000000f049c00000,0x000000f049d00000)]
  0x00000278bdd5f800 JavaThread "Cache worker for file hash cache (C:\Users\Admin\.gradle\caches\7.5.1\fileHashes)" [_thread_blocked, id=7580, stack(0x000000f04b000000,0x000000f04b100000)]
  0x00000278bdd62800 JavaThread "File watcher server" daemon [_thread_in_native, id=18184, stack(0x000000f04b200000,0x000000f04b300000)]
  0x00000278bdd61000 JavaThread "File watcher consumer" daemon [_thread_blocked, id=5272, stack(0x000000f04b300000,0x000000f04b400000)]
  0x00000278bdd5e800 JavaThread "Cache worker for checksums cache (C:\Users\Admin\AwesomeProject\android\.gradle\7.5.1\checksums)" [_thread_blocked, id=11496, stack(0x000000f04bb00000,0x000000f04bc00000)]
  0x00000278bdd5e000 JavaThread "Cache worker for cache directory md-rule (C:\Users\Admin\.gradle\caches\7.5.1\md-rule)" [_thread_blocked, id=23476, stack(0x000000f04be00000,0x000000f04bf00000)]
  0x00000278bdd60000 JavaThread "Cache worker for file content cache (C:\Users\Admin\.gradle\caches\7.5.1\fileContent)" [_thread_blocked, id=15228, stack(0x000000f04bf00000,0x000000f04c000000)]
  0x00000278bdd62000 JavaThread "Cache worker for file hash cache (C:\Users\Admin\AwesomeProject\android\.gradle\7.5.1\fileHashes)" [_thread_blocked, id=18908, stack(0x000000f04c000000,0x000000f04c100000)]
  0x00000278bdd5d000 JavaThread "Cache worker for cache directory md-supplier (C:\Users\Admin\.gradle\caches\7.5.1\md-supplier)" [_thread_blocked, id=11048, stack(0x000000f04c100000,0x000000f04c200000)]
  0x00000278bdd66000 JavaThread "Cache worker for execution history cache (C:\Users\Admin\.gradle\caches\7.5.1\executionHistory)" [_thread_blocked, id=20168, stack(0x000000f04c200000,0x000000f04c300000)]
  0x00000278bdd5c000 JavaThread "jar transforms" [_thread_blocked, id=8928, stack(0x000000f04b100000,0x000000f04b200000)]
  0x00000278bdd64800 JavaThread "jar transforms Thread 2" [_thread_blocked, id=3736, stack(0x000000f04c300000,0x000000f04c400000)]
  0x00000278bdd6b000 JavaThread "jar transforms Thread 3" [_thread_blocked, id=24092, stack(0x000000f04c600000,0x000000f04c700000)]
  0x00000278bdd67800 JavaThread "jar transforms Thread 4" [_thread_blocked, id=15800, stack(0x000000f049d00000,0x000000f049e00000)]
  0x00000278bdd65000 JavaThread "jar transforms Thread 5" [_thread_blocked, id=19548, stack(0x000000f04c500000,0x000000f04c600000)]
  0x00000278c0d44000 JavaThread "jar transforms Thread 6" [_thread_blocked, id=19264, stack(0x000000f04c700000,0x000000f04c800000)]
  0x00000278c0d42800 JavaThread "C1 CompilerThread1" daemon [_thread_blocked, id=23104, stack(0x000000f049700000,0x000000f049800000)]
  0x00000278c0d40800 JavaThread "C1 CompilerThread2" daemon [_thread_blocked, id=7028, stack(0x000000f049800000,0x000000f049900000)]
  0x00000278c0d41800 JavaThread "C2 CompilerThread1" daemon [_thread_in_native, id=15868, stack(0x000000f04a300000,0x000000f04a400000)]
  0x00000278c0d43000 JavaThread "C2 CompilerThread2" daemon [_thread_in_native, id=19640, stack(0x000000f04c400000,0x000000f04c500000)]
  0x00000278c0d3e000 JavaThread "Cache worker for kotlin-dsl (C:\Users\Admin\.gradle\caches\7.5.1\kotlin-dsl)" [_thread_blocked, id=7744, stack(0x000000f04c800000,0x000000f04c900000)]
  0x00000278c0d40000 JavaThread "jar transforms Thread 7" [_thread_blocked, id=23672, stack(0x000000f04ca00000,0x000000f04cb00000)]
  0x00000278c0d3f000 JavaThread "jar transforms Thread 8" [_thread_blocked, id=15664, stack(0x000000f04cb00000,0x000000f04cc00000)]
  0x00000278c0d48000 JavaThread "Cache worker for dependencies-accessors (C:\Users\Admin\AwesomeProject\android\.gradle\7.5.1\dependencies-accessors)" [_thread_blocked, id=2300, stack(0x000000f04cc00000,0x000000f04cd00000)]
  0x00000278c0d49000 JavaThread "Cache worker for Build Output Cleanup Cache (C:\Users\Admin\AwesomeProject\node_modules\react-native-gradle-plugin\.gradle\buildOutputCleanup)" [_thread_blocked, id=19196, stack(0x000000f04cd00000,0x000000f04ce00000)]
  0x00000278c0d4a800 JavaThread "jar transforms Thread 9" [_thread_blocked, id=14872, stack(0x000000f04ce00000,0x000000f04cf00000)]
  0x00000278c0d49800 JavaThread "Unconstrained build operations" [_thread_blocked, id=16164, stack(0x000000f04cf00000,0x000000f04d000000)]
  0x00000278c0d45800 JavaThread "Unconstrained build operations Thread 2" [_thread_blocked, id=20856, stack(0x000000f04d000000,0x000000f04d100000)]
  0x00000278c0d4c000 JavaThread "Unconstrained build operations Thread 3" [_thread_blocked, id=22092, stack(0x000000f04d100000,0x000000f04d200000)]
  0x00000278c0d4b800 JavaThread "Unconstrained build operations Thread 4" [_thread_blocked, id=19512, stack(0x000000f04d200000,0x000000f04d300000)]
  0x00000278c0d46800 JavaThread "Unconstrained build operations Thread 5" [_thread_blocked, id=24392, stack(0x000000f04d300000,0x000000f04d400000)]
  0x00000278c0d4d000 JavaThread "Unconstrained build operations Thread 6" [_thread_blocked, id=7676, stack(0x000000f04d400000,0x000000f04d500000)]
  0x00000278c0d47000 JavaThread "Unconstrained build operations Thread 7" [_thread_blocked, id=9136, stack(0x000000f04d500000,0x000000f04d600000)]
  0x00000278bc1d6800 JavaThread "Unconstrained build operations Thread 8" [_thread_blocked, id=10600, stack(0x000000f04d600000,0x000000f04d700000)]
  0x00000278bc1d9000 JavaThread "Unconstrained build operations Thread 9" [_thread_blocked, id=8676, stack(0x000000f04d700000,0x000000f04d800000)]
  0x00000278c1da2800 JavaThread "Unconstrained build operations Thread 10" [_thread_blocked, id=11472, stack(0x000000f04d800000,0x000000f04d900000)]
  0x00000278c1da4000 JavaThread "Unconstrained build operations Thread 11" [_thread_blocked, id=16128, stack(0x000000f04d900000,0x000000f04da00000)]
  0x00000278c1da0000 JavaThread "Unconstrained build operations Thread 12" [_thread_blocked, id=14404, stack(0x000000f04da00000,0x000000f04db00000)]
  0x00000278c1d9e000 JavaThread "Unconstrained build operations Thread 13" [_thread_blocked, id=19340, stack(0x000000f04db00000,0x000000f04dc00000)]
  0x00000278c1da4800 JavaThread "Unconstrained build operations Thread 14" [_thread_blocked, id=15448, stack(0x000000f04dc00000,0x000000f04dd00000)]
  0x00000278c1da0800 JavaThread "Unconstrained build operations Thread 15" [_thread_blocked, id=2268, stack(0x000000f04dd00000,0x000000f04de00000)]
  0x00000278c1d9f000 JavaThread "Unconstrained build operations Thread 16" [_thread_blocked, id=22644, stack(0x000000f04de00000,0x000000f04df00000)]
  0x00000278c1da5800 JavaThread "Unconstrained build operations Thread 17" [_thread_blocked, id=5112, stack(0x000000f04df00000,0x000000f04e000000)]
  0x00000278c1da6800 JavaThread "Unconstrained build operations Thread 18" [_thread_blocked, id=8376, stack(0x000000f04e000000,0x000000f04e100000)]
  0x00000278c1da7000 JavaThread "Unconstrained build operations Thread 19" [_thread_blocked, id=1928, stack(0x000000f04e100000,0x000000f04e200000)]
  0x00000278c1da1800 JavaThread "Unconstrained build operations Thread 20" [_thread_blocked, id=21228, stack(0x000000f04e200000,0x000000f04e300000)]
  0x00000278c1da8000 JavaThread "Unconstrained build operations Thread 21" [_thread_blocked, id=19944, stack(0x000000f04e300000,0x000000f04e400000)]
  0x00000278c1da9000 JavaThread "Unconstrained build operations Thread 22" [_thread_blocked, id=8620, stack(0x000000f04e400000,0x000000f04e500000)]
  0x00000278c1da3000 JavaThread "Unconstrained build operations Thread 23" [_thread_blocked, id=11172, stack(0x000000f04e500000,0x000000f04e600000)]
  0x00000278c1da9800 JavaThread "Unconstrained build operations Thread 24" [_thread_blocked, id=7788, stack(0x000000f04e600000,0x000000f04e700000)]
  0x00000278c1daa800 JavaThread "Unconstrained build operations Thread 25" [_thread_blocked, id=4472, stack(0x000000f04e700000,0x000000f04e800000)]
  0x00000278c1dac000 JavaThread "Unconstrained build operations Thread 26" [_thread_blocked, id=21180, stack(0x000000f04e800000,0x000000f04e900000)]
  0x00000278c1dab800 JavaThread "Unconstrained build operations Thread 27" [_thread_blocked, id=18816, stack(0x000000f04e900000,0x000000f04ea00000)]
  0x00000278c1dad000 JavaThread "Unconstrained build operations Thread 28" [_thread_blocked, id=23896, stack(0x000000f04ea00000,0x000000f04eb00000)]
  0x00000278c1f02000 JavaThread "Unconstrained build operations Thread 29" [_thread_blocked, id=24280, stack(0x000000f04eb00000,0x000000f04ec00000)]
  0x00000278c1f03000 JavaThread "Unconstrained build operations Thread 30" [_thread_blocked, id=12732, stack(0x000000f04ec00000,0x000000f04ed00000)]
  0x00000278c1f03800 JavaThread "Unconstrained build operations Thread 31" [_thread_blocked, id=2408, stack(0x000000f04ed00000,0x000000f04ee00000)]
  0x00000278c1f04800 JavaThread "Unconstrained build operations Thread 32" [_thread_blocked, id=20628, stack(0x000000f04ee00000,0x000000f04ef00000)]
  0x00000278c1f05000 JavaThread "Unconstrained build operations Thread 33" [_thread_blocked, id=10720, stack(0x000000f04ef00000,0x000000f04f000000)]
  0x00000278c1f06000 JavaThread "jar transforms Thread 10" [_thread_blocked, id=15324, stack(0x000000f04f000000,0x000000f04f100000)]
  0x00000278c1f07000 JavaThread "jar transforms Thread 11" [_thread_blocked, id=10428, stack(0x000000f04f100000,0x000000f04f200000)]
  0x00000278c1f01000 JavaThread "jar transforms Thread 12" [_thread_blocked, id=20676, stack(0x000000f04f200000,0x000000f04f300000)]
  0x00000278c1f0a000 JavaThread "jar transforms Thread 13" [_thread_blocked, id=9068, stack(0x000000f04f300000,0x000000f04f400000)]
  0x00000278c1f0b000 JavaThread "jar transforms Thread 14" [_thread_blocked, id=11648, stack(0x000000f04f400000,0x000000f04f500000)]
  0x00000278c1f0c000 JavaThread "jar transforms Thread 15" [_thread_blocked, id=13284, stack(0x000000f04f500000,0x000000f04f600000)]
  0x00000278c1f08800 JavaThread "jar transforms Thread 16" [_thread_blocked, id=17616, stack(0x000000f04f600000,0x000000f04f700000)]
  0x00000278c1f0c800 JavaThread "build event listener" [_thread_blocked, id=7748, stack(0x000000f04f700000,0x000000f04f800000)]
  0x00000278c1f09800 JavaThread "Memory manager" [_thread_blocked, id=23920, stack(0x000000f04f800000,0x000000f04f900000)]

Other Threads:
  0x00000278bb721000 VMThread "VM Thread" [stack: 0x000000f048e00000,0x000000f048f00000] [id=18404]
  0x00000278bb924000 WatcherThread [stack: 0x000000f049b00000,0x000000f049c00000] [id=18244]
  0x0000027899370800 GCTaskThread "GC Thread#0" [stack: 0x000000f048900000,0x000000f048a00000] [id=24252]
  0x00000278bc6c3000 GCTaskThread "GC Thread#1" [stack: 0x000000f049e00000,0x000000f049f00000] [id=11208]
  0x00000278bc7d4800 GCTaskThread "GC Thread#2" [stack: 0x000000f049f00000,0x000000f04a000000] [id=17192]
  0x00000278bc7d5000 GCTaskThread "GC Thread#3" [stack: 0x000000f04a000000,0x000000f04a100000] [id=24240]
  0x00000278bc30f800 GCTaskThread "GC Thread#4" [stack: 0x000000f04a100000,0x000000f04a200000] [id=17612]
  0x00000278bc310000 GCTaskThread "GC Thread#5" [stack: 0x000000f04a200000,0x000000f04a300000] [id=23436]
  0x00000278c0c18800 GCTaskThread "GC Thread#6" [stack: 0x000000f04b400000,0x000000f04b500000] [id=11356]
  0x00000278c136e000 GCTaskThread "GC Thread#7" [stack: 0x000000f04b500000,0x000000f04b600000] [id=8308]
  0x00000278c0be5000 GCTaskThread "GC Thread#8" [stack: 0x000000f04b600000,0x000000f04b700000] [id=21628]
  0x00000278c0be5800 GCTaskThread "GC Thread#9" [stack: 0x000000f04b700000,0x000000f04b800000] [id=2428]
  0x00000278bedb9000 GCTaskThread "GC Thread#10" [stack: 0x000000f04b800000,0x000000f04b900000] [id=6668]
  0x00000278bdcf2000 GCTaskThread "GC Thread#11" [stack: 0x000000f04b900000,0x000000f04ba00000] [id=17284]
  0x00000278bdcf9000 GCTaskThread "GC Thread#12" [stack: 0x000000f04ba00000,0x000000f04bb00000] [id=18996]
  0x0000027899382000 ConcurrentGCThread "G1 Main Marker" [stack: 0x000000f048a00000,0x000000f048b00000] [id=13584]
  0x0000027899385000 ConcurrentGCThread "G1 Conc#0" [stack: 0x000000f048b00000,0x000000f048c00000] [id=21280]
  0x00000278bdcf7800 ConcurrentGCThread "G1 Conc#1" [stack: 0x000000f04bc00000,0x000000f04bd00000] [id=21164]
  0x00000278bdcf4000 ConcurrentGCThread "G1 Conc#2" [stack: 0x000000f04bd00000,0x000000f04be00000] [id=364]
  0x00000278badb8800 ConcurrentGCThread "G1 Refine#0" [stack: 0x000000f048c00000,0x000000f048d00000] [id=20608]
  0x00000278bdd18000 ConcurrentGCThread "G1 Refine#1" [stack: 0x000000f04f900000,0x000000f04fa00000] [id=11152]
  0x00000278bf98b000 ConcurrentGCThread "G1 Refine#2" [stack: 0x000000f04fa00000,0x000000f04fb00000] [id=11640]
  0x00000278bf892000 ConcurrentGCThread "G1 Refine#3" [stack: 0x000000f04fb00000,0x000000f04fc00000] [id=22376]
  0x00000278bf893000 ConcurrentGCThread "G1 Refine#4" [stack: 0x000000f04fc00000,0x000000f04fd00000] [id=2828]
  0x00000278c21f0800 ConcurrentGCThread "G1 Refine#5" [stack: 0x000000f04fd00000,0x000000f04fe00000] [id=7408]
  0x00000278c21f1000 ConcurrentGCThread "G1 Refine#6" [stack: 0x000000f04fe00000,0x000000f04ff00000] [id=21000]
  0x00000278badb9800 ConcurrentGCThread "G1 Young RemSet Sampling" [stack: 0x000000f048d00000,0x000000f048e00000] [id=900]

Threads with active compile tasks:
C2 CompilerThread0    12003 6619   !   4       java.net.URLClassLoader::findClass (47 bytes)
C2 CompilerThread1    12003 6630   !   4       java.net.URLClassLoader$1::run (63 bytes)
C2 CompilerThread2    12003 6614   !   4       com.google.common.reflect.TypeVisitor::visit (244 bytes)

VM state:not at safepoint (normal execution)

VM Mutex/Monitor currently owned by a thread:  ([mutex/lock_event])
[0x0000027899329930] Threads_lock - owner thread: 0x00000278bb721000
[0x0000027899329150] Compile_lock - owner thread: 0x00000278bdafc800

Heap address: 0x0000000080000000, size: 2048 MB, Compressed Oops mode: 32-bit
Narrow klass base: 0x0000000800000000, Narrow klass shift: 3
Compressed class space size: 528482304 Address: 0x0000000800b30000

Heap:
 garbage-first heap   total 83968K, used 56258K [0x0000000080000000, 0x0000000100000000)
  region size 1024K, 16 young (16384K), 4 survivors (4096K)
 Metaspace       used 55766K, capacity 57560K, committed 57600K, reserved 565248K
  class space    used 7741K, capacity 8446K, committed 8448K, reserved 516096K
Heap Regions: E=young(eden), S=young(survivor), O=old, HS=humongous(starts), HC=humongous(continues), CS=collection set, F=free, OA=open archive, CA=closed archive, TAMS=top-at-mark-start (previous, next)
|   0|0x0000000080000000, 0x0000000080100000, 0x0000000080100000|100%| O|  |TAMS 0x0000000080100000, 0x0000000080000000| Untracked 
|   1|0x0000000080100000, 0x0000000080200000, 0x0000000080200000|100%| O|  |TAMS 0x0000000080200000, 0x0000000080100000| Untracked 
|   2|0x0000000080200000, 0x00000000802e1800, 0x0000000080300000| 88%| O|  |TAMS 0x00000000802e1800, 0x0000000080200000| Untracked 
|   3|0x0000000080300000, 0x0000000080400000, 0x0000000080400000|100%|HS|  |TAMS 0x0000000080400000, 0x0000000080300000| Complete 
|   4|0x0000000080400000, 0x0000000080500000, 0x0000000080500000|100%|HC|  |TAMS 0x0000000080500000, 0x0000000080400000| Complete 
|   5|0x0000000080500000, 0x0000000080600000, 0x0000000080600000|100%|HC|  |TAMS 0x0000000080600000, 0x0000000080500000| Complete 
|   6|0x0000000080600000, 0x0000000080600000, 0x0000000080700000|  0%| F|  |TAMS 0x0000000080600000, 0x0000000080600000| Untracked 
|   7|0x0000000080700000, 0x0000000080800000, 0x0000000080800000|100%| O|  |TAMS 0x0000000080800000, 0x0000000080700000| Untracked 
|   8|0x0000000080800000, 0x0000000080900000, 0x0000000080900000|100%| O|  |TAMS 0x0000000080900000, 0x0000000080800000| Untracked 
|   9|0x0000000080900000, 0x0000000080a00000, 0x0000000080a00000|100%| O|  |TAMS 0x0000000080a00000, 0x0000000080900000| Untracked 
|  10|0x0000000080a00000, 0x0000000080b00000, 0x0000000080b00000|100%| O|  |TAMS 0x0000000080b00000, 0x0000000080a00000| Untracked 
|  11|0x0000000080b00000, 0x0000000080b00000, 0x0000000080c00000|  0%| F|  |TAMS 0x0000000080b00000, 0x0000000080b00000| Untracked 
|  12|0x0000000080c00000, 0x0000000080d00000, 0x0000000080d00000|100%| O|  |TAMS 0x0000000080d00000, 0x0000000080c00000| Untracked 
|  13|0x0000000080d00000, 0x0000000080e00000, 0x0000000080e00000|100%| O|  |TAMS 0x0000000080e00000, 0x0000000080d00000| Untracked 
|  14|0x0000000080e00000, 0x0000000080f00000, 0x0000000080f00000|100%| O|  |TAMS 0x0000000080f00000, 0x0000000080e00000| Untracked 
|  15|0x0000000080f00000, 0x0000000081000000, 0x0000000081000000|100%| O|  |TAMS 0x0000000081000000, 0x0000000080f00000| Untracked 
|  16|0x0000000081000000, 0x0000000081100000, 0x0000000081100000|100%| O|  |TAMS 0x0000000081100000, 0x0000000081000000| Untracked 
|  17|0x0000000081100000, 0x0000000081200000, 0x0000000081200000|100%| O|  |TAMS 0x0000000081200000, 0x0000000081100000| Untracked 
|  18|0x0000000081200000, 0x0000000081300000, 0x0000000081300000|100%| O|  |TAMS 0x0000000081300000, 0x0000000081200000| Untracked 
|  19|0x0000000081300000, 0x0000000081300000, 0x0000000081400000|  0%| F|  |TAMS 0x0000000081300000, 0x0000000081300000| Untracked 
|  20|0x0000000081400000, 0x0000000081400000, 0x0000000081500000|  0%| F|  |TAMS 0x0000000081400000, 0x0000000081400000| Untracked 
|  21|0x0000000081500000, 0x0000000081600000, 0x0000000081600000|100%| O|  |TAMS 0x0000000081600000, 0x0000000081500000| Untracked 
|  22|0x0000000081600000, 0x0000000081700000, 0x0000000081700000|100%| O|  |TAMS 0x0000000081700000, 0x0000000081600000| Untracked 
|  23|0x0000000081700000, 0x0000000081800000, 0x0000000081800000|100%| O|  |TAMS 0x0000000081800000, 0x0000000081700000| Untracked 
|  24|0x0000000081800000, 0x0000000081900000, 0x0000000081900000|100%| O|  |TAMS 0x0000000081900000, 0x0000000081800000| Untracked 
|  25|0x0000000081900000, 0x0000000081a00000, 0x0000000081a00000|100%| O|  |TAMS 0x0000000081a00000, 0x0000000081900000| Untracked 
|  26|0x0000000081a00000, 0x0000000081b00000, 0x0000000081b00000|100%| O|  |TAMS 0x0000000081b00000, 0x0000000081a00000| Untracked 
|  27|0x0000000081b00000, 0x0000000081c00000, 0x0000000081c00000|100%| O|  |TAMS 0x0000000081c00000, 0x0000000081b00000| Untracked 
|  28|0x0000000081c00000, 0x0000000081c00000, 0x0000000081d00000|  0%| F|  |TAMS 0x0000000081c00000, 0x0000000081c00000| Untracked 
|  29|0x0000000081d00000, 0x0000000081e00000, 0x0000000081e00000|100%| O|  |TAMS 0x0000000081e00000, 0x0000000081d00000| Untracked 
|  30|0x0000000081e00000, 0x0000000081f00000, 0x0000000081f00000|100%| O|  |TAMS 0x0000000081f00000, 0x0000000081e00000| Untracked 
|  31|0x0000000081f00000, 0x0000000081f00000, 0x0000000082000000|  0%| F|  |TAMS 0x0000000081f00000, 0x0000000081f00000| Untracked 
|  32|0x0000000082000000, 0x0000000082000000, 0x0000000082100000|  0%| F|  |TAMS 0x0000000082000000, 0x0000000082000000| Untracked 
|  33|0x0000000082100000, 0x0000000082200000, 0x0000000082200000|100%| O|  |TAMS 0x0000000082200000, 0x0000000082100000| Untracked 
|  34|0x0000000082200000, 0x0000000082300000, 0x0000000082300000|100%| O|  |TAMS 0x0000000082300000, 0x0000000082200000| Untracked 
|  35|0x0000000082300000, 0x0000000082400000, 0x0000000082400000|100%|HS|  |TAMS 0x0000000082400000, 0x0000000082300000| Complete 
|  36|0x0000000082400000, 0x0000000082400000, 0x0000000082500000|  0%| F|  |TAMS 0x0000000082400000, 0x0000000082400000| Untracked 
|  37|0x0000000082500000, 0x0000000082600000, 0x0000000082600000|100%|HS|  |TAMS 0x0000000082600000, 0x0000000082500000| Complete 
|  38|0x0000000082600000, 0x0000000082700000, 0x0000000082700000|100%|HC|  |TAMS 0x0000000082700000, 0x0000000082600000| Complete 
|  39|0x0000000082700000, 0x0000000082800000, 0x0000000082800000|100%|HC|  |TAMS 0x0000000082800000, 0x0000000082700000| Complete 
|  40|0x0000000082800000, 0x0000000082800000, 0x0000000082900000|  0%| F|  |TAMS 0x0000000082800000, 0x0000000082800000| Untracked 
|  41|0x0000000082900000, 0x0000000082a00000, 0x0000000082a00000|100%| O|  |TAMS 0x0000000082a00000, 0x0000000082900000| Untracked 
|  42|0x0000000082a00000, 0x0000000082b00000, 0x0000000082b00000|100%| O|  |TAMS 0x0000000082b00000, 0x0000000082a00000| Untracked 
|  43|0x0000000082b00000, 0x0000000082c00000, 0x0000000082c00000|100%| O|  |TAMS 0x0000000082c00000, 0x0000000082b00000| Untracked 
|  44|0x0000000082c00000, 0x0000000082d00000, 0x0000000082d00000|100%| O|  |TAMS 0x0000000082d00000, 0x0000000082c00000| Untracked 
|  45|0x0000000082d00000, 0x0000000082e00000, 0x0000000082e00000|100%| O|  |TAMS 0x0000000082e00000, 0x0000000082d00000| Untracked 
|  46|0x0000000082e00000, 0x0000000082f00000, 0x0000000082f00000|100%| O|  |TAMS 0x0000000082f00000, 0x0000000082e00000| Untracked 
|  47|0x0000000082f00000, 0x0000000083000000, 0x0000000083000000|100%| O|  |TAMS 0x0000000083000000, 0x0000000082f00000| Untracked 
|  48|0x0000000083000000, 0x0000000083100000, 0x0000000083100000|100%| O|  |TAMS 0x0000000083100000, 0x0000000083000000| Untracked 
|  49|0x0000000083100000, 0x00000000831d3400, 0x0000000083200000| 82%| O|  |TAMS 0x00000000831d3400, 0x0000000083100000| Untracked 
|  50|0x0000000083200000, 0x0000000083200000, 0x0000000083300000|  0%| F|  |TAMS 0x0000000083200000, 0x0000000083200000| Untracked 
|  51|0x0000000083300000, 0x000000008333bcb8, 0x0000000083400000| 23%| S|CS|TAMS 0x0000000083300000, 0x0000000083300000| Complete 
|  52|0x0000000083400000, 0x0000000083500000, 0x0000000083500000|100%| S|CS|TAMS 0x0000000083400000, 0x0000000083400000| Complete 
|  53|0x0000000083500000, 0x0000000083600000, 0x0000000083600000|100%| S|CS|TAMS 0x0000000083500000, 0x0000000083500000| Complete 
|  54|0x0000000083600000, 0x0000000083700000, 0x0000000083700000|100%| S|CS|TAMS 0x0000000083600000, 0x0000000083600000| Complete 
|  55|0x0000000083700000, 0x0000000083700000, 0x0000000083800000|  0%| F|  |TAMS 0x0000000083700000, 0x0000000083700000| Untracked 
|  56|0x0000000083800000, 0x0000000083800000, 0x0000000083900000|  0%| F|  |TAMS 0x0000000083800000, 0x0000000083800000| Untracked 
|  57|0x0000000083900000, 0x0000000083900000, 0x0000000083a00000|  0%| F|  |TAMS 0x0000000083900000, 0x0000000083900000| Untracked 
|  58|0x0000000083a00000, 0x0000000083a00000, 0x0000000083b00000|  0%| F|  |TAMS 0x0000000083a00000, 0x0000000083a00000| Untracked 
|  59|0x0000000083b00000, 0x0000000083b00000, 0x0000000083c00000|  0%| F|  |TAMS 0x0000000083b00000, 0x0000000083b00000| Untracked 
|  60|0x0000000083c00000, 0x0000000083c00000, 0x0000000083d00000|  0%| F|  |TAMS 0x0000000083c00000, 0x0000000083c00000| Untracked 
|  61|0x0000000083d00000, 0x0000000083d00000, 0x0000000083e00000|  0%| F|  |TAMS 0x0000000083d00000, 0x0000000083d00000| Untracked 
|  62|0x0000000083e00000, 0x0000000083e00000, 0x0000000083f00000|  0%| F|  |TAMS 0x0000000083e00000, 0x0000000083e00000| Untracked 
|  63|0x0000000083f00000, 0x0000000083f00000, 0x0000000084000000|  0%| F|  |TAMS 0x0000000083f00000, 0x0000000083f00000| Untracked 
|  64|0x0000000084000000, 0x0000000084000000, 0x0000000084100000|  0%| F|  |TAMS 0x0000000084000000, 0x0000000084000000| Untracked 
|  65|0x0000000084100000, 0x0000000084100000, 0x0000000084200000|  0%| F|  |TAMS 0x0000000084100000, 0x0000000084100000| Untracked 
|  66|0x0000000084200000, 0x0000000084200000, 0x0000000084300000|  0%| F|  |TAMS 0x0000000084200000, 0x0000000084200000| Untracked 
|  67|0x0000000084300000, 0x0000000084300000, 0x0000000084400000|  0%| F|  |TAMS 0x0000000084300000, 0x0000000084300000| Untracked 
|  68|0x0000000084400000, 0x0000000084400000, 0x0000000084500000|  0%| F|  |TAMS 0x0000000084400000, 0x0000000084400000| Untracked 
|  69|0x0000000084500000, 0x0000000084500000, 0x0000000084600000|  0%| F|  |TAMS 0x0000000084500000, 0x0000000084500000| Untracked 
|  70|0x0000000084600000, 0x0000000084700000, 0x0000000084700000|100%| E|  |TAMS 0x0000000084600000, 0x0000000084600000| Complete 
| 233|0x000000008e900000, 0x000000008ea00000, 0x000000008ea00000|100%| E|CS|TAMS 0x000000008e900000, 0x000000008e900000| Complete 
| 234|0x000000008ea00000, 0x000000008eb00000, 0x000000008eb00000|100%| E|CS|TAMS 0x000000008ea00000, 0x000000008ea00000| Complete 
| 235|0x000000008eb00000, 0x000000008ec00000, 0x000000008ec00000|100%| E|CS|TAMS 0x000000008eb00000, 0x000000008eb00000| Complete 
| 236|0x000000008ec00000, 0x000000008ed00000, 0x000000008ed00000|100%| E|CS|TAMS 0x000000008ec00000, 0x000000008ec00000| Complete 
| 237|0x000000008ed00000, 0x000000008ee00000, 0x000000008ee00000|100%| E|CS|TAMS 0x000000008ed00000, 0x000000008ed00000| Complete 
| 238|0x000000008ee00000, 0x000000008ef00000, 0x000000008ef00000|100%| E|CS|TAMS 0x000000008ee00000, 0x000000008ee00000| Complete 
| 239|0x000000008ef00000, 0x000000008f000000, 0x000000008f000000|100%| E|CS|TAMS 0x000000008ef00000, 0x000000008ef00000| Complete 
| 240|0x000000008f000000, 0x000000008f100000, 0x000000008f100000|100%| E|CS|TAMS 0x000000008f000000, 0x000000008f000000| Complete 
| 241|0x000000008f100000, 0x000000008f200000, 0x000000008f200000|100%| E|CS|TAMS 0x000000008f100000, 0x000000008f100000| Complete 
| 242|0x000000008f200000, 0x000000008f300000, 0x000000008f300000|100%| E|CS|TAMS 0x000000008f200000, 0x000000008f200000| Complete 
| 251|0x000000008fb00000, 0x000000008fc00000, 0x000000008fc00000|100%| E|CS|TAMS 0x000000008fb00000, 0x000000008fb00000| Complete 

Card table byte_map: [0x00000278b3660000,0x00000278b3a60000] _byte_map_base: 0x00000278b3260000

Marking Bits (Prev, Next): (CMBitMap*) 0x0000027899371008, (CMBitMap*) 0x0000027899371048
 Prev Bits: [0x00000278b3e60000, 0x00000278b5e60000)
 Next Bits: [0x00000278b5e60000, 0x00000278b7e60000)

Polling page: 0x0000027899400000

Metaspace:

Usage:
  Non-class:     48.03 MB capacity,    46.95 MB ( 98%) used,   919.08 KB (  2%) free+waste,   184.06 KB ( <1%) overhead. 
      Class:      8.25 MB capacity,     7.57 MB ( 92%) used,   607.49 KB (  7%) free+waste,    91.19 KB (  1%) overhead. 
       Both:     56.27 MB capacity,    54.51 MB ( 97%) used,     1.49 MB (  3%) free+waste,   275.25 KB ( <1%) overhead. 

Virtual space:
  Non-class space:       50.00 MB reserved,      48.25 MB ( 97%) committed 
      Class space:      504.00 MB reserved,       8.25 MB (  2%) committed 
             Both:      554.00 MB reserved,      56.50 MB ( 10%) committed 

Chunk freelists:
   Non-Class:  38.00 KB
       Class:  2.00 KB
        Both:  40.00 KB

MaxMetaspaceSize: 512.00 MB
CompressedClassSpaceSize: 504.00 MB

CodeHeap 'non-profiled nmethods': size=119168Kb used=3339Kb max_used=3339Kb free=115828Kb
 bounds [0x00000278aae50000, 0x00000278ab1a0000, 0x00000278b22b0000]
CodeHeap 'profiled nmethods': size=119104Kb used=12738Kb max_used=12738Kb free=106365Kb
 bounds [0x00000278a3a00000, 0x00000278a4680000, 0x00000278aae50000]
CodeHeap 'non-nmethods': size=7488Kb used=3516Kb max_used=4060Kb free=3972Kb
 bounds [0x00000278a32b0000, 0x00000278a36b0000, 0x00000278a3a00000]
 total_blobs=6795 nmethods=5928 adapters=777
 compilation: enabled
              stopped_count=0, restarted_count=0
 full_count=0

Compilation events (20 events):
Event: 11.971 Thread 0x00000278c0d42800 nmethod 6660 0x00000278a465f790 code [0x00000278a465f9c0, 0x00000278a4660568]
Event: 11.972 Thread 0x00000278c0d42800 6661       3       sun.reflect.generics.repository.ConstructorRepository::getParameterTypes (27 bytes)
Event: 11.972 Thread 0x00000278c0d42800 nmethod 6661 0x00000278a4660890 code [0x00000278a4660a60, 0x00000278a4660e58]
Event: 11.973 Thread 0x00000278bb747000 6662       3       sun.reflect.generics.reflectiveObjects.TypeVariableImpl::toString (5 bytes)
Event: 11.973 Thread 0x00000278c0d40800 6663       1       sun.reflect.generics.tree.ClassSignature::getSuperInterfaces (5 bytes)
Event: 11.973 Thread 0x00000278bb747000 nmethod 6662 0x00000278a4660f90 code [0x00000278a4661120, 0x00000278a4661258]
Event: 11.973 Thread 0x00000278c0d40800 nmethod 6663 0x00000278ab192590 code [0x00000278ab192720, 0x00000278ab1927f8]
Event: 11.973 Thread 0x00000278c0d40800 6664       3       sun.reflect.generics.reflectiveObjects.WildcardTypeImpl::toString (159 bytes)
Event: 11.974 Thread 0x00000278c0d42800 6665       3       groovyjarjarasm.asm.Frame::<init> (10 bytes)
Event: 11.974 Thread 0x00000278c0d42800 nmethod 6665 0x00000278a4661310 code [0x00000278a46614a0, 0x00000278a4661678]
Event: 11.974 Thread 0x00000278c0d40800 nmethod 6664 0x00000278a4661710 code [0x00000278a4661a80, 0x00000278a4663468]
Event: 11.975 Thread 0x00000278c0d42800 6666       3       org.gradle.tooling.internal.provider.runner.PluginApplicationTracker::track (16 bytes)
Event: 11.976 Thread 0x00000278c0d40800 6667       3       org.gradle.cache.internal.DefaultCrossBuildInMemoryCacheFactory$DefaultClassMap::maybeGetRetainedValue (9 bytes)
Event: 11.976 Thread 0x00000278bb747000 6668       3       org.gradle.cache.internal.DefaultCrossBuildInMemoryCacheFactory$DefaultClassMap::maybeGetRetainedValue (12 bytes)
Event: 11.976 Thread 0x00000278c0d42800 nmethod 6666 0x00000278a4663b10 code [0x00000278a4663cc0, 0x00000278a4663ec8]
Event: 11.976 Thread 0x00000278c0d40800 nmethod 6667 0x00000278a4663f90 code [0x00000278a4664160, 0x00000278a4664518]
Event: 11.976 Thread 0x00000278bb747000 nmethod 6668 0x00000278a4664690 code [0x00000278a46648c0, 0x00000278a4665358]
Event: 11.976 Thread 0x00000278c0d40800 6669       3       org.gradle.cache.internal.DefaultCrossBuildInMemoryCacheFactory$DefaultClassMap::retainValue (10 bytes)
Event: 11.976 Thread 0x00000278c0d42800 6670       3       org.gradle.cache.internal.DefaultCrossBuildInMemoryCacheFactory$DefaultClassMap::retainValue (14 bytes)
Event: 11.977 Thread 0x00000278c0d40800 nmethod 6669 0x00000278a4665610 code [0x00000278a46657e0, 0x00000278a4665b98]

GC Heap History (20 events):
Event: 10.398 GC heap before
{Heap before GC invocations=18 (full 0):
 garbage-first heap   total 71680K, used 42146K [0x0000000080000000, 0x0000000100000000)
  region size 1024K, 8 young (8192K), 2 survivors (2048K)
 Metaspace       used 43172K, capacity 44591K, committed 44800K, reserved 555008K
  class space    used 6030K, capacity 6585K, committed 6656K, reserved 516096K
}
Event: 10.401 GC heap after
{Heap after GC invocations=19 (full 0):
 garbage-first heap   total 71680K, used 37789K [0x0000000080000000, 0x0000000100000000)
  region size 1024K, 3 young (3072K), 3 survivors (3072K)
 Metaspace       used 43172K, capacity 44591K, committed 44800K, reserved 555008K
  class space    used 6030K, capacity 6585K, committed 6656K, reserved 516096K
}
Event: 10.451 GC heap before
{Heap before GC invocations=20 (full 0):
 garbage-first heap   total 71680K, used 40861K [0x0000000080000000, 0x0000000100000000)
  region size 1024K, 6 young (6144K), 3 survivors (3072K)
 Metaspace       used 43501K, capacity 44941K, committed 45184K, reserved 555008K
  class space    used 6067K, capacity 6660K, committed 6784K, reserved 516096K
}
Event: 10.453 GC heap after
{Heap after GC invocations=21 (full 0):
 garbage-first heap   total 71680K, used 39634K [0x0000000080000000, 0x0000000100000000)
  region size 1024K, 3 young (3072K), 3 survivors (3072K)
 Metaspace       used 43501K, capacity 44941K, committed 45184K, reserved 555008K
  class space    used 6067K, capacity 6660K, committed 6784K, reserved 516096K
}
Event: 10.719 GC heap before
{Heap before GC invocations=22 (full 0):
 garbage-first heap   total 75776K, used 61138K [0x0000000080000000, 0x0000000100000000)
  region size 1024K, 21 young (21504K), 3 survivors (3072K)
 Metaspace       used 46134K, capacity 47596K, committed 47744K, reserved 557056K
  class space    used 6414K, capacity 7014K, committed 7040K, reserved 516096K
}
Event: 10.721 GC heap after
{Heap after GC invocations=23 (full 0):
 garbage-first heap   total 75776K, used 44221K [0x0000000080000000, 0x0000000100000000)
  region size 1024K, 3 young (3072K), 3 survivors (3072K)
 Metaspace       used 46134K, capacity 47596K, committed 47744K, reserved 557056K
  class space    used 6414K, capacity 7014K, committed 7040K, reserved 516096K
}
Event: 10.924 GC heap before
{Heap before GC invocations=23 (full 0):
 garbage-first heap   total 75776K, used 61629K [0x0000000080000000, 0x0000000100000000)
  region size 1024K, 20 young (20480K), 3 survivors (3072K)
 Metaspace       used 47633K, capacity 49106K, committed 49280K, reserved 559104K
  class space    used 6656K, capacity 7262K, committed 7296K, reserved 516096K
}
Event: 10.928 GC heap after
{Heap after GC invocations=24 (full 0):
 garbage-first heap   total 75776K, used 44701K [0x0000000080000000, 0x0000000100000000)
  region size 1024K, 1 young (1024K), 1 survivors (1024K)
 Metaspace       used 47633K, capacity 49106K, committed 49280K, reserved 559104K
  class space    used 6656K, capacity 7262K, committed 7296K, reserved 516096K
}
Event: 11.101 GC heap before
{Heap before GC invocations=25 (full 0):
 garbage-first heap   total 80896K, used 61085K [0x0000000080000000, 0x0000000100000000)
  region size 1024K, 17 young (17408K), 1 survivors (1024K)
 Metaspace       used 48769K, capacity 50399K, committed 50560K, reserved 559104K
  class space    used 6812K, capacity 7434K, committed 7552K, reserved 516096K
}
Event: 11.103 GC heap after
{Heap after GC invocations=26 (full 0):
 garbage-first heap   total 80896K, used 45306K [0x0000000080000000, 0x0000000100000000)
  region size 1024K, 2 young (2048K), 2 survivors (2048K)
 Metaspace       used 48769K, capacity 50399K, committed 50560K, reserved 559104K
  class space    used 6812K, capacity 7434K, committed 7552K, reserved 516096K
}
Event: 11.312 GC heap before
{Heap before GC invocations=26 (full 0):
 garbage-first heap   total 80896K, used 64762K [0x0000000080000000, 0x0000000100000000)
  region size 1024K, 21 young (21504K), 2 survivors (2048K)
 Metaspace       used 50518K, capacity 52096K, committed 52352K, reserved 561152K
  class space    used 7057K, capacity 7702K, committed 7808K, reserved 516096K
}
Event: 11.314 GC heap after
{Heap after GC invocations=27 (full 0):
 garbage-first heap   total 80896K, used 46077K [0x0000000080000000, 0x0000000100000000)
  region size 1024K, 2 young (2048K), 2 survivors (2048K)
 Metaspace       used 50518K, capacity 52096K, committed 52352K, reserved 561152K
  class space    used 7057K, capacity 7702K, committed 7808K, reserved 516096K
}
Event: 11.457 GC heap before
{Heap before GC invocations=28 (full 0):
 garbage-first heap   total 83968K, used 65533K [0x0000000080000000, 0x0000000100000000)
  region size 1024K, 21 young (21504K), 2 survivors (2048K)
 Metaspace       used 51637K, capacity 53216K, committed 53504K, reserved 563200K
  class space    used 7224K, capacity 7862K, committed 7936K, reserved 516096K
}
Event: 11.459 GC heap after
{Heap after GC invocations=29 (full 0):
 garbage-first heap   total 83968K, used 46492K [0x0000000080000000, 0x0000000100000000)
  region size 1024K, 2 young (2048K), 2 survivors (2048K)
 Metaspace       used 51637K, capacity 53216K, committed 53504K, reserved 563200K
  class space    used 7224K, capacity 7862K, committed 7936K, reserved 516096K
}
Event: 11.472 GC heap before
{Heap before GC invocations=29 (full 0):
 garbage-first heap   total 83968K, used 48540K [0x0000000080000000, 0x0000000100000000)
  region size 1024K, 4 young (4096K), 2 survivors (2048K)
 Metaspace       used 51773K, capacity 53376K, committed 53504K, reserved 563200K
  class space    used 7243K, capacity 7894K, committed 7936K, reserved 516096K
}
Event: 11.476 GC heap after
{Heap after GC invocations=30 (full 0):
 garbage-first heap   total 83968K, used 42241K [0x0000000080000000, 0x0000000100000000)
  region size 1024K, 1 young (1024K), 1 survivors (1024K)
 Metaspace       used 51773K, capacity 53376K, committed 53504K, reserved 563200K
  class space    used 7243K, capacity 7894K, committed 7936K, reserved 516096K
}
Event: 11.605 GC heap before
{Heap before GC invocations=30 (full 0):
 garbage-first heap   total 83968K, used 66817K [0x0000000080000000, 0x0000000100000000)
  region size 1024K, 26 young (26624K), 1 survivors (1024K)
 Metaspace       used 53465K, capacity 55072K, committed 55296K, reserved 563200K
  class space    used 7466K, capacity 8118K, committed 8192K, reserved 516096K
}
Event: 11.607 GC heap after
{Heap after GC invocations=31 (full 0):
 garbage-first heap   total 83968K, used 42362K [0x0000000080000000, 0x0000000100000000)
  region size 1024K, 1 young (1024K), 1 survivors (1024K)
 Metaspace       used 53465K, capacity 55072K, committed 55296K, reserved 563200K
  class space    used 7466K, capacity 8118K, committed 8192K, reserved 516096K
}
Event: 11.852 GC heap before
{Heap before GC invocations=32 (full 0):
 garbage-first heap   total 83968K, used 67962K [0x0000000080000000, 0x0000000100000000)
  region size 1024K, 27 young (27648K), 1 survivors (1024K)
 Metaspace       used 54916K, capacity 56596K, committed 56704K, reserved 565248K
  class space    used 7610K, capacity 8297K, committed 8320K, reserved 516096K
}
Event: 11.854 GC heap after
{Heap after GC invocations=33 (full 0):
 garbage-first heap   total 83968K, used 44994K [0x0000000080000000, 0x0000000100000000)
  region size 1024K, 4 young (4096K), 4 survivors (4096K)
 Metaspace       used 54916K, capacity 56596K, committed 56704K, reserved 565248K
  class space    used 7610K, capacity 8297K, committed 8320K, reserved 516096K
}

Deoptimization events (20 events):
Event: 11.843 Thread 0x00000278bdafc800 Uncommon trap: trap_request=0xffffff45 fr.pc=0x00000278aaf62638 relative=0x0000000000000718
Event: 11.843 Thread 0x00000278bdafc800 Uncommon trap: reason=unstable_if action=reinterpret pc=0x00000278aaf62638 method=java.util.HashMap.putVal(ILjava/lang/Object;Ljava/lang/Object;ZZ)Ljava/lang/Object; @ 109 c2
Event: 11.843 Thread 0x00000278bdafc800 DEOPT PACKING pc=0x00000278aaf62638 sp=0x000000f04aaf7090
Event: 11.843 Thread 0x00000278bdafc800 DEOPT UNPACKING pc=0x00000278a32b852f sp=0x000000f04aaf7018 mode 2
Event: 11.844 Thread 0x00000278bdafc800 Uncommon trap: trap_request=0xffffff45 fr.pc=0x00000278aaecbea4 relative=0x00000000000009e4
Event: 11.844 Thread 0x00000278bdafc800 Uncommon trap: reason=unstable_if action=reinterpret pc=0x00000278aaecbea4 method=java.util.HashMap.resize()[Ljava/util/HashMap$Node; @ 203 c2
Event: 11.844 Thread 0x00000278bdafc800 DEOPT PACKING pc=0x00000278aaecbea4 sp=0x000000f04aaf6f90
Event: 11.844 Thread 0x00000278bdafc800 DEOPT UNPACKING pc=0x00000278a32b852f sp=0x000000f04aaf6f38 mode 2
Event: 11.846 Thread 0x00000278bdafc800 Uncommon trap: trap_request=0xffffff45 fr.pc=0x00000278aaf4c340 relative=0x00000000000002e0
Event: 11.846 Thread 0x00000278bdafc800 Uncommon trap: reason=unstable_if action=reinterpret pc=0x00000278aaf4c340 method=java.util.HashMap.getNode(ILjava/lang/Object;)Ljava/util/HashMap$Node; @ 84 c2
Event: 11.846 Thread 0x00000278bdafc800 DEOPT PACKING pc=0x00000278aaf4c340 sp=0x000000f04aaf70f0
Event: 11.846 Thread 0x00000278bdafc800 DEOPT UNPACKING pc=0x00000278a32b852f sp=0x000000f04aaf7000 mode 2
Event: 11.846 Thread 0x00000278bdafc800 Uncommon trap: trap_request=0xffffff45 fr.pc=0x00000278aafe1fbc relative=0x00000000000001dc
Event: 11.846 Thread 0x00000278bdafc800 Uncommon trap: reason=unstable_if action=reinterpret pc=0x00000278aafe1fbc method=java.util.HashMap.getNode(ILjava/lang/Object;)Ljava/util/HashMap$Node; @ 84 c2
Event: 11.846 Thread 0x00000278bdafc800 DEOPT PACKING pc=0x00000278aafe1fbc sp=0x000000f04aaf7060
Event: 11.846 Thread 0x00000278bdafc800 DEOPT UNPACKING pc=0x00000278a32b852f sp=0x000000f04aaf6fe8 mode 2
Event: 11.971 Thread 0x00000278bdafc800 Uncommon trap: trap_request=0xffffff45 fr.pc=0x00000278aafe5a04 relative=0x0000000000000984
Event: 11.971 Thread 0x00000278bdafc800 Uncommon trap: reason=unstable_if action=reinterpret pc=0x00000278aafe5a04 method=java.util.WeakHashMap.eq(Ljava/lang/Object;Ljava/lang/Object;)Z @ 2 c2
Event: 11.971 Thread 0x00000278bdafc800 DEOPT PACKING pc=0x00000278aafe5a04 sp=0x000000f04aaf5d40
Event: 11.971 Thread 0x00000278bdafc800 DEOPT UNPACKING pc=0x00000278a32b852f sp=0x000000f04aaf5cb0 mode 2

Classes unloaded (11 events):
Event: 10.949 Thread 0x00000278bb721000 Unloading class 0x0000000801194440 'org/gradle/internal/model/CalculatedValueContainer$CalculationState$$Lambda$706'
Event: 10.950 Thread 0x00000278bb721000 Unloading class 0x0000000801194040 'org/gradle/internal/model/CalculatedValueContainer$CalculationState$$Lambda$705'
Event: 10.950 Thread 0x00000278bb721000 Unloading class 0x0000000801194c40 'org/gradle/internal/model/CalculatedValueContainer$CalculationState$$Lambda$702'
Event: 10.950 Thread 0x00000278bb721000 Unloading class 0x0000000801194840 'org/gradle/internal/model/CalculatedValueContainer$CalculationState$$Lambda$703'
Event: 10.950 Thread 0x00000278bb721000 Unloading class 0x0000000801195440 'org/gradle/internal/model/CalculatedValueContainer$CalculationState$$Lambda$704'
Event: 10.950 Thread 0x00000278bb721000 Unloading class 0x0000000801195c40 'org/gradle/internal/operations/DefaultBuildOperationQueue$WorkerRunnable$$Lambda$700'
Event: 10.950 Thread 0x00000278bb721000 Unloading class 0x0000000801195840 'org/gradle/internal/operations/DefaultBuildOperationQueue$WorkerRunnable$$Lambda$699'
Event: 10.950 Thread 0x00000278bb721000 Unloading class 0x0000000801196440 'org/gradle/internal/operations/DefaultBuildOperationQueue$WorkerRunnable$$Lambda$698'
Event: 10.950 Thread 0x00000278bb721000 Unloading class 0x0000000801196c40 'org/gradle/internal/operations/DefaultBuildOperationQueue$WorkerRunnable$$Lambda$696'
Event: 10.950 Thread 0x00000278bb721000 Unloading class 0x0000000801197440 'org/gradle/internal/operations/DefaultBuildOperationQueue$WorkerRunnable$$Lambda$694'
Event: 10.950 Thread 0x00000278bb721000 Unloading class 0x0000000801197040 'org/gradle/internal/operations/DefaultBuildOperationQueue$WorkerRunnable$$Lambda$693'

Classes redefined (0 events):
No events

Internal exceptions (20 events):
Event: 11.247 Thread 0x00000278bdafc800 Exception <a 'java/lang/ClassNotFoundException'{0x000000008424f398}: org/jetbrains/kotlin/gradle/targets/js/npm/DefaultNpmDependencyExtensionBeanInfo> (0x000000008424f398) 
thrown [./open/src/hotspot/share/classfile/systemDictionary.cpp, line 226]
Event: 11.247 Thread 0x00000278bdafc800 Exception <a 'java/lang/ClassNotFoundException'{0x000000008425d090}: org/jetbrains/kotlin/gradle/targets/js/npm/DefaultNpmDependencyExtensionCustomizer> (0x000000008425d090) 
thrown [./open/src/hotspot/share/classfile/systemDictionary.cpp, line 226]
Event: 11.253 Thread 0x00000278bdafc800 Exception <a 'java/lang/ClassNotFoundException'{0x00000000842e1050}: org/jetbrains/kotlin/gradle/targets/js/npm/NpmDependencyExtensionKt$defaultNpmDependencyDelegate$1BeanInfo> (0x00000000842e1050) 
thrown [./open/src/hotspot/share/classfile/systemDictionary.cpp, line 226]
Event: 11.253 Thread 0x00000278bdafc800 Exception <a 'java/lang/ClassNotFoundException'{0x00000000842efb70}: org/jetbrains/kotlin/gradle/targets/js/npm/NpmDependencyExtensionDelegateBeanInfo> (0x00000000842efb70) 
thrown [./open/src/hotspot/share/classfile/systemDictionary.cpp, line 226]
Event: 11.253 Thread 0x00000278bdafc800 Exception <a 'java/lang/ClassNotFoundException'{0x00000000842fea78}: org/jetbrains/kotlin/gradle/targets/js/npm/NpmDependencyExtensionDelegateCustomizer> (0x00000000842fea78) 
thrown [./open/src/hotspot/share/classfile/systemDictionary.cpp, line 226]
Event: 11.254 Thread 0x00000278bdafc800 Exception <a 'java/lang/ClassNotFoundException'{0x0000000084128100}: org/jetbrains/kotlin/gradle/targets/js/npm/NpmDependencyExtensionKt$defaultNpmDependencyDelegate$1Customizer> (0x0000000084128100) 
thrown [./open/src/hotspot/share/classfile/systemDictionary.cpp, line 226]
Event: 11.256 Thread 0x00000278bdafc800 Exception <a 'java/lang/ClassNotFoundException'{0x000000008416e898}: org/jetbrains/kotlin/gradle/targets/js/npm/DefaultDevNpmDependencyExtensionBeanInfo> (0x000000008416e898) 
thrown [./open/src/hotspot/share/classfile/systemDictionary.cpp, line 226]
Event: 11.257 Thread 0x00000278bdafc800 Exception <a 'java/lang/ClassNotFoundException'{0x000000008417c7b8}: org/jetbrains/kotlin/gradle/targets/js/npm/DefaultDevNpmDependencyExtensionCustomizer> (0x000000008417c7b8) 
thrown [./open/src/hotspot/share/classfile/systemDictionary.cpp, line 226]
Event: 11.259 Thread 0x00000278bdafc800 Exception <a 'java/lang/ClassNotFoundException'{0x00000000841c6948}: org/jetbrains/kotlin/gradle/targets/js/npm/DefaultPeerNpmDependencyExtensionBeanInfo> (0x00000000841c6948) 
thrown [./open/src/hotspot/share/classfile/systemDictionary.cpp, line 226]
Event: 11.259 Thread 0x00000278bdafc800 Exception <a 'java/lang/ClassNotFoundException'{0x00000000841d4878}: org/jetbrains/kotlin/gradle/targets/js/npm/DefaultPeerNpmDependencyExtensionCustomizer> (0x00000000841d4878) 
thrown [./open/src/hotspot/share/classfile/systemDictionary.cpp, line 226]
Event: 11.261 Thread 0x00000278bdafc800 Exception <a 'java/lang/ClassNotFoundException'{0x0000000084026670}: org/jetbrains/kotlin/gradle/targets/js/npm/DefaultPeerNpmDependencyExtension$delegate$1BeanInfo> (0x0000000084026670) 
thrown [./open/src/hotspot/share/classfile/systemDictionary.cpp, line 226]
Event: 11.262 Thread 0x00000278bdafc800 Exception <a 'java/lang/ClassNotFoundException'{0x0000000084034fd8}: org/jetbrains/kotlin/gradle/targets/js/npm/DefaultPeerNpmDependencyExtension$delegate$1Customizer> (0x0000000084034fd8) 
thrown [./open/src/hotspot/share/classfile/systemDictionary.cpp, line 226]
Event: 11.968 Thread 0x00000278bdafc800 Exception <a 'java/lang/ClassNotFoundException'{0x000000008ecd87c8}: org/gradle/api/internal/plugins/DefaultPluginContainerBeanInfo> (0x000000008ecd87c8) 
thrown [./open/src/hotspot/share/classfile/systemDictionary.cpp, line 226]
Event: 11.968 Thread 0x00000278bdafc800 Exception <a 'java/lang/ClassNotFoundException'{0x000000008ecf5b28}: org/gradle/api/internal/plugins/DefaultPluginCollectionBeanInfo> (0x000000008ecf5b28) 
thrown [./open/src/hotspot/share/classfile/systemDictionary.cpp, line 226]
Event: 11.969 Thread 0x00000278bdafc800 Exception <a 'java/lang/ClassNotFoundException'{0x000000008eb11c20}: org/gradle/api/internal/DefaultDomainObjectSetBeanInfo> (0x000000008eb11c20) 
thrown [./open/src/hotspot/share/classfile/systemDictionary.cpp, line 226]
Event: 11.969 Thread 0x00000278bdafc800 Exception <a 'java/lang/ClassNotFoundException'{0x000000008eb2ed78}: org/gradle/api/internal/DefaultDomainObjectCollectionBeanInfo> (0x000000008eb2ed78) 
thrown [./open/src/hotspot/share/classfile/systemDictionary.cpp, line 226]
Event: 11.969 Thread 0x00000278bdafc800 Exception <a 'java/lang/ClassNotFoundException'{0x000000008eb4c1e8}: org/gradle/api/internal/DefaultDomainObjectCollectionCustomizer> (0x000000008eb4c1e8) 
thrown [./open/src/hotspot/share/classfile/systemDictionary.cpp, line 226]
Event: 11.971 Thread 0x00000278bdafc800 Exception <a 'java/lang/ClassNotFoundException'{0x000000008eb873e0}: org/gradle/api/internal/DefaultDomainObjectSetCustomizer> (0x000000008eb873e0) 
thrown [./open/src/hotspot/share/classfile/systemDictionary.cpp, line 226]
Event: 11.972 Thread 0x00000278bdafc800 Exception <a 'java/lang/ClassNotFoundException'{0x000000008ebb2590}: org/gradle/api/internal/plugins/DefaultPluginCollectionCustomizer> (0x000000008ebb2590) 
thrown [./open/src/hotspot/share/classfile/systemDictionary.cpp, line 226]
Event: 11.973 Thread 0x00000278bdafc800 Exception <a 'java/lang/ClassNotFoundException'{0x000000008ebf7fd8}: org/gradle/api/internal/plugins/DefaultPluginContainerCustomizer> (0x000000008ebf7fd8) 
thrown [./open/src/hotspot/share/classfile/systemDictionary.cpp, line 226]

Events (20 events):
Event: 11.640 Executing VM operation: G1Concurrent
Event: 11.641 Executing VM operation: G1Concurrent done
Event: 11.792 Executing VM operation: ICBufferFull
Event: 11.793 Executing VM operation: ICBufferFull done
Event: 11.809 loading class jdk/internal/loader/URLClassPath$FileLoader
Event: 11.809 loading class jdk/internal/loader/URLClassPath$FileLoader done
Event: 11.810 loading class jdk/internal/loader/URLClassPath$FileLoader$1
Event: 11.810 loading class jdk/internal/loader/URLClassPath$FileLoader$1 done
Event: 11.852 Executing VM operation: G1CollectForAllocation
Event: 11.854 Executing VM operation: G1CollectForAllocation done
Event: 11.957 loading class java/util/AbstractList$RandomAccessSubList
Event: 11.958 loading class java/util/AbstractList$SubList
Event: 11.958 loading class java/util/AbstractList$SubList done
Event: 11.958 loading class java/util/AbstractList$RandomAccessSubList done
Event: 11.958 loading class java/util/AbstractList$SubList$1
Event: 11.958 loading class java/util/AbstractList$SubList$1 done
Event: 11.958 loading class java/util/AbstractList$ListItr
Event: 11.958 loading class java/util/AbstractList$ListItr done
Event: 11.959 Executing VM operation: HandshakeAllThreads
Event: 11.959 Executing VM operation: HandshakeAllThreads done


Dynamic libraries:
0x00007ff7925d0000 - 0x00007ff7925df000 	C:\Program Files\Java\jdk-14.0.2\bin\java.exe
0x00007ff8ca630000 - 0x00007ff8ca844000 	C:\WINDOWS\SYSTEM32\ntdll.dll
0x00007ff8c8c10000 - 0x00007ff8c8cd4000 	C:\WINDOWS\System32\KERNEL32.DLL
0x00007ff8c7cf0000 - 0x00007ff8c8094000 	C:\WINDOWS\System32\KERNELBASE.dll
0x00007ff8c7ab0000 - 0x00007ff8c7bc1000 	C:\WINDOWS\System32\ucrtbase.dll
0x00007ff859760000 - 0x00007ff859775000 	C:\Program Files\Java\jdk-14.0.2\bin\VCRUNTIME140.dll
0x00007ff859740000 - 0x00007ff859758000 	C:\Program Files\Java\jdk-14.0.2\bin\jli.dll
0x00007ff8c8e10000 - 0x00007ff8c8ec0000 	C:\WINDOWS\System32\ADVAPI32.dll
0x00007ff8ca500000 - 0x00007ff8ca5a7000 	C:\WINDOWS\System32\msvcrt.dll
0x00007ff8c8ce0000 - 0x00007ff8c8d86000 	C:\WINDOWS\System32\sechost.dll
0x00007ff8c9530000 - 0x00007ff8c9647000 	C:\WINDOWS\System32\RPCRT4.dll
0x00007ff8c87e0000 - 0x00007ff8c898a000 	C:\WINDOWS\System32\USER32.dll
0x00007ff8c7cc0000 - 0x00007ff8c7ce6000 	C:\WINDOWS\System32\win32u.dll
0x00007ff8a0f00000 - 0x00007ff8a118f000 	C:\WINDOWS\WinSxS\amd64_microsoft.windows.common-controls_6595b64144ccf1df_6.0.22621.2070_none_2713e6537381f706\COMCTL32.dll
0x00007ff8c8a00000 - 0x00007ff8c8a29000 	C:\WINDOWS\System32\GDI32.dll
0x00007ff8c82d0000 - 0x00007ff8c83e9000 	C:\WINDOWS\System32\gdi32full.dll
0x00007ff8c7a10000 - 0x00007ff8c7aaa000 	C:\WINDOWS\System32\msvcp_win.dll
0x00007ff8c1260000 - 0x00007ff8c126a000 	C:\WINDOWS\SYSTEM32\VERSION.dll
0x00007ff8ca5b0000 - 0x00007ff8ca5e1000 	C:\WINDOWS\System32\IMM32.DLL
0x00007ff8596a0000 - 0x00007ff85973b000 	C:\Program Files\Java\jdk-14.0.2\bin\msvcp140.dll
0x00007ff858b80000 - 0x00007ff85969e000 	C:\Program Files\Java\jdk-14.0.2\bin\server\jvm.dll
0x00007ff8ca2d0000 - 0x00007ff8ca2d8000 	C:\WINDOWS\System32\PSAPI.DLL
0x00007ff88e910000 - 0x00007ff88e919000 	C:\WINDOWS\SYSTEM32\WSOCK32.dll
0x00007ff8c0ce0000 - 0x00007ff8c0d14000 	C:\WINDOWS\SYSTEM32\WINMM.dll
0x00007ff8c8b80000 - 0x00007ff8c8bf1000 	C:\WINDOWS\System32\WS2_32.dll
0x00007ff8c6a30000 - 0x00007ff8c6a48000 	C:\WINDOWS\SYSTEM32\kernel.appcore.dll
0x00007ff88c570000 - 0x00007ff88c57a000 	C:\Program Files\Java\jdk-14.0.2\bin\jimage.dll
0x00007ff8c53c0000 - 0x00007ff8c55ee000 	C:\WINDOWS\SYSTEM32\DBGHELP.DLL
0x00007ff8c8450000 - 0x00007ff8c87da000 	C:\WINDOWS\System32\combase.dll
0x00007ff8c9350000 - 0x00007ff8c9427000 	C:\WINDOWS\System32\OLEAUT32.dll
0x00007ff8afff0000 - 0x00007ff8b0022000 	C:\WINDOWS\SYSTEM32\dbgcore.DLL
0x00007ff8c7bd0000 - 0x00007ff8c7c4a000 	C:\WINDOWS\System32\bcryptPrimitives.dll
0x00007ff858b50000 - 0x00007ff858b75000 	C:\Program Files\Java\jdk-14.0.2\bin\java.dll
0x00007ff858b30000 - 0x00007ff858b46000 	C:\Program Files\Java\jdk-14.0.2\bin\zip.dll
0x00007ff8c9ab0000 - 0x00007ff8ca2c6000 	C:\WINDOWS\System32\SHELL32.dll
0x00007ff8c5990000 - 0x00007ff8c627a000 	C:\WINDOWS\SYSTEM32\windows.storage.dll
0x00007ff8c5850000 - 0x00007ff8c598e000 	C:\WINDOWS\SYSTEM32\wintypes.dll
0x00007ff8c9700000 - 0x00007ff8c97f3000 	C:\WINDOWS\System32\SHCORE.dll
0x00007ff8ca300000 - 0x00007ff8ca35e000 	C:\WINDOWS\System32\shlwapi.dll
0x00007ff8c7940000 - 0x00007ff8c7966000 	C:\WINDOWS\SYSTEM32\profapi.dll
0x00007ff858b10000 - 0x00007ff858b29000 	C:\Program Files\Java\jdk-14.0.2\bin\net.dll
0x00007ff8c0fe0000 - 0x00007ff8c1117000 	C:\WINDOWS\SYSTEM32\WINHTTP.dll
0x00007ff8c6f80000 - 0x00007ff8c6fe9000 	C:\WINDOWS\system32\mswsock.dll
0x00007ff858af0000 - 0x00007ff858b02000 	C:\Program Files\Java\jdk-14.0.2\bin\nio.dll
0x00007ff8c1f20000 - 0x00007ff8c1f30000 	C:\Program Files\Java\jdk-14.0.2\bin\verify.dll
0x00007ff861150000 - 0x00007ff861177000 	C:\Users\Admin\.gradle\native\e1d6ef7f7dcc3fd88c89a11ec53ec762bb8ba0a96d01ffa2cd45eb1d1d8dd5c5\windows-amd64\native-platform.dll
0x00007ff84f410000 - 0x00007ff84f554000 	C:\Users\Admin\.gradle\native\0d407fdbe67a94daf76414ababcb853783967236a71b16ec16e742cd7a986fd3\windows-amd64\native-platform-file-events.dll
0x00007ff88ae60000 - 0x00007ff88ae69000 	C:\Program Files\Java\jdk-14.0.2\bin\management.dll
0x00007ff88ade0000 - 0x00007ff88adeb000 	C:\Program Files\Java\jdk-14.0.2\bin\management_ext.dll
0x00007ff8c71a0000 - 0x00007ff8c71bb000 	C:\WINDOWS\SYSTEM32\CRYPTSP.dll
0x00007ff8c69f0000 - 0x00007ff8c6a25000 	C:\WINDOWS\system32\rsaenh.dll
0x00007ff8c7040000 - 0x00007ff8c706c000 	C:\WINDOWS\SYSTEM32\USERENV.dll
0x00007ff8c73b0000 - 0x00007ff8c73d8000 	C:\WINDOWS\SYSTEM32\bcrypt.dll
0x00007ff8c71c0000 - 0x00007ff8c71cc000 	C:\WINDOWS\SYSTEM32\CRYPTBASE.dll
0x00007ff8c64e0000 - 0x00007ff8c650d000 	C:\WINDOWS\SYSTEM32\IPHLPAPI.DLL
0x00007ff8c8ec0000 - 0x00007ff8c8ec9000 	C:\WINDOWS\System32\NSI.dll
0x00007ff8c1270000 - 0x00007ff8c1289000 	C:\WINDOWS\SYSTEM32\dhcpcsvc6.DLL
0x00007ff8c0d20000 - 0x00007ff8c0d3f000 	C:\WINDOWS\SYSTEM32\dhcpcsvc.DLL
0x00007ff8c6550000 - 0x00007ff8c6643000 	C:\WINDOWS\SYSTEM32\DNSAPI.dll

dbghelp: loaded successfully - version: 4.0.5 - missing functions: none
symbol engine: initialized successfully - sym options: 0x614 - pdb path: .;C:\Program Files\Java\jdk-14.0.2\bin;C:\WINDOWS\SYSTEM32;C:\WINDOWS\WinSxS\amd64_microsoft.windows.common-controls_6595b64144ccf1df_6.0.22621.2070_none_2713e6537381f706;C:\Program Files\Java\jdk-14.0.2\bin\server;C:\Users\Admin\.gradle\native\e1d6ef7f7dcc3fd88c89a11ec53ec762bb8ba0a96d01ffa2cd45eb1d1d8dd5c5\windows-amd64;C:\Users\Admin\.gradle\native\0d407fdbe67a94daf76414ababcb853783967236a71b16ec16e742cd7a986fd3\windows-amd64

VM Arguments:
jvm_args: -XX:MaxMetaspaceSize=512m --add-opens=java.base/java.util=ALL-UNNAMED --add-opens=java.base/java.lang=ALL-UNNAMED --add-opens=java.base/java.lang.invoke=ALL-UNNAMED --add-opens=java.base/java.util=ALL-UNNAMED --add-opens=java.prefs/java.util.prefs=ALL-UNNAMED --add-opens=java.prefs/java.util.prefs=ALL-UNNAMED --add-opens=java.base/java.nio.charset=ALL-UNNAMED --add-opens=java.base/java.net=ALL-UNNAMED --add-opens=java.base/java.util.concurrent.atomic=ALL-UNNAMED -Xmx2048m -Dfile.encoding=utf8 -Duser.country=US -Duser.language=en -Duser.variant 
java_command: org.gradle.launcher.daemon.bootstrap.GradleDaemon 7.5.1
java_class_path (initial): C:\Users\Admin\.gradle\wrapper\dists\gradle-7.5.1-all\1ehga6e77gqps5uk2kc5kf1vc\gradle-7.5.1\lib\gradle-launcher-7.5.1.jar
Launcher Type: SUN_STANDARD

[Global flags]
     intx CICompilerCount                          = 12                                        {product} {ergonomic}
   size_t CompressedClassSpaceSize                 = 528482304                                 {product} {ergonomic}
     uint ConcGCThreads                            = 3                                         {product} {ergonomic}
     uint G1ConcRefinementThreads                  = 13                                        {product} {ergonomic}
   size_t G1HeapRegionSize                         = 1048576                                   {product} {ergonomic}
    uintx GCDrainStackTargetSize                   = 64                                        {product} {ergonomic}
   size_t InitialHeapSize                          = 264241152                                 {product} {ergonomic}
   size_t MarkStackSize                            = 4194304                                   {product} {ergonomic}
   size_t MaxHeapSize                              = 2147483648                                {product} {command line}
   size_t MaxMetaspaceSize                         = 536870912                                 {product} {command line}
   size_t MaxNewSize                               = 1287651328                                {product} {ergonomic}
   size_t MinHeapDeltaBytes                        = 1048576                                   {product} {ergonomic}
   size_t MinHeapSize                              = 8388608                                   {product} {ergonomic}
    uintx NonNMethodCodeHeapSize                   = 7602480                                {pd product} {ergonomic}
    uintx NonProfiledCodeHeapSize                  = 122027880                              {pd product} {ergonomic}
    uintx ProfiledCodeHeapSize                     = 122027880                              {pd product} {ergonomic}
    uintx ReservedCodeCacheSize                    = 251658240                              {pd product} {ergonomic}
     bool SegmentedCodeCache                       = true                                      {product} {ergonomic}
   size_t SoftMaxHeapSize                          = 2147483648                             {manageable} {ergonomic}
     bool UseCompressedClassPointers               = true                                 {lp64_product} {ergonomic}
     bool UseCompressedOops                        = true                                 {lp64_product} {ergonomic}
     bool UseG1GC                                  = true                                      {product} {ergonomic}
     bool UseLargePagesIndividualAllocation        = false                                  {pd product} {ergonomic}

Logging:
Log output configuration:
 #0: stdout all=warning uptime,level,tags
 #1: stderr all=off uptime,level,tags

Environment Variables:
JAVA_HOME=C:\Program Files\Java\jdk-14.0.2
PATH=C:\Program Files\Python310\Scripts\;C:\Program Files\Python310\;C:\Program Files\Python38\Scripts\;C:\Program Files\Python38\;C:\WINDOWS\system32;C:\WINDOWS;C:\WINDOWS\System32\Wbem;C:\WINDOWS\System32\WindowsPowerShell\v1.0\;C:\WINDOWS\System32\OpenSSH\;C:\Program Files\Microsoft SQL Server\Client SDK\ODBC\110\Tools\Binn\;C:\Program Files (x86)\Microsoft SQL Server\120\Tools\Binn\;C:\Program Files\Microsoft SQL Server\120\Tools\Binn\;C:\Program Files\Microsoft SQL Server\120\DTS\Binn\;C:\Program Files (x86)\Microsoft SQL Server\120\Tools\Binn\ManagementStudio\;C:\Program Files (x86)\Microsoft SQL Server\120\DTS\Binn\;C:\Program Files\Java\jdk-11.0.2\bin;C:\tomcat\apache-tomcat-9.0.63\bin;C:\Program Files\dotnet\;C:\Program Files\Microsoft SQL Server\150\Tools\Binn\;C:\Program Files\Microsoft SQL Server\Client SDK\ODBC\170\Tools\Binn\;C:\Program Files\nodejs\;C:\Program Files\Microsoft SQL Server\130\Tools\Binn\;C:\WINDOWS\system32;C:\WINDOWS;C:\WINDOWS\System32\Wbem;C:\WINDOWS\System32\WindowsPowerShell\v1.0\;C:\WINDOWS\System32\OpenSSH\;C:\Program Files\MongoDB\Server\5.0\bin;C:\Users\Admin\AppData\Local\Microsoft\WindowsApps;;C:\Users\Admin\AppData\Local\Programs\Microsoft VS Code\bin;C:\Users\Admin\.dotnet\tools;C:\Users\Admin\AppData\Roaming\npm
USERNAME=Admin
OS=Windows_NT
PROCESSOR_IDENTIFIER=Intel64 Family 6 Model 141 Stepping 1, GenuineIntel



---------------  S Y S T E M  ---------------

OS: Windows 10 , 64 bit Build 22621 (10.0.22621.2070)
OS uptime: 0 days 12:08 hours
HyperV virtualization detected

CPU:total 16 (initial active 16) (8 cores per cpu, 2 threads per core) family 6 model 141 stepping 1, cmov, cx8, fxsr, mmx, sse, sse2, sse3, ssse3, sse4.1, sse4.2, popcnt, avx, avx2, aes, clmul, erms, 3dnowpref, lzcnt, ht, tsc, tscinvbit, bmi1, bmi2, adx, evex, sha, fma

Memory: 4k page, system-wide physical 16085M (2345M free)
TotalPageFile size 18133M (AvailPageFile size 8M)
current process WorkingSet (physical memory assigned to process): 289M, peak: 306M
current process commit charge ("private bytes"): 344M, peak: 460M

vm_info: Java HotSpot(TM) 64-Bit Server VM (14.0.2+12-46) for windows-amd64 JRE (14.0.2+12-46), built on Jul  9 2020 00:35:52 by "mach5one" with MS VC++ 15.9 (VS2017)

END.
