#
# There is insufficient memory for the Java Runtime Environment to continue.
# Native memory allocation (malloc) failed to allocate 688880 bytes for Chunk::new
# Possible reasons:
#   The system is out of physical RAM or swap space
#   The process is running with CompressedOops enabled, and the Java Heap may be blocking the growth of the native heap
# Possible solutions:
#   Reduce memory load on the system
#   Increase physical memory or swap space
#   Check if swap backing store is full
#   Decrease Java heap size (-Xmx/-Xms)
#   Decrease number of Java threads
#   Decrease Java thread stack sizes (-Xss)
#   Set larger code cache with -XX:ReservedCodeCacheSize=
#   JVM is running with Unscaled Compressed Oops mode in which the Java heap is
#     placed in the first 4GB address space. The Java Heap base address is the
#     maximum limit for the native heap growth. Please use -XX:HeapBaseMinAddress
#     to set the Java Heap base and to place the Java Heap above 4GB virtual address.
# This output file may be truncated or incomplete.
#
#  Out of Memory Error (arena.cpp:189), pid=2380, tid=12564
#
# JRE version: OpenJDK Runtime Environment Temurin-17.0.7+7 (17.0.7+7) (build 17.0.7+7)
# Java VM: OpenJDK 64-Bit Server VM Temurin-17.0.7+7 (17.0.7+7, mixed mode, tiered, compressed oops, compressed class ptrs, parallel gc, windows-amd64)
# No core dump will be written. Minidumps are not enabled by default on client versions of Windows
#

---------------  S U M M A R Y ------------

Command Line: --add-modules=ALL-SYSTEM --add-opens=java.base/java.util=ALL-UNNAMED --add-opens=java.base/java.lang=ALL-UNNAMED --add-opens=java.base/sun.nio.fs=ALL-UNNAMED -Declipse.application=org.eclipse.jdt.ls.core.id1 -Dosgi.bundles.defaultStartLevel=4 -Declipse.product=org.eclipse.jdt.ls.core.product -Djava.import.generatesMetadataFilesAtProjectRoot=false -Dfile.encoding=utf8 -XX:+UseParallelGC -XX:GCTimeRatio=4 -XX:AdaptiveSizePolicyWeight=90 -Dsun.zip.disableMemoryMapping=true -Xmx1G -Xms100m -Xlog:disable -javaagent:c:\Users\Admin\.vscode\extensions\redhat.java-1.21.0-win32-x64\lombok\lombok-1.18.28.jar -XX:+HeapDumpOnOutOfMemoryError -XX:HeapDumpPath=c:\Users\Admin\AppData\Roaming\Code\User\workspaceStorage\e7c62a26f5fb9af6089d468b08576148\redhat.java -Daether.dependencyCollector.impl=bf c:\Users\Admin\.vscode\extensions\redhat.java-1.21.0-win32-x64\server\plugins\org.eclipse.equinox.launcher_1.6.500.v20230717-2134.jar -configuration c:\Users\Admin\AppData\Roaming\Code\User\globalStorage\redhat.java\1.21.0\config_win -data c:\Users\Admin\AppData\Roaming\Code\User\workspaceStorage\e7c62a26f5fb9af6089d468b08576148\redhat.java\jdt_ws

Host: 11th Gen Intel(R) Core(TM) i7-11800H @ 2.30GHz, 16 cores, 15G,  Windows 11 , 64 bit Build 22621 (10.0.22621.1928)
Time: Tue Aug  8 23:39:31 2023 SE Asia Standard Time elapsed time: 1.092718 seconds (0d 0h 0m 1s)

---------------  T H R E A D  ---------------

Current thread (0x0000022a7a944460):  JavaThread "C2 CompilerThread1" daemon [_thread_in_native, id=12564, stack(0x000000ea6da00000,0x000000ea6db00000)]


Current CompileTask:
C2:   1092 1536       4       java.io.WinNTFileSystem::normalize (143 bytes)

Stack: [0x000000ea6da00000,0x000000ea6db00000]
Native frames: (J=compiled Java code, j=interpreted, Vv=VM code, C=native code)
V  [jvm.dll+0x67754a]
V  [jvm.dll+0x834304]
V  [jvm.dll+0x835aae]
V  [jvm.dll+0x836113]
V  [jvm.dll+0x24696f]
V  [jvm.dll+0xac0ac]
V  [jvm.dll+0xac67c]
V  [jvm.dll+0x364e37]
V  [jvm.dll+0x32f6b1]
V  [jvm.dll+0x32eb5a]
V  [jvm.dll+0x219641]
V  [jvm.dll+0x218a61]
V  [jvm.dll+0x1a4d8d]
V  [jvm.dll+0x2284da]
V  [jvm.dll+0x226615]
V  [jvm.dll+0x7ea90b]
V  [jvm.dll+0x7e4e7a]
V  [jvm.dll+0x676395]
C  [ucrtbase.dll+0x29363]
C  [KERNEL32.DLL+0x126ad]
C  [ntdll.dll+0x5aa68]


---------------  P R O C E S S  ---------------

Threads class SMR info:
_java_thread_list=0x0000022a7b519560, length=20, elements={
0x0000022a6e7af690, 0x0000022a736299d0, 0x0000022a6e869140, 0x0000022a78988280,
0x0000022a78988b40, 0x0000022a78989e90, 0x0000022a7898d0f0, 0x0000022a78994220,
0x0000022a789b4c20, 0x0000022a789b5db0, 0x0000022a78ab0920, 0x0000022a78b2c7b0,
0x0000022a78b2ccc0, 0x0000022a78bd6a50, 0x0000022a7a8e1060, 0x0000022a7a944460,
0x0000022a7ab027b0, 0x0000022a7b27e940, 0x0000022a7b517a60, 0x0000022a7b50cda0
}

Java Threads: ( => current thread )
  0x0000022a6e7af690 JavaThread "main" [_thread_in_native, id=15100, stack(0x000000ea6c800000,0x000000ea6c900000)]
  0x0000022a736299d0 JavaThread "Reference Handler" daemon [_thread_blocked, id=1972, stack(0x000000ea6cb00000,0x000000ea6cc00000)]
  0x0000022a6e869140 JavaThread "Finalizer" daemon [_thread_blocked, id=10332, stack(0x000000ea6cc00000,0x000000ea6cd00000)]
  0x0000022a78988280 JavaThread "Signal Dispatcher" daemon [_thread_blocked, id=14244, stack(0x000000ea6cd00000,0x000000ea6ce00000)]
  0x0000022a78988b40 JavaThread "Attach Listener" daemon [_thread_blocked, id=16676, stack(0x000000ea6ce00000,0x000000ea6cf00000)]
  0x0000022a78989e90 JavaThread "Service Thread" daemon [_thread_blocked, id=14272, stack(0x000000ea6cf00000,0x000000ea6d000000)]
  0x0000022a7898d0f0 JavaThread "Monitor Deflation Thread" daemon [_thread_blocked, id=3452, stack(0x000000ea6d000000,0x000000ea6d100000)]
  0x0000022a78994220 JavaThread "C2 CompilerThread0" daemon [_thread_in_native, id=12640, stack(0x000000ea6d100000,0x000000ea6d200000)]
  0x0000022a789b4c20 JavaThread "C1 CompilerThread0" daemon [_thread_blocked, id=10352, stack(0x000000ea6d200000,0x000000ea6d300000)]
  0x0000022a789b5db0 JavaThread "Sweeper thread" daemon [_thread_blocked, id=16896, stack(0x000000ea6d300000,0x000000ea6d400000)]
  0x0000022a78ab0920 JavaThread "Common-Cleaner" daemon [_thread_blocked, id=7100, stack(0x000000ea6d400000,0x000000ea6d500000)]
  0x0000022a78b2c7b0 JavaThread "C1 CompilerThread1" daemon [_thread_blocked, id=8692, stack(0x000000ea6d500000,0x000000ea6d600000)]
  0x0000022a78b2ccc0 JavaThread "C1 CompilerThread2" daemon [_thread_blocked, id=21892, stack(0x000000ea6d600000,0x000000ea6d700000)]
  0x0000022a78bd6a50 JavaThread "C1 CompilerThread3" daemon [_thread_blocked, id=7832, stack(0x000000ea6d700000,0x000000ea6d800000)]
  0x0000022a7a8e1060 JavaThread "Notification Thread" daemon [_thread_blocked, id=1456, stack(0x000000ea6d800000,0x000000ea6d900000)]
=>0x0000022a7a944460 JavaThread "C2 CompilerThread1" daemon [_thread_in_native, id=12564, stack(0x000000ea6da00000,0x000000ea6db00000)]
  0x0000022a7ab027b0 JavaThread "C2 CompilerThread2" daemon [_thread_in_native, id=8032, stack(0x000000ea6db00000,0x000000ea6dc00000)]
  0x0000022a7b27e940 JavaThread "Active Thread: Equinox Container: aa7ccb7d-5d99-450d-936f-bfb8dba34a84" [_thread_blocked, id=16888, stack(0x000000ea6dc00000,0x000000ea6dd00000)]
  0x0000022a7b517a60 JavaThread "Framework Event Dispatcher: Equinox Container: aa7ccb7d-5d99-450d-936f-bfb8dba34a84" daemon [_thread_blocked, id=15028, stack(0x000000ea6dd00000,0x000000ea6de00000)]
  0x0000022a7b50cda0 JavaThread "Start Level: Equinox Container: aa7ccb7d-5d99-450d-936f-bfb8dba34a84" daemon [_thread_in_Java, id=7528, stack(0x000000ea6e300000,0x000000ea6e400000)]

Other Threads:
  0x0000022a6e8371e0 VMThread "VM Thread" [stack: 0x000000ea6ca00000,0x000000ea6cb00000] [id=18604]
  0x0000022a7a872220 WatcherThread [stack: 0x000000ea6d900000,0x000000ea6da00000] [id=15600]
  0x0000022a6e7c3400 GCTaskThread "GC Thread#0" [stack: 0x000000ea6c900000,0x000000ea6ca00000] [id=20428]
  0x0000022a7b017600 GCTaskThread "GC Thread#1" [stack: 0x000000ea6de00000,0x000000ea6df00000] [id=10628]
  0x0000022a7ac84a00 GCTaskThread "GC Thread#2" [stack: 0x000000ea6df00000,0x000000ea6e000000] [id=3300]
  0x0000022a7ac850c0 GCTaskThread "GC Thread#3" [stack: 0x000000ea6e000000,0x000000ea6e100000] [id=6432]
  0x0000022a7ac85370 GCTaskThread "GC Thread#4" [stack: 0x000000ea6e100000,0x000000ea6e200000] [id=22424]
  0x0000022a7af60440 GCTaskThread "GC Thread#5" [stack: 0x000000ea6e200000,0x000000ea6e300000] [id=18072]

Threads with active compile tasks:
C2 CompilerThread0     1106 1589       4       java.lang.String::equalsIgnoreCase (45 bytes)
C2 CompilerThread1     1106 1536       4       java.io.WinNTFileSystem::normalize (143 bytes)
C2 CompilerThread2     1106 1561       4       java.io.WinNTFileSystem::normalize (224 bytes)

VM state: not at safepoint (normal execution)

VM Mutex/Monitor currently owned by a thread: None

Heap address: 0x00000000c0000000, size: 1024 MB, Compressed Oops mode: 32-bit

CDS archive(s) not mapped
Compressed class space mapped at: 0x0000000100000000-0x0000000140000000, reserved size: 1073741824
Narrow klass base: 0x0000000000000000, Narrow klass shift: 3, Narrow klass range: 0x140000000

GC Precious Log:
 CPUs: 16 total, 16 available
 Memory: 16085M
 Large Page Support: Disabled
 NUMA Support: Disabled
 Compressed Oops: Enabled (32-bit)
 Alignments: Space 512K, Generation 512K, Heap 2M
 Heap Min Capacity: 100M
 Heap Initial Capacity: 100M
 Heap Max Capacity: 1G
 Pre-touch: Disabled
 Parallel Workers: 13

Heap:
 PSYoungGen      total 29696K, used 25050K [0x00000000eab00000, 0x00000000ecc00000, 0x0000000100000000)
  eden space 25600K, 85% used [0x00000000eab00000,0x00000000ec07c738,0x00000000ec400000)
  from space 4096K, 74% used [0x00000000ec400000,0x00000000ec6fa490,0x00000000ec800000)
  to   space 4096K, 0% used [0x00000000ec800000,0x00000000ec800000,0x00000000ecc00000)
 ParOldGen       total 68608K, used 16K [0x00000000c0000000, 0x00000000c4300000, 0x00000000eab00000)
  object space 68608K, 0% used [0x00000000c0000000,0x00000000c0004000,0x00000000c4300000)
 Metaspace       used 13891K, committed 14144K, reserved 1114112K
  class space    used 1380K, committed 1472K, reserved 1048576K

Card table byte_map: [0x0000022a6e150000,0x0000022a6e360000] _byte_map_base: 0x0000022a6db50000

Marking Bits: (ParMarkBitMap*) 0x00007fff791b52c0
 Begin Bits: [0x0000022a71430000, 0x0000022a72430000)
 End Bits:   [0x0000022a72430000, 0x0000022a73430000)

Polling page: 0x0000022a6c790000

Metaspace:

Usage:
  Non-class:     12.22 MB used.
      Class:      1.35 MB used.
       Both:     13.57 MB used.

Virtual space:
  Non-class space:       64.00 MB reserved,      12.38 MB ( 19%) committed,  1 nodes.
      Class space:        1.00 GB reserved,       1.44 MB ( <1%) committed,  1 nodes.
             Both:        1.06 GB reserved,      13.81 MB (  1%) committed. 

Chunk freelists:
   Non-Class:  3.30 MB
       Class:  14.47 MB
        Both:  17.77 MB

MaxMetaspaceSize: unlimited
CompressedClassSpaceSize: 1.00 GB
Initial GC threshold: 21.00 MB
Current GC threshold: 21.00 MB
CDS: off
MetaspaceReclaimPolicy: balanced
 - commit_granule_bytes: 65536.
 - commit_granule_words: 8192.
 - virtual_space_node_default_size: 8388608.
 - enlarge_chunks_in_place: 1.
 - new_chunks_are_fully_committed: 0.
 - uncommit_free_chunks: 1.
 - use_allocation_guard: 0.
 - handle_deallocations: 1.


Internal statistics:

num_allocs_failed_limit: 0.
num_arena_births: 54.
num_arena_deaths: 0.
num_vsnodes_births: 2.
num_vsnodes_deaths: 0.
num_space_committed: 221.
num_space_uncommitted: 0.
num_chunks_returned_to_freelist: 0.
num_chunks_taken_from_freelist: 229.
num_chunk_merges: 0.
num_chunk_splits: 150.
num_chunks_enlarged: 114.
num_inconsistent_stats: 0.

CodeHeap 'non-profiled nmethods': size=119168Kb used=625Kb max_used=625Kb free=118542Kb
 bounds [0x0000022a07ba0000, 0x0000022a07e10000, 0x0000022a0f000000]
CodeHeap 'profiled nmethods': size=119104Kb used=3001Kb max_used=3001Kb free=116102Kb
 bounds [0x0000022a00000000, 0x0000022a002f0000, 0x0000022a07450000]
CodeHeap 'non-nmethods': size=7488Kb used=2858Kb max_used=2883Kb free=4629Kb
 bounds [0x0000022a07450000, 0x0000022a07730000, 0x0000022a07ba0000]
 total_blobs=2051 nmethods=1597 adapters=365
 compilation: enabled
              stopped_count=0, restarted_count=0
 full_count=0

Compilation events (20 events):
Event: 1.085 Thread 0x0000022a78b2ccc0 1557       3       org.eclipse.osgi.internal.framework.BundleContextImpl::getProperty (25 bytes)
Event: 1.085 Thread 0x0000022a78b2c7b0 nmethod 1556 0x0000022a002c2690 code [0x0000022a002c2820, 0x0000022a002c2978]
Event: 1.086 Thread 0x0000022a78b2c7b0 1558       3       org.eclipse.core.runtime.adaptor.EclipseStarter::createURL (52 bytes)
Event: 1.086 Thread 0x0000022a78b2ccc0 nmethod 1557 0x0000022a002c3f90 code [0x0000022a002c41a0, 0x0000022a002c4858]
Event: 1.086 Thread 0x0000022a78bd6a50 nmethod 1554 0x0000022a002c2a10 code [0x0000022a002c2ce0, 0x0000022a002c3a98]
Event: 1.086 Thread 0x0000022a78b2ccc0 1559       3       org.eclipse.osgi.storage.url.reference.Handler::<init> (35 bytes)
Event: 1.086 Thread 0x0000022a789b4c20 nmethod 1555 0x0000022a002c4b10 code [0x0000022a002c4ec0, 0x0000022a002c6568]
Event: 1.086 Thread 0x0000022a789b4c20 1560       3       java.io.File::<init> (111 bytes)
Event: 1.086 Thread 0x0000022a78b2ccc0 nmethod 1559 0x0000022a002c6c90 code [0x0000022a002c6e80, 0x0000022a002c7378]
Event: 1.086 Thread 0x0000022a78b2c7b0 nmethod 1558 0x0000022a002c7590 code [0x0000022a002c7840, 0x0000022a002c84e8]
Event: 1.087 Thread 0x0000022a7ab027b0 1561       4       java.io.WinNTFileSystem::normalize (224 bytes)
Event: 1.087 Thread 0x0000022a789b4c20 nmethod 1560 0x0000022a002c8a90 code [0x0000022a002c8d40, 0x0000022a002c96d8]
Event: 1.087 Thread 0x0000022a789b4c20 1562       3       sun.net.www.protocol.file.Handler::parseURL (18 bytes)
Event: 1.087 Thread 0x0000022a78bd6a50 1563       3       java.net.URLStreamHandler::parseURL (1201 bytes)
Event: 1.087 Thread 0x0000022a789b4c20 nmethod 1562 0x0000022a002c9a90 code [0x0000022a002c9c40, 0x0000022a002c9df8]
Event: 1.089 Thread 0x0000022a78b2ccc0 1564       3       java.net.URL::<init> (11 bytes)
Event: 1.089 Thread 0x0000022a78994220 nmethod 1549 0x0000022a07c39510 code [0x0000022a07c396c0, 0x0000022a07c39f38]
Event: 1.089 Thread 0x0000022a78b2ccc0 nmethod 1564 0x0000022a002c9f10 code [0x0000022a002ca0c0, 0x0000022a002ca208]
Event: 1.091 Thread 0x0000022a78b2c7b0 1565       1       sun.nio.fs.NativeBuffer::size (5 bytes)
Event: 1.091 Thread 0x0000022a78b2c7b0 nmethod 1565 0x0000022a07c3a390 code [0x0000022a07c3a520, 0x0000022a07c3a5f8]

GC Heap History (2 events):
Event: 0.758 GC heap before
{Heap before GC invocations=1 (full 0):
 PSYoungGen      total 29696K, used 25600K [0x00000000eab00000, 0x00000000ecc00000, 0x0000000100000000)
  eden space 25600K, 100% used [0x00000000eab00000,0x00000000ec400000,0x00000000ec400000)
  from space 4096K, 0% used [0x00000000ec800000,0x00000000ec800000,0x00000000ecc00000)
  to   space 4096K, 0% used [0x00000000ec400000,0x00000000ec400000,0x00000000ec800000)
 ParOldGen       total 68608K, used 0K [0x00000000c0000000, 0x00000000c4300000, 0x00000000eab00000)
  object space 68608K, 0% used [0x00000000c0000000,0x00000000c0000000,0x00000000c4300000)
 Metaspace       used 10777K, committed 10880K, reserved 1114112K
  class space    used 1069K, committed 1088K, reserved 1048576K
}
Event: 0.763 GC heap after
{Heap after GC invocations=1 (full 0):
 PSYoungGen      total 29696K, used 3049K [0x00000000eab00000, 0x00000000ecc00000, 0x0000000100000000)
  eden space 25600K, 0% used [0x00000000eab00000,0x00000000eab00000,0x00000000ec400000)
  from space 4096K, 74% used [0x00000000ec400000,0x00000000ec6fa490,0x00000000ec800000)
  to   space 4096K, 0% used [0x00000000ec800000,0x00000000ec800000,0x00000000ecc00000)
 ParOldGen       total 68608K, used 16K [0x00000000c0000000, 0x00000000c4300000, 0x00000000eab00000)
  object space 68608K, 0% used [0x00000000c0000000,0x00000000c0004000,0x00000000c4300000)
 Metaspace       used 10777K, committed 10880K, reserved 1114112K
  class space    used 1069K, committed 1088K, reserved 1048576K
}

Dll operation events (8 events):
Event: 0.008 Loaded shared library c:\Users\Admin\.vscode\extensions\redhat.java-1.21.0-win32-x64\jre\17.0.7-win32-x86_64\bin\java.dll
Event: 0.155 Loaded shared library c:\Users\Admin\.vscode\extensions\redhat.java-1.21.0-win32-x64\jre\17.0.7-win32-x86_64\bin\zip.dll
Event: 0.159 Loaded shared library C:\Users\Admin\.vscode\extensions\redhat.java-1.21.0-win32-x64\jre\17.0.7-win32-x86_64\bin\instrument.dll
Event: 0.179 Loaded shared library C:\Users\Admin\.vscode\extensions\redhat.java-1.21.0-win32-x64\jre\17.0.7-win32-x86_64\bin\net.dll
Event: 0.182 Loaded shared library C:\Users\Admin\.vscode\extensions\redhat.java-1.21.0-win32-x64\jre\17.0.7-win32-x86_64\bin\nio.dll
Event: 0.198 Loaded shared library C:\Users\Admin\.vscode\extensions\redhat.java-1.21.0-win32-x64\jre\17.0.7-win32-x86_64\bin\zip.dll
Event: 0.215 Loaded shared library C:\Users\Admin\.vscode\extensions\redhat.java-1.21.0-win32-x64\jre\17.0.7-win32-x86_64\bin\jimage.dll
Event: 0.268 Loaded shared library c:\Users\Admin\.vscode\extensions\redhat.java-1.21.0-win32-x64\jre\17.0.7-win32-x86_64\bin\verify.dll

Deoptimization events (20 events):
Event: 1.018 Thread 0x0000022a6e7af690 DEOPT PACKING pc=0x0000022a07c0a8e0 sp=0x000000ea6c8fde20
Event: 1.018 Thread 0x0000022a6e7af690 DEOPT UNPACKING pc=0x0000022a074a9ea3 sp=0x000000ea6c8fdd48 mode 2
Event: 1.019 Thread 0x0000022a6e7af690 Uncommon trap: trap_request=0xffffffde fr.pc=0x0000022a07c0a8e0 relative=0x00000000000009c0
Event: 1.019 Thread 0x0000022a6e7af690 Uncommon trap: reason=class_check action=maybe_recompile pc=0x0000022a07c0a8e0 method=java.util.HashMap.putVal(ILjava/lang/Object;Ljava/lang/Object;ZZ)Ljava/lang/Object; @ 253 c2
Event: 1.019 Thread 0x0000022a6e7af690 DEOPT PACKING pc=0x0000022a07c0a8e0 sp=0x000000ea6c8fdd20
Event: 1.019 Thread 0x0000022a6e7af690 DEOPT UNPACKING pc=0x0000022a074a9ea3 sp=0x000000ea6c8fdc48 mode 2
Event: 1.020 Thread 0x0000022a6e7af690 Uncommon trap: trap_request=0xffffffde fr.pc=0x0000022a07c0a8e0 relative=0x00000000000009c0
Event: 1.020 Thread 0x0000022a6e7af690 Uncommon trap: reason=class_check action=maybe_recompile pc=0x0000022a07c0a8e0 method=java.util.HashMap.putVal(ILjava/lang/Object;Ljava/lang/Object;ZZ)Ljava/lang/Object; @ 253 c2
Event: 1.020 Thread 0x0000022a6e7af690 DEOPT PACKING pc=0x0000022a07c0a8e0 sp=0x000000ea6c8fdda0
Event: 1.020 Thread 0x0000022a6e7af690 DEOPT UNPACKING pc=0x0000022a074a9ea3 sp=0x000000ea6c8fdcc8 mode 2
Event: 1.020 Thread 0x0000022a6e7af690 Uncommon trap: trap_request=0xffffffde fr.pc=0x0000022a07baccf8 relative=0x0000000000000398
Event: 1.020 Thread 0x0000022a6e7af690 Uncommon trap: reason=class_check action=maybe_recompile pc=0x0000022a07baccf8 method=java.util.HashMap.putVal(ILjava/lang/Object;Ljava/lang/Object;ZZ)Ljava/lang/Object; @ 253 c2
Event: 1.020 Thread 0x0000022a6e7af690 DEOPT PACKING pc=0x0000022a07baccf8 sp=0x000000ea6c8fdd20
Event: 1.020 Thread 0x0000022a6e7af690 DEOPT UNPACKING pc=0x0000022a074a9ea3 sp=0x000000ea6c8fdcc0 mode 2
Event: 1.035 Thread 0x0000022a6e7af690 Uncommon trap: trap_request=0xffffff45 fr.pc=0x0000022a07c2cce0 relative=0x0000000000000060
Event: 1.035 Thread 0x0000022a6e7af690 Uncommon trap: reason=unstable_if action=reinterpret pc=0x0000022a07c2cce0 method=java.util.LinkedHashMap.afterNodeAccess(Ljava/util/HashMap$Node;)V @ 4 c2
Event: 1.035 Thread 0x0000022a6e7af690 DEOPT PACKING pc=0x0000022a07c2cce0 sp=0x000000ea6c8fc9f0
Event: 1.035 Thread 0x0000022a6e7af690 DEOPT UNPACKING pc=0x0000022a074a9ea3 sp=0x000000ea6c8fc960 mode 2
Event: 1.087 Thread 0x0000022a6e7af690 DEOPT PACKING pc=0x0000022a000e7cc3 sp=0x000000ea6c8fe410
Event: 1.087 Thread 0x0000022a6e7af690 DEOPT UNPACKING pc=0x0000022a074aa9e3 sp=0x000000ea6c8fd930 mode 0

Classes unloaded (0 events):
No events

Classes redefined (0 events):
No events

Internal exceptions (20 events):
Event: 0.551 Thread 0x0000022a6e7af690 Exception <a 'java/io/FileNotFoundException'{0x00000000eb930980}> (0x00000000eb930980) 
thrown [s\src\hotspot\share\prims\jni.cpp, line 516]
Event: 0.552 Thread 0x0000022a6e7af690 Exception <a 'java/io/FileNotFoundException'{0x00000000eb931640}> (0x00000000eb931640) 
thrown [s\src\hotspot\share\prims\jni.cpp, line 516]
Event: 0.558 Thread 0x0000022a6e7af690 Implicit null exception at 0x0000022a07bd7672 to 0x0000022a07bd7be8
Event: 0.558 Thread 0x0000022a6e7af690 Implicit null exception at 0x0000022a07bd6a72 to 0x0000022a07bd6ffc
Event: 0.561 Thread 0x0000022a6e7af690 Exception <a 'java/io/FileNotFoundException'{0x00000000eb96c040}> (0x00000000eb96c040) 
thrown [s\src\hotspot\share\prims\jni.cpp, line 516]
Event: 0.703 Thread 0x0000022a6e7af690 Exception <a 'java/lang/ClassNotFoundException'{0x00000000ec172a08}: sun/net/www/protocol/c/Handler> (0x00000000ec172a08) 
thrown [s\src\hotspot\share\classfile\systemDictionary.cpp, line 256]
Event: 0.703 Thread 0x0000022a6e7af690 Exception <a 'java/lang/ClassNotFoundException'{0x00000000ec173d38}: sun/net/www/protocol/c/Handler> (0x00000000ec173d38) 
thrown [s\src\hotspot\share\classfile\systemDictionary.cpp, line 256]
Event: 0.704 Thread 0x0000022a6e7af690 Exception <a 'java/lang/ClassNotFoundException'{0x00000000ec174e90}: sun/net/www/protocol/c/Handler> (0x00000000ec174e90) 
thrown [s\src\hotspot\share\classfile\systemDictionary.cpp, line 256]
Event: 0.710 Thread 0x0000022a6e7af690 Exception <a 'java/io/FileNotFoundException'{0x00000000ec19b3d0}> (0x00000000ec19b3d0) 
thrown [s\src\hotspot\share\prims\jni.cpp, line 516]
Event: 0.734 Thread 0x0000022a6e7af690 Implicit null exception at 0x0000022a07befeec to 0x0000022a07bf00cc
Event: 0.734 Thread 0x0000022a6e7af690 Implicit null exception at 0x0000022a07be258e to 0x0000022a07be27c4
Event: 0.734 Thread 0x0000022a6e7af690 Implicit null exception at 0x0000022a07be4b8f to 0x0000022a07be4c05
Event: 0.774 Thread 0x0000022a6e7af690 Exception <a 'java/lang/NoSuchMethodError'{0x00000000eab65a30}: 'int java.lang.invoke.DirectMethodHandle$Holder.invokeStaticInit(java.lang.Object, java.lang.Object, java.lang.Object, java.lang.Object)'> (0x00000000eab65a30) 
thrown [s\src\hotspot\share\interpreter\linkResolver.cpp, line 759]
Event: 0.775 Thread 0x0000022a6e7af690 Exception <a 'java/lang/NoSuchMethodError'{0x00000000eab701a8}: 'java.lang.Object java.lang.invoke.DirectMethodHandle$Holder.invokeInterface(java.lang.Object, java.lang.Object)'> (0x00000000eab701a8) 
thrown [s\src\hotspot\share\interpreter\linkResolver.cpp, line 759]
Event: 0.776 Thread 0x0000022a6e7af690 Exception <a 'java/lang/IncompatibleClassChangeError'{0x00000000eab739a0}: Found class java.lang.Object, but interface was expected> (0x00000000eab739a0) 
thrown [s\src\hotspot\share\interpreter\linkResolver.cpp, line 826]
Event: 0.776 Thread 0x0000022a6e7af690 Exception <a 'java/lang/NoSuchMethodError'{0x00000000eab77e98}: 'void java.lang.invoke.DirectMethodHandle$Holder.invokeStatic(java.lang.Object, java.lang.Object)'> (0x00000000eab77e98) 
thrown [s\src\hotspot\share\interpreter\linkResolver.cpp, line 759]
Event: 0.777 Thread 0x0000022a6e7af690 Exception <a 'java/lang/NoSuchMethodError'{0x00000000eabbb9d8}: 'void java.lang.invoke.DirectMethodHandle$Holder.invokeStaticInit(java.lang.Object, java.lang.Object)'> (0x00000000eabbb9d8) 
thrown [s\src\hotspot\share\interpreter\linkResolver.cpp, line 759]
Event: 0.778 Thread 0x0000022a6e7af690 Exception <a 'java/lang/NoSuchMethodError'{0x00000000eabc2ef0}: 'int java.lang.invoke.DirectMethodHandle$Holder.invokeStaticInit(java.lang.Object, java.lang.Object)'> (0x00000000eabc2ef0) 
thrown [s\src\hotspot\share\interpreter\linkResolver.cpp, line 759]
Event: 0.814 Thread 0x0000022a6e7af690 Exception <a 'java/lang/NoSuchMethodError'{0x00000000ead470c0}: 'void java.lang.invoke.DirectMethodHandle$Holder.invokeSpecial(java.lang.Object, java.lang.Object, java.lang.Object)'> (0x00000000ead470c0) 
thrown [s\src\hotspot\share\interpreter\linkResolver.cpp, line 759]
Event: 1.005 Thread 0x0000022a6e7af690 Exception <a 'java/lang/NoSuchMethodError'{0x00000000eba75098}: 'java.lang.Object java.lang.invoke.DirectMethodHandle$Holder.newInvokeSpecial(java.lang.Object, int, java.lang.Object)'> (0x00000000eba75098) 
thrown [s\src\hotspot\share\interpreter\linkResolver.cpp, line 759]

VM Operations (20 events):
Event: 0.525 Executing VM operation: HandshakeAllThreads
Event: 0.525 Executing VM operation: HandshakeAllThreads done
Event: 0.540 Executing VM operation: HandshakeAllThreads
Event: 0.540 Executing VM operation: HandshakeAllThreads done
Event: 0.686 Executing VM operation: HandshakeAllThreads
Event: 0.686 Executing VM operation: HandshakeAllThreads done
Event: 0.744 Executing VM operation: ICBufferFull
Event: 0.744 Executing VM operation: ICBufferFull done
Event: 0.758 Executing VM operation: ParallelGCFailedAllocation
Event: 0.763 Executing VM operation: ParallelGCFailedAllocation done
Event: 0.986 Executing VM operation: HandshakeAllThreads
Event: 0.986 Executing VM operation: HandshakeAllThreads done
Event: 0.986 Executing VM operation: HandshakeAllThreads
Event: 0.986 Executing VM operation: HandshakeAllThreads done
Event: 0.990 Executing VM operation: HandshakeAllThreads
Event: 0.990 Executing VM operation: HandshakeAllThreads done
Event: 1.001 Executing VM operation: HandshakeAllThreads
Event: 1.001 Executing VM operation: HandshakeAllThreads done
Event: 1.034 Executing VM operation: ICBufferFull
Event: 1.034 Executing VM operation: ICBufferFull done

Events (20 events):
Event: 1.018 loading class java/util/ConcurrentModificationException
Event: 1.018 loading class java/util/ConcurrentModificationException done
Event: 1.021 loading class java/net/ContentHandlerFactory
Event: 1.021 loading class java/net/ContentHandlerFactory done
Event: 1.023 loading class java/net/ContentHandler
Event: 1.023 loading class java/net/ContentHandler done
Event: 1.032 loading class java/security/KeyStoreException
Event: 1.032 loading class java/security/KeyStoreException done
Event: 1.049 loading class java/util/LinkedList$Node
Event: 1.049 loading class java/util/LinkedList$Node done
Event: 1.049 loading class java/util/LinkedList$ListItr
Event: 1.049 loading class java/util/LinkedList$ListItr done
Event: 1.056 loading class sun/nio/fs/WindowsChannelFactory
Event: 1.057 loading class sun/nio/fs/WindowsChannelFactory done
Event: 1.057 loading class sun/nio/fs/WindowsChannelFactory$1
Event: 1.057 loading class sun/nio/fs/WindowsChannelFactory$1 done
Event: 1.057 loading class sun/nio/fs/WindowsChannelFactory$Flags
Event: 1.057 loading class sun/nio/fs/WindowsChannelFactory$Flags done
Event: 1.057 loading class sun/nio/ch/FileChannelImpl$Closer
Event: 1.057 loading class sun/nio/ch/FileChannelImpl$Closer done


Dynamic libraries:
0x00007ff6ea710000 - 0x00007ff6ea71e000 	c:\Users\Admin\.vscode\extensions\redhat.java-1.21.0-win32-x64\jre\17.0.7-win32-x86_64\bin\java.exe
0x00007fffe0fb0000 - 0x00007fffe11c4000 	C:\WINDOWS\SYSTEM32\ntdll.dll
0x00007fffdf030000 - 0x00007fffdf0f2000 	C:\WINDOWS\System32\KERNEL32.DLL
0x00007fffde510000 - 0x00007fffde8b3000 	C:\WINDOWS\System32\KERNELBASE.dll
0x00007fffdeb00000 - 0x00007fffdec11000 	C:\WINDOWS\System32\ucrtbase.dll
0x00007fffc4b20000 - 0x00007fffc4b39000 	c:\Users\Admin\.vscode\extensions\redhat.java-1.21.0-win32-x64\jre\17.0.7-win32-x86_64\bin\VCRUNTIME140.dll
0x00007fffc5100000 - 0x00007fffc5117000 	c:\Users\Admin\.vscode\extensions\redhat.java-1.21.0-win32-x64\jre\17.0.7-win32-x86_64\bin\jli.dll
0x00007fffdf4f0000 - 0x00007fffdf69a000 	C:\WINDOWS\System32\USER32.dll
0x00007fffb8040000 - 0x00007fffb82ce000 	C:\WINDOWS\WinSxS\amd64_microsoft.windows.common-controls_6595b64144ccf1df_6.0.22621.1635_none_270f70857386168e\COMCTL32.dll
0x00007fffde470000 - 0x00007fffde496000 	C:\WINDOWS\System32\win32u.dll
0x00007fffdedd0000 - 0x00007fffdee77000 	C:\WINDOWS\System32\msvcrt.dll
0x00007fffdf000000 - 0x00007fffdf029000 	C:\WINDOWS\System32\GDI32.dll
0x00007fffde9e0000 - 0x00007fffdeaf9000 	C:\WINDOWS\System32\gdi32full.dll
0x00007fffde940000 - 0x00007fffde9da000 	C:\WINDOWS\System32\msvcp_win.dll
0x00007fffded90000 - 0x00007fffdedc1000 	C:\WINDOWS\System32\IMM32.DLL
0x00007fffd9d10000 - 0x00007fffd9d1c000 	c:\Users\Admin\.vscode\extensions\redhat.java-1.21.0-win32-x64\jre\17.0.7-win32-x86_64\bin\vcruntime140_1.dll
0x00007fff895d0000 - 0x00007fff89661000 	c:\Users\Admin\.vscode\extensions\redhat.java-1.21.0-win32-x64\jre\17.0.7-win32-x86_64\bin\msvcp140.dll
0x00007fff78630000 - 0x00007fff79278000 	c:\Users\Admin\.vscode\extensions\redhat.java-1.21.0-win32-x64\jre\17.0.7-win32-x86_64\bin\server\jvm.dll
0x00007fffdf100000 - 0x00007fffdf1ae000 	C:\WINDOWS\System32\ADVAPI32.dll
0x00007fffdf3d0000 - 0x00007fffdf474000 	C:\WINDOWS\System32\sechost.dll
0x00007fffdf1b0000 - 0x00007fffdf2c7000 	C:\WINDOWS\System32\RPCRT4.dll
0x00007fffcd940000 - 0x00007fffcd949000 	C:\WINDOWS\SYSTEM32\WSOCK32.dll
0x00007fffdef20000 - 0x00007fffdef91000 	C:\WINDOWS\System32\WS2_32.dll
0x00007fffd7bc0000 - 0x00007fffd7bca000 	C:\WINDOWS\SYSTEM32\VERSION.dll
0x00007fffd7770000 - 0x00007fffd77a4000 	C:\WINDOWS\SYSTEM32\WINMM.dll
0x00007fffdd4a0000 - 0x00007fffdd4b8000 	C:\WINDOWS\SYSTEM32\kernel.appcore.dll
0x00007fffd9190000 - 0x00007fffd919a000 	c:\Users\Admin\.vscode\extensions\redhat.java-1.21.0-win32-x64\jre\17.0.7-win32-x86_64\bin\jimage.dll
0x00007fffdbd20000 - 0x00007fffdbf4e000 	C:\WINDOWS\SYSTEM32\DBGHELP.DLL
0x00007fffe03e0000 - 0x00007fffe0769000 	C:\WINDOWS\System32\combase.dll
0x00007fffe0130000 - 0x00007fffe0207000 	C:\WINDOWS\System32\OLEAUT32.dll
0x00007fffc6b10000 - 0x00007fffc6b42000 	C:\WINDOWS\SYSTEM32\dbgcore.DLL
0x00007fffde8c0000 - 0x00007fffde93a000 	C:\WINDOWS\System32\bcryptPrimitives.dll
0x00007fffd8d70000 - 0x00007fffd8d7e000 	c:\Users\Admin\.vscode\extensions\redhat.java-1.21.0-win32-x64\jre\17.0.7-win32-x86_64\bin\instrument.dll
0x00007fffad900000 - 0x00007fffad925000 	c:\Users\Admin\.vscode\extensions\redhat.java-1.21.0-win32-x64\jre\17.0.7-win32-x86_64\bin\java.dll
0x00007fffc4b00000 - 0x00007fffc4b18000 	c:\Users\Admin\.vscode\extensions\redhat.java-1.21.0-win32-x64\jre\17.0.7-win32-x86_64\bin\zip.dll
0x00007fffe0770000 - 0x00007fffe0f69000 	C:\WINDOWS\System32\SHELL32.dll
0x00007fffdc350000 - 0x00007fffdcc1e000 	C:\WINDOWS\SYSTEM32\windows.storage.dll
0x00007fffdc210000 - 0x00007fffdc34e000 	C:\WINDOWS\SYSTEM32\wintypes.dll
0x00007fffdf2d0000 - 0x00007fffdf3c1000 	C:\WINDOWS\System32\SHCORE.dll
0x00007fffdf850000 - 0x00007fffdf8ae000 	C:\WINDOWS\System32\shlwapi.dll
0x00007fffde2e0000 - 0x00007fffde306000 	C:\WINDOWS\SYSTEM32\profapi.dll
0x00007fffad8e0000 - 0x00007fffad8f9000 	C:\Users\Admin\.vscode\extensions\redhat.java-1.21.0-win32-x64\jre\17.0.7-win32-x86_64\bin\net.dll
0x00007fffd79a0000 - 0x00007fffd7ad7000 	C:\WINDOWS\SYSTEM32\WINHTTP.dll
0x00007fffdd920000 - 0x00007fffdd989000 	C:\WINDOWS\system32\mswsock.dll
0x00007fffa8ad0000 - 0x00007fffa8ae5000 	C:\Users\Admin\.vscode\extensions\redhat.java-1.21.0-win32-x64\jre\17.0.7-win32-x86_64\bin\nio.dll
0x00007fffd77f0000 - 0x00007fffd7800000 	c:\Users\Admin\.vscode\extensions\redhat.java-1.21.0-win32-x64\jre\17.0.7-win32-x86_64\bin\verify.dll
0x00007fff91330000 - 0x00007fff9136e000 	C:\Users\Admin\AppData\Roaming\Code\User\globalStorage\redhat.java\1.21.0\config_win\org.eclipse.equinox.launcher\org.eclipse.equinox.launcher.win32.win32.x86_64_1.2.700.v20221108-1024\eclipse_11801.dll
0x00007fffdf6a0000 - 0x00007fffdf83c000 	C:\WINDOWS\System32\ole32.dll

dbghelp: loaded successfully - version: 4.0.5 - missing functions: none
symbol engine: initialized successfully - sym options: 0x614 - pdb path: .;c:\Users\Admin\.vscode\extensions\redhat.java-1.21.0-win32-x64\jre\17.0.7-win32-x86_64\bin;C:\WINDOWS\SYSTEM32;C:\WINDOWS\WinSxS\amd64_microsoft.windows.common-controls_6595b64144ccf1df_6.0.22621.1635_none_270f70857386168e;c:\Users\Admin\.vscode\extensions\redhat.java-1.21.0-win32-x64\jre\17.0.7-win32-x86_64\bin\server;C:\Users\Admin\AppData\Roaming\Code\User\globalStorage\redhat.java\1.21.0\config_win\org.eclipse.equinox.launcher\org.eclipse.equinox.launcher.win32.win32.x86_64_1.2.700.v20221108-1024

VM Arguments:
jvm_args: --add-modules=ALL-SYSTEM --add-opens=java.base/java.util=ALL-UNNAMED --add-opens=java.base/java.lang=ALL-UNNAMED --add-opens=java.base/sun.nio.fs=ALL-UNNAMED -Declipse.application=org.eclipse.jdt.ls.core.id1 -Dosgi.bundles.defaultStartLevel=4 -Declipse.product=org.eclipse.jdt.ls.core.product -Djava.import.generatesMetadataFilesAtProjectRoot=false -Dfile.encoding=utf8 -XX:+UseParallelGC -XX:GCTimeRatio=4 -XX:AdaptiveSizePolicyWeight=90 -Dsun.zip.disableMemoryMapping=true -Xmx1G -Xms100m -Xlog:disable -javaagent:c:\Users\Admin\.vscode\extensions\redhat.java-1.21.0-win32-x64\lombok\lombok-1.18.28.jar -XX:+HeapDumpOnOutOfMemoryError -XX:HeapDumpPath=c:\Users\Admin\AppData\Roaming\Code\User\workspaceStorage\e7c62a26f5fb9af6089d468b08576148\redhat.java -Daether.dependencyCollector.impl=bf 
java_command: c:\Users\Admin\.vscode\extensions\redhat.java-1.21.0-win32-x64\server\plugins\org.eclipse.equinox.launcher_1.6.500.v20230717-2134.jar -configuration c:\Users\Admin\AppData\Roaming\Code\User\globalStorage\redhat.java\1.21.0\config_win -data c:\Users\Admin\AppData\Roaming\Code\User\workspaceStorage\e7c62a26f5fb9af6089d468b08576148\redhat.java\jdt_ws
java_class_path (initial): c:\Users\Admin\.vscode\extensions\redhat.java-1.21.0-win32-x64\server\plugins\org.eclipse.equinox.launcher_1.6.500.v20230717-2134.jar
Launcher Type: SUN_STANDARD

[Global flags]
    uintx AdaptiveSizePolicyWeight                 = 90                                        {product} {command line}
     intx CICompilerCount                          = 12                                        {product} {ergonomic}
    uintx GCTimeRatio                              = 4                                         {product} {command line}
     bool HeapDumpOnOutOfMemoryError               = true                                   {manageable} {command line}
    ccstr HeapDumpPath                             = c:\Users\Admin\AppData\Roaming\Code\User\workspaceStorage\e7c62a26f5fb9af6089d468b08576148\redhat.java         {manageable} {command line}
   size_t InitialHeapSize                          = 104857600                                 {product} {command line}
   size_t MaxHeapSize                              = 1073741824                                {product} {command line}
   size_t MaxNewSize                               = 357564416                                 {product} {ergonomic}
   size_t MinHeapDeltaBytes                        = 524288                                    {product} {ergonomic}
   size_t MinHeapSize                              = 104857600                                 {product} {command line}
   size_t NewSize                                  = 34603008                                  {product} {ergonomic}
    uintx NonNMethodCodeHeapSize                   = 7602480                                {pd product} {ergonomic}
    uintx NonProfiledCodeHeapSize                  = 122027880                              {pd product} {ergonomic}
   size_t OldSize                                  = 70254592                                  {product} {ergonomic}
    uintx ProfiledCodeHeapSize                     = 122027880                              {pd product} {ergonomic}
    uintx ReservedCodeCacheSize                    = 251658240                              {pd product} {ergonomic}
     bool SegmentedCodeCache                       = true                                      {product} {ergonomic}
   size_t SoftMaxHeapSize                          = 1073741824                             {manageable} {ergonomic}
     bool UseCompressedClassPointers               = true                           {product lp64_product} {ergonomic}
     bool UseCompressedOops                        = true                           {product lp64_product} {ergonomic}
     bool UseLargePagesIndividualAllocation        = false                                  {pd product} {ergonomic}
     bool UseParallelGC                            = true                                      {product} {command line}

Logging:
Log output configuration:
 #0: stdout all=off uptime,level,tags
 #1: stderr all=off uptime,level,tags

Environment Variables:
JAVA_HOME=C:\Program Files\Java\jdk-14.0.2
PATH=C:\Program Files\Python310\Scripts\;C:\Program Files\Python310\;C:\Program Files\Python38\Scripts\;C:\Program Files\Python38\;C:\WINDOWS\system32;C:\WINDOWS;C:\WINDOWS\System32\Wbem;C:\WINDOWS\System32\WindowsPowerShell\v1.0\;C:\WINDOWS\System32\OpenSSH\;C:\Program Files\Microsoft SQL Server\Client SDK\ODBC\110\Tools\Binn\;C:\Program Files (x86)\Microsoft SQL Server\120\Tools\Binn\;C:\Program Files\Microsoft SQL Server\120\Tools\Binn\;C:\Program Files\Microsoft SQL Server\120\DTS\Binn\;C:\Program Files (x86)\Microsoft SQL Server\120\Tools\Binn\ManagementStudio\;C:\Program Files (x86)\Microsoft SQL Server\120\DTS\Binn\;C:\Program Files\Java\jdk-11.0.2\bin;C:\tomcat\apache-tomcat-9.0.63\bin;C:\Program Files\dotnet\;C:\Program Files\Microsoft SQL Server\150\Tools\Binn\;C:\Program Files\Microsoft SQL Server\Client SDK\ODBC\170\Tools\Binn\;C:\Program Files\nodejs\;C:\Program Files\Microsoft SQL Server\130\Tools\Binn\;C:\WINDOWS\system32;C:\WINDOWS;C:\WINDOWS\System32\Wbem;C:\WINDOWS\System32\WindowsPowerShell\v1.0\;C:\WINDOWS\System32\OpenSSH\;C:\Program Files\MongoDB\Server\5.0\bin;C:\Users\Admin\AppData\Local\Microsoft\WindowsApps;;C:\Users\Admin\AppData\Local\Programs\Microsoft VS Code\bin;C:\Users\Admin\.dotnet\tools;C:\Users\Admin\AppData\Roaming\npm
USERNAME=Admin
OS=Windows_NT
PROCESSOR_IDENTIFIER=Intel64 Family 6 Model 141 Stepping 1, GenuineIntel
TMP=C:\Users\Admin\AppData\Local\Temp
TEMP=C:\Users\Admin\AppData\Local\Temp



---------------  S Y S T E M  ---------------

OS:
 Windows 11 , 64 bit Build 22621 (10.0.22621.1928)
OS uptime: 0 days 2:46 hours
Hyper-V role detected

CPU: total 16 (initial active 16) (8 cores per cpu, 2 threads per core) family 6 model 141 stepping 1 microcode 0x32, cx8, cmov, fxsr, ht, mmx, 3dnowpref, sse, sse2, sse3, ssse3, sse4.1, sse4.2, popcnt, lzcnt, tsc, tscinvbit, avx, avx2, aes, erms, clmul, bmi1, bmi2, adx, avx512f, avx512dq, avx512cd, avx512bw, avx512vl, sha, fma, vzeroupper, avx512_vpopcntdq, avx512_vpclmulqdq, avx512_vaes, avx512_vnni, clflush, clflushopt, clwb, avx512_vbmi2, avx512_vbmi, hv

Memory: 4k page, system-wide physical 16085M (1516M free)
TotalPageFile size 18133M (AvailPageFile size 19M)
current process WorkingSet (physical memory assigned to process): 87M, peak: 87M
current process commit charge ("private bytes"): 225M, peak: 225M

vm_info: OpenJDK 64-Bit Server VM (17.0.7+7) for windows-amd64 JRE (17.0.7+7), built on Apr 18 2023 22:10:42 by "temurin" with MS VC++ 16.7 (VS2019)

END.
