#
# There is insufficient memory for the Java Runtime Environment to continue.
# Native memory allocation (malloc) failed to allocate 1712144 bytes for Chunk::new
# Possible reasons:
#   The system is out of physical RAM or swap space
#   The process is running with CompressedOops enabled, and the Java Heap may be blocking the growth of the native heap
# Possible solutions:
#   Reduce memory load on the system
#   Increase physical memory or swap space
#   Check if swap backing store is full
#   Decrease Java heap size (-Xmx/-Xms)
#   Decrease number of Java threads
#   Decrease Java thread stack sizes (-Xss)
#   Set larger code cache with -XX:ReservedCodeCacheSize=
#   JVM is running with Unscaled Compressed Oops mode in which the Java heap is
#     placed in the first 4GB address space. The Java Heap base address is the
#     maximum limit for the native heap growth. Please use -XX:HeapBaseMinAddress
#     to set the Java Heap base and to place the Java Heap above 4GB virtual address.
# This output file may be truncated or incomplete.
#
#  Out of Memory Error (arena.cpp:189), pid=14500, tid=12396
#
# JRE version: OpenJDK Runtime Environment Temurin-17.0.7+7 (17.0.7+7) (build 17.0.7+7)
# Java VM: OpenJDK 64-Bit Server VM Temurin-17.0.7+7 (17.0.7+7, mixed mode, tiered, compressed oops, compressed class ptrs, parallel gc, windows-amd64)
# No core dump will be written. Minidumps are not enabled by default on client versions of Windows
#

---------------  S U M M A R Y ------------

Command Line: --add-modules=ALL-SYSTEM --add-opens=java.base/java.util=ALL-UNNAMED --add-opens=java.base/java.lang=ALL-UNNAMED --add-opens=java.base/sun.nio.fs=ALL-UNNAMED -Declipse.application=org.eclipse.jdt.ls.core.id1 -Dosgi.bundles.defaultStartLevel=4 -Declipse.product=org.eclipse.jdt.ls.core.product -Djava.import.generatesMetadataFilesAtProjectRoot=false -Dfile.encoding=utf8 -XX:+UseParallelGC -XX:GCTimeRatio=4 -XX:AdaptiveSizePolicyWeight=90 -Dsun.zip.disableMemoryMapping=true -Xmx1G -Xms100m -Xlog:disable -javaagent:c:\Users\Admin\.vscode\extensions\redhat.java-1.21.0-win32-x64\lombok\lombok-1.18.28.jar -XX:+HeapDumpOnOutOfMemoryError -XX:HeapDumpPath=c:\Users\Admin\AppData\Roaming\Code\User\workspaceStorage\e7c62a26f5fb9af6089d468b08576148\redhat.java -Daether.dependencyCollector.impl=bf c:\Users\Admin\.vscode\extensions\redhat.java-1.21.0-win32-x64\server\plugins\org.eclipse.equinox.launcher_1.6.500.v20230717-2134.jar -configuration c:\Users\Admin\AppData\Roaming\Code\User\globalStorage\redhat.java\1.21.0\config_win -data c:\Users\Admin\AppData\Roaming\Code\User\workspaceStorage\e7c62a26f5fb9af6089d468b08576148\redhat.java\jdt_ws

Host: 11th Gen Intel(R) Core(TM) i7-11800H @ 2.30GHz, 16 cores, 15G,  Windows 11 , 64 bit Build 22621 (10.0.22621.2070)
Time: Wed Aug 16 05:58:34 2023 SE Asia Standard Time elapsed time: 2.875035 seconds (0d 0h 0m 2s)

---------------  T H R E A D  ---------------

Current thread (0x00000188fecb18e0):  JavaThread "C2 CompilerThread5" daemon [_thread_in_native, id=12396, stack(0x00000045b8400000,0x00000045b8500000)]


Current CompileTask:
C2:   2875 4088   !   4       org.eclipse.osgi.internal.loader.classpath.ClasspathManager::findClassImpl (308 bytes)

Stack: [0x00000045b8400000,0x00000045b8500000]
Native frames: (J=compiled Java code, j=interpreted, Vv=VM code, C=native code)
V  [jvm.dll+0x67754a]
V  [jvm.dll+0x834304]
V  [jvm.dll+0x835aae]
V  [jvm.dll+0x836113]
V  [jvm.dll+0x24696f]
V  [jvm.dll+0xac0ac]
V  [jvm.dll+0xac67c]
V  [jvm.dll+0x364e37]
V  [jvm.dll+0x32f6b1]
V  [jvm.dll+0x32eb5a]
V  [jvm.dll+0x219641]
V  [jvm.dll+0x218a61]
V  [jvm.dll+0x1a4d8d]
V  [jvm.dll+0x2284da]
V  [jvm.dll+0x226615]
V  [jvm.dll+0x7ea90b]
V  [jvm.dll+0x7e4e7a]
V  [jvm.dll+0x676395]
C  [ucrtbase.dll+0x29363]
C  [KERNEL32.DLL+0x126ad]
C  [ntdll.dll+0x5aa68]


---------------  P R O C E S S  ---------------

Threads class SMR info:
_java_thread_list=0x00000188fb98a5f0, length=36, elements={
0x00000188dde8d070, 0x00000188f3c504f0, 0x00000188f3c52850, 0x00000188f3c5e250,
0x00000188f8fd9000, 0x00000188f8fd99c0, 0x00000188f8fda370, 0x00000188f8fe01c0,
0x00000188f8feb8f0, 0x00000188f8ff45d0, 0x00000188f911cf00, 0x00000188f9138b30,
0x00000188f9060b80, 0x00000188f92baf70, 0x00000188f92bb480, 0x00000188fae905e0,
0x00000188faf61580, 0x00000188fba505e0, 0x00000188fbc8a3d0, 0x00000188fbc8ae50,
0x00000188fbab9a50, 0x00000188fbb90250, 0x00000188fc0eb050, 0x00000188fc0bb040,
0x00000188fb222f60, 0x00000188fb224c40, 0x00000188fb225110, 0x00000188fb2255e0,
0x00000188fb223900, 0x00000188fb2242a0, 0x00000188fdbd19d0, 0x00000188fdd6b660,
0x00000188fecb18e0, 0x00000188fda519d0, 0x00000188fe0af810, 0x00000188fb226450
}

Java Threads: ( => current thread )
  0x00000188dde8d070 JavaThread "main" [_thread_blocked, id=6900, stack(0x00000045b5500000,0x00000045b5600000)]
  0x00000188f3c504f0 JavaThread "Reference Handler" daemon [_thread_blocked, id=18428, stack(0x00000045b5800000,0x00000045b5900000)]
  0x00000188f3c52850 JavaThread "Finalizer" daemon [_thread_blocked, id=3384, stack(0x00000045b5900000,0x00000045b5a00000)]
  0x00000188f3c5e250 JavaThread "Signal Dispatcher" daemon [_thread_blocked, id=20332, stack(0x00000045b5a00000,0x00000045b5b00000)]
  0x00000188f8fd9000 JavaThread "Attach Listener" daemon [_thread_blocked, id=12984, stack(0x00000045b5b00000,0x00000045b5c00000)]
  0x00000188f8fd99c0 JavaThread "Service Thread" daemon [_thread_blocked, id=4540, stack(0x00000045b5c00000,0x00000045b5d00000)]
  0x00000188f8fda370 JavaThread "Monitor Deflation Thread" daemon [_thread_blocked, id=22360, stack(0x00000045b5d00000,0x00000045b5e00000)]
  0x00000188f8fe01c0 JavaThread "C2 CompilerThread0" daemon [_thread_blocked, id=15808, stack(0x00000045b5e00000,0x00000045b5f00000)]
  0x00000188f8feb8f0 JavaThread "C1 CompilerThread0" daemon [_thread_blocked, id=20508, stack(0x00000045b5f00000,0x00000045b6000000)]
  0x00000188f8ff45d0 JavaThread "Sweeper thread" daemon [_thread_blocked, id=18180, stack(0x00000045b6000000,0x00000045b6100000)]
  0x00000188f911cf00 JavaThread "Common-Cleaner" daemon [_thread_blocked, id=19280, stack(0x00000045b6100000,0x00000045b6200000)]
  0x00000188f9138b30 JavaThread "C1 CompilerThread1" daemon [_thread_blocked, id=16540, stack(0x00000045b6200000,0x00000045b6300000)]
  0x00000188f9060b80 JavaThread "C2 CompilerThread1" daemon [_thread_in_native, id=3948, stack(0x00000045b6300000,0x00000045b6400000)]
  0x00000188f92baf70 JavaThread "C1 CompilerThread2" daemon [_thread_blocked, id=5672, stack(0x00000045b6400000,0x00000045b6500000)]
  0x00000188f92bb480 JavaThread "C1 CompilerThread3" daemon [_thread_blocked, id=5784, stack(0x00000045b6500000,0x00000045b6600000)]
  0x00000188fae905e0 JavaThread "Notification Thread" daemon [_thread_blocked, id=18332, stack(0x00000045b6600000,0x00000045b6700000)]
  0x00000188faf61580 JavaThread "C2 CompilerThread2" daemon [_thread_blocked, id=18880, stack(0x00000045b6800000,0x00000045b6900000)]
  0x00000188fba505e0 JavaThread "Active Thread: Equinox Container: 891590e3-0e20-4992-80ed-c769e3aacf37" [_thread_blocked, id=2348, stack(0x00000045b6f00000,0x00000045b7000000)]
  0x00000188fbc8a3d0 JavaThread "Framework Event Dispatcher: Equinox Container: 891590e3-0e20-4992-80ed-c769e3aacf37" daemon [_thread_blocked, id=22792, stack(0x00000045b7000000,0x00000045b7100000)]
  0x00000188fbc8ae50 JavaThread "Start Level: Equinox Container: 891590e3-0e20-4992-80ed-c769e3aacf37" daemon [_thread_blocked, id=16164, stack(0x00000045b7100000,0x00000045b7200000)]
  0x00000188fbab9a50 JavaThread "SCR Component Actor" daemon [_thread_blocked, id=13488, stack(0x00000045b7200000,0x00000045b7300000)]
  0x00000188fbb90250 JavaThread "SCR Component Registry" daemon [_thread_blocked, id=13864, stack(0x00000045b7500000,0x00000045b7600000)]
  0x00000188fc0eb050 JavaThread "Worker-JM" [_thread_blocked, id=4224, stack(0x00000045b7600000,0x00000045b7700000)]
  0x00000188fc0bb040 JavaThread "Worker-0: Updating Maven Dependencies" [_thread_in_Java, id=2548, stack(0x00000045b7a00000,0x00000045b7b00000)]
  0x00000188fb222f60 JavaThread "Worker-1: Repository registry initialization" [_thread_blocked, id=1256, stack(0x00000045b7b00000,0x00000045b7c00000)]
  0x00000188fb224c40 JavaThread "Java indexing" daemon [_thread_blocked, id=12676, stack(0x00000045b7e00000,0x00000045b7f00000)]
  0x00000188fb225110 JavaThread "JNA Cleaner" daemon [_thread_blocked, id=15344, stack(0x00000045b7f00000,0x00000045b8000000)]
  0x00000188fb2255e0 JavaThread "pool-2-thread-1" [_thread_blocked, id=23168, stack(0x00000045b6900000,0x00000045b6a00000)]
  0x00000188fb223900 JavaThread "WorkspaceEventsHandler" [_thread_blocked, id=3096, stack(0x00000045b8000000,0x00000045b8100000)]
  0x00000188fb2242a0 JavaThread "pool-1-thread-1" [_thread_blocked, id=23380, stack(0x00000045b8100000,0x00000045b8200000)]
  0x00000188fdbd19d0 JavaThread "C2 CompilerThread3" daemon [_thread_in_native, id=14404, stack(0x00000045b8200000,0x00000045b8300000)]
  0x00000188fdd6b660 JavaThread "C2 CompilerThread4" daemon [_thread_blocked, id=23416, stack(0x00000045b8300000,0x00000045b8400000)]
=>0x00000188fecb18e0 JavaThread "C2 CompilerThread5" daemon [_thread_in_native, id=12396, stack(0x00000045b8400000,0x00000045b8500000)]
  0x00000188fda519d0 JavaThread "C2 CompilerThread6" daemon [_thread_blocked, id=12012, stack(0x00000045b8500000,0x00000045b8600000)]
  0x00000188fe0af810 JavaThread "C2 CompilerThread7" daemon [_thread_in_native, id=4928, stack(0x00000045b8600000,0x00000045b8700000)]
  0x00000188fb226450 JavaThread "Worker-2" [_thread_blocked, id=18532, stack(0x00000045b8700000,0x00000045b8800000)]

Other Threads:
  0x00000188ddf48280 VMThread "VM Thread" [stack: 0x00000045b5700000,0x00000045b5800000] [id=22216]
  0x00000188fae90ab0 WatcherThread [stack: 0x00000045b6700000,0x00000045b6800000] [id=21484]
  0x00000188ddea3e00 GCTaskThread "GC Thread#0" [stack: 0x00000045b5600000,0x00000045b5700000] [id=14788]
  0x00000188fb22a220 GCTaskThread "GC Thread#1" [stack: 0x00000045b6a00000,0x00000045b6b00000] [id=9600]
  0x00000188fb676ed0 GCTaskThread "GC Thread#2" [stack: 0x00000045b6b00000,0x00000045b6c00000] [id=9028]
  0x00000188fb5fc040 GCTaskThread "GC Thread#3" [stack: 0x00000045b6c00000,0x00000045b6d00000] [id=11996]
  0x00000188fb228c70 GCTaskThread "GC Thread#4" [stack: 0x00000045b6d00000,0x00000045b6e00000] [id=3720]
  0x00000188fb304800 GCTaskThread "GC Thread#5" [stack: 0x00000045b6e00000,0x00000045b6f00000] [id=20272]
  0x00000188fb303a90 GCTaskThread "GC Thread#6" [stack: 0x00000045b7300000,0x00000045b7400000] [id=16988]
  0x00000188fb3037e0 GCTaskThread "GC Thread#7" [stack: 0x00000045b7400000,0x00000045b7500000] [id=20100]
  0x00000188fb303ff0 GCTaskThread "GC Thread#8" [stack: 0x00000045b7700000,0x00000045b7800000] [id=8136]
  0x00000188fb3042a0 GCTaskThread "GC Thread#9" [stack: 0x00000045b7800000,0x00000045b7900000] [id=9272]
  0x00000188fb303280 GCTaskThread "GC Thread#10" [stack: 0x00000045b7900000,0x00000045b7a00000] [id=21528]
  0x00000188fbf98730 GCTaskThread "GC Thread#11" [stack: 0x00000045b7c00000,0x00000045b7d00000] [id=6456]
  0x00000188fbf99cb0 GCTaskThread "GC Thread#12" [stack: 0x00000045b7d00000,0x00000045b7e00000] [id=14792]

Threads with active compile tasks:
C2 CompilerThread1     2892 3748   !   4       org.eclipse.osgi.internal.loader.classpath.ClasspathManager::findLocalClass (210 bytes)
C2 CompilerThread3     2893 4087       4       org.eclipse.osgi.internal.loader.classpath.ClasspathManager::findLocalClassImpl (55 bytes)
C2 CompilerThread5     2893 4088   !   4       org.eclipse.osgi.internal.loader.classpath.ClasspathManager::findClassImpl (308 bytes)
C2 CompilerThread7     2893 4101   !   4       org.eclipse.osgi.internal.loader.classpath.ClasspathManager::defineClass (636 bytes)

VM state: not at safepoint (normal execution)

VM Mutex/Monitor currently owned by a thread: None

Heap address: 0x00000000c0000000, size: 1024 MB, Compressed Oops mode: 32-bit

CDS archive(s) not mapped
Compressed class space mapped at: 0x0000000100000000-0x0000000140000000, reserved size: 1073741824
Narrow klass base: 0x0000000000000000, Narrow klass shift: 3, Narrow klass range: 0x140000000

GC Precious Log:
 CPUs: 16 total, 16 available
 Memory: 16085M
 Large Page Support: Disabled
 NUMA Support: Disabled
 Compressed Oops: Enabled (32-bit)
 Alignments: Space 512K, Generation 512K, Heap 2M
 Heap Min Capacity: 100M
 Heap Initial Capacity: 100M
 Heap Max Capacity: 1G
 Pre-touch: Disabled
 Parallel Workers: 13

Heap:
 PSYoungGen      total 24064K, used 13275K [0x00000000eab00000, 0x00000000ec680000, 0x0000000100000000)
  eden space 22016K, 57% used [0x00000000eab00000,0x00000000eb746cb0,0x00000000ec080000)
  from space 2048K, 34% used [0x00000000ec300000,0x00000000ec3b0000,0x00000000ec500000)
  to   space 1024K, 0% used [0x00000000ec580000,0x00000000ec580000,0x00000000ec680000)
 ParOldGen       total 68608K, used 14736K [0x00000000c0000000, 0x00000000c4300000, 0x00000000eab00000)
  object space 68608K, 21% used [0x00000000c0000000,0x00000000c0e643f8,0x00000000c4300000)
 Metaspace       used 41813K, committed 42560K, reserved 1114112K
  class space    used 4436K, committed 4800K, reserved 1048576K

Card table byte_map: [0x00000188f14f0000,0x00000188f1700000] _byte_map_base: 0x00000188f0ef0000

Marking Bits: (ParMarkBitMap*) 0x00007ffe4cf552c0
 Begin Bits: [0x00000188f1860000, 0x00000188f2860000)
 End Bits:   [0x00000188f2860000, 0x00000188f3860000)

Polling page: 0x00000188ddf50000

Metaspace:

Usage:
  Non-class:     36.50 MB used.
      Class:      4.33 MB used.
       Both:     40.83 MB used.

Virtual space:
  Non-class space:       64.00 MB reserved,      36.88 MB ( 58%) committed,  1 nodes.
      Class space:        1.00 GB reserved,       4.69 MB ( <1%) committed,  1 nodes.
             Both:        1.06 GB reserved,      41.56 MB (  4%) committed. 

Chunk freelists:
   Non-Class:  11.12 MB
       Class:  11.34 MB
        Both:  22.47 MB

MaxMetaspaceSize: unlimited
CompressedClassSpaceSize: 1.00 GB
Initial GC threshold: 21.00 MB
Current GC threshold: 58.38 MB
CDS: off
MetaspaceReclaimPolicy: balanced
 - commit_granule_bytes: 65536.
 - commit_granule_words: 8192.
 - virtual_space_node_default_size: 8388608.
 - enlarge_chunks_in_place: 1.
 - new_chunks_are_fully_committed: 0.
 - uncommit_free_chunks: 1.
 - use_allocation_guard: 0.
 - handle_deallocations: 1.


Internal statistics:

num_allocs_failed_limit: 6.
num_arena_births: 396.
num_arena_deaths: 14.
num_vsnodes_births: 2.
num_vsnodes_deaths: 0.
num_space_committed: 665.
num_space_uncommitted: 0.
num_chunks_returned_to_freelist: 20.
num_chunks_taken_from_freelist: 1783.
num_chunk_merges: 10.
num_chunk_splits: 1175.
num_chunks_enlarged: 784.
num_inconsistent_stats: 0.

CodeHeap 'non-profiled nmethods': size=119168Kb used=2173Kb max_used=2173Kb free=116994Kb
 bounds [0x00000188e9eb0000, 0x00000188ea120000, 0x00000188f1310000]
CodeHeap 'profiled nmethods': size=119104Kb used=8881Kb max_used=8881Kb free=110222Kb
 bounds [0x00000188e2310000, 0x00000188e2bc0000, 0x00000188e9760000]
CodeHeap 'non-nmethods': size=7488Kb used=2972Kb max_used=3035Kb free=4515Kb
 bounds [0x00000188e9760000, 0x00000188e9a60000, 0x00000188e9eb0000]
 total_blobs=4819 nmethods=4219 adapters=510
 compilation: enabled
              stopped_count=0, restarted_count=0
 full_count=0

Compilation events (20 events):
Event: 2.829 Thread 0x00000188f8feb8f0 4200       3       java.lang.reflect.Executable::getAllGenericParameterTypes (134 bytes)
Event: 2.829 Thread 0x00000188f9138b30 nmethod 4198 0x00000188e2bb2590 code [0x00000188e2bb2760, 0x00000188e2bb2ac8]
Event: 2.829 Thread 0x00000188f92baf70 4201       3       org.codehaus.plexus.classworlds.realm.ClassRealm::loadClass (7 bytes)
Event: 2.829 Thread 0x00000188f9138b30 4202   !   3       org.codehaus.plexus.classworlds.realm.ClassRealm::loadClass (33 bytes)
Event: 2.829 Thread 0x00000188f92bb480 nmethod 4199 0x00000188ea0c4610 code [0x00000188ea0c47a0, 0x00000188ea0c4878]
Event: 2.830 Thread 0x00000188f92bb480 4203   !   3       org.codehaus.plexus.classworlds.realm.ClassRealm::unsynchronizedLoadClass (19 bytes)
Event: 2.830 Thread 0x00000188f92baf70 nmethod 4201 0x00000188e2bb2c90 code [0x00000188e2bb2e20, 0x00000188e2bb2fe8]
Event: 2.830 Thread 0x00000188f92baf70 4204       3       org.codehaus.plexus.classworlds.realm.ClassRealm::getClassLoadingLock (38 bytes)
Event: 2.830 Thread 0x00000188f9138b30 nmethod 4202 0x00000188e2bb3090 code [0x00000188e2bb3260, 0x00000188e2bb34f8]
Event: 2.830 Thread 0x00000188f92bb480 nmethod 4203 0x00000188e2bb3690 code [0x00000188e2bb3840, 0x00000188e2bb3a58]
Event: 2.830 Thread 0x00000188f92baf70 nmethod 4204 0x00000188e2bb3b90 code [0x00000188e2bb3d40, 0x00000188e2bb4028]
Event: 2.831 Thread 0x00000188f8feb8f0 nmethod 4200 0x00000188e2bb4190 code [0x00000188e2bb4440, 0x00000188e2bb5528]
Event: 2.832 Thread 0x00000188f8feb8f0 4205       3       com.google.inject.internal.ProviderInstanceBindingImpl::<init> (23 bytes)
Event: 2.833 Thread 0x00000188f8feb8f0 nmethod 4205 0x00000188e2bb5a90 code [0x00000188e2bb5c40, 0x00000188e2bb5ee8]
Event: 2.833 Thread 0x00000188faf61580 4206       4       java.lang.reflect.Method::getAnnotation (6 bytes)
Event: 2.836 Thread 0x00000188f92bb480 4207       1       com.google.inject.internal.KotlinSupport$KotlinUnsupported::isNullable (2 bytes)
Event: 2.836 Thread 0x00000188f92bb480 nmethod 4207 0x00000188ea0c4910 code [0x00000188ea0c4aa0, 0x00000188ea0c4b78]
Event: 2.849 Thread 0x00000188faf61580 nmethod 4206 0x00000188ea0c4c10 code [0x00000188ea0c4e40, 0x00000188ea0c5aa0]
Event: 2.860 Thread 0x00000188f9138b30 4209       3       com.google.inject.internal.DeclaredMembers::getDeclaredFields (52 bytes)
Event: 2.861 Thread 0x00000188f9138b30 nmethod 4209 0x00000188e2bb6010 code [0x00000188e2bb63e0, 0x00000188e2bb7ff8]

GC Heap History (20 events):
Event: 1.186 GC heap before
{Heap before GC invocations=4 (full 0):
 PSYoungGen      total 29696K, used 13649K [0x00000000eab00000, 0x00000000ecc00000, 0x0000000100000000)
  eden space 25600K, 37% used [0x00000000eab00000,0x00000000eb45bb40,0x00000000ec400000)
  from space 4096K, 99% used [0x00000000ec400000,0x00000000ec7f8958,0x00000000ec800000)
  to   space 4096K, 0% used [0x00000000ec800000,0x00000000ec800000,0x00000000ecc00000)
 ParOldGen       total 68608K, used 3361K [0x00000000c0000000, 0x00000000c4300000, 0x00000000eab00000)
  object space 68608K, 4% used [0x00000000c0000000,0x00000000c0348608,0x00000000c4300000)
 Metaspace       used 21031K, committed 21504K, reserved 1114112K
  class space    used 2126K, committed 2368K, reserved 1048576K
}
Event: 1.188 GC heap after
{Heap after GC invocations=4 (full 0):
 PSYoungGen      total 29696K, used 4093K [0x00000000eab00000, 0x00000000ecc00000, 0x0000000100000000)
  eden space 25600K, 0% used [0x00000000eab00000,0x00000000eab00000,0x00000000ec400000)
  from space 4096K, 99% used [0x00000000ec800000,0x00000000ecbff518,0x00000000ecc00000)
  to   space 4096K, 0% used [0x00000000ec400000,0x00000000ec400000,0x00000000ec800000)
 ParOldGen       total 68608K, used 4296K [0x00000000c0000000, 0x00000000c4300000, 0x00000000eab00000)
  object space 68608K, 6% used [0x00000000c0000000,0x00000000c04322c8,0x00000000c4300000)
 Metaspace       used 21031K, committed 21504K, reserved 1114112K
  class space    used 2126K, committed 2368K, reserved 1048576K
}
Event: 1.188 GC heap before
{Heap before GC invocations=5 (full 1):
 PSYoungGen      total 29696K, used 4093K [0x00000000eab00000, 0x00000000ecc00000, 0x0000000100000000)
  eden space 25600K, 0% used [0x00000000eab00000,0x00000000eab00000,0x00000000ec400000)
  from space 4096K, 99% used [0x00000000ec800000,0x00000000ecbff518,0x00000000ecc00000)
  to   space 4096K, 0% used [0x00000000ec400000,0x00000000ec400000,0x00000000ec800000)
 ParOldGen       total 68608K, used 4296K [0x00000000c0000000, 0x00000000c4300000, 0x00000000eab00000)
  object space 68608K, 6% used [0x00000000c0000000,0x00000000c04322c8,0x00000000c4300000)
 Metaspace       used 21031K, committed 21504K, reserved 1114112K
  class space    used 2126K, committed 2368K, reserved 1048576K
}
Event: 1.207 GC heap after
{Heap after GC invocations=5 (full 1):
 PSYoungGen      total 29696K, used 0K [0x00000000eab00000, 0x00000000ecc00000, 0x0000000100000000)
  eden space 25600K, 0% used [0x00000000eab00000,0x00000000eab00000,0x00000000ec400000)
  from space 4096K, 0% used [0x00000000ec800000,0x00000000ec800000,0x00000000ecc00000)
  to   space 4096K, 0% used [0x00000000ec400000,0x00000000ec400000,0x00000000ec800000)
 ParOldGen       total 68608K, used 8220K [0x00000000c0000000, 0x00000000c4300000, 0x00000000eab00000)
  object space 68608K, 11% used [0x00000000c0000000,0x00000000c08072d8,0x00000000c4300000)
 Metaspace       used 21018K, committed 21504K, reserved 1114112K
  class space    used 2123K, committed 2368K, reserved 1048576K
}
Event: 1.482 GC heap before
{Heap before GC invocations=6 (full 1):
 PSYoungGen      total 29696K, used 25600K [0x00000000eab00000, 0x00000000ecc00000, 0x0000000100000000)
  eden space 25600K, 100% used [0x00000000eab00000,0x00000000ec400000,0x00000000ec400000)
  from space 4096K, 0% used [0x00000000ec800000,0x00000000ec800000,0x00000000ecc00000)
  to   space 4096K, 0% used [0x00000000ec400000,0x00000000ec400000,0x00000000ec800000)
 ParOldGen       total 68608K, used 8220K [0x00000000c0000000, 0x00000000c4300000, 0x00000000eab00000)
  object space 68608K, 11% used [0x00000000c0000000,0x00000000c08072d8,0x00000000c4300000)
 Metaspace       used 24558K, committed 25088K, reserved 1114112K
  class space    used 2538K, committed 2816K, reserved 1048576K
}
Event: 1.483 GC heap after
{Heap after GC invocations=6 (full 1):
 PSYoungGen      total 28160K, used 2816K [0x00000000eab00000, 0x00000000ecb80000, 0x0000000100000000)
  eden space 25088K, 0% used [0x00000000eab00000,0x00000000eab00000,0x00000000ec380000)
  from space 3072K, 91% used [0x00000000ec400000,0x00000000ec6c0058,0x00000000ec700000)
  to   space 4096K, 0% used [0x00000000ec780000,0x00000000ec780000,0x00000000ecb80000)
 ParOldGen       total 68608K, used 8228K [0x00000000c0000000, 0x00000000c4300000, 0x00000000eab00000)
  object space 68608K, 11% used [0x00000000c0000000,0x00000000c08092d8,0x00000000c4300000)
 Metaspace       used 24558K, committed 25088K, reserved 1114112K
  class space    used 2538K, committed 2816K, reserved 1048576K
}
Event: 1.626 GC heap before
{Heap before GC invocations=7 (full 1):
 PSYoungGen      total 28160K, used 27904K [0x00000000eab00000, 0x00000000ecb80000, 0x0000000100000000)
  eden space 25088K, 100% used [0x00000000eab00000,0x00000000ec380000,0x00000000ec380000)
  from space 3072K, 91% used [0x00000000ec400000,0x00000000ec6c0058,0x00000000ec700000)
  to   space 4096K, 0% used [0x00000000ec780000,0x00000000ec780000,0x00000000ecb80000)
 ParOldGen       total 68608K, used 8228K [0x00000000c0000000, 0x00000000c4300000, 0x00000000eab00000)
  object space 68608K, 11% used [0x00000000c0000000,0x00000000c08092d8,0x00000000c4300000)
 Metaspace       used 28017K, committed 28544K, reserved 1114112K
  class space    used 2782K, committed 3008K, reserved 1048576K
}
Event: 1.628 GC heap after
{Heap after GC invocations=7 (full 1):
 PSYoungGen      total 28160K, used 3499K [0x00000000eab00000, 0x00000000ecb00000, 0x0000000100000000)
  eden space 24576K, 0% used [0x00000000eab00000,0x00000000eab00000,0x00000000ec300000)
  from space 3584K, 97% used [0x00000000ec780000,0x00000000ecaeae58,0x00000000ecb00000)
  to   space 4096K, 0% used [0x00000000ec300000,0x00000000ec300000,0x00000000ec700000)
 ParOldGen       total 68608K, used 8236K [0x00000000c0000000, 0x00000000c4300000, 0x00000000eab00000)
  object space 68608K, 12% used [0x00000000c0000000,0x00000000c080b2d8,0x00000000c4300000)
 Metaspace       used 28017K, committed 28544K, reserved 1114112K
  class space    used 2782K, committed 3008K, reserved 1048576K
}
Event: 1.772 GC heap before
{Heap before GC invocations=8 (full 1):
 PSYoungGen      total 28160K, used 28075K [0x00000000eab00000, 0x00000000ecb00000, 0x0000000100000000)
  eden space 24576K, 100% used [0x00000000eab00000,0x00000000ec300000,0x00000000ec300000)
  from space 3584K, 97% used [0x00000000ec780000,0x00000000ecaeae58,0x00000000ecb00000)
  to   space 4096K, 0% used [0x00000000ec300000,0x00000000ec300000,0x00000000ec700000)
 ParOldGen       total 68608K, used 8236K [0x00000000c0000000, 0x00000000c4300000, 0x00000000eab00000)
  object space 68608K, 12% used [0x00000000c0000000,0x00000000c080b2d8,0x00000000c4300000)
 Metaspace       used 30496K, committed 30976K, reserved 1114112K
  class space    used 2981K, committed 3200K, reserved 1048576K
}
Event: 1.774 GC heap after
{Heap after GC invocations=8 (full 1):
 PSYoungGen      total 28160K, used 4086K [0x00000000eab00000, 0x00000000ecb80000, 0x0000000100000000)
  eden space 24064K, 0% used [0x00000000eab00000,0x00000000eab00000,0x00000000ec280000)
  from space 4096K, 99% used [0x00000000ec300000,0x00000000ec6fd998,0x00000000ec700000)
  to   space 4608K, 0% used [0x00000000ec700000,0x00000000ec700000,0x00000000ecb80000)
 ParOldGen       total 68608K, used 8288K [0x00000000c0000000, 0x00000000c4300000, 0x00000000eab00000)
  object space 68608K, 12% used [0x00000000c0000000,0x00000000c08180a8,0x00000000c4300000)
 Metaspace       used 30496K, committed 30976K, reserved 1114112K
  class space    used 2981K, committed 3200K, reserved 1048576K
}
Event: 2.147 GC heap before
{Heap before GC invocations=9 (full 1):
 PSYoungGen      total 28160K, used 28150K [0x00000000eab00000, 0x00000000ecb80000, 0x0000000100000000)
  eden space 24064K, 100% used [0x00000000eab00000,0x00000000ec280000,0x00000000ec280000)
  from space 4096K, 99% used [0x00000000ec300000,0x00000000ec6fd998,0x00000000ec700000)
  to   space 4608K, 0% used [0x00000000ec700000,0x00000000ec700000,0x00000000ecb80000)
 ParOldGen       total 68608K, used 8288K [0x00000000c0000000, 0x00000000c4300000, 0x00000000eab00000)
  object space 68608K, 12% used [0x00000000c0000000,0x00000000c08180a8,0x00000000c4300000)
 Metaspace       used 34176K, committed 34880K, reserved 1114112K
  class space    used 3405K, committed 3712K, reserved 1048576K
}
Event: 2.149 GC heap after
{Heap after GC invocations=9 (full 1):
 PSYoungGen      total 27136K, used 4596K [0x00000000eab00000, 0x00000000ece00000, 0x0000000100000000)
  eden space 22528K, 0% used [0x00000000eab00000,0x00000000eab00000,0x00000000ec100000)
  from space 4608K, 99% used [0x00000000ec700000,0x00000000ecb7d250,0x00000000ecb80000)
  to   space 6144K, 0% used [0x00000000ec100000,0x00000000ec100000,0x00000000ec700000)
 ParOldGen       total 68608K, used 9283K [0x00000000c0000000, 0x00000000c4300000, 0x00000000eab00000)
  object space 68608K, 13% used [0x00000000c0000000,0x00000000c0910e18,0x00000000c4300000)
 Metaspace       used 34176K, committed 34880K, reserved 1114112K
  class space    used 3405K, committed 3712K, reserved 1048576K
}
Event: 2.208 GC heap before
{Heap before GC invocations=10 (full 1):
 PSYoungGen      total 27136K, used 11610K [0x00000000eab00000, 0x00000000ece00000, 0x0000000100000000)
  eden space 22528K, 31% used [0x00000000eab00000,0x00000000eb1d97f0,0x00000000ec100000)
  from space 4608K, 99% used [0x00000000ec700000,0x00000000ecb7d250,0x00000000ecb80000)
  to   space 6144K, 0% used [0x00000000ec100000,0x00000000ec100000,0x00000000ec700000)
 ParOldGen       total 68608K, used 9283K [0x00000000c0000000, 0x00000000c4300000, 0x00000000eab00000)
  object space 68608K, 13% used [0x00000000c0000000,0x00000000c0910e18,0x00000000c4300000)
 Metaspace       used 35125K, committed 35840K, reserved 1114112K
  class space    used 3543K, committed 3904K, reserved 1048576K
}
Event: 2.210 GC heap after
{Heap after GC invocations=10 (full 1):
 PSYoungGen      total 25600K, used 2574K [0x00000000eab00000, 0x00000000eca00000, 0x0000000100000000)
  eden space 22528K, 0% used [0x00000000eab00000,0x00000000eab00000,0x00000000ec100000)
  from space 3072K, 83% used [0x00000000ec100000,0x00000000ec383b28,0x00000000ec400000)
  to   space 4096K, 0% used [0x00000000ec600000,0x00000000ec600000,0x00000000eca00000)
 ParOldGen       total 68608K, used 11784K [0x00000000c0000000, 0x00000000c4300000, 0x00000000eab00000)
  object space 68608K, 17% used [0x00000000c0000000,0x00000000c0b82380,0x00000000c4300000)
 Metaspace       used 35125K, committed 35840K, reserved 1114112K
  class space    used 3543K, committed 3904K, reserved 1048576K
}
Event: 2.210 GC heap before
{Heap before GC invocations=11 (full 2):
 PSYoungGen      total 25600K, used 2574K [0x00000000eab00000, 0x00000000eca00000, 0x0000000100000000)
  eden space 22528K, 0% used [0x00000000eab00000,0x00000000eab00000,0x00000000ec100000)
  from space 3072K, 83% used [0x00000000ec100000,0x00000000ec383b28,0x00000000ec400000)
  to   space 4096K, 0% used [0x00000000ec600000,0x00000000ec600000,0x00000000eca00000)
 ParOldGen       total 68608K, used 11784K [0x00000000c0000000, 0x00000000c4300000, 0x00000000eab00000)
  object space 68608K, 17% used [0x00000000c0000000,0x00000000c0b82380,0x00000000c4300000)
 Metaspace       used 35125K, committed 35840K, reserved 1114112K
  class space    used 3543K, committed 3904K, reserved 1048576K
}
Event: 2.228 GC heap after
{Heap after GC invocations=11 (full 2):
 PSYoungGen      total 25600K, used 0K [0x00000000eab00000, 0x00000000eca00000, 0x0000000100000000)
  eden space 22528K, 0% used [0x00000000eab00000,0x00000000eab00000,0x00000000ec100000)
  from space 3072K, 0% used [0x00000000ec100000,0x00000000ec100000,0x00000000ec400000)
  to   space 4096K, 0% used [0x00000000ec600000,0x00000000ec600000,0x00000000eca00000)
 ParOldGen       total 68608K, used 13892K [0x00000000c0000000, 0x00000000c4300000, 0x00000000eab00000)
  object space 68608K, 20% used [0x00000000c0000000,0x00000000c0d91198,0x00000000c4300000)
 Metaspace       used 35125K, committed 35840K, reserved 1114112K
  class space    used 3543K, committed 3904K, reserved 1048576K
}
Event: 2.424 GC heap before
{Heap before GC invocations=12 (full 2):
 PSYoungGen      total 25600K, used 22528K [0x00000000eab00000, 0x00000000eca00000, 0x0000000100000000)
  eden space 22528K, 100% used [0x00000000eab00000,0x00000000ec100000,0x00000000ec100000)
  from space 3072K, 0% used [0x00000000ec100000,0x00000000ec100000,0x00000000ec400000)
  to   space 4096K, 0% used [0x00000000ec600000,0x00000000ec600000,0x00000000eca00000)
 ParOldGen       total 68608K, used 13892K [0x00000000c0000000, 0x00000000c4300000, 0x00000000eab00000)
  object space 68608K, 20% used [0x00000000c0000000,0x00000000c0d91198,0x00000000c4300000)
 Metaspace       used 38573K, committed 39360K, reserved 1114112K
  class space    used 4012K, committed 4352K, reserved 1048576K
}
Event: 2.426 GC heap after
{Heap after GC invocations=12 (full 2):
 PSYoungGen      total 23040K, used 1024K [0x00000000eab00000, 0x00000000ec700000, 0x0000000100000000)
  eden space 22016K, 0% used [0x00000000eab00000,0x00000000eab00000,0x00000000ec080000)
  from space 1024K, 100% used [0x00000000ec600000,0x00000000ec700000,0x00000000ec700000)
  to   space 2048K, 0% used [0x00000000ec300000,0x00000000ec300000,0x00000000ec500000)
 ParOldGen       total 68608K, used 13900K [0x00000000c0000000, 0x00000000c4300000, 0x00000000eab00000)
  object space 68608K, 20% used [0x00000000c0000000,0x00000000c0d93198,0x00000000c4300000)
 Metaspace       used 38573K, committed 39360K, reserved 1114112K
  class space    used 4012K, committed 4352K, reserved 1048576K
}
Event: 2.688 GC heap before
{Heap before GC invocations=13 (full 2):
 PSYoungGen      total 23040K, used 23040K [0x00000000eab00000, 0x00000000ec700000, 0x0000000100000000)
  eden space 22016K, 100% used [0x00000000eab00000,0x00000000ec080000,0x00000000ec080000)
  from space 1024K, 100% used [0x00000000ec600000,0x00000000ec700000,0x00000000ec700000)
  to   space 2048K, 0% used [0x00000000ec300000,0x00000000ec300000,0x00000000ec500000)
 ParOldGen       total 68608K, used 13900K [0x00000000c0000000, 0x00000000c4300000, 0x00000000eab00000)
  object space 68608K, 20% used [0x00000000c0000000,0x00000000c0d93198,0x00000000c4300000)
 Metaspace       used 40344K, committed 41088K, reserved 1114112K
  class space    used 4245K, committed 4544K, reserved 1048576K
}
Event: 2.689 GC heap after
{Heap after GC invocations=13 (full 2):
 PSYoungGen      total 24064K, used 704K [0x00000000eab00000, 0x00000000ec680000, 0x0000000100000000)
  eden space 22016K, 0% used [0x00000000eab00000,0x00000000eab00000,0x00000000ec080000)
  from space 2048K, 34% used [0x00000000ec300000,0x00000000ec3b0000,0x00000000ec500000)
  to   space 1024K, 0% used [0x00000000ec580000,0x00000000ec580000,0x00000000ec680000)
 ParOldGen       total 68608K, used 14736K [0x00000000c0000000, 0x00000000c4300000, 0x00000000eab00000)
  object space 68608K, 21% used [0x00000000c0000000,0x00000000c0e643f8,0x00000000c4300000)
 Metaspace       used 40344K, committed 41088K, reserved 1114112K
  class space    used 4245K, committed 4544K, reserved 1048576K
}

Dll operation events (10 events):
Event: 0.006 Loaded shared library c:\Users\Admin\.vscode\extensions\redhat.java-1.21.0-win32-x64\jre\17.0.7-win32-x86_64\bin\java.dll
Event: 0.094 Loaded shared library c:\Users\Admin\.vscode\extensions\redhat.java-1.21.0-win32-x64\jre\17.0.7-win32-x86_64\bin\zip.dll
Event: 0.096 Loaded shared library C:\Users\Admin\.vscode\extensions\redhat.java-1.21.0-win32-x64\jre\17.0.7-win32-x86_64\bin\instrument.dll
Event: 0.105 Loaded shared library C:\Users\Admin\.vscode\extensions\redhat.java-1.21.0-win32-x64\jre\17.0.7-win32-x86_64\bin\net.dll
Event: 0.107 Loaded shared library C:\Users\Admin\.vscode\extensions\redhat.java-1.21.0-win32-x64\jre\17.0.7-win32-x86_64\bin\nio.dll
Event: 0.112 Loaded shared library C:\Users\Admin\.vscode\extensions\redhat.java-1.21.0-win32-x64\jre\17.0.7-win32-x86_64\bin\zip.dll
Event: 0.123 Loaded shared library C:\Users\Admin\.vscode\extensions\redhat.java-1.21.0-win32-x64\jre\17.0.7-win32-x86_64\bin\jimage.dll
Event: 0.157 Loaded shared library c:\Users\Admin\.vscode\extensions\redhat.java-1.21.0-win32-x64\jre\17.0.7-win32-x86_64\bin\verify.dll
Event: 0.771 Loaded shared library C:\Users\Admin\AppData\Roaming\Code\User\globalStorage\redhat.java\1.21.0\config_win\org.eclipse.equinox.launcher\org.eclipse.equinox.launcher.win32.win32.x86_64_1.2.700.v20221108-1024\eclipse_11801.dll
Event: 2.019 Loaded shared library C:\Users\Admin\AppData\Local\Temp\jna-63116079\jna6381733702864214728.dll

Deoptimization events (20 events):
Event: 2.595 Thread 0x00000188fc0bb040 Uncommon trap: trap_request=0xffffff66 fr.pc=0x00000188e9fd1d7c relative=0x00000000000000dc
Event: 2.595 Thread 0x00000188fc0bb040 Uncommon trap: reason=speculate_class_check action=maybe_recompile pc=0x00000188e9fd1d7c method=java.util.regex.Pattern$CharPredicate.lambda$negate$3(I)Z @ 2 c2
Event: 2.595 Thread 0x00000188fc0bb040 DEOPT PACKING pc=0x00000188e9fd1d7c sp=0x00000045b7afe490
Event: 2.595 Thread 0x00000188fc0bb040 DEOPT UNPACKING pc=0x00000188e97b9ea3 sp=0x00000045b7afe3b0 mode 2
Event: 2.728 Thread 0x00000188fc0bb040 Uncommon trap: trap_request=0xffffffde fr.pc=0x00000188ea0a8894 relative=0x0000000000000494
Event: 2.728 Thread 0x00000188fc0bb040 Uncommon trap: reason=class_check action=maybe_recompile pc=0x00000188ea0a8894 method=java.lang.reflect.Executable.declaredAnnotations()Ljava/util/Map; @ 23 c2
Event: 2.728 Thread 0x00000188fc0bb040 DEOPT PACKING pc=0x00000188ea0a8894 sp=0x00000045b7afe1a0
Event: 2.728 Thread 0x00000188fc0bb040 DEOPT UNPACKING pc=0x00000188e97b9ea3 sp=0x00000045b7afe168 mode 2
Event: 2.728 Thread 0x00000188fc0bb040 Uncommon trap: trap_request=0xffffffde fr.pc=0x00000188ea0a8894 relative=0x0000000000000494
Event: 2.728 Thread 0x00000188fc0bb040 Uncommon trap: reason=class_check action=maybe_recompile pc=0x00000188ea0a8894 method=java.lang.reflect.Executable.declaredAnnotations()Ljava/util/Map; @ 23 c2
Event: 2.728 Thread 0x00000188fc0bb040 DEOPT PACKING pc=0x00000188ea0a8894 sp=0x00000045b7afe100
Event: 2.728 Thread 0x00000188fc0bb040 DEOPT UNPACKING pc=0x00000188e97b9ea3 sp=0x00000045b7afe0d0 mode 2
Event: 2.728 Thread 0x00000188fc0bb040 Uncommon trap: trap_request=0xffffffde fr.pc=0x00000188ea0a8894 relative=0x0000000000000494
Event: 2.728 Thread 0x00000188fc0bb040 Uncommon trap: reason=class_check action=maybe_recompile pc=0x00000188ea0a8894 method=java.lang.reflect.Executable.declaredAnnotations()Ljava/util/Map; @ 23 c2
Event: 2.728 Thread 0x00000188fc0bb040 DEOPT PACKING pc=0x00000188ea0a8894 sp=0x00000045b7afe1a0
Event: 2.728 Thread 0x00000188fc0bb040 DEOPT UNPACKING pc=0x00000188e97b9ea3 sp=0x00000045b7afe168 mode 2
Event: 2.728 Thread 0x00000188fc0bb040 Uncommon trap: trap_request=0xffffffde fr.pc=0x00000188ea0a8894 relative=0x0000000000000494
Event: 2.728 Thread 0x00000188fc0bb040 Uncommon trap: reason=class_check action=maybe_recompile pc=0x00000188ea0a8894 method=java.lang.reflect.Executable.declaredAnnotations()Ljava/util/Map; @ 23 c2
Event: 2.728 Thread 0x00000188fc0bb040 DEOPT PACKING pc=0x00000188ea0a8894 sp=0x00000045b7afe100
Event: 2.728 Thread 0x00000188fc0bb040 DEOPT UNPACKING pc=0x00000188e97b9ea3 sp=0x00000045b7afe0d0 mode 2

Classes unloaded (7 events):
Event: 1.191 Thread 0x00000188ddf48280 Unloading class 0x0000000100218000 'java/lang/invoke/LambdaForm$MH+0x0000000100218000'
Event: 1.191 Thread 0x00000188ddf48280 Unloading class 0x0000000100217c00 'java/lang/invoke/LambdaForm$MH+0x0000000100217c00'
Event: 1.191 Thread 0x00000188ddf48280 Unloading class 0x0000000100217800 'java/lang/invoke/LambdaForm$MH+0x0000000100217800'
Event: 1.191 Thread 0x00000188ddf48280 Unloading class 0x0000000100217400 'java/lang/invoke/LambdaForm$MH+0x0000000100217400'
Event: 1.191 Thread 0x00000188ddf48280 Unloading class 0x0000000100217000 'java/lang/invoke/LambdaForm$BMH+0x0000000100217000'
Event: 1.191 Thread 0x00000188ddf48280 Unloading class 0x0000000100216c00 'java/lang/invoke/LambdaForm$DMH+0x0000000100216c00'
Event: 1.191 Thread 0x00000188ddf48280 Unloading class 0x0000000100214000 'java/lang/invoke/LambdaForm$DMH+0x0000000100214000'

Classes redefined (0 events):
No events

Internal exceptions (20 events):
Event: 1.754 Thread 0x00000188fbc8ae50 Exception <a 'java/lang/ClassNotFoundException'{0x00000000ec13a098}: com/sun/org/apache/xerces/internal/impl/msg/spi/XMLMessagesProvider> (0x00000000ec13a098) 
thrown [s\src\hotspot\share\classfile\systemDictionary.cpp, line 256]
Event: 1.785 Thread 0x00000188fbc8ae50 Exception <a 'java/lang/NoSuchMethodError'{0x00000000eaba0010}: 'void java.lang.invoke.DirectMethodHandle$Holder.invokeVirtual(java.lang.Object, java.lang.Object)'> (0x00000000eaba0010) 
thrown [s\src\hotspot\share\interpreter\linkResolver.cpp, line 759]
Event: 1.822 Thread 0x00000188fbc8ae50 Exception <a 'java/lang/NoSuchMethodError'{0x00000000eadcbb00}: 'java.lang.Object java.lang.invoke.DirectMethodHandle$Holder.invokeStaticInit(java.lang.Object, int, int, int, int)'> (0x00000000eadcbb00) 
thrown [s\src\hotspot\share\interpreter\linkResolver.cpp, line 759]
Event: 1.869 Thread 0x00000188fbc8ae50 Exception <a 'java/lang/NoSuchMethodError'{0x00000000eae848d0}: 'java.lang.Object java.lang.invoke.DirectMethodHandle$Holder.invokeStaticInit(java.lang.Object, java.lang.Object, int, int, int, int)'> (0x00000000eae848d0) 
thrown [s\src\hotspot\share\interpreter\linkResolver.cpp, line 759]
Event: 1.911 Thread 0x00000188fbc8ae50 Exception <a 'java/lang/ClassNotFoundException'{0x00000000eb1e8ab0}: com/sun/org/apache/xml/internal/serializer/spi/XMLEntitiesProvider> (0x00000000eb1e8ab0) 
thrown [s\src\hotspot\share\classfile\systemDictionary.cpp, line 256]
Event: 1.962 Thread 0x00000188fbc8ae50 Exception <a 'java/io/FileNotFoundException'{0x00000000eb556940}> (0x00000000eb556940) 
thrown [s\src\hotspot\share\prims\jni.cpp, line 516]
Event: 2.039 Thread 0x00000188fbc8ae50 Exception <a 'java/lang/UnsatisfiedLinkError'{0x00000000eb800780}: The specified procedure could not be found.
> (0x00000000eb800780) 
thrown [s\src\hotspot\share\prims\jni.cpp, line 535]
Event: 2.041 Thread 0x00000188fbc8ae50 Exception <a 'java/io/FileNotFoundException'{0x00000000eb8235d8}> (0x00000000eb8235d8) 
thrown [s\src\hotspot\share\prims\jni.cpp, line 516]
Event: 2.047 Thread 0x00000188fbc8ae50 Exception <a 'java/io/FileNotFoundException'{0x00000000eb896738}> (0x00000000eb896738) 
thrown [s\src\hotspot\share\prims\jni.cpp, line 516]
Event: 2.053 Thread 0x00000188fbc8ae50 Exception <a 'java/lang/UnsatisfiedLinkError'{0x00000000eb923bf0}: The specified procedure could not be found.
> (0x00000000eb923bf0) 
thrown [s\src\hotspot\share\prims\jni.cpp, line 535]
Event: 2.114 Thread 0x00000188fb222f60 Exception <a 'java/lang/NoSuchMethodError'{0x00000000eabf0d88}: 'int java.lang.invoke.DirectMethodHandle$Holder.invokeVirtual(java.lang.Object, java.lang.Object)'> (0x00000000eabf0d88) 
thrown [s\src\hotspot\share\interpreter\linkResolver.cpp, line 759]
Event: 2.129 Thread 0x00000188dde8d070 Exception <a 'java/lang/NoSuchMethodError'{0x00000000ec229b60}: 'java.lang.Object java.lang.invoke.DirectMethodHandle$Holder.invokeStatic(java.lang.Object, java.lang.Object, long, java.lang.Object)'> (0x00000000ec229b60) 
thrown [s\src\hotspot\share\interpreter\linkResolver.cpp, line 759]
Event: 2.129 Thread 0x00000188dde8d070 Exception <a 'java/lang/NoSuchMethodError'{0x00000000ec22d5f8}: 'java.lang.Object java.lang.invoke.DirectMethodHandle$Holder.invokeStaticInit(java.lang.Object, java.lang.Object, long, java.lang.Object)'> (0x00000000ec22d5f8) 
thrown [s\src\hotspot\share\interpreter\linkResolver.cpp, line 759]
Event: 2.130 Thread 0x00000188dde8d070 Exception <a 'java/lang/NoSuchMethodError'{0x00000000ec233c08}: 'java.lang.Object java.lang.invoke.DirectMethodHandle$Holder.newInvokeSpecial(java.lang.Object, java.lang.Object, long)'> (0x00000000ec233c08) 
thrown [s\src\hotspot\share\interpreter\linkResolver.cpp, line 759]
Event: 2.163 Thread 0x00000188dde8d070 Exception <a 'java/lang/NoSuchMethodError'{0x00000000eac58b30}: 'void java.lang.invoke.DirectMethodHandle$Holder.invokeStatic(java.lang.Object, java.lang.Object, java.lang.Object, java.lang.Object)'> (0x00000000eac58b30) 
thrown [s\src\hotspot\share\interpreter\linkResolver.cpp, line 759]
Event: 2.255 Thread 0x00000188dde8d070 Exception <a 'java/lang/NoSuchMethodError'{0x00000000eaeea3c8}: 'void java.lang.invoke.DirectMethodHandle$Holder.invokeSpecial(java.lang.Object, java.lang.Object, java.lang.Object, java.lang.Object, java.lang.Object, java.lang.Object)'> (0x00000000eaeea3c8) 
thrown [s\src\hotspot\share\interpreter\linkResolver.cpp, line 759]
Event: 2.255 Thread 0x00000188dde8d070 Exception <a 'java/lang/IncompatibleClassChangeError'{0x00000000eaef3f78}: Found class java.lang.Object, but interface was expected> (0x00000000eaef3f78) 
thrown [s\src\hotspot\share\interpreter\linkResolver.cpp, line 826]
Event: 2.331 Thread 0x00000188fc0bb040 Exception <a 'java/lang/NoSuchMethodError'{0x00000000eb643300}: 'java.lang.Object java.lang.invoke.DirectMethodHandle$Holder.invokeSpecialIFC(java.lang.Object, java.lang.Object, java.lang.Object, java.lang.Object)'> (0x00000000eb643300) 
thrown [s\src\hotspot\share\interpreter\linkResolver.cpp, line 759]
Event: 2.402 Thread 0x00000188fc0bb040 Exception <a 'java/lang/NoSuchMethodError'{0x00000000ebe740a0}: 'int java.lang.invoke.DirectMethodHandle$Holder.invokeSpecialIFC(java.lang.Object, java.lang.Object, java.lang.Object, java.lang.Object, java.lang.Object)'> (0x00000000ebe740a0) 
thrown [s\src\hotspot\share\interpreter\linkResolver.cpp, line 759]
Event: 2.463 Thread 0x00000188fc0bb040 Exception <a 'java/lang/NoClassDefFoundError'{0x00000000eae77740}: javax/enterprise/inject/Typed> (0x00000000eae77740) 
thrown [s\src\hotspot\share\classfile\systemDictionary.cpp, line 245]

VM Operations (20 events):
Event: 1.953 Executing VM operation: HandshakeAllThreads
Event: 1.953 Executing VM operation: HandshakeAllThreads done
Event: 2.028 Executing VM operation: HandshakeAllThreads
Event: 2.028 Executing VM operation: HandshakeAllThreads done
Event: 2.147 Executing VM operation: ParallelGCFailedAllocation
Event: 2.149 Executing VM operation: ParallelGCFailedAllocation done
Event: 2.208 Executing VM operation: CollectForMetadataAllocation
Event: 2.228 Executing VM operation: CollectForMetadataAllocation done
Event: 2.318 Executing VM operation: HandshakeAllThreads
Event: 2.318 Executing VM operation: HandshakeAllThreads done
Event: 2.337 Executing VM operation: HandshakeAllThreads
Event: 2.337 Executing VM operation: HandshakeAllThreads done
Event: 2.424 Executing VM operation: ParallelGCFailedAllocation
Event: 2.426 Executing VM operation: ParallelGCFailedAllocation done
Event: 2.455 Executing VM operation: HandshakeAllThreads
Event: 2.455 Executing VM operation: HandshakeAllThreads done
Event: 2.687 Executing VM operation: ParallelGCFailedAllocation
Event: 2.689 Executing VM operation: ParallelGCFailedAllocation done
Event: 2.753 Executing VM operation: HandshakeAllThreads
Event: 2.753 Executing VM operation: HandshakeAllThreads done

Events (20 events):
Event: 2.406 loading class java/util/stream/SortedOps$SizedRefSortingSink
Event: 2.406 loading class java/util/stream/SortedOps$SizedRefSortingSink done
Event: 2.421 loading class java/lang/annotation/ElementType
Event: 2.421 loading class java/lang/annotation/ElementType done
Event: 2.456 loading class java/lang/Short$ShortCache
Event: 2.456 loading class java/lang/Short$ShortCache done
Event: 2.462 loading class java/lang/annotation/IncompleteAnnotationException
Event: 2.463 loading class java/lang/annotation/IncompleteAnnotationException done
Event: 2.472 Thread 0x00000188fdbd19d0 Thread added: 0x00000188fdbd19d0
Event: 2.472 Thread 0x00000188fdd6b660 Thread added: 0x00000188fdd6b660
Event: 2.481 loading class jdk/internal/access/foreign/MemorySegmentProxy
Event: 2.481 loading class jdk/internal/access/foreign/MemorySegmentProxy done
Event: 2.482 Thread 0x00000188fecb18e0 Thread added: 0x00000188fecb18e0
Event: 2.486 Thread 0x00000188fda519d0 Thread added: 0x00000188fda519d0
Event: 2.487 Thread 0x00000188fe0af810 Thread added: 0x00000188fe0af810
Event: 2.526 Thread 0x00000188fb226450 Thread added: 0x00000188fb226450
Event: 2.720 loading class sun/reflect/annotation/AnnotatedTypeFactory$AnnotatedParameterizedTypeImpl
Event: 2.721 loading class java/lang/reflect/AnnotatedParameterizedType
Event: 2.721 loading class java/lang/reflect/AnnotatedParameterizedType done
Event: 2.721 loading class sun/reflect/annotation/AnnotatedTypeFactory$AnnotatedParameterizedTypeImpl done


Dynamic libraries:
0x00007ff6fd020000 - 0x00007ff6fd02e000 	c:\Users\Admin\.vscode\extensions\redhat.java-1.21.0-win32-x64\jre\17.0.7-win32-x86_64\bin\java.exe
0x00007ffeff510000 - 0x00007ffeff724000 	C:\WINDOWS\SYSTEM32\ntdll.dll
0x00007ffefdbe0000 - 0x00007ffefdca4000 	C:\WINDOWS\System32\KERNEL32.DLL
0x00007ffefcd10000 - 0x00007ffefd0b4000 	C:\WINDOWS\System32\KERNELBASE.dll
0x00007ffefc8f0000 - 0x00007ffefca01000 	C:\WINDOWS\System32\ucrtbase.dll
0x00007ffee1bf0000 - 0x00007ffee1c09000 	c:\Users\Admin\.vscode\extensions\redhat.java-1.21.0-win32-x64\jre\17.0.7-win32-x86_64\bin\VCRUNTIME140.dll
0x00007ffeebc40000 - 0x00007ffeebc57000 	c:\Users\Admin\.vscode\extensions\redhat.java-1.21.0-win32-x64\jre\17.0.7-win32-x86_64\bin\jli.dll
0x00007ffefda30000 - 0x00007ffefdbda000 	C:\WINDOWS\System32\USER32.dll
0x00007ffed66d0000 - 0x00007ffed695f000 	C:\WINDOWS\WinSxS\amd64_microsoft.windows.common-controls_6595b64144ccf1df_6.0.22621.2070_none_2713e6537381f706\COMCTL32.dll
0x00007ffefd230000 - 0x00007ffefd256000 	C:\WINDOWS\System32\win32u.dll
0x00007ffeff440000 - 0x00007ffeff469000 	C:\WINDOWS\System32\GDI32.dll
0x00007ffefefa0000 - 0x00007ffeff047000 	C:\WINDOWS\System32\msvcrt.dll
0x00007ffefca10000 - 0x00007ffefcb29000 	C:\WINDOWS\System32\gdi32full.dll
0x00007ffefcc70000 - 0x00007ffefcd0a000 	C:\WINDOWS\System32\msvcp_win.dll
0x00007ffefd9f0000 - 0x00007ffefda21000 	C:\WINDOWS\System32\IMM32.DLL
0x00007ffef7730000 - 0x00007ffef773c000 	c:\Users\Admin\.vscode\extensions\redhat.java-1.21.0-win32-x64\jre\17.0.7-win32-x86_64\bin\vcruntime140_1.dll
0x00007ffe95760000 - 0x00007ffe957f1000 	c:\Users\Admin\.vscode\extensions\redhat.java-1.21.0-win32-x64\jre\17.0.7-win32-x86_64\bin\msvcp140.dll
0x00007ffe4c3d0000 - 0x00007ffe4d018000 	c:\Users\Admin\.vscode\extensions\redhat.java-1.21.0-win32-x64\jre\17.0.7-win32-x86_64\bin\server\jvm.dll
0x00007ffefd2d0000 - 0x00007ffefd380000 	C:\WINDOWS\System32\ADVAPI32.dll
0x00007ffefd860000 - 0x00007ffefd906000 	C:\WINDOWS\System32\sechost.dll
0x00007ffefe7a0000 - 0x00007ffefe8b7000 	C:\WINDOWS\System32\RPCRT4.dll
0x00007ffef5bd0000 - 0x00007ffef5c04000 	C:\WINDOWS\SYSTEM32\WINMM.dll
0x00007ffee0840000 - 0x00007ffee0849000 	C:\WINDOWS\SYSTEM32\WSOCK32.dll
0x00007ffef5960000 - 0x00007ffef596a000 	C:\WINDOWS\SYSTEM32\VERSION.dll
0x00007ffefee90000 - 0x00007ffefef01000 	C:\WINDOWS\System32\WS2_32.dll
0x00007ffefb990000 - 0x00007ffefb9a8000 	C:\WINDOWS\SYSTEM32\kernel.appcore.dll
0x00007ffef75a0000 - 0x00007ffef75aa000 	c:\Users\Admin\.vscode\extensions\redhat.java-1.21.0-win32-x64\jre\17.0.7-win32-x86_64\bin\jimage.dll
0x00007ffefa250000 - 0x00007ffefa47e000 	C:\WINDOWS\SYSTEM32\DBGHELP.DLL
0x00007ffefd430000 - 0x00007ffefd7ba000 	C:\WINDOWS\System32\combase.dll
0x00007ffefd910000 - 0x00007ffefd9e7000 	C:\WINDOWS\System32\OLEAUT32.dll
0x00007ffee2520000 - 0x00007ffee2552000 	C:\WINDOWS\SYSTEM32\dbgcore.DLL
0x00007ffefcb30000 - 0x00007ffefcbaa000 	C:\WINDOWS\System32\bcryptPrimitives.dll
0x00007ffef70b0000 - 0x00007ffef70be000 	c:\Users\Admin\.vscode\extensions\redhat.java-1.21.0-win32-x64\jre\17.0.7-win32-x86_64\bin\instrument.dll
0x00007ffec5540000 - 0x00007ffec5565000 	c:\Users\Admin\.vscode\extensions\redhat.java-1.21.0-win32-x64\jre\17.0.7-win32-x86_64\bin\java.dll
0x00007ffee0110000 - 0x00007ffee0128000 	c:\Users\Admin\.vscode\extensions\redhat.java-1.21.0-win32-x64\jre\17.0.7-win32-x86_64\bin\zip.dll
0x00007ffefddc0000 - 0x00007ffefe5d6000 	C:\WINDOWS\System32\SHELL32.dll
0x00007ffefa870000 - 0x00007ffefb15a000 	C:\WINDOWS\SYSTEM32\windows.storage.dll
0x00007ffefa730000 - 0x00007ffefa86e000 	C:\WINDOWS\SYSTEM32\wintypes.dll
0x00007ffeff2c0000 - 0x00007ffeff3b3000 	C:\WINDOWS\System32\SHCORE.dll
0x00007ffeff260000 - 0x00007ffeff2be000 	C:\WINDOWS\System32\shlwapi.dll
0x00007ffefc820000 - 0x00007ffefc846000 	C:\WINDOWS\SYSTEM32\profapi.dll
0x00007ffecccf0000 - 0x00007ffeccd09000 	C:\Users\Admin\.vscode\extensions\redhat.java-1.21.0-win32-x64\jre\17.0.7-win32-x86_64\bin\net.dll
0x00007ffef6020000 - 0x00007ffef6157000 	C:\WINDOWS\SYSTEM32\WINHTTP.dll
0x00007ffefbe60000 - 0x00007ffefbec9000 	C:\WINDOWS\system32\mswsock.dll
0x00007ffeaaee0000 - 0x00007ffeaaef5000 	C:\Users\Admin\.vscode\extensions\redhat.java-1.21.0-win32-x64\jre\17.0.7-win32-x86_64\bin\nio.dll
0x00007ffef5d50000 - 0x00007ffef5d60000 	c:\Users\Admin\.vscode\extensions\redhat.java-1.21.0-win32-x64\jre\17.0.7-win32-x86_64\bin\verify.dll
0x00007ffe77350000 - 0x00007ffe7738e000 	C:\Users\Admin\AppData\Roaming\Code\User\globalStorage\redhat.java\1.21.0\config_win\org.eclipse.equinox.launcher\org.eclipse.equinox.launcher.win32.win32.x86_64_1.2.700.v20221108-1024\eclipse_11801.dll
0x00007ffeff050000 - 0x00007ffeff1ec000 	C:\WINDOWS\System32\ole32.dll
0x00007ffefc0a0000 - 0x00007ffefc0bb000 	C:\WINDOWS\SYSTEM32\CRYPTSP.dll
0x00007ffefb950000 - 0x00007ffefb985000 	C:\WINDOWS\system32\rsaenh.dll
0x00007ffefbf30000 - 0x00007ffefbf5c000 	C:\WINDOWS\SYSTEM32\USERENV.dll
0x00007ffefc290000 - 0x00007ffefc2b8000 	C:\WINDOWS\SYSTEM32\bcrypt.dll
0x00007ffefc0f0000 - 0x00007ffefc0fc000 	C:\WINDOWS\SYSTEM32\CRYPTBASE.dll
0x00007ffefb3c0000 - 0x00007ffefb3ed000 	C:\WINDOWS\SYSTEM32\IPHLPAPI.DLL
0x00007ffefee80000 - 0x00007ffefee89000 	C:\WINDOWS\System32\NSI.dll
0x00007ffef5f20000 - 0x00007ffef5f39000 	C:\WINDOWS\SYSTEM32\dhcpcsvc6.DLL
0x00007ffef5eb0000 - 0x00007ffef5ecf000 	C:\WINDOWS\SYSTEM32\dhcpcsvc.DLL
0x00007ffefb430000 - 0x00007ffefb523000 	C:\WINDOWS\SYSTEM32\DNSAPI.dll
0x00007ffe77300000 - 0x00007ffe77345000 	C:\Users\Admin\AppData\Local\Temp\jna-63116079\jna6381733702864214728.dll
0x00007ffefe9f0000 - 0x00007ffefe9f8000 	C:\WINDOWS\System32\PSAPI.DLL

dbghelp: loaded successfully - version: 4.0.5 - missing functions: none
symbol engine: initialized successfully - sym options: 0x614 - pdb path: .;c:\Users\Admin\.vscode\extensions\redhat.java-1.21.0-win32-x64\jre\17.0.7-win32-x86_64\bin;C:\WINDOWS\SYSTEM32;C:\WINDOWS\WinSxS\amd64_microsoft.windows.common-controls_6595b64144ccf1df_6.0.22621.2070_none_2713e6537381f706;c:\Users\Admin\.vscode\extensions\redhat.java-1.21.0-win32-x64\jre\17.0.7-win32-x86_64\bin\server;C:\Users\Admin\AppData\Roaming\Code\User\globalStorage\redhat.java\1.21.0\config_win\org.eclipse.equinox.launcher\org.eclipse.equinox.launcher.win32.win32.x86_64_1.2.700.v20221108-1024;C:\Users\Admin\AppData\Local\Temp\jna-63116079

VM Arguments:
jvm_args: --add-modules=ALL-SYSTEM --add-opens=java.base/java.util=ALL-UNNAMED --add-opens=java.base/java.lang=ALL-UNNAMED --add-opens=java.base/sun.nio.fs=ALL-UNNAMED -Declipse.application=org.eclipse.jdt.ls.core.id1 -Dosgi.bundles.defaultStartLevel=4 -Declipse.product=org.eclipse.jdt.ls.core.product -Djava.import.generatesMetadataFilesAtProjectRoot=false -Dfile.encoding=utf8 -XX:+UseParallelGC -XX:GCTimeRatio=4 -XX:AdaptiveSizePolicyWeight=90 -Dsun.zip.disableMemoryMapping=true -Xmx1G -Xms100m -Xlog:disable -javaagent:c:\Users\Admin\.vscode\extensions\redhat.java-1.21.0-win32-x64\lombok\lombok-1.18.28.jar -XX:+HeapDumpOnOutOfMemoryError -XX:HeapDumpPath=c:\Users\Admin\AppData\Roaming\Code\User\workspaceStorage\e7c62a26f5fb9af6089d468b08576148\redhat.java -Daether.dependencyCollector.impl=bf 
java_command: c:\Users\Admin\.vscode\extensions\redhat.java-1.21.0-win32-x64\server\plugins\org.eclipse.equinox.launcher_1.6.500.v20230717-2134.jar -configuration c:\Users\Admin\AppData\Roaming\Code\User\globalStorage\redhat.java\1.21.0\config_win -data c:\Users\Admin\AppData\Roaming\Code\User\workspaceStorage\e7c62a26f5fb9af6089d468b08576148\redhat.java\jdt_ws
java_class_path (initial): c:\Users\Admin\.vscode\extensions\redhat.java-1.21.0-win32-x64\server\plugins\org.eclipse.equinox.launcher_1.6.500.v20230717-2134.jar
Launcher Type: SUN_STANDARD

[Global flags]
    uintx AdaptiveSizePolicyWeight                 = 90                                        {product} {command line}
     intx CICompilerCount                          = 12                                        {product} {ergonomic}
    uintx GCTimeRatio                              = 4                                         {product} {command line}
     bool HeapDumpOnOutOfMemoryError               = true                                   {manageable} {command line}
    ccstr HeapDumpPath                             = c:\Users\Admin\AppData\Roaming\Code\User\workspaceStorage\e7c62a26f5fb9af6089d468b08576148\redhat.java         {manageable} {command line}
   size_t InitialHeapSize                          = 104857600                                 {product} {command line}
   size_t MaxHeapSize                              = 1073741824                                {product} {command line}
   size_t MaxNewSize                               = 357564416                                 {product} {ergonomic}
   size_t MinHeapDeltaBytes                        = 524288                                    {product} {ergonomic}
   size_t MinHeapSize                              = 104857600                                 {product} {command line}
   size_t NewSize                                  = 34603008                                  {product} {ergonomic}
    uintx NonNMethodCodeHeapSize                   = 7602480                                {pd product} {ergonomic}
    uintx NonProfiledCodeHeapSize                  = 122027880                              {pd product} {ergonomic}
   size_t OldSize                                  = 70254592                                  {product} {ergonomic}
    uintx ProfiledCodeHeapSize                     = 122027880                              {pd product} {ergonomic}
    uintx ReservedCodeCacheSize                    = 251658240                              {pd product} {ergonomic}
     bool SegmentedCodeCache                       = true                                      {product} {ergonomic}
   size_t SoftMaxHeapSize                          = 1073741824                             {manageable} {ergonomic}
     bool UseCompressedClassPointers               = true                           {product lp64_product} {ergonomic}
     bool UseCompressedOops                        = true                           {product lp64_product} {ergonomic}
     bool UseLargePagesIndividualAllocation        = false                                  {pd product} {ergonomic}
     bool UseParallelGC                            = true                                      {product} {command line}

Logging:
Log output configuration:
 #0: stdout all=off uptime,level,tags
 #1: stderr all=off uptime,level,tags

Environment Variables:
JAVA_HOME=C:\Program Files\Java\jdk-14.0.2
PATH=C:\Program Files\Python310\Scripts\;C:\Program Files\Python310\;C:\Program Files\Python38\Scripts\;C:\Program Files\Python38\;C:\WINDOWS\system32;C:\WINDOWS;C:\WINDOWS\System32\Wbem;C:\WINDOWS\System32\WindowsPowerShell\v1.0\;C:\WINDOWS\System32\OpenSSH\;C:\Program Files\Microsoft SQL Server\Client SDK\ODBC\110\Tools\Binn\;C:\Program Files (x86)\Microsoft SQL Server\120\Tools\Binn\;C:\Program Files\Microsoft SQL Server\120\Tools\Binn\;C:\Program Files\Microsoft SQL Server\120\DTS\Binn\;C:\Program Files (x86)\Microsoft SQL Server\120\Tools\Binn\ManagementStudio\;C:\Program Files (x86)\Microsoft SQL Server\120\DTS\Binn\;C:\Program Files\Java\jdk-11.0.2\bin;C:\tomcat\apache-tomcat-9.0.63\bin;C:\Program Files\dotnet\;C:\Program Files\Microsoft SQL Server\150\Tools\Binn\;C:\Program Files\Microsoft SQL Server\Client SDK\ODBC\170\Tools\Binn\;C:\Program Files\nodejs\;C:\Program Files\Microsoft SQL Server\130\Tools\Binn\;C:\WINDOWS\system32;C:\WINDOWS;C:\WINDOWS\System32\Wbem;C:\WINDOWS\System32\WindowsPowerShell\v1.0\;C:\WINDOWS\System32\OpenSSH\;C:\Program Files\MongoDB\Server\5.0\bin;C:\Users\Admin\AppData\Local\Microsoft\WindowsApps;;C:\Users\Admin\.dotnet\tools;C:\Users\Admin\AppData\Roaming\npm;D:\Microsoft VS Code\bin
USERNAME=Admin
OS=Windows_NT
PROCESSOR_IDENTIFIER=Intel64 Family 6 Model 141 Stepping 1, GenuineIntel
TMP=C:\Users\Admin\AppData\Local\Temp
TEMP=C:\Users\Admin\AppData\Local\Temp



---------------  S Y S T E M  ---------------

OS:
 Windows 11 , 64 bit Build 22621 (10.0.22621.2070)
OS uptime: 0 days 1:37 hours
Hyper-V role detected

CPU: total 16 (initial active 16) (8 cores per cpu, 2 threads per core) family 6 model 141 stepping 1 microcode 0x32, cx8, cmov, fxsr, ht, mmx, 3dnowpref, sse, sse2, sse3, ssse3, sse4.1, sse4.2, popcnt, lzcnt, tsc, tscinvbit, avx, avx2, aes, erms, clmul, bmi1, bmi2, adx, avx512f, avx512dq, avx512cd, avx512bw, avx512vl, sha, fma, vzeroupper, avx512_vpopcntdq, avx512_vpclmulqdq, avx512_vaes, avx512_vnni, clflush, clflushopt, clwb, avx512_vbmi2, avx512_vbmi, hv

Memory: 4k page, system-wide physical 16085M (2113M free)
TotalPageFile size 18133M (AvailPageFile size 7M)
current process WorkingSet (physical memory assigned to process): 230M, peak: 234M
current process commit charge ("private bytes"): 346M, peak: 351M

vm_info: OpenJDK 64-Bit Server VM (17.0.7+7) for windows-amd64 JRE (17.0.7+7), built on Apr 18 2023 22:10:42 by "temurin" with MS VC++ 16.7 (VS2019)

END.
