#
# There is insufficient memory for the Java Runtime Environment to continue.
# Native memory allocation (malloc) failed to allocate 216336 bytes for Chunk::new
# Possible reasons:
#   The system is out of physical RAM or swap space
#   The process is running with CompressedOops enabled, and the Java Heap may be blocking the growth of the native heap
# Possible solutions:
#   Reduce memory load on the system
#   Increase physical memory or swap space
#   Check if swap backing store is full
#   Decrease Java heap size (-Xmx/-Xms)
#   Decrease number of Java threads
#   Decrease Java thread stack sizes (-Xss)
#   Set larger code cache with -XX:ReservedCodeCacheSize=
#   JVM is running with Unscaled Compressed Oops mode in which the Java heap is
#     placed in the first 4GB address space. The Java Heap base address is the
#     maximum limit for the native heap growth. Please use -XX:HeapBaseMinAddress
#     to set the Java Heap base and to place the Java Heap above 4GB virtual address.
# This output file may be truncated or incomplete.
#
#  Out of Memory Error (./open/src/hotspot/share/memory/arena.cpp:195), pid=12028, tid=19300
#
# JRE version: Java(TM) SE Runtime Environment (14.0.2+12) (build 14.0.2+12-46)
# Java VM: Java HotSpot(TM) 64-Bit Server VM (14.0.2+12-46, mixed mode, sharing, tiered, compressed oops, g1 gc, windows-amd64)
# No core dump will be written. Minidumps are not enabled by default on client versions of Windows
#

---------------  S U M M A R Y ------------

Command Line: -Xmx64m -Xms64m -Dorg.gradle.appname=gradlew org.gradle.wrapper.GradleWrapperMain app:installDebug -PreactNativeDevServerPort=8081

Host: 11th Gen Intel(R) Core(TM) i7-11800H @ 2.30GHz, 16 cores, 15G,  Windows 10 , 64 bit Build 22621 (10.0.22621.2070)
Time: Wed Aug 16 04:59:52 2023 SE Asia Standard Time elapsed time: 0 seconds (0d 0h 0m 0s)

---------------  T H R E A D  ---------------

Current thread (0x000001aa6123d800):  JavaThread "C2 CompilerThread0" daemon [_thread_in_native, id=19300, stack(0x0000002bc9500000,0x0000002bc9600000)]


Current CompileTask:
C2:    635  794   !   4       java.util.jar.JarFile::checkForSpecialAttributes (163 bytes)

Stack: [0x0000002bc9500000,0x0000002bc9600000]
Native frames: (J=compiled Java code, j=interpreted, Vv=VM code, C=native code)
V  [jvm.dll+0x5f8a9a]
V  [jvm.dll+0x74247a]
V  [jvm.dll+0x743c2f]
V  [jvm.dll+0x744273]
V  [jvm.dll+0x20d288]
V  [jvm.dll+0xabb07]
V  [jvm.dll+0xac1fc]
V  [jvm.dll+0x31c438]
V  [jvm.dll+0x2e6b38]
V  [jvm.dll+0x2e5f3a]
V  [jvm.dll+0x1e5e16]
V  [jvm.dll+0x1e50b8]
V  [jvm.dll+0x1779cc]
V  [jvm.dll+0x1f4105]
V  [jvm.dll+0x1f22eb]
V  [jvm.dll+0x7070cd]
V  [jvm.dll+0x6ffeda]
V  [jvm.dll+0x5f78f6]
C  [ucrtbase.dll+0x29363]
C  [KERNEL32.DLL+0x126ad]
C  [ntdll.dll+0x5aa68]


---------------  P R O C E S S  ---------------

Threads class SMR info:
_java_thread_list=0x000001aa61ccaaf0, length=12, elements={
0x000001aa46090800, 0x000001aa61215800, 0x000001aa61217000, 0x000001aa61233000,
0x000001aa61234000, 0x000001aa61238000, 0x000001aa6123d800, 0x000001aa61244800,
0x000001aa61255800, 0x000001aa61c70800, 0x000001aa61252800, 0x000001aa61254000
}

Java Threads: ( => current thread )
  0x000001aa46090800 JavaThread "main" [_thread_in_vm, id=7304, stack(0x0000002bc8900000,0x0000002bc8a00000)]
  0x000001aa61215800 JavaThread "Reference Handler" daemon [_thread_blocked, id=16340, stack(0x0000002bc9000000,0x0000002bc9100000)]
  0x000001aa61217000 JavaThread "Finalizer" daemon [_thread_blocked, id=5204, stack(0x0000002bc9100000,0x0000002bc9200000)]
  0x000001aa61233000 JavaThread "Signal Dispatcher" daemon [_thread_blocked, id=22384, stack(0x0000002bc9200000,0x0000002bc9300000)]
  0x000001aa61234000 JavaThread "Attach Listener" daemon [_thread_blocked, id=9572, stack(0x0000002bc9300000,0x0000002bc9400000)]
  0x000001aa61238000 JavaThread "Service Thread" daemon [_thread_blocked, id=18056, stack(0x0000002bc9400000,0x0000002bc9500000)]
=>0x000001aa6123d800 JavaThread "C2 CompilerThread0" daemon [_thread_in_native, id=19300, stack(0x0000002bc9500000,0x0000002bc9600000)]
  0x000001aa61244800 JavaThread "C1 CompilerThread0" daemon [_thread_blocked, id=7284, stack(0x0000002bc9600000,0x0000002bc9700000)]
  0x000001aa61255800 JavaThread "Sweeper thread" daemon [_thread_blocked, id=16856, stack(0x0000002bc9700000,0x0000002bc9800000)]
  0x000001aa61c70800 JavaThread "C1 CompilerThread1" daemon [_thread_blocked, id=19920, stack(0x0000002bc9800000,0x0000002bc9900000)]
  0x000001aa61252800 JavaThread "Notification Thread" daemon [_thread_blocked, id=19716, stack(0x0000002bc9900000,0x0000002bc9a00000)]
  0x000001aa61254000 JavaThread "Common-Cleaner" daemon [_thread_blocked, id=16144, stack(0x0000002bc9b00000,0x0000002bc9c00000)]

Other Threads:
  0x000001aa61210800 VMThread "VM Thread" [stack: 0x0000002bc8f00000,0x0000002bc9000000] [id=18824]
  0x000001aa61ca8000 WatcherThread [stack: 0x0000002bc9a00000,0x0000002bc9b00000] [id=18896]
  0x000001aa460af800 GCTaskThread "GC Thread#0" [stack: 0x0000002bc8a00000,0x0000002bc8b00000] [id=18284]
  0x000001aa460b2800 ConcurrentGCThread "G1 Main Marker" [stack: 0x0000002bc8b00000,0x0000002bc8c00000] [id=17920]
  0x000001aa460b5000 ConcurrentGCThread "G1 Conc#0" [stack: 0x0000002bc8c00000,0x0000002bc8d00000] [id=12412]
  0x000001aa4612c000 ConcurrentGCThread "G1 Refine#0" [stack: 0x0000002bc8d00000,0x0000002bc8e00000] [id=6984]
  0x000001aa46130000 ConcurrentGCThread "G1 Young RemSet Sampling" [stack: 0x0000002bc8e00000,0x0000002bc8f00000] [id=9508]

Threads with active compile tasks:
C2 CompilerThread0      651  794   !   4       java.util.jar.JarFile::checkForSpecialAttributes (163 bytes)

VM state:not at safepoint (normal execution)

VM Mutex/Monitor currently owned by a thread: None

Heap address: 0x00000000fc000000, size: 64 MB, Compressed Oops mode: 32-bit
Narrow klass base: 0x0000000800000000, Narrow klass shift: 3
Compressed class space size: 1073741824 Address: 0x0000000800b30000

Heap:
 garbage-first heap   total 65536K, used 27648K [0x00000000fc000000, 0x0000000100000000)
  region size 1024K, 23 young (23552K), 0 survivors (0K)
 Metaspace       used 3120K, capacity 5976K, committed 6144K, reserved 1056768K
  class space    used 378K, capacity 694K, committed 768K, reserved 1048576K
Heap Regions: E=young(eden), S=young(survivor), O=old, HS=humongous(starts), HC=humongous(continues), CS=collection set, F=free, OA=open archive, CA=closed archive, TAMS=top-at-mark-start (previous, next)
|   0|0x00000000fc000000, 0x00000000fc100000, 0x00000000fc100000|100%|HS|  |TAMS 0x00000000fc000000, 0x00000000fc000000| Complete 
|   1|0x00000000fc100000, 0x00000000fc200000, 0x00000000fc200000|100%|HC|  |TAMS 0x00000000fc100000, 0x00000000fc100000| Complete 
|   2|0x00000000fc200000, 0x00000000fc300000, 0x00000000fc300000|100%|HC|  |TAMS 0x00000000fc200000, 0x00000000fc200000| Complete 
|   3|0x00000000fc300000, 0x00000000fc400000, 0x00000000fc400000|100%|HS|  |TAMS 0x00000000fc300000, 0x00000000fc300000| Complete 
|   4|0x00000000fc400000, 0x00000000fc500000, 0x00000000fc500000|100%|HC|  |TAMS 0x00000000fc400000, 0x00000000fc400000| Complete 
|   5|0x00000000fc500000, 0x00000000fc600000, 0x00000000fc600000|100%|HC|  |TAMS 0x00000000fc500000, 0x00000000fc500000| Complete 
|   6|0x00000000fc600000, 0x00000000fc600000, 0x00000000fc700000|  0%| F|  |TAMS 0x00000000fc600000, 0x00000000fc600000| Untracked 
|   7|0x00000000fc700000, 0x00000000fc700000, 0x00000000fc800000|  0%| F|  |TAMS 0x00000000fc700000, 0x00000000fc700000| Untracked 
|   8|0x00000000fc800000, 0x00000000fc800000, 0x00000000fc900000|  0%| F|  |TAMS 0x00000000fc800000, 0x00000000fc800000| Untracked 
|   9|0x00000000fc900000, 0x00000000fc900000, 0x00000000fca00000|  0%| F|  |TAMS 0x00000000fc900000, 0x00000000fc900000| Untracked 
|  10|0x00000000fca00000, 0x00000000fca00000, 0x00000000fcb00000|  0%| F|  |TAMS 0x00000000fca00000, 0x00000000fca00000| Untracked 
|  11|0x00000000fcb00000, 0x00000000fcb00000, 0x00000000fcc00000|  0%| F|  |TAMS 0x00000000fcb00000, 0x00000000fcb00000| Untracked 
|  12|0x00000000fcc00000, 0x00000000fcc00000, 0x00000000fcd00000|  0%| F|  |TAMS 0x00000000fcc00000, 0x00000000fcc00000| Untracked 
|  13|0x00000000fcd00000, 0x00000000fcd00000, 0x00000000fce00000|  0%| F|  |TAMS 0x00000000fcd00000, 0x00000000fcd00000| Untracked 
|  14|0x00000000fce00000, 0x00000000fce00000, 0x00000000fcf00000|  0%| F|  |TAMS 0x00000000fce00000, 0x00000000fce00000| Untracked 
|  15|0x00000000fcf00000, 0x00000000fcf00000, 0x00000000fd000000|  0%| F|  |TAMS 0x00000000fcf00000, 0x00000000fcf00000| Untracked 
|  16|0x00000000fd000000, 0x00000000fd000000, 0x00000000fd100000|  0%| F|  |TAMS 0x00000000fd000000, 0x00000000fd000000| Untracked 
|  17|0x00000000fd100000, 0x00000000fd100000, 0x00000000fd200000|  0%| F|  |TAMS 0x00000000fd100000, 0x00000000fd100000| Untracked 
|  18|0x00000000fd200000, 0x00000000fd200000, 0x00000000fd300000|  0%| F|  |TAMS 0x00000000fd200000, 0x00000000fd200000| Untracked 
|  19|0x00000000fd300000, 0x00000000fd300000, 0x00000000fd400000|  0%| F|  |TAMS 0x00000000fd300000, 0x00000000fd300000| Untracked 
|  20|0x00000000fd400000, 0x00000000fd400000, 0x00000000fd500000|  0%| F|  |TAMS 0x00000000fd400000, 0x00000000fd400000| Untracked 
|  21|0x00000000fd500000, 0x00000000fd500000, 0x00000000fd600000|  0%| F|  |TAMS 0x00000000fd500000, 0x00000000fd500000| Untracked 
|  22|0x00000000fd600000, 0x00000000fd600000, 0x00000000fd700000|  0%| F|  |TAMS 0x00000000fd600000, 0x00000000fd600000| Untracked 
|  23|0x00000000fd700000, 0x00000000fd700000, 0x00000000fd800000|  0%| F|  |TAMS 0x00000000fd700000, 0x00000000fd700000| Untracked 
|  24|0x00000000fd800000, 0x00000000fd800000, 0x00000000fd900000|  0%| F|  |TAMS 0x00000000fd800000, 0x00000000fd800000| Untracked 
|  25|0x00000000fd900000, 0x00000000fd900000, 0x00000000fda00000|  0%| F|  |TAMS 0x00000000fd900000, 0x00000000fd900000| Untracked 
|  26|0x00000000fda00000, 0x00000000fda00000, 0x00000000fdb00000|  0%| F|  |TAMS 0x00000000fda00000, 0x00000000fda00000| Untracked 
|  27|0x00000000fdb00000, 0x00000000fdb00000, 0x00000000fdc00000|  0%| F|  |TAMS 0x00000000fdb00000, 0x00000000fdb00000| Untracked 
|  28|0x00000000fdc00000, 0x00000000fdc00000, 0x00000000fdd00000|  0%| F|  |TAMS 0x00000000fdc00000, 0x00000000fdc00000| Untracked 
|  29|0x00000000fdd00000, 0x00000000fdd00000, 0x00000000fde00000|  0%| F|  |TAMS 0x00000000fdd00000, 0x00000000fdd00000| Untracked 
|  30|0x00000000fde00000, 0x00000000fde00000, 0x00000000fdf00000|  0%| F|  |TAMS 0x00000000fde00000, 0x00000000fde00000| Untracked 
|  31|0x00000000fdf00000, 0x00000000fdf00000, 0x00000000fe000000|  0%| F|  |TAMS 0x00000000fdf00000, 0x00000000fdf00000| Untracked 
|  32|0x00000000fe000000, 0x00000000fe000000, 0x00000000fe100000|  0%| F|  |TAMS 0x00000000fe000000, 0x00000000fe000000| Untracked 
|  33|0x00000000fe100000, 0x00000000fe100000, 0x00000000fe200000|  0%| F|  |TAMS 0x00000000fe100000, 0x00000000fe100000| Untracked 
|  34|0x00000000fe200000, 0x00000000fe200000, 0x00000000fe300000|  0%| F|  |TAMS 0x00000000fe200000, 0x00000000fe200000| Untracked 
|  35|0x00000000fe300000, 0x00000000fe300000, 0x00000000fe400000|  0%| F|  |TAMS 0x00000000fe300000, 0x00000000fe300000| Untracked 
|  36|0x00000000fe400000, 0x00000000fe400000, 0x00000000fe500000|  0%| F|  |TAMS 0x00000000fe400000, 0x00000000fe400000| Untracked 
|  37|0x00000000fe500000, 0x00000000fe500000, 0x00000000fe600000|  0%| F|  |TAMS 0x00000000fe500000, 0x00000000fe500000| Untracked 
|  38|0x00000000fe600000, 0x00000000fe600000, 0x00000000fe700000|  0%| F|  |TAMS 0x00000000fe600000, 0x00000000fe600000| Untracked 
|  39|0x00000000fe700000, 0x00000000fe700000, 0x00000000fe800000|  0%| F|  |TAMS 0x00000000fe700000, 0x00000000fe700000| Untracked 
|  40|0x00000000fe800000, 0x00000000fe800000, 0x00000000fe900000|  0%| F|  |TAMS 0x00000000fe800000, 0x00000000fe800000| Untracked 
|  41|0x00000000fe900000, 0x00000000fe9ec718, 0x00000000fea00000| 92%| E|  |TAMS 0x00000000fe900000, 0x00000000fe900000| Complete 
|  42|0x00000000fea00000, 0x00000000feb00000, 0x00000000feb00000|100%| E|CS|TAMS 0x00000000fea00000, 0x00000000fea00000| Complete 
|  43|0x00000000feb00000, 0x00000000fec00000, 0x00000000fec00000|100%| E|CS|TAMS 0x00000000feb00000, 0x00000000feb00000| Complete 
|  44|0x00000000fec00000, 0x00000000fed00000, 0x00000000fed00000|100%| E|CS|TAMS 0x00000000fec00000, 0x00000000fec00000| Complete 
|  45|0x00000000fed00000, 0x00000000fee00000, 0x00000000fee00000|100%| E|CS|TAMS 0x00000000fed00000, 0x00000000fed00000| Complete 
|  46|0x00000000fee00000, 0x00000000fef00000, 0x00000000fef00000|100%| E|CS|TAMS 0x00000000fee00000, 0x00000000fee00000| Complete 
|  47|0x00000000fef00000, 0x00000000ff000000, 0x00000000ff000000|100%| E|  |TAMS 0x00000000fef00000, 0x00000000fef00000| Complete 
|  48|0x00000000ff000000, 0x00000000ff100000, 0x00000000ff100000|100%| E|CS|TAMS 0x00000000ff000000, 0x00000000ff000000| Complete 
|  49|0x00000000ff100000, 0x00000000ff200000, 0x00000000ff200000|100%| E|CS|TAMS 0x00000000ff100000, 0x00000000ff100000| Complete 
|  50|0x00000000ff200000, 0x00000000ff300000, 0x00000000ff300000|100%| E|CS|TAMS 0x00000000ff200000, 0x00000000ff200000| Complete 
|  51|0x00000000ff300000, 0x00000000ff400000, 0x00000000ff400000|100%| E|CS|TAMS 0x00000000ff300000, 0x00000000ff300000| Complete 
|  52|0x00000000ff400000, 0x00000000ff500000, 0x00000000ff500000|100%| E|CS|TAMS 0x00000000ff400000, 0x00000000ff400000| Complete 
|  53|0x00000000ff500000, 0x00000000ff600000, 0x00000000ff600000|100%| E|CS|TAMS 0x00000000ff500000, 0x00000000ff500000| Complete 
|  54|0x00000000ff600000, 0x00000000ff700000, 0x00000000ff700000|100%| E|CS|TAMS 0x00000000ff600000, 0x00000000ff600000| Complete 
|  55|0x00000000ff700000, 0x00000000ff800000, 0x00000000ff800000|100%| E|CS|TAMS 0x00000000ff700000, 0x00000000ff700000| Complete 
|  56|0x00000000ff800000, 0x00000000ff900000, 0x00000000ff900000|100%| E|CS|TAMS 0x00000000ff800000, 0x00000000ff800000| Complete 
|  57|0x00000000ff900000, 0x00000000ffa00000, 0x00000000ffa00000|100%| E|CS|TAMS 0x00000000ff900000, 0x00000000ff900000| Complete 
|  58|0x00000000ffa00000, 0x00000000ffb00000, 0x00000000ffb00000|100%| E|CS|TAMS 0x00000000ffa00000, 0x00000000ffa00000| Complete 
|  59|0x00000000ffb00000, 0x00000000ffc00000, 0x00000000ffc00000|100%| E|CS|TAMS 0x00000000ffb00000, 0x00000000ffb00000| Complete 
|  60|0x00000000ffc00000, 0x00000000ffd00000, 0x00000000ffd00000|100%| E|CS|TAMS 0x00000000ffc00000, 0x00000000ffc00000| Complete 
|  61|0x00000000ffd00000, 0x00000000ffe00000, 0x00000000ffe00000|100%| E|CS|TAMS 0x00000000ffd00000, 0x00000000ffd00000| Complete 
|  62|0x00000000ffe00000, 0x00000000fff00000, 0x00000000fff00000|100%| E|CS|TAMS 0x00000000ffe00000, 0x00000000ffe00000| Complete 
|  63|0x00000000fff00000, 0x0000000100000000, 0x0000000100000000|100%| E|CS|TAMS 0x00000000fff00000, 0x00000000fff00000| Complete 

Card table byte_map: [0x000001aa45fd0000,0x000001aa45ff0000] _byte_map_base: 0x000001aa457f0000

Marking Bits (Prev, Next): (CMBitMap*) 0x000001aa460b1688, (CMBitMap*) 0x000001aa460b16c8
 Prev Bits: [0x000001aa5e0d0000, 0x000001aa5e1d0000)
 Next Bits: [0x000001aa5e1d0000, 0x000001aa5e2d0000)

Polling page: 0x000001aa44020000

Metaspace:

Usage:
  Non-class:      5.16 MB capacity,     2.69 MB ( 52%) used,     2.47 MB ( 48%) free+waste,     5.00 KB ( <1%) overhead. 
      Class:    694.00 KB capacity,   380.80 KB ( 55%) used,   310.02 KB ( 45%) free+waste,     3.19 KB ( <1%) overhead. 
       Both:      5.84 MB capacity,     3.06 MB ( 52%) used,     2.77 MB ( 47%) free+waste,     8.19 KB ( <1%) overhead. 

Virtual space:
  Non-class space:        8.00 MB reserved,       5.25 MB ( 66%) committed 
      Class space:        1.00 GB reserved,     768.00 KB ( <1%) committed 
             Both:        1.01 GB reserved,       6.00 MB ( <1%) committed 

Chunk freelists:
   Non-Class:  30.00 KB
       Class:  10.00 KB
        Both:  40.00 KB

MaxMetaspaceSize: 17179869184.00 GB
CompressedClassSpaceSize: 1.00 GB

CodeHeap 'non-profiled nmethods': size=119168Kb used=258Kb max_used=258Kb free=118909Kb
 bounds [0x000001aa563d0000, 0x000001aa56640000, 0x000001aa5d830000]
CodeHeap 'profiled nmethods': size=119104Kb used=1644Kb max_used=1644Kb free=117459Kb
 bounds [0x000001aa4ef80000, 0x000001aa4f1f0000, 0x000001aa563d0000]
CodeHeap 'non-nmethods': size=7488Kb used=1707Kb max_used=1724Kb free=5780Kb
 bounds [0x000001aa4e830000, 0x000001aa4eaa0000, 0x000001aa4ef80000]
 total_blobs=1184 nmethods=804 adapters=292
 compilation: enabled
              stopped_count=0, restarted_count=0
 full_count=0

Compilation events (20 events):
Event: 0.623 Thread 0x000001aa61c70800  788       3       java.net.URLStreamHandler::setURL (159 bytes)
Event: 0.624 Thread 0x000001aa61244800 nmethod 787 0x000001aa4f10a690 code [0x000001aa4f10a8c0, 0x000001aa4f10b078]
Event: 0.624 Thread 0x000001aa61244800  790       3       java.lang.ClassLoader::addClass (9 bytes)
Event: 0.624 Thread 0x000001aa61244800 nmethod 790 0x000001aa4f10b390 code [0x000001aa4f10b560, 0x000001aa4f10bc08]
Event: 0.624 Thread 0x000001aa61244800  791  s    3       java.util.Vector::addElement (24 bytes)
Event: 0.624 Thread 0x000001aa61244800 nmethod 791 0x000001aa4f10bf10 code [0x000001aa4f10c0e0, 0x000001aa4f10c6e8]
Event: 0.624 Thread 0x000001aa61244800  792       3       jdk.internal.loader.URLClassPath$JarLoader$2::getCodeSourceURL (8 bytes)
Event: 0.624 Thread 0x000001aa61244800 nmethod 792 0x000001aa4f10c910 code [0x000001aa4f10caa0, 0x000001aa4f10cbd8]
Event: 0.624 Thread 0x000001aa61c70800 nmethod 788 0x000001aa4f10cc90 code [0x000001aa4f10d040, 0x000001aa4f10e7c8]
Event: 0.624 Thread 0x000001aa6123d800  793       4       java.lang.String::lastIndexOf (12 bytes)
Event: 0.626 Thread 0x000001aa6123d800 nmethod 793 0x000001aa56410310 code [0x000001aa564104c0, 0x000001aa56410758]
Event: 0.626 Thread 0x000001aa6123d800  794   !   4       java.util.jar.JarFile::checkForSpecialAttributes (163 bytes)
Event: 0.627 Thread 0x000001aa61c70800  796       3       java.security.SecureClassLoader$CodeSourceKey::equals (56 bytes)
Event: 0.627 Thread 0x000001aa61244800  797       3       java.security.CodeSource::matchCerts (254 bytes)
Event: 0.628 Thread 0x000001aa61c70800 nmethod 796 0x000001aa4f10f110 code [0x000001aa4f10f300, 0x000001aa4f10f978]
Event: 0.628 Thread 0x000001aa61244800 nmethod 797 0x000001aa4f10fb90 code [0x000001aa4f10fdc0, 0x000001aa4f110938]
Event: 0.630 Thread 0x000001aa61244800  798       3       java.net.URLClassLoader::getAndVerifyPackage (109 bytes)
Event: 0.630 Thread 0x000001aa61c70800  799       3       jdk.internal.perf.PerfCounter::getReadClassBytesTime (4 bytes)
Event: 0.630 Thread 0x000001aa61c70800 nmethod 799 0x000001aa4f110d10 code [0x000001aa4f110ea0, 0x000001aa4f110f98]
Event: 0.630 Thread 0x000001aa61244800 nmethod 798 0x000001aa4f111010 code [0x000001aa4f1113a0, 0x000001aa4f1129c8]

GC Heap History (0 events):
No events

Deoptimization events (20 events):
Event: 0.498 Thread 0x000001aa46090800 DEOPT PACKING pc=0x000001aa563f8a58 sp=0x0000002bc89f86c0
Event: 0.498 Thread 0x000001aa46090800 DEOPT UNPACKING pc=0x000001aa4e83852f sp=0x0000002bc89f8650 mode 2
Event: 0.509 Thread 0x000001aa46090800 Uncommon trap: trap_request=0xffffffde fr.pc=0x000001aa563f8a58 relative=0x00000000000012d8
Event: 0.509 Thread 0x000001aa46090800 Uncommon trap: reason=class_check action=maybe_recompile pc=0x000001aa563f8a58 method=java.util.HashMap.putVal(ILjava/lang/Object;Ljava/lang/Object;ZZ)Ljava/lang/Object; @ 203 c2
Event: 0.509 Thread 0x000001aa46090800 DEOPT PACKING pc=0x000001aa563f8a58 sp=0x0000002bc89f86c0
Event: 0.509 Thread 0x000001aa46090800 DEOPT UNPACKING pc=0x000001aa4e83852f sp=0x0000002bc89f8650 mode 2
Event: 0.509 Thread 0x000001aa46090800 Uncommon trap: trap_request=0xffffffde fr.pc=0x000001aa563f8a58 relative=0x00000000000012d8
Event: 0.509 Thread 0x000001aa46090800 Uncommon trap: reason=class_check action=maybe_recompile pc=0x000001aa563f8a58 method=java.util.HashMap.putVal(ILjava/lang/Object;Ljava/lang/Object;ZZ)Ljava/lang/Object; @ 203 c2
Event: 0.509 Thread 0x000001aa46090800 DEOPT PACKING pc=0x000001aa563f8a58 sp=0x0000002bc89f86c0
Event: 0.509 Thread 0x000001aa46090800 DEOPT UNPACKING pc=0x000001aa4e83852f sp=0x0000002bc89f8650 mode 2
Event: 0.537 Thread 0x000001aa46090800 Uncommon trap: trap_request=0xffffffde fr.pc=0x000001aa563f8a58 relative=0x00000000000012d8
Event: 0.537 Thread 0x000001aa46090800 Uncommon trap: reason=class_check action=maybe_recompile pc=0x000001aa563f8a58 method=java.util.HashMap.putVal(ILjava/lang/Object;Ljava/lang/Object;ZZ)Ljava/lang/Object; @ 203 c2
Event: 0.537 Thread 0x000001aa46090800 DEOPT PACKING pc=0x000001aa563f8a58 sp=0x0000002bc89fb740
Event: 0.537 Thread 0x000001aa46090800 DEOPT UNPACKING pc=0x000001aa4e83852f sp=0x0000002bc89fb6d0 mode 2
Event: 0.543 Thread 0x000001aa46090800 DEOPT PACKING pc=0x000001aa4f013e32 sp=0x0000002bc89fb2d0
Event: 0.543 Thread 0x000001aa46090800 DEOPT UNPACKING pc=0x000001aa4e8783de sp=0x0000002bc89fa738 mode 0
Event: 0.547 Thread 0x000001aa46090800 DEOPT PACKING pc=0x000001aa4efe302a sp=0x0000002bc89fb350
Event: 0.547 Thread 0x000001aa46090800 DEOPT UNPACKING pc=0x000001aa4e8783de sp=0x0000002bc89fa820 mode 0
Event: 0.561 Thread 0x000001aa46090800 DEOPT PACKING pc=0x000001aa4efe71d0 sp=0x0000002bc89fb4b0
Event: 0.561 Thread 0x000001aa46090800 DEOPT UNPACKING pc=0x000001aa4e8783de sp=0x0000002bc89fa938 mode 0

Classes unloaded (0 events):
No events

Classes redefined (0 events):
No events

Internal exceptions (3 events):
Event: 0.187 Thread 0x000001aa46090800 Exception <a 'java/lang/NoSuchMethodError'{0x00000000ffcad4b8}: 'int java.lang.invoke.DirectMethodHandle$Holder.invokeStaticInit(java.lang.Object, java.lang.Object)'> (0x00000000ffcad4b8) 
thrown [./open/src/hotspot/share/interpreter/linkResolver.cpp, line 766]
Event: 0.235 Thread 0x000001aa46090800 Exception <a 'java/lang/NoSuchMethodError'{0x00000000ffb7c7e0}: 'int java.lang.invoke.DirectMethodHandle$Holder.invokeSpecial(java.lang.Object, java.lang.Object, java.lang.Object, java.lang.Object)'> (0x00000000ffb7c7e0) 
thrown [./open/src/hotspot/share/interpreter/linkResolver.cpp, line 766]
Event: 0.243 Thread 0x000001aa46090800 Exception <a 'java/lang/NoSuchMethodError'{0x00000000ffbb4320}: 'int java.lang.invoke.DirectMethodHandle$Holder.invokeSpecialIFC(java.lang.Object, java.lang.Object, int)'> (0x00000000ffbb4320) 
thrown [./open/src/hotspot/share/interpreter/linkResolver.cpp, line 766]

Events (20 events):
Event: 0.595 loading class java/lang/IllegalAccessException
Event: 0.595 loading class java/lang/IllegalAccessException done
Event: 0.597 loading class java/util/LinkedList$ListItr
Event: 0.597 loading class java/util/LinkedList$ListItr done
Event: 0.599 loading class java/util/concurrent/ConcurrentLinkedQueue
Event: 0.599 loading class java/util/concurrent/ConcurrentLinkedQueue done
Event: 0.599 loading class java/util/concurrent/ConcurrentLinkedQueue$Node
Event: 0.599 loading class java/util/concurrent/ConcurrentLinkedQueue$Node done
Event: 0.600 loading class java/lang/reflect/ParameterizedType
Event: 0.600 loading class java/lang/reflect/ParameterizedType done
Event: 0.609 loading class java/lang/invoke/BoundMethodHandle$Species_LL
Event: 0.609 loading class java/lang/invoke/BoundMethodHandle$Species_LL done
Event: 0.614 loading class java/lang/Module$ReflectionData
Event: 0.614 loading class java/lang/Module$ReflectionData done
Event: 0.614 loading class java/lang/WeakPairMap
Event: 0.614 loading class java/lang/WeakPairMap done
Event: 0.614 loading class java/lang/WeakPairMap$Pair
Event: 0.614 loading class java/lang/WeakPairMap$Pair done
Event: 0.614 loading class java/lang/WeakPairMap$Pair$Lookup
Event: 0.614 loading class java/lang/WeakPairMap$Pair$Lookup done


Dynamic libraries:
0x00007ff690370000 - 0x00007ff69037f000 	C:\Program Files\Java\jdk-14.0.2\bin\java.exe
0x00007ffeff510000 - 0x00007ffeff724000 	C:\WINDOWS\SYSTEM32\ntdll.dll
0x00007ffefdbe0000 - 0x00007ffefdca4000 	C:\WINDOWS\System32\KERNEL32.DLL
0x00007ffefcd10000 - 0x00007ffefd0b4000 	C:\WINDOWS\System32\KERNELBASE.dll
0x00007ffefc8f0000 - 0x00007ffefca01000 	C:\WINDOWS\System32\ucrtbase.dll
0x00007ffe72270000 - 0x00007ffe72288000 	C:\Program Files\Java\jdk-14.0.2\bin\jli.dll
0x00007ffe727e0000 - 0x00007ffe727f5000 	C:\Program Files\Java\jdk-14.0.2\bin\VCRUNTIME140.dll
0x00007ffefd2d0000 - 0x00007ffefd380000 	C:\WINDOWS\System32\ADVAPI32.dll
0x00007ffefefa0000 - 0x00007ffeff047000 	C:\WINDOWS\System32\msvcrt.dll
0x00007ffefd860000 - 0x00007ffefd906000 	C:\WINDOWS\System32\sechost.dll
0x00007ffefe7a0000 - 0x00007ffefe8b7000 	C:\WINDOWS\System32\RPCRT4.dll
0x00007ffefda30000 - 0x00007ffefdbda000 	C:\WINDOWS\System32\USER32.dll
0x00007ffed66d0000 - 0x00007ffed695f000 	C:\WINDOWS\WinSxS\amd64_microsoft.windows.common-controls_6595b64144ccf1df_6.0.22621.2070_none_2713e6537381f706\COMCTL32.dll
0x00007ffefd230000 - 0x00007ffefd256000 	C:\WINDOWS\System32\win32u.dll
0x00007ffeff440000 - 0x00007ffeff469000 	C:\WINDOWS\System32\GDI32.dll
0x00007ffefca10000 - 0x00007ffefcb29000 	C:\WINDOWS\System32\gdi32full.dll
0x00007ffefcc70000 - 0x00007ffefcd0a000 	C:\WINDOWS\System32\msvcp_win.dll
0x00007ffef5960000 - 0x00007ffef596a000 	C:\WINDOWS\SYSTEM32\VERSION.dll
0x00007ffefd9f0000 - 0x00007ffefda21000 	C:\WINDOWS\System32\IMM32.DLL
0x00007ffe5de50000 - 0x00007ffe5deeb000 	C:\Program Files\Java\jdk-14.0.2\bin\msvcp140.dll
0x00007ffe5d330000 - 0x00007ffe5de4e000 	C:\Program Files\Java\jdk-14.0.2\bin\server\jvm.dll
0x00007ffefe9f0000 - 0x00007ffefe9f8000 	C:\WINDOWS\System32\PSAPI.DLL
0x00007ffef27b0000 - 0x00007ffef27b9000 	C:\WINDOWS\SYSTEM32\WSOCK32.dll
0x00007ffefee90000 - 0x00007ffefef01000 	C:\WINDOWS\System32\WS2_32.dll
0x00007ffef5bd0000 - 0x00007ffef5c04000 	C:\WINDOWS\SYSTEM32\WINMM.dll
0x00007ffefb990000 - 0x00007ffefb9a8000 	C:\WINDOWS\SYSTEM32\kernel.appcore.dll
0x00007ffec75c0000 - 0x00007ffec75ca000 	C:\Program Files\Java\jdk-14.0.2\bin\jimage.dll
0x00007ffefa250000 - 0x00007ffefa47e000 	C:\WINDOWS\SYSTEM32\DBGHELP.DLL
0x00007ffefd430000 - 0x00007ffefd7ba000 	C:\WINDOWS\System32\combase.dll
0x00007ffefd910000 - 0x00007ffefd9e7000 	C:\WINDOWS\System32\OLEAUT32.dll
0x00007ffee2520000 - 0x00007ffee2552000 	C:\WINDOWS\SYSTEM32\dbgcore.DLL
0x00007ffefcb30000 - 0x00007ffefcbaa000 	C:\WINDOWS\System32\bcryptPrimitives.dll
0x00007ffe5f9a0000 - 0x00007ffe5f9c5000 	C:\Program Files\Java\jdk-14.0.2\bin\java.dll
0x00007ffe5d310000 - 0x00007ffe5d326000 	C:\Program Files\Java\jdk-14.0.2\bin\zip.dll
0x00007ffefddc0000 - 0x00007ffefe5d6000 	C:\WINDOWS\System32\SHELL32.dll
0x00007ffefa870000 - 0x00007ffefb15a000 	C:\WINDOWS\SYSTEM32\windows.storage.dll
0x00007ffefa730000 - 0x00007ffefa86e000 	C:\WINDOWS\SYSTEM32\wintypes.dll
0x00007ffeff2c0000 - 0x00007ffeff3b3000 	C:\WINDOWS\System32\SHCORE.dll
0x00007ffeff260000 - 0x00007ffeff2be000 	C:\WINDOWS\System32\shlwapi.dll
0x00007ffefc820000 - 0x00007ffefc846000 	C:\WINDOWS\SYSTEM32\profapi.dll
0x00007ffe5d2f0000 - 0x00007ffe5d309000 	C:\Program Files\Java\jdk-14.0.2\bin\net.dll
0x00007ffef6020000 - 0x00007ffef6157000 	C:\WINDOWS\SYSTEM32\WINHTTP.dll
0x00007ffefbe60000 - 0x00007ffefbec9000 	C:\WINDOWS\system32\mswsock.dll
0x00007ffe5d2d0000 - 0x00007ffe5d2e2000 	C:\Program Files\Java\jdk-14.0.2\bin\nio.dll
0x00007ffebc400000 - 0x00007ffebc410000 	C:\Program Files\Java\jdk-14.0.2\bin\verify.dll

dbghelp: loaded successfully - version: 4.0.5 - missing functions: none
symbol engine: initialized successfully - sym options: 0x614 - pdb path: .;C:\Program Files\Java\jdk-14.0.2\bin;C:\WINDOWS\SYSTEM32;C:\WINDOWS\WinSxS\amd64_microsoft.windows.common-controls_6595b64144ccf1df_6.0.22621.2070_none_2713e6537381f706;C:\Program Files\Java\jdk-14.0.2\bin\server

VM Arguments:
jvm_args: -Xmx64m -Xms64m -Dorg.gradle.appname=gradlew 
java_command: org.gradle.wrapper.GradleWrapperMain app:installDebug -PreactNativeDevServerPort=8081
java_class_path (initial): C:\Users\Admin\AwesomeProject\android\\gradle\wrapper\gradle-wrapper.jar
Launcher Type: SUN_STANDARD

[Global flags]
     intx CICompilerCount                          = 12                                        {product} {ergonomic}
     uint ConcGCThreads                            = 3                                         {product} {ergonomic}
     uint G1ConcRefinementThreads                  = 13                                        {product} {ergonomic}
   size_t G1HeapRegionSize                         = 1048576                                   {product} {ergonomic}
    uintx GCDrainStackTargetSize                   = 64                                        {product} {ergonomic}
   size_t InitialHeapSize                          = 67108864                                  {product} {command line}
   size_t MarkStackSize                            = 4194304                                   {product} {ergonomic}
   size_t MaxHeapSize                              = 67108864                                  {product} {command line}
   size_t MaxNewSize                               = 39845888                                  {product} {ergonomic}
   size_t MinHeapDeltaBytes                        = 1048576                                   {product} {ergonomic}
   size_t MinHeapSize                              = 67108864                                  {product} {command line}
    uintx NonNMethodCodeHeapSize                   = 7602480                                {pd product} {ergonomic}
    uintx NonProfiledCodeHeapSize                  = 122027880                              {pd product} {ergonomic}
    uintx ProfiledCodeHeapSize                     = 122027880                              {pd product} {ergonomic}
    uintx ReservedCodeCacheSize                    = 251658240                              {pd product} {ergonomic}
     bool SegmentedCodeCache                       = true                                      {product} {ergonomic}
   size_t SoftMaxHeapSize                          = 67108864                               {manageable} {ergonomic}
     bool UseCompressedClassPointers               = true                                 {lp64_product} {ergonomic}
     bool UseCompressedOops                        = true                                 {lp64_product} {ergonomic}
     bool UseG1GC                                  = true                                      {product} {ergonomic}
     bool UseLargePagesIndividualAllocation        = false                                  {pd product} {ergonomic}

Logging:
Log output configuration:
 #0: stdout all=warning uptime,level,tags
 #1: stderr all=off uptime,level,tags

Environment Variables:
JAVA_HOME=C:\Program Files\Java\jdk-14.0.2
CLASSPATH=C:\Users\Admin\AwesomeProject\android\\gradle\wrapper\gradle-wrapper.jar
PATH=C:\Users\Admin\AwesomeProject\android\node_modules\.bin;C:\Users\Admin\AwesomeProject\node_modules\.bin;C:\Users\Admin\node_modules\.bin;C:\Users\node_modules\.bin;C:\node_modules\.bin;C:\Program Files\nodejs;C:\Users\Admin\AwesomeProject\node_modules\.bin;C:\Users\Admin\node_modules\.bin;C:\Users\node_modules\.bin;C:\node_modules\.bin;C:\Program Files\nodejs\node_modules\npm\node_modules\@npmcli\run-script\lib\node-gyp-bin;C:\Program Files\Python310\Scripts\;C:\Program Files\Python310\;C:\Program Files\Python38\Scripts\;C:\Program Files\Python38\;C:\WINDOWS\system32;C:\WINDOWS;C:\WINDOWS\System32\Wbem;C:\WINDOWS\System32\WindowsPowerShell\v1.0\;C:\WINDOWS\System32\OpenSSH\;C:\Program Files\Microsoft SQL Server\Client SDK\ODBC\110\Tools\Binn\;C:\Program Files (x86)\Microsoft SQL Server\120\Tools\Binn\;C:\Program Files\Microsoft SQL Server\120\Tools\Binn\;C:\Program Files\Microsoft SQL Server\120\DTS\Binn\;C:\Program Files (x86)\Microsoft SQL Server\120\Tools\Binn\ManagementStudio\;C:\Program Files (x86)\Microsoft SQL Server\120\DTS\Binn\;C:\Program Files\Java\jdk-11.0.2\bin;C:\tomcat\apache-tomcat-9.0.63\bin;C:\Program Files\dotnet\;C:\Program Files\Microsoft SQL Server\150\Tools\Binn\;C:\Program Files\Microsoft SQL Server\Client SDK\ODBC\170\Tools\Binn\;C:\Program Files\nodejs\;C:\Program Files\Microsoft SQL Server\130\Tools\Binn\;C:\WINDOWS\system32;C:\WINDOWS;C:\WINDOWS\System32\Wbem;C:\WINDOWS\System32\WindowsPowerShell\v1.0\;C:\WINDOWS\System32\OpenSSH\;C:\Program Files\MongoDB\Server\5.0\bin;C:\Users\Admin\AppData\Local\Microsoft\WindowsApps;;C:\Users\Admin\.dotnet\tools;C:\Users\Admin\AppData\Roaming\npm;D:\Microsoft VS Code\bin;C:\Users\Admin\AwesomeProject\node_modules\.bin
USERNAME=Admin
OS=Windows_NT
PROCESSOR_IDENTIFIER=Intel64 Family 6 Model 141 Stepping 1, GenuineIntel



---------------  S Y S T E M  ---------------

OS: Windows 10 , 64 bit Build 22621 (10.0.22621.2070)
OS uptime: 0 days 0:38 hours
HyperV virtualization detected

CPU:total 16 (initial active 16) (8 cores per cpu, 2 threads per core) family 6 model 141 stepping 1, cmov, cx8, fxsr, mmx, sse, sse2, sse3, ssse3, sse4.1, sse4.2, popcnt, avx, avx2, aes, clmul, erms, 3dnowpref, lzcnt, ht, tsc, tscinvbit, bmi1, bmi2, adx, evex, sha, fma

Memory: 4k page, system-wide physical 16085M (2164M free)
TotalPageFile size 18133M (AvailPageFile size 5M)
current process WorkingSet (physical memory assigned to process): 73M, peak: 73M
current process commit charge ("private bytes"): 169M, peak: 169M

vm_info: Java HotSpot(TM) 64-Bit Server VM (14.0.2+12-46) for windows-amd64 JRE (14.0.2+12-46), built on Jul  9 2020 00:35:52 by "mach5one" with MS VC++ 15.9 (VS2017)

END.
