#
# There is insufficient memory for the Java Runtime Environment to continue.
# Native memory allocation (malloc) failed to allocate 1048576 bytes for AllocateHeap
# Possible reasons:
#   The system is out of physical RAM or swap space
#   The process is running with CompressedOops enabled, and the Java Heap may be blocking the growth of the native heap
# Possible solutions:
#   Reduce memory load on the system
#   Increase physical memory or swap space
#   Check if swap backing store is full
#   Decrease Java heap size (-Xmx/-Xms)
#   Decrease number of Java threads
#   Decrease Java thread stack sizes (-Xss)
#   Set larger code cache with -XX:ReservedCodeCacheSize=
#   JVM is running with Unscaled Compressed Oops mode in which the Java heap is
#     placed in the first 4GB address space. The Java Heap base address is the
#     maximum limit for the native heap growth. Please use -XX:HeapBaseMinAddress
#     to set the Java Heap base and to place the Java Heap above 4GB virtual address.
# This output file may be truncated or incomplete.
#
#  Out of Memory Error (./open/src/hotspot/share/memory/allocation.cpp:44), pid=17976, tid=13288
#
# JRE version:  (14.0.2+12) (build )
# Java VM: Java HotSpot(TM) 64-Bit Server VM (14.0.2+12-46, mixed mode, sharing, tiered, compressed oops, g1 gc, windows-amd64)
# No core dump will be written. Minidumps are not enabled by default on client versions of Windows
#

---------------  S U M M A R Y ------------

Command Line: -Xmx64m -Xms64m -Dorg.gradle.appname=gradlew org.gradle.wrapper.GradleWrapperMain app:installDebug -PreactNativeDevServerPort=8081

Host: 11th Gen Intel(R) Core(TM) i7-11800H @ 2.30GHz, 16 cores, 15G,  Windows 10 , 64 bit Build 22621 (10.0.22621.2070)
Time: Tue Aug 15 09:37:40 2023 SE Asia Standard Time elapsed time: 0 seconds (0d 0h 0m 0s)

---------------  T H R E A D  ---------------

Current thread (0x00000253999b0000):  JavaThread "Unknown thread" [_thread_in_vm, id=13288, stack(0x000000a672800000,0x000000a672900000)]

Stack: [0x000000a672800000,0x000000a672900000]
Native frames: (J=compiled Java code, j=interpreted, Vv=VM code, C=native code)
V  [jvm.dll+0x5f8a9a]
V  [jvm.dll+0x74247a]
V  [jvm.dll+0x743c2f]
V  [jvm.dll+0x744273]
V  [jvm.dll+0x20d288]
V  [jvm.dll+0xa2b2f]
V  [jvm.dll+0x2a97f3]
V  [jvm.dll+0x2a1a3c]
V  [jvm.dll+0x71fd48]
V  [jvm.dll+0x321c14]
V  [jvm.dll+0x70112c]
V  [jvm.dll+0x392def]
V  [jvm.dll+0x394e61]
C  [jli.dll+0x524b]
C  [ucrtbase.dll+0x29363]
C  [KERNEL32.DLL+0x126ad]
C  [ntdll.dll+0x5aa68]


---------------  P R O C E S S  ---------------

Threads class SMR info:
_java_thread_list=0x00007ffd16b83038, length=0, elements={
}

Java Threads: ( => current thread )

Other Threads:
  0x00000253999d0000 GCTaskThread "GC Thread#0" [stack: 0x000000a672900000,0x000000a672a00000] [id=9952]

[error occurred during error reporting (printing all threads), id 0xc0000005, EXCEPTION_ACCESS_VIOLATION (0xc0000005) at pc=0x00007ffd163ae220]

VM state:not at safepoint (not fully initialized)

VM Mutex/Monitor currently owned by a thread:  ([mutex/lock_event])
[0x00000253999ab120] Heap_lock - owner thread: 0x00000253999b0000

Heap address: 0x00000000fc000000, size: 64 MB, Compressed Oops mode: 32-bit
Narrow klass base: 0x0000000000000000, Narrow klass shift: 0

GC Heap History (0 events):
No events

Deoptimization events (0 events):
No events

Classes unloaded (0 events):
No events

Classes redefined (0 events):
No events

Internal exceptions (0 events):
No events

Events (2 events):
Event: 0.004 Loaded shared library C:\Program Files\Java\jdk-14.0.2\bin\java.dll
Event: 0.004 Loaded shared library C:\Program Files\Java\jdk-14.0.2\bin\zip.dll


Dynamic libraries:
0x00007ff6f9560000 - 0x00007ff6f956f000 	C:\Program Files\Java\jdk-14.0.2\bin\java.exe
0x00007ffdc65f0000 - 0x00007ffdc6804000 	C:\WINDOWS\SYSTEM32\ntdll.dll
0x00007ffdc5180000 - 0x00007ffdc5244000 	C:\WINDOWS\System32\KERNEL32.DLL
0x00007ffdc3ee0000 - 0x00007ffdc4284000 	C:\WINDOWS\System32\KERNELBASE.dll
0x00007ffdc3bb0000 - 0x00007ffdc3cc1000 	C:\WINDOWS\System32\ucrtbase.dll
0x00007ffd71030000 - 0x00007ffd71048000 	C:\Program Files\Java\jdk-14.0.2\bin\jli.dll
0x00007ffd71050000 - 0x00007ffd71065000 	C:\Program Files\Java\jdk-14.0.2\bin\VCRUNTIME140.dll
0x00007ffdc4600000 - 0x00007ffdc46b0000 	C:\WINDOWS\System32\ADVAPI32.dll
0x00007ffdc4500000 - 0x00007ffdc45a7000 	C:\WINDOWS\System32\msvcrt.dll
0x00007ffdc50a0000 - 0x00007ffdc5146000 	C:\WINDOWS\System32\sechost.dll
0x00007ffdc4f80000 - 0x00007ffdc5097000 	C:\WINDOWS\System32\RPCRT4.dll
0x00007ffdc5e10000 - 0x00007ffdc5fba000 	C:\WINDOWS\System32\USER32.dll
0x00007ffdc3b80000 - 0x00007ffdc3ba6000 	C:\WINDOWS\System32\win32u.dll
0x00007ffd9d520000 - 0x00007ffd9d7af000 	C:\WINDOWS\WinSxS\amd64_microsoft.windows.common-controls_6595b64144ccf1df_6.0.22621.2070_none_2713e6537381f706\COMCTL32.dll
0x00007ffdc5150000 - 0x00007ffdc5179000 	C:\WINDOWS\System32\GDI32.dll
0x00007ffdc4290000 - 0x00007ffdc43a9000 	C:\WINDOWS\System32\gdi32full.dll
0x00007ffdc3e40000 - 0x00007ffdc3eda000 	C:\WINDOWS\System32\msvcp_win.dll
0x00007ffdbd380000 - 0x00007ffdbd38a000 	C:\WINDOWS\SYSTEM32\VERSION.dll
0x00007ffdc59b0000 - 0x00007ffdc59e1000 	C:\WINDOWS\System32\IMM32.DLL
0x00007ffd16c20000 - 0x00007ffd16cbb000 	C:\Program Files\Java\jdk-14.0.2\bin\msvcp140.dll
0x00007ffd16100000 - 0x00007ffd16c1e000 	C:\Program Files\Java\jdk-14.0.2\bin\server\jvm.dll
0x00007ffdc5410000 - 0x00007ffdc5418000 	C:\WINDOWS\System32\PSAPI.DLL
0x00007ffdbe7c0000 - 0x00007ffdbe7c9000 	C:\WINDOWS\SYSTEM32\WSOCK32.dll
0x00007ffdbcda0000 - 0x00007ffdbcdd4000 	C:\WINDOWS\SYSTEM32\WINMM.dll
0x00007ffdc5a10000 - 0x00007ffdc5a81000 	C:\WINDOWS\System32\WS2_32.dll
0x00007ffdc29f0000 - 0x00007ffdc2a08000 	C:\WINDOWS\SYSTEM32\kernel.appcore.dll
0x00007ffd88b20000 - 0x00007ffd88b2a000 	C:\Program Files\Java\jdk-14.0.2\bin\jimage.dll
0x00007ffdc1200000 - 0x00007ffdc142e000 	C:\WINDOWS\SYSTEM32\DBGHELP.DLL
0x00007ffdc54b0000 - 0x00007ffdc583a000 	C:\WINDOWS\System32\combase.dll
0x00007ffdc58d0000 - 0x00007ffdc59a7000 	C:\WINDOWS\System32\OLEAUT32.dll
0x00007ffda9630000 - 0x00007ffda9662000 	C:\WINDOWS\SYSTEM32\dbgcore.DLL
0x00007ffdc3b00000 - 0x00007ffdc3b7a000 	C:\WINDOWS\System32\bcryptPrimitives.dll
0x00007ffd160d0000 - 0x00007ffd160f5000 	C:\Program Files\Java\jdk-14.0.2\bin\java.dll
0x00007ffd160b0000 - 0x00007ffd160c6000 	C:\Program Files\Java\jdk-14.0.2\bin\zip.dll

dbghelp: loaded successfully - version: 4.0.5 - missing functions: none
symbol engine: initialized successfully - sym options: 0x614 - pdb path: .;C:\Program Files\Java\jdk-14.0.2\bin;C:\WINDOWS\SYSTEM32;C:\WINDOWS\WinSxS\amd64_microsoft.windows.common-controls_6595b64144ccf1df_6.0.22621.2070_none_2713e6537381f706;C:\Program Files\Java\jdk-14.0.2\bin\server

VM Arguments:
jvm_args: -Xmx64m -Xms64m -Dorg.gradle.appname=gradlew 
java_command: org.gradle.wrapper.GradleWrapperMain app:installDebug -PreactNativeDevServerPort=8081
java_class_path (initial): C:\Users\Admin\AwesomeProject\android\\gradle\wrapper\gradle-wrapper.jar
Launcher Type: SUN_STANDARD

[Global flags]
     intx CICompilerCount                          = 12                                        {product} {ergonomic}
     uint ConcGCThreads                            = 3                                         {product} {ergonomic}
     uint G1ConcRefinementThreads                  = 13                                        {product} {ergonomic}
   size_t G1HeapRegionSize                         = 1048576                                   {product} {ergonomic}
    uintx GCDrainStackTargetSize                   = 64                                        {product} {ergonomic}
   size_t InitialHeapSize                          = 67108864                                  {product} {command line}
   size_t MarkStackSize                            = 4194304                                   {product} {ergonomic}
   size_t MaxHeapSize                              = 67108864                                  {product} {command line}
   size_t MinHeapDeltaBytes                        = 1048576                                   {product} {ergonomic}
   size_t MinHeapSize                              = 67108864                                  {product} {command line}
    uintx NonNMethodCodeHeapSize                   = 7602480                                {pd product} {ergonomic}
    uintx NonProfiledCodeHeapSize                  = 122027880                              {pd product} {ergonomic}
    uintx ProfiledCodeHeapSize                     = 122027880                              {pd product} {ergonomic}
    uintx ReservedCodeCacheSize                    = 251658240                              {pd product} {ergonomic}
     bool SegmentedCodeCache                       = true                                      {product} {ergonomic}
   size_t SoftMaxHeapSize                          = 67108864                               {manageable} {ergonomic}
     bool UseCompressedClassPointers               = true                                 {lp64_product} {ergonomic}
     bool UseCompressedOops                        = true                                 {lp64_product} {ergonomic}
     bool UseG1GC                                  = true                                      {product} {ergonomic}
     bool UseLargePagesIndividualAllocation        = false                                  {pd product} {ergonomic}

Logging:
Log output configuration:
 #0: stdout all=warning uptime,level,tags
 #1: stderr all=off uptime,level,tags

Environment Variables:
JAVA_HOME=C:\Program Files\Java\jdk-14.0.2
CLASSPATH=C:\Users\Admin\AwesomeProject\android\\gradle\wrapper\gradle-wrapper.jar
PATH=C:\Users\Admin\AwesomeProject\android\node_modules\.bin;C:\Users\Admin\AwesomeProject\node_modules\.bin;C:\Users\Admin\node_modules\.bin;C:\Users\node_modules\.bin;C:\node_modules\.bin;C:\Program Files\nodejs;C:\Users\Admin\AwesomeProject\node_modules\.bin;C:\Users\Admin\node_modules\.bin;C:\Users\node_modules\.bin;C:\node_modules\.bin;C:\Program Files\nodejs\node_modules\npm\node_modules\@npmcli\run-script\lib\node-gyp-bin;C:\Users\Admin\AwesomeProject\node_modules\.bin;C:\Users\Admin\AwesomeProject\node_modules\.bin;C:\Users\Admin\node_modules\.bin;C:\Users\node_modules\.bin;C:\node_modules\.bin;C:\Program Files\nodejs;C:\Users\Admin\AwesomeProject\node_modules\react-native\scripts\node_modules\.bin;C:\Users\Admin\AwesomeProject\node_modules\react-native\node_modules\.bin;C:\Users\Admin\AwesomeProject\node_modules\node_modules\.bin;C:\Users\Admin\AwesomeProject\node_modules\.bin;C:\Users\Admin\node_modules\.bin;C:\Users\node_modules\.bin;C:\node_modules\.bin;C:\Program Files\nodejs;C:\Users\Admin\AwesomeProject\node_modules\.bin;C:\Users\Admin\node_modules\.bin;C:\Users\node_modules\.bin;C:\node_modules\.bin;C:\Program Files\nodejs\node_modules\npm\node_modules\@npmcli\run-script\lib\node-gyp-bin;C:\Program Files\Python310\Scripts\;C:\Program Files\Python310\;C:\Program Files\Python38\Scripts\;C:\Program Files\Python38\;C:\WINDOWS\system32;C:\WINDOWS;C:\WINDOWS\System32\Wbem;C:\WINDOWS\System32\WindowsPowerShell\v1.0\;C:\WINDOWS\System32\OpenSSH\;C:\Program Files\Microsoft SQL Server\Client SDK\ODBC\110\Tools\Binn\;C:\Program Files (x86)\Microsoft SQL Server\120\Tools\Binn\;C:\Program Files\Microsoft SQL Server\120\Tools\Binn\;C:\Program Files\Microsoft SQL Server\120\DTS\Binn\;C:\Program Files (x86)\Microsoft SQL Server\120\Tools\Binn\ManagementStudio\;C:\Program Files (x86)\Microsoft SQL Server\120\DTS\Binn\;C:\Program Files\Java\jdk-11.0.2\bin;C:\tomcat\apache-tomcat-9.0.63\bin;C:\Program Files\dotnet\;C:\Program Files\Microsoft SQL Server\150\Tools\Binn\;C:\
USERNAME=Admin
OS=Windows_NT
PROCESSOR_IDENTIFIER=Intel64 Family 6 Model 141 Stepping 1, GenuineIntel



---------------  S Y S T E M  ---------------

OS: Windows 10 , 64 bit Build 22621 (10.0.22621.2070)
OS uptime: 0 days 1:23 hours
HyperV virtualization detected

CPU:total 16 (initial active 16) (8 cores per cpu, 2 threads per core) family 6 model 141 stepping 1, cmov, cx8, fxsr, mmx, sse, sse2, sse3, ssse3, sse4.1, sse4.2, popcnt, avx, avx2, aes, clmul, erms, 3dnowpref, lzcnt, ht, tsc, tscinvbit, bmi1, bmi2, adx, evex, sha, fma

Memory: 4k page, system-wide physical 16085M (3700M free)
TotalPageFile size 18133M (AvailPageFile size 91M)
current process WorkingSet (physical memory assigned to process): 10M, peak: 10M
current process commit charge ("private bytes"): 56M, peak: 57M

vm_info: Java HotSpot(TM) 64-Bit Server VM (14.0.2+12-46) for windows-amd64 JRE (14.0.2+12-46), built on Jul  9 2020 00:35:52 by "mach5one" with MS VC++ 15.9 (VS2017)

END.
