#
# There is insufficient memory for the Java Runtime Environment to continue.
# Native memory allocation (malloc) failed to allocate 32744 bytes for ChunkPool::allocate
# Possible reasons:
#   The system is out of physical RAM or swap space
#   The process is running with CompressedOops enabled, and the Java Heap may be blocking the growth of the native heap
# Possible solutions:
#   Reduce memory load on the system
#   Increase physical memory or swap space
#   Check if swap backing store is full
#   Decrease Java heap size (-Xmx/-Xms)
#   Decrease number of Java threads
#   Decrease Java thread stack sizes (-Xss)
#   Set larger code cache with -XX:ReservedCodeCacheSize=
#   JVM is running with Unscaled Compressed Oops mode in which the Java heap is
#     placed in the first 4GB address space. The Java Heap base address is the
#     maximum limit for the native heap growth. Please use -XX:HeapBaseMinAddress
#     to set the Java Heap base and to place the Java Heap above 4GB virtual address.
# This output file may be truncated or incomplete.
#
#  Out of Memory Error (./open/src/hotspot/share/memory/arena.cpp:79), pid=3848, tid=11968
#
# JRE version: Java(TM) SE Runtime Environment (14.0.2+12) (build 14.0.2+12-46)
# Java VM: Java HotSpot(TM) 64-Bit Server VM (14.0.2+12-46, mixed mode, sharing, tiered, compressed oops, g1 gc, windows-amd64)
# No core dump will be written. Minidumps are not enabled by default on client versions of Windows
#

---------------  S U M M A R Y ------------

Command Line: -Xmx64m -Xms64m -Dorg.gradle.appname=gradlew org.gradle.wrapper.GradleWrapperMain app:installDebug -PreactNativeDevServerPort=8081

Host: 11th Gen Intel(R) Core(TM) i7-11800H @ 2.30GHz, 16 cores, 15G,  Windows 10 , 64 bit Build 22621 (10.0.22621.2070)
Time: Wed Aug 16 07:59:59 2023 SE Asia Standard Time elapsed time: 0 seconds (0d 0h 0m 0s)

---------------  T H R E A D  ---------------

Current thread (0x000001b23b0ec800):  JavaThread "C1 CompilerThread2" daemon [_thread_in_native, id=11968, stack(0x000000104ce00000,0x000000104cf00000)]


Current CompileTask:
C1:     65  221       3       java.util.regex.Pattern::sequence (647 bytes)

Stack: [0x000000104ce00000,0x000000104cf00000]
Native frames: (J=compiled Java code, j=interpreted, Vv=VM code, C=native code)
V  [jvm.dll+0x5f8a9a]
V  [jvm.dll+0x74247a]
V  [jvm.dll+0x743c2f]
V  [jvm.dll+0x744273]
V  [jvm.dll+0x20d288]
V  [jvm.dll+0xabea6]
V  [jvm.dll+0xac1fc]
V  [jvm.dll+0xb7b55]
V  [jvm.dll+0x15b21b]
V  [jvm.dll+0x162afd]
V  [jvm.dll+0x162980]
V  [jvm.dll+0x15ad7a]
V  [jvm.dll+0x159df9]
V  [jvm.dll+0x1636bb]
V  [jvm.dll+0x15af48]
V  [jvm.dll+0x15e52f]
V  [jvm.dll+0x117b55]
V  [jvm.dll+0x1173cf]
V  [jvm.dll+0x1175ff]
V  [jvm.dll+0x116884]
V  [jvm.dll+0x1187d7]
V  [jvm.dll+0x1f4105]
V  [jvm.dll+0x1f22eb]
V  [jvm.dll+0x7070cd]
V  [jvm.dll+0x6ffeda]
V  [jvm.dll+0x5f78f6]
C  [ucrtbase.dll+0x29363]
C  [KERNEL32.DLL+0x126ad]
C  [ntdll.dll+0x5aa68]


---------------  P R O C E S S  ---------------

Threads class SMR info:
_java_thread_list=0x000001b23b104d40, length=13, elements={
0x000001b21f4c0000, 0x000001b23a667000, 0x000001b23a66a800, 0x000001b23a683800,
0x000001b23a684800, 0x000001b23a687800, 0x000001b23a68e000, 0x000001b23a697000,
0x000001b23a6bb800, 0x000001b23b0ea800, 0x000001b23b0ec800, 0x000001b23b3e0800,
0x000001b23b3e7000
}

Java Threads: ( => current thread )
  0x000001b21f4c0000 JavaThread "main" [_thread_in_vm, id=18192, stack(0x000000104be00000,0x000000104bf00000)]
  0x000001b23a667000 JavaThread "Reference Handler" daemon [_thread_blocked, id=12532, stack(0x000000104c500000,0x000000104c600000)]
  0x000001b23a66a800 JavaThread "Finalizer" daemon [_thread_blocked, id=2192, stack(0x000000104c600000,0x000000104c700000)]
  0x000001b23a683800 JavaThread "Signal Dispatcher" daemon [_thread_blocked, id=10960, stack(0x000000104c700000,0x000000104c800000)]
  0x000001b23a684800 JavaThread "Attach Listener" daemon [_thread_blocked, id=19572, stack(0x000000104c800000,0x000000104c900000)]
  0x000001b23a687800 JavaThread "Service Thread" daemon [_thread_blocked, id=1808, stack(0x000000104c900000,0x000000104ca00000)]
  0x000001b23a68e000 JavaThread "C2 CompilerThread0" daemon [_thread_blocked, id=2092, stack(0x000000104ca00000,0x000000104cb00000)]
  0x000001b23a697000 JavaThread "C1 CompilerThread0" daemon [_thread_blocked, id=15104, stack(0x000000104cb00000,0x000000104cc00000)]
  0x000001b23a6bb800 JavaThread "Sweeper thread" daemon [_thread_blocked, id=11684, stack(0x000000104cc00000,0x000000104cd00000)]
  0x000001b23b0ea800 JavaThread "C1 CompilerThread1" daemon [_thread_in_native, id=19320, stack(0x000000104cd00000,0x000000104ce00000)]
=>0x000001b23b0ec800 JavaThread "C1 CompilerThread2" daemon [_thread_in_native, id=11968, stack(0x000000104ce00000,0x000000104cf00000)]
  0x000001b23b3e0800 JavaThread "Notification Thread" daemon [_thread_blocked, id=19252, stack(0x000000104cf00000,0x000000104d000000)]
  0x000001b23b3e7000 JavaThread "Common-Cleaner" daemon [_thread_blocked, id=21936, stack(0x000000104d100000,0x000000104d200000)]

Other Threads:
  0x000001b23a663800 VMThread "VM Thread" [stack: 0x000000104c400000,0x000000104c500000] [id=13676]
  0x000001b23b3e5000 WatcherThread [stack: 0x000000104d000000,0x000000104d100000] [id=20440]
  0x000001b21f4df800 GCTaskThread "GC Thread#0" [stack: 0x000000104bf00000,0x000000104c000000] [id=18212]
  0x000001b21f4e3000 ConcurrentGCThread "G1 Main Marker" [stack: 0x000000104c000000,0x000000104c100000] [id=22872]
  0x000001b21f4e4000 ConcurrentGCThread "G1 Conc#0" [stack: 0x000000104c100000,0x000000104c200000] [id=8244]
  0x000001b23a4e2800 ConcurrentGCThread "G1 Refine#0" [stack: 0x000000104c200000,0x000000104c300000] [id=21064]
  0x000001b23a4e3800 ConcurrentGCThread "G1 Young RemSet Sampling" [stack: 0x000000104c300000,0x000000104c400000] [id=11804]

Threads with active compile tasks:
C1 CompilerThread1       78  222       3       java.util.regex.Pattern::escape (1327 bytes)
C1 CompilerThread2       78  221       3       java.util.regex.Pattern::sequence (647 bytes)

VM state:not at safepoint (normal execution)

VM Mutex/Monitor currently owned by a thread: None

Heap address: 0x00000000fc000000, size: 64 MB, Compressed Oops mode: 32-bit
Narrow klass base: 0x0000000800000000, Narrow klass shift: 3
Compressed class space size: 1073741824 Address: 0x0000000800b30000

Heap:
 garbage-first heap   total 65536K, used 3072K [0x00000000fc000000, 0x0000000100000000)
  region size 1024K, 4 young (4096K), 0 survivors (0K)
 Metaspace       used 1284K, capacity 4805K, committed 4864K, reserved 1056768K
  class space    used 126K, capacity 472K, committed 512K, reserved 1048576K
Heap Regions: E=young(eden), S=young(survivor), O=old, HS=humongous(starts), HC=humongous(continues), CS=collection set, F=free, OA=open archive, CA=closed archive, TAMS=top-at-mark-start (previous, next)
|   0|0x00000000fc000000, 0x00000000fc000000, 0x00000000fc100000|  0%| F|  |TAMS 0x00000000fc000000, 0x00000000fc000000| Untracked 
|   1|0x00000000fc100000, 0x00000000fc100000, 0x00000000fc200000|  0%| F|  |TAMS 0x00000000fc100000, 0x00000000fc100000| Untracked 
|   2|0x00000000fc200000, 0x00000000fc200000, 0x00000000fc300000|  0%| F|  |TAMS 0x00000000fc200000, 0x00000000fc200000| Untracked 
|   3|0x00000000fc300000, 0x00000000fc300000, 0x00000000fc400000|  0%| F|  |TAMS 0x00000000fc300000, 0x00000000fc300000| Untracked 
|   4|0x00000000fc400000, 0x00000000fc400000, 0x00000000fc500000|  0%| F|  |TAMS 0x00000000fc400000, 0x00000000fc400000| Untracked 
|   5|0x00000000fc500000, 0x00000000fc500000, 0x00000000fc600000|  0%| F|  |TAMS 0x00000000fc500000, 0x00000000fc500000| Untracked 
|   6|0x00000000fc600000, 0x00000000fc600000, 0x00000000fc700000|  0%| F|  |TAMS 0x00000000fc600000, 0x00000000fc600000| Untracked 
|   7|0x00000000fc700000, 0x00000000fc700000, 0x00000000fc800000|  0%| F|  |TAMS 0x00000000fc700000, 0x00000000fc700000| Untracked 
|   8|0x00000000fc800000, 0x00000000fc800000, 0x00000000fc900000|  0%| F|  |TAMS 0x00000000fc800000, 0x00000000fc800000| Untracked 
|   9|0x00000000fc900000, 0x00000000fc900000, 0x00000000fca00000|  0%| F|  |TAMS 0x00000000fc900000, 0x00000000fc900000| Untracked 
|  10|0x00000000fca00000, 0x00000000fca00000, 0x00000000fcb00000|  0%| F|  |TAMS 0x00000000fca00000, 0x00000000fca00000| Untracked 
|  11|0x00000000fcb00000, 0x00000000fcb00000, 0x00000000fcc00000|  0%| F|  |TAMS 0x00000000fcb00000, 0x00000000fcb00000| Untracked 
|  12|0x00000000fcc00000, 0x00000000fcc00000, 0x00000000fcd00000|  0%| F|  |TAMS 0x00000000fcc00000, 0x00000000fcc00000| Untracked 
|  13|0x00000000fcd00000, 0x00000000fcd00000, 0x00000000fce00000|  0%| F|  |TAMS 0x00000000fcd00000, 0x00000000fcd00000| Untracked 
|  14|0x00000000fce00000, 0x00000000fce00000, 0x00000000fcf00000|  0%| F|  |TAMS 0x00000000fce00000, 0x00000000fce00000| Untracked 
|  15|0x00000000fcf00000, 0x00000000fcf00000, 0x00000000fd000000|  0%| F|  |TAMS 0x00000000fcf00000, 0x00000000fcf00000| Untracked 
|  16|0x00000000fd000000, 0x00000000fd000000, 0x00000000fd100000|  0%| F|  |TAMS 0x00000000fd000000, 0x00000000fd000000| Untracked 
|  17|0x00000000fd100000, 0x00000000fd100000, 0x00000000fd200000|  0%| F|  |TAMS 0x00000000fd100000, 0x00000000fd100000| Untracked 
|  18|0x00000000fd200000, 0x00000000fd200000, 0x00000000fd300000|  0%| F|  |TAMS 0x00000000fd200000, 0x00000000fd200000| Untracked 
|  19|0x00000000fd300000, 0x00000000fd300000, 0x00000000fd400000|  0%| F|  |TAMS 0x00000000fd300000, 0x00000000fd300000| Untracked 
|  20|0x00000000fd400000, 0x00000000fd400000, 0x00000000fd500000|  0%| F|  |TAMS 0x00000000fd400000, 0x00000000fd400000| Untracked 
|  21|0x00000000fd500000, 0x00000000fd500000, 0x00000000fd600000|  0%| F|  |TAMS 0x00000000fd500000, 0x00000000fd500000| Untracked 
|  22|0x00000000fd600000, 0x00000000fd600000, 0x00000000fd700000|  0%| F|  |TAMS 0x00000000fd600000, 0x00000000fd600000| Untracked 
|  23|0x00000000fd700000, 0x00000000fd700000, 0x00000000fd800000|  0%| F|  |TAMS 0x00000000fd700000, 0x00000000fd700000| Untracked 
|  24|0x00000000fd800000, 0x00000000fd800000, 0x00000000fd900000|  0%| F|  |TAMS 0x00000000fd800000, 0x00000000fd800000| Untracked 
|  25|0x00000000fd900000, 0x00000000fd900000, 0x00000000fda00000|  0%| F|  |TAMS 0x00000000fd900000, 0x00000000fd900000| Untracked 
|  26|0x00000000fda00000, 0x00000000fda00000, 0x00000000fdb00000|  0%| F|  |TAMS 0x00000000fda00000, 0x00000000fda00000| Untracked 
|  27|0x00000000fdb00000, 0x00000000fdb00000, 0x00000000fdc00000|  0%| F|  |TAMS 0x00000000fdb00000, 0x00000000fdb00000| Untracked 
|  28|0x00000000fdc00000, 0x00000000fdc00000, 0x00000000fdd00000|  0%| F|  |TAMS 0x00000000fdc00000, 0x00000000fdc00000| Untracked 
|  29|0x00000000fdd00000, 0x00000000fdd00000, 0x00000000fde00000|  0%| F|  |TAMS 0x00000000fdd00000, 0x00000000fdd00000| Untracked 
|  30|0x00000000fde00000, 0x00000000fde00000, 0x00000000fdf00000|  0%| F|  |TAMS 0x00000000fde00000, 0x00000000fde00000| Untracked 
|  31|0x00000000fdf00000, 0x00000000fdf00000, 0x00000000fe000000|  0%| F|  |TAMS 0x00000000fdf00000, 0x00000000fdf00000| Untracked 
|  32|0x00000000fe000000, 0x00000000fe000000, 0x00000000fe100000|  0%| F|  |TAMS 0x00000000fe000000, 0x00000000fe000000| Untracked 
|  33|0x00000000fe100000, 0x00000000fe100000, 0x00000000fe200000|  0%| F|  |TAMS 0x00000000fe100000, 0x00000000fe100000| Untracked 
|  34|0x00000000fe200000, 0x00000000fe200000, 0x00000000fe300000|  0%| F|  |TAMS 0x00000000fe200000, 0x00000000fe200000| Untracked 
|  35|0x00000000fe300000, 0x00000000fe300000, 0x00000000fe400000|  0%| F|  |TAMS 0x00000000fe300000, 0x00000000fe300000| Untracked 
|  36|0x00000000fe400000, 0x00000000fe400000, 0x00000000fe500000|  0%| F|  |TAMS 0x00000000fe400000, 0x00000000fe400000| Untracked 
|  37|0x00000000fe500000, 0x00000000fe500000, 0x00000000fe600000|  0%| F|  |TAMS 0x00000000fe500000, 0x00000000fe500000| Untracked 
|  38|0x00000000fe600000, 0x00000000fe600000, 0x00000000fe700000|  0%| F|  |TAMS 0x00000000fe600000, 0x00000000fe600000| Untracked 
|  39|0x00000000fe700000, 0x00000000fe700000, 0x00000000fe800000|  0%| F|  |TAMS 0x00000000fe700000, 0x00000000fe700000| Untracked 
|  40|0x00000000fe800000, 0x00000000fe800000, 0x00000000fe900000|  0%| F|  |TAMS 0x00000000fe800000, 0x00000000fe800000| Untracked 
|  41|0x00000000fe900000, 0x00000000fe900000, 0x00000000fea00000|  0%| F|  |TAMS 0x00000000fe900000, 0x00000000fe900000| Untracked 
|  42|0x00000000fea00000, 0x00000000fea00000, 0x00000000feb00000|  0%| F|  |TAMS 0x00000000fea00000, 0x00000000fea00000| Untracked 
|  43|0x00000000feb00000, 0x00000000feb00000, 0x00000000fec00000|  0%| F|  |TAMS 0x00000000feb00000, 0x00000000feb00000| Untracked 
|  44|0x00000000fec00000, 0x00000000fec00000, 0x00000000fed00000|  0%| F|  |TAMS 0x00000000fec00000, 0x00000000fec00000| Untracked 
|  45|0x00000000fed00000, 0x00000000fed00000, 0x00000000fee00000|  0%| F|  |TAMS 0x00000000fed00000, 0x00000000fed00000| Untracked 
|  46|0x00000000fee00000, 0x00000000fee00000, 0x00000000fef00000|  0%| F|  |TAMS 0x00000000fee00000, 0x00000000fee00000| Untracked 
|  47|0x00000000fef00000, 0x00000000fef00000, 0x00000000ff000000|  0%| F|  |TAMS 0x00000000fef00000, 0x00000000fef00000| Untracked 
|  48|0x00000000ff000000, 0x00000000ff000000, 0x00000000ff100000|  0%| F|  |TAMS 0x00000000ff000000, 0x00000000ff000000| Untracked 
|  49|0x00000000ff100000, 0x00000000ff100000, 0x00000000ff200000|  0%| F|  |TAMS 0x00000000ff100000, 0x00000000ff100000| Untracked 
|  50|0x00000000ff200000, 0x00000000ff200000, 0x00000000ff300000|  0%| F|  |TAMS 0x00000000ff200000, 0x00000000ff200000| Untracked 
|  51|0x00000000ff300000, 0x00000000ff300000, 0x00000000ff400000|  0%| F|  |TAMS 0x00000000ff300000, 0x00000000ff300000| Untracked 
|  52|0x00000000ff400000, 0x00000000ff400000, 0x00000000ff500000|  0%| F|  |TAMS 0x00000000ff400000, 0x00000000ff400000| Untracked 
|  53|0x00000000ff500000, 0x00000000ff500000, 0x00000000ff600000|  0%| F|  |TAMS 0x00000000ff500000, 0x00000000ff500000| Untracked 
|  54|0x00000000ff600000, 0x00000000ff600000, 0x00000000ff700000|  0%| F|  |TAMS 0x00000000ff600000, 0x00000000ff600000| Untracked 
|  55|0x00000000ff700000, 0x00000000ff700000, 0x00000000ff800000|  0%| F|  |TAMS 0x00000000ff700000, 0x00000000ff700000| Untracked 
|  56|0x00000000ff800000, 0x00000000ff800000, 0x00000000ff900000|  0%| F|  |TAMS 0x00000000ff800000, 0x00000000ff800000| Untracked 
|  57|0x00000000ff900000, 0x00000000ff900000, 0x00000000ffa00000|  0%| F|  |TAMS 0x00000000ff900000, 0x00000000ff900000| Untracked 
|  58|0x00000000ffa00000, 0x00000000ffa00000, 0x00000000ffb00000|  0%| F|  |TAMS 0x00000000ffa00000, 0x00000000ffa00000| Untracked 
|  59|0x00000000ffb00000, 0x00000000ffb00000, 0x00000000ffc00000|  0%| F|  |TAMS 0x00000000ffb00000, 0x00000000ffb00000| Untracked 
|  60|0x00000000ffc00000, 0x00000000ffced3e0, 0x00000000ffd00000| 92%| E|  |TAMS 0x00000000ffc00000, 0x00000000ffc00000| Complete 
|  61|0x00000000ffd00000, 0x00000000ffe00000, 0x00000000ffe00000|100%| E|CS|TAMS 0x00000000ffd00000, 0x00000000ffd00000| Complete 
|  62|0x00000000ffe00000, 0x00000000fff00000, 0x00000000fff00000|100%| E|CS|TAMS 0x00000000ffe00000, 0x00000000ffe00000| Complete 
|  63|0x00000000fff00000, 0x0000000100000000, 0x0000000100000000|100%| E|CS|TAMS 0x00000000fff00000, 0x00000000fff00000| Complete 

Card table byte_map: [0x000001b21d450000,0x000001b21d470000] _byte_map_base: 0x000001b21cc70000

Marking Bits (Prev, Next): (CMBitMap*) 0x000001b21f4e16b8, (CMBitMap*) 0x000001b21f4e16f8
 Prev Bits: [0x000001b2374e0000, 0x000001b2375e0000)
 Next Bits: [0x000001b2375e0000, 0x000001b2376e0000)

Polling page: 0x000001b21d400000

Metaspace:

Usage:
  Non-class:      4.23 MB capacity,     1.13 MB ( 27%) used,     3.10 MB ( 73%) free+waste,     1.56 KB ( <1%) overhead. 
      Class:    472.00 KB capacity,   127.19 KB ( 27%) used,   343.63 KB ( 73%) free+waste,     1.19 KB ( <1%) overhead. 
       Both:      4.69 MB capacity,     1.26 MB ( 27%) used,     3.43 MB ( 73%) free+waste,     2.75 KB ( <1%) overhead. 

Virtual space:
  Non-class space:        8.00 MB reserved,       4.25 MB ( 53%) committed 
      Class space:        1.00 GB reserved,     512.00 KB ( <1%) committed 
             Both:        1.01 GB reserved,       4.75 MB ( <1%) committed 

Chunk freelists:
   Non-Class:  19.00 KB
       Class:  8.00 KB
        Both:  27.00 KB

MaxMetaspaceSize: 17179869184.00 GB
CompressedClassSpaceSize: 1.00 GB

CodeHeap 'non-profiled nmethods': size=119168Kb used=63Kb max_used=63Kb free=119104Kb
 bounds [0x000001b22f800000, 0x000001b22fa70000, 0x000001b236c60000]
CodeHeap 'profiled nmethods': size=119104Kb used=437Kb max_used=437Kb free=118666Kb
 bounds [0x000001b2283b0000, 0x000001b228620000, 0x000001b22f800000]
CodeHeap 'non-nmethods': size=7488Kb used=2259Kb max_used=2273Kb free=5228Kb
 bounds [0x000001b227c60000, 0x000001b227ed0000, 0x000001b2283b0000]
 total_blobs=640 nmethods=275 adapters=276
 compilation: enabled
              stopped_count=0, restarted_count=0
 full_count=0

Compilation events (20 events):
Event: 0.063 Thread 0x000001b23a68e000 nmethod 215 0x000001b22f80b890 code [0x000001b22f80ba20, 0x000001b22f80bad8]
Event: 0.063 Thread 0x000001b23a697000 nmethod 218 0x000001b228408990 code [0x000001b228408b40, 0x000001b228408fb8]
Event: 0.063 Thread 0x000001b23b0ea800 nmethod 219 0x000001b228409110 code [0x000001b2284092e0, 0x000001b228409948]
Event: 0.063 Thread 0x000001b23a697000  226       3       java.util.regex.Pattern::expr (142 bytes)
Event: 0.063 Thread 0x000001b23b0ea800  225       3       java.util.ArrayList::<init> (61 bytes)
Event: 0.063 Thread 0x000001b23a68e000  228       4       java.lang.String::length (11 bytes)
Event: 0.063 Thread 0x000001b23a68e000 nmethod 228 0x000001b22f80bb90 code [0x000001b22f80bd20, 0x000001b22f80bdb8]
Event: 0.063 Thread 0x000001b23b0ea800 nmethod 225 0x000001b228409b10 code [0x000001b228409d80, 0x000001b22840a938]
Event: 0.063 Thread 0x000001b23b0ea800  227       3       java.util.regex.Pattern$CharProperty::<init> (10 bytes)
Event: 0.063 Thread 0x000001b23b0ea800 nmethod 227 0x000001b22840ad10 code [0x000001b22840aec0, 0x000001b22840b158]
Event: 0.063 Thread 0x000001b23a697000 nmethod 226 0x000001b22840b210 code [0x000001b22840b480, 0x000001b22840c148]
Event: 0.063 Thread 0x000001b23b0ea800  220       3       java.util.regex.Matcher::matches (10 bytes)
Event: 0.063 Thread 0x000001b23a697000  223       3       java.util.regex.Pattern::compile (10 bytes)
Event: 0.063 Thread 0x000001b23b0ea800 nmethod 220 0x000001b22840c610 code [0x000001b22840c7c0, 0x000001b22840c928]
Event: 0.063 Thread 0x000001b23a697000 nmethod 223 0x000001b22840ca10 code [0x000001b22840cbc0, 0x000001b22840cd68]
Event: 0.063 Thread 0x000001b23b0ea800  229       3       sun.nio.fs.WindowsPathParser::isSlash (18 bytes)
Event: 0.063 Thread 0x000001b23a697000  224   !   3       java.util.regex.Pattern::<init> (144 bytes)
Event: 0.063 Thread 0x000001b23b0ea800 nmethod 229 0x000001b22840ce10 code [0x000001b22840cfa0, 0x000001b22840d118]
Event: 0.063 Thread 0x000001b23b0ea800  222       3       java.util.regex.Pattern::escape (1327 bytes)
Event: 0.064 Thread 0x000001b23a68e000  236       4       java.util.zip.ZipUtils::SH (21 bytes)

GC Heap History (0 events):
No events

Deoptimization events (4 events):
Event: 0.043 Thread 0x000001b21f4c0000 Uncommon trap: trap_request=0xffffff45 fr.pc=0x000001b22f804dac relative=0x000000000000024c
Event: 0.043 Thread 0x000001b21f4c0000 Uncommon trap: reason=unstable_if action=reinterpret pc=0x000001b22f804dac method=java.lang.String.hashCode()I @ 13 c2
Event: 0.043 Thread 0x000001b21f4c0000 DEOPT PACKING pc=0x000001b22f804dac sp=0x000000104befd510
Event: 0.043 Thread 0x000001b21f4c0000 DEOPT UNPACKING pc=0x000001b227c6852f sp=0x000000104befd4a8 mode 2

Classes unloaded (0 events):
No events

Classes redefined (0 events):
No events

Internal exceptions (0 events):
No events

Events (20 events):
Event: 0.057 loading class sun/nio/ch/NativeDispatcher
Event: 0.057 loading class sun/nio/ch/NativeDispatcher done
Event: 0.057 loading class sun/nio/ch/FileDispatcher done
Event: 0.057 loading class sun/nio/ch/FileDispatcherImpl done
Event: 0.057 loading class sun/nio/ch/FileLockImpl
Event: 0.057 loading class java/nio/channels/FileLock
Event: 0.057 loading class java/nio/channels/FileLock done
Event: 0.057 loading class sun/nio/ch/FileLockImpl done
Event: 0.057 loading class sun/nio/ch/NativeThread
Event: 0.057 loading class sun/nio/ch/NativeThread done
Event: 0.057 loading class sun/nio/ch/FileLockTable
Event: 0.057 loading class sun/nio/ch/FileLockTable done
Event: 0.057 loading class sun/nio/ch/FileKey
Event: 0.057 loading class sun/nio/ch/FileKey done
Event: 0.057 loading class sun/nio/ch/FileLockTable$FileLockReference
Event: 0.057 loading class sun/nio/ch/FileLockTable$FileLockReference done
Event: 0.061 loading class java/io/RandomAccessFile$1
Event: 0.061 loading class java/io/RandomAccessFile$1 done
Event: 0.063 loading class java/net/URLClassLoader$1
Event: 0.063 loading class java/net/URLClassLoader$1 done


Dynamic libraries:
0x00007ff75fc80000 - 0x00007ff75fc8f000 	C:\Program Files\Java\jdk-14.0.2\bin\java.exe
0x00007ffeff510000 - 0x00007ffeff724000 	C:\WINDOWS\SYSTEM32\ntdll.dll
0x00007ffefdbe0000 - 0x00007ffefdca4000 	C:\WINDOWS\System32\KERNEL32.DLL
0x00007ffefcd10000 - 0x00007ffefd0b4000 	C:\WINDOWS\System32\KERNELBASE.dll
0x00007ffefc8f0000 - 0x00007ffefca01000 	C:\WINDOWS\System32\ucrtbase.dll
0x00007ffebfb20000 - 0x00007ffebfb35000 	C:\Program Files\Java\jdk-14.0.2\bin\VCRUNTIME140.dll
0x00007ffe93760000 - 0x00007ffe93778000 	C:\Program Files\Java\jdk-14.0.2\bin\jli.dll
0x00007ffefd2d0000 - 0x00007ffefd380000 	C:\WINDOWS\System32\ADVAPI32.dll
0x00007ffefefa0000 - 0x00007ffeff047000 	C:\WINDOWS\System32\msvcrt.dll
0x00007ffefd860000 - 0x00007ffefd906000 	C:\WINDOWS\System32\sechost.dll
0x00007ffefe7a0000 - 0x00007ffefe8b7000 	C:\WINDOWS\System32\RPCRT4.dll
0x00007ffefda30000 - 0x00007ffefdbda000 	C:\WINDOWS\System32\USER32.dll
0x00007ffefd230000 - 0x00007ffefd256000 	C:\WINDOWS\System32\win32u.dll
0x00007ffed66d0000 - 0x00007ffed695f000 	C:\WINDOWS\WinSxS\amd64_microsoft.windows.common-controls_6595b64144ccf1df_6.0.22621.2070_none_2713e6537381f706\COMCTL32.dll
0x00007ffeff440000 - 0x00007ffeff469000 	C:\WINDOWS\System32\GDI32.dll
0x00007ffefca10000 - 0x00007ffefcb29000 	C:\WINDOWS\System32\gdi32full.dll
0x00007ffefcc70000 - 0x00007ffefcd0a000 	C:\WINDOWS\System32\msvcp_win.dll
0x00007ffef5960000 - 0x00007ffef596a000 	C:\WINDOWS\SYSTEM32\VERSION.dll
0x00007ffefd9f0000 - 0x00007ffefda21000 	C:\WINDOWS\System32\IMM32.DLL
0x00007ffe61510000 - 0x00007ffe615ab000 	C:\Program Files\Java\jdk-14.0.2\bin\msvcp140.dll
0x00007ffe5f5b0000 - 0x00007ffe600ce000 	C:\Program Files\Java\jdk-14.0.2\bin\server\jvm.dll
0x00007ffefe9f0000 - 0x00007ffefe9f8000 	C:\WINDOWS\System32\PSAPI.DLL
0x00007ffee0840000 - 0x00007ffee0849000 	C:\WINDOWS\SYSTEM32\WSOCK32.dll
0x00007ffef5bd0000 - 0x00007ffef5c04000 	C:\WINDOWS\SYSTEM32\WINMM.dll
0x00007ffefee90000 - 0x00007ffefef01000 	C:\WINDOWS\System32\WS2_32.dll
0x00007ffefb990000 - 0x00007ffefb9a8000 	C:\WINDOWS\SYSTEM32\kernel.appcore.dll
0x00007ffecd170000 - 0x00007ffecd17a000 	C:\Program Files\Java\jdk-14.0.2\bin\jimage.dll
0x00007ffefa250000 - 0x00007ffefa47e000 	C:\WINDOWS\SYSTEM32\DBGHELP.DLL
0x00007ffefd430000 - 0x00007ffefd7ba000 	C:\WINDOWS\System32\combase.dll
0x00007ffefd910000 - 0x00007ffefd9e7000 	C:\WINDOWS\System32\OLEAUT32.dll
0x00007ffee2520000 - 0x00007ffee2552000 	C:\WINDOWS\SYSTEM32\dbgcore.DLL
0x00007ffefcb30000 - 0x00007ffefcbaa000 	C:\WINDOWS\System32\bcryptPrimitives.dll
0x00007ffe614e0000 - 0x00007ffe61505000 	C:\Program Files\Java\jdk-14.0.2\bin\java.dll
0x00007ffe72140000 - 0x00007ffe72156000 	C:\Program Files\Java\jdk-14.0.2\bin\zip.dll
0x00007ffefddc0000 - 0x00007ffefe5d6000 	C:\WINDOWS\System32\SHELL32.dll
0x00007ffefa870000 - 0x00007ffefb15a000 	C:\WINDOWS\SYSTEM32\windows.storage.dll
0x00007ffefa730000 - 0x00007ffefa86e000 	C:\WINDOWS\SYSTEM32\wintypes.dll
0x00007ffeff2c0000 - 0x00007ffeff3b3000 	C:\WINDOWS\System32\SHCORE.dll
0x00007ffeff260000 - 0x00007ffeff2be000 	C:\WINDOWS\System32\shlwapi.dll
0x00007ffefc820000 - 0x00007ffefc846000 	C:\WINDOWS\SYSTEM32\profapi.dll
0x00007ffe614c0000 - 0x00007ffe614d9000 	C:\Program Files\Java\jdk-14.0.2\bin\net.dll
0x00007ffef6020000 - 0x00007ffef6157000 	C:\WINDOWS\SYSTEM32\WINHTTP.dll
0x00007ffefbe60000 - 0x00007ffefbec9000 	C:\WINDOWS\system32\mswsock.dll
0x00007ffe614a0000 - 0x00007ffe614b2000 	C:\Program Files\Java\jdk-14.0.2\bin\nio.dll

dbghelp: loaded successfully - version: 4.0.5 - missing functions: none
symbol engine: initialized successfully - sym options: 0x614 - pdb path: .;C:\Program Files\Java\jdk-14.0.2\bin;C:\WINDOWS\SYSTEM32;C:\WINDOWS\WinSxS\amd64_microsoft.windows.common-controls_6595b64144ccf1df_6.0.22621.2070_none_2713e6537381f706;C:\Program Files\Java\jdk-14.0.2\bin\server

VM Arguments:
jvm_args: -Xmx64m -Xms64m -Dorg.gradle.appname=gradlew 
java_command: org.gradle.wrapper.GradleWrapperMain app:installDebug -PreactNativeDevServerPort=8081
java_class_path (initial): C:\Users\Admin\AwesomeProject\android\\gradle\wrapper\gradle-wrapper.jar
Launcher Type: SUN_STANDARD

[Global flags]
     intx CICompilerCount                          = 12                                        {product} {ergonomic}
     uint ConcGCThreads                            = 3                                         {product} {ergonomic}
     uint G1ConcRefinementThreads                  = 13                                        {product} {ergonomic}
   size_t G1HeapRegionSize                         = 1048576                                   {product} {ergonomic}
    uintx GCDrainStackTargetSize                   = 64                                        {product} {ergonomic}
   size_t InitialHeapSize                          = 67108864                                  {product} {command line}
   size_t MarkStackSize                            = 4194304                                   {product} {ergonomic}
   size_t MaxHeapSize                              = 67108864                                  {product} {command line}
   size_t MaxNewSize                               = 39845888                                  {product} {ergonomic}
   size_t MinHeapDeltaBytes                        = 1048576                                   {product} {ergonomic}
   size_t MinHeapSize                              = 67108864                                  {product} {command line}
    uintx NonNMethodCodeHeapSize                   = 7602480                                {pd product} {ergonomic}
    uintx NonProfiledCodeHeapSize                  = 122027880                              {pd product} {ergonomic}
    uintx ProfiledCodeHeapSize                     = 122027880                              {pd product} {ergonomic}
    uintx ReservedCodeCacheSize                    = 251658240                              {pd product} {ergonomic}
     bool SegmentedCodeCache                       = true                                      {product} {ergonomic}
   size_t SoftMaxHeapSize                          = 67108864                               {manageable} {ergonomic}
     bool UseCompressedClassPointers               = true                                 {lp64_product} {ergonomic}
     bool UseCompressedOops                        = true                                 {lp64_product} {ergonomic}
     bool UseG1GC                                  = true                                      {product} {ergonomic}
     bool UseLargePagesIndividualAllocation        = false                                  {pd product} {ergonomic}

Logging:
Log output configuration:
 #0: stdout all=warning uptime,level,tags
 #1: stderr all=off uptime,level,tags

Environment Variables:
JAVA_HOME=C:\Program Files\Java\jdk-14.0.2
CLASSPATH=C:\Users\Admin\AwesomeProject\android\\gradle\wrapper\gradle-wrapper.jar
PATH=C:\Users\Admin\AwesomeProject\android\node_modules\.bin;C:\Users\Admin\AwesomeProject\node_modules\.bin;C:\Users\Admin\node_modules\.bin;C:\Users\node_modules\.bin;C:\node_modules\.bin;C:\Program Files\nodejs;C:\Users\Admin\AwesomeProject\node_modules\.bin;C:\Users\Admin\node_modules\.bin;C:\Users\node_modules\.bin;C:\node_modules\.bin;C:\Program Files\nodejs\node_modules\npm\node_modules\@npmcli\run-script\lib\node-gyp-bin;C:\Users\Admin\AwesomeProject\node_modules\.bin;C:\Users\Admin\AwesomeProject\node_modules\.bin;C:\Users\Admin\node_modules\.bin;C:\Users\node_modules\.bin;C:\node_modules\.bin;C:\Program Files\nodejs;C:\Users\Admin\AwesomeProject\node_modules\react-native\scripts\node_modules\.bin;C:\Users\Admin\AwesomeProject\node_modules\react-native\node_modules\.bin;C:\Users\Admin\AwesomeProject\node_modules\node_modules\.bin;C:\Users\Admin\AwesomeProject\node_modules\.bin;C:\Users\Admin\node_modules\.bin;C:\Users\node_modules\.bin;C:\node_modules\.bin;C:\Program Files\nodejs;C:\Users\Admin\AwesomeProject\node_modules\.bin;C:\Users\Admin\node_modules\.bin;C:\Users\node_modules\.bin;C:\node_modules\.bin;C:\Program Files\nodejs\node_modules\npm\node_modules\@npmcli\run-script\lib\node-gyp-bin;C:\Program Files\Python310\Scripts\;C:\Program Files\Python310\;C:\Program Files\Python38\Scripts\;C:\Program Files\Python38\;C:\WINDOWS\system32;C:\WINDOWS;C:\WINDOWS\System32\Wbem;C:\WINDOWS\System32\WindowsPowerShell\v1.0\;C:\WINDOWS\System32\OpenSSH\;C:\Program Files\Microsoft SQL Server\Client SDK\ODBC\110\Tools\Binn\;C:\Program Files (x86)\Microsoft SQL Server\120\Tools\Binn\;C:\Program Files\Microsoft SQL Server\120\Tools\Binn\;C:\Program Files\Microsoft SQL Server\120\DTS\Binn\;C:\Program Files (x86)\Microsoft SQL Server\120\Tools\Binn\ManagementStudio\;C:\Program Files (x86)\Microsoft SQL Server\120\DTS\Binn\;C:\Program Files\Java\jdk-11.0.2\bin;C:\tomcat\apache-tomcat-9.0.63\bin;C:\Program Files\dotnet\;C:\Program Files\Microsoft SQL Server\150\Tools\Binn\;C:\
USERNAME=Admin
OS=Windows_NT
PROCESSOR_IDENTIFIER=Intel64 Family 6 Model 141 Stepping 1, GenuineIntel



---------------  S Y S T E M  ---------------

OS: Windows 10 , 64 bit Build 22621 (10.0.22621.2070)
OS uptime: 0 days 3:38 hours
HyperV virtualization detected

CPU:total 16 (initial active 16) (8 cores per cpu, 2 threads per core) family 6 model 141 stepping 1, cmov, cx8, fxsr, mmx, sse, sse2, sse3, ssse3, sse4.1, sse4.2, popcnt, avx, avx2, aes, clmul, erms, 3dnowpref, lzcnt, ht, tsc, tscinvbit, bmi1, bmi2, adx, evex, sha, fma

Memory: 4k page, system-wide physical 16085M (2361M free)
TotalPageFile size 18133M (AvailPageFile size 1M)
current process WorkingSet (physical memory assigned to process): 38M, peak: 38M
current process commit charge ("private bytes"): 161M, peak: 161M

vm_info: Java HotSpot(TM) 64-Bit Server VM (14.0.2+12-46) for windows-amd64 JRE (14.0.2+12-46), built on Jul  9 2020 00:35:52 by "mach5one" with MS VC++ 15.9 (VS2017)

END.
