#
# There is insufficient memory for the Java Runtime Environment to continue.
# Native memory allocation (malloc) failed to allocate 1338640 bytes for Chunk::new
# Possible reasons:
#   The system is out of physical RAM or swap space
#   The process is running with CompressedOops enabled, and the Java Heap may be blocking the growth of the native heap
# Possible solutions:
#   Reduce memory load on the system
#   Increase physical memory or swap space
#   Check if swap backing store is full
#   Decrease Java heap size (-Xmx/-Xms)
#   Decrease number of Java threads
#   Decrease Java thread stack sizes (-Xss)
#   Set larger code cache with -XX:ReservedCodeCacheSize=
#   JVM is running with Unscaled Compressed Oops mode in which the Java heap is
#     placed in the first 4GB address space. The Java Heap base address is the
#     maximum limit for the native heap growth. Please use -XX:HeapBaseMinAddress
#     to set the Java Heap base and to place the Java Heap above 4GB virtual address.
# This output file may be truncated or incomplete.
#
#  Out of Memory Error (./open/src/hotspot/share/memory/arena.cpp:195), pid=6508, tid=19236
#
# JRE version: Java(TM) SE Runtime Environment (14.0.2+12) (build 14.0.2+12-46)
# Java VM: Java HotSpot(TM) 64-Bit Server VM (14.0.2+12-46, mixed mode, sharing, tiered, compressed oops, g1 gc, windows-amd64)
# No core dump will be written. Minidumps are not enabled by default on client versions of Windows
#

---------------  S U M M A R Y ------------

Command Line: -XX:MaxMetaspaceSize=512m --add-opens=java.base/java.util=ALL-UNNAMED --add-opens=java.base/java.lang=ALL-UNNAMED --add-opens=java.base/java.lang.invoke=ALL-UNNAMED --add-opens=java.base/java.util=ALL-UNNAMED --add-opens=java.prefs/java.util.prefs=ALL-UNNAMED --add-opens=java.prefs/java.util.prefs=ALL-UNNAMED --add-opens=java.base/java.nio.charset=ALL-UNNAMED --add-opens=java.base/java.net=ALL-UNNAMED --add-opens=java.base/java.util.concurrent.atomic=ALL-UNNAMED -Xmx2048m -Dfile.encoding=windows-1252 -Duser.country=US -Duser.language=en -Duser.variant org.gradle.launcher.daemon.bootstrap.GradleDaemon 7.5.1

Host: 11th Gen Intel(R) Core(TM) i7-11800H @ 2.30GHz, 16 cores, 15G,  Windows 10 , 64 bit Build 22621 (10.0.22621.2070)
Time: Sun Aug 13 10:45:18 2023 SE Asia Standard Time elapsed time: 1 seconds (0d 0h 0m 1s)

---------------  T H R E A D  ---------------

Current thread (0x0000016d7edfa000):  JavaThread "C2 CompilerThread0" daemon [_thread_in_native, id=19236, stack(0x00000062c4a00000,0x00000062c4b00000)]


Current CompileTask:
C2:   1797 2559   !   4       java.net.URL::<init> (543 bytes)

Stack: [0x00000062c4a00000,0x00000062c4b00000]
Native frames: (J=compiled Java code, j=interpreted, Vv=VM code, C=native code)
V  [jvm.dll+0x5f8a9a]
V  [jvm.dll+0x74247a]
V  [jvm.dll+0x743c2f]
V  [jvm.dll+0x744273]
V  [jvm.dll+0x20d288]
V  [jvm.dll+0xabb07]
V  [jvm.dll+0xac1fc]
V  [jvm.dll+0x31c495]
V  [jvm.dll+0x2e6b38]
V  [jvm.dll+0x2e5f3a]
V  [jvm.dll+0x1e5e16]
V  [jvm.dll+0x1e50b8]
V  [jvm.dll+0x1779cc]
V  [jvm.dll+0x1f4105]
V  [jvm.dll+0x1f22eb]
V  [jvm.dll+0x7070cd]
V  [jvm.dll+0x6ffeda]
V  [jvm.dll+0x5f78f6]
C  [ucrtbase.dll+0x29363]
C  [KERNEL32.DLL+0x126ad]
C  [ntdll.dll+0x5aa68]


---------------  P R O C E S S  ---------------

Threads class SMR info:
_java_thread_list=0x0000016d03bc02a0, length=34, elements={
0x0000016d5f203800, 0x0000016d7edd5800, 0x0000016d7edd7000, 0x0000016d7edef000,
0x0000016d7edf2000, 0x0000016d7edf5800, 0x0000016d7edfa000, 0x0000016d7edfd000,
0x0000016d7f69a800, 0x0000016d7f7a3800, 0x0000016d7f7e5000, 0x0000016d7f8a0000,
0x0000016d7f8f0000, 0x0000016d0006a800, 0x0000016d00b02800, 0x0000016d0136b800,
0x0000016d019ee000, 0x0000016d01194800, 0x0000016d01e6e800, 0x0000016d0201d800,
0x0000016d01f07800, 0x0000016d01922000, 0x0000016d01e52800, 0x0000016d01b10000,
0x0000016d01b12000, 0x0000016d01b12800, 0x0000016d01b0f800, 0x0000016d01b0e800,
0x0000016d01b14000, 0x0000016d01b15000, 0x0000016d01b11000, 0x0000016d01b13800,
0x0000016d0616b000, 0x0000016d0616c800
}

Java Threads: ( => current thread )
  0x0000016d5f203800 JavaThread "main" [_thread_blocked, id=2044, stack(0x00000062c3e00000,0x00000062c3f00000)]
  0x0000016d7edd5800 JavaThread "Reference Handler" daemon [_thread_blocked, id=6300, stack(0x00000062c4500000,0x00000062c4600000)]
  0x0000016d7edd7000 JavaThread "Finalizer" daemon [_thread_blocked, id=4576, stack(0x00000062c4600000,0x00000062c4700000)]
  0x0000016d7edef000 JavaThread "Signal Dispatcher" daemon [_thread_blocked, id=21932, stack(0x00000062c4700000,0x00000062c4800000)]
  0x0000016d7edf2000 JavaThread "Attach Listener" daemon [_thread_blocked, id=2672, stack(0x00000062c4800000,0x00000062c4900000)]
  0x0000016d7edf5800 JavaThread "Service Thread" daemon [_thread_blocked, id=21684, stack(0x00000062c4900000,0x00000062c4a00000)]
=>0x0000016d7edfa000 JavaThread "C2 CompilerThread0" daemon [_thread_in_native, id=19236, stack(0x00000062c4a00000,0x00000062c4b00000)]
  0x0000016d7edfd000 JavaThread "C1 CompilerThread0" daemon [_thread_blocked, id=20516, stack(0x00000062c4b00000,0x00000062c4c00000)]
  0x0000016d7f69a800 JavaThread "Sweeper thread" daemon [_thread_blocked, id=2736, stack(0x00000062c4c00000,0x00000062c4d00000)]
  0x0000016d7f7a3800 JavaThread "C1 CompilerThread1" daemon [_thread_blocked, id=21332, stack(0x00000062c4d00000,0x00000062c4e00000)]
  0x0000016d7f7e5000 JavaThread "Common-Cleaner" daemon [_thread_blocked, id=21624, stack(0x00000062c4e00000,0x00000062c4f00000)]
  0x0000016d7f8a0000 JavaThread "Notification Thread" daemon [_thread_blocked, id=15100, stack(0x00000062c4f00000,0x00000062c5000000)]
  0x0000016d7f8f0000 JavaThread "C2 CompilerThread1" daemon [_thread_blocked, id=13276, stack(0x00000062c5100000,0x00000062c5200000)]
  0x0000016d0006a800 JavaThread "C2 CompilerThread2" daemon [_thread_in_native, id=7140, stack(0x00000062c5200000,0x00000062c5300000)]
  0x0000016d00b02800 JavaThread "C1 CompilerThread2" daemon [_thread_blocked, id=20512, stack(0x00000062c5900000,0x00000062c5a00000)]
  0x0000016d0136b800 JavaThread "C1 CompilerThread3" daemon [_thread_blocked, id=5248, stack(0x00000062c5a00000,0x00000062c5b00000)]
  0x0000016d019ee000 JavaThread "Daemon health stats" [_thread_blocked, id=19168, stack(0x00000062c5b00000,0x00000062c5c00000)]
  0x0000016d01194800 JavaThread "Incoming local TCP Connector on port 52966" [_thread_in_native, id=14768, stack(0x00000062c5c00000,0x00000062c5d00000)]
  0x0000016d01e6e800 JavaThread "Daemon periodic checks" [_thread_blocked, id=13020, stack(0x00000062c5d00000,0x00000062c5e00000)]
  0x0000016d0201d800 JavaThread "Daemon" [_thread_blocked, id=4288, stack(0x00000062c5e00000,0x00000062c5f00000)]
  0x0000016d01f07800 JavaThread "Handler for socket connection from /127.0.0.1:52966 to /127.0.0.1:52967" [_thread_in_native, id=8472, stack(0x00000062c5f00000,0x00000062c6000000)]
  0x0000016d01922000 JavaThread "Cancel handler" [_thread_blocked, id=12376, stack(0x00000062c6000000,0x00000062c6100000)]
  0x0000016d01e52800 JavaThread "Daemon worker" [_thread_in_vm, id=21920, stack(0x00000062c6100000,0x00000062c6200000)]
  0x0000016d01b10000 JavaThread "Asynchronous log dispatcher for DefaultDaemonConnection: socket connection from /127.0.0.1:52966 to /127.0.0.1:52967" [_thread_blocked, id=12456, stack(0x00000062c6200000,0x00000062c6300000)]
  0x0000016d01b12000 JavaThread "Stdin handler" [_thread_blocked, id=4572, stack(0x00000062c6300000,0x00000062c6400000)]
  0x0000016d01b12800 JavaThread "Daemon client event forwarder" [_thread_blocked, id=6380, stack(0x00000062c6400000,0x00000062c6500000)]
  0x0000016d01b0f800 JavaThread "Cache worker for journal cache (C:\Users\Admin\.gradle\caches\journal-1)" [_thread_blocked, id=8460, stack(0x00000062c6500000,0x00000062c6600000)]
  0x0000016d01b0e800 JavaThread "File lock request listener" [_thread_in_native, id=19272, stack(0x00000062c6600000,0x00000062c6700000)]
  0x0000016d01b14000 JavaThread "Cache worker for file hash cache (C:\Users\Admin\.gradle\caches\7.5.1\fileHashes)" [_thread_blocked, id=3420, stack(0x00000062c5300000,0x00000062c5400000)]
  0x0000016d01b15000 JavaThread "File watcher server" daemon [_thread_in_native, id=7492, stack(0x00000062c6700000,0x00000062c6800000)]
  0x0000016d01b11000 JavaThread "File watcher consumer" daemon [_thread_blocked, id=21844, stack(0x00000062c6800000,0x00000062c6900000)]
  0x0000016d01b13800 JavaThread "Cache worker for checksums cache (C:\Users\Admin\AwesomeProject\android\.gradle\7.5.1\checksums)" [_thread_blocked, id=1368, stack(0x00000062c6900000,0x00000062c6a00000)]
  0x0000016d0616b000 JavaThread "Cache worker for cache directory md-rule (C:\Users\Admin\.gradle\caches\7.5.1\md-rule)" [_thread_blocked, id=14076, stack(0x00000062c6a00000,0x00000062c6b00000)]
  0x0000016d0616c800 JavaThread "Cache worker for file content cache (C:\Users\Admin\.gradle\caches\7.5.1\fileContent)" [_thread_blocked, id=1372, stack(0x00000062c6b00000,0x00000062c6c00000)]

Other Threads:
  0x0000016d7edd3800 VMThread "VM Thread" [stack: 0x00000062c4400000,0x00000062c4500000] [id=7036]
  0x0000016d7f8a1000 WatcherThread [stack: 0x00000062c5000000,0x00000062c5100000] [id=14656]
  0x0000016d5f247000 GCTaskThread "GC Thread#0" [stack: 0x00000062c3f00000,0x00000062c4000000] [id=22260]
  0x0000016d00a91800 GCTaskThread "GC Thread#1" [stack: 0x00000062c5400000,0x00000062c5500000] [id=11988]
  0x0000016d011b2000 GCTaskThread "GC Thread#2" [stack: 0x00000062c5500000,0x00000062c5600000] [id=7348]
  0x0000016d013eb800 GCTaskThread "GC Thread#3" [stack: 0x00000062c5600000,0x00000062c5700000] [id=4984]
  0x0000016d013ac000 GCTaskThread "GC Thread#4" [stack: 0x00000062c5700000,0x00000062c5800000] [id=8372]
  0x0000016d00e05000 GCTaskThread "GC Thread#5" [stack: 0x00000062c5800000,0x00000062c5900000] [id=11844]
  0x0000016d026fc800 GCTaskThread "GC Thread#6" [stack: 0x00000062c6c00000,0x00000062c6d00000] [id=8792]
  0x0000016d0392e800 GCTaskThread "GC Thread#7" [stack: 0x00000062c6d00000,0x00000062c6e00000] [id=20572]
  0x0000016d00d04000 GCTaskThread "GC Thread#8" [stack: 0x00000062c6e00000,0x00000062c6f00000] [id=18932]
  0x0000016d02668000 GCTaskThread "GC Thread#9" [stack: 0x00000062c6f00000,0x00000062c7000000] [id=9740]
  0x0000016d02668800 GCTaskThread "GC Thread#10" [stack: 0x00000062c7000000,0x00000062c7100000] [id=20308]
  0x0000016d0483b000 GCTaskThread "GC Thread#11" [stack: 0x00000062c7100000,0x00000062c7200000] [id=6524]
  0x0000016d0483b800 GCTaskThread "GC Thread#12" [stack: 0x00000062c7200000,0x00000062c7300000] [id=19740]
  0x0000016d5f259800 ConcurrentGCThread "G1 Main Marker" [stack: 0x00000062c4000000,0x00000062c4100000] [id=10856]
  0x0000016d5f25f000 ConcurrentGCThread "G1 Conc#0" [stack: 0x00000062c4100000,0x00000062c4200000] [id=420]
  0x0000016d7eceb800 ConcurrentGCThread "G1 Refine#0" [stack: 0x00000062c4200000,0x00000062c4300000] [id=3912]
  0x0000016d7ecec800 ConcurrentGCThread "G1 Young RemSet Sampling" [stack: 0x00000062c4300000,0x00000062c4400000] [id=16228]

Threads with active compile tasks:
C2 CompilerThread0     1810 2559   !   4       java.net.URL::<init> (543 bytes)
C2 CompilerThread2     1810 2400   !   4       java.net.URLClassLoader$1::run (63 bytes)

VM state:not at safepoint (normal execution)

VM Mutex/Monitor currently owned by a thread:  ([mutex/lock_event])
[0x0000016d5f1fcf10] SystemDictionary_lock - owner thread: 0x0000000000000000

Heap address: 0x0000000080000000, size: 2048 MB, Compressed Oops mode: 32-bit
Narrow klass base: 0x0000000800000000, Narrow klass shift: 3
Compressed class space size: 528482304 Address: 0x0000000800b30000

Heap:
 garbage-first heap   total 258048K, used 19409K [0x0000000080000000, 0x0000000100000000)
  region size 1024K, 12 young (12288K), 11 survivors (11264K)
 Metaspace       used 20290K, capacity 20966K, committed 21248K, reserved 534528K
  class space    used 3015K, capacity 3267K, committed 3328K, reserved 516096K
Heap Regions: E=young(eden), S=young(survivor), O=old, HS=humongous(starts), HC=humongous(continues), CS=collection set, F=free, OA=open archive, CA=closed archive, TAMS=top-at-mark-start (previous, next)
|   0|0x0000000080000000, 0x0000000080100000, 0x0000000080100000|100%| O|  |TAMS 0x0000000080000000, 0x0000000080000000| Untracked 
|   1|0x0000000080100000, 0x0000000080200000, 0x0000000080200000|100%| O|  |TAMS 0x0000000080100000, 0x0000000080100000| Untracked 
|   2|0x0000000080200000, 0x00000000802ee800, 0x0000000080300000| 93%| O|  |TAMS 0x0000000080200000, 0x0000000080200000| Untracked 
|   3|0x0000000080300000, 0x0000000080400000, 0x0000000080400000|100%|HS|  |TAMS 0x0000000080300000, 0x0000000080300000| Complete 
|   4|0x0000000080400000, 0x0000000080500000, 0x0000000080500000|100%|HC|  |TAMS 0x0000000080400000, 0x0000000080400000| Complete 
|   5|0x0000000080500000, 0x0000000080600000, 0x0000000080600000|100%|HC|  |TAMS 0x0000000080500000, 0x0000000080500000| Complete 
|   6|0x0000000080600000, 0x0000000080700000, 0x0000000080700000|100%| O|  |TAMS 0x0000000080600000, 0x0000000080600000| Untracked 
|   7|0x0000000080700000, 0x0000000080800000, 0x0000000080800000|100%| O|  |TAMS 0x0000000080700000, 0x0000000080700000| Untracked 
|   8|0x0000000080800000, 0x0000000080900000, 0x0000000080900000|100%| O|  |TAMS 0x0000000080800000, 0x0000000080800000| Untracked 
|   9|0x0000000080900000, 0x0000000080900000, 0x0000000080a00000|  0%| F|  |TAMS 0x0000000080900000, 0x0000000080900000| Untracked 
|  10|0x0000000080a00000, 0x0000000080a00000, 0x0000000080b00000|  0%| F|  |TAMS 0x0000000080a00000, 0x0000000080a00000| Untracked 
|  11|0x0000000080b00000, 0x0000000080b00000, 0x0000000080c00000|  0%| F|  |TAMS 0x0000000080b00000, 0x0000000080b00000| Untracked 
|  12|0x0000000080c00000, 0x0000000080c00000, 0x0000000080d00000|  0%| F|  |TAMS 0x0000000080c00000, 0x0000000080c00000| Untracked 
|  13|0x0000000080d00000, 0x0000000080d00000, 0x0000000080e00000|  0%| F|  |TAMS 0x0000000080d00000, 0x0000000080d00000| Untracked 
|  14|0x0000000080e00000, 0x0000000080e00000, 0x0000000080f00000|  0%| F|  |TAMS 0x0000000080e00000, 0x0000000080e00000| Untracked 
|  15|0x0000000080f00000, 0x0000000080f00000, 0x0000000081000000|  0%| F|  |TAMS 0x0000000080f00000, 0x0000000080f00000| Untracked 
|  16|0x0000000081000000, 0x0000000081000000, 0x0000000081100000|  0%| F|  |TAMS 0x0000000081000000, 0x0000000081000000| Untracked 
|  17|0x0000000081100000, 0x0000000081100000, 0x0000000081200000|  0%| F|  |TAMS 0x0000000081100000, 0x0000000081100000| Untracked 
|  18|0x0000000081200000, 0x0000000081200000, 0x0000000081300000|  0%| F|  |TAMS 0x0000000081200000, 0x0000000081200000| Untracked 
|  19|0x0000000081300000, 0x0000000081300000, 0x0000000081400000|  0%| F|  |TAMS 0x0000000081300000, 0x0000000081300000| Untracked 
|  20|0x0000000081400000, 0x0000000081400000, 0x0000000081500000|  0%| F|  |TAMS 0x0000000081400000, 0x0000000081400000| Untracked 
|  21|0x0000000081500000, 0x0000000081500000, 0x0000000081600000|  0%| F|  |TAMS 0x0000000081500000, 0x0000000081500000| Untracked 
|  22|0x0000000081600000, 0x0000000081600000, 0x0000000081700000|  0%| F|  |TAMS 0x0000000081600000, 0x0000000081600000| Untracked 
|  23|0x0000000081700000, 0x0000000081700000, 0x0000000081800000|  0%| F|  |TAMS 0x0000000081700000, 0x0000000081700000| Untracked 
|  24|0x0000000081800000, 0x0000000081800000, 0x0000000081900000|  0%| F|  |TAMS 0x0000000081800000, 0x0000000081800000| Untracked 
|  25|0x0000000081900000, 0x0000000081900000, 0x0000000081a00000|  0%| F|  |TAMS 0x0000000081900000, 0x0000000081900000| Untracked 
|  26|0x0000000081a00000, 0x0000000081a00000, 0x0000000081b00000|  0%| F|  |TAMS 0x0000000081a00000, 0x0000000081a00000| Untracked 
|  27|0x0000000081b00000, 0x0000000081b00000, 0x0000000081c00000|  0%| F|  |TAMS 0x0000000081b00000, 0x0000000081b00000| Untracked 
|  28|0x0000000081c00000, 0x0000000081c00000, 0x0000000081d00000|  0%| F|  |TAMS 0x0000000081c00000, 0x0000000081c00000| Untracked 
|  29|0x0000000081d00000, 0x0000000081d00000, 0x0000000081e00000|  0%| F|  |TAMS 0x0000000081d00000, 0x0000000081d00000| Untracked 
|  30|0x0000000081e00000, 0x0000000081e00000, 0x0000000081f00000|  0%| F|  |TAMS 0x0000000081e00000, 0x0000000081e00000| Untracked 
|  31|0x0000000081f00000, 0x0000000081f00000, 0x0000000082000000|  0%| F|  |TAMS 0x0000000081f00000, 0x0000000081f00000| Untracked 
|  32|0x0000000082000000, 0x0000000082000000, 0x0000000082100000|  0%| F|  |TAMS 0x0000000082000000, 0x0000000082000000| Untracked 
|  33|0x0000000082100000, 0x0000000082100000, 0x0000000082200000|  0%| F|  |TAMS 0x0000000082100000, 0x0000000082100000| Untracked 
|  34|0x0000000082200000, 0x0000000082200000, 0x0000000082300000|  0%| F|  |TAMS 0x0000000082200000, 0x0000000082200000| Untracked 
|  35|0x0000000082300000, 0x0000000082300000, 0x0000000082400000|  0%| F|  |TAMS 0x0000000082300000, 0x0000000082300000| Untracked 
|  36|0x0000000082400000, 0x0000000082400000, 0x0000000082500000|  0%| F|  |TAMS 0x0000000082400000, 0x0000000082400000| Untracked 
|  37|0x0000000082500000, 0x0000000082500000, 0x0000000082600000|  0%| F|  |TAMS 0x0000000082500000, 0x0000000082500000| Untracked 
|  38|0x0000000082600000, 0x0000000082600000, 0x0000000082700000|  0%| F|  |TAMS 0x0000000082600000, 0x0000000082600000| Untracked 
|  39|0x0000000082700000, 0x0000000082700000, 0x0000000082800000|  0%| F|  |TAMS 0x0000000082700000, 0x0000000082700000| Untracked 
|  40|0x0000000082800000, 0x0000000082800000, 0x0000000082900000|  0%| F|  |TAMS 0x0000000082800000, 0x0000000082800000| Untracked 
|  41|0x0000000082900000, 0x0000000082900000, 0x0000000082a00000|  0%| F|  |TAMS 0x0000000082900000, 0x0000000082900000| Untracked 
|  42|0x0000000082a00000, 0x0000000082a00000, 0x0000000082b00000|  0%| F|  |TAMS 0x0000000082a00000, 0x0000000082a00000| Untracked 
|  43|0x0000000082b00000, 0x0000000082b00000, 0x0000000082c00000|  0%| F|  |TAMS 0x0000000082b00000, 0x0000000082b00000| Untracked 
|  44|0x0000000082c00000, 0x0000000082c00000, 0x0000000082d00000|  0%| F|  |TAMS 0x0000000082c00000, 0x0000000082c00000| Untracked 
|  45|0x0000000082d00000, 0x0000000082d00000, 0x0000000082e00000|  0%| F|  |TAMS 0x0000000082d00000, 0x0000000082d00000| Untracked 
|  46|0x0000000082e00000, 0x0000000082e00000, 0x0000000082f00000|  0%| F|  |TAMS 0x0000000082e00000, 0x0000000082e00000| Untracked 
|  47|0x0000000082f00000, 0x0000000082f00000, 0x0000000083000000|  0%| F|  |TAMS 0x0000000082f00000, 0x0000000082f00000| Untracked 
|  48|0x0000000083000000, 0x0000000083000000, 0x0000000083100000|  0%| F|  |TAMS 0x0000000083000000, 0x0000000083000000| Untracked 
|  49|0x0000000083100000, 0x0000000083100000, 0x0000000083200000|  0%| F|  |TAMS 0x0000000083100000, 0x0000000083100000| Untracked 
|  50|0x0000000083200000, 0x0000000083200000, 0x0000000083300000|  0%| F|  |TAMS 0x0000000083200000, 0x0000000083200000| Untracked 
|  51|0x0000000083300000, 0x0000000083300000, 0x0000000083400000|  0%| F|  |TAMS 0x0000000083300000, 0x0000000083300000| Untracked 
|  52|0x0000000083400000, 0x0000000083400000, 0x0000000083500000|  0%| F|  |TAMS 0x0000000083400000, 0x0000000083400000| Untracked 
|  53|0x0000000083500000, 0x0000000083500000, 0x0000000083600000|  0%| F|  |TAMS 0x0000000083500000, 0x0000000083500000| Untracked 
|  54|0x0000000083600000, 0x0000000083600000, 0x0000000083700000|  0%| F|  |TAMS 0x0000000083600000, 0x0000000083600000| Untracked 
|  55|0x0000000083700000, 0x0000000083700000, 0x0000000083800000|  0%| F|  |TAMS 0x0000000083700000, 0x0000000083700000| Untracked 
|  56|0x0000000083800000, 0x0000000083800000, 0x0000000083900000|  0%| F|  |TAMS 0x0000000083800000, 0x0000000083800000| Untracked 
|  57|0x0000000083900000, 0x0000000083900000, 0x0000000083a00000|  0%| F|  |TAMS 0x0000000083900000, 0x0000000083900000| Untracked 
|  58|0x0000000083a00000, 0x0000000083a00000, 0x0000000083b00000|  0%| F|  |TAMS 0x0000000083a00000, 0x0000000083a00000| Untracked 
|  59|0x0000000083b00000, 0x0000000083b00000, 0x0000000083c00000|  0%| F|  |TAMS 0x0000000083b00000, 0x0000000083b00000| Untracked 
|  60|0x0000000083c00000, 0x0000000083c00000, 0x0000000083d00000|  0%| F|  |TAMS 0x0000000083c00000, 0x0000000083c00000| Untracked 
|  61|0x0000000083d00000, 0x0000000083d00000, 0x0000000083e00000|  0%| F|  |TAMS 0x0000000083d00000, 0x0000000083d00000| Untracked 
|  62|0x0000000083e00000, 0x0000000083e00000, 0x0000000083f00000|  0%| F|  |TAMS 0x0000000083e00000, 0x0000000083e00000| Untracked 
|  63|0x0000000083f00000, 0x0000000083f00000, 0x0000000084000000|  0%| F|  |TAMS 0x0000000083f00000, 0x0000000083f00000| Untracked 
|  64|0x0000000084000000, 0x0000000084000000, 0x0000000084100000|  0%| F|  |TAMS 0x0000000084000000, 0x0000000084000000| Untracked 
|  65|0x0000000084100000, 0x0000000084100000, 0x0000000084200000|  0%| F|  |TAMS 0x0000000084100000, 0x0000000084100000| Untracked 
|  66|0x0000000084200000, 0x0000000084200000, 0x0000000084300000|  0%| F|  |TAMS 0x0000000084200000, 0x0000000084200000| Untracked 
|  67|0x0000000084300000, 0x0000000084300000, 0x0000000084400000|  0%| F|  |TAMS 0x0000000084300000, 0x0000000084300000| Untracked 
|  68|0x0000000084400000, 0x0000000084400000, 0x0000000084500000|  0%| F|  |TAMS 0x0000000084400000, 0x0000000084400000| Untracked 
|  69|0x0000000084500000, 0x0000000084500000, 0x0000000084600000|  0%| F|  |TAMS 0x0000000084500000, 0x0000000084500000| Untracked 
|  70|0x0000000084600000, 0x0000000084600000, 0x0000000084700000|  0%| F|  |TAMS 0x0000000084600000, 0x0000000084600000| Untracked 
|  71|0x0000000084700000, 0x0000000084700000, 0x0000000084800000|  0%| F|  |TAMS 0x0000000084700000, 0x0000000084700000| Untracked 
|  72|0x0000000084800000, 0x0000000084800000, 0x0000000084900000|  0%| F|  |TAMS 0x0000000084800000, 0x0000000084800000| Untracked 
|  73|0x0000000084900000, 0x0000000084900000, 0x0000000084a00000|  0%| F|  |TAMS 0x0000000084900000, 0x0000000084900000| Untracked 
|  74|0x0000000084a00000, 0x0000000084a00000, 0x0000000084b00000|  0%| F|  |TAMS 0x0000000084a00000, 0x0000000084a00000| Untracked 
|  75|0x0000000084b00000, 0x0000000084b00000, 0x0000000084c00000|  0%| F|  |TAMS 0x0000000084b00000, 0x0000000084b00000| Untracked 
|  76|0x0000000084c00000, 0x0000000084c00000, 0x0000000084d00000|  0%| F|  |TAMS 0x0000000084c00000, 0x0000000084c00000| Untracked 
|  77|0x0000000084d00000, 0x0000000084d00000, 0x0000000084e00000|  0%| F|  |TAMS 0x0000000084d00000, 0x0000000084d00000| Untracked 
|  78|0x0000000084e00000, 0x0000000084e00000, 0x0000000084f00000|  0%| F|  |TAMS 0x0000000084e00000, 0x0000000084e00000| Untracked 
|  79|0x0000000084f00000, 0x0000000084f00000, 0x0000000085000000|  0%| F|  |TAMS 0x0000000084f00000, 0x0000000084f00000| Untracked 
|  80|0x0000000085000000, 0x0000000085000000, 0x0000000085100000|  0%| F|  |TAMS 0x0000000085000000, 0x0000000085000000| Untracked 
|  81|0x0000000085100000, 0x0000000085100000, 0x0000000085200000|  0%| F|  |TAMS 0x0000000085100000, 0x0000000085100000| Untracked 
|  82|0x0000000085200000, 0x0000000085200000, 0x0000000085300000|  0%| F|  |TAMS 0x0000000085200000, 0x0000000085200000| Untracked 
|  83|0x0000000085300000, 0x0000000085300000, 0x0000000085400000|  0%| F|  |TAMS 0x0000000085300000, 0x0000000085300000| Untracked 
|  84|0x0000000085400000, 0x0000000085400000, 0x0000000085500000|  0%| F|  |TAMS 0x0000000085400000, 0x0000000085400000| Untracked 
|  85|0x0000000085500000, 0x0000000085500000, 0x0000000085600000|  0%| F|  |TAMS 0x0000000085500000, 0x0000000085500000| Untracked 
|  86|0x0000000085600000, 0x0000000085600000, 0x0000000085700000|  0%| F|  |TAMS 0x0000000085600000, 0x0000000085600000| Untracked 
|  87|0x0000000085700000, 0x0000000085700000, 0x0000000085800000|  0%| F|  |TAMS 0x0000000085700000, 0x0000000085700000| Untracked 
|  88|0x0000000085800000, 0x0000000085800000, 0x0000000085900000|  0%| F|  |TAMS 0x0000000085800000, 0x0000000085800000| Untracked 
|  89|0x0000000085900000, 0x0000000085900000, 0x0000000085a00000|  0%| F|  |TAMS 0x0000000085900000, 0x0000000085900000| Untracked 
|  90|0x0000000085a00000, 0x0000000085a05ed0, 0x0000000085b00000|  2%| S|CS|TAMS 0x0000000085a00000, 0x0000000085a00000| Complete 
|  91|0x0000000085b00000, 0x0000000085c00000, 0x0000000085c00000|100%| S|CS|TAMS 0x0000000085b00000, 0x0000000085b00000| Complete 
|  92|0x0000000085c00000, 0x0000000085d00000, 0x0000000085d00000|100%| S|CS|TAMS 0x0000000085c00000, 0x0000000085c00000| Complete 
|  93|0x0000000085d00000, 0x0000000085e00000, 0x0000000085e00000|100%| S|CS|TAMS 0x0000000085d00000, 0x0000000085d00000| Complete 
|  94|0x0000000085e00000, 0x0000000085f00000, 0x0000000085f00000|100%| S|CS|TAMS 0x0000000085e00000, 0x0000000085e00000| Complete 
|  95|0x0000000085f00000, 0x0000000086000000, 0x0000000086000000|100%| S|CS|TAMS 0x0000000085f00000, 0x0000000085f00000| Complete 
|  96|0x0000000086000000, 0x0000000086100000, 0x0000000086100000|100%| S|CS|TAMS 0x0000000086000000, 0x0000000086000000| Complete 
|  97|0x0000000086100000, 0x0000000086200000, 0x0000000086200000|100%| S|CS|TAMS 0x0000000086100000, 0x0000000086100000| Complete 
|  98|0x0000000086200000, 0x0000000086300000, 0x0000000086300000|100%| S|CS|TAMS 0x0000000086200000, 0x0000000086200000| Complete 
|  99|0x0000000086300000, 0x0000000086400000, 0x0000000086400000|100%| S|CS|TAMS 0x0000000086300000, 0x0000000086300000| Complete 
| 100|0x0000000086400000, 0x0000000086500000, 0x0000000086500000|100%| S|CS|TAMS 0x0000000086400000, 0x0000000086400000| Complete 
| 101|0x0000000086500000, 0x0000000086500000, 0x0000000086600000|  0%| F|  |TAMS 0x0000000086500000, 0x0000000086500000| Untracked 
| 102|0x0000000086600000, 0x0000000086600000, 0x0000000086700000|  0%| F|  |TAMS 0x0000000086600000, 0x0000000086600000| Untracked 
| 103|0x0000000086700000, 0x0000000086700000, 0x0000000086800000|  0%| F|  |TAMS 0x0000000086700000, 0x0000000086700000| Untracked 
| 104|0x0000000086800000, 0x0000000086800000, 0x0000000086900000|  0%| F|  |TAMS 0x0000000086800000, 0x0000000086800000| Untracked 
| 105|0x0000000086900000, 0x0000000086900000, 0x0000000086a00000|  0%| F|  |TAMS 0x0000000086900000, 0x0000000086900000| Untracked 
| 106|0x0000000086a00000, 0x0000000086a00000, 0x0000000086b00000|  0%| F|  |TAMS 0x0000000086a00000, 0x0000000086a00000| Untracked 
| 107|0x0000000086b00000, 0x0000000086b00000, 0x0000000086c00000|  0%| F|  |TAMS 0x0000000086b00000, 0x0000000086b00000| Untracked 
| 108|0x0000000086c00000, 0x0000000086c00000, 0x0000000086d00000|  0%| F|  |TAMS 0x0000000086c00000, 0x0000000086c00000| Untracked 
| 109|0x0000000086d00000, 0x0000000086d00000, 0x0000000086e00000|  0%| F|  |TAMS 0x0000000086d00000, 0x0000000086d00000| Untracked 
| 110|0x0000000086e00000, 0x0000000086e00000, 0x0000000086f00000|  0%| F|  |TAMS 0x0000000086e00000, 0x0000000086e00000| Untracked 
| 111|0x0000000086f00000, 0x0000000086f00000, 0x0000000087000000|  0%| F|  |TAMS 0x0000000086f00000, 0x0000000086f00000| Untracked 
| 112|0x0000000087000000, 0x0000000087000000, 0x0000000087100000|  0%| F|  |TAMS 0x0000000087000000, 0x0000000087000000| Untracked 
| 113|0x0000000087100000, 0x0000000087100000, 0x0000000087200000|  0%| F|  |TAMS 0x0000000087100000, 0x0000000087100000| Untracked 
| 114|0x0000000087200000, 0x0000000087200000, 0x0000000087300000|  0%| F|  |TAMS 0x0000000087200000, 0x0000000087200000| Untracked 
| 115|0x0000000087300000, 0x0000000087300000, 0x0000000087400000|  0%| F|  |TAMS 0x0000000087300000, 0x0000000087300000| Untracked 
| 116|0x0000000087400000, 0x0000000087400000, 0x0000000087500000|  0%| F|  |TAMS 0x0000000087400000, 0x0000000087400000| Untracked 
| 117|0x0000000087500000, 0x0000000087500000, 0x0000000087600000|  0%| F|  |TAMS 0x0000000087500000, 0x0000000087500000| Untracked 
| 118|0x0000000087600000, 0x0000000087600000, 0x0000000087700000|  0%| F|  |TAMS 0x0000000087600000, 0x0000000087600000| Untracked 
| 119|0x0000000087700000, 0x0000000087700000, 0x0000000087800000|  0%| F|  |TAMS 0x0000000087700000, 0x0000000087700000| Untracked 
| 120|0x0000000087800000, 0x0000000087800000, 0x0000000087900000|  0%| F|  |TAMS 0x0000000087800000, 0x0000000087800000| Untracked 
| 121|0x0000000087900000, 0x0000000087900000, 0x0000000087a00000|  0%| F|  |TAMS 0x0000000087900000, 0x0000000087900000| Untracked 
| 122|0x0000000087a00000, 0x0000000087a00000, 0x0000000087b00000|  0%| F|  |TAMS 0x0000000087a00000, 0x0000000087a00000| Untracked 
| 123|0x0000000087b00000, 0x0000000087b00000, 0x0000000087c00000|  0%| F|  |TAMS 0x0000000087b00000, 0x0000000087b00000| Untracked 
| 124|0x0000000087c00000, 0x0000000087c00000, 0x0000000087d00000|  0%| F|  |TAMS 0x0000000087c00000, 0x0000000087c00000| Untracked 
| 125|0x0000000087d00000, 0x0000000087d00000, 0x0000000087e00000|  0%| F|  |TAMS 0x0000000087d00000, 0x0000000087d00000| Untracked 
| 126|0x0000000087e00000, 0x0000000087e00000, 0x0000000087f00000|  0%| F|  |TAMS 0x0000000087e00000, 0x0000000087e00000| Untracked 
| 127|0x0000000087f00000, 0x0000000087f00000, 0x0000000088000000|  0%| F|  |TAMS 0x0000000087f00000, 0x0000000087f00000| Untracked 
| 128|0x0000000088000000, 0x0000000088000000, 0x0000000088100000|  0%| F|  |TAMS 0x0000000088000000, 0x0000000088000000| Untracked 
| 129|0x0000000088100000, 0x0000000088100000, 0x0000000088200000|  0%| F|  |TAMS 0x0000000088100000, 0x0000000088100000| Untracked 
| 130|0x0000000088200000, 0x0000000088200000, 0x0000000088300000|  0%| F|  |TAMS 0x0000000088200000, 0x0000000088200000| Untracked 
| 131|0x0000000088300000, 0x0000000088300000, 0x0000000088400000|  0%| F|  |TAMS 0x0000000088300000, 0x0000000088300000| Untracked 
| 132|0x0000000088400000, 0x0000000088400000, 0x0000000088500000|  0%| F|  |TAMS 0x0000000088400000, 0x0000000088400000| Untracked 
| 133|0x0000000088500000, 0x0000000088500000, 0x0000000088600000|  0%| F|  |TAMS 0x0000000088500000, 0x0000000088500000| Untracked 
| 134|0x0000000088600000, 0x0000000088600000, 0x0000000088700000|  0%| F|  |TAMS 0x0000000088600000, 0x0000000088600000| Untracked 
| 135|0x0000000088700000, 0x0000000088700000, 0x0000000088800000|  0%| F|  |TAMS 0x0000000088700000, 0x0000000088700000| Untracked 
| 136|0x0000000088800000, 0x0000000088800000, 0x0000000088900000|  0%| F|  |TAMS 0x0000000088800000, 0x0000000088800000| Untracked 
| 137|0x0000000088900000, 0x0000000088900000, 0x0000000088a00000|  0%| F|  |TAMS 0x0000000088900000, 0x0000000088900000| Untracked 
| 138|0x0000000088a00000, 0x0000000088a00000, 0x0000000088b00000|  0%| F|  |TAMS 0x0000000088a00000, 0x0000000088a00000| Untracked 
| 139|0x0000000088b00000, 0x0000000088b00000, 0x0000000088c00000|  0%| F|  |TAMS 0x0000000088b00000, 0x0000000088b00000| Untracked 
| 140|0x0000000088c00000, 0x0000000088c00000, 0x0000000088d00000|  0%| F|  |TAMS 0x0000000088c00000, 0x0000000088c00000| Untracked 
| 141|0x0000000088d00000, 0x0000000088d00000, 0x0000000088e00000|  0%| F|  |TAMS 0x0000000088d00000, 0x0000000088d00000| Untracked 
| 142|0x0000000088e00000, 0x0000000088e00000, 0x0000000088f00000|  0%| F|  |TAMS 0x0000000088e00000, 0x0000000088e00000| Untracked 
| 143|0x0000000088f00000, 0x0000000088f00000, 0x0000000089000000|  0%| F|  |TAMS 0x0000000088f00000, 0x0000000088f00000| Untracked 
| 144|0x0000000089000000, 0x0000000089000000, 0x0000000089100000|  0%| F|  |TAMS 0x0000000089000000, 0x0000000089000000| Untracked 
| 145|0x0000000089100000, 0x0000000089100000, 0x0000000089200000|  0%| F|  |TAMS 0x0000000089100000, 0x0000000089100000| Untracked 
| 146|0x0000000089200000, 0x0000000089200000, 0x0000000089300000|  0%| F|  |TAMS 0x0000000089200000, 0x0000000089200000| Untracked 
| 147|0x0000000089300000, 0x0000000089300000, 0x0000000089400000|  0%| F|  |TAMS 0x0000000089300000, 0x0000000089300000| Untracked 
| 148|0x0000000089400000, 0x0000000089400000, 0x0000000089500000|  0%| F|  |TAMS 0x0000000089400000, 0x0000000089400000| Untracked 
| 149|0x0000000089500000, 0x0000000089500000, 0x0000000089600000|  0%| F|  |TAMS 0x0000000089500000, 0x0000000089500000| Untracked 
| 150|0x0000000089600000, 0x0000000089600000, 0x0000000089700000|  0%| F|  |TAMS 0x0000000089600000, 0x0000000089600000| Untracked 
| 151|0x0000000089700000, 0x0000000089700000, 0x0000000089800000|  0%| F|  |TAMS 0x0000000089700000, 0x0000000089700000| Untracked 
| 152|0x0000000089800000, 0x0000000089800000, 0x0000000089900000|  0%| F|  |TAMS 0x0000000089800000, 0x0000000089800000| Untracked 
| 153|0x0000000089900000, 0x0000000089900000, 0x0000000089a00000|  0%| F|  |TAMS 0x0000000089900000, 0x0000000089900000| Untracked 
| 154|0x0000000089a00000, 0x0000000089a00000, 0x0000000089b00000|  0%| F|  |TAMS 0x0000000089a00000, 0x0000000089a00000| Untracked 
| 155|0x0000000089b00000, 0x0000000089b00000, 0x0000000089c00000|  0%| F|  |TAMS 0x0000000089b00000, 0x0000000089b00000| Untracked 
| 156|0x0000000089c00000, 0x0000000089c00000, 0x0000000089d00000|  0%| F|  |TAMS 0x0000000089c00000, 0x0000000089c00000| Untracked 
| 157|0x0000000089d00000, 0x0000000089d00000, 0x0000000089e00000|  0%| F|  |TAMS 0x0000000089d00000, 0x0000000089d00000| Untracked 
| 158|0x0000000089e00000, 0x0000000089e00000, 0x0000000089f00000|  0%| F|  |TAMS 0x0000000089e00000, 0x0000000089e00000| Untracked 
| 159|0x0000000089f00000, 0x0000000089f00000, 0x000000008a000000|  0%| F|  |TAMS 0x0000000089f00000, 0x0000000089f00000| Untracked 
| 160|0x000000008a000000, 0x000000008a000000, 0x000000008a100000|  0%| F|  |TAMS 0x000000008a000000, 0x000000008a000000| Untracked 
| 161|0x000000008a100000, 0x000000008a100000, 0x000000008a200000|  0%| F|  |TAMS 0x000000008a100000, 0x000000008a100000| Untracked 
| 162|0x000000008a200000, 0x000000008a200000, 0x000000008a300000|  0%| F|  |TAMS 0x000000008a200000, 0x000000008a200000| Untracked 
| 163|0x000000008a300000, 0x000000008a300000, 0x000000008a400000|  0%| F|  |TAMS 0x000000008a300000, 0x000000008a300000| Untracked 
| 164|0x000000008a400000, 0x000000008a400000, 0x000000008a500000|  0%| F|  |TAMS 0x000000008a400000, 0x000000008a400000| Untracked 
| 165|0x000000008a500000, 0x000000008a500000, 0x000000008a600000|  0%| F|  |TAMS 0x000000008a500000, 0x000000008a500000| Untracked 
| 166|0x000000008a600000, 0x000000008a600000, 0x000000008a700000|  0%| F|  |TAMS 0x000000008a600000, 0x000000008a600000| Untracked 
| 167|0x000000008a700000, 0x000000008a700000, 0x000000008a800000|  0%| F|  |TAMS 0x000000008a700000, 0x000000008a700000| Untracked 
| 168|0x000000008a800000, 0x000000008a800000, 0x000000008a900000|  0%| F|  |TAMS 0x000000008a800000, 0x000000008a800000| Untracked 
| 169|0x000000008a900000, 0x000000008a900000, 0x000000008aa00000|  0%| F|  |TAMS 0x000000008a900000, 0x000000008a900000| Untracked 
| 170|0x000000008aa00000, 0x000000008aa00000, 0x000000008ab00000|  0%| F|  |TAMS 0x000000008aa00000, 0x000000008aa00000| Untracked 
| 171|0x000000008ab00000, 0x000000008ab00000, 0x000000008ac00000|  0%| F|  |TAMS 0x000000008ab00000, 0x000000008ab00000| Untracked 
| 172|0x000000008ac00000, 0x000000008ac00000, 0x000000008ad00000|  0%| F|  |TAMS 0x000000008ac00000, 0x000000008ac00000| Untracked 
| 173|0x000000008ad00000, 0x000000008ad00000, 0x000000008ae00000|  0%| F|  |TAMS 0x000000008ad00000, 0x000000008ad00000| Untracked 
| 174|0x000000008ae00000, 0x000000008ae00000, 0x000000008af00000|  0%| F|  |TAMS 0x000000008ae00000, 0x000000008ae00000| Untracked 
| 175|0x000000008af00000, 0x000000008af00000, 0x000000008b000000|  0%| F|  |TAMS 0x000000008af00000, 0x000000008af00000| Untracked 
| 176|0x000000008b000000, 0x000000008b000000, 0x000000008b100000|  0%| F|  |TAMS 0x000000008b000000, 0x000000008b000000| Untracked 
| 177|0x000000008b100000, 0x000000008b100000, 0x000000008b200000|  0%| F|  |TAMS 0x000000008b100000, 0x000000008b100000| Untracked 
| 178|0x000000008b200000, 0x000000008b200000, 0x000000008b300000|  0%| F|  |TAMS 0x000000008b200000, 0x000000008b200000| Untracked 
| 179|0x000000008b300000, 0x000000008b300000, 0x000000008b400000|  0%| F|  |TAMS 0x000000008b300000, 0x000000008b300000| Untracked 
| 180|0x000000008b400000, 0x000000008b400000, 0x000000008b500000|  0%| F|  |TAMS 0x000000008b400000, 0x000000008b400000| Untracked 
| 181|0x000000008b500000, 0x000000008b500000, 0x000000008b600000|  0%| F|  |TAMS 0x000000008b500000, 0x000000008b500000| Untracked 
| 182|0x000000008b600000, 0x000000008b600000, 0x000000008b700000|  0%| F|  |TAMS 0x000000008b600000, 0x000000008b600000| Untracked 
| 183|0x000000008b700000, 0x000000008b700000, 0x000000008b800000|  0%| F|  |TAMS 0x000000008b700000, 0x000000008b700000| Untracked 
| 184|0x000000008b800000, 0x000000008b800000, 0x000000008b900000|  0%| F|  |TAMS 0x000000008b800000, 0x000000008b800000| Untracked 
| 185|0x000000008b900000, 0x000000008b900000, 0x000000008ba00000|  0%| F|  |TAMS 0x000000008b900000, 0x000000008b900000| Untracked 
| 186|0x000000008ba00000, 0x000000008ba00000, 0x000000008bb00000|  0%| F|  |TAMS 0x000000008ba00000, 0x000000008ba00000| Untracked 
| 187|0x000000008bb00000, 0x000000008bb00000, 0x000000008bc00000|  0%| F|  |TAMS 0x000000008bb00000, 0x000000008bb00000| Untracked 
| 188|0x000000008bc00000, 0x000000008bc00000, 0x000000008bd00000|  0%| F|  |TAMS 0x000000008bc00000, 0x000000008bc00000| Untracked 
| 189|0x000000008bd00000, 0x000000008bd00000, 0x000000008be00000|  0%| F|  |TAMS 0x000000008bd00000, 0x000000008bd00000| Untracked 
| 190|0x000000008be00000, 0x000000008be00000, 0x000000008bf00000|  0%| F|  |TAMS 0x000000008be00000, 0x000000008be00000| Untracked 
| 191|0x000000008bf00000, 0x000000008bf00000, 0x000000008c000000|  0%| F|  |TAMS 0x000000008bf00000, 0x000000008bf00000| Untracked 
| 192|0x000000008c000000, 0x000000008c000000, 0x000000008c100000|  0%| F|  |TAMS 0x000000008c000000, 0x000000008c000000| Untracked 
| 193|0x000000008c100000, 0x000000008c100000, 0x000000008c200000|  0%| F|  |TAMS 0x000000008c100000, 0x000000008c100000| Untracked 
| 194|0x000000008c200000, 0x000000008c200000, 0x000000008c300000|  0%| F|  |TAMS 0x000000008c200000, 0x000000008c200000| Untracked 
| 195|0x000000008c300000, 0x000000008c300000, 0x000000008c400000|  0%| F|  |TAMS 0x000000008c300000, 0x000000008c300000| Untracked 
| 196|0x000000008c400000, 0x000000008c400000, 0x000000008c500000|  0%| F|  |TAMS 0x000000008c400000, 0x000000008c400000| Untracked 
| 197|0x000000008c500000, 0x000000008c500000, 0x000000008c600000|  0%| F|  |TAMS 0x000000008c500000, 0x000000008c500000| Untracked 
| 198|0x000000008c600000, 0x000000008c600000, 0x000000008c700000|  0%| F|  |TAMS 0x000000008c600000, 0x000000008c600000| Untracked 
| 199|0x000000008c700000, 0x000000008c700000, 0x000000008c800000|  0%| F|  |TAMS 0x000000008c700000, 0x000000008c700000| Untracked 
| 200|0x000000008c800000, 0x000000008c800000, 0x000000008c900000|  0%| F|  |TAMS 0x000000008c800000, 0x000000008c800000| Untracked 
| 201|0x000000008c900000, 0x000000008c900000, 0x000000008ca00000|  0%| F|  |TAMS 0x000000008c900000, 0x000000008c900000| Untracked 
| 202|0x000000008ca00000, 0x000000008ca00000, 0x000000008cb00000|  0%| F|  |TAMS 0x000000008ca00000, 0x000000008ca00000| Untracked 
| 203|0x000000008cb00000, 0x000000008cb00000, 0x000000008cc00000|  0%| F|  |TAMS 0x000000008cb00000, 0x000000008cb00000| Untracked 
| 204|0x000000008cc00000, 0x000000008cc00000, 0x000000008cd00000|  0%| F|  |TAMS 0x000000008cc00000, 0x000000008cc00000| Untracked 
| 205|0x000000008cd00000, 0x000000008cd00000, 0x000000008ce00000|  0%| F|  |TAMS 0x000000008cd00000, 0x000000008cd00000| Untracked 
| 206|0x000000008ce00000, 0x000000008ce00000, 0x000000008cf00000|  0%| F|  |TAMS 0x000000008ce00000, 0x000000008ce00000| Untracked 
| 207|0x000000008cf00000, 0x000000008cf00000, 0x000000008d000000|  0%| F|  |TAMS 0x000000008cf00000, 0x000000008cf00000| Untracked 
| 208|0x000000008d000000, 0x000000008d000000, 0x000000008d100000|  0%| F|  |TAMS 0x000000008d000000, 0x000000008d000000| Untracked 
| 209|0x000000008d100000, 0x000000008d100000, 0x000000008d200000|  0%| F|  |TAMS 0x000000008d100000, 0x000000008d100000| Untracked 
| 210|0x000000008d200000, 0x000000008d200000, 0x000000008d300000|  0%| F|  |TAMS 0x000000008d200000, 0x000000008d200000| Untracked 
| 211|0x000000008d300000, 0x000000008d300000, 0x000000008d400000|  0%| F|  |TAMS 0x000000008d300000, 0x000000008d300000| Untracked 
| 212|0x000000008d400000, 0x000000008d400000, 0x000000008d500000|  0%| F|  |TAMS 0x000000008d400000, 0x000000008d400000| Untracked 
| 213|0x000000008d500000, 0x000000008d500000, 0x000000008d600000|  0%| F|  |TAMS 0x000000008d500000, 0x000000008d500000| Untracked 
| 214|0x000000008d600000, 0x000000008d600000, 0x000000008d700000|  0%| F|  |TAMS 0x000000008d600000, 0x000000008d600000| Untracked 
| 215|0x000000008d700000, 0x000000008d700000, 0x000000008d800000|  0%| F|  |TAMS 0x000000008d700000, 0x000000008d700000| Untracked 
| 216|0x000000008d800000, 0x000000008d800000, 0x000000008d900000|  0%| F|  |TAMS 0x000000008d800000, 0x000000008d800000| Untracked 
| 217|0x000000008d900000, 0x000000008d900000, 0x000000008da00000|  0%| F|  |TAMS 0x000000008d900000, 0x000000008d900000| Untracked 
| 218|0x000000008da00000, 0x000000008da00000, 0x000000008db00000|  0%| F|  |TAMS 0x000000008da00000, 0x000000008da00000| Untracked 
| 219|0x000000008db00000, 0x000000008db00000, 0x000000008dc00000|  0%| F|  |TAMS 0x000000008db00000, 0x000000008db00000| Untracked 
| 220|0x000000008dc00000, 0x000000008dc00000, 0x000000008dd00000|  0%| F|  |TAMS 0x000000008dc00000, 0x000000008dc00000| Untracked 
| 221|0x000000008dd00000, 0x000000008dd00000, 0x000000008de00000|  0%| F|  |TAMS 0x000000008dd00000, 0x000000008dd00000| Untracked 
| 222|0x000000008de00000, 0x000000008de00000, 0x000000008df00000|  0%| F|  |TAMS 0x000000008de00000, 0x000000008de00000| Untracked 
| 223|0x000000008df00000, 0x000000008df00000, 0x000000008e000000|  0%| F|  |TAMS 0x000000008df00000, 0x000000008df00000| Untracked 
| 224|0x000000008e000000, 0x000000008e000000, 0x000000008e100000|  0%| F|  |TAMS 0x000000008e000000, 0x000000008e000000| Untracked 
| 225|0x000000008e100000, 0x000000008e100000, 0x000000008e200000|  0%| F|  |TAMS 0x000000008e100000, 0x000000008e100000| Untracked 
| 226|0x000000008e200000, 0x000000008e200000, 0x000000008e300000|  0%| F|  |TAMS 0x000000008e200000, 0x000000008e200000| Untracked 
| 227|0x000000008e300000, 0x000000008e300000, 0x000000008e400000|  0%| F|  |TAMS 0x000000008e300000, 0x000000008e300000| Untracked 
| 228|0x000000008e400000, 0x000000008e400000, 0x000000008e500000|  0%| F|  |TAMS 0x000000008e400000, 0x000000008e400000| Untracked 
| 229|0x000000008e500000, 0x000000008e500000, 0x000000008e600000|  0%| F|  |TAMS 0x000000008e500000, 0x000000008e500000| Untracked 
| 230|0x000000008e600000, 0x000000008e600000, 0x000000008e700000|  0%| F|  |TAMS 0x000000008e600000, 0x000000008e600000| Untracked 
| 231|0x000000008e700000, 0x000000008e700000, 0x000000008e800000|  0%| F|  |TAMS 0x000000008e700000, 0x000000008e700000| Untracked 
| 232|0x000000008e800000, 0x000000008e800000, 0x000000008e900000|  0%| F|  |TAMS 0x000000008e800000, 0x000000008e800000| Untracked 
| 233|0x000000008e900000, 0x000000008e900000, 0x000000008ea00000|  0%| F|  |TAMS 0x000000008e900000, 0x000000008e900000| Untracked 
| 234|0x000000008ea00000, 0x000000008ea00000, 0x000000008eb00000|  0%| F|  |TAMS 0x000000008ea00000, 0x000000008ea00000| Untracked 
| 235|0x000000008eb00000, 0x000000008eb00000, 0x000000008ec00000|  0%| F|  |TAMS 0x000000008eb00000, 0x000000008eb00000| Untracked 
| 236|0x000000008ec00000, 0x000000008ec00000, 0x000000008ed00000|  0%| F|  |TAMS 0x000000008ec00000, 0x000000008ec00000| Untracked 
| 237|0x000000008ed00000, 0x000000008ed00000, 0x000000008ee00000|  0%| F|  |TAMS 0x000000008ed00000, 0x000000008ed00000| Untracked 
| 238|0x000000008ee00000, 0x000000008ee00000, 0x000000008ef00000|  0%| F|  |TAMS 0x000000008ee00000, 0x000000008ee00000| Untracked 
| 239|0x000000008ef00000, 0x000000008ef00000, 0x000000008f000000|  0%| F|  |TAMS 0x000000008ef00000, 0x000000008ef00000| Untracked 
| 240|0x000000008f000000, 0x000000008f000000, 0x000000008f100000|  0%| F|  |TAMS 0x000000008f000000, 0x000000008f000000| Untracked 
| 241|0x000000008f100000, 0x000000008f100000, 0x000000008f200000|  0%| F|  |TAMS 0x000000008f100000, 0x000000008f100000| Untracked 
| 242|0x000000008f200000, 0x000000008f200000, 0x000000008f300000|  0%| F|  |TAMS 0x000000008f200000, 0x000000008f200000| Untracked 
| 243|0x000000008f300000, 0x000000008f300000, 0x000000008f400000|  0%| F|  |TAMS 0x000000008f300000, 0x000000008f300000| Untracked 
| 244|0x000000008f400000, 0x000000008f400000, 0x000000008f500000|  0%| F|  |TAMS 0x000000008f400000, 0x000000008f400000| Untracked 
| 245|0x000000008f500000, 0x000000008f500000, 0x000000008f600000|  0%| F|  |TAMS 0x000000008f500000, 0x000000008f500000| Untracked 
| 246|0x000000008f600000, 0x000000008f600000, 0x000000008f700000|  0%| F|  |TAMS 0x000000008f600000, 0x000000008f600000| Untracked 
| 247|0x000000008f700000, 0x000000008f700000, 0x000000008f800000|  0%| F|  |TAMS 0x000000008f700000, 0x000000008f700000| Untracked 
| 248|0x000000008f800000, 0x000000008f800000, 0x000000008f900000|  0%| F|  |TAMS 0x000000008f800000, 0x000000008f800000| Untracked 
| 249|0x000000008f900000, 0x000000008f900800, 0x000000008fa00000|  0%| E|  |TAMS 0x000000008f900000, 0x000000008f900000| Complete 
| 250|0x000000008fa00000, 0x000000008fb00000, 0x000000008fb00000|100%| E|CS|TAMS 0x000000008fa00000, 0x000000008fa00000| Complete 
| 251|0x000000008fb00000, 0x000000008fc00000, 0x000000008fc00000|100%| E|CS|TAMS 0x000000008fb00000, 0x000000008fb00000| Complete 

Card table byte_map: [0x0000016d77640000,0x0000016d77a40000] _byte_map_base: 0x0000016d77240000

Marking Bits (Prev, Next): (CMBitMap*) 0x0000016d5f247898, (CMBitMap*) 0x0000016d5f2478d8
 Prev Bits: [0x0000016d77e40000, 0x0000016d79e40000)
 Next Bits: [0x0000016d79e40000, 0x0000016d7be40000)

Polling page: 0x0000016d5d130000

Metaspace:

Usage:
  Non-class:     17.35 MB capacity,    16.93 MB ( 98%) used,   377.70 KB (  2%) free+waste,    50.25 KB ( <1%) overhead. 
      Class:      3.19 MB capacity,     2.95 MB ( 93%) used,   217.09 KB (  7%) free+waste,    27.81 KB ( <1%) overhead. 
       Both:     20.54 MB capacity,    19.88 MB ( 97%) used,   594.78 KB (  3%) free+waste,    78.06 KB ( <1%) overhead. 

Virtual space:
  Non-class space:       18.00 MB reserved,      17.50 MB ( 97%) committed 
      Class space:      504.00 MB reserved,       3.25 MB ( <1%) committed 
             Both:      522.00 MB reserved,      20.75 MB (  4%) committed 

Chunk freelists:
   Non-Class:  29.00 KB
       Class:  29.00 KB
        Both:  58.00 KB

MaxMetaspaceSize: 512.00 MB
CompressedClassSpaceSize: 504.00 MB

CodeHeap 'non-profiled nmethods': size=119168Kb used=1487Kb max_used=1487Kb free=117680Kb
 bounds [0x0000016d6f540000, 0x0000016d6f7b0000, 0x0000016d769a0000]
CodeHeap 'profiled nmethods': size=119104Kb used=5947Kb max_used=5947Kb free=113156Kb
 bounds [0x0000016d680f0000, 0x0000016d686c0000, 0x0000016d6f540000]
CodeHeap 'non-nmethods': size=7488Kb used=2956Kb max_used=3031Kb free=4531Kb
 bounds [0x0000016d679a0000, 0x0000016d67ca0000, 0x0000016d680f0000]
 total_blobs=3155 nmethods=2629 adapters=434
 compilation: enabled
              stopped_count=0, restarted_count=0
 full_count=0

Compilation events (20 events):
Event: 1.787 Thread 0x0000016d00b02800 2589       3       com.google.common.collect.Iterators::forArray (51 bytes)
Event: 1.787 Thread 0x0000016d0136b800 2590       3       com.google.common.base.Preconditions::checkPositionIndexes (29 bytes)
Event: 1.787 Thread 0x0000016d7edfd000 2591       3       com.google.common.collect.RegularImmutableSet::iterator (8 bytes)
Event: 1.787 Thread 0x0000016d7f7a3800 nmethod 2588 0x0000016d686a4b90 code [0x0000016d686a4d40, 0x0000016d686a4f28]
Event: 1.787 Thread 0x0000016d7edfd000 nmethod 2591 0x0000016d686a5010 code [0x0000016d686a51c0, 0x0000016d686a5388]
Event: 1.787 Thread 0x0000016d0136b800 nmethod 2590 0x0000016d686a5490 code [0x0000016d686a5640, 0x0000016d686a58d8]
Event: 1.787 Thread 0x0000016d7f7a3800 2592       3       com.google.common.collect.Iterators::forArray (9 bytes)
Event: 1.787 Thread 0x0000016d7f7a3800 nmethod 2592 0x0000016d686a5a10 code [0x0000016d686a5bc0, 0x0000016d686a5ce8]
Event: 1.787 Thread 0x0000016d00b02800 nmethod 2589 0x0000016d686a5d90 code [0x0000016d686a6000, 0x0000016d686a6b98]
Event: 1.788 Thread 0x0000016d00b02800 2593       3       org.objectweb.asm.Frame::getInputStackSize (6 bytes)
Event: 1.788 Thread 0x0000016d00b02800 nmethod 2593 0x0000016d686a7090 code [0x0000016d686a7220, 0x0000016d686a7358]
Event: 1.788 Thread 0x0000016d00b02800 2594       3       org.objectweb.asm.Label::getCanonicalInstance (19 bytes)
Event: 1.788 Thread 0x0000016d00b02800 nmethod 2594 0x0000016d686a7410 code [0x0000016d686a75a0, 0x0000016d686a7718]
Event: 1.788 Thread 0x0000016d7edfd000 2595       3       org.objectweb.asm.Type::appendDescriptor (90 bytes)
Event: 1.788 Thread 0x0000016d7edfd000 nmethod 2595 0x0000016d686a7810 code [0x0000016d686a7a20, 0x0000016d686a7f28]
Event: 1.788 Thread 0x0000016d0136b800 2596       3       org.objectweb.asm.Handler::getExceptionTableSize (10 bytes)
Event: 1.788 Thread 0x0000016d7edfd000 2597       1       org.objectweb.asm.MethodWriter::hasAsmInstructions (5 bytes)
Event: 1.788 Thread 0x0000016d7edfd000 nmethod 2597 0x0000016d6f6b1410 code [0x0000016d6f6b15a0, 0x0000016d6f6b1678]
Event: 1.788 Thread 0x0000016d0136b800 nmethod 2596 0x0000016d686a8190 code [0x0000016d686a8340, 0x0000016d686a8538]
Event: 1.790 Thread 0x0000016d7f8f0000 2598       4       java.lang.Class::getPackageName (82 bytes)

GC Heap History (4 events):
Event: 0.399 GC heap before
{Heap before GC invocations=0 (full 0):
 garbage-first heap   total 258048K, used 28672K [0x0000000080000000, 0x0000000100000000)
  region size 1024K, 23 young (23552K), 0 survivors (0K)
 Metaspace       used 3129K, capacity 6048K, committed 6144K, reserved 524288K
  class space    used 400K, capacity 700K, committed 768K, reserved 516096K
}
Event: 0.402 GC heap after
{Heap after GC invocations=1 (full 0):
 garbage-first heap   total 258048K, used 9038K [0x0000000080000000, 0x0000000100000000)
  region size 1024K, 3 young (3072K), 3 survivors (3072K)
 Metaspace       used 3129K, capacity 6048K, committed 6144K, reserved 524288K
  class space    used 400K, capacity 700K, committed 768K, reserved 516096K
}
Event: 0.660 GC heap before
{Heap before GC invocations=1 (full 0):
 garbage-first heap   total 258048K, used 37710K [0x0000000080000000, 0x0000000100000000)
  region size 1024K, 31 young (31744K), 3 survivors (3072K)
 Metaspace       used 4311K, capacity 6749K, committed 7040K, reserved 524288K
  class space    used 529K, capacity 806K, committed 896K, reserved 516096K
}
Event: 0.662 GC heap after
{Heap after GC invocations=2 (full 0):
 garbage-first heap   total 258048K, used 9923K [0x0000000080000000, 0x0000000100000000)
  region size 1024K, 1 young (1024K), 1 survivors (1024K)
 Metaspace       used 4311K, capacity 6749K, committed 7040K, reserved 524288K
  class space    used 529K, capacity 806K, committed 896K, reserved 516096K
}

Deoptimization events (20 events):
Event: 1.451 Thread 0x0000016d01e52800 Uncommon trap: trap_request=0xffffff45 fr.pc=0x0000016d6f57e388 relative=0x00000000000002e8
Event: 1.451 Thread 0x0000016d01e52800 Uncommon trap: reason=unstable_if action=reinterpret pc=0x0000016d6f57e388 method=java.util.HashMap.getNode(ILjava/lang/Object;)Ljava/util/HashMap$Node; @ 62 c2
Event: 1.451 Thread 0x0000016d01e52800 DEOPT PACKING pc=0x0000016d6f57e388 sp=0x00000062c61fa710
Event: 1.451 Thread 0x0000016d01e52800 DEOPT UNPACKING pc=0x0000016d679a852f sp=0x00000062c61fa6a8 mode 2
Event: 1.462 Thread 0x0000016d01e52800 Uncommon trap: trap_request=0xffffff45 fr.pc=0x0000016d6f5b3a04 relative=0x00000000000003e4
Event: 1.462 Thread 0x0000016d01e52800 Uncommon trap: reason=unstable_if action=reinterpret pc=0x0000016d6f5b3a04 method=java.util.concurrent.ConcurrentHashMap.get(Ljava/lang/Object;)Ljava/lang/Object; @ 76 c2
Event: 1.462 Thread 0x0000016d01e52800 DEOPT PACKING pc=0x0000016d6f5b3a04 sp=0x00000062c61f9d10
Event: 1.462 Thread 0x0000016d01e52800 DEOPT UNPACKING pc=0x0000016d679a852f sp=0x00000062c61f9c88 mode 2
Event: 1.592 Thread 0x0000016d01e52800 DEOPT PACKING pc=0x0000016d6863cad8 sp=0x00000062c61f84d0
Event: 1.592 Thread 0x0000016d01e52800 DEOPT UNPACKING pc=0x0000016d679e83de sp=0x00000062c61f79f0 mode 0
Event: 1.593 Thread 0x0000016d01e52800 DEOPT PACKING pc=0x0000016d6863cad8 sp=0x00000062c61f84d0
Event: 1.593 Thread 0x0000016d01e52800 DEOPT UNPACKING pc=0x0000016d679e83de sp=0x00000062c61f79f0 mode 0
Event: 1.646 Thread 0x0000016d01e52800 Uncommon trap: trap_request=0xffffff76 fr.pc=0x0000016d6f685e18 relative=0x0000000000000198
Event: 1.646 Thread 0x0000016d01e52800 Uncommon trap: reason=predicate action=maybe_recompile pc=0x0000016d6f685e18 method=com.google.common.base.CharMatcher.indexIn(Ljava/lang/CharSequence;I)I @ 19 c2
Event: 1.646 Thread 0x0000016d01e52800 DEOPT PACKING pc=0x0000016d6f685e18 sp=0x00000062c61fb1f0
Event: 1.646 Thread 0x0000016d01e52800 DEOPT UNPACKING pc=0x0000016d679a852f sp=0x00000062c61fb180 mode 2
Event: 1.691 Thread 0x0000016d01e52800 Uncommon trap: trap_request=0xffffffc6 fr.pc=0x0000016d6f5d96ac relative=0x000000000000106c
Event: 1.691 Thread 0x0000016d01e52800 Uncommon trap: reason=bimorphic_or_optimized_type_check action=maybe_recompile pc=0x0000016d6f5d96ac method=java.util.Properties$LineReader.readLine()I @ 479 c2
Event: 1.691 Thread 0x0000016d01e52800 DEOPT PACKING pc=0x0000016d6f5d96ac sp=0x00000062c61fae20
Event: 1.691 Thread 0x0000016d01e52800 DEOPT UNPACKING pc=0x0000016d679a852f sp=0x00000062c61fadb0 mode 2

Classes unloaded (0 events):
No events

Classes redefined (0 events):
No events

Internal exceptions (20 events):
Event: 1.311 Thread 0x0000016d01e52800 Exception <a 'java/lang/NoSuchMethodError'{0x000000008af85a68}: 'java.lang.Object java.lang.invoke.DirectMethodHandle$Holder.invokeInterface(java.lang.Object, java.lang.Object, java.lang.Object)'> (0x000000008af85a68) 
thrown [./open/src/hotspot/share/interpreter/linkResolver.cpp, line 766]
Event: 1.311 Thread 0x0000016d01e52800 Exception <a 'java/lang/IncompatibleClassChangeError'{0x000000008af88c18}: Found class java.lang.Object, but interface was expected> (0x000000008af88c18) 
thrown [./open/src/hotspot/share/interpreter/linkResolver.cpp, line 832]
Event: 1.337 Thread 0x0000016d01e52800 Exception <a 'java/lang/NoSuchMethodError'{0x000000008abbd9d8}: 'java.lang.Object java.lang.invoke.Invokers$Holder.invokeExact_MT(java.lang.Object, java.lang.Object, java.lang.Object, java.lang.Object, java.lang.Object, java.lang.Object)'> (0x000000008abbd9d8) 
thrown [./open/src/hotspot/share/interpreter/linkResolver.cpp, line 766]
Event: 1.365 Thread 0x0000016d01e52800 Exception <a 'java/lang/NoSuchMethodError'{0x000000008a8f8fd0}: 'void java.lang.invoke.DirectMethodHandle$Holder.invokeSpecial(java.lang.Object, java.lang.Object, java.lang.Object, java.lang.Object, java.lang.Object)'> (0x000000008a8f8fd0) 
thrown [./open/src/hotspot/share/interpreter/linkResolver.cpp, line 766]
Event: 1.382 Thread 0x0000016d01e52800 Exception <a 'java/lang/NoSuchMethodError'{0x000000008a57af28}: 'java.lang.Object java.lang.invoke.DirectMethodHandle$Holder.invokeSpecial(java.lang.Object, java.lang.Object, java.lang.Object, java.lang.Object, java.lang.Object, java.lang.Object, java.lang.Object, java.lang.Object, java.lang.Object)'> (0x000000008a57af28) 
thrown [./open/src/hotspot/share/interpreter/linkResolver.cpp, line 766]
Event: 1.430 Thread 0x0000016d01e52800 Exception <a 'java/lang/NoSuchMethodError'{0x0000000089a771b8}: 'java.lang.Object java.lang.invoke.DirectMethodHandle$Holder.invokeVirtual(java.lang.Object, java.lang.Object, java.lang.Object, java.lang.Object)'> (0x0000000089a771b8) 
thrown [./open/src/hotspot/share/interpreter/linkResolver.cpp, line 766]
Event: 1.491 Thread 0x0000016d01e52800 Exception <a 'java/lang/NoSuchMethodError'{0x00000000893a60f8}: 'void java.lang.invoke.DirectMethodHandle$Holder.invokeSpecial(java.lang.Object, java.lang.Object, java.lang.Object, java.lang.Object, java.lang.Object, java.lang.Object)'> (0x00000000893a60f8) 
thrown [./open/src/hotspot/share/interpreter/linkResolver.cpp, line 766]
Event: 1.493 Thread 0x0000016d01e52800 Exception <a 'java/lang/NoSuchMethodError'{0x00000000893ed840}: 'java.lang.Object java.lang.invoke.Invokers$Holder.linkToTargetMethod(java.lang.Object, java.lang.Object, java.lang.Object, java.lang.Object, java.lang.Object, java.lang.Object, java.lang.Object)'> (0x00000000893ed840) 
thrown [./open/src/hotspot/share/interpreter/linkResolver.cpp, line 766]
Event: 1.503 Thread 0x0000016d01e52800 Exception <a 'java/lang/NoSuchMethodError'{0x00000000892ef278}: 'void java.lang.invoke.DirectMethodHandle$Holder.invokeSpecial(java.lang.Object, java.lang.Object, java.lang.Object, java.lang.Object, java.lang.Object, java.lang.Object, java.lang.Object)'> (0x00000000892ef278) 
thrown [./open/src/hotspot/share/interpreter/linkResolver.cpp, line 766]
Event: 1.505 Thread 0x0000016d01e52800 Exception <a 'java/lang/NoSuchMethodError'{0x0000000089134578}: 'java.lang.Object java.lang.invoke.DirectMethodHandle$Holder.invokeStatic(java.lang.Object, java.lang.Object, java.lang.Object, int, java.lang.Object, java.lang.Object)'> (0x0000000089134578) 
thrown [./open/src/hotspot/share/interpreter/linkResolver.cpp, line 766]
Event: 1.505 Thread 0x0000016d01e52800 Exception <a 'java/lang/NoSuchMethodError'{0x000000008913b1f8}: 'java.lang.Object java.lang.invoke.Invokers$Holder.linkToTargetMethod(java.lang.Object, java.lang.Object, int, java.lang.Object, java.lang.Object, java.lang.Object)'> (0x000000008913b1f8) 
thrown [./open/src/hotspot/share/interpreter/linkResolver.cpp, line 766]
Event: 1.523 Thread 0x0000016d01e52800 Exception <a 'java/lang/NoSuchMethodError'{0x00000000890f53b8}: 'java.lang.Object java.lang.invoke.DirectMethodHandle$Holder.invokeVirtual(java.lang.Object, java.lang.Object, java.lang.Object, java.lang.Object, java.lang.Object, java.lang.Object, java.lang.Object, java.lang.Object, java.lang.Object, java.lang.Object, java.lang.Object, java.lang.Object, java.lang.Object, java.lang.Object, java.lang.Object, java.lang.Object, java.lang.Object, java.lang.Object, java.lang.Object, java.lang.Object, java.lang.Ob
Event: 1.566 Thread 0x0000016d01e52800 Exception <a 'java/lang/NoSuchMethodError'{0x00000000887d3f20}: 'int java.lang.invoke.DirectMethodHandle$Holder.invokeStaticInit(java.lang.Object, java.lang.Object, java.lang.Object)'> (0x00000000887d3f20) 
thrown [./open/src/hotspot/share/interpreter/linkResolver.cpp, line 766]
Event: 1.610 Thread 0x0000016d01e52800 Exception <a 'java/lang/NoSuchMethodError'{0x0000000088284028}: 'void java.lang.invoke.DirectMethodHandle$Holder.invokeStaticInit(java.lang.Object, java.lang.Object)'> (0x0000000088284028) 
thrown [./open/src/hotspot/share/interpreter/linkResolver.cpp, line 766]
Event: 1.668 Thread 0x0000016d01e52800 Exception <a 'java/lang/NoSuchMethodError'{0x0000000087b27ee8}: 'void java.lang.invoke.DirectMethodHandle$Holder.invokeStatic(java.lang.Object, java.lang.Object, java.lang.Object, java.lang.Object)'> (0x0000000087b27ee8) 
thrown [./open/src/hotspot/share/interpreter/linkResolver.cpp, line 766]
Event: 1.670 Thread 0x0000016d01e52800 Exception <a 'java/lang/NoSuchMethodError'{0x0000000087b46a88}: 'int java.lang.invoke.DirectMethodHandle$Holder.invokeVirtual(java.lang.Object, java.lang.Object)'> (0x0000000087b46a88) 
thrown [./open/src/hotspot/share/interpreter/linkResolver.cpp, line 766]
Event: 1.672 Thread 0x0000016d01e52800 Exception <a 'java/lang/NoSuchMethodError'{0x0000000087b5ece8}: 'java.lang.Object java.lang.invoke.DirectMethodHandle$Holder.invokeVirtual(java.lang.Object, java.lang.Object, java.lang.Object)'> (0x0000000087b5ece8) 
thrown [./open/src/hotspot/share/interpreter/linkResolver.cpp, line 766]
Event: 1.674 Thread 0x0000016d01e52800 Exception <a 'java/lang/NoSuchMethodError'{0x0000000087a03670}: 'int java.lang.invoke.DirectMethodHandle$Holder.invokeVirtual(java.lang.Object, java.lang.Object, java.lang.Object)'> (0x0000000087a03670) 
thrown [./open/src/hotspot/share/interpreter/linkResolver.cpp, line 766]
Event: 1.688 Thread 0x0000016d01e52800 Exception <a 'java/lang/NoSuchMethodError'{0x00000000879992f8}: 'void java.lang.invoke.DirectMethodHandle$Holder.invokeSpecial(java.lang.Object, java.lang.Object)'> (0x00000000879992f8) 
thrown [./open/src/hotspot/share/interpreter/linkResolver.cpp, line 766]
Event: 1.766 Thread 0x0000016d01e52800 Exception <a 'java/lang/NoSuchMethodError'{0x0000000086a5e3f0}: 'java.lang.Object java.lang.invoke.DirectMethodHandle$Holder.invokeSpecialIFC(java.lang.Object, java.lang.Object, java.lang.Object, java.lang.Object)'> (0x0000000086a5e3f0) 
thrown [./open/src/hotspot/share/interpreter/linkResolver.cpp, line 766]

Events (20 events):
Event: 1.658 loading class java/util/stream/ForEachOps$ForEachOp$OfRef
Event: 1.658 loading class java/util/stream/ForEachOps$ForEachOp
Event: 1.658 loading class java/util/stream/ForEachOps$ForEachOp done
Event: 1.658 loading class java/util/stream/ForEachOps$ForEachOp$OfRef done
Event: 1.664 Thread 0x0000016d01b15000 Thread added: 0x0000016d01b15000
Event: 1.664 loading class java/util/concurrent/locks/AbstractQueuedSynchronizer$SharedNode
Event: 1.664 loading class java/util/concurrent/locks/AbstractQueuedSynchronizer$SharedNode done
Event: 1.668 loading class java/io/InterruptedIOException
Event: 1.668 loading class java/io/InterruptedIOException done
Event: 1.669 Executing VM operation: HandshakeOneThread
Event: 1.669 Executing VM operation: HandshakeOneThread done
Event: 1.669 Thread 0x0000016d01b11000 Thread added: 0x0000016d01b11000
Event: 1.670 Executing VM operation: HandshakeOneThread
Event: 1.670 Executing VM operation: HandshakeOneThread done
Event: 1.674 loading class java/util/ArrayDeque$DeqSpliterator
Event: 1.674 loading class java/util/ArrayDeque$DeqSpliterator done
Event: 1.746 Executing VM operation: HandshakeAllThreads
Event: 1.746 Executing VM operation: HandshakeAllThreads done
Event: 1.761 Thread 0x0000016d01b13800 Thread added: 0x0000016d01b13800
Event: 1.780 Thread 0x0000016d0616b000 Thread added: 0x0000016d0616b000


Dynamic libraries:
0x00007ff649720000 - 0x00007ff64972f000 	C:\Program Files\Java\jdk-14.0.2\bin\java.exe
0x00007ffa9e490000 - 0x00007ffa9e6a4000 	C:\WINDOWS\SYSTEM32\ntdll.dll
0x00007ffa9c250000 - 0x00007ffa9c314000 	C:\WINDOWS\System32\KERNEL32.DLL
0x00007ffa9bd10000 - 0x00007ffa9c0b4000 	C:\WINDOWS\System32\KERNELBASE.dll
0x00007ffa9bbc0000 - 0x00007ffa9bcd1000 	C:\WINDOWS\System32\ucrtbase.dll
0x00007ffa97f20000 - 0x00007ffa97f35000 	C:\Program Files\Java\jdk-14.0.2\bin\VCRUNTIME140.dll
0x00007ffa98710000 - 0x00007ffa98728000 	C:\Program Files\Java\jdk-14.0.2\bin\jli.dll
0x00007ffa9cc60000 - 0x00007ffa9cd10000 	C:\WINDOWS\System32\ADVAPI32.dll
0x00007ffa9d6c0000 - 0x00007ffa9d767000 	C:\WINDOWS\System32\msvcrt.dll
0x00007ffa9c3a0000 - 0x00007ffa9c446000 	C:\WINDOWS\System32\sechost.dll
0x00007ffa9db00000 - 0x00007ffa9dc17000 	C:\WINDOWS\System32\RPCRT4.dll
0x00007ffa9ca90000 - 0x00007ffa9cc3a000 	C:\WINDOWS\System32\USER32.dll
0x00007ffa9bce0000 - 0x00007ffa9bd06000 	C:\WINDOWS\System32\win32u.dll
0x00007ffa74f30000 - 0x00007ffa751bf000 	C:\WINDOWS\WinSxS\amd64_microsoft.windows.common-controls_6595b64144ccf1df_6.0.22621.2070_none_2713e6537381f706\COMCTL32.dll
0x00007ffa9ca60000 - 0x00007ffa9ca89000 	C:\WINDOWS\System32\GDI32.dll
0x00007ffa9c130000 - 0x00007ffa9c249000 	C:\WINDOWS\System32\gdi32full.dll
0x00007ffa9b9e0000 - 0x00007ffa9ba7a000 	C:\WINDOWS\System32\msvcp_win.dll
0x00007ffa94ae0000 - 0x00007ffa94aea000 	C:\WINDOWS\SYSTEM32\VERSION.dll
0x00007ffa9e410000 - 0x00007ffa9e441000 	C:\WINDOWS\System32\IMM32.DLL
0x00007ffa59220000 - 0x00007ffa592bb000 	C:\Program Files\Java\jdk-14.0.2\bin\msvcp140.dll
0x00007ff9e2fc0000 - 0x00007ff9e3ade000 	C:\Program Files\Java\jdk-14.0.2\bin\server\jvm.dll
0x00007ffa9de00000 - 0x00007ffa9de08000 	C:\WINDOWS\System32\PSAPI.DLL
0x00007ffa97ee0000 - 0x00007ffa97ee9000 	C:\WINDOWS\SYSTEM32\WSOCK32.dll
0x00007ffa9c320000 - 0x00007ffa9c391000 	C:\WINDOWS\System32\WS2_32.dll
0x00007ffa94b70000 - 0x00007ffa94ba4000 	C:\WINDOWS\SYSTEM32\WINMM.dll
0x00007ffa9a910000 - 0x00007ffa9a928000 	C:\WINDOWS\SYSTEM32\kernel.appcore.dll
0x00007ffa97ed0000 - 0x00007ffa97eda000 	C:\Program Files\Java\jdk-14.0.2\bin\jimage.dll
0x00007ffa99220000 - 0x00007ffa9944e000 	C:\WINDOWS\SYSTEM32\DBGHELP.DLL
0x00007ffa9d770000 - 0x00007ffa9dafa000 	C:\WINDOWS\System32\combase.dll
0x00007ffa9e170000 - 0x00007ffa9e247000 	C:\WINDOWS\System32\OLEAUT32.dll
0x00007ffa812b0000 - 0x00007ffa812e2000 	C:\WINDOWS\SYSTEM32\dbgcore.DLL
0x00007ffa9bb40000 - 0x00007ffa9bbba000 	C:\WINDOWS\System32\bcryptPrimitives.dll
0x00007ffa60150000 - 0x00007ffa60175000 	C:\Program Files\Java\jdk-14.0.2\bin\java.dll
0x00007ffa60130000 - 0x00007ffa60146000 	C:\Program Files\Java\jdk-14.0.2\bin\zip.dll
0x00007ffa9cd10000 - 0x00007ffa9d526000 	C:\WINDOWS\System32\SHELL32.dll
0x00007ffa997f0000 - 0x00007ffa9a0da000 	C:\WINDOWS\SYSTEM32\windows.storage.dll
0x00007ffa996b0000 - 0x00007ffa997ee000 	C:\WINDOWS\SYSTEM32\wintypes.dll
0x00007ffa9dfd0000 - 0x00007ffa9e0c3000 	C:\WINDOWS\System32\SHCORE.dll
0x00007ffa9d660000 - 0x00007ffa9d6be000 	C:\WINDOWS\System32\shlwapi.dll
0x00007ffa9b7a0000 - 0x00007ffa9b7c6000 	C:\WINDOWS\SYSTEM32\profapi.dll
0x00007ffa5f7d0000 - 0x00007ffa5f7e9000 	C:\Program Files\Java\jdk-14.0.2\bin\net.dll
0x00007ffa94ee0000 - 0x00007ffa95017000 	C:\WINDOWS\SYSTEM32\WINHTTP.dll
0x00007ffa9ade0000 - 0x00007ffa9ae49000 	C:\WINDOWS\system32\mswsock.dll
0x00007ffa5f6d0000 - 0x00007ffa5f6e2000 	C:\Program Files\Java\jdk-14.0.2\bin\nio.dll
0x00007ffa95e90000 - 0x00007ffa95ea0000 	C:\Program Files\Java\jdk-14.0.2\bin\verify.dll
0x00007ffa95eb0000 - 0x00007ffa95ed7000 	C:\Users\Admin\.gradle\native\e1d6ef7f7dcc3fd88c89a11ec53ec762bb8ba0a96d01ffa2cd45eb1d1d8dd5c5\windows-amd64\native-platform.dll
0x00007ffa596a0000 - 0x00007ffa597e4000 	C:\Users\Admin\.gradle\native\0d407fdbe67a94daf76414ababcb853783967236a71b16ec16e742cd7a986fd3\windows-amd64\native-platform-file-events.dll
0x00007ffa602d0000 - 0x00007ffa602d9000 	C:\Program Files\Java\jdk-14.0.2\bin\management.dll
0x00007ffa5f7c0000 - 0x00007ffa5f7cb000 	C:\Program Files\Java\jdk-14.0.2\bin\management_ext.dll
0x00007ffa9b020000 - 0x00007ffa9b03b000 	C:\WINDOWS\SYSTEM32\CRYPTSP.dll
0x00007ffa9a880000 - 0x00007ffa9a8b5000 	C:\WINDOWS\system32\rsaenh.dll
0x00007ffa9aea0000 - 0x00007ffa9aecc000 	C:\WINDOWS\SYSTEM32\USERENV.dll
0x00007ffa9b210000 - 0x00007ffa9b238000 	C:\WINDOWS\SYSTEM32\bcrypt.dll
0x00007ffa9b040000 - 0x00007ffa9b04c000 	C:\WINDOWS\SYSTEM32\CRYPTBASE.dll
0x00007ffa9a380000 - 0x00007ffa9a3ad000 	C:\WINDOWS\SYSTEM32\IPHLPAPI.DLL
0x00007ffa9cc50000 - 0x00007ffa9cc59000 	C:\WINDOWS\System32\NSI.dll
0x00007ffa95130000 - 0x00007ffa95149000 	C:\WINDOWS\SYSTEM32\dhcpcsvc6.DLL
0x00007ffa94e30000 - 0x00007ffa94e4f000 	C:\WINDOWS\SYSTEM32\dhcpcsvc.DLL
0x00007ffa9a3b0000 - 0x00007ffa9a4a3000 	C:\WINDOWS\SYSTEM32\DNSAPI.dll

dbghelp: loaded successfully - version: 4.0.5 - missing functions: none
symbol engine: initialized successfully - sym options: 0x614 - pdb path: .;C:\Program Files\Java\jdk-14.0.2\bin;C:\WINDOWS\SYSTEM32;C:\WINDOWS\WinSxS\amd64_microsoft.windows.common-controls_6595b64144ccf1df_6.0.22621.2070_none_2713e6537381f706;C:\Program Files\Java\jdk-14.0.2\bin\server;C:\Users\Admin\.gradle\native\e1d6ef7f7dcc3fd88c89a11ec53ec762bb8ba0a96d01ffa2cd45eb1d1d8dd5c5\windows-amd64;C:\Users\Admin\.gradle\native\0d407fdbe67a94daf76414ababcb853783967236a71b16ec16e742cd7a986fd3\windows-amd64

VM Arguments:
jvm_args: -XX:MaxMetaspaceSize=512m --add-opens=java.base/java.util=ALL-UNNAMED --add-opens=java.base/java.lang=ALL-UNNAMED --add-opens=java.base/java.lang.invoke=ALL-UNNAMED --add-opens=java.base/java.util=ALL-UNNAMED --add-opens=java.prefs/java.util.prefs=ALL-UNNAMED --add-opens=java.prefs/java.util.prefs=ALL-UNNAMED --add-opens=java.base/java.nio.charset=ALL-UNNAMED --add-opens=java.base/java.net=ALL-UNNAMED --add-opens=java.base/java.util.concurrent.atomic=ALL-UNNAMED -Xmx2048m -Dfile.encoding=windows-1252 -Duser.country=US -Duser.language=en -Duser.variant 
java_command: org.gradle.launcher.daemon.bootstrap.GradleDaemon 7.5.1
java_class_path (initial): C:\Users\Admin\.gradle\wrapper\dists\gradle-7.5.1-all\1ehga6e77gqps5uk2kc5kf1vc\gradle-7.5.1\lib\gradle-launcher-7.5.1.jar
Launcher Type: SUN_STANDARD

[Global flags]
     intx CICompilerCount                          = 12                                        {product} {ergonomic}
   size_t CompressedClassSpaceSize                 = 528482304                                 {product} {ergonomic}
     uint ConcGCThreads                            = 3                                         {product} {ergonomic}
     uint G1ConcRefinementThreads                  = 13                                        {product} {ergonomic}
   size_t G1HeapRegionSize                         = 1048576                                   {product} {ergonomic}
    uintx GCDrainStackTargetSize                   = 64                                        {product} {ergonomic}
   size_t InitialHeapSize                          = 264241152                                 {product} {ergonomic}
   size_t MarkStackSize                            = 4194304                                   {product} {ergonomic}
   size_t MaxHeapSize                              = 2147483648                                {product} {command line}
   size_t MaxMetaspaceSize                         = 536870912                                 {product} {command line}
   size_t MaxNewSize                               = 1287651328                                {product} {ergonomic}
   size_t MinHeapDeltaBytes                        = 1048576                                   {product} {ergonomic}
   size_t MinHeapSize                              = 8388608                                   {product} {ergonomic}
    uintx NonNMethodCodeHeapSize                   = 7602480                                {pd product} {ergonomic}
    uintx NonProfiledCodeHeapSize                  = 122027880                              {pd product} {ergonomic}
    uintx ProfiledCodeHeapSize                     = 122027880                              {pd product} {ergonomic}
    uintx ReservedCodeCacheSize                    = 251658240                              {pd product} {ergonomic}
     bool SegmentedCodeCache                       = true                                      {product} {ergonomic}
   size_t SoftMaxHeapSize                          = 2147483648                             {manageable} {ergonomic}
     bool UseCompressedClassPointers               = true                                 {lp64_product} {ergonomic}
     bool UseCompressedOops                        = true                                 {lp64_product} {ergonomic}
     bool UseG1GC                                  = true                                      {product} {ergonomic}
     bool UseLargePagesIndividualAllocation        = false                                  {pd product} {ergonomic}

Logging:
Log output configuration:
 #0: stdout all=warning uptime,level,tags
 #1: stderr all=off uptime,level,tags

Environment Variables:
JAVA_HOME=C:\Program Files\Java\jdk-14.0.2
CLASSPATH=C:\Users\Admin\AwesomeProject\android\\gradle\wrapper\gradle-wrapper.jar
PATH=C:\Users\Admin\AwesomeProject\android\node_modules\.bin;C:\Users\Admin\AwesomeProject\node_modules\.bin;C:\Users\Admin\node_modules\.bin;C:\Users\node_modules\.bin;C:\node_modules\.bin;C:\Program Files\nodejs;C:\Users\Admin\AwesomeProject\node_modules\.bin;C:\Users\Admin\node_modules\.bin;C:\Users\node_modules\.bin;C:\node_modules\.bin;C:\Program Files\nodejs\node_modules\npm\node_modules\@npmcli\run-script\lib\node-gyp-bin;C:\Program Files\Python310\Scripts\;C:\Program Files\Python310\;C:\Program Files\Python38\Scripts\;C:\Program Files\Python38\;C:\WINDOWS\system32;C:\WINDOWS;C:\WINDOWS\System32\Wbem;C:\WINDOWS\System32\WindowsPowerShell\v1.0\;C:\WINDOWS\System32\OpenSSH\;C:\Program Files\Microsoft SQL Server\Client SDK\ODBC\110\Tools\Binn\;C:\Program Files (x86)\Microsoft SQL Server\120\Tools\Binn\;C:\Program Files\Microsoft SQL Server\120\Tools\Binn\;C:\Program Files\Microsoft SQL Server\120\DTS\Binn\;C:\Program Files (x86)\Microsoft SQL Server\120\Tools\Binn\ManagementStudio\;C:\Program Files (x86)\Microsoft SQL Server\120\DTS\Binn\;C:\Program Files\Java\jdk-11.0.2\bin;C:\tomcat\apache-tomcat-9.0.63\bin;C:\Program Files\dotnet\;C:\Program Files\Microsoft SQL Server\150\Tools\Binn\;C:\Program Files\Microsoft SQL Server\Client SDK\ODBC\170\Tools\Binn\;C:\Program Files\nodejs\;C:\Program Files\Microsoft SQL Server\130\Tools\Binn\;C:\WINDOWS\system32;C:\WINDOWS;C:\WINDOWS\System32\Wbem;C:\WINDOWS\System32\WindowsPowerShell\v1.0\;C:\WINDOWS\System32\OpenSSH\;C:\Program Files\MongoDB\Server\5.0\bin;C:\Users\Admin\AppData\Local\Microsoft\WindowsApps;;C:\Users\Admin\AppData\Local\Programs\Microsoft VS Code\bin;C:\Users\Admin\.dotnet\tools;C:\Users\Admin\AppData\Roaming\npm;C:\Users\Admin\AwesomeProject\node_modules\.bin
USERNAME=Admin
OS=Windows_NT
PROCESSOR_IDENTIFIER=Intel64 Family 6 Model 141 Stepping 1, GenuineIntel



---------------  S Y S T E M  ---------------

OS: Windows 10 , 64 bit Build 22621 (10.0.22621.2070)
OS uptime: 0 days 1:50 hours
HyperV virtualization detected

CPU:total 16 (initial active 16) (8 cores per cpu, 2 threads per core) family 6 model 141 stepping 1, cmov, cx8, fxsr, mmx, sse, sse2, sse3, ssse3, sse4.1, sse4.2, popcnt, avx, avx2, aes, clmul, erms, 3dnowpref, lzcnt, ht, tsc, tscinvbit, bmi1, bmi2, adx, evex, sha, fma

Memory: 4k page, system-wide physical 16085M (2123M free)
TotalPageFile size 18133M (AvailPageFile size 12M)
current process WorkingSet (physical memory assigned to process): 311M, peak: 314M
current process commit charge ("private bytes"): 462M, peak: 470M

vm_info: Java HotSpot(TM) 64-Bit Server VM (14.0.2+12-46) for windows-amd64 JRE (14.0.2+12-46), built on Jul  9 2020 00:35:52 by "mach5one" with MS VC++ 15.9 (VS2017)

END.
