#
# There is insufficient memory for the Java Runtime Environment to continue.
# Native memory allocation (malloc) failed to allocate 1048576 bytes for AllocateHeap
# Possible reasons:
#   The system is out of physical RAM or swap space
#   The process is running with CompressedOops enabled, and the Java Heap may be blocking the growth of the native heap
# Possible solutions:
#   Reduce memory load on the system
#   Increase physical memory or swap space
#   Check if swap backing store is full
#   Decrease Java heap size (-Xmx/-Xms)
#   Decrease number of Java threads
#   Decrease Java thread stack sizes (-Xss)
#   Set larger code cache with -XX:ReservedCodeCacheSize=
#   JVM is running with Unscaled Compressed Oops mode in which the Java heap is
#     placed in the first 4GB address space. The Java Heap base address is the
#     maximum limit for the native heap growth. Please use -XX:HeapBaseMinAddress
#     to set the Java Heap base and to place the Java Heap above 4GB virtual address.
# This output file may be truncated or incomplete.
#
#  Out of Memory Error (./open/src/hotspot/share/memory/allocation.cpp:44), pid=7156, tid=12420
#
# JRE version: Java(TM) SE Runtime Environment (14.0.2+12) (build 14.0.2+12-46)
# Java VM: Java HotSpot(TM) 64-Bit Server VM (14.0.2+12-46, mixed mode, sharing, tiered, compressed oops, g1 gc, windows-amd64)
# No core dump will be written. Minidumps are not enabled by default on client versions of Windows
#

---------------  S U M M A R Y ------------

Command Line: -XX:MaxMetaspaceSize=512m --add-opens=java.base/java.util=ALL-UNNAMED --add-opens=java.base/java.lang=ALL-UNNAMED --add-opens=java.base/java.lang.invoke=ALL-UNNAMED --add-opens=java.base/java.util=ALL-UNNAMED --add-opens=java.prefs/java.util.prefs=ALL-UNNAMED --add-opens=java.prefs/java.util.prefs=ALL-UNNAMED --add-opens=java.base/java.nio.charset=ALL-UNNAMED --add-opens=java.base/java.net=ALL-UNNAMED --add-opens=java.base/java.util.concurrent.atomic=ALL-UNNAMED -Xmx2048m -Dfile.encoding=windows-1252 -Duser.country=US -Duser.language=en -Duser.variant org.gradle.launcher.daemon.bootstrap.GradleDaemon 7.5.1

Host: 11th Gen Intel(R) Core(TM) i7-11800H @ 2.30GHz, 16 cores, 15G,  Windows 10 , 64 bit Build 22621 (10.0.22621.2070)
Time: Mon Aug 14 22:45:21 2023 SE Asia Standard Time elapsed time: 22 seconds (0d 0h 0m 22s)

---------------  T H R E A D  ---------------

Current thread (0x000001e300815800):  VMThread "VM Thread" [stack: 0x0000001850700000,0x0000001850800000] [id=12420]

Stack: [0x0000001850700000,0x0000001850800000]
[error occurred during error reporting (printing stack bounds), id 0xc0000005, EXCEPTION_ACCESS_VIOLATION (0xc0000005) at pc=0x000001e368aa1267]

Native frames: (J=compiled Java code, j=interpreted, Vv=VM code, C=native code)
V  [jvm.dll+0x5f8a9a]
V  [jvm.dll+0x74247a]
V  [jvm.dll+0x743c2f]
V  [jvm.dll+0x7441d5]
V  [jvm.dll+0x74418b]
V  [jvm.dll+0x5f7f6f]
V  [jvm.dll+0x5f8738]
C  [ntdll.dll+0xa3dff]
C  [ntdll.dll+0x1e456]
C  [ntdll.dll+0xa2dee]
C  0x000001e368aa1267

VM_Operation (0x00000018574f6b30): CollectForMetadataAllocation, mode: safepoint, requested by thread 0x000001e307d79800


---------------  P R O C E S S  ---------------

Threads class SMR info:
_java_thread_list=0x000001e302ca1c30, length=132, elements={
0x000001e360302000, 0x000001e300816800, 0x000001e300818800, 0x000001e30082d800,
0x000001e300830000, 0x000001e300834000, 0x000001e300839000, 0x000001e3008a9800,
0x000001e3008c0800, 0x000001e300992000, 0x000001e3009bd000, 0x000001e302e93000,
0x000001e302e94000, 0x000001e302e96000, 0x000001e302e92000, 0x000001e302e98000,
0x000001e302e97000, 0x000001e302e98800, 0x000001e302e94800, 0x000001e302e95800,
0x000001e302c0c800, 0x000001e302c0d800, 0x000001e302c09800, 0x000001e302c0e000,
0x000001e302c0f000, 0x000001e302c10000, 0x000001e302c0a000, 0x000001e302c10800,
0x000001e302c0b000, 0x000001e302c11800, 0x000001e302c0b800, 0x000001e302c18000,
0x000001e302c16800, 0x000001e302c12800, 0x000001e302c13000, 0x000001e302c15800,
0x000001e301176000, 0x000001e301178000, 0x000001e301172800, 0x000001e301179000,
0x000001e30117a000, 0x000001e301174000, 0x000001e301176800, 0x000001e30117a800,
0x000001e301175000, 0x000001e30117c800, 0x000001e30117f800, 0x000001e301180800,
0x000001e30117d000, 0x000001e30117b800, 0x000001e301181000, 0x000001e30117f000,
0x000001e30117e000, 0x000001e302c17000, 0x000001e3062ab000, 0x000001e3062af000,
0x000001e3062b1000, 0x000001e3062b0000, 0x000001e3062ad000, 0x000001e3062b1800,
0x000001e3062ad800, 0x000001e3062ae800, 0x000001e3062ac000, 0x000001e3062b3800,
0x000001e3062b2800, 0x000001e3062b5800, 0x000001e3062ba000, 0x000001e3062b6800,
0x000001e3062b7800, 0x000001e3062b8000, 0x000001e3062b4000, 0x000001e3062b9000,
0x000001e3062b5000, 0x000001e3062bd800, 0x000001e3062bd000, 0x000001e3062c0000,
0x000001e3062bc000, 0x000001e3062be800, 0x000001e3062bf000, 0x000001e3062c1000,
0x000001e3062bb000, 0x000001e3062c5000, 0x000001e3062c2800, 0x000001e3062c4000,
0x000001e3062c7800, 0x000001e3062c5800, 0x000001e3062c1800, 0x000001e3062c8000,
0x000001e3062c6800, 0x000001e3062c9000, 0x000001e3062c3800, 0x000001e3062ca000,
0x000001e301173800, 0x000001e301177800, 0x000001e307d79800, 0x000001e307d7c800,
0x000001e307d7b000, 0x000001e307d7b800, 0x000001e307d7d800, 0x000001e307d7a000,
0x000001e307d7e000, 0x000001e307d78800, 0x000001e307d7f000, 0x000001e302074000,
0x000001e302070000, 0x000001e302075800, 0x000001e302071800, 0x000001e302074800,
0x000001e302070800, 0x000001e302077000, 0x000001e302072800, 0x000001e302076800,
0x000001e302073000, 0x000001e30207d800, 0x000001e30207a800, 0x000001e30207b000,
0x000001e302078000, 0x000001e30207c000, 0x000001e30207e800, 0x000001e302079000,
0x000001e302079800, 0x000001e30207d000, 0x000001e304328000, 0x000001e304325800,
0x000001e304323800, 0x000001e304326000, 0x000001e30432a800, 0x000001e304327000,
0x000001e304328800, 0x000001e304324800, 0x000001e30432e800, 0x000001e30432b000
}

Java Threads: ( => current thread )
  0x000001e360302000 JavaThread "main" [_thread_blocked, id=13696, stack(0x0000001850100000,0x0000001850200000)]
  0x000001e300816800 JavaThread "Reference Handler" daemon [_thread_blocked, id=9684, stack(0x0000001850800000,0x0000001850900000)]
  0x000001e300818800 JavaThread "Finalizer" daemon [_thread_blocked, id=17500, stack(0x0000001850900000,0x0000001850a00000)]
  0x000001e30082d800 JavaThread "Signal Dispatcher" daemon [_thread_blocked, id=15632, stack(0x0000001850a00000,0x0000001850b00000)]
  0x000001e300830000 JavaThread "Attach Listener" daemon [_thread_blocked, id=12944, stack(0x0000001850b00000,0x0000001850c00000)]
  0x000001e300834000 JavaThread "Service Thread" daemon [_thread_blocked, id=20364, stack(0x0000001850c00000,0x0000001850d00000)]
  0x000001e300839000 JavaThread "C2 CompilerThread0" daemon [_thread_blocked, id=18240, stack(0x0000001850d00000,0x0000001850e00000)]
  0x000001e3008a9800 JavaThread "C1 CompilerThread0" daemon [_thread_blocked, id=24332, stack(0x0000001850e00000,0x0000001850f00000)]
  0x000001e3008c0800 JavaThread "Sweeper thread" daemon [_thread_blocked, id=12912, stack(0x0000001850f00000,0x0000001851000000)]
  0x000001e300992000 JavaThread "Common-Cleaner" daemon [_thread_blocked, id=20252, stack(0x0000001851200000,0x0000001851300000)]
  0x000001e3009bd000 JavaThread "Notification Thread" daemon [_thread_blocked, id=16160, stack(0x0000001851300000,0x0000001851400000)]
  0x000001e302e93000 JavaThread "Daemon health stats" [_thread_blocked, id=11148, stack(0x0000001851d00000,0x0000001851e00000)]
  0x000001e302e94000 JavaThread "Incoming local TCP Connector on port 49237" [_thread_in_native, id=20416, stack(0x0000001851e00000,0x0000001851f00000)]
  0x000001e302e96000 JavaThread "Daemon periodic checks" [_thread_blocked, id=13848, stack(0x0000001851f00000,0x0000001852000000)]
  0x000001e302e92000 JavaThread "Daemon" [_thread_blocked, id=18504, stack(0x0000001852000000,0x0000001852100000)]
  0x000001e302e98000 JavaThread "Handler for socket connection from /127.0.0.1:49237 to /127.0.0.1:49238" [_thread_in_native, id=16732, stack(0x0000001852100000,0x0000001852200000)]
  0x000001e302e97000 JavaThread "Cancel handler" [_thread_blocked, id=23624, stack(0x0000001852200000,0x0000001852300000)]
  0x000001e302e98800 JavaThread "Daemon worker" [_thread_blocked, id=19864, stack(0x0000001852300000,0x0000001852400000)]
  0x000001e302e94800 JavaThread "Asynchronous log dispatcher for DefaultDaemonConnection: socket connection from /127.0.0.1:49237 to /127.0.0.1:49238" [_thread_blocked, id=15368, stack(0x0000001852400000,0x0000001852500000)]
  0x000001e302e95800 JavaThread "Stdin handler" [_thread_blocked, id=11336, stack(0x0000001852500000,0x0000001852600000)]
  0x000001e302c0c800 JavaThread "Daemon client event forwarder" [_thread_blocked, id=13476, stack(0x0000001852600000,0x0000001852700000)]
  0x000001e302c0d800 JavaThread "Cache worker for journal cache (C:\Users\Admin\.gradle\caches\journal-1)" [_thread_blocked, id=14564, stack(0x0000001851500000,0x0000001851600000)]
  0x000001e302c09800 JavaThread "File lock request listener" [_thread_in_native, id=7944, stack(0x0000001851600000,0x0000001851700000)]
  0x000001e302c0e000 JavaThread "File lock release action executor" [_thread_blocked, id=21140, stack(0x0000001851c00000,0x0000001851d00000)]
  0x000001e302c0f000 JavaThread "Cache worker for file hash cache (C:\Users\Admin\.gradle\caches\7.5.1\fileHashes)" [_thread_blocked, id=10360, stack(0x0000001852700000,0x0000001852800000)]
  0x000001e302c10000 JavaThread "File watcher server" daemon [_thread_in_native, id=20804, stack(0x0000001852900000,0x0000001852a00000)]
  0x000001e302c0a000 JavaThread "File watcher consumer" daemon [_thread_blocked, id=16052, stack(0x0000001852a00000,0x0000001852b00000)]
  0x000001e302c10800 JavaThread "Cache worker for checksums cache (C:\Users\Admin\AwesomeProject\android\.gradle\7.5.1\checksums)" [_thread_blocked, id=23316, stack(0x0000001852b00000,0x0000001852c00000)]
  0x000001e302c0b000 JavaThread "Cache worker for cache directory md-rule (C:\Users\Admin\.gradle\caches\7.5.1\md-rule)" [_thread_blocked, id=12260, stack(0x0000001853300000,0x0000001853400000)]
  0x000001e302c11800 JavaThread "Cache worker for file content cache (C:\Users\Admin\.gradle\caches\7.5.1\fileContent)" [_thread_blocked, id=16524, stack(0x0000001853400000,0x0000001853500000)]
  0x000001e302c0b800 JavaThread "Cache worker for file hash cache (C:\Users\Admin\AwesomeProject\android\.gradle\7.5.1\fileHashes)" [_thread_blocked, id=1544, stack(0x0000001853800000,0x0000001853900000)]
  0x000001e302c18000 JavaThread "Cache worker for cache directory md-supplier (C:\Users\Admin\.gradle\caches\7.5.1\md-supplier)" [_thread_blocked, id=5484, stack(0x0000001853900000,0x0000001853a00000)]
  0x000001e302c16800 JavaThread "Cache worker for execution history cache (C:\Users\Admin\.gradle\caches\7.5.1\executionHistory)" [_thread_blocked, id=4440, stack(0x0000001853a00000,0x0000001853b00000)]
  0x000001e302c12800 JavaThread "jar transforms" [_thread_blocked, id=13832, stack(0x0000001853d00000,0x0000001853e00000)]
  0x000001e302c13000 JavaThread "jar transforms Thread 2" [_thread_blocked, id=6908, stack(0x0000001853500000,0x0000001853600000)]
  0x000001e302c15800 JavaThread "jar transforms Thread 3" [_thread_blocked, id=18024, stack(0x0000001853e00000,0x0000001853f00000)]
  0x000001e301176000 JavaThread "jar transforms Thread 4" [_thread_blocked, id=15660, stack(0x0000001853f00000,0x0000001854000000)]
  0x000001e301178000 JavaThread "C1 CompilerThread1" daemon [_thread_blocked, id=14548, stack(0x0000001851000000,0x0000001851100000)]
  0x000001e301172800 JavaThread "C1 CompilerThread2" daemon [_thread_blocked, id=2216, stack(0x0000001851100000,0x0000001851200000)]
  0x000001e301179000 JavaThread "C2 CompilerThread1" daemon [_thread_blocked, id=12112, stack(0x0000001852800000,0x0000001852900000)]
  0x000001e30117a000 JavaThread "Cache worker for kotlin-dsl (C:\Users\Admin\.gradle\caches\7.5.1\kotlin-dsl)" [_thread_blocked, id=20912, stack(0x0000001853c00000,0x0000001853d00000)]
  0x000001e301174000 JavaThread "jar transforms Thread 5" [_thread_blocked, id=11616, stack(0x0000001854100000,0x0000001854200000)]
  0x000001e301176800 JavaThread "jar transforms Thread 6" [_thread_blocked, id=14908, stack(0x0000001854200000,0x0000001854300000)]
  0x000001e30117a800 JavaThread "Cache worker for dependencies-accessors (C:\Users\Admin\AwesomeProject\android\.gradle\7.5.1\dependencies-accessors)" [_thread_blocked, id=20356, stack(0x0000001854300000,0x0000001854400000)]
  0x000001e301175000 JavaThread "Cache worker for Build Output Cleanup Cache (C:\Users\Admin\AwesomeProject\node_modules\react-native-gradle-plugin\.gradle\buildOutputCleanup)" [_thread_blocked, id=21164, stack(0x0000001854400000,0x0000001854500000)]
  0x000001e30117c800 JavaThread "jar transforms Thread 7" [_thread_blocked, id=7276, stack(0x0000001854500000,0x0000001854600000)]
  0x000001e30117f800 JavaThread "Unconstrained build operations" [_thread_blocked, id=11068, stack(0x0000001854600000,0x0000001854700000)]
  0x000001e301180800 JavaThread "Unconstrained build operations Thread 2" [_thread_blocked, id=12484, stack(0x0000001854700000,0x0000001854800000)]
  0x000001e30117d000 JavaThread "Unconstrained build operations Thread 3" [_thread_blocked, id=11596, stack(0x0000001854800000,0x0000001854900000)]
  0x000001e30117b800 JavaThread "Unconstrained build operations Thread 4" [_thread_blocked, id=19028, stack(0x0000001854900000,0x0000001854a00000)]
  0x000001e301181000 JavaThread "Unconstrained build operations Thread 5" [_thread_blocked, id=1736, stack(0x0000001854a00000,0x0000001854b00000)]
  0x000001e30117f000 JavaThread "Unconstrained build operations Thread 6" [_thread_blocked, id=14228, stack(0x0000001854b00000,0x0000001854c00000)]
  0x000001e30117e000 JavaThread "Unconstrained build operations Thread 7" [_thread_blocked, id=17808, stack(0x0000001854c00000,0x0000001854d00000)]
  0x000001e302c17000 JavaThread "Unconstrained build operations Thread 8" [_thread_blocked, id=3116, stack(0x0000001854d00000,0x0000001854e00000)]
  0x000001e3062ab000 JavaThread "Unconstrained build operations Thread 9" [_thread_blocked, id=21372, stack(0x0000001854e00000,0x0000001854f00000)]
  0x000001e3062af000 JavaThread "Unconstrained build operations Thread 10" [_thread_blocked, id=9880, stack(0x0000001854f00000,0x0000001855000000)]
  0x000001e3062b1000 JavaThread "Unconstrained build operations Thread 11" [_thread_blocked, id=22752, stack(0x0000001855000000,0x0000001855100000)]
  0x000001e3062b0000 JavaThread "Unconstrained build operations Thread 12" [_thread_blocked, id=16232, stack(0x0000001855100000,0x0000001855200000)]
  0x000001e3062ad000 JavaThread "Unconstrained build operations Thread 13" [_thread_blocked, id=18296, stack(0x0000001855200000,0x0000001855300000)]
  0x000001e3062b1800 JavaThread "Unconstrained build operations Thread 14" [_thread_blocked, id=10596, stack(0x0000001855300000,0x0000001855400000)]
  0x000001e3062ad800 JavaThread "Unconstrained build operations Thread 15" [_thread_blocked, id=11668, stack(0x0000001855400000,0x0000001855500000)]
  0x000001e3062ae800 JavaThread "Unconstrained build operations Thread 16" [_thread_blocked, id=17100, stack(0x0000001855500000,0x0000001855600000)]
  0x000001e3062ac000 JavaThread "Unconstrained build operations Thread 17" [_thread_blocked, id=20452, stack(0x0000001855600000,0x0000001855700000)]
  0x000001e3062b3800 JavaThread "Unconstrained build operations Thread 18" [_thread_blocked, id=17972, stack(0x0000001855700000,0x0000001855800000)]
  0x000001e3062b2800 JavaThread "Unconstrained build operations Thread 19" [_thread_blocked, id=21312, stack(0x0000001855800000,0x0000001855900000)]
  0x000001e3062b5800 JavaThread "Unconstrained build operations Thread 20" [_thread_blocked, id=9820, stack(0x0000001855900000,0x0000001855a00000)]
  0x000001e3062ba000 JavaThread "Unconstrained build operations Thread 21" [_thread_blocked, id=1536, stack(0x0000001855a00000,0x0000001855b00000)]
  0x000001e3062b6800 JavaThread "Unconstrained build operations Thread 22" [_thread_blocked, id=20728, stack(0x0000001855b00000,0x0000001855c00000)]
  0x000001e3062b7800 JavaThread "Unconstrained build operations Thread 23" [_thread_blocked, id=4172, stack(0x0000001855c00000,0x0000001855d00000)]
  0x000001e3062b8000 JavaThread "Unconstrained build operations Thread 24" [_thread_blocked, id=12336, stack(0x0000001855d00000,0x0000001855e00000)]
  0x000001e3062b4000 JavaThread "Unconstrained build operations Thread 25" [_thread_blocked, id=11112, stack(0x0000001855e00000,0x0000001855f00000)]
  0x000001e3062b9000 JavaThread "Unconstrained build operations Thread 26" [_thread_blocked, id=2652, stack(0x0000001855f00000,0x0000001856000000)]
  0x000001e3062b5000 JavaThread "Unconstrained build operations Thread 27" [_thread_blocked, id=10748, stack(0x0000001856000000,0x0000001856100000)]
  0x000001e3062bd800 JavaThread "Unconstrained build operations Thread 28" [_thread_blocked, id=15100, stack(0x0000001856100000,0x0000001856200000)]
  0x000001e3062bd000 JavaThread "Unconstrained build operations Thread 29" [_thread_blocked, id=20220, stack(0x0000001856200000,0x0000001856300000)]
  0x000001e3062c0000 JavaThread "Unconstrained build operations Thread 30" [_thread_blocked, id=22240, stack(0x0000001856300000,0x0000001856400000)]
  0x000001e3062bc000 JavaThread "Unconstrained build operations Thread 31" [_thread_blocked, id=19280, stack(0x0000001856400000,0x0000001856500000)]
  0x000001e3062be800 JavaThread "Unconstrained build operations Thread 32" [_thread_blocked, id=13884, stack(0x0000001856500000,0x0000001856600000)]
  0x000001e3062bf000 JavaThread "Unconstrained build operations Thread 33" [_thread_blocked, id=8792, stack(0x0000001856600000,0x0000001856700000)]
  0x000001e3062c1000 JavaThread "jar transforms Thread 8" [_thread_blocked, id=11924, stack(0x0000001856700000,0x0000001856800000)]
  0x000001e3062bb000 JavaThread "jar transforms Thread 9" [_thread_blocked, id=15344, stack(0x0000001856800000,0x0000001856900000)]
  0x000001e3062c5000 JavaThread "jar transforms Thread 10" [_thread_blocked, id=10016, stack(0x0000001856900000,0x0000001856a00000)]
  0x000001e3062c2800 JavaThread "jar transforms Thread 11" [_thread_blocked, id=14124, stack(0x0000001856a00000,0x0000001856b00000)]
  0x000001e3062c4000 JavaThread "jar transforms Thread 12" [_thread_blocked, id=14972, stack(0x0000001856b00000,0x0000001856c00000)]
  0x000001e3062c7800 JavaThread "jar transforms Thread 13" [_thread_blocked, id=9320, stack(0x0000001856c00000,0x0000001856d00000)]
  0x000001e3062c5800 JavaThread "jar transforms Thread 14" [_thread_blocked, id=20792, stack(0x0000001856d00000,0x0000001856e00000)]
  0x000001e3062c1800 JavaThread "jar transforms Thread 15" [_thread_blocked, id=16972, stack(0x0000001856e00000,0x0000001856f00000)]
  0x000001e3062c8000 JavaThread "jar transforms Thread 16" [_thread_blocked, id=22420, stack(0x0000001856f00000,0x0000001857000000)]
  0x000001e3062c6800 JavaThread "build event listener" [_thread_blocked, id=3040, stack(0x0000001857000000,0x0000001857100000)]
  0x000001e3062c9000 JavaThread "Memory manager" [_thread_blocked, id=10564, stack(0x0000001857100000,0x0000001857200000)]
  0x000001e3062c3800 JavaThread "C1 CompilerThread3" daemon [_thread_blocked, id=5048, stack(0x0000001853b00000,0x0000001853c00000)]
  0x000001e3062ca000 JavaThread "C2 CompilerThread2" daemon [_thread_blocked, id=15244, stack(0x0000001854000000,0x0000001854100000)]
  0x000001e301173800 JavaThread "Cache worker for Build Output Cleanup Cache (C:\Users\Admin\AwesomeProject\android\.gradle\buildOutputCleanup)" [_thread_blocked, id=23092, stack(0x0000001857200000,0x0000001857300000)]
  0x000001e301177800 JavaThread "C2 CompilerThread3" daemon [_thread_blocked, id=19092, stack(0x0000001857300000,0x0000001857400000)]
  0x000001e307d79800 JavaThread "included builds" [_thread_blocked, id=21444, stack(0x0000001857400000,0x0000001857500000)]
  0x000001e307d7c800 JavaThread "Execution worker" [_thread_blocked, id=20152, stack(0x0000001857500000,0x0000001857600000)]
  0x000001e307d7b000 JavaThread "Execution worker Thread 2" [_thread_blocked, id=16412, stack(0x0000001857600000,0x0000001857700000)]
  0x000001e307d7b800 JavaThread "Execution worker Thread 3" [_thread_blocked, id=23512, stack(0x0000001857700000,0x0000001857800000)]
  0x000001e307d7d800 JavaThread "Execution worker Thread 4" [_thread_blocked, id=2124, stack(0x0000001857800000,0x0000001857900000)]
  0x000001e307d7a000 JavaThread "Execution worker Thread 5" [_thread_blocked, id=22116, stack(0x0000001857900000,0x0000001857a00000)]
  0x000001e307d7e000 JavaThread "Execution worker Thread 6" [_thread_blocked, id=18232, stack(0x0000001857a00000,0x0000001857b00000)]
  0x000001e307d78800 JavaThread "Execution worker Thread 7" [_thread_blocked, id=15396, stack(0x0000001857b00000,0x0000001857c00000)]
  0x000001e307d7f000 JavaThread "Execution worker Thread 8" [_thread_blocked, id=3476, stack(0x0000001857c00000,0x0000001857d00000)]
  0x000001e302074000 JavaThread "Execution worker Thread 9" [_thread_blocked, id=16668, stack(0x0000001857d00000,0x0000001857e00000)]
  0x000001e302070000 JavaThread "Execution worker Thread 10" [_thread_blocked, id=15124, stack(0x0000001857e00000,0x0000001857f00000)]
  0x000001e302075800 JavaThread "Execution worker Thread 11" [_thread_blocked, id=2552, stack(0x0000001857f00000,0x0000001858000000)]
  0x000001e302071800 JavaThread "Execution worker Thread 12" [_thread_blocked, id=11056, stack(0x0000001858000000,0x0000001858100000)]
  0x000001e302074800 JavaThread "Execution worker Thread 13" [_thread_blocked, id=7568, stack(0x0000001858100000,0x0000001858200000)]
  0x000001e302070800 JavaThread "Execution worker Thread 14" [_thread_blocked, id=23192, stack(0x0000001858200000,0x0000001858300000)]
  0x000001e302077000 JavaThread "Execution worker Thread 15" [_thread_blocked, id=14144, stack(0x0000001858300000,0x0000001858400000)]
  0x000001e302072800 JavaThread "Cache worker for execution history cache (C:\Users\Admin\AwesomeProject\node_modules\react-native-gradle-plugin\.gradle\7.5.1\executionHistory)" [_thread_blocked, id=22092, stack(0x0000001858400000,0x0000001858500000)]
  0x000001e302076800 JavaThread "Unconstrained build operations Thread 34" [_thread_blocked, id=5656, stack(0x0000001858500000,0x0000001858600000)]
  0x000001e302073000 JavaThread "Unconstrained build operations Thread 35" [_thread_blocked, id=18192, stack(0x0000001858600000,0x0000001858700000)]
  0x000001e30207d800 JavaThread "Unconstrained build operations Thread 36" [_thread_blocked, id=9304, stack(0x0000001858700000,0x0000001858800000)]
  0x000001e30207a800 JavaThread "Unconstrained build operations Thread 37" [_thread_blocked, id=16276, stack(0x0000001858800000,0x0000001858900000)]
  0x000001e30207b000 JavaThread "Unconstrained build operations Thread 38" [_thread_blocked, id=12996, stack(0x0000001858900000,0x0000001858a00000)]
  0x000001e302078000 JavaThread "Unconstrained build operations Thread 39" [_thread_blocked, id=14604, stack(0x0000001858a00000,0x0000001858b00000)]
  0x000001e30207c000 JavaThread "Unconstrained build operations Thread 40" [_thread_blocked, id=22832, stack(0x0000001858b00000,0x0000001858c00000)]
  0x000001e30207e800 JavaThread "Unconstrained build operations Thread 41" [_thread_blocked, id=18472, stack(0x0000001858c00000,0x0000001858d00000)]
  0x000001e302079000 JavaThread "Unconstrained build operations Thread 42" [_thread_blocked, id=17616, stack(0x0000001858d00000,0x0000001858e00000)]
  0x000001e302079800 JavaThread "Unconstrained build operations Thread 43" [_thread_blocked, id=14852, stack(0x0000001858e00000,0x0000001858f00000)]
  0x000001e30207d000 JavaThread "Unconstrained build operations Thread 44" [_thread_blocked, id=10468, stack(0x0000001858f00000,0x0000001859000000)]
  0x000001e304328000 JavaThread "Unconstrained build operations Thread 45" [_thread_blocked, id=5292, stack(0x0000001859000000,0x0000001859100000)]
  0x000001e304325800 JavaThread "Unconstrained build operations Thread 46" [_thread_blocked, id=20116, stack(0x0000001859100000,0x0000001859200000)]
  0x000001e304323800 JavaThread "Unconstrained build operations Thread 47" [_thread_blocked, id=19200, stack(0x0000001859200000,0x0000001859300000)]
  0x000001e304326000 JavaThread "Unconstrained build operations Thread 48" [_thread_blocked, id=22132, stack(0x0000001859300000,0x0000001859400000)]
  0x000001e30432a800 JavaThread "Unconstrained build operations Thread 49" [_thread_blocked, id=12596, stack(0x0000001859400000,0x0000001859500000)]
  0x000001e304327000 JavaThread "Unconstrained build operations Thread 50" [_thread_blocked, id=1280, stack(0x0000001859500000,0x0000001859600000)]
  0x000001e304328800 JavaThread "Unconstrained build operations Thread 51" [_thread_blocked, id=9420, stack(0x0000001859600000,0x0000001859700000)]
  0x000001e304324800 JavaThread "Unconstrained build operations Thread 52" [_thread_blocked, id=18060, stack(0x0000001859700000,0x0000001859800000)]
  0x000001e30432e800 JavaThread "Unconstrained build operations Thread 53" [_thread_blocked, id=19192, stack(0x0000001859800000,0x0000001859900000)]
  0x000001e30432b000 JavaThread "Unconstrained build operations Thread 54" [_thread_blocked, id=15092, stack(0x0000001859900000,0x0000001859a00000)]

Other Threads:
=>0x000001e300815800 VMThread "VM Thread" [stack: 0x0000001850700000,0x0000001850800000] [id=12420]
  0x000001e3009bf000 WatcherThread [stack: 0x0000001851400000,0x0000001851500000] [id=14824]
  0x000001e360345000 GCTaskThread "GC Thread#0" [stack: 0x0000001850200000,0x0000001850300000] [id=3716]
  0x000001e301760000 GCTaskThread "GC Thread#1" [stack: 0x0000001851700000,0x0000001851800000] [id=22820]
  0x000001e301ba2000 GCTaskThread "GC Thread#2" [stack: 0x0000001851800000,0x0000001851900000] [id=8820]
  0x000001e300e63000 GCTaskThread "GC Thread#3" [stack: 0x0000001851900000,0x0000001851a00000] [id=5644]
  0x000001e300ffd800 GCTaskThread "GC Thread#4" [stack: 0x0000001851a00000,0x0000001851b00000] [id=13272]
  0x000001e3019e5800 GCTaskThread "GC Thread#5" [stack: 0x0000001851b00000,0x0000001851c00000] [id=19016]
  0x000001e304280800 GCTaskThread "GC Thread#6" [stack: 0x0000001852c00000,0x0000001852d00000] [id=19136]
  0x000001e303206000 GCTaskThread "GC Thread#7" [stack: 0x0000001852d00000,0x0000001852e00000] [id=16488]
  0x000001e3014f3000 GCTaskThread "GC Thread#8" [stack: 0x0000001852e00000,0x0000001852f00000] [id=8848]
  0x000001e3047c0800 GCTaskThread "GC Thread#9" [stack: 0x0000001852f00000,0x0000001853000000] [id=23168]
  0x000001e305238800 GCTaskThread "GC Thread#10" [stack: 0x0000001853000000,0x0000001853100000] [id=3988]
  0x000001e304283000 GCTaskThread "GC Thread#11" [stack: 0x0000001853100000,0x0000001853200000] [id=2516]
  0x000001e30309b000 GCTaskThread "GC Thread#12" [stack: 0x0000001853200000,0x0000001853300000] [id=11360]
  0x000001e360357800 ConcurrentGCThread "G1 Main Marker" [stack: 0x0000001850300000,0x0000001850400000] [id=19808]
  0x000001e360359000 ConcurrentGCThread "G1 Conc#0" [stack: 0x0000001850400000,0x0000001850500000] [id=3680]
  0x000001e300f86800 ConcurrentGCThread "G1 Conc#1" [stack: 0x0000001853600000,0x0000001853700000] [id=4020]
  0x000001e3014ef800 ConcurrentGCThread "G1 Conc#2" [stack: 0x0000001853700000,0x0000001853800000] [id=7900]
  0x000001e37fe85800 ConcurrentGCThread "G1 Refine#0" [stack: 0x0000001850500000,0x0000001850600000] [id=23700]
  0x000001e37fe87800 ConcurrentGCThread "G1 Young RemSet Sampling" [stack: 0x0000001850600000,0x0000001850700000] [id=5316]

Threads with active compile tasks:

VM state:at safepoint (normal execution)

VM Mutex/Monitor currently owned by a thread:  ([mutex/lock_event])
[0x000001e3602fc910] Threads_lock - owner thread: 0x000001e300815800
[0x000001e3602fb950] Heap_lock - owner thread: 0x000001e307d79800

Heap address: 0x0000000080000000, size: 2048 MB, Compressed Oops mode: 32-bit
Narrow klass base: 0x0000000800000000, Narrow klass shift: 3
Compressed class space size: 528482304 Address: 0x0000000800b30000

Heap:
 garbage-first heap   total 104448K, used 53675K [0x0000000080000000, 0x0000000100000000)
  region size 1024K, 4 young (4096K), 4 survivors (4096K)
 Metaspace       used 61111K, capacity 63040K, committed 63100K, reserved 579584K
  class space    used 8496K, capacity 9286K, committed 9340K, reserved 516096K
Heap Regions: E=young(eden), S=young(survivor), O=old, HS=humongous(starts), HC=humongous(continues), CS=collection set, F=free, OA=open archive, CA=closed archive, TAMS=top-at-mark-start (previous, next)
|   0|0x0000000080000000, 0x0000000080100000, 0x0000000080100000|100%| O|  |TAMS 0x0000000080100000, 0x0000000080100000| Untracked 
|   1|0x0000000080100000, 0x0000000080200000, 0x0000000080200000|100%| O|  |TAMS 0x0000000080200000, 0x0000000080200000| Untracked 
|   2|0x0000000080200000, 0x0000000080300000, 0x0000000080300000|100%| O|  |TAMS 0x0000000080300000, 0x0000000080300000| Untracked 
|   3|0x0000000080300000, 0x0000000080400000, 0x0000000080400000|100%|HS|  |TAMS 0x0000000080400000, 0x0000000080400000| Complete 
|   4|0x0000000080400000, 0x0000000080500000, 0x0000000080500000|100%|HC|  |TAMS 0x0000000080500000, 0x0000000080500000| Complete 
|   5|0x0000000080500000, 0x0000000080600000, 0x0000000080600000|100%|HC|  |TAMS 0x0000000080600000, 0x0000000080600000| Complete 
|   6|0x0000000080600000, 0x0000000080700000, 0x0000000080700000|100%| O|  |TAMS 0x0000000080700000, 0x0000000080700000| Untracked 
|   7|0x0000000080700000, 0x0000000080800000, 0x0000000080800000|100%| O|  |TAMS 0x0000000080800000, 0x0000000080800000| Untracked 
|   8|0x0000000080800000, 0x0000000080900000, 0x0000000080900000|100%| O|  |TAMS 0x0000000080900000, 0x0000000080900000| Untracked 
|   9|0x0000000080900000, 0x00000000809b4000, 0x0000000080a00000| 70%| O|  |TAMS 0x00000000809b4000, 0x00000000809b4000| Untracked 
|  10|0x0000000080a00000, 0x0000000080b00000, 0x0000000080b00000|100%| O|  |TAMS 0x0000000080b00000, 0x0000000080b00000| Untracked 
|  11|0x0000000080b00000, 0x0000000080c00000, 0x0000000080c00000|100%| O|  |TAMS 0x0000000080c00000, 0x0000000080c00000| Untracked 
|  12|0x0000000080c00000, 0x0000000080d00000, 0x0000000080d00000|100%| O|  |TAMS 0x0000000080d00000, 0x0000000080d00000| Untracked 
|  13|0x0000000080d00000, 0x0000000080e00000, 0x0000000080e00000|100%| O|  |TAMS 0x0000000080e00000, 0x0000000080e00000| Untracked 
|  14|0x0000000080e00000, 0x0000000080f00000, 0x0000000080f00000|100%| O|  |TAMS 0x0000000080f00000, 0x0000000080f00000| Untracked 
|  15|0x0000000080f00000, 0x0000000081000000, 0x0000000081000000|100%| O|  |TAMS 0x0000000081000000, 0x0000000081000000| Untracked 
|  16|0x0000000081000000, 0x0000000081100000, 0x0000000081100000|100%| O|  |TAMS 0x0000000081100000, 0x0000000081100000| Untracked 
|  17|0x0000000081100000, 0x0000000081200000, 0x0000000081200000|100%| O|  |TAMS 0x0000000081200000, 0x0000000081200000| Untracked 
|  18|0x0000000081200000, 0x0000000081300000, 0x0000000081300000|100%| O|  |TAMS 0x0000000081300000, 0x0000000081300000| Untracked 
|  19|0x0000000081300000, 0x0000000081400000, 0x0000000081400000|100%| O|  |TAMS 0x0000000081400000, 0x0000000081400000| Untracked 
|  20|0x0000000081400000, 0x0000000081500000, 0x0000000081500000|100%| O|  |TAMS 0x0000000081500000, 0x0000000081500000| Untracked 
|  21|0x0000000081500000, 0x0000000081600000, 0x0000000081600000|100%| O|  |TAMS 0x0000000081600000, 0x0000000081600000| Untracked 
|  22|0x0000000081600000, 0x0000000081700000, 0x0000000081700000|100%| O|  |TAMS 0x0000000081700000, 0x0000000081700000| Untracked 
|  23|0x0000000081700000, 0x0000000081800000, 0x0000000081800000|100%| O|  |TAMS 0x0000000081800000, 0x0000000081800000| Untracked 
|  24|0x0000000081800000, 0x0000000081900000, 0x0000000081900000|100%| O|  |TAMS 0x0000000081900000, 0x0000000081900000| Untracked 
|  25|0x0000000081900000, 0x0000000081a00000, 0x0000000081a00000|100%| O|  |TAMS 0x0000000081a00000, 0x0000000081a00000| Untracked 
|  26|0x0000000081a00000, 0x0000000081b00000, 0x0000000081b00000|100%| O|  |TAMS 0x0000000081b00000, 0x0000000081b00000| Untracked 
|  27|0x0000000081b00000, 0x0000000081c00000, 0x0000000081c00000|100%| O|  |TAMS 0x0000000081c00000, 0x0000000081c00000| Untracked 
|  28|0x0000000081c00000, 0x0000000081d00000, 0x0000000081d00000|100%| O|  |TAMS 0x0000000081d00000, 0x0000000081d00000| Untracked 
|  29|0x0000000081d00000, 0x0000000081e00000, 0x0000000081e00000|100%| O|  |TAMS 0x0000000081e00000, 0x0000000081e00000| Untracked 
|  30|0x0000000081e00000, 0x0000000081f00000, 0x0000000081f00000|100%| O|  |TAMS 0x0000000081f00000, 0x0000000081f00000| Untracked 
|  31|0x0000000081f00000, 0x0000000082000000, 0x0000000082000000|100%| O|  |TAMS 0x0000000082000000, 0x0000000082000000| Untracked 
|  32|0x0000000082000000, 0x0000000082100000, 0x0000000082100000|100%| O|  |TAMS 0x0000000082100000, 0x0000000082100000| Untracked 
|  33|0x0000000082100000, 0x0000000082200000, 0x0000000082200000|100%|HS|  |TAMS 0x0000000082200000, 0x0000000082200000| Complete 
|  34|0x0000000082200000, 0x0000000082300000, 0x0000000082300000|100%| O|  |TAMS 0x0000000082300000, 0x0000000082300000| Untracked 
|  35|0x0000000082300000, 0x0000000082400000, 0x0000000082400000|100%|HS|  |TAMS 0x0000000082400000, 0x0000000082400000| Complete 
|  36|0x0000000082400000, 0x0000000082500000, 0x0000000082500000|100%|HC|  |TAMS 0x0000000082500000, 0x0000000082500000| Complete 
|  37|0x0000000082500000, 0x0000000082600000, 0x0000000082600000|100%|HC|  |TAMS 0x0000000082600000, 0x0000000082600000| Complete 
|  38|0x0000000082600000, 0x0000000082700000, 0x0000000082700000|100%| O|  |TAMS 0x0000000082700000, 0x0000000082700000| Untracked 
|  39|0x0000000082700000, 0x0000000082800000, 0x0000000082800000|100%| O|  |TAMS 0x0000000082800000, 0x0000000082800000| Untracked 
|  40|0x0000000082800000, 0x0000000082900000, 0x0000000082900000|100%| O|  |TAMS 0x0000000082900000, 0x0000000082900000| Untracked 
|  41|0x0000000082900000, 0x0000000082a00000, 0x0000000082a00000|100%| O|  |TAMS 0x0000000082a00000, 0x0000000082a00000| Untracked 
|  42|0x0000000082a00000, 0x0000000082b00000, 0x0000000082b00000|100%| O|  |TAMS 0x0000000082b00000, 0x0000000082b00000| Untracked 
|  43|0x0000000082b00000, 0x0000000082c00000, 0x0000000082c00000|100%| O|  |TAMS 0x0000000082b02200, 0x0000000082c00000| Untracked 
|  44|0x0000000082c00000, 0x0000000082d00000, 0x0000000082d00000|100%| O|  |TAMS 0x0000000082c00000, 0x0000000082d00000| Untracked 
|  45|0x0000000082d00000, 0x0000000082e00000, 0x0000000082e00000|100%| O|  |TAMS 0x0000000082d00000, 0x0000000082e00000| Untracked 
|  46|0x0000000082e00000, 0x0000000082f00000, 0x0000000082f00000|100%| O|  |TAMS 0x0000000082e00000, 0x0000000082f00000| Untracked 
|  47|0x0000000082f00000, 0x0000000083000000, 0x0000000083000000|100%| O|  |TAMS 0x0000000082f00000, 0x0000000082f2ee00| Untracked 
|  48|0x0000000083000000, 0x0000000083100000, 0x0000000083100000|100%| O|  |TAMS 0x0000000083000000, 0x0000000083000000| Untracked 
|  49|0x0000000083100000, 0x0000000083163400, 0x0000000083200000| 38%| O|  |TAMS 0x0000000083100000, 0x0000000083100000| Untracked 
|  50|0x0000000083200000, 0x0000000083200000, 0x0000000083300000|  0%| F|  |TAMS 0x0000000083200000, 0x0000000083200000| Untracked 
|  51|0x0000000083300000, 0x0000000083300000, 0x0000000083400000|  0%| F|  |TAMS 0x0000000083300000, 0x0000000083300000| Untracked 
|  52|0x0000000083400000, 0x0000000083400000, 0x0000000083500000|  0%| F|  |TAMS 0x0000000083400000, 0x0000000083400000| Untracked 
|  53|0x0000000083500000, 0x0000000083500000, 0x0000000083600000|  0%| F|  |TAMS 0x0000000083500000, 0x0000000083500000| Untracked 
|  54|0x0000000083600000, 0x0000000083600000, 0x0000000083700000|  0%| F|  |TAMS 0x0000000083600000, 0x0000000083600000| Untracked 
|  55|0x0000000083700000, 0x0000000083700000, 0x0000000083800000|  0%| F|  |TAMS 0x0000000083700000, 0x0000000083700000| Untracked 
|  56|0x0000000083800000, 0x0000000083800000, 0x0000000083900000|  0%| F|  |TAMS 0x0000000083800000, 0x0000000083800000| Untracked 
|  57|0x0000000083900000, 0x0000000083900000, 0x0000000083a00000|  0%| F|  |TAMS 0x0000000083900000, 0x0000000083900000| Untracked 
|  58|0x0000000083a00000, 0x0000000083a00000, 0x0000000083b00000|  0%| F|  |TAMS 0x0000000083a00000, 0x0000000083a00000| Untracked 
|  59|0x0000000083b00000, 0x0000000083b00000, 0x0000000083c00000|  0%| F|  |TAMS 0x0000000083b00000, 0x0000000083b00000| Untracked 
|  60|0x0000000083c00000, 0x0000000083c00000, 0x0000000083d00000|  0%| F|  |TAMS 0x0000000083c00000, 0x0000000083c00000| Untracked 
|  61|0x0000000083d00000, 0x0000000083d00000, 0x0000000083e00000|  0%| F|  |TAMS 0x0000000083d00000, 0x0000000083d00000| Untracked 
|  62|0x0000000083e00000, 0x0000000083e00000, 0x0000000083f00000|  0%| F|  |TAMS 0x0000000083e00000, 0x0000000083e00000| Untracked 
|  63|0x0000000083f00000, 0x0000000083f00000, 0x0000000084000000|  0%| F|  |TAMS 0x0000000083f00000, 0x0000000083f00000| Untracked 
|  64|0x0000000084000000, 0x0000000084000000, 0x0000000084100000|  0%| F|  |TAMS 0x0000000084000000, 0x0000000084000000| Untracked 
|  65|0x0000000084100000, 0x0000000084100000, 0x0000000084200000|  0%| F|  |TAMS 0x0000000084100000, 0x0000000084100000| Untracked 
|  66|0x0000000084200000, 0x0000000084200000, 0x0000000084300000|  0%| F|  |TAMS 0x0000000084200000, 0x0000000084200000| Untracked 
|  67|0x0000000084300000, 0x0000000084300000, 0x0000000084400000|  0%| F|  |TAMS 0x0000000084300000, 0x0000000084300000| Untracked 
|  68|0x0000000084400000, 0x0000000084400000, 0x0000000084500000|  0%| F|  |TAMS 0x0000000084400000, 0x0000000084400000| Untracked 
|  69|0x0000000084500000, 0x0000000084500000, 0x0000000084600000|  0%| F|  |TAMS 0x0000000084500000, 0x0000000084500000| Untracked 
|  70|0x0000000084600000, 0x0000000084600000, 0x0000000084700000|  0%| F|  |TAMS 0x0000000084600000, 0x0000000084600000| Untracked 
|  71|0x0000000084700000, 0x0000000084700000, 0x0000000084800000|  0%| F|  |TAMS 0x0000000084700000, 0x0000000084700000| Untracked 
|  72|0x0000000084800000, 0x0000000084800000, 0x0000000084900000|  0%| F|  |TAMS 0x0000000084800000, 0x0000000084800000| Untracked 
|  73|0x0000000084900000, 0x0000000084900000, 0x0000000084a00000|  0%| F|  |TAMS 0x0000000084900000, 0x0000000084900000| Untracked 
|  74|0x0000000084a00000, 0x0000000084a00000, 0x0000000084b00000|  0%| F|  |TAMS 0x0000000084a00000, 0x0000000084a00000| Untracked 
|  75|0x0000000084b00000, 0x0000000084b00000, 0x0000000084c00000|  0%| F|  |TAMS 0x0000000084b00000, 0x0000000084b00000| Untracked 
|  76|0x0000000084c00000, 0x0000000084c00000, 0x0000000084d00000|  0%| F|  |TAMS 0x0000000084c00000, 0x0000000084c00000| Untracked 
|  77|0x0000000084d00000, 0x0000000084d00000, 0x0000000084e00000|  0%| F|  |TAMS 0x0000000084d00000, 0x0000000084d00000| Untracked 
|  78|0x0000000084e00000, 0x0000000084e00000, 0x0000000084f00000|  0%| F|  |TAMS 0x0000000084e00000, 0x0000000084e00000| Untracked 
|  79|0x0000000084f00000, 0x0000000084f00000, 0x0000000085000000|  0%| F|  |TAMS 0x0000000084f00000, 0x0000000084f00000| Untracked 
|  80|0x0000000085000000, 0x0000000085000000, 0x0000000085100000|  0%| F|  |TAMS 0x0000000085000000, 0x0000000085000000| Untracked 
|  81|0x0000000085100000, 0x0000000085100000, 0x0000000085200000|  0%| F|  |TAMS 0x0000000085100000, 0x0000000085100000| Untracked 
|  82|0x0000000085200000, 0x0000000085200000, 0x0000000085300000|  0%| F|  |TAMS 0x0000000085200000, 0x0000000085200000| Untracked 
|  83|0x0000000085300000, 0x0000000085300000, 0x0000000085400000|  0%| F|  |TAMS 0x0000000085300000, 0x0000000085300000| Untracked 
|  84|0x0000000085400000, 0x0000000085400000, 0x0000000085500000|  0%| F|  |TAMS 0x0000000085400000, 0x0000000085400000| Untracked 
|  85|0x0000000085500000, 0x0000000085500000, 0x0000000085600000|  0%| F|  |TAMS 0x0000000085500000, 0x0000000085500000| Untracked 
|  86|0x0000000085600000, 0x0000000085600000, 0x0000000085700000|  0%| F|  |TAMS 0x0000000085600000, 0x0000000085600000| Untracked 
|  87|0x0000000085700000, 0x0000000085700000, 0x0000000085800000|  0%| F|  |TAMS 0x0000000085700000, 0x0000000085700000| Untracked 
|  88|0x0000000085800000, 0x0000000085800000, 0x0000000085900000|  0%| F|  |TAMS 0x0000000085800000, 0x0000000085800000| Untracked 
|  89|0x0000000085900000, 0x0000000085900000, 0x0000000085a00000|  0%| F|  |TAMS 0x0000000085900000, 0x0000000085900000| Untracked 
| 234|0x000000008ea00000, 0x000000008ea00000, 0x000000008eb00000|  0%| F|  |TAMS 0x000000008ea00000, 0x000000008ea00000| Untracked 
| 235|0x000000008eb00000, 0x000000008eb00000, 0x000000008ec00000|  0%| F|  |TAMS 0x000000008eb00000, 0x000000008eb00000| Untracked 
| 236|0x000000008ec00000, 0x000000008ec00000, 0x000000008ed00000|  0%| F|  |TAMS 0x000000008ec00000, 0x000000008ec00000| Untracked 
| 237|0x000000008ed00000, 0x000000008ed00000, 0x000000008ee00000|  0%| F|  |TAMS 0x000000008ed00000, 0x000000008ed00000| Untracked 
| 238|0x000000008ee00000, 0x000000008ee53ae8, 0x000000008ef00000| 32%| S|CS|TAMS 0x000000008ee00000, 0x000000008ee00000| Complete 
| 239|0x000000008ef00000, 0x000000008f000000, 0x000000008f000000|100%| S|CS|TAMS 0x000000008ef00000, 0x000000008ef00000| Complete 
| 240|0x000000008f000000, 0x000000008f100000, 0x000000008f100000|100%| S|CS|TAMS 0x000000008f000000, 0x000000008f000000| Complete 
| 241|0x000000008f100000, 0x000000008f200000, 0x000000008f200000|100%| S|CS|TAMS 0x000000008f100000, 0x000000008f100000| Complete 
| 242|0x000000008f200000, 0x000000008f200000, 0x000000008f300000|  0%| F|  |TAMS 0x000000008f200000, 0x000000008f200000| Untracked 
| 243|0x000000008f300000, 0x000000008f300000, 0x000000008f400000|  0%| F|  |TAMS 0x000000008f300000, 0x000000008f300000| Untracked 
| 244|0x000000008f400000, 0x000000008f400000, 0x000000008f500000|  0%| F|  |TAMS 0x000000008f400000, 0x000000008f400000| Untracked 
| 251|0x000000008fb00000, 0x000000008fb00000, 0x000000008fc00000|  0%| F|  |TAMS 0x000000008fb00000, 0x000000008fb00000| Untracked 

Card table byte_map: [0x000001e378730000,0x000001e378b30000] _byte_map_base: 0x000001e378330000

Marking Bits (Prev, Next): (CMBitMap*) 0x000001e360345d78, (CMBitMap*) 0x000001e360345d38
 Prev Bits: [0x000001e37af30000, 0x000001e37cf30000)
 Next Bits: [0x000001e378f30000, 0x000001e37af30000)

Polling page: 0x000001e35e150000

Metaspace:

Usage:
  Non-class:     52.49 MB capacity,    51.38 MB ( 98%) used,   927.11 KB (  2%) free+waste,   211.31 KB ( <1%) overhead. 
      Class:      9.07 MB capacity,     8.30 MB ( 91%) used,   686.76 KB (  7%) free+waste,   103.13 KB (  1%) overhead. 
       Both:     61.56 MB capacity,    59.68 MB ( 97%) used,     1.58 MB (  3%) free+waste,   314.44 KB ( <1%) overhead. 

Virtual space:
  Non-class space:       62.00 MB reserved,      52.50 MB ( 85%) committed 
      Class space:      504.00 MB reserved,       9.12 MB (  2%) committed 
             Both:      566.00 MB reserved,      61.62 MB ( 11%) committed 

Chunk freelists:
   Non-Class:  6.00 KB
       Class:  26.00 KB
        Both:  32.00 KB

MaxMetaspaceSize: 512.00 MB
CompressedClassSpaceSize: 504.00 MB

CodeHeap 'non-profiled nmethods': size=119168Kb used=4257Kb max_used=4257Kb free=114910Kb
 bounds [0x000001e370640000, 0x000001e370a70000, 0x000001e377aa0000]
CodeHeap 'profiled nmethods': size=119104Kb used=15987Kb max_used=15987Kb free=103116Kb
 bounds [0x000001e3691f0000, 0x000001e36a190000, 0x000001e370640000]
CodeHeap 'non-nmethods': size=7488Kb used=4090Kb max_used=4200Kb free=3397Kb
 bounds [0x000001e368aa0000, 0x000001e368ec0000, 0x000001e3691f0000]
 total_blobs=8421 nmethods=7540 adapters=789
 compilation: disabled (not enough contiguous free space left)
              stopped_count=1, restarted_count=0
 full_count=1

Compilation events (20 events):
Event: 22.034 Thread 0x000001e3008a9800 nmethod 8255 0x000001e370a66310 code [0x000001e370a664a0, 0x000001e370a66578]
Event: 22.034 Thread 0x000001e301178000 8257       1       kotlin.reflect.jvm.internal.impl.serialization.deserialization.descriptors.DeserializedClassDescriptor::getThisAsProtoContainer$deserialization (5 bytes)
Event: 22.034 Thread 0x000001e3008a9800 8258       1       kotlin.reflect.jvm.internal.impl.metadata.ProtoBuf$ValueParameter::getName (5 bytes)
Event: 22.034 Thread 0x000001e3008a9800 nmethod 8258 0x000001e370a66610 code [0x000001e370a667a0, 0x000001e370a66878]
Event: 22.034 Thread 0x000001e3008a9800 8260       3       kotlin.reflect.jvm.internal.impl.serialization.deserialization.MemberDeserializer$getPropertyFieldAnnotations$1::<init> (21 bytes)
Event: 22.034 Thread 0x000001e301178000 nmethod 8257 0x000001e370a66910 code [0x000001e370a66aa0, 0x000001e370a66b78]
Event: 22.034 Thread 0x000001e301178000 8259       1       kotlin.reflect.jvm.internal.impl.serialization.deserialization.descriptors.DeserializedClassDescriptor::getKind (5 bytes)
Event: 22.034 Thread 0x000001e301172800 nmethod 8256 0x000001e370a66c10 code [0x000001e370a66da0, 0x000001e370a66e78]
Event: 22.034 Thread 0x000001e301178000 nmethod 8259 0x000001e370a66f10 code [0x000001e370a670a0, 0x000001e370a67178]
Event: 22.034 Thread 0x000001e3008a9800 nmethod 8260 0x000001e36a18ca10 code [0x000001e36a18cbc0, 0x000001e36a18ce58]
Event: 22.034 Thread 0x000001e301179000 nmethod 8240 0x000001e370a67210 code [0x000001e370a673c0, 0x000001e370a67778]
Event: 22.034 Thread 0x000001e301172800 8261       1       kotlin.reflect.jvm.internal.impl.serialization.deserialization.descriptors.DeserializedClassDescriptor::getVisibility (5 bytes)
Event: 22.034 Thread 0x000001e301172800 nmethod 8261 0x000001e370a67890 code [0x000001e370a67a20, 0x000001e370a67af8]
Event: 22.034 Thread 0x000001e301179000 8262       4       kotlin.reflect.jvm.internal.impl.protobuf.CodedInputStream::pushLimit (45 bytes)
Event: 22.035 Thread 0x000001e300839000 8263       4       kotlin.reflect.jvm.internal.impl.protobuf.ByteString$Output::flushLastBuffer (96 bytes)
Event: 22.035 Thread 0x000001e301179000 nmethod 8262 0x000001e370a67b90 code [0x000001e370a67d20, 0x000001e370a67e38]
Event: 22.035 Thread 0x000001e301179000 8264       4       kotlin.reflect.jvm.internal.impl.protobuf.ByteString::copyFrom (94 bytes)
Event: 22.035 Thread 0x000001e300839000 nmethod 8263 0x000001e370a67f10 code [0x000001e370a680c0, 0x000001e370a681d8]
Event: 22.035 Thread 0x000001e301179000 nmethod 8264 0x000001e370a68290 code [0x000001e370a68440, 0x000001e370a68538]
Event: 22.036 Thread 0x000001e3062c3800 


GC Heap History (20 events):
Event: 20.212 GC heap before
{Heap before GC invocations=20 (full 0):
 garbage-first heap   total 75776K, used 61617K [0x0000000080000000, 0x0000000100000000)
  region size 1024K, 22 young (22528K), 4 survivors (4096K)
 Metaspace       used 47029K, capacity 48615K, committed 48764K, reserved 559104K
  class space    used 6593K, capacity 7240K, committed 7292K, reserved 516096K
}
Event: 20.216 GC heap after
{Heap after GC invocations=21 (full 0):
 garbage-first heap   total 75776K, used 44003K [0x0000000080000000, 0x0000000100000000)
  region size 1024K, 1 young (1024K), 1 survivors (1024K)
 Metaspace       used 47029K, capacity 48615K, committed 48764K, reserved 559104K
  class space    used 6593K, capacity 7240K, committed 7292K, reserved 516096K
}
Event: 20.361 GC heap before
{Heap before GC invocations=22 (full 0):
 garbage-first heap   total 80896K, used 62435K [0x0000000080000000, 0x0000000100000000)
  region size 1024K, 19 young (19456K), 1 survivors (1024K)
 Metaspace       used 48284K, capacity 49842K, committed 50044K, reserved 559104K
  class space    used 6784K, capacity 7434K, committed 7548K, reserved 516096K
}
Event: 20.362 GC heap after
{Heap after GC invocations=23 (full 0):
 garbage-first heap   total 80896K, used 44550K [0x0000000080000000, 0x0000000100000000)
  region size 1024K, 2 young (2048K), 2 survivors (2048K)
 Metaspace       used 48284K, capacity 49842K, committed 50044K, reserved 559104K
  class space    used 6784K, capacity 7434K, committed 7548K, reserved 516096K
}
Event: 20.531 GC heap before
{Heap before GC invocations=23 (full 0):
 garbage-first heap   total 80896K, used 66054K [0x0000000080000000, 0x0000000100000000)
  region size 1024K, 23 young (23552K), 2 survivors (2048K)
 Metaspace       used 50334K, capacity 51958K, committed 52092K, reserved 561152K
  class space    used 7064K, capacity 7735K, committed 7804K, reserved 516096K
}
Event: 20.533 GC heap after
{Heap after GC invocations=24 (full 0):
 garbage-first heap   total 80896K, used 45365K [0x0000000080000000, 0x0000000100000000)
  region size 1024K, 3 young (3072K), 3 survivors (3072K)
 Metaspace       used 50334K, capacity 51958K, committed 52092K, reserved 561152K
  class space    used 7064K, capacity 7735K, committed 7804K, reserved 516096K
}
Event: 20.637 GC heap before
{Heap before GC invocations=25 (full 0):
 garbage-first heap   total 83968K, used 66869K [0x0000000080000000, 0x0000000100000000)
  region size 1024K, 24 young (24576K), 3 survivors (3072K)
 Metaspace       used 51511K, capacity 53131K, committed 53244K, reserved 563200K
  class space    used 7228K, capacity 7870K, committed 7932K, reserved 516096K
}
Event: 20.639 GC heap after
{Heap after GC invocations=26 (full 0):
 garbage-first heap   total 83968K, used 45750K [0x0000000080000000, 0x0000000100000000)
  region size 1024K, 2 young (2048K), 2 survivors (2048K)
 Metaspace       used 51511K, capacity 53131K, committed 53244K, reserved 563200K
  class space    used 7228K, capacity 7870K, committed 7932K, reserved 516096K
}
Event: 20.729 GC heap before
{Heap before GC invocations=26 (full 0):
 garbage-first heap   total 83968K, used 68278K [0x0000000080000000, 0x0000000100000000)
  region size 1024K, 25 young (25600K), 2 survivors (2048K)
 Metaspace       used 53035K, capacity 54635K, committed 54780K, reserved 563200K
  class space    used 7431K, capacity 8094K, committed 8188K, reserved 516096K
}
Event: 20.731 GC heap after
{Heap after GC invocations=27 (full 0):
 garbage-first heap   total 83968K, used 45979K [0x0000000080000000, 0x0000000100000000)
  region size 1024K, 3 young (3072K), 3 survivors (3072K)
 Metaspace       used 53035K, capacity 54635K, committed 54780K, reserved 563200K
  class space    used 7431K, capacity 8094K, committed 8188K, reserved 516096K
}
Event: 20.936 GC heap before
{Heap before GC invocations=28 (full 0):
 garbage-first heap   total 87040K, used 68507K [0x0000000080000000, 0x0000000100000000)
  region size 1024K, 25 young (25600K), 3 survivors (3072K)
 Metaspace       used 54363K, capacity 56056K, committed 56188K, reserved 565248K
  class space    used 7560K, capacity 8239K, committed 8316K, reserved 516096K
}
Event: 20.939 GC heap after
{Heap after GC invocations=29 (full 0):
 garbage-first heap   total 87040K, used 46899K [0x0000000080000000, 0x0000000100000000)
  region size 1024K, 4 young (4096K), 4 survivors (4096K)
 Metaspace       used 54363K, capacity 56056K, committed 56188K, reserved 565248K
  class space    used 7560K, capacity 8239K, committed 8316K, reserved 516096K
}
Event: 21.179 GC heap before
{Heap before GC invocations=29 (full 0):
 garbage-first heap   total 87040K, used 71475K [0x0000000080000000, 0x0000000100000000)
  region size 1024K, 28 young (28672K), 4 survivors (4096K)
 Metaspace       used 56093K, capacity 57875K, committed 57980K, reserved 567296K
  class space    used 7824K, capacity 8522K, committed 8572K, reserved 516096K
}
Event: 21.183 GC heap after
{Heap after GC invocations=30 (full 0):
 garbage-first heap   total 104448K, used 48078K [0x0000000080000000, 0x0000000100000000)
  region size 1024K, 3 young (3072K), 3 survivors (3072K)
 Metaspace       used 56093K, capacity 57875K, committed 57980K, reserved 567296K
  class space    used 7824K, capacity 8522K, committed 8572K, reserved 516096K
}
Event: 21.656 GC heap before
{Heap before GC invocations=31 (full 0):
 garbage-first heap   total 104448K, used 84942K [0x0000000080000000, 0x0000000100000000)
  region size 1024K, 39 young (39936K), 3 survivors (3072K)
 Metaspace       used 58250K, capacity 60125K, committed 60412K, reserved 569344K
  class space    used 8114K, capacity 8896K, committed 8956K, reserved 516096K
}
Event: 21.659 GC heap after
{Heap after GC invocations=32 (full 0):
 garbage-first heap   total 104448K, used 50303K [0x0000000080000000, 0x0000000100000000)
  region size 1024K, 5 young (5120K), 5 survivors (5120K)
 Metaspace       used 58250K, capacity 60125K, committed 60412K, reserved 569344K
  class space    used 8114K, capacity 8896K, committed 8956K, reserved 516096K
}
Event: 21.995 GC heap before
{Heap before GC invocations=32 (full 0):
 garbage-first heap   total 104448K, used 85119K [0x0000000080000000, 0x0000000100000000)
  region size 1024K, 39 young (39936K), 5 survivors (5120K)
 Metaspace       used 60824K, capacity 62752K, committed 62844K, reserved 571392K
  class space    used 8481K, capacity 9254K, committed 9340K, reserved 516096K
}
Event: 21.998 GC heap after
{Heap after GC invocations=33 (full 0):
 garbage-first heap   total 104448K, used 52952K [0x0000000080000000, 0x0000000100000000)
  region size 1024K, 5 young (5120K), 5 survivors (5120K)
 Metaspace       used 60824K, capacity 62752K, committed 62844K, reserved 571392K
  class space    used 8481K, capacity 9254K, committed 9340K, reserved 516096K
}
Event: 22.037 GC heap before
{Heap before GC invocations=33 (full 0):
 garbage-first heap   total 104448K, used 56024K [0x0000000080000000, 0x0000000100000000)
  region size 1024K, 9 young (9216K), 5 survivors (5120K)
 Metaspace       used 61111K, capacity 63040K, committed 63100K, reserved 577536K
  class space    used 8496K, capacity 9286K, committed 9340K, reserved 516096K
}
Event: 22.039 GC heap after
{Heap after GC invocations=34 (full 0):
 garbage-first heap   total 104448K, used 53675K [0x0000000080000000, 0x0000000100000000)
  region size 1024K, 4 young (4096K), 4 survivors (4096K)
 Metaspace       used 61111K, capacity 63040K, committed 63100K, reserved 577536K
  class space    used 8496K, capacity 9286K, committed 9340K, reserved 516096K
}

Deoptimization events (20 events):
Event: 21.868 Thread 0x000001e307d79800 Uncommon trap: trap_request=0xffffff45 fr.pc=0x000001e3707a2324 relative=0x0000000000000324
Event: 21.868 Thread 0x000001e307d79800 Uncommon trap: reason=unstable_if action=reinterpret pc=0x000001e3707a2324 method=org.gradle.internal.file.FileHierarchySet$Node.isChildOfOrThis(Ljava/lang/String;I)Z @ 89 c2
Event: 21.868 Thread 0x000001e307d79800 DEOPT PACKING pc=0x000001e3707a2324 sp=0x00000018574f9ce0
Event: 21.868 Thread 0x000001e307d79800 DEOPT UNPACKING pc=0x000001e368aa852f sp=0x00000018574f9c68 mode 2
Event: 21.884 Thread 0x000001e307d79800 Uncommon trap: trap_request=0xffffff45 fr.pc=0x000001e3708893ac relative=0x000000000000054c
Event: 21.884 Thread 0x000001e307d79800 Uncommon trap: reason=unstable_if action=reinterpret pc=0x000001e3708893ac method=java.lang.StringLatin1.compareToCI([B[B)I @ 68 c2
Event: 21.884 Thread 0x000001e307d79800 DEOPT PACKING pc=0x000001e3708893ac sp=0x00000018574fad80
Event: 21.884 Thread 0x000001e307d79800 DEOPT UNPACKING pc=0x000001e368aa852f sp=0x00000018574fad08 mode 2
Event: 21.951 Thread 0x000001e307d79800 Uncommon trap: trap_request=0xffffffc6 fr.pc=0x000001e370a55f08 relative=0x0000000000000608
Event: 21.951 Thread 0x000001e307d79800 Uncommon trap: reason=bimorphic_or_optimized_type_check action=maybe_recompile pc=0x000001e370a55f08 method=kotlin.reflect.jvm.internal.impl.protobuf.CodedInputStream.tryRefillBuffer(I)Z @ 175 c2
Event: 21.951 Thread 0x000001e307d79800 DEOPT PACKING pc=0x000001e370a55f08 sp=0x00000018574f7c40
Event: 21.951 Thread 0x000001e307d79800 DEOPT UNPACKING pc=0x000001e368aa852f sp=0x00000018574f7b28 mode 2
Event: 21.954 Thread 0x000001e307d79800 Uncommon trap: trap_request=0xffffff45 fr.pc=0x000001e370a4ed20 relative=0x0000000000000140
Event: 21.954 Thread 0x000001e307d79800 Uncommon trap: reason=unstable_if action=reinterpret pc=0x000001e370a4ed20 method=kotlin.reflect.jvm.internal.impl.protobuf.CodedInputStream.readRawVarint32()I @ 10 c2
Event: 21.954 Thread 0x000001e307d79800 DEOPT PACKING pc=0x000001e370a4ed20 sp=0x00000018574f7690
Event: 21.954 Thread 0x000001e307d79800 DEOPT UNPACKING pc=0x000001e368aa852f sp=0x00000018574f7610 mode 2
Event: 21.958 Thread 0x000001e307d79800 Uncommon trap: trap_request=0xffffffc6 fr.pc=0x000001e370a55f08 relative=0x0000000000000608
Event: 21.958 Thread 0x000001e307d79800 Uncommon trap: reason=bimorphic_or_optimized_type_check action=maybe_recompile pc=0x000001e370a55f08 method=kotlin.reflect.jvm.internal.impl.protobuf.CodedInputStream.tryRefillBuffer(I)Z @ 175 c2
Event: 21.958 Thread 0x000001e307d79800 DEOPT PACKING pc=0x000001e370a55f08 sp=0x00000018574f7c40
Event: 21.958 Thread 0x000001e307d79800 DEOPT UNPACKING pc=0x000001e368aa852f sp=0x00000018574f7b28 mode 2

Classes unloaded (20 events):
Event: 20.551 Thread 0x000001e300815800 Unloading class 0x0000000801188040 'org/gradle/internal/model/CalculatedValueContainer$CalculationState$$Lambda$704'
Event: 20.551 Thread 0x000001e300815800 Unloading class 0x0000000801178c40 'org/gradle/internal/model/CalculatedValueContainer$CalculationState$$Lambda$702'
Event: 20.551 Thread 0x000001e300815800 Unloading class 0x0000000801178840 'org/gradle/internal/model/CalculatedValueContainer$CalculationState$$Lambda$699'
Event: 20.551 Thread 0x000001e300815800 Unloading class 0x0000000801179440 'org/gradle/internal/model/CalculatedValueContainer$CalculationState$$Lambda$701'
Event: 20.551 Thread 0x000001e300815800 Unloading class 0x0000000801179c40 'org/gradle/internal/model/CalculatedValueContainer$CalculationState$$Lambda$700'
Event: 20.551 Thread 0x000001e300815800 Unloading class 0x0000000801179840 'org/gradle/internal/operations/DefaultBuildOperationQueue$WorkerRunnable$$Lambda$697'
Event: 20.551 Thread 0x000001e300815800 Unloading class 0x000000080117a440 'org/gradle/internal/operations/DefaultBuildOperationQueue$WorkerRunnable$$Lambda$696'
Event: 20.551 Thread 0x000001e300815800 Unloading class 0x000000080117a040 'org/gradle/internal/operations/DefaultBuildOperationQueue$WorkerRunnable$$Lambda$695'
Event: 20.551 Thread 0x000001e300815800 Unloading class 0x000000080117a840 'org/gradle/internal/operations/DefaultBuildOperationQueue$WorkerRunnable$$Lambda$693'
Event: 20.551 Thread 0x000001e300815800 Unloading class 0x000000080117b440 'org/gradle/internal/operations/DefaultBuildOperationQueue$WorkerRunnable$$Lambda$692'
Event: 20.551 Thread 0x000001e300815800 Unloading class 0x000000080117b040 'org/gradle/internal/operations/DefaultBuildOperationQueue$WorkerRunnable$$Lambda$689'
Event: 20.551 Thread 0x000001e300815800 Unloading class 0x000000080117bc40 'org/gradle/internal/operations/DefaultBuildOperationQueue$WorkerRunnable$$Lambda$688'
Event: 20.551 Thread 0x000001e300815800 Unloading class 0x000000080117b840 'org/gradle/internal/operations/DefaultBuildOperationQueue$WorkerRunnable$$Lambda$691'
Event: 20.551 Thread 0x000001e300815800 Unloading class 0x000000080117c440 'org/gradle/internal/operations/DefaultBuildOperationQueue$WorkerRunnable$$Lambda$690'
Event: 20.551 Thread 0x000001e300815800 Unloading class 0x000000080117c040 'org/gradle/internal/operations/DefaultBuildOperationQueue$WorkerRunnable$$Lambda$687'
Event: 20.551 Thread 0x000001e300815800 Unloading class 0x000000080117cc40 'org/gradle/internal/operations/DefaultBuildOperationQueue$WorkerRunnable$$Lambda$686'
Event: 20.551 Thread 0x000001e300815800 Unloading class 0x000000080117c840 'org/gradle/internal/operations/DefaultBuildOperationQueue$WorkerRunnable$$Lambda$685'
Event: 20.551 Thread 0x000001e300815800 Unloading class 0x000000080117d440 'org/gradle/internal/operations/DefaultBuildOperationQueue$WorkerRunnable$$Lambda$682'
Event: 20.551 Thread 0x000001e300815800 Unloading class 0x000000080117d040 'org/gradle/internal/operations/DefaultBuildOperationQueue$WorkerRunnable$$Lambda$681'
Event: 20.551 Thread 0x000001e300815800 Unloading class 0x000000080117dc40 'org/gradle/internal/operations/DefaultBuildOperationQueue$WorkerRunnable$$Lambda$684'

Classes redefined (0 events):
No events

Internal exceptions (20 events):
Event: 21.178 Thread 0x000001e302e98800 Exception <a 'java/lang/ClassNotFoundException'{0x00000000839e1970}: org/gradle/api/internal/DefaultNamedDomainObjectListBeanInfo> (0x00000000839e1970) 
thrown [./open/src/hotspot/share/classfile/systemDictionary.cpp, line 226]
Event: 21.184 Thread 0x000001e302e98800 Exception <a 'java/lang/ClassNotFoundException'{0x000000008fb15730}: org/gradle/api/internal/DefaultNamedDomainObjectCollectionBeanInfo> (0x000000008fb15730) 
thrown [./open/src/hotspot/share/classfile/systemDictionary.cpp, line 226]
Event: 21.185 Thread 0x000001e302e98800 Exception <a 'java/lang/ClassNotFoundException'{0x000000008fb47230}: org/gradle/api/internal/DefaultDomainObjectCollectionBeanInfo> (0x000000008fb47230) 
thrown [./open/src/hotspot/share/classfile/systemDictionary.cpp, line 226]
Event: 21.186 Thread 0x000001e302e98800 Exception <a 'java/lang/ClassNotFoundException'{0x000000008fb79580}: org/gradle/api/internal/DefaultDomainObjectCollectionCustomizer> (0x000000008fb79580) 
thrown [./open/src/hotspot/share/classfile/systemDictionary.cpp, line 226]
Event: 21.189 Thread 0x000001e302e98800 Exception <a 'java/lang/ClassNotFoundException'{0x000000008fbcc690}: org/gradle/api/internal/DefaultNamedDomainObjectCollectionCustomizer> (0x000000008fbcc690) 
thrown [./open/src/hotspot/share/classfile/systemDictionary.cpp, line 226]
Event: 21.191 Thread 0x000001e302e98800 Exception <a 'java/lang/ClassNotFoundException'{0x000000008f425ce8}: org/gradle/api/internal/DefaultNamedDomainObjectListCustomizer> (0x000000008f425ce8) 
thrown [./open/src/hotspot/share/classfile/systemDictionary.cpp, line 226]
Event: 21.194 Thread 0x000001e302e98800 Exception <a 'java/lang/ClassNotFoundException'{0x000000008f488360}: org/gradle/api/internal/artifacts/DefaultArtifactRepositoryContainerCustomizer> (0x000000008f488360) 
thrown [./open/src/hotspot/share/classfile/systemDictionary.cpp, line 226]
Event: 21.196 Thread 0x000001e302e98800 Exception <a 'java/lang/ClassNotFoundException'{0x000000008f4df670}: org/gradle/api/internal/artifacts/dsl/DefaultRepositoryHandlerCustomizer> (0x000000008f4df670) 
thrown [./open/src/hotspot/share/classfile/systemDictionary.cpp, line 226]
Event: 21.198 Thread 0x000001e302e98800 Exception <a 'java/lang/ClassNotFoundException'{0x000000008f348c18}: org/gradle/api/internal/artifacts/dsl/DefaultRepositoryHandler_DecoratedCustomizer> (0x000000008f348c18) 
thrown [./open/src/hotspot/share/classfile/systemDictionary.cpp, line 226]
Event: 21.215 Thread 0x000001e302e98800 Exception <a 'java/lang/ClassNotFoundException'{0x000000008f22c260}: org/gradle/api/internal/artifacts/dsl/dependencies/DefaultDependencyHandler_DecoratedBeanInfo> (0x000000008f22c260) 
thrown [./open/src/hotspot/share/classfile/systemDictionary.cpp, line 226]
Event: 21.216 Thread 0x000001e302e98800 Exception <a 'java/lang/ClassNotFoundException'{0x000000008f276858}: org/gradle/api/internal/artifacts/dsl/dependencies/DefaultDependencyHandlerBeanInfo> (0x000000008f276858) 
thrown [./open/src/hotspot/share/classfile/systemDictionary.cpp, line 226]
Event: 21.217 Thread 0x000001e302e98800 Exception <a 'java/lang/ClassNotFoundException'{0x000000008f2c15a0}: org/gradle/api/internal/artifacts/dsl/dependencies/DefaultDependencyHandlerCustomizer> (0x000000008f2c15a0) 
thrown [./open/src/hotspot/share/classfile/systemDictionary.cpp, line 226]
Event: 21.220 Thread 0x000001e302e98800 Exception <a 'java/lang/ClassNotFoundException'{0x000000008f139330}: org/gradle/api/internal/artifacts/dsl/dependencies/DefaultDependencyHandler_DecoratedCustomizer> (0x000000008f139330) 
thrown [./open/src/hotspot/share/classfile/systemDictionary.cpp, line 226]
Event: 21.301 Thread 0x000001e302e98800 Exception <a 'java/lang/NoSuchMethodError'{0x000000008ebb98e8}: 'java.lang.Object java.lang.invoke.Invokers$Holder.linkToTargetMethod(java.lang.Object, int, java.lang.Object)'> (0x000000008ebb98e8) 
thrown [./open/src/hotspot/share/interpreter/linkResolver.cpp, line 766]
Event: 21.575 Thread 0x000001e302e96000 Implicit null exception at 0x000001e3706a1567 to 0x000001e3706a1b84
Event: 21.575 Thread 0x000001e302e96000 Implicit null exception at 0x000001e37067db64 to 0x000001e37067e1bc
Event: 21.780 Thread 0x000001e302e98800 Implicit null exception at 0x000001e37084107b to 0x000001e3708410b8
Event: 21.811 Thread 0x000001e307d7a000 Exception <a 'java/lang/NoSuchMethodError'{0x000000008ea5c9a8}: 'java.lang.Object java.lang.invoke.Invokers$Holder.linkToTargetMethod(java.lang.Object, java.lang.Object, java.lang.Object, int, java.lang.Object, java.lang.Object)'> (0x000000008ea5c9a8) 
thrown [./open/src/hotspot/share/interpreter/linkResolver.cpp, line 766]
Event: 21.868 Thread 0x000001e307d79800 Implicit null exception at 0x000001e370799687 to 0x000001e370799880
Event: 21.874 Thread 0x000001e307d79800 Exception <a 'java/lang/NoSuchMethodError'{0x000000008577c6c8}: 'int java.lang.invoke.DirectMethodHandle$Holder.invokeSpecial(java.lang.Object, java.lang.Object, java.lang.Object, java.lang.Object, java.lang.Object)'> (0x000000008577c6c8) 
thrown [./open/src/hotspot/share/interpreter/linkResolver.cpp, line 766]

Events (20 events):
Event: 21.913 Thread 0x000001e304325800 Thread added: 0x000001e304325800
Event: 21.913 Thread 0x000001e304323800 Thread added: 0x000001e304323800
Event: 21.913 Thread 0x000001e304326000 Thread added: 0x000001e304326000
Event: 21.913 Thread 0x000001e30432a800 Thread added: 0x000001e30432a800
Event: 21.913 Thread 0x000001e304327000 Thread added: 0x000001e304327000
Event: 21.913 Thread 0x000001e304328800 Thread added: 0x000001e304328800
Event: 21.913 Thread 0x000001e304324800 Thread added: 0x000001e304324800
Event: 21.914 Thread 0x000001e30432e800 Thread added: 0x000001e30432e800
Event: 21.914 Thread 0x000001e30432b000 Thread added: 0x000001e30432b000
Event: 21.922 Executing VM operation: HandshakeOneThread
Event: 21.922 Executing VM operation: HandshakeOneThread done
Event: 21.922 Executing VM operation: HandshakeOneThread
Event: 21.922 Executing VM operation: HandshakeOneThread done
Event: 21.994 Executing VM operation: G1CollectForAllocation
Event: 21.998 Executing VM operation: G1CollectForAllocation done
Event: 22.019 loading class java/io/NotSerializableException
Event: 22.019 loading class java/io/NotSerializableException done
Event: 22.036 Executing VM operation: HandshakeAllThreads
Event: 22.036 Executing VM operation: HandshakeAllThreads done
Event: 22.037 Executing VM operation: CollectForMetadataAllocation


Dynamic libraries:
0x00007ff7925d0000 - 0x00007ff7925df000 	C:\Program Files\Java\jdk-14.0.2\bin\java.exe
0x00007ff8ca630000 - 0x00007ff8ca844000 	C:\WINDOWS\SYSTEM32\ntdll.dll
0x00007ff8c8c10000 - 0x00007ff8c8cd4000 	C:\WINDOWS\System32\KERNEL32.DLL
0x00007ff8c7cf0000 - 0x00007ff8c8094000 	C:\WINDOWS\System32\KERNELBASE.dll
0x00007ff8c7ab0000 - 0x00007ff8c7bc1000 	C:\WINDOWS\System32\ucrtbase.dll
0x00007ff859740000 - 0x00007ff859758000 	C:\Program Files\Java\jdk-14.0.2\bin\jli.dll
0x00007ff8c8e10000 - 0x00007ff8c8ec0000 	C:\WINDOWS\System32\ADVAPI32.dll
0x00007ff8ca500000 - 0x00007ff8ca5a7000 	C:\WINDOWS\System32\msvcrt.dll
0x00007ff8c8ce0000 - 0x00007ff8c8d86000 	C:\WINDOWS\System32\sechost.dll
0x00007ff8c9530000 - 0x00007ff8c9647000 	C:\WINDOWS\System32\RPCRT4.dll
0x00007ff8c87e0000 - 0x00007ff8c898a000 	C:\WINDOWS\System32\USER32.dll
0x00007ff8c7cc0000 - 0x00007ff8c7ce6000 	C:\WINDOWS\System32\win32u.dll
0x00007ff8c8a00000 - 0x00007ff8c8a29000 	C:\WINDOWS\System32\GDI32.dll
0x00007ff859760000 - 0x00007ff859775000 	C:\Program Files\Java\jdk-14.0.2\bin\VCRUNTIME140.dll
0x00007ff8c82d0000 - 0x00007ff8c83e9000 	C:\WINDOWS\System32\gdi32full.dll
0x00007ff8c7a10000 - 0x00007ff8c7aaa000 	C:\WINDOWS\System32\msvcp_win.dll
0x00007ff8a0f00000 - 0x00007ff8a118f000 	C:\WINDOWS\WinSxS\amd64_microsoft.windows.common-controls_6595b64144ccf1df_6.0.22621.2070_none_2713e6537381f706\COMCTL32.dll
0x00007ff8c1260000 - 0x00007ff8c126a000 	C:\WINDOWS\SYSTEM32\VERSION.dll
0x00007ff8ca5b0000 - 0x00007ff8ca5e1000 	C:\WINDOWS\System32\IMM32.DLL
0x00007ff8596a0000 - 0x00007ff85973b000 	C:\Program Files\Java\jdk-14.0.2\bin\msvcp140.dll
0x00007ff858b80000 - 0x00007ff85969e000 	C:\Program Files\Java\jdk-14.0.2\bin\server\jvm.dll
0x00007ff8ca2d0000 - 0x00007ff8ca2d8000 	C:\WINDOWS\System32\PSAPI.DLL
0x00007ff88e910000 - 0x00007ff88e919000 	C:\WINDOWS\SYSTEM32\WSOCK32.dll
0x00007ff8c8b80000 - 0x00007ff8c8bf1000 	C:\WINDOWS\System32\WS2_32.dll
0x00007ff8c0ce0000 - 0x00007ff8c0d14000 	C:\WINDOWS\SYSTEM32\WINMM.dll
0x00007ff8c6a30000 - 0x00007ff8c6a48000 	C:\WINDOWS\SYSTEM32\kernel.appcore.dll
0x00007ff88c570000 - 0x00007ff88c57a000 	C:\Program Files\Java\jdk-14.0.2\bin\jimage.dll
0x00007ff8c53c0000 - 0x00007ff8c55ee000 	C:\WINDOWS\SYSTEM32\DBGHELP.DLL
0x00007ff8c8450000 - 0x00007ff8c87da000 	C:\WINDOWS\System32\combase.dll
0x00007ff8c9350000 - 0x00007ff8c9427000 	C:\WINDOWS\System32\OLEAUT32.dll
0x00007ff8afff0000 - 0x00007ff8b0022000 	C:\WINDOWS\SYSTEM32\dbgcore.DLL
0x00007ff8c7bd0000 - 0x00007ff8c7c4a000 	C:\WINDOWS\System32\bcryptPrimitives.dll
0x00007ff858b50000 - 0x00007ff858b75000 	C:\Program Files\Java\jdk-14.0.2\bin\java.dll
0x00007ff858b30000 - 0x00007ff858b46000 	C:\Program Files\Java\jdk-14.0.2\bin\zip.dll
0x00007ff8c9ab0000 - 0x00007ff8ca2c6000 	C:\WINDOWS\System32\SHELL32.dll
0x00007ff8c5990000 - 0x00007ff8c627a000 	C:\WINDOWS\SYSTEM32\windows.storage.dll
0x00007ff8c5850000 - 0x00007ff8c598e000 	C:\WINDOWS\SYSTEM32\wintypes.dll
0x00007ff8c9700000 - 0x00007ff8c97f3000 	C:\WINDOWS\System32\SHCORE.dll
0x00007ff8ca300000 - 0x00007ff8ca35e000 	C:\WINDOWS\System32\shlwapi.dll
0x00007ff8c7940000 - 0x00007ff8c7966000 	C:\WINDOWS\SYSTEM32\profapi.dll
0x00007ff858b10000 - 0x00007ff858b29000 	C:\Program Files\Java\jdk-14.0.2\bin\net.dll
0x00007ff8c0fe0000 - 0x00007ff8c1117000 	C:\WINDOWS\SYSTEM32\WINHTTP.dll
0x00007ff8c6f80000 - 0x00007ff8c6fe9000 	C:\WINDOWS\system32\mswsock.dll
0x00007ff858af0000 - 0x00007ff858b02000 	C:\Program Files\Java\jdk-14.0.2\bin\nio.dll
0x00007ff8c1f20000 - 0x00007ff8c1f30000 	C:\Program Files\Java\jdk-14.0.2\bin\verify.dll
0x00007ff861150000 - 0x00007ff861177000 	C:\Users\Admin\.gradle\native\e1d6ef7f7dcc3fd88c89a11ec53ec762bb8ba0a96d01ffa2cd45eb1d1d8dd5c5\windows-amd64\native-platform.dll
0x00007ff84f410000 - 0x00007ff84f554000 	C:\Users\Admin\.gradle\native\0d407fdbe67a94daf76414ababcb853783967236a71b16ec16e742cd7a986fd3\windows-amd64\native-platform-file-events.dll
0x00007ff88ae60000 - 0x00007ff88ae69000 	C:\Program Files\Java\jdk-14.0.2\bin\management.dll
0x00007ff88ade0000 - 0x00007ff88adeb000 	C:\Program Files\Java\jdk-14.0.2\bin\management_ext.dll
0x00007ff8c71a0000 - 0x00007ff8c71bb000 	C:\WINDOWS\SYSTEM32\CRYPTSP.dll
0x00007ff8c69f0000 - 0x00007ff8c6a25000 	C:\WINDOWS\system32\rsaenh.dll
0x00007ff8c7040000 - 0x00007ff8c706c000 	C:\WINDOWS\SYSTEM32\USERENV.dll
0x00007ff8c73b0000 - 0x00007ff8c73d8000 	C:\WINDOWS\SYSTEM32\bcrypt.dll
0x00007ff8c71c0000 - 0x00007ff8c71cc000 	C:\WINDOWS\SYSTEM32\CRYPTBASE.dll
0x00007ff8c64e0000 - 0x00007ff8c650d000 	C:\WINDOWS\SYSTEM32\IPHLPAPI.DLL
0x00007ff8c8ec0000 - 0x00007ff8c8ec9000 	C:\WINDOWS\System32\NSI.dll
0x00007ff8c1270000 - 0x00007ff8c1289000 	C:\WINDOWS\SYSTEM32\dhcpcsvc6.DLL
0x00007ff8c0d20000 - 0x00007ff8c0d3f000 	C:\WINDOWS\SYSTEM32\dhcpcsvc.DLL
0x00007ff8c6550000 - 0x00007ff8c6643000 	C:\WINDOWS\SYSTEM32\DNSAPI.dll

dbghelp: loaded successfully - version: 4.0.5 - missing functions: none
symbol engine: initialized successfully - sym options: 0x614 - pdb path: .;C:\Program Files\Java\jdk-14.0.2\bin;C:\WINDOWS\SYSTEM32;C:\WINDOWS\WinSxS\amd64_microsoft.windows.common-controls_6595b64144ccf1df_6.0.22621.2070_none_2713e6537381f706;C:\Program Files\Java\jdk-14.0.2\bin\server;C:\Users\Admin\.gradle\native\e1d6ef7f7dcc3fd88c89a11ec53ec762bb8ba0a96d01ffa2cd45eb1d1d8dd5c5\windows-amd64;C:\Users\Admin\.gradle\native\0d407fdbe67a94daf76414ababcb853783967236a71b16ec16e742cd7a986fd3\windows-amd64

VM Arguments:
jvm_args: -XX:MaxMetaspaceSize=512m --add-opens=java.base/java.util=ALL-UNNAMED --add-opens=java.base/java.lang=ALL-UNNAMED --add-opens=java.base/java.lang.invoke=ALL-UNNAMED --add-opens=java.base/java.util=ALL-UNNAMED --add-opens=java.prefs/java.util.prefs=ALL-UNNAMED --add-opens=java.prefs/java.util.prefs=ALL-UNNAMED --add-opens=java.base/java.nio.charset=ALL-UNNAMED --add-opens=java.base/java.net=ALL-UNNAMED --add-opens=java.base/java.util.concurrent.atomic=ALL-UNNAMED -Xmx2048m -Dfile.encoding=windows-1252 -Duser.country=US -Duser.language=en -Duser.variant 
java_command: org.gradle.launcher.daemon.bootstrap.GradleDaemon 7.5.1
java_class_path (initial): C:\Users\Admin\.gradle\wrapper\dists\gradle-7.5.1-all\1ehga6e77gqps5uk2kc5kf1vc\gradle-7.5.1\lib\gradle-launcher-7.5.1.jar
Launcher Type: SUN_STANDARD

[Global flags]
     intx CICompilerCount                          = 12                                        {product} {ergonomic}
   size_t CompressedClassSpaceSize                 = 528482304                                 {product} {ergonomic}
     uint ConcGCThreads                            = 3                                         {product} {ergonomic}
     uint G1ConcRefinementThreads                  = 13                                        {product} {ergonomic}
   size_t G1HeapRegionSize                         = 1048576                                   {product} {ergonomic}
    uintx GCDrainStackTargetSize                   = 64                                        {product} {ergonomic}
   size_t InitialHeapSize                          = 264241152                                 {product} {ergonomic}
   size_t MarkStackSize                            = 4194304                                   {product} {ergonomic}
   size_t MaxHeapSize                              = 2147483648                                {product} {command line}
   size_t MaxMetaspaceSize                         = 536870912                                 {product} {command line}
   size_t MaxNewSize                               = 1287651328                                {product} {ergonomic}
   size_t MinHeapDeltaBytes                        = 1048576                                   {product} {ergonomic}
   size_t MinHeapSize                              = 8388608                                   {product} {ergonomic}
    uintx NonNMethodCodeHeapSize                   = 7602480                                {pd product} {ergonomic}
    uintx NonProfiledCodeHeapSize                  = 122027880                              {pd product} {ergonomic}
    uintx ProfiledCodeHeapSize                     = 122027880                              {pd product} {ergonomic}
    uintx ReservedCodeCacheSize                    = 251658240                              {pd product} {ergonomic}
     bool SegmentedCodeCache                       = true                                      {product} {ergonomic}
   size_t SoftMaxHeapSize                          = 2147483648                             {manageable} {ergonomic}
     bool UseCompressedClassPointers               = true                                 {lp64_product} {ergonomic}
     bool UseCompressedOops                        = true                                 {lp64_product} {ergonomic}
     bool UseG1GC                                  = true                                      {product} {ergonomic}
     bool UseLargePagesIndividualAllocation        = false                                  {pd product} {ergonomic}

Logging:
Log output configuration:
 #0: stdout all=warning uptime,level,tags
 #1: stderr all=off uptime,level,tags

Environment Variables:
JAVA_HOME=C:\Program Files\Java\jdk-14.0.2
CLASSPATH=C:\Users\Admin\AwesomeProject\android\\gradle\wrapper\gradle-wrapper.jar
PATH=C:\Users\Admin\AwesomeProject\android\node_modules\.bin;C:\Users\Admin\AwesomeProject\node_modules\.bin;C:\Users\Admin\node_modules\.bin;C:\Users\node_modules\.bin;C:\node_modules\.bin;C:\Program Files\nodejs;C:\Users\Admin\AwesomeProject\node_modules\.bin;C:\Users\Admin\node_modules\.bin;C:\Users\node_modules\.bin;C:\node_modules\.bin;C:\Program Files\nodejs\node_modules\npm\node_modules\@npmcli\run-script\lib\node-gyp-bin;C:\Program Files\Python310\Scripts\;C:\Program Files\Python310\;C:\Program Files\Python38\Scripts\;C:\Program Files\Python38\;C:\WINDOWS\system32;C:\WINDOWS;C:\WINDOWS\System32\Wbem;C:\WINDOWS\System32\WindowsPowerShell\v1.0\;C:\WINDOWS\System32\OpenSSH\;C:\Program Files\Microsoft SQL Server\Client SDK\ODBC\110\Tools\Binn\;C:\Program Files (x86)\Microsoft SQL Server\120\Tools\Binn\;C:\Program Files\Microsoft SQL Server\120\Tools\Binn\;C:\Program Files\Microsoft SQL Server\120\DTS\Binn\;C:\Program Files (x86)\Microsoft SQL Server\120\Tools\Binn\ManagementStudio\;C:\Program Files (x86)\Microsoft SQL Server\120\DTS\Binn\;C:\Program Files\Java\jdk-11.0.2\bin;C:\tomcat\apache-tomcat-9.0.63\bin;C:\Program Files\dotnet\;C:\Program Files\Microsoft SQL Server\150\Tools\Binn\;C:\Program Files\Microsoft SQL Server\Client SDK\ODBC\170\Tools\Binn\;C:\Program Files\nodejs\;C:\Program Files\Microsoft SQL Server\130\Tools\Binn\;C:\WINDOWS\system32;C:\WINDOWS;C:\WINDOWS\System32\Wbem;C:\WINDOWS\System32\WindowsPowerShell\v1.0\;C:\WINDOWS\System32\OpenSSH\;C:\Program Files\MongoDB\Server\5.0\bin;C:\Users\Admin\AppData\Local\Microsoft\WindowsApps;;C:\Users\Admin\AppData\Local\Programs\Microsoft VS Code\bin;C:\Users\Admin\.dotnet\tools;C:\Users\Admin\AppData\Roaming\npm;C:\Users\Admin\AwesomeProject\node_modules\.bin
USERNAME=Admin
OS=Windows_NT
PROCESSOR_IDENTIFIER=Intel64 Family 6 Model 141 Stepping 1, GenuineIntel



---------------  S Y S T E M  ---------------

OS: Windows 10 , 64 bit Build 22621 (10.0.22621.2070)
OS uptime: 0 days 12:01 hours
HyperV virtualization detected

CPU:total 16 (initial active 16) (8 cores per cpu, 2 threads per core) family 6 model 141 stepping 1, cmov, cx8, fxsr, mmx, sse, sse2, sse3, ssse3, sse4.1, sse4.2, popcnt, avx, avx2, aes, clmul, erms, 3dnowpref, lzcnt, ht, tsc, tscinvbit, bmi1, bmi2, adx, evex, sha, fma

Memory: 4k page, system-wide physical 16085M (2521M free)
TotalPageFile size 18133M (AvailPageFile size 9M)
current process WorkingSet (physical memory assigned to process): 335M, peak: 342M
current process commit charge ("private bytes"): 389M, peak: 440M

vm_info: Java HotSpot(TM) 64-Bit Server VM (14.0.2+12-46) for windows-amd64 JRE (14.0.2+12-46), built on Jul  9 2020 00:35:52 by "mach5one" with MS VC++ 15.9 (VS2017)

END.
