#
# There is insufficient memory for the Java Runtime Environment to continue.
# Native memory allocation (mmap) failed to map 67108864 bytes for Failed to commit area from 0x00000000fc000000 to 0x0000000100000000 of length 67108864.
# Possible reasons:
#   The system is out of physical RAM or swap space
#   The process is running with CompressedOops enabled, and the Java Heap may be blocking the growth of the native heap
# Possible solutions:
#   Reduce memory load on the system
#   Increase physical memory or swap space
#   Check if swap backing store is full
#   Decrease Java heap size (-Xmx/-Xms)
#   Decrease number of Java threads
#   Decrease Java thread stack sizes (-Xss)
#   Set larger code cache with -XX:ReservedCodeCacheSize=
#   JVM is running with Unscaled Compressed Oops mode in which the Java heap is
#     placed in the first 4GB address space. The Java Heap base address is the
#     maximum limit for the native heap growth. Please use -XX:HeapBaseMinAddress
#     to set the Java Heap base and to place the Java Heap above 4GB virtual address.
# This output file may be truncated or incomplete.
#
#  Out of Memory Error (./open/src/hotspot/os/windows/os_windows.cpp:3315), pid=12504, tid=2340
#
# JRE version:  (14.0.2+12) (build )
# Java VM: Java HotSpot(TM) 64-Bit Server VM (14.0.2+12-46, mixed mode, sharing, tiered, compressed oops, g1 gc, windows-amd64)
# No core dump will be written. Minidumps are not enabled by default on client versions of Windows
#

---------------  S U M M A R Y ------------

Command Line: -Xmx64m -Xms64m -Dorg.gradle.appname=gradlew org.gradle.wrapper.GradleWrapperMain app:installDebug -PreactNativeDevServerPort=8081

Host: 11th Gen Intel(R) Core(TM) i7-11800H @ 2.30GHz, 16 cores, 15G,  Windows 10 , 64 bit Build 22621 (10.0.22621.2070)
Time: Wed Aug 16 09:04:50 2023 SE Asia Standard Time elapsed time: 0 seconds (0d 0h 0m 0s)

---------------  T H R E A D  ---------------

Current thread (0x000001f3ac090800):  JavaThread "Unknown thread" [_thread_in_vm, id=2340, stack(0x00000007d6f00000,0x00000007d7000000)]

Stack: [0x00000007d6f00000,0x00000007d7000000]
Native frames: (J=compiled Java code, j=interpreted, Vv=VM code, C=native code)
V  [jvm.dll+0x5f8a9a]
V  [jvm.dll+0x74247a]
V  [jvm.dll+0x743c2f]
V  [jvm.dll+0x744273]
V  [jvm.dll+0x20d288]
V  [jvm.dll+0x5f5dea]
V  [jvm.dll+0x5eac45]
V  [jvm.dll+0x2c7e9c]
V  [jvm.dll+0x2c7cd2]
V  [jvm.dll+0x2cdbbc]
V  [jvm.dll+0x313fe8]
V  [jvm.dll+0x313710]
V  [jvm.dll+0x2a092a]
V  [jvm.dll+0x2a1a79]
V  [jvm.dll+0x71fd48]
V  [jvm.dll+0x321c14]
V  [jvm.dll+0x70112c]
V  [jvm.dll+0x392def]
V  [jvm.dll+0x394e61]
C  [jli.dll+0x524b]
C  [ucrtbase.dll+0x29363]
C  [KERNEL32.DLL+0x126ad]
C  [ntdll.dll+0x5aa68]


---------------  P R O C E S S  ---------------

Threads class SMR info:
_java_thread_list=0x00007ffe60033038, length=0, elements={
}

Java Threads: ( => current thread )

Other Threads:
  0x000001f3ac0b0000 GCTaskThread "GC Thread#0" [stack: 0x00000007d7000000,0x00000007d7100000] [id=15280]
  0x000001f3ac0b2000 ConcurrentGCThread "G1 Main Marker" [stack: 0x00000007d7100000,0x00000007d7200000] [id=16740]
  0x000001f3ac0b3000 ConcurrentGCThread "G1 Conc#0" [stack: 0x00000007d7200000,0x00000007d7300000] [id=21380]

[error occurred during error reporting (printing all threads), id 0xc0000005, EXCEPTION_ACCESS_VIOLATION (0xc0000005) at pc=0x00007ffe5f861257]

VM state:not at safepoint (not fully initialized)

VM Mutex/Monitor currently owned by a thread:  ([mutex/lock_event])
[0x000001f3ac08b1e0] Heap_lock - owner thread: 0x000001f3ac090800

Heap address: 0x00000000fc000000, size: 64 MB, Compressed Oops mode: 32-bit
Narrow klass base: 0x0000000000000000, Narrow klass shift: 0

GC Heap History (0 events):
No events

Deoptimization events (0 events):
No events

Classes unloaded (0 events):
No events

Classes redefined (0 events):
No events

Internal exceptions (0 events):
No events

Events (2 events):
Event: 0.004 Loaded shared library C:\Program Files\Java\jdk-14.0.2\bin\java.dll
Event: 0.004 Loaded shared library C:\Program Files\Java\jdk-14.0.2\bin\zip.dll


Dynamic libraries:
0x00007ff75fc80000 - 0x00007ff75fc8f000 	C:\Program Files\Java\jdk-14.0.2\bin\java.exe
0x00007ffeff510000 - 0x00007ffeff724000 	C:\WINDOWS\SYSTEM32\ntdll.dll
0x00007ffefdbe0000 - 0x00007ffefdca4000 	C:\WINDOWS\System32\KERNEL32.DLL
0x00007ffefcd10000 - 0x00007ffefd0b4000 	C:\WINDOWS\System32\KERNELBASE.dll
0x00007ffefc8f0000 - 0x00007ffefca01000 	C:\WINDOWS\System32\ucrtbase.dll
0x00007ffebfb20000 - 0x00007ffebfb35000 	C:\Program Files\Java\jdk-14.0.2\bin\VCRUNTIME140.dll
0x00007ffe93760000 - 0x00007ffe93778000 	C:\Program Files\Java\jdk-14.0.2\bin\jli.dll
0x00007ffefd2d0000 - 0x00007ffefd380000 	C:\WINDOWS\System32\ADVAPI32.dll
0x00007ffefefa0000 - 0x00007ffeff047000 	C:\WINDOWS\System32\msvcrt.dll
0x00007ffefd860000 - 0x00007ffefd906000 	C:\WINDOWS\System32\sechost.dll
0x00007ffefe7a0000 - 0x00007ffefe8b7000 	C:\WINDOWS\System32\RPCRT4.dll
0x00007ffefda30000 - 0x00007ffefdbda000 	C:\WINDOWS\System32\USER32.dll
0x00007ffed66d0000 - 0x00007ffed695f000 	C:\WINDOWS\WinSxS\amd64_microsoft.windows.common-controls_6595b64144ccf1df_6.0.22621.2070_none_2713e6537381f706\COMCTL32.dll
0x00007ffefd230000 - 0x00007ffefd256000 	C:\WINDOWS\System32\win32u.dll
0x00007ffeff440000 - 0x00007ffeff469000 	C:\WINDOWS\System32\GDI32.dll
0x00007ffefca10000 - 0x00007ffefcb29000 	C:\WINDOWS\System32\gdi32full.dll
0x00007ffefcc70000 - 0x00007ffefcd0a000 	C:\WINDOWS\System32\msvcp_win.dll
0x00007ffef5960000 - 0x00007ffef596a000 	C:\WINDOWS\SYSTEM32\VERSION.dll
0x00007ffefd9f0000 - 0x00007ffefda21000 	C:\WINDOWS\System32\IMM32.DLL
0x00007ffe61510000 - 0x00007ffe615ab000 	C:\Program Files\Java\jdk-14.0.2\bin\msvcp140.dll
0x00007ffe5f5b0000 - 0x00007ffe600ce000 	C:\Program Files\Java\jdk-14.0.2\bin\server\jvm.dll
0x00007ffefe9f0000 - 0x00007ffefe9f8000 	C:\WINDOWS\System32\PSAPI.DLL
0x00007ffee0840000 - 0x00007ffee0849000 	C:\WINDOWS\SYSTEM32\WSOCK32.dll
0x00007ffef5bd0000 - 0x00007ffef5c04000 	C:\WINDOWS\SYSTEM32\WINMM.dll
0x00007ffefee90000 - 0x00007ffefef01000 	C:\WINDOWS\System32\WS2_32.dll
0x00007ffefb990000 - 0x00007ffefb9a8000 	C:\WINDOWS\SYSTEM32\kernel.appcore.dll
0x00007ffecd170000 - 0x00007ffecd17a000 	C:\Program Files\Java\jdk-14.0.2\bin\jimage.dll
0x00007ffefa250000 - 0x00007ffefa47e000 	C:\WINDOWS\SYSTEM32\DBGHELP.DLL
0x00007ffefd430000 - 0x00007ffefd7ba000 	C:\WINDOWS\System32\combase.dll
0x00007ffefd910000 - 0x00007ffefd9e7000 	C:\WINDOWS\System32\OLEAUT32.dll
0x00007ffee2520000 - 0x00007ffee2552000 	C:\WINDOWS\SYSTEM32\dbgcore.DLL
0x00007ffefcb30000 - 0x00007ffefcbaa000 	C:\WINDOWS\System32\bcryptPrimitives.dll
0x00007ffe614e0000 - 0x00007ffe61505000 	C:\Program Files\Java\jdk-14.0.2\bin\java.dll
0x00007ffe72140000 - 0x00007ffe72156000 	C:\Program Files\Java\jdk-14.0.2\bin\zip.dll

dbghelp: loaded successfully - version: 4.0.5 - missing functions: none
symbol engine: initialized successfully - sym options: 0x614 - pdb path: .;C:\Program Files\Java\jdk-14.0.2\bin;C:\WINDOWS\SYSTEM32;C:\WINDOWS\WinSxS\amd64_microsoft.windows.common-controls_6595b64144ccf1df_6.0.22621.2070_none_2713e6537381f706;C:\Program Files\Java\jdk-14.0.2\bin\server

VM Arguments:
jvm_args: -Xmx64m -Xms64m -Dorg.gradle.appname=gradlew 
java_command: org.gradle.wrapper.GradleWrapperMain app:installDebug -PreactNativeDevServerPort=8081
java_class_path (initial): C:\Users\Admin\AwesomeProject\android\\gradle\wrapper\gradle-wrapper.jar
Launcher Type: SUN_STANDARD

[Global flags]
     intx CICompilerCount                          = 12                                        {product} {ergonomic}
     uint ConcGCThreads                            = 3                                         {product} {ergonomic}
     uint G1ConcRefinementThreads                  = 13                                        {product} {ergonomic}
   size_t G1HeapRegionSize                         = 1048576                                   {product} {ergonomic}
    uintx GCDrainStackTargetSize                   = 64                                        {product} {ergonomic}
   size_t InitialHeapSize                          = 67108864                                  {product} {command line}
   size_t MarkStackSize                            = 4194304                                   {product} {ergonomic}
   size_t MaxHeapSize                              = 67108864                                  {product} {command line}
   size_t MinHeapDeltaBytes                        = 1048576                                   {product} {ergonomic}
   size_t MinHeapSize                              = 67108864                                  {product} {command line}
    uintx NonNMethodCodeHeapSize                   = 7602480                                {pd product} {ergonomic}
    uintx NonProfiledCodeHeapSize                  = 122027880                              {pd product} {ergonomic}
    uintx ProfiledCodeHeapSize                     = 122027880                              {pd product} {ergonomic}
    uintx ReservedCodeCacheSize                    = 251658240                              {pd product} {ergonomic}
     bool SegmentedCodeCache                       = true                                      {product} {ergonomic}
   size_t SoftMaxHeapSize                          = 67108864                               {manageable} {ergonomic}
     bool UseCompressedClassPointers               = true                                 {lp64_product} {ergonomic}
     bool UseCompressedOops                        = true                                 {lp64_product} {ergonomic}
     bool UseG1GC                                  = true                                      {product} {ergonomic}
     bool UseLargePagesIndividualAllocation        = false                                  {pd product} {ergonomic}

Logging:
Log output configuration:
 #0: stdout all=warning uptime,level,tags
 #1: stderr all=off uptime,level,tags

Environment Variables:
JAVA_HOME=C:\Program Files\Java\jdk-14.0.2
CLASSPATH=C:\Users\Admin\AwesomeProject\android\\gradle\wrapper\gradle-wrapper.jar
PATH=C:\Users\Admin\AwesomeProject\android\node_modules\.bin;C:\Users\Admin\AwesomeProject\node_modules\.bin;C:\Users\Admin\node_modules\.bin;C:\Users\node_modules\.bin;C:\node_modules\.bin;C:\Program Files\nodejs;C:\Users\Admin\AwesomeProject\node_modules\.bin;C:\Users\Admin\node_modules\.bin;C:\Users\node_modules\.bin;C:\node_modules\.bin;C:\Program Files\nodejs\node_modules\npm\node_modules\@npmcli\run-script\lib\node-gyp-bin;C:\Program Files\Python310\Scripts\;C:\Program Files\Python310\;C:\Program Files\Python38\Scripts\;C:\Program Files\Python38\;C:\WINDOWS\system32;C:\WINDOWS;C:\WINDOWS\System32\Wbem;C:\WINDOWS\System32\WindowsPowerShell\v1.0\;C:\WINDOWS\System32\OpenSSH\;C:\Program Files\Microsoft SQL Server\Client SDK\ODBC\110\Tools\Binn\;C:\Program Files (x86)\Microsoft SQL Server\120\Tools\Binn\;C:\Program Files\Microsoft SQL Server\120\Tools\Binn\;C:\Program Files\Microsoft SQL Server\120\DTS\Binn\;C:\Program Files (x86)\Microsoft SQL Server\120\Tools\Binn\ManagementStudio\;C:\Program Files (x86)\Microsoft SQL Server\120\DTS\Binn\;C:\Program Files\Java\jdk-11.0.2\bin;C:\tomcat\apache-tomcat-9.0.63\bin;C:\Program Files\dotnet\;C:\Program Files\Microsoft SQL Server\150\Tools\Binn\;C:\Program Files\Microsoft SQL Server\Client SDK\ODBC\170\Tools\Binn\;C:\Program Files\nodejs\;C:\Program Files\Microsoft SQL Server\130\Tools\Binn\;C:\WINDOWS\system32;C:\WINDOWS;C:\WINDOWS\System32\Wbem;C:\WINDOWS\System32\WindowsPowerShell\v1.0\;C:\WINDOWS\System32\OpenSSH\;C:\Program Files\MongoDB\Server\5.0\bin;C:\Users\Admin\AppData\Local\Microsoft\WindowsApps;;C:\Users\Admin\.dotnet\tools;C:\Users\Admin\AppData\Roaming\npm;D:\Microsoft VS Code\bin;C:\Users\Admin\AwesomeProject\node_modules\.bin
USERNAME=Admin
OS=Windows_NT
PROCESSOR_IDENTIFIER=Intel64 Family 6 Model 141 Stepping 1, GenuineIntel



---------------  S Y S T E M  ---------------

OS: Windows 10 , 64 bit Build 22621 (10.0.22621.2070)
OS uptime: 0 days 4:43 hours
HyperV virtualization detected

CPU:total 16 (initial active 16) (8 cores per cpu, 2 threads per core) family 6 model 141 stepping 1, cmov, cx8, fxsr, mmx, sse, sse2, sse3, ssse3, sse4.1, sse4.2, popcnt, avx, avx2, aes, clmul, erms, 3dnowpref, lzcnt, ht, tsc, tscinvbit, bmi1, bmi2, adx, evex, sha, fma

Memory: 4k page, system-wide physical 16085M (3213M free)
TotalPageFile size 18133M (AvailPageFile size 37M)
current process WorkingSet (physical memory assigned to process): 11M, peak: 11M
current process commit charge ("private bytes"): 70M, peak: 134M

vm_info: Java HotSpot(TM) 64-Bit Server VM (14.0.2+12-46) for windows-amd64 JRE (14.0.2+12-46), built on Jul  9 2020 00:35:52 by "mach5one" with MS VC++ 15.9 (VS2017)

END.
