#
# There is insufficient memory for the Java Runtime Environment to continue.
# Native memory allocation (malloc) failed to allocate 1324656 bytes for Chunk::new
# Possible reasons:
#   The system is out of physical RAM or swap space
#   The process is running with CompressedOops enabled, and the Java Heap may be blocking the growth of the native heap
# Possible solutions:
#   Reduce memory load on the system
#   Increase physical memory or swap space
#   Check if swap backing store is full
#   Decrease Java heap size (-Xmx/-Xms)
#   Decrease number of Java threads
#   Decrease Java thread stack sizes (-Xss)
#   Set larger code cache with -XX:ReservedCodeCacheSize=
#   JVM is running with Unscaled Compressed Oops mode in which the Java heap is
#     placed in the first 4GB address space. The Java Heap base address is the
#     maximum limit for the native heap growth. Please use -XX:HeapBaseMinAddress
#     to set the Java Heap base and to place the Java Heap above 4GB virtual address.
# This output file may be truncated or incomplete.
#
#  Out of Memory Error (./open/src/hotspot/share/memory/arena.cpp:195), pid=11168, tid=19312
#
# JRE version: Java(TM) SE Runtime Environment (14.0.2+12) (build 14.0.2+12-46)
# Java VM: Java HotSpot(TM) 64-Bit Server VM (14.0.2+12-46, mixed mode, sharing, tiered, compressed oops, g1 gc, windows-amd64)
# No core dump will be written. Minidumps are not enabled by default on client versions of Windows
#

---------------  S U M M A R Y ------------

Command Line: -XX:MaxMetaspaceSize=512m --add-opens=java.base/java.util=ALL-UNNAMED --add-opens=java.base/java.lang=ALL-UNNAMED --add-opens=java.base/java.lang.invoke=ALL-UNNAMED --add-opens=java.base/java.util=ALL-UNNAMED --add-opens=java.prefs/java.util.prefs=ALL-UNNAMED --add-opens=java.prefs/java.util.prefs=ALL-UNNAMED --add-opens=java.base/java.nio.charset=ALL-UNNAMED --add-opens=java.base/java.net=ALL-UNNAMED --add-opens=java.base/java.util.concurrent.atomic=ALL-UNNAMED -Xmx2048m -Dfile.encoding=windows-1252 -Duser.country=US -Duser.language=en -Duser.variant org.gradle.launcher.daemon.bootstrap.GradleDaemon 7.5.1

Host: 11th Gen Intel(R) Core(TM) i7-11800H @ 2.30GHz, 16 cores, 15G,  Windows 10 , 64 bit Build 22621 (10.0.22621.1928)
Time: Tue Aug  8 08:03:09 2023 SE Asia Standard Time elapsed time: 1 seconds (0d 0h 0m 1s)

---------------  T H R E A D  ---------------

Current thread (0x000001f4406c7800):  JavaThread "C2 CompilerThread1" daemon [_thread_in_native, id=19312, stack(0x000000562f300000,0x000000562f400000)]


Current CompileTask:
C2:   1947 2556   !   4       java.net.URL::<init> (543 bytes)

Stack: [0x000000562f300000,0x000000562f400000]
Native frames: (J=compiled Java code, j=interpreted, Vv=VM code, C=native code)
V  [jvm.dll+0x5f8a9a]
V  [jvm.dll+0x74247a]
V  [jvm.dll+0x743c2f]
V  [jvm.dll+0x744273]
V  [jvm.dll+0x20d288]
V  [jvm.dll+0xabb07]
V  [jvm.dll+0xac1fc]
V  [jvm.dll+0x31c438]
V  [jvm.dll+0x2e6b38]
V  [jvm.dll+0x2e5f3a]
V  [jvm.dll+0x1e5e16]
V  [jvm.dll+0x1e50b8]
V  [jvm.dll+0x1779cc]
V  [jvm.dll+0x1f4105]
V  [jvm.dll+0x1f22eb]
V  [jvm.dll+0x7070cd]
V  [jvm.dll+0x6ffeda]
V  [jvm.dll+0x5f78f6]
C  [ucrtbase.dll+0x29363]
C  [KERNEL32.DLL+0x126ad]
C  [ntdll.dll+0x5aa68]


---------------  P R O C E S S  ---------------

Threads class SMR info:
_java_thread_list=0x000001f4422a21d0, length=33, elements={
0x000001f41ffe2800, 0x000001f43fbac800, 0x000001f43fbad800, 0x000001f43fbc4000,
0x000001f43fbc5000, 0x000001f43fbc9000, 0x000001f43fbd6800, 0x000001f43fbdd000,
0x000001f43fbe6000, 0x000001f440581800, 0x000001f440586800, 0x000001f4405b5000,
0x000001f44066e800, 0x000001f4406c7800, 0x000001f44174b800, 0x000001f4412fe800,
0x000001f4412fa800, 0x000001f4412f9800, 0x000001f4412fb800, 0x000001f4412fc000,
0x000001f4412f9000, 0x000001f4412fe000, 0x000001f4412ff800, 0x000001f4422ff000,
0x000001f4422fc800, 0x000001f442300800, 0x000001f442300000, 0x000001f4422fd800,
0x000001f4422fe000, 0x000001f4422fb000, 0x000001f442301800, 0x000001f4422fb800,
0x000001f442307000
}

Java Threads: ( => current thread )
  0x000001f41ffe2800 JavaThread "main" [_thread_blocked, id=21920, stack(0x000000562df00000,0x000000562e000000)]
  0x000001f43fbac800 JavaThread "Reference Handler" daemon [_thread_blocked, id=9016, stack(0x000000562e600000,0x000000562e700000)]
  0x000001f43fbad800 JavaThread "Finalizer" daemon [_thread_blocked, id=21604, stack(0x000000562e700000,0x000000562e800000)]
  0x000001f43fbc4000 JavaThread "Signal Dispatcher" daemon [_thread_blocked, id=19244, stack(0x000000562e800000,0x000000562e900000)]
  0x000001f43fbc5000 JavaThread "Attach Listener" daemon [_thread_blocked, id=20632, stack(0x000000562e900000,0x000000562ea00000)]
  0x000001f43fbc9000 JavaThread "Service Thread" daemon [_thread_blocked, id=19440, stack(0x000000562ea00000,0x000000562eb00000)]
  0x000001f43fbd6800 JavaThread "C2 CompilerThread0" daemon [_thread_in_native, id=2820, stack(0x000000562eb00000,0x000000562ec00000)]
  0x000001f43fbdd000 JavaThread "C1 CompilerThread0" daemon [_thread_in_native, id=18768, stack(0x000000562ec00000,0x000000562ed00000)]
  0x000001f43fbe6000 JavaThread "Sweeper thread" daemon [_thread_blocked, id=23216, stack(0x000000562ed00000,0x000000562ee00000)]
  0x000001f440581800 JavaThread "C1 CompilerThread1" daemon [_thread_in_native, id=21344, stack(0x000000562ee00000,0x000000562ef00000)]
  0x000001f440586800 JavaThread "C1 CompilerThread2" daemon [_thread_in_vm, id=21808, stack(0x000000562ef00000,0x000000562f000000)]
  0x000001f4405b5000 JavaThread "Common-Cleaner" daemon [_thread_blocked, id=19320, stack(0x000000562f000000,0x000000562f100000)]
  0x000001f44066e800 JavaThread "Notification Thread" daemon [_thread_blocked, id=19280, stack(0x000000562f100000,0x000000562f200000)]
=>0x000001f4406c7800 JavaThread "C2 CompilerThread1" daemon [_thread_in_native, id=19312, stack(0x000000562f300000,0x000000562f400000)]
  0x000001f44174b800 JavaThread "C1 CompilerThread3" daemon [_thread_blocked, id=19532, stack(0x000000562fa00000,0x000000562fb00000)]
  0x000001f4412fe800 JavaThread "Daemon health stats" [_thread_blocked, id=10396, stack(0x000000562fb00000,0x000000562fc00000)]
  0x000001f4412fa800 JavaThread "Incoming local TCP Connector on port 54923" [_thread_in_native, id=5804, stack(0x000000562fc00000,0x000000562fd00000)]
  0x000001f4412f9800 JavaThread "Daemon periodic checks" [_thread_blocked, id=22524, stack(0x000000562fd00000,0x000000562fe00000)]
  0x000001f4412fb800 JavaThread "Daemon" [_thread_blocked, id=2652, stack(0x000000562fe00000,0x000000562ff00000)]
  0x000001f4412fc000 JavaThread "Handler for socket connection from /127.0.0.1:54923 to /127.0.0.1:54924" [_thread_in_native, id=5544, stack(0x000000562ff00000,0x0000005630000000)]
  0x000001f4412f9000 JavaThread "Cancel handler" [_thread_blocked, id=15336, stack(0x0000005630000000,0x0000005630100000)]
  0x000001f4412fe000 JavaThread "Daemon worker" [_thread_in_Java, id=19196, stack(0x0000005630100000,0x0000005630200000)]
  0x000001f4412ff800 JavaThread "Asynchronous log dispatcher for DefaultDaemonConnection: socket connection from /127.0.0.1:54923 to /127.0.0.1:54924" [_thread_blocked, id=22480, stack(0x0000005630200000,0x0000005630300000)]
  0x000001f4422ff000 JavaThread "Stdin handler" [_thread_blocked, id=21832, stack(0x0000005630300000,0x0000005630400000)]
  0x000001f4422fc800 JavaThread "Daemon client event forwarder" [_thread_blocked, id=17016, stack(0x0000005630400000,0x0000005630500000)]
  0x000001f442300800 JavaThread "Cache worker for journal cache (C:\Users\Admin\.gradle\caches\journal-1)" [_thread_blocked, id=9196, stack(0x0000005630500000,0x0000005630600000)]
  0x000001f442300000 JavaThread "File lock request listener" [_thread_in_native, id=9816, stack(0x0000005630600000,0x0000005630700000)]
  0x000001f4422fd800 JavaThread "Cache worker for file hash cache (C:\Users\Admin\.gradle\caches\7.5.1\fileHashes)" [_thread_blocked, id=13100, stack(0x0000005630700000,0x0000005630800000)]
  0x000001f4422fe000 JavaThread "File watcher server" daemon [_thread_in_native, id=22908, stack(0x0000005630800000,0x0000005630900000)]
  0x000001f4422fb000 JavaThread "File watcher consumer" daemon [_thread_blocked, id=11400, stack(0x0000005630900000,0x0000005630a00000)]
  0x000001f442301800 JavaThread "Cache worker for checksums cache (C:\Users\Admin\AwesomeProject\android\.gradle\7.5.1\checksums)" [_thread_blocked, id=21312, stack(0x0000005630a00000,0x0000005630b00000)]
  0x000001f4422fb800 JavaThread "Cache worker for cache directory md-rule (C:\Users\Admin\.gradle\caches\7.5.1\md-rule)" [_thread_blocked, id=22412, stack(0x000000562f400000,0x000000562f500000)]
  0x000001f442307000 JavaThread "Cache worker for file content cache (C:\Users\Admin\.gradle\caches\7.5.1\fileContent)" [_thread_blocked, id=15700, stack(0x0000005631200000,0x0000005631300000)]

Other Threads:
  0x000001f43fbac000 VMThread "VM Thread" [stack: 0x000000562e500000,0x000000562e600000] [id=412]
  0x000001f440671800 WatcherThread [stack: 0x000000562f200000,0x000000562f300000] [id=9132]
  0x000001f420027800 GCTaskThread "GC Thread#0" [stack: 0x000000562e000000,0x000000562e100000] [id=8052]
  0x000001f44152a800 GCTaskThread "GC Thread#1" [stack: 0x000000562f500000,0x000000562f600000] [id=19048]
  0x000001f4416c5000 GCTaskThread "GC Thread#2" [stack: 0x000000562f600000,0x000000562f700000] [id=16312]
  0x000001f44146c800 GCTaskThread "GC Thread#3" [stack: 0x000000562f700000,0x000000562f800000] [id=16368]
  0x000001f441469000 GCTaskThread "GC Thread#4" [stack: 0x000000562f800000,0x000000562f900000] [id=15136]
  0x000001f44149e800 GCTaskThread "GC Thread#5" [stack: 0x000000562f900000,0x000000562fa00000] [id=13864]
  0x000001f44674f800 GCTaskThread "GC Thread#6" [stack: 0x0000005630b00000,0x0000005630c00000] [id=11604]
  0x000001f447a6b800 GCTaskThread "GC Thread#7" [stack: 0x0000005630c00000,0x0000005630d00000] [id=23432]
  0x000001f4407ed000 GCTaskThread "GC Thread#8" [stack: 0x0000005630d00000,0x0000005630e00000] [id=17216]
  0x000001f446e5b000 GCTaskThread "GC Thread#9" [stack: 0x0000005630e00000,0x0000005630f00000] [id=23252]
  0x000001f446fe7000 GCTaskThread "GC Thread#10" [stack: 0x0000005630f00000,0x0000005631000000] [id=21112]
  0x000001f443bd4000 GCTaskThread "GC Thread#11" [stack: 0x0000005631000000,0x0000005631100000] [id=19960]
  0x000001f446c7e000 GCTaskThread "GC Thread#12" [stack: 0x0000005631100000,0x0000005631200000] [id=21748]
  0x000001f420039800 ConcurrentGCThread "G1 Main Marker" [stack: 0x000000562e100000,0x000000562e200000] [id=7696]
  0x000001f42003b000 ConcurrentGCThread "G1 Conc#0" [stack: 0x000000562e200000,0x000000562e300000] [id=11592]
  0x000001f43fac0000 ConcurrentGCThread "G1 Refine#0" [stack: 0x000000562e300000,0x000000562e400000] [id=21688]
  0x000001f43fac2800 ConcurrentGCThread "G1 Young RemSet Sampling" [stack: 0x000000562e400000,0x000000562e500000] [id=12480]

Threads with active compile tasks:
C2 CompilerThread0     1974 2641       4       jdk.internal.org.objectweb.asm.SymbolTable::addConstantUtf8Reference (101 bytes)
C2 CompilerThread1     1974 2556   !   4       java.net.URL::<init> (543 bytes)

VM state:not at safepoint (normal execution)

VM Mutex/Monitor currently owned by a thread: None

Heap address: 0x0000000080000000, size: 2048 MB, Compressed Oops mode: 32-bit
Narrow klass base: 0x0000000800000000, Narrow klass shift: 3
Compressed class space size: 528482304 Address: 0x0000000800b30000

Heap:
 garbage-first heap   total 258048K, used 24358K [0x0000000080000000, 0x0000000100000000)
  region size 1024K, 16 young (16384K), 11 survivors (11264K)
 Metaspace       used 20485K, capacity 21126K, committed 21248K, reserved 534528K
  class space    used 3048K, capacity 3299K, committed 3328K, reserved 516096K
Heap Regions: E=young(eden), S=young(survivor), O=old, HS=humongous(starts), HC=humongous(continues), CS=collection set, F=free, OA=open archive, CA=closed archive, TAMS=top-at-mark-start (previous, next)
|   0|0x0000000080000000, 0x0000000080100000, 0x0000000080100000|100%| O|  |TAMS 0x0000000080000000, 0x0000000080000000| Untracked 
|   1|0x0000000080100000, 0x0000000080200000, 0x0000000080200000|100%| O|  |TAMS 0x0000000080100000, 0x0000000080100000| Untracked 
|   2|0x0000000080200000, 0x000000008023b800, 0x0000000080300000| 23%| O|  |TAMS 0x0000000080200000, 0x0000000080200000| Untracked 
|   3|0x0000000080300000, 0x0000000080400000, 0x0000000080400000|100%|HS|  |TAMS 0x0000000080300000, 0x0000000080300000| Complete 
|   4|0x0000000080400000, 0x0000000080500000, 0x0000000080500000|100%|HC|  |TAMS 0x0000000080400000, 0x0000000080400000| Complete 
|   5|0x0000000080500000, 0x0000000080600000, 0x0000000080600000|100%|HC|  |TAMS 0x0000000080500000, 0x0000000080500000| Complete 
|   6|0x0000000080600000, 0x0000000080700000, 0x0000000080700000|100%| O|  |TAMS 0x0000000080600000, 0x0000000080600000| Untracked 
|   7|0x0000000080700000, 0x0000000080800000, 0x0000000080800000|100%| O|  |TAMS 0x0000000080700000, 0x0000000080700000| Untracked 
|   8|0x0000000080800000, 0x0000000080900000, 0x0000000080900000|100%| O|  |TAMS 0x0000000080800000, 0x0000000080800000| Untracked 
|   9|0x0000000080900000, 0x0000000080a00000, 0x0000000080a00000|100%| O|  |TAMS 0x0000000080900000, 0x0000000080900000| Untracked 
|  10|0x0000000080a00000, 0x0000000080a00000, 0x0000000080b00000|  0%| F|  |TAMS 0x0000000080a00000, 0x0000000080a00000| Untracked 
|  11|0x0000000080b00000, 0x0000000080b00000, 0x0000000080c00000|  0%| F|  |TAMS 0x0000000080b00000, 0x0000000080b00000| Untracked 
|  12|0x0000000080c00000, 0x0000000080c00000, 0x0000000080d00000|  0%| F|  |TAMS 0x0000000080c00000, 0x0000000080c00000| Untracked 
|  13|0x0000000080d00000, 0x0000000080d00000, 0x0000000080e00000|  0%| F|  |TAMS 0x0000000080d00000, 0x0000000080d00000| Untracked 
|  14|0x0000000080e00000, 0x0000000080e00000, 0x0000000080f00000|  0%| F|  |TAMS 0x0000000080e00000, 0x0000000080e00000| Untracked 
|  15|0x0000000080f00000, 0x0000000080f00000, 0x0000000081000000|  0%| F|  |TAMS 0x0000000080f00000, 0x0000000080f00000| Untracked 
|  16|0x0000000081000000, 0x0000000081000000, 0x0000000081100000|  0%| F|  |TAMS 0x0000000081000000, 0x0000000081000000| Untracked 
|  17|0x0000000081100000, 0x0000000081100000, 0x0000000081200000|  0%| F|  |TAMS 0x0000000081100000, 0x0000000081100000| Untracked 
|  18|0x0000000081200000, 0x0000000081200000, 0x0000000081300000|  0%| F|  |TAMS 0x0000000081200000, 0x0000000081200000| Untracked 
|  19|0x0000000081300000, 0x0000000081300000, 0x0000000081400000|  0%| F|  |TAMS 0x0000000081300000, 0x0000000081300000| Untracked 
|  20|0x0000000081400000, 0x0000000081400000, 0x0000000081500000|  0%| F|  |TAMS 0x0000000081400000, 0x0000000081400000| Untracked 
|  21|0x0000000081500000, 0x0000000081500000, 0x0000000081600000|  0%| F|  |TAMS 0x0000000081500000, 0x0000000081500000| Untracked 
|  22|0x0000000081600000, 0x0000000081600000, 0x0000000081700000|  0%| F|  |TAMS 0x0000000081600000, 0x0000000081600000| Untracked 
|  23|0x0000000081700000, 0x0000000081700000, 0x0000000081800000|  0%| F|  |TAMS 0x0000000081700000, 0x0000000081700000| Untracked 
|  24|0x0000000081800000, 0x0000000081800000, 0x0000000081900000|  0%| F|  |TAMS 0x0000000081800000, 0x0000000081800000| Untracked 
|  25|0x0000000081900000, 0x0000000081900000, 0x0000000081a00000|  0%| F|  |TAMS 0x0000000081900000, 0x0000000081900000| Untracked 
|  26|0x0000000081a00000, 0x0000000081a00000, 0x0000000081b00000|  0%| F|  |TAMS 0x0000000081a00000, 0x0000000081a00000| Untracked 
|  27|0x0000000081b00000, 0x0000000081b00000, 0x0000000081c00000|  0%| F|  |TAMS 0x0000000081b00000, 0x0000000081b00000| Untracked 
|  28|0x0000000081c00000, 0x0000000081c00000, 0x0000000081d00000|  0%| F|  |TAMS 0x0000000081c00000, 0x0000000081c00000| Untracked 
|  29|0x0000000081d00000, 0x0000000081d00000, 0x0000000081e00000|  0%| F|  |TAMS 0x0000000081d00000, 0x0000000081d00000| Untracked 
|  30|0x0000000081e00000, 0x0000000081e00000, 0x0000000081f00000|  0%| F|  |TAMS 0x0000000081e00000, 0x0000000081e00000| Untracked 
|  31|0x0000000081f00000, 0x0000000081f00000, 0x0000000082000000|  0%| F|  |TAMS 0x0000000081f00000, 0x0000000081f00000| Untracked 
|  32|0x0000000082000000, 0x0000000082000000, 0x0000000082100000|  0%| F|  |TAMS 0x0000000082000000, 0x0000000082000000| Untracked 
|  33|0x0000000082100000, 0x0000000082100000, 0x0000000082200000|  0%| F|  |TAMS 0x0000000082100000, 0x0000000082100000| Untracked 
|  34|0x0000000082200000, 0x0000000082200000, 0x0000000082300000|  0%| F|  |TAMS 0x0000000082200000, 0x0000000082200000| Untracked 
|  35|0x0000000082300000, 0x0000000082300000, 0x0000000082400000|  0%| F|  |TAMS 0x0000000082300000, 0x0000000082300000| Untracked 
|  36|0x0000000082400000, 0x0000000082400000, 0x0000000082500000|  0%| F|  |TAMS 0x0000000082400000, 0x0000000082400000| Untracked 
|  37|0x0000000082500000, 0x0000000082500000, 0x0000000082600000|  0%| F|  |TAMS 0x0000000082500000, 0x0000000082500000| Untracked 
|  38|0x0000000082600000, 0x0000000082600000, 0x0000000082700000|  0%| F|  |TAMS 0x0000000082600000, 0x0000000082600000| Untracked 
|  39|0x0000000082700000, 0x0000000082700000, 0x0000000082800000|  0%| F|  |TAMS 0x0000000082700000, 0x0000000082700000| Untracked 
|  40|0x0000000082800000, 0x0000000082800000, 0x0000000082900000|  0%| F|  |TAMS 0x0000000082800000, 0x0000000082800000| Untracked 
|  41|0x0000000082900000, 0x0000000082900000, 0x0000000082a00000|  0%| F|  |TAMS 0x0000000082900000, 0x0000000082900000| Untracked 
|  42|0x0000000082a00000, 0x0000000082a00000, 0x0000000082b00000|  0%| F|  |TAMS 0x0000000082a00000, 0x0000000082a00000| Untracked 
|  43|0x0000000082b00000, 0x0000000082b00000, 0x0000000082c00000|  0%| F|  |TAMS 0x0000000082b00000, 0x0000000082b00000| Untracked 
|  44|0x0000000082c00000, 0x0000000082c00000, 0x0000000082d00000|  0%| F|  |TAMS 0x0000000082c00000, 0x0000000082c00000| Untracked 
|  45|0x0000000082d00000, 0x0000000082d00000, 0x0000000082e00000|  0%| F|  |TAMS 0x0000000082d00000, 0x0000000082d00000| Untracked 
|  46|0x0000000082e00000, 0x0000000082e00000, 0x0000000082f00000|  0%| F|  |TAMS 0x0000000082e00000, 0x0000000082e00000| Untracked 
|  47|0x0000000082f00000, 0x0000000082f00000, 0x0000000083000000|  0%| F|  |TAMS 0x0000000082f00000, 0x0000000082f00000| Untracked 
|  48|0x0000000083000000, 0x0000000083000000, 0x0000000083100000|  0%| F|  |TAMS 0x0000000083000000, 0x0000000083000000| Untracked 
|  49|0x0000000083100000, 0x0000000083100000, 0x0000000083200000|  0%| F|  |TAMS 0x0000000083100000, 0x0000000083100000| Untracked 
|  50|0x0000000083200000, 0x0000000083200000, 0x0000000083300000|  0%| F|  |TAMS 0x0000000083200000, 0x0000000083200000| Untracked 
|  51|0x0000000083300000, 0x0000000083300000, 0x0000000083400000|  0%| F|  |TAMS 0x0000000083300000, 0x0000000083300000| Untracked 
|  52|0x0000000083400000, 0x0000000083400000, 0x0000000083500000|  0%| F|  |TAMS 0x0000000083400000, 0x0000000083400000| Untracked 
|  53|0x0000000083500000, 0x0000000083500000, 0x0000000083600000|  0%| F|  |TAMS 0x0000000083500000, 0x0000000083500000| Untracked 
|  54|0x0000000083600000, 0x0000000083600000, 0x0000000083700000|  0%| F|  |TAMS 0x0000000083600000, 0x0000000083600000| Untracked 
|  55|0x0000000083700000, 0x0000000083700000, 0x0000000083800000|  0%| F|  |TAMS 0x0000000083700000, 0x0000000083700000| Untracked 
|  56|0x0000000083800000, 0x0000000083800000, 0x0000000083900000|  0%| F|  |TAMS 0x0000000083800000, 0x0000000083800000| Untracked 
|  57|0x0000000083900000, 0x0000000083900000, 0x0000000083a00000|  0%| F|  |TAMS 0x0000000083900000, 0x0000000083900000| Untracked 
|  58|0x0000000083a00000, 0x0000000083a00000, 0x0000000083b00000|  0%| F|  |TAMS 0x0000000083a00000, 0x0000000083a00000| Untracked 
|  59|0x0000000083b00000, 0x0000000083b00000, 0x0000000083c00000|  0%| F|  |TAMS 0x0000000083b00000, 0x0000000083b00000| Untracked 
|  60|0x0000000083c00000, 0x0000000083c00000, 0x0000000083d00000|  0%| F|  |TAMS 0x0000000083c00000, 0x0000000083c00000| Untracked 
|  61|0x0000000083d00000, 0x0000000083d00000, 0x0000000083e00000|  0%| F|  |TAMS 0x0000000083d00000, 0x0000000083d00000| Untracked 
|  62|0x0000000083e00000, 0x0000000083e00000, 0x0000000083f00000|  0%| F|  |TAMS 0x0000000083e00000, 0x0000000083e00000| Untracked 
|  63|0x0000000083f00000, 0x0000000083f00000, 0x0000000084000000|  0%| F|  |TAMS 0x0000000083f00000, 0x0000000083f00000| Untracked 
|  64|0x0000000084000000, 0x0000000084000000, 0x0000000084100000|  0%| F|  |TAMS 0x0000000084000000, 0x0000000084000000| Untracked 
|  65|0x0000000084100000, 0x0000000084100000, 0x0000000084200000|  0%| F|  |TAMS 0x0000000084100000, 0x0000000084100000| Untracked 
|  66|0x0000000084200000, 0x0000000084200000, 0x0000000084300000|  0%| F|  |TAMS 0x0000000084200000, 0x0000000084200000| Untracked 
|  67|0x0000000084300000, 0x0000000084300000, 0x0000000084400000|  0%| F|  |TAMS 0x0000000084300000, 0x0000000084300000| Untracked 
|  68|0x0000000084400000, 0x0000000084400000, 0x0000000084500000|  0%| F|  |TAMS 0x0000000084400000, 0x0000000084400000| Untracked 
|  69|0x0000000084500000, 0x0000000084500000, 0x0000000084600000|  0%| F|  |TAMS 0x0000000084500000, 0x0000000084500000| Untracked 
|  70|0x0000000084600000, 0x0000000084600000, 0x0000000084700000|  0%| F|  |TAMS 0x0000000084600000, 0x0000000084600000| Untracked 
|  71|0x0000000084700000, 0x0000000084700000, 0x0000000084800000|  0%| F|  |TAMS 0x0000000084700000, 0x0000000084700000| Untracked 
|  72|0x0000000084800000, 0x0000000084800000, 0x0000000084900000|  0%| F|  |TAMS 0x0000000084800000, 0x0000000084800000| Untracked 
|  73|0x0000000084900000, 0x0000000084900000, 0x0000000084a00000|  0%| F|  |TAMS 0x0000000084900000, 0x0000000084900000| Untracked 
|  74|0x0000000084a00000, 0x0000000084a00000, 0x0000000084b00000|  0%| F|  |TAMS 0x0000000084a00000, 0x0000000084a00000| Untracked 
|  75|0x0000000084b00000, 0x0000000084b00000, 0x0000000084c00000|  0%| F|  |TAMS 0x0000000084b00000, 0x0000000084b00000| Untracked 
|  76|0x0000000084c00000, 0x0000000084c00000, 0x0000000084d00000|  0%| F|  |TAMS 0x0000000084c00000, 0x0000000084c00000| Untracked 
|  77|0x0000000084d00000, 0x0000000084d00000, 0x0000000084e00000|  0%| F|  |TAMS 0x0000000084d00000, 0x0000000084d00000| Untracked 
|  78|0x0000000084e00000, 0x0000000084e00000, 0x0000000084f00000|  0%| F|  |TAMS 0x0000000084e00000, 0x0000000084e00000| Untracked 
|  79|0x0000000084f00000, 0x0000000084f00000, 0x0000000085000000|  0%| F|  |TAMS 0x0000000084f00000, 0x0000000084f00000| Untracked 
|  80|0x0000000085000000, 0x0000000085000000, 0x0000000085100000|  0%| F|  |TAMS 0x0000000085000000, 0x0000000085000000| Untracked 
|  81|0x0000000085100000, 0x0000000085100000, 0x0000000085200000|  0%| F|  |TAMS 0x0000000085100000, 0x0000000085100000| Untracked 
|  82|0x0000000085200000, 0x0000000085200000, 0x0000000085300000|  0%| F|  |TAMS 0x0000000085200000, 0x0000000085200000| Untracked 
|  83|0x0000000085300000, 0x0000000085300000, 0x0000000085400000|  0%| F|  |TAMS 0x0000000085300000, 0x0000000085300000| Untracked 
|  84|0x0000000085400000, 0x0000000085400000, 0x0000000085500000|  0%| F|  |TAMS 0x0000000085400000, 0x0000000085400000| Untracked 
|  85|0x0000000085500000, 0x0000000085500000, 0x0000000085600000|  0%| F|  |TAMS 0x0000000085500000, 0x0000000085500000| Untracked 
|  86|0x0000000085600000, 0x0000000085600000, 0x0000000085700000|  0%| F|  |TAMS 0x0000000085600000, 0x0000000085600000| Untracked 
|  87|0x0000000085700000, 0x0000000085700000, 0x0000000085800000|  0%| F|  |TAMS 0x0000000085700000, 0x0000000085700000| Untracked 
|  88|0x0000000085800000, 0x0000000085800000, 0x0000000085900000|  0%| F|  |TAMS 0x0000000085800000, 0x0000000085800000| Untracked 
|  89|0x0000000085900000, 0x0000000085900000, 0x0000000085a00000|  0%| F|  |TAMS 0x0000000085900000, 0x0000000085900000| Untracked 
|  90|0x0000000085a00000, 0x0000000085a8e248, 0x0000000085b00000| 55%| S|CS|TAMS 0x0000000085a00000, 0x0000000085a00000| Complete 
|  91|0x0000000085b00000, 0x0000000085c00000, 0x0000000085c00000|100%| S|CS|TAMS 0x0000000085b00000, 0x0000000085b00000| Complete 
|  92|0x0000000085c00000, 0x0000000085d00000, 0x0000000085d00000|100%| S|CS|TAMS 0x0000000085c00000, 0x0000000085c00000| Complete 
|  93|0x0000000085d00000, 0x0000000085e00000, 0x0000000085e00000|100%| S|CS|TAMS 0x0000000085d00000, 0x0000000085d00000| Complete 
|  94|0x0000000085e00000, 0x0000000085f00000, 0x0000000085f00000|100%| S|CS|TAMS 0x0000000085e00000, 0x0000000085e00000| Complete 
|  95|0x0000000085f00000, 0x0000000086000000, 0x0000000086000000|100%| S|CS|TAMS 0x0000000085f00000, 0x0000000085f00000| Complete 
|  96|0x0000000086000000, 0x0000000086100000, 0x0000000086100000|100%| S|CS|TAMS 0x0000000086000000, 0x0000000086000000| Complete 
|  97|0x0000000086100000, 0x0000000086200000, 0x0000000086200000|100%| S|CS|TAMS 0x0000000086100000, 0x0000000086100000| Complete 
|  98|0x0000000086200000, 0x0000000086300000, 0x0000000086300000|100%| S|CS|TAMS 0x0000000086200000, 0x0000000086200000| Complete 
|  99|0x0000000086300000, 0x0000000086400000, 0x0000000086400000|100%| S|CS|TAMS 0x0000000086300000, 0x0000000086300000| Complete 
| 100|0x0000000086400000, 0x0000000086500000, 0x0000000086500000|100%| S|CS|TAMS 0x0000000086400000, 0x0000000086400000| Complete 
| 101|0x0000000086500000, 0x0000000086500000, 0x0000000086600000|  0%| F|  |TAMS 0x0000000086500000, 0x0000000086500000| Untracked 
| 102|0x0000000086600000, 0x0000000086600000, 0x0000000086700000|  0%| F|  |TAMS 0x0000000086600000, 0x0000000086600000| Untracked 
| 103|0x0000000086700000, 0x0000000086700000, 0x0000000086800000|  0%| F|  |TAMS 0x0000000086700000, 0x0000000086700000| Untracked 
| 104|0x0000000086800000, 0x0000000086800000, 0x0000000086900000|  0%| F|  |TAMS 0x0000000086800000, 0x0000000086800000| Untracked 
| 105|0x0000000086900000, 0x0000000086900000, 0x0000000086a00000|  0%| F|  |TAMS 0x0000000086900000, 0x0000000086900000| Untracked 
| 106|0x0000000086a00000, 0x0000000086a00000, 0x0000000086b00000|  0%| F|  |TAMS 0x0000000086a00000, 0x0000000086a00000| Untracked 
| 107|0x0000000086b00000, 0x0000000086b00000, 0x0000000086c00000|  0%| F|  |TAMS 0x0000000086b00000, 0x0000000086b00000| Untracked 
| 108|0x0000000086c00000, 0x0000000086c00000, 0x0000000086d00000|  0%| F|  |TAMS 0x0000000086c00000, 0x0000000086c00000| Untracked 
| 109|0x0000000086d00000, 0x0000000086d00000, 0x0000000086e00000|  0%| F|  |TAMS 0x0000000086d00000, 0x0000000086d00000| Untracked 
| 110|0x0000000086e00000, 0x0000000086e00000, 0x0000000086f00000|  0%| F|  |TAMS 0x0000000086e00000, 0x0000000086e00000| Untracked 
| 111|0x0000000086f00000, 0x0000000086f00000, 0x0000000087000000|  0%| F|  |TAMS 0x0000000086f00000, 0x0000000086f00000| Untracked 
| 112|0x0000000087000000, 0x0000000087000000, 0x0000000087100000|  0%| F|  |TAMS 0x0000000087000000, 0x0000000087000000| Untracked 
| 113|0x0000000087100000, 0x0000000087100000, 0x0000000087200000|  0%| F|  |TAMS 0x0000000087100000, 0x0000000087100000| Untracked 
| 114|0x0000000087200000, 0x0000000087200000, 0x0000000087300000|  0%| F|  |TAMS 0x0000000087200000, 0x0000000087200000| Untracked 
| 115|0x0000000087300000, 0x0000000087300000, 0x0000000087400000|  0%| F|  |TAMS 0x0000000087300000, 0x0000000087300000| Untracked 
| 116|0x0000000087400000, 0x0000000087400000, 0x0000000087500000|  0%| F|  |TAMS 0x0000000087400000, 0x0000000087400000| Untracked 
| 117|0x0000000087500000, 0x0000000087500000, 0x0000000087600000|  0%| F|  |TAMS 0x0000000087500000, 0x0000000087500000| Untracked 
| 118|0x0000000087600000, 0x0000000087600000, 0x0000000087700000|  0%| F|  |TAMS 0x0000000087600000, 0x0000000087600000| Untracked 
| 119|0x0000000087700000, 0x0000000087700000, 0x0000000087800000|  0%| F|  |TAMS 0x0000000087700000, 0x0000000087700000| Untracked 
| 120|0x0000000087800000, 0x0000000087800000, 0x0000000087900000|  0%| F|  |TAMS 0x0000000087800000, 0x0000000087800000| Untracked 
| 121|0x0000000087900000, 0x0000000087900000, 0x0000000087a00000|  0%| F|  |TAMS 0x0000000087900000, 0x0000000087900000| Untracked 
| 122|0x0000000087a00000, 0x0000000087a00000, 0x0000000087b00000|  0%| F|  |TAMS 0x0000000087a00000, 0x0000000087a00000| Untracked 
| 123|0x0000000087b00000, 0x0000000087b00000, 0x0000000087c00000|  0%| F|  |TAMS 0x0000000087b00000, 0x0000000087b00000| Untracked 
| 124|0x0000000087c00000, 0x0000000087c00000, 0x0000000087d00000|  0%| F|  |TAMS 0x0000000087c00000, 0x0000000087c00000| Untracked 
| 125|0x0000000087d00000, 0x0000000087d00000, 0x0000000087e00000|  0%| F|  |TAMS 0x0000000087d00000, 0x0000000087d00000| Untracked 
| 126|0x0000000087e00000, 0x0000000087e00000, 0x0000000087f00000|  0%| F|  |TAMS 0x0000000087e00000, 0x0000000087e00000| Untracked 
| 127|0x0000000087f00000, 0x0000000087f00000, 0x0000000088000000|  0%| F|  |TAMS 0x0000000087f00000, 0x0000000087f00000| Untracked 
| 128|0x0000000088000000, 0x0000000088000000, 0x0000000088100000|  0%| F|  |TAMS 0x0000000088000000, 0x0000000088000000| Untracked 
| 129|0x0000000088100000, 0x0000000088100000, 0x0000000088200000|  0%| F|  |TAMS 0x0000000088100000, 0x0000000088100000| Untracked 
| 130|0x0000000088200000, 0x0000000088200000, 0x0000000088300000|  0%| F|  |TAMS 0x0000000088200000, 0x0000000088200000| Untracked 
| 131|0x0000000088300000, 0x0000000088300000, 0x0000000088400000|  0%| F|  |TAMS 0x0000000088300000, 0x0000000088300000| Untracked 
| 132|0x0000000088400000, 0x0000000088400000, 0x0000000088500000|  0%| F|  |TAMS 0x0000000088400000, 0x0000000088400000| Untracked 
| 133|0x0000000088500000, 0x0000000088500000, 0x0000000088600000|  0%| F|  |TAMS 0x0000000088500000, 0x0000000088500000| Untracked 
| 134|0x0000000088600000, 0x0000000088600000, 0x0000000088700000|  0%| F|  |TAMS 0x0000000088600000, 0x0000000088600000| Untracked 
| 135|0x0000000088700000, 0x0000000088700000, 0x0000000088800000|  0%| F|  |TAMS 0x0000000088700000, 0x0000000088700000| Untracked 
| 136|0x0000000088800000, 0x0000000088800000, 0x0000000088900000|  0%| F|  |TAMS 0x0000000088800000, 0x0000000088800000| Untracked 
| 137|0x0000000088900000, 0x0000000088900000, 0x0000000088a00000|  0%| F|  |TAMS 0x0000000088900000, 0x0000000088900000| Untracked 
| 138|0x0000000088a00000, 0x0000000088a00000, 0x0000000088b00000|  0%| F|  |TAMS 0x0000000088a00000, 0x0000000088a00000| Untracked 
| 139|0x0000000088b00000, 0x0000000088b00000, 0x0000000088c00000|  0%| F|  |TAMS 0x0000000088b00000, 0x0000000088b00000| Untracked 
| 140|0x0000000088c00000, 0x0000000088c00000, 0x0000000088d00000|  0%| F|  |TAMS 0x0000000088c00000, 0x0000000088c00000| Untracked 
| 141|0x0000000088d00000, 0x0000000088d00000, 0x0000000088e00000|  0%| F|  |TAMS 0x0000000088d00000, 0x0000000088d00000| Untracked 
| 142|0x0000000088e00000, 0x0000000088e00000, 0x0000000088f00000|  0%| F|  |TAMS 0x0000000088e00000, 0x0000000088e00000| Untracked 
| 143|0x0000000088f00000, 0x0000000088f00000, 0x0000000089000000|  0%| F|  |TAMS 0x0000000088f00000, 0x0000000088f00000| Untracked 
| 144|0x0000000089000000, 0x0000000089000000, 0x0000000089100000|  0%| F|  |TAMS 0x0000000089000000, 0x0000000089000000| Untracked 
| 145|0x0000000089100000, 0x0000000089100000, 0x0000000089200000|  0%| F|  |TAMS 0x0000000089100000, 0x0000000089100000| Untracked 
| 146|0x0000000089200000, 0x0000000089200000, 0x0000000089300000|  0%| F|  |TAMS 0x0000000089200000, 0x0000000089200000| Untracked 
| 147|0x0000000089300000, 0x0000000089300000, 0x0000000089400000|  0%| F|  |TAMS 0x0000000089300000, 0x0000000089300000| Untracked 
| 148|0x0000000089400000, 0x0000000089400000, 0x0000000089500000|  0%| F|  |TAMS 0x0000000089400000, 0x0000000089400000| Untracked 
| 149|0x0000000089500000, 0x0000000089500000, 0x0000000089600000|  0%| F|  |TAMS 0x0000000089500000, 0x0000000089500000| Untracked 
| 150|0x0000000089600000, 0x0000000089600000, 0x0000000089700000|  0%| F|  |TAMS 0x0000000089600000, 0x0000000089600000| Untracked 
| 151|0x0000000089700000, 0x0000000089700000, 0x0000000089800000|  0%| F|  |TAMS 0x0000000089700000, 0x0000000089700000| Untracked 
| 152|0x0000000089800000, 0x0000000089800000, 0x0000000089900000|  0%| F|  |TAMS 0x0000000089800000, 0x0000000089800000| Untracked 
| 153|0x0000000089900000, 0x0000000089900000, 0x0000000089a00000|  0%| F|  |TAMS 0x0000000089900000, 0x0000000089900000| Untracked 
| 154|0x0000000089a00000, 0x0000000089a00000, 0x0000000089b00000|  0%| F|  |TAMS 0x0000000089a00000, 0x0000000089a00000| Untracked 
| 155|0x0000000089b00000, 0x0000000089b00000, 0x0000000089c00000|  0%| F|  |TAMS 0x0000000089b00000, 0x0000000089b00000| Untracked 
| 156|0x0000000089c00000, 0x0000000089c00000, 0x0000000089d00000|  0%| F|  |TAMS 0x0000000089c00000, 0x0000000089c00000| Untracked 
| 157|0x0000000089d00000, 0x0000000089d00000, 0x0000000089e00000|  0%| F|  |TAMS 0x0000000089d00000, 0x0000000089d00000| Untracked 
| 158|0x0000000089e00000, 0x0000000089e00000, 0x0000000089f00000|  0%| F|  |TAMS 0x0000000089e00000, 0x0000000089e00000| Untracked 
| 159|0x0000000089f00000, 0x0000000089f00000, 0x000000008a000000|  0%| F|  |TAMS 0x0000000089f00000, 0x0000000089f00000| Untracked 
| 160|0x000000008a000000, 0x000000008a000000, 0x000000008a100000|  0%| F|  |TAMS 0x000000008a000000, 0x000000008a000000| Untracked 
| 161|0x000000008a100000, 0x000000008a100000, 0x000000008a200000|  0%| F|  |TAMS 0x000000008a100000, 0x000000008a100000| Untracked 
| 162|0x000000008a200000, 0x000000008a200000, 0x000000008a300000|  0%| F|  |TAMS 0x000000008a200000, 0x000000008a200000| Untracked 
| 163|0x000000008a300000, 0x000000008a300000, 0x000000008a400000|  0%| F|  |TAMS 0x000000008a300000, 0x000000008a300000| Untracked 
| 164|0x000000008a400000, 0x000000008a400000, 0x000000008a500000|  0%| F|  |TAMS 0x000000008a400000, 0x000000008a400000| Untracked 
| 165|0x000000008a500000, 0x000000008a500000, 0x000000008a600000|  0%| F|  |TAMS 0x000000008a500000, 0x000000008a500000| Untracked 
| 166|0x000000008a600000, 0x000000008a600000, 0x000000008a700000|  0%| F|  |TAMS 0x000000008a600000, 0x000000008a600000| Untracked 
| 167|0x000000008a700000, 0x000000008a700000, 0x000000008a800000|  0%| F|  |TAMS 0x000000008a700000, 0x000000008a700000| Untracked 
| 168|0x000000008a800000, 0x000000008a800000, 0x000000008a900000|  0%| F|  |TAMS 0x000000008a800000, 0x000000008a800000| Untracked 
| 169|0x000000008a900000, 0x000000008a900000, 0x000000008aa00000|  0%| F|  |TAMS 0x000000008a900000, 0x000000008a900000| Untracked 
| 170|0x000000008aa00000, 0x000000008aa00000, 0x000000008ab00000|  0%| F|  |TAMS 0x000000008aa00000, 0x000000008aa00000| Untracked 
| 171|0x000000008ab00000, 0x000000008ab00000, 0x000000008ac00000|  0%| F|  |TAMS 0x000000008ab00000, 0x000000008ab00000| Untracked 
| 172|0x000000008ac00000, 0x000000008ac00000, 0x000000008ad00000|  0%| F|  |TAMS 0x000000008ac00000, 0x000000008ac00000| Untracked 
| 173|0x000000008ad00000, 0x000000008ad00000, 0x000000008ae00000|  0%| F|  |TAMS 0x000000008ad00000, 0x000000008ad00000| Untracked 
| 174|0x000000008ae00000, 0x000000008ae00000, 0x000000008af00000|  0%| F|  |TAMS 0x000000008ae00000, 0x000000008ae00000| Untracked 
| 175|0x000000008af00000, 0x000000008af00000, 0x000000008b000000|  0%| F|  |TAMS 0x000000008af00000, 0x000000008af00000| Untracked 
| 176|0x000000008b000000, 0x000000008b000000, 0x000000008b100000|  0%| F|  |TAMS 0x000000008b000000, 0x000000008b000000| Untracked 
| 177|0x000000008b100000, 0x000000008b100000, 0x000000008b200000|  0%| F|  |TAMS 0x000000008b100000, 0x000000008b100000| Untracked 
| 178|0x000000008b200000, 0x000000008b200000, 0x000000008b300000|  0%| F|  |TAMS 0x000000008b200000, 0x000000008b200000| Untracked 
| 179|0x000000008b300000, 0x000000008b300000, 0x000000008b400000|  0%| F|  |TAMS 0x000000008b300000, 0x000000008b300000| Untracked 
| 180|0x000000008b400000, 0x000000008b400000, 0x000000008b500000|  0%| F|  |TAMS 0x000000008b400000, 0x000000008b400000| Untracked 
| 181|0x000000008b500000, 0x000000008b500000, 0x000000008b600000|  0%| F|  |TAMS 0x000000008b500000, 0x000000008b500000| Untracked 
| 182|0x000000008b600000, 0x000000008b600000, 0x000000008b700000|  0%| F|  |TAMS 0x000000008b600000, 0x000000008b600000| Untracked 
| 183|0x000000008b700000, 0x000000008b700000, 0x000000008b800000|  0%| F|  |TAMS 0x000000008b700000, 0x000000008b700000| Untracked 
| 184|0x000000008b800000, 0x000000008b800000, 0x000000008b900000|  0%| F|  |TAMS 0x000000008b800000, 0x000000008b800000| Untracked 
| 185|0x000000008b900000, 0x000000008b900000, 0x000000008ba00000|  0%| F|  |TAMS 0x000000008b900000, 0x000000008b900000| Untracked 
| 186|0x000000008ba00000, 0x000000008ba00000, 0x000000008bb00000|  0%| F|  |TAMS 0x000000008ba00000, 0x000000008ba00000| Untracked 
| 187|0x000000008bb00000, 0x000000008bb00000, 0x000000008bc00000|  0%| F|  |TAMS 0x000000008bb00000, 0x000000008bb00000| Untracked 
| 188|0x000000008bc00000, 0x000000008bc00000, 0x000000008bd00000|  0%| F|  |TAMS 0x000000008bc00000, 0x000000008bc00000| Untracked 
| 189|0x000000008bd00000, 0x000000008bd00000, 0x000000008be00000|  0%| F|  |TAMS 0x000000008bd00000, 0x000000008bd00000| Untracked 
| 190|0x000000008be00000, 0x000000008be00000, 0x000000008bf00000|  0%| F|  |TAMS 0x000000008be00000, 0x000000008be00000| Untracked 
| 191|0x000000008bf00000, 0x000000008bf00000, 0x000000008c000000|  0%| F|  |TAMS 0x000000008bf00000, 0x000000008bf00000| Untracked 
| 192|0x000000008c000000, 0x000000008c000000, 0x000000008c100000|  0%| F|  |TAMS 0x000000008c000000, 0x000000008c000000| Untracked 
| 193|0x000000008c100000, 0x000000008c100000, 0x000000008c200000|  0%| F|  |TAMS 0x000000008c100000, 0x000000008c100000| Untracked 
| 194|0x000000008c200000, 0x000000008c200000, 0x000000008c300000|  0%| F|  |TAMS 0x000000008c200000, 0x000000008c200000| Untracked 
| 195|0x000000008c300000, 0x000000008c300000, 0x000000008c400000|  0%| F|  |TAMS 0x000000008c300000, 0x000000008c300000| Untracked 
| 196|0x000000008c400000, 0x000000008c400000, 0x000000008c500000|  0%| F|  |TAMS 0x000000008c400000, 0x000000008c400000| Untracked 
| 197|0x000000008c500000, 0x000000008c500000, 0x000000008c600000|  0%| F|  |TAMS 0x000000008c500000, 0x000000008c500000| Untracked 
| 198|0x000000008c600000, 0x000000008c600000, 0x000000008c700000|  0%| F|  |TAMS 0x000000008c600000, 0x000000008c600000| Untracked 
| 199|0x000000008c700000, 0x000000008c700000, 0x000000008c800000|  0%| F|  |TAMS 0x000000008c700000, 0x000000008c700000| Untracked 
| 200|0x000000008c800000, 0x000000008c800000, 0x000000008c900000|  0%| F|  |TAMS 0x000000008c800000, 0x000000008c800000| Untracked 
| 201|0x000000008c900000, 0x000000008c900000, 0x000000008ca00000|  0%| F|  |TAMS 0x000000008c900000, 0x000000008c900000| Untracked 
| 202|0x000000008ca00000, 0x000000008ca00000, 0x000000008cb00000|  0%| F|  |TAMS 0x000000008ca00000, 0x000000008ca00000| Untracked 
| 203|0x000000008cb00000, 0x000000008cb00000, 0x000000008cc00000|  0%| F|  |TAMS 0x000000008cb00000, 0x000000008cb00000| Untracked 
| 204|0x000000008cc00000, 0x000000008cc00000, 0x000000008cd00000|  0%| F|  |TAMS 0x000000008cc00000, 0x000000008cc00000| Untracked 
| 205|0x000000008cd00000, 0x000000008cd00000, 0x000000008ce00000|  0%| F|  |TAMS 0x000000008cd00000, 0x000000008cd00000| Untracked 
| 206|0x000000008ce00000, 0x000000008ce00000, 0x000000008cf00000|  0%| F|  |TAMS 0x000000008ce00000, 0x000000008ce00000| Untracked 
| 207|0x000000008cf00000, 0x000000008cf00000, 0x000000008d000000|  0%| F|  |TAMS 0x000000008cf00000, 0x000000008cf00000| Untracked 
| 208|0x000000008d000000, 0x000000008d000000, 0x000000008d100000|  0%| F|  |TAMS 0x000000008d000000, 0x000000008d000000| Untracked 
| 209|0x000000008d100000, 0x000000008d100000, 0x000000008d200000|  0%| F|  |TAMS 0x000000008d100000, 0x000000008d100000| Untracked 
| 210|0x000000008d200000, 0x000000008d200000, 0x000000008d300000|  0%| F|  |TAMS 0x000000008d200000, 0x000000008d200000| Untracked 
| 211|0x000000008d300000, 0x000000008d300000, 0x000000008d400000|  0%| F|  |TAMS 0x000000008d300000, 0x000000008d300000| Untracked 
| 212|0x000000008d400000, 0x000000008d400000, 0x000000008d500000|  0%| F|  |TAMS 0x000000008d400000, 0x000000008d400000| Untracked 
| 213|0x000000008d500000, 0x000000008d500000, 0x000000008d600000|  0%| F|  |TAMS 0x000000008d500000, 0x000000008d500000| Untracked 
| 214|0x000000008d600000, 0x000000008d600000, 0x000000008d700000|  0%| F|  |TAMS 0x000000008d600000, 0x000000008d600000| Untracked 
| 215|0x000000008d700000, 0x000000008d700000, 0x000000008d800000|  0%| F|  |TAMS 0x000000008d700000, 0x000000008d700000| Untracked 
| 216|0x000000008d800000, 0x000000008d800000, 0x000000008d900000|  0%| F|  |TAMS 0x000000008d800000, 0x000000008d800000| Untracked 
| 217|0x000000008d900000, 0x000000008d900000, 0x000000008da00000|  0%| F|  |TAMS 0x000000008d900000, 0x000000008d900000| Untracked 
| 218|0x000000008da00000, 0x000000008da00000, 0x000000008db00000|  0%| F|  |TAMS 0x000000008da00000, 0x000000008da00000| Untracked 
| 219|0x000000008db00000, 0x000000008db00000, 0x000000008dc00000|  0%| F|  |TAMS 0x000000008db00000, 0x000000008db00000| Untracked 
| 220|0x000000008dc00000, 0x000000008dc00000, 0x000000008dd00000|  0%| F|  |TAMS 0x000000008dc00000, 0x000000008dc00000| Untracked 
| 221|0x000000008dd00000, 0x000000008dd00000, 0x000000008de00000|  0%| F|  |TAMS 0x000000008dd00000, 0x000000008dd00000| Untracked 
| 222|0x000000008de00000, 0x000000008de00000, 0x000000008df00000|  0%| F|  |TAMS 0x000000008de00000, 0x000000008de00000| Untracked 
| 223|0x000000008df00000, 0x000000008df00000, 0x000000008e000000|  0%| F|  |TAMS 0x000000008df00000, 0x000000008df00000| Untracked 
| 224|0x000000008e000000, 0x000000008e000000, 0x000000008e100000|  0%| F|  |TAMS 0x000000008e000000, 0x000000008e000000| Untracked 
| 225|0x000000008e100000, 0x000000008e100000, 0x000000008e200000|  0%| F|  |TAMS 0x000000008e100000, 0x000000008e100000| Untracked 
| 226|0x000000008e200000, 0x000000008e200000, 0x000000008e300000|  0%| F|  |TAMS 0x000000008e200000, 0x000000008e200000| Untracked 
| 227|0x000000008e300000, 0x000000008e300000, 0x000000008e400000|  0%| F|  |TAMS 0x000000008e300000, 0x000000008e300000| Untracked 
| 228|0x000000008e400000, 0x000000008e400000, 0x000000008e500000|  0%| F|  |TAMS 0x000000008e400000, 0x000000008e400000| Untracked 
| 229|0x000000008e500000, 0x000000008e500000, 0x000000008e600000|  0%| F|  |TAMS 0x000000008e500000, 0x000000008e500000| Untracked 
| 230|0x000000008e600000, 0x000000008e600000, 0x000000008e700000|  0%| F|  |TAMS 0x000000008e600000, 0x000000008e600000| Untracked 
| 231|0x000000008e700000, 0x000000008e700000, 0x000000008e800000|  0%| F|  |TAMS 0x000000008e700000, 0x000000008e700000| Untracked 
| 232|0x000000008e800000, 0x000000008e800000, 0x000000008e900000|  0%| F|  |TAMS 0x000000008e800000, 0x000000008e800000| Untracked 
| 233|0x000000008e900000, 0x000000008e900000, 0x000000008ea00000|  0%| F|  |TAMS 0x000000008e900000, 0x000000008e900000| Untracked 
| 234|0x000000008ea00000, 0x000000008ea00000, 0x000000008eb00000|  0%| F|  |TAMS 0x000000008ea00000, 0x000000008ea00000| Untracked 
| 235|0x000000008eb00000, 0x000000008eb00000, 0x000000008ec00000|  0%| F|  |TAMS 0x000000008eb00000, 0x000000008eb00000| Untracked 
| 236|0x000000008ec00000, 0x000000008ec00000, 0x000000008ed00000|  0%| F|  |TAMS 0x000000008ec00000, 0x000000008ec00000| Untracked 
| 237|0x000000008ed00000, 0x000000008ed00000, 0x000000008ee00000|  0%| F|  |TAMS 0x000000008ed00000, 0x000000008ed00000| Untracked 
| 238|0x000000008ee00000, 0x000000008ee00000, 0x000000008ef00000|  0%| F|  |TAMS 0x000000008ee00000, 0x000000008ee00000| Untracked 
| 239|0x000000008ef00000, 0x000000008ef00000, 0x000000008f000000|  0%| F|  |TAMS 0x000000008ef00000, 0x000000008ef00000| Untracked 
| 240|0x000000008f000000, 0x000000008f000000, 0x000000008f100000|  0%| F|  |TAMS 0x000000008f000000, 0x000000008f000000| Untracked 
| 241|0x000000008f100000, 0x000000008f100000, 0x000000008f200000|  0%| F|  |TAMS 0x000000008f100000, 0x000000008f100000| Untracked 
| 242|0x000000008f200000, 0x000000008f200000, 0x000000008f300000|  0%| F|  |TAMS 0x000000008f200000, 0x000000008f200000| Untracked 
| 243|0x000000008f300000, 0x000000008f300000, 0x000000008f400000|  0%| F|  |TAMS 0x000000008f300000, 0x000000008f300000| Untracked 
| 244|0x000000008f400000, 0x000000008f400000, 0x000000008f500000|  0%| F|  |TAMS 0x000000008f400000, 0x000000008f400000| Untracked 
| 245|0x000000008f500000, 0x000000008f500000, 0x000000008f600000|  0%| F|  |TAMS 0x000000008f500000, 0x000000008f500000| Untracked 
| 246|0x000000008f600000, 0x000000008f600000, 0x000000008f700000|  0%| F|  |TAMS 0x000000008f600000, 0x000000008f600000| Untracked 
| 247|0x000000008f700000, 0x000000008f800000, 0x000000008f800000|100%| E|  |TAMS 0x000000008f700000, 0x000000008f700000| Complete 
| 248|0x000000008f800000, 0x000000008f900000, 0x000000008f900000|100%| E|CS|TAMS 0x000000008f800000, 0x000000008f800000| Complete 
| 249|0x000000008f900000, 0x000000008fa00000, 0x000000008fa00000|100%| E|CS|TAMS 0x000000008f900000, 0x000000008f900000| Complete 
| 250|0x000000008fa00000, 0x000000008fb00000, 0x000000008fb00000|100%| E|CS|TAMS 0x000000008fa00000, 0x000000008fa00000| Complete 
| 251|0x000000008fb00000, 0x000000008fc00000, 0x000000008fc00000|100%| E|CS|TAMS 0x000000008fb00000, 0x000000008fb00000| Complete 

Card table byte_map: [0x000001f438410000,0x000001f438810000] _byte_map_base: 0x000001f438010000

Marking Bits (Prev, Next): (CMBitMap*) 0x000001f420028788, (CMBitMap*) 0x000001f4200287c8
 Prev Bits: [0x000001f438c10000, 0x000001f43ac10000)
 Next Bits: [0x000001f43ac10000, 0x000001f43cc10000)

Polling page: 0x000001f41df40000

Metaspace:

Usage:
  Non-class:     17.41 MB capacity,    17.09 MB ( 98%) used,   282.78 KB (  2%) free+waste,    50.44 KB ( <1%) overhead. 
      Class:      3.22 MB capacity,     2.99 MB ( 93%) used,   213.14 KB (  6%) free+waste,    27.94 KB ( <1%) overhead. 
       Both:     20.63 MB capacity,    20.07 MB ( 97%) used,   495.92 KB (  2%) free+waste,    78.38 KB ( <1%) overhead. 

Virtual space:
  Non-class space:       18.00 MB reserved,      17.50 MB ( 97%) committed 
      Class space:      504.00 MB reserved,       3.25 MB ( <1%) committed 
             Both:      522.00 MB reserved,      20.75 MB (  4%) committed 

Chunk freelists:
   Non-Class:  27.00 KB
       Class:  28.00 KB
        Both:  55.00 KB

MaxMetaspaceSize: 512.00 MB
CompressedClassSpaceSize: 504.00 MB

CodeHeap 'non-profiled nmethods': size=119168Kb used=1515Kb max_used=1515Kb free=117652Kb
 bounds [0x000001f430320000, 0x000001f430590000, 0x000001f437780000]
CodeHeap 'profiled nmethods': size=119104Kb used=5995Kb max_used=5995Kb free=113108Kb
 bounds [0x000001f428ed0000, 0x000001f4294b0000, 0x000001f430320000]
CodeHeap 'non-nmethods': size=7488Kb used=2952Kb max_used=3020Kb free=4536Kb
 bounds [0x000001f428780000, 0x000001f428a80000, 0x000001f428ed0000]
 total_blobs=3187 nmethods=2661 adapters=435
 compilation: enabled
              stopped_count=0, restarted_count=0
 full_count=0

Compilation events (20 events):
Event: 1.936 Thread 0x000001f440586800 2596   !   3       java.lang.ref.ReferenceQueue::enqueue (119 bytes)
Event: 1.938 Thread 0x000001f43fbdd000 2597       3       java.lang.ref.ReferenceQueue::reallyPoll (65 bytes)
Event: 1.938 Thread 0x000001f44174b800 2598   !   3       java.lang.ref.ReferenceQueue::remove (125 bytes)
Event: 1.938 Thread 0x000001f440581800 2599   !   3       jdk.internal.ref.PhantomCleanable::isListEmpty (34 bytes)
Event: 1.938 Thread 0x000001f440581800 nmethod 2599 0x000001f42947d210 code [0x000001f42947d3c0, 0x000001f42947d6f8]
Event: 1.938 Thread 0x000001f43fbdd000 nmethod 2597 0x000001f42947d810 code [0x000001f42947d9e0, 0x000001f42947df18]
Event: 1.938 Thread 0x000001f440586800 nmethod 2596 0x000001f42947e010 code [0x000001f42947e200, 0x000001f42947e9e8]
Event: 1.938 Thread 0x000001f440581800 2600       3       jdk.internal.misc.InnocuousThread::eraseThreadLocals (23 bytes)
Event: 1.938 Thread 0x000001f440586800 2601       3       java.lang.invoke.MethodHandleNatives$CallSiteContext::run (5 bytes)
Event: 1.938 Thread 0x000001f440586800 nmethod 2601 0x000001f42947eb90 code [0x000001f42947ed40, 0x000001f42947ee88]
Event: 1.938 Thread 0x000001f440581800 nmethod 2600 0x000001f42947ef10 code [0x000001f42947f0a0, 0x000001f42947f298]
Event: 1.938 Thread 0x000001f43fbd6800 nmethod 2593 0x000001f430496d90 code [0x000001f430496fc0, 0x000001f430497c78]
Event: 1.938 Thread 0x000001f44174b800 nmethod 2598 0x000001f42947f310 code [0x000001f42947f520, 0x000001f42947fdb8]
Event: 1.938 Thread 0x000001f43fbd6800 2594   !   4       jdk.internal.ref.PhantomCleanable::insert (53 bytes)
Event: 1.940 Thread 0x000001f44174b800 2603       3       java.lang.reflect.Method::acquireMethodAccessor (44 bytes)
Event: 1.940 Thread 0x000001f44174b800 nmethod 2603 0x000001f429480110 code [0x000001f429480300, 0x000001f4294807f8]
Event: 1.942 Thread 0x000001f43fbd6800 nmethod 2594 0x000001f430497f90 code [0x000001f430498140, 0x000001f430498798]
Event: 1.944 Thread 0x000001f44174b800 2604   !   3       java.util.concurrent.ConcurrentHashMap::replaceNode (437 bytes)
Event: 1.944 Thread 0x000001f440581800 2605       3       java.util.concurrent.ConcurrentHashMap::remove (8 bytes)
Event: 1.944 Thread 0x000001f440581800 nmethod 2605 0x000001f429480990 code [0x000001f429480b40, 0x000001f429480ca8]

GC Heap History (6 events):
Event: 0.363 GC heap before
{Heap before GC invocations=0 (full 0):
 garbage-first heap   total 258048K, used 28672K [0x0000000080000000, 0x0000000100000000)
  region size 1024K, 23 young (23552K), 0 survivors (0K)
 Metaspace       used 3033K, capacity 5949K, committed 6144K, reserved 524288K
  class space    used 376K, capacity 667K, committed 768K, reserved 516096K
}
Event: 0.367 GC heap after
{Heap after GC invocations=1 (full 0):
 garbage-first heap   total 258048K, used 9575K [0x0000000080000000, 0x0000000100000000)
  region size 1024K, 3 young (3072K), 3 survivors (3072K)
 Metaspace       used 3033K, capacity 5949K, committed 6144K, reserved 524288K
  class space    used 376K, capacity 667K, committed 768K, reserved 516096K
}
Event: 0.615 GC heap before
{Heap before GC invocations=1 (full 0):
 garbage-first heap   total 258048K, used 37223K [0x0000000080000000, 0x0000000100000000)
  region size 1024K, 30 young (30720K), 3 survivors (3072K)
 Metaspace       used 4317K, capacity 6749K, committed 7040K, reserved 524288K
  class space    used 530K, capacity 806K, committed 896K, reserved 516096K
}
Event: 0.617 GC heap after
{Heap after GC invocations=2 (full 0):
 garbage-first heap   total 258048K, used 10284K [0x0000000080000000, 0x0000000100000000)
  region size 1024K, 1 young (1024K), 1 survivors (1024K)
 Metaspace       used 4317K, capacity 6749K, committed 7040K, reserved 524288K
  class space    used 530K, capacity 806K, committed 896K, reserved 516096K
}
Event: 1.927 GC heap before
{Heap before GC invocations=2 (full 0):
 garbage-first heap   total 258048K, used 163884K [0x0000000080000000, 0x0000000100000000)
  region size 1024K, 151 young (154624K), 1 survivors (1024K)
 Metaspace       used 20105K, capacity 20736K, committed 20992K, reserved 534528K
  class space    used 2989K, capacity 3233K, committed 3328K, reserved 516096K
}
Event: 1.936 GC heap after
{Heap after GC invocations=3 (full 0):
 garbage-first heap   total 258048K, used 20262K [0x0000000080000000, 0x0000000100000000)
  region size 1024K, 11 young (11264K), 11 survivors (11264K)
 Metaspace       used 20105K, capacity 20736K, committed 20992K, reserved 534528K
  class space    used 2989K, capacity 3233K, committed 3328K, reserved 516096K
}

Deoptimization events (20 events):
Event: 1.472 Thread 0x000001f4412fe000 DEOPT PACKING pc=0x000001f4303fa19c sp=0x00000056301fa160
Event: 1.472 Thread 0x000001f4412fe000 DEOPT UNPACKING pc=0x000001f42878852f sp=0x00000056301fa0d8 mode 2
Event: 1.517 Thread 0x000001f4412fe000 DEOPT PACKING pc=0x000001f42939f596 sp=0x00000056301f96c0
Event: 1.517 Thread 0x000001f4412fe000 DEOPT UNPACKING pc=0x000001f4287c83de sp=0x00000056301f8be0 mode 0
Event: 1.540 Thread 0x000001f4412fe000 DEOPT PACKING pc=0x000001f42939f575 sp=0x00000056301f5680
Event: 1.540 Thread 0x000001f4412fe000 DEOPT UNPACKING pc=0x000001f4287c83de sp=0x00000056301f4ba0 mode 0
Event: 1.544 Thread 0x000001f4412fe000 DEOPT PACKING pc=0x000001f42939f596 sp=0x00000056301f94b0
Event: 1.544 Thread 0x000001f4412fe000 DEOPT UNPACKING pc=0x000001f4287c83de sp=0x00000056301f89d0 mode 0
Event: 1.551 Thread 0x000001f4412fe000 DEOPT PACKING pc=0x000001f42939f575 sp=0x00000056301f95b0
Event: 1.551 Thread 0x000001f4412fe000 DEOPT UNPACKING pc=0x000001f4287c83de sp=0x00000056301f8ad0 mode 0
Event: 1.620 Thread 0x000001f4412fe000 DEOPT PACKING pc=0x000001f4294173d8 sp=0x00000056301f8920
Event: 1.620 Thread 0x000001f4412fe000 DEOPT UNPACKING pc=0x000001f4287c83de sp=0x00000056301f7e40 mode 0
Event: 1.711 Thread 0x000001f4412fe000 Uncommon trap: trap_request=0xffffff76 fr.pc=0x000001f43045ec24 relative=0x00000000000001a4
Event: 1.711 Thread 0x000001f4412fe000 Uncommon trap: reason=predicate action=maybe_recompile pc=0x000001f43045ec24 method=com.google.common.base.CharMatcher.indexIn(Ljava/lang/CharSequence;I)I @ 19 c2
Event: 1.711 Thread 0x000001f4412fe000 DEOPT PACKING pc=0x000001f43045ec24 sp=0x00000056301fb640
Event: 1.711 Thread 0x000001f4412fe000 DEOPT UNPACKING pc=0x000001f42878852f sp=0x00000056301fb5d0 mode 2
Event: 1.768 Thread 0x000001f4412fe000 Uncommon trap: trap_request=0xffffffc6 fr.pc=0x000001f4303b0cac relative=0x0000000000000eec
Event: 1.768 Thread 0x000001f4412fe000 Uncommon trap: reason=bimorphic_or_optimized_type_check action=maybe_recompile pc=0x000001f4303b0cac method=java.util.Properties$LineReader.readLine()I @ 479 c2
Event: 1.768 Thread 0x000001f4412fe000 DEOPT PACKING pc=0x000001f4303b0cac sp=0x00000056301fb270
Event: 1.768 Thread 0x000001f4412fe000 DEOPT UNPACKING pc=0x000001f42878852f sp=0x00000056301fb200 mode 2

Classes unloaded (0 events):
No events

Classes redefined (0 events):
No events

Internal exceptions (20 events):
Event: 1.301 Thread 0x000001f4412fe000 Exception <a 'java/lang/NoSuchMethodError'{0x000000008ae85a68}: 'java.lang.Object java.lang.invoke.DirectMethodHandle$Holder.invokeInterface(java.lang.Object, java.lang.Object, java.lang.Object)'> (0x000000008ae85a68) 
thrown [./open/src/hotspot/share/interpreter/linkResolver.cpp, line 766]
Event: 1.301 Thread 0x000001f4412fe000 Exception <a 'java/lang/IncompatibleClassChangeError'{0x000000008ae88c18}: Found class java.lang.Object, but interface was expected> (0x000000008ae88c18) 
thrown [./open/src/hotspot/share/interpreter/linkResolver.cpp, line 832]
Event: 1.333 Thread 0x000001f4412fe000 Exception <a 'java/lang/NoSuchMethodError'{0x000000008aabdc10}: 'java.lang.Object java.lang.invoke.Invokers$Holder.invokeExact_MT(java.lang.Object, java.lang.Object, java.lang.Object, java.lang.Object, java.lang.Object, java.lang.Object)'> (0x000000008aabdc10) 
thrown [./open/src/hotspot/share/interpreter/linkResolver.cpp, line 766]
Event: 1.363 Thread 0x000001f4412fe000 Exception <a 'java/lang/NoSuchMethodError'{0x000000008a7f92e8}: 'void java.lang.invoke.DirectMethodHandle$Holder.invokeSpecial(java.lang.Object, java.lang.Object, java.lang.Object, java.lang.Object, java.lang.Object)'> (0x000000008a7f92e8) 
thrown [./open/src/hotspot/share/interpreter/linkResolver.cpp, line 766]
Event: 1.378 Thread 0x000001f4412fe000 Exception <a 'java/lang/NoSuchMethodError'{0x000000008a47ac78}: 'java.lang.Object java.lang.invoke.DirectMethodHandle$Holder.invokeSpecial(java.lang.Object, java.lang.Object, java.lang.Object, java.lang.Object, java.lang.Object, java.lang.Object, java.lang.Object, java.lang.Object, java.lang.Object)'> (0x000000008a47ac78) 
thrown [./open/src/hotspot/share/interpreter/linkResolver.cpp, line 766]
Event: 1.430 Thread 0x000001f4412fe000 Exception <a 'java/lang/NoSuchMethodError'{0x00000000899770a0}: 'java.lang.Object java.lang.invoke.DirectMethodHandle$Holder.invokeVirtual(java.lang.Object, java.lang.Object, java.lang.Object, java.lang.Object)'> (0x00000000899770a0) 
thrown [./open/src/hotspot/share/interpreter/linkResolver.cpp, line 766]
Event: 1.500 Thread 0x000001f4412fe000 Exception <a 'java/lang/NoSuchMethodError'{0x0000000089225b40}: 'void java.lang.invoke.DirectMethodHandle$Holder.invokeSpecial(java.lang.Object, java.lang.Object, java.lang.Object, java.lang.Object, java.lang.Object, java.lang.Object)'> (0x0000000089225b40) 
thrown [./open/src/hotspot/share/interpreter/linkResolver.cpp, line 766]
Event: 1.503 Thread 0x000001f4412fe000 Exception <a 'java/lang/NoSuchMethodError'{0x000000008926cfd8}: 'java.lang.Object java.lang.invoke.Invokers$Holder.linkToTargetMethod(java.lang.Object, java.lang.Object, java.lang.Object, java.lang.Object, java.lang.Object, java.lang.Object, java.lang.Object)'> (0x000000008926cfd8) 
thrown [./open/src/hotspot/share/interpreter/linkResolver.cpp, line 766]
Event: 1.515 Thread 0x000001f4412fe000 Exception <a 'java/lang/NoSuchMethodError'{0x000000008916e9f0}: 'void java.lang.invoke.DirectMethodHandle$Holder.invokeSpecial(java.lang.Object, java.lang.Object, java.lang.Object, java.lang.Object, java.lang.Object, java.lang.Object, java.lang.Object)'> (0x000000008916e9f0) 
thrown [./open/src/hotspot/share/interpreter/linkResolver.cpp, line 766]
Event: 1.518 Thread 0x000001f4412fe000 Exception <a 'java/lang/NoSuchMethodError'{0x00000000891b4570}: 'java.lang.Object java.lang.invoke.DirectMethodHandle$Holder.invokeStatic(java.lang.Object, java.lang.Object, java.lang.Object, int, java.lang.Object, java.lang.Object)'> (0x00000000891b4570) 
thrown [./open/src/hotspot/share/interpreter/linkResolver.cpp, line 766]
Event: 1.519 Thread 0x000001f4412fe000 Exception <a 'java/lang/NoSuchMethodError'{0x00000000891bb1f0}: 'java.lang.Object java.lang.invoke.Invokers$Holder.linkToTargetMethod(java.lang.Object, java.lang.Object, int, java.lang.Object, java.lang.Object, java.lang.Object)'> (0x00000000891bb1f0) 
thrown [./open/src/hotspot/share/interpreter/linkResolver.cpp, line 766]
Event: 1.542 Thread 0x000001f4412fe000 Exception <a 'java/lang/NoSuchMethodError'{0x0000000088f73ca8}: 'java.lang.Object java.lang.invoke.DirectMethodHandle$Holder.invokeVirtual(java.lang.Object, java.lang.Object, java.lang.Object, java.lang.Object, java.lang.Object, java.lang.Object, java.lang.Object, java.lang.Object, java.lang.Object, java.lang.Object, java.lang.Object, java.lang.Object, java.lang.Object, java.lang.Object, java.lang.Object, java.lang.Object, java.lang.Object, java.lang.Object, java.lang.Object, java.lang.Object, java.lang.Ob
Event: 1.592 Thread 0x000001f4412fe000 Exception <a 'java/lang/NoSuchMethodError'{0x0000000088652340}: 'int java.lang.invoke.DirectMethodHandle$Holder.invokeStaticInit(java.lang.Object, java.lang.Object, java.lang.Object)'> (0x0000000088652340) 
thrown [./open/src/hotspot/share/interpreter/linkResolver.cpp, line 766]
Event: 1.647 Thread 0x000001f4412fe000 Exception <a 'java/lang/NoSuchMethodError'{0x0000000088102170}: 'void java.lang.invoke.DirectMethodHandle$Holder.invokeStaticInit(java.lang.Object, java.lang.Object)'> (0x0000000088102170) 
thrown [./open/src/hotspot/share/interpreter/linkResolver.cpp, line 766]
Event: 1.735 Thread 0x000001f4412fe000 Exception <a 'java/lang/NoSuchMethodError'{0x0000000087a238a8}: 'void java.lang.invoke.DirectMethodHandle$Holder.invokeStatic(java.lang.Object, java.lang.Object, java.lang.Object, java.lang.Object)'> (0x0000000087a238a8) 
thrown [./open/src/hotspot/share/interpreter/linkResolver.cpp, line 766]
Event: 1.737 Thread 0x000001f4412fe000 Exception <a 'java/lang/NoSuchMethodError'{0x0000000087a42448}: 'int java.lang.invoke.DirectMethodHandle$Holder.invokeVirtual(java.lang.Object, java.lang.Object)'> (0x0000000087a42448) 
thrown [./open/src/hotspot/share/interpreter/linkResolver.cpp, line 766]
Event: 1.739 Thread 0x000001f4412fe000 Exception <a 'java/lang/NoSuchMethodError'{0x0000000087a5a6a8}: 'java.lang.Object java.lang.invoke.DirectMethodHandle$Holder.invokeVirtual(java.lang.Object, java.lang.Object, java.lang.Object)'> (0x0000000087a5a6a8) 
thrown [./open/src/hotspot/share/interpreter/linkResolver.cpp, line 766]
Event: 1.741 Thread 0x000001f4412fe000 Exception <a 'java/lang/NoSuchMethodError'{0x0000000087901948}: 'int java.lang.invoke.DirectMethodHandle$Holder.invokeVirtual(java.lang.Object, java.lang.Object, java.lang.Object)'> (0x0000000087901948) 
thrown [./open/src/hotspot/share/interpreter/linkResolver.cpp, line 766]
Event: 1.763 Thread 0x000001f4412fe000 Exception <a 'java/lang/NoSuchMethodError'{0x00000000878978b8}: 'void java.lang.invoke.DirectMethodHandle$Holder.invokeSpecial(java.lang.Object, java.lang.Object)'> (0x00000000878978b8) 
thrown [./open/src/hotspot/share/interpreter/linkResolver.cpp, line 766]
Event: 1.886 Thread 0x000001f4412fe000 Exception <a 'java/lang/NoSuchMethodError'{0x000000008695e3f0}: 'java.lang.Object java.lang.invoke.DirectMethodHandle$Holder.invokeSpecialIFC(java.lang.Object, java.lang.Object, java.lang.Object, java.lang.Object)'> (0x000000008695e3f0) 
thrown [./open/src/hotspot/share/interpreter/linkResolver.cpp, line 766]

Events (20 events):
Event: 1.736 Thread 0x000001f4422fb000 Thread added: 0x000001f4422fb000
Event: 1.737 Executing VM operation: HandshakeOneThread
Event: 1.737 Executing VM operation: HandshakeOneThread done
Event: 1.740 loading class java/util/ArrayDeque$DeqSpliterator
Event: 1.741 loading class java/util/ArrayDeque$DeqSpliterator done
Event: 1.823 loading class java/lang/management/MemoryType
Event: 1.823 loading class java/lang/management/MemoryType done
Event: 1.824 loading class java/lang/management/MemoryUsage
Event: 1.824 loading class java/lang/management/MemoryUsage done
Event: 1.824 loading class java/util/concurrent/LinkedBlockingDeque$Node
Event: 1.824 loading class java/util/concurrent/LinkedBlockingDeque$Node done
Event: 1.852 Executing VM operation: HandshakeAllThreads
Event: 1.852 Executing VM operation: HandshakeAllThreads done
Event: 1.877 Thread 0x000001f442301800 Thread added: 0x000001f442301800
Event: 1.903 Thread 0x000001f4407ed000 Thread exited: 0x000001f4407ed000
Event: 1.907 Thread 0x000001f4422fb800 Thread added: 0x000001f4422fb800
Event: 1.927 Executing VM operation: G1CollectForAllocation
Event: 1.936 Executing VM operation: G1CollectForAllocation done
Event: 1.936 Executing VM operation: BulkRevokeBias
Event: 1.937 Executing VM operation: BulkRevokeBias done


Dynamic libraries:
0x00007ff79b5c0000 - 0x00007ff79b5cf000 	C:\Program Files\Java\jdk-14.0.2\bin\java.exe
0x00007ffa08210000 - 0x00007ffa08424000 	C:\WINDOWS\SYSTEM32\ntdll.dll
0x00007ffa06c40000 - 0x00007ffa06d02000 	C:\WINDOWS\System32\KERNEL32.DLL
0x00007ffa05c40000 - 0x00007ffa05fe3000 	C:\WINDOWS\System32\KERNELBASE.dll
0x00007ffa05b20000 - 0x00007ffa05c31000 	C:\WINDOWS\System32\ucrtbase.dll
0x00007ff9be8d0000 - 0x00007ff9be8e8000 	C:\Program Files\Java\jdk-14.0.2\bin\jli.dll
0x00007ff9aaf80000 - 0x00007ff9aaf95000 	C:\Program Files\Java\jdk-14.0.2\bin\VCRUNTIME140.dll
0x00007ffa07dc0000 - 0x00007ffa07e6e000 	C:\WINDOWS\System32\ADVAPI32.dll
0x00007ffa078b0000 - 0x00007ffa07957000 	C:\WINDOWS\System32\msvcrt.dll
0x00007ffa08120000 - 0x00007ffa081c4000 	C:\WINDOWS\System32\sechost.dll
0x00007ffa06360000 - 0x00007ffa06477000 	C:\WINDOWS\System32\RPCRT4.dll
0x00007ffa05ff0000 - 0x00007ffa0619a000 	C:\WINDOWS\System32\USER32.dll
0x00007ffa057a0000 - 0x00007ffa057c6000 	C:\WINDOWS\System32\win32u.dll
0x00007ff9defd0000 - 0x00007ff9df25e000 	C:\WINDOWS\WinSxS\amd64_microsoft.windows.common-controls_6595b64144ccf1df_6.0.22621.1635_none_270f70857386168e\COMCTL32.dll
0x00007ffa06940000 - 0x00007ffa06969000 	C:\WINDOWS\System32\GDI32.dll
0x00007ffa057d0000 - 0x00007ffa058e9000 	C:\WINDOWS\System32\gdi32full.dll
0x00007ffa05610000 - 0x00007ffa056aa000 	C:\WINDOWS\System32\msvcp_win.dll
0x00007ff9fed30000 - 0x00007ff9fed3a000 	C:\WINDOWS\SYSTEM32\VERSION.dll
0x00007ffa06900000 - 0x00007ffa06931000 	C:\WINDOWS\System32\IMM32.DLL
0x00007ff996170000 - 0x00007ff99620b000 	C:\Program Files\Java\jdk-14.0.2\bin\msvcp140.dll
0x00007ff95c2a0000 - 0x00007ff95cdbe000 	C:\Program Files\Java\jdk-14.0.2\bin\server\jvm.dll
0x00007ffa06970000 - 0x00007ffa06978000 	C:\WINDOWS\System32\PSAPI.DLL
0x00007ff9fe8e0000 - 0x00007ff9fe914000 	C:\WINDOWS\SYSTEM32\WINMM.dll
0x00007ff9fa540000 - 0x00007ff9fa549000 	C:\WINDOWS\SYSTEM32\WSOCK32.dll
0x00007ffa06210000 - 0x00007ffa06281000 	C:\WINDOWS\System32\WS2_32.dll
0x00007ffa04700000 - 0x00007ffa04718000 	C:\WINDOWS\SYSTEM32\kernel.appcore.dll
0x00007ff9fa490000 - 0x00007ff9fa49a000 	C:\Program Files\Java\jdk-14.0.2\bin\jimage.dll
0x00007ffa02f80000 - 0x00007ffa031ae000 	C:\WINDOWS\SYSTEM32\DBGHELP.DLL
0x00007ffa07980000 - 0x00007ffa07d09000 	C:\WINDOWS\System32\combase.dll
0x00007ffa07510000 - 0x00007ffa075e7000 	C:\WINDOWS\System32\OLEAUT32.dll
0x00007ff9f42f0000 - 0x00007ff9f4322000 	C:\WINDOWS\SYSTEM32\dbgcore.DLL
0x00007ffa05720000 - 0x00007ffa0579a000 	C:\WINDOWS\System32\bcryptPrimitives.dll
0x00007ff9a9b70000 - 0x00007ff9a9b95000 	C:\Program Files\Java\jdk-14.0.2\bin\java.dll
0x00007ff9a9b50000 - 0x00007ff9a9b66000 	C:\Program Files\Java\jdk-14.0.2\bin\zip.dll
0x00007ffa06d10000 - 0x00007ffa07509000 	C:\WINDOWS\System32\SHELL32.dll
0x00007ffa035b0000 - 0x00007ffa03e7e000 	C:\WINDOWS\SYSTEM32\windows.storage.dll
0x00007ffa03470000 - 0x00007ffa035ae000 	C:\WINDOWS\SYSTEM32\wintypes.dll
0x00007ffa08020000 - 0x00007ffa08111000 	C:\WINDOWS\System32\SHCORE.dll
0x00007ffa06300000 - 0x00007ffa0635e000 	C:\WINDOWS\System32\shlwapi.dll
0x00007ffa05540000 - 0x00007ffa05566000 	C:\WINDOWS\SYSTEM32\profapi.dll
0x00007ff999d70000 - 0x00007ff999d89000 	C:\Program Files\Java\jdk-14.0.2\bin\net.dll
0x00007ff9febf0000 - 0x00007ff9fed27000 	C:\WINDOWS\SYSTEM32\WINHTTP.dll
0x00007ffa04b80000 - 0x00007ffa04be9000 	C:\WINDOWS\system32\mswsock.dll
0x00007ff999d50000 - 0x00007ff999d62000 	C:\Program Files\Java\jdk-14.0.2\bin\nio.dll
0x00007ff9f8170000 - 0x00007ff9f8180000 	C:\Program Files\Java\jdk-14.0.2\bin\verify.dll
0x00007ff96cdf0000 - 0x00007ff96ce17000 	C:\Users\Admin\.gradle\native\e1d6ef7f7dcc3fd88c89a11ec53ec762bb8ba0a96d01ffa2cd45eb1d1d8dd5c5\windows-amd64\native-platform.dll
0x00007ff951ca0000 - 0x00007ff951de4000 	C:\Users\Admin\.gradle\native\0d407fdbe67a94daf76414ababcb853783967236a71b16ec16e742cd7a986fd3\windows-amd64\native-platform-file-events.dll
0x00007ff9dafa0000 - 0x00007ff9dafa9000 	C:\Program Files\Java\jdk-14.0.2\bin\management.dll
0x00007ff9d4310000 - 0x00007ff9d431b000 	C:\Program Files\Java\jdk-14.0.2\bin\management_ext.dll
0x00007ffa04e20000 - 0x00007ffa04e3b000 	C:\WINDOWS\SYSTEM32\CRYPTSP.dll
0x00007ffa04670000 - 0x00007ffa046a5000 	C:\WINDOWS\system32\rsaenh.dll
0x00007ffa04ca0000 - 0x00007ffa04ccc000 	C:\WINDOWS\SYSTEM32\USERENV.dll
0x00007ffa04fc0000 - 0x00007ffa04fe8000 	C:\WINDOWS\SYSTEM32\bcrypt.dll
0x00007ffa04e40000 - 0x00007ffa04e4c000 	C:\WINDOWS\SYSTEM32\CRYPTBASE.dll
0x00007ffa040e0000 - 0x00007ffa0410d000 	C:\WINDOWS\SYSTEM32\IPHLPAPI.DLL
0x00007ffa075f0000 - 0x00007ffa075f9000 	C:\WINDOWS\System32\NSI.dll
0x00007ff9fed90000 - 0x00007ff9feda9000 	C:\WINDOWS\SYSTEM32\dhcpcsvc6.DLL
0x00007ff9fe730000 - 0x00007ff9fe74f000 	C:\WINDOWS\SYSTEM32\dhcpcsvc.DLL
0x00007ffa04150000 - 0x00007ffa04243000 	C:\WINDOWS\SYSTEM32\DNSAPI.dll

dbghelp: loaded successfully - version: 4.0.5 - missing functions: none
symbol engine: initialized successfully - sym options: 0x614 - pdb path: .;C:\Program Files\Java\jdk-14.0.2\bin;C:\WINDOWS\SYSTEM32;C:\WINDOWS\WinSxS\amd64_microsoft.windows.common-controls_6595b64144ccf1df_6.0.22621.1635_none_270f70857386168e;C:\Program Files\Java\jdk-14.0.2\bin\server;C:\Users\Admin\.gradle\native\e1d6ef7f7dcc3fd88c89a11ec53ec762bb8ba0a96d01ffa2cd45eb1d1d8dd5c5\windows-amd64;C:\Users\Admin\.gradle\native\0d407fdbe67a94daf76414ababcb853783967236a71b16ec16e742cd7a986fd3\windows-amd64

VM Arguments:
jvm_args: -XX:MaxMetaspaceSize=512m --add-opens=java.base/java.util=ALL-UNNAMED --add-opens=java.base/java.lang=ALL-UNNAMED --add-opens=java.base/java.lang.invoke=ALL-UNNAMED --add-opens=java.base/java.util=ALL-UNNAMED --add-opens=java.prefs/java.util.prefs=ALL-UNNAMED --add-opens=java.prefs/java.util.prefs=ALL-UNNAMED --add-opens=java.base/java.nio.charset=ALL-UNNAMED --add-opens=java.base/java.net=ALL-UNNAMED --add-opens=java.base/java.util.concurrent.atomic=ALL-UNNAMED -Xmx2048m -Dfile.encoding=windows-1252 -Duser.country=US -Duser.language=en -Duser.variant 
java_command: org.gradle.launcher.daemon.bootstrap.GradleDaemon 7.5.1
java_class_path (initial): C:\Users\Admin\.gradle\wrapper\dists\gradle-7.5.1-all\1ehga6e77gqps5uk2kc5kf1vc\gradle-7.5.1\lib\gradle-launcher-7.5.1.jar
Launcher Type: SUN_STANDARD

[Global flags]
     intx CICompilerCount                          = 12                                        {product} {ergonomic}
   size_t CompressedClassSpaceSize                 = 528482304                                 {product} {ergonomic}
     uint ConcGCThreads                            = 3                                         {product} {ergonomic}
     uint G1ConcRefinementThreads                  = 13                                        {product} {ergonomic}
   size_t G1HeapRegionSize                         = 1048576                                   {product} {ergonomic}
    uintx GCDrainStackTargetSize                   = 64                                        {product} {ergonomic}
   size_t InitialHeapSize                          = 264241152                                 {product} {ergonomic}
   size_t MarkStackSize                            = 4194304                                   {product} {ergonomic}
   size_t MaxHeapSize                              = 2147483648                                {product} {command line}
   size_t MaxMetaspaceSize                         = 536870912                                 {product} {command line}
   size_t MaxNewSize                               = 1287651328                                {product} {ergonomic}
   size_t MinHeapDeltaBytes                        = 1048576                                   {product} {ergonomic}
   size_t MinHeapSize                              = 8388608                                   {product} {ergonomic}
    uintx NonNMethodCodeHeapSize                   = 7602480                                {pd product} {ergonomic}
    uintx NonProfiledCodeHeapSize                  = 122027880                              {pd product} {ergonomic}
    uintx ProfiledCodeHeapSize                     = 122027880                              {pd product} {ergonomic}
    uintx ReservedCodeCacheSize                    = 251658240                              {pd product} {ergonomic}
     bool SegmentedCodeCache                       = true                                      {product} {ergonomic}
   size_t SoftMaxHeapSize                          = 2147483648                             {manageable} {ergonomic}
     bool UseCompressedClassPointers               = true                                 {lp64_product} {ergonomic}
     bool UseCompressedOops                        = true                                 {lp64_product} {ergonomic}
     bool UseG1GC                                  = true                                      {product} {ergonomic}
     bool UseLargePagesIndividualAllocation        = false                                  {pd product} {ergonomic}

Logging:
Log output configuration:
 #0: stdout all=warning uptime,level,tags
 #1: stderr all=off uptime,level,tags

Environment Variables:
JAVA_HOME=C:\Program Files\Java\jdk-14.0.2
CLASSPATH=C:\Users\Admin\AwesomeProject\android\\gradle\wrapper\gradle-wrapper.jar
PATH=C:\Users\Admin\AwesomeProject\android\node_modules\.bin;C:\Users\Admin\AwesomeProject\node_modules\.bin;C:\Users\Admin\node_modules\.bin;C:\Users\node_modules\.bin;C:\node_modules\.bin;C:\Program Files\nodejs;C:\Users\Admin\AwesomeProject\node_modules\.bin;C:\Users\Admin\node_modules\.bin;C:\Users\node_modules\.bin;C:\node_modules\.bin;C:\Program Files\nodejs\node_modules\npm\node_modules\@npmcli\run-script\lib\node-gyp-bin;C:\Program Files\Python310\Scripts\;C:\Program Files\Python310\;C:\Program Files\Python38\Scripts\;C:\Program Files\Python38\;C:\WINDOWS\system32;C:\WINDOWS;C:\WINDOWS\System32\Wbem;C:\WINDOWS\System32\WindowsPowerShell\v1.0\;C:\WINDOWS\System32\OpenSSH\;C:\Program Files\Microsoft SQL Server\Client SDK\ODBC\110\Tools\Binn\;C:\Program Files (x86)\Microsoft SQL Server\120\Tools\Binn\;C:\Program Files\Microsoft SQL Server\120\Tools\Binn\;C:\Program Files\Microsoft SQL Server\120\DTS\Binn\;C:\Program Files (x86)\Microsoft SQL Server\120\Tools\Binn\ManagementStudio\;C:\Program Files (x86)\Microsoft SQL Server\120\DTS\Binn\;C:\Program Files\Java\jdk-11.0.2\bin;C:\tomcat\apache-tomcat-9.0.63\bin;C:\Program Files\dotnet\;C:\Program Files\Microsoft SQL Server\150\Tools\Binn\;C:\Program Files\Microsoft SQL Server\Client SDK\ODBC\170\Tools\Binn\;C:\Program Files\nodejs\;C:\Program Files\Microsoft SQL Server\130\Tools\Binn\;C:\WINDOWS\system32;C:\WINDOWS;C:\WINDOWS\System32\Wbem;C:\WINDOWS\System32\WindowsPowerShell\v1.0\;C:\WINDOWS\System32\OpenSSH\;C:\Program Files\MongoDB\Server\5.0\bin;C:\Users\Admin\AppData\Local\Microsoft\WindowsApps;;C:\Users\Admin\AppData\Local\Programs\Microsoft VS Code\bin;C:\Users\Admin\.dotnet\tools;C:\Users\Admin\AppData\Roaming\npm;C:\Users\Admin\AwesomeProject\node_modules\.bin
USERNAME=Admin
OS=Windows_NT
PROCESSOR_IDENTIFIER=Intel64 Family 6 Model 141 Stepping 1, GenuineIntel



---------------  S Y S T E M  ---------------

OS: Windows 10 , 64 bit Build 22621 (10.0.22621.1928)
OS uptime: 0 days 11:13 hours
HyperV virtualization detected

CPU:total 16 (initial active 16) (8 cores per cpu, 2 threads per core) family 6 model 141 stepping 1, cmov, cx8, fxsr, mmx, sse, sse2, sse3, ssse3, sse4.1, sse4.2, popcnt, avx, avx2, aes, clmul, erms, 3dnowpref, lzcnt, ht, tsc, tscinvbit, bmi1, bmi2, adx, evex, sha, fma

Memory: 4k page, system-wide physical 16085M (2390M free)
TotalPageFile size 18133M (AvailPageFile size 5M)
current process WorkingSet (physical memory assigned to process): 317M, peak: 317M
current process commit charge ("private bytes"): 466M, peak: 475M

vm_info: Java HotSpot(TM) 64-Bit Server VM (14.0.2+12-46) for windows-amd64 JRE (14.0.2+12-46), built on Jul  9 2020 00:35:52 by "mach5one" with MS VC++ 15.9 (VS2017)

END.
