#
# There is insufficient memory for the Java Runtime Environment to continue.
# Native memory allocation (malloc) failed to allocate 134976 bytes for Chunk::new
# Possible reasons:
#   The system is out of physical RAM or swap space
#   The process is running with CompressedOops enabled, and the Java Heap may be blocking the growth of the native heap
# Possible solutions:
#   Reduce memory load on the system
#   Increase physical memory or swap space
#   Check if swap backing store is full
#   Decrease Java heap size (-Xmx/-Xms)
#   Decrease number of Java threads
#   Decrease Java thread stack sizes (-Xss)
#   Set larger code cache with -XX:ReservedCodeCacheSize=
#   JVM is running with Unscaled Compressed Oops mode in which the Java heap is
#     placed in the first 4GB address space. The Java Heap base address is the
#     maximum limit for the native heap growth. Please use -XX:HeapBaseMinAddress
#     to set the Java Heap base and to place the Java Heap above 4GB virtual address.
# This output file may be truncated or incomplete.
#
#  Out of Memory Error (./open/src/hotspot/share/memory/arena.cpp:195), pid=3724, tid=11800
#
# JRE version: Java(TM) SE Runtime Environment (14.0.2+12) (build 14.0.2+12-46)
# Java VM: Java HotSpot(TM) 64-Bit Server VM (14.0.2+12-46, mixed mode, sharing, tiered, compressed oops, g1 gc, windows-amd64)
# No core dump will be written. Minidumps are not enabled by default on client versions of Windows
#

---------------  S U M M A R Y ------------

Command Line: -Xmx64m -Xms64m -Dorg.gradle.appname=gradlew org.gradle.wrapper.GradleWrapperMain app:installDebug -PreactNativeDevServerPort=8081

Host: 11th Gen Intel(R) Core(TM) i7-11800H @ 2.30GHz, 16 cores, 15G,  Windows 10 , 64 bit Build 22621 (10.0.22621.1928)
Time: Mon Aug  7 20:14:44 2023 SE Asia Standard Time elapsed time: 23 seconds (0d 0h 0m 23s)

---------------  T H R E A D  ---------------

Current thread (0x0000017fe6e84800):  JavaThread "C2 CompilerThread0" daemon [_thread_in_native, id=11800, stack(0x00000033a1a00000,0x00000033a1b00000)]


Current CompileTask:
C2:  23618 1827       4       org.gradle.internal.logging.text.AbstractLineChoppingStyledTextOutput$1::execute (140 bytes)

Stack: [0x00000033a1a00000,0x00000033a1b00000]
Native frames: (J=compiled Java code, j=interpreted, Vv=VM code, C=native code)
V  [jvm.dll+0x5f8a9a]
V  [jvm.dll+0x74247a]
V  [jvm.dll+0x743c2f]
V  [jvm.dll+0x744273]
V  [jvm.dll+0x20d288]
V  [jvm.dll+0xabb07]
V  [jvm.dll+0xac1fc]
V  [jvm.dll+0x276db4]
V  [jvm.dll+0x50cffa]
V  [jvm.dll+0x1ee036]
V  [jvm.dll+0x1e7716]
V  [jvm.dll+0x1e4f98]
V  [jvm.dll+0x1779cc]
V  [jvm.dll+0x1f4105]
V  [jvm.dll+0x1f22eb]
V  [jvm.dll+0x7070cd]
V  [jvm.dll+0x6ffeda]
V  [jvm.dll+0x5f78f6]
C  [ucrtbase.dll+0x29363]
C  [KERNEL32.DLL+0x126ad]
C  [ntdll.dll+0x5aa68]


---------------  P R O C E S S  ---------------

Threads class SMR info:
_java_thread_list=0x0000017fe86d67a0, length=12, elements={
0x0000017fcbcf1000, 0x0000017fe6e5a000, 0x0000017fe6e5d800, 0x0000017fe6e7a000,
0x0000017fe6e7b000, 0x0000017fe6e7e000, 0x0000017fe6e84800, 0x0000017fe6e85800,
0x0000017fe6e8f000, 0x0000017fe78d1000, 0x0000017fe78ce800, 0x0000017fe78d2000
}

Java Threads: ( => current thread )
  0x0000017fcbcf1000 JavaThread "main" [_thread_blocked, id=24344, stack(0x00000033a0e00000,0x00000033a0f00000)]
  0x0000017fe6e5a000 JavaThread "Reference Handler" daemon [_thread_blocked, id=16280, stack(0x00000033a1500000,0x00000033a1600000)]
  0x0000017fe6e5d800 JavaThread "Finalizer" daemon [_thread_blocked, id=21588, stack(0x00000033a1600000,0x00000033a1700000)]
  0x0000017fe6e7a000 JavaThread "Signal Dispatcher" daemon [_thread_blocked, id=11116, stack(0x00000033a1700000,0x00000033a1800000)]
  0x0000017fe6e7b000 JavaThread "Attach Listener" daemon [_thread_blocked, id=16264, stack(0x00000033a1800000,0x00000033a1900000)]
  0x0000017fe6e7e000 JavaThread "Service Thread" daemon [_thread_blocked, id=12116, stack(0x00000033a1900000,0x00000033a1a00000)]
=>0x0000017fe6e84800 JavaThread "C2 CompilerThread0" daemon [_thread_in_native, id=11800, stack(0x00000033a1a00000,0x00000033a1b00000)]
  0x0000017fe6e85800 JavaThread "C1 CompilerThread0" daemon [_thread_in_native, id=20184, stack(0x00000033a1b00000,0x00000033a1c00000)]
  0x0000017fe6e8f000 JavaThread "Sweeper thread" daemon [_thread_blocked, id=12984, stack(0x00000033a1c00000,0x00000033a1d00000)]
  0x0000017fe78d1000 JavaThread "Notification Thread" daemon [_thread_blocked, id=12064, stack(0x00000033a1e00000,0x00000033a1f00000)]
  0x0000017fe78ce800 JavaThread "Common-Cleaner" daemon [_thread_blocked, id=13384, stack(0x00000033a2000000,0x00000033a2100000)]
  0x0000017fe78d2000 JavaThread "DisconnectableInputStream source reader" daemon [_thread_in_native, id=13740, stack(0x00000033a2800000,0x00000033a2900000)]

Other Threads:
  0x0000017fe6e57000 VMThread "VM Thread" [stack: 0x00000033a1400000,0x00000033a1500000] [id=5336]
  0x0000017fe78d9800 WatcherThread [stack: 0x00000033a1f00000,0x00000033a2000000] [id=12540]
  0x0000017fcbd10000 GCTaskThread "GC Thread#0" [stack: 0x00000033a0f00000,0x00000033a1000000] [id=6268]
  0x0000017fe8619000 GCTaskThread "GC Thread#1" [stack: 0x00000033a2500000,0x00000033a2600000] [id=12516]
  0x0000017fe8991800 GCTaskThread "GC Thread#2" [stack: 0x00000033a2300000,0x00000033a2400000] [id=16772]
  0x0000017fe8992800 GCTaskThread "GC Thread#3" [stack: 0x00000033a2400000,0x00000033a2500000] [id=15848]
  0x0000017fcbd12000 ConcurrentGCThread "G1 Main Marker" [stack: 0x00000033a1000000,0x00000033a1100000] [id=3968]
  0x0000017fcbd13800 ConcurrentGCThread "G1 Conc#0" [stack: 0x00000033a1100000,0x00000033a1200000] [id=12664]
  0x0000017fcbdb5000 ConcurrentGCThread "G1 Refine#0" [stack: 0x00000033a1200000,0x00000033a1300000] [id=9712]
  0x0000017fcbdb9000 ConcurrentGCThread "G1 Young RemSet Sampling" [stack: 0x00000033a1300000,0x00000033a1400000] [id=13572]

Threads with active compile tasks:
C2 CompilerThread0    23637 1827       4       org.gradle.internal.logging.text.AbstractLineChoppingStyledTextOutput$1::execute (140 bytes)
C1 CompilerThread0    23637 1829       3       java.lang.invoke.MethodHandles$Lookup::in (280 bytes)

VM state:not at safepoint (normal execution)

VM Mutex/Monitor currently owned by a thread: None

Heap address: 0x00000000fc000000, size: 64 MB, Compressed Oops mode: 32-bit
Narrow klass base: 0x0000000800000000, Narrow klass shift: 3
Compressed class space size: 1073741824 Address: 0x0000000800b30000

Heap:
 garbage-first heap   total 65536K, used 20270K [0x00000000fc000000, 0x0000000100000000)
  region size 1024K, 12 young (12288K), 2 survivors (2048K)
 Metaspace       used 9980K, capacity 10345K, committed 10496K, reserved 1058816K
  class space    used 1311K, capacity 1457K, committed 1536K, reserved 1048576K
Heap Regions: E=young(eden), S=young(survivor), O=old, HS=humongous(starts), HC=humongous(continues), CS=collection set, F=free, OA=open archive, CA=closed archive, TAMS=top-at-mark-start (previous, next)
|   0|0x00000000fc000000, 0x00000000fc100000, 0x00000000fc100000|100%| O|  |TAMS 0x00000000fc000000, 0x00000000fc000000| Untracked 
|   1|0x00000000fc100000, 0x00000000fc200000, 0x00000000fc200000|100%| O|  |TAMS 0x00000000fc100000, 0x00000000fc100000| Untracked 
|   2|0x00000000fc200000, 0x00000000fc2fe000, 0x00000000fc300000| 99%| O|  |TAMS 0x00000000fc200000, 0x00000000fc200000| Untracked 
|   3|0x00000000fc300000, 0x00000000fc400000, 0x00000000fc400000|100%|HS|  |TAMS 0x00000000fc300000, 0x00000000fc300000| Complete 
|   4|0x00000000fc400000, 0x00000000fc500000, 0x00000000fc500000|100%|HC|  |TAMS 0x00000000fc400000, 0x00000000fc400000| Complete 
|   5|0x00000000fc500000, 0x00000000fc600000, 0x00000000fc600000|100%|HC|  |TAMS 0x00000000fc500000, 0x00000000fc500000| Complete 
|   6|0x00000000fc600000, 0x00000000fc700000, 0x00000000fc700000|100%| O|  |TAMS 0x00000000fc600000, 0x00000000fc600000| Untracked 
|   7|0x00000000fc700000, 0x00000000fc800000, 0x00000000fc800000|100%| O|  |TAMS 0x00000000fc700000, 0x00000000fc700000| Untracked 
|   8|0x00000000fc800000, 0x00000000fc900000, 0x00000000fc900000|100%| O|  |TAMS 0x00000000fc800000, 0x00000000fc800000| Untracked 
|   9|0x00000000fc900000, 0x00000000fc900000, 0x00000000fca00000|  0%| F|  |TAMS 0x00000000fc900000, 0x00000000fc900000| Untracked 
|  10|0x00000000fca00000, 0x00000000fca00000, 0x00000000fcb00000|  0%| F|  |TAMS 0x00000000fca00000, 0x00000000fca00000| Untracked 
|  11|0x00000000fcb00000, 0x00000000fcb00000, 0x00000000fcc00000|  0%| F|  |TAMS 0x00000000fcb00000, 0x00000000fcb00000| Untracked 
|  12|0x00000000fcc00000, 0x00000000fcc00000, 0x00000000fcd00000|  0%| F|  |TAMS 0x00000000fcc00000, 0x00000000fcc00000| Untracked 
|  13|0x00000000fcd00000, 0x00000000fcd00000, 0x00000000fce00000|  0%| F|  |TAMS 0x00000000fcd00000, 0x00000000fcd00000| Untracked 
|  14|0x00000000fce00000, 0x00000000fce00000, 0x00000000fcf00000|  0%| F|  |TAMS 0x00000000fce00000, 0x00000000fce00000| Untracked 
|  15|0x00000000fcf00000, 0x00000000fcf00000, 0x00000000fd000000|  0%| F|  |TAMS 0x00000000fcf00000, 0x00000000fcf00000| Untracked 
|  16|0x00000000fd000000, 0x00000000fd000000, 0x00000000fd100000|  0%| F|  |TAMS 0x00000000fd000000, 0x00000000fd000000| Untracked 
|  17|0x00000000fd100000, 0x00000000fd100000, 0x00000000fd200000|  0%| F|  |TAMS 0x00000000fd100000, 0x00000000fd100000| Untracked 
|  18|0x00000000fd200000, 0x00000000fd200000, 0x00000000fd300000|  0%| F|  |TAMS 0x00000000fd200000, 0x00000000fd200000| Untracked 
|  19|0x00000000fd300000, 0x00000000fd300000, 0x00000000fd400000|  0%| F|  |TAMS 0x00000000fd300000, 0x00000000fd300000| Untracked 
|  20|0x00000000fd400000, 0x00000000fd400000, 0x00000000fd500000|  0%| F|  |TAMS 0x00000000fd400000, 0x00000000fd400000| Untracked 
|  21|0x00000000fd500000, 0x00000000fd500000, 0x00000000fd600000|  0%| F|  |TAMS 0x00000000fd500000, 0x00000000fd500000| Untracked 
|  22|0x00000000fd600000, 0x00000000fd600000, 0x00000000fd700000|  0%| F|  |TAMS 0x00000000fd600000, 0x00000000fd600000| Untracked 
|  23|0x00000000fd700000, 0x00000000fd700000, 0x00000000fd800000|  0%| F|  |TAMS 0x00000000fd700000, 0x00000000fd700000| Untracked 
|  24|0x00000000fd800000, 0x00000000fd800000, 0x00000000fd900000|  0%| F|  |TAMS 0x00000000fd800000, 0x00000000fd800000| Untracked 
|  25|0x00000000fd900000, 0x00000000fd900000, 0x00000000fda00000|  0%| F|  |TAMS 0x00000000fd900000, 0x00000000fd900000| Untracked 
|  26|0x00000000fda00000, 0x00000000fda00000, 0x00000000fdb00000|  0%| F|  |TAMS 0x00000000fda00000, 0x00000000fda00000| Untracked 
|  27|0x00000000fdb00000, 0x00000000fdb00000, 0x00000000fdc00000|  0%| F|  |TAMS 0x00000000fdb00000, 0x00000000fdb00000| Untracked 
|  28|0x00000000fdc00000, 0x00000000fdc00000, 0x00000000fdd00000|  0%| F|  |TAMS 0x00000000fdc00000, 0x00000000fdc00000| Untracked 
|  29|0x00000000fdd00000, 0x00000000fdd00000, 0x00000000fde00000|  0%| F|  |TAMS 0x00000000fdd00000, 0x00000000fdd00000| Untracked 
|  30|0x00000000fde00000, 0x00000000fde00000, 0x00000000fdf00000|  0%| F|  |TAMS 0x00000000fde00000, 0x00000000fde00000| Untracked 
|  31|0x00000000fdf00000, 0x00000000fdf00000, 0x00000000fe000000|  0%| F|  |TAMS 0x00000000fdf00000, 0x00000000fdf00000| Untracked 
|  32|0x00000000fe000000, 0x00000000fe000000, 0x00000000fe100000|  0%| F|  |TAMS 0x00000000fe000000, 0x00000000fe000000| Untracked 
|  33|0x00000000fe100000, 0x00000000fe100000, 0x00000000fe200000|  0%| F|  |TAMS 0x00000000fe100000, 0x00000000fe100000| Untracked 
|  34|0x00000000fe200000, 0x00000000fe200000, 0x00000000fe300000|  0%| F|  |TAMS 0x00000000fe200000, 0x00000000fe200000| Untracked 
|  35|0x00000000fe300000, 0x00000000fe300000, 0x00000000fe400000|  0%| F|  |TAMS 0x00000000fe300000, 0x00000000fe300000| Untracked 
|  36|0x00000000fe400000, 0x00000000fe4cdb38, 0x00000000fe500000| 80%| S|CS|TAMS 0x00000000fe400000, 0x00000000fe400000| Complete 
|  37|0x00000000fe500000, 0x00000000fe600000, 0x00000000fe600000|100%| S|CS|TAMS 0x00000000fe500000, 0x00000000fe500000| Complete 
|  38|0x00000000fe600000, 0x00000000fe600000, 0x00000000fe700000|  0%| F|  |TAMS 0x00000000fe600000, 0x00000000fe600000| Untracked 
|  39|0x00000000fe700000, 0x00000000fe700000, 0x00000000fe800000|  0%| F|  |TAMS 0x00000000fe700000, 0x00000000fe700000| Untracked 
|  40|0x00000000fe800000, 0x00000000fe800000, 0x00000000fe900000|  0%| F|  |TAMS 0x00000000fe800000, 0x00000000fe800000| Untracked 
|  41|0x00000000fe900000, 0x00000000fe900000, 0x00000000fea00000|  0%| F|  |TAMS 0x00000000fe900000, 0x00000000fe900000| Untracked 
|  42|0x00000000fea00000, 0x00000000fea00000, 0x00000000feb00000|  0%| F|  |TAMS 0x00000000fea00000, 0x00000000fea00000| Untracked 
|  43|0x00000000feb00000, 0x00000000feb00000, 0x00000000fec00000|  0%| F|  |TAMS 0x00000000feb00000, 0x00000000feb00000| Untracked 
|  44|0x00000000fec00000, 0x00000000fec00000, 0x00000000fed00000|  0%| F|  |TAMS 0x00000000fec00000, 0x00000000fec00000| Untracked 
|  45|0x00000000fed00000, 0x00000000fed00000, 0x00000000fee00000|  0%| F|  |TAMS 0x00000000fed00000, 0x00000000fed00000| Untracked 
|  46|0x00000000fee00000, 0x00000000fee00000, 0x00000000fef00000|  0%| F|  |TAMS 0x00000000fee00000, 0x00000000fee00000| Untracked 
|  47|0x00000000fef00000, 0x00000000fef00000, 0x00000000ff000000|  0%| F|  |TAMS 0x00000000fef00000, 0x00000000fef00000| Untracked 
|  48|0x00000000ff000000, 0x00000000ff000000, 0x00000000ff100000|  0%| F|  |TAMS 0x00000000ff000000, 0x00000000ff000000| Untracked 
|  49|0x00000000ff100000, 0x00000000ff100000, 0x00000000ff200000|  0%| F|  |TAMS 0x00000000ff100000, 0x00000000ff100000| Untracked 
|  50|0x00000000ff200000, 0x00000000ff200000, 0x00000000ff300000|  0%| F|  |TAMS 0x00000000ff200000, 0x00000000ff200000| Untracked 
|  51|0x00000000ff300000, 0x00000000ff300000, 0x00000000ff400000|  0%| F|  |TAMS 0x00000000ff300000, 0x00000000ff300000| Untracked 
|  52|0x00000000ff400000, 0x00000000ff400000, 0x00000000ff500000|  0%| F|  |TAMS 0x00000000ff400000, 0x00000000ff400000| Untracked 
|  53|0x00000000ff500000, 0x00000000ff500000, 0x00000000ff600000|  0%| F|  |TAMS 0x00000000ff500000, 0x00000000ff500000| Untracked 
|  54|0x00000000ff600000, 0x00000000ff6f8e28, 0x00000000ff700000| 97%| E|  |TAMS 0x00000000ff600000, 0x00000000ff600000| Complete 
|  55|0x00000000ff700000, 0x00000000ff800000, 0x00000000ff800000|100%| E|CS|TAMS 0x00000000ff700000, 0x00000000ff700000| Complete 
|  56|0x00000000ff800000, 0x00000000ff900000, 0x00000000ff900000|100%| E|CS|TAMS 0x00000000ff800000, 0x00000000ff800000| Complete 
|  57|0x00000000ff900000, 0x00000000ffa00000, 0x00000000ffa00000|100%| E|CS|TAMS 0x00000000ff900000, 0x00000000ff900000| Complete 
|  58|0x00000000ffa00000, 0x00000000ffb00000, 0x00000000ffb00000|100%| E|CS|TAMS 0x00000000ffa00000, 0x00000000ffa00000| Complete 
|  59|0x00000000ffb00000, 0x00000000ffc00000, 0x00000000ffc00000|100%| E|CS|TAMS 0x00000000ffb00000, 0x00000000ffb00000| Complete 
|  60|0x00000000ffc00000, 0x00000000ffd00000, 0x00000000ffd00000|100%| E|CS|TAMS 0x00000000ffc00000, 0x00000000ffc00000| Complete 
|  61|0x00000000ffd00000, 0x00000000ffe00000, 0x00000000ffe00000|100%| E|CS|TAMS 0x00000000ffd00000, 0x00000000ffd00000| Complete 
|  62|0x00000000ffe00000, 0x00000000fff00000, 0x00000000fff00000|100%| E|CS|TAMS 0x00000000ffe00000, 0x00000000ffe00000| Complete 
|  63|0x00000000fff00000, 0x0000000100000000, 0x0000000100000000|100%| E|CS|TAMS 0x00000000fff00000, 0x00000000fff00000| Complete 

Card table byte_map: [0x0000017fcbc40000,0x0000017fcbc60000] _byte_map_base: 0x0000017fcb460000

Marking Bits (Prev, Next): (CMBitMap*) 0x0000017fcbd10d68, (CMBitMap*) 0x0000017fcbd10da8
 Prev Bits: [0x0000017fe3d10000, 0x0000017fe3e10000)
 Next Bits: [0x0000017fe3e10000, 0x0000017fe3f10000)

Polling page: 0x0000017fcb4c0000

Metaspace:

Usage:
  Non-class:      8.68 MB capacity,     8.47 MB ( 98%) used,   199.12 KB (  2%) free+waste,    20.38 KB ( <1%) overhead. 
      Class:      1.42 MB capacity,     1.28 MB ( 90%) used,   133.31 KB (  9%) free+waste,    11.81 KB ( <1%) overhead. 
       Both:     10.10 MB capacity,     9.75 MB ( 96%) used,   332.43 KB (  3%) free+waste,    32.19 KB ( <1%) overhead. 

Virtual space:
  Non-class space:       10.00 MB reserved,       8.75 MB ( 88%) committed 
      Class space:        1.00 GB reserved,       1.50 MB ( <1%) committed 
             Both:        1.01 GB reserved,      10.25 MB ( <1%) committed 

Chunk freelists:
   Non-Class:  8.00 KB
       Class:  15.00 KB
        Both:  23.00 KB

MaxMetaspaceSize: 17179869184.00 GB
CompressedClassSpaceSize: 1.00 GB

CodeHeap 'non-profiled nmethods': size=119168Kb used=679Kb max_used=679Kb free=118489Kb
 bounds [0x0000017fdc030000, 0x0000017fdc2a0000, 0x0000017fe3490000]
CodeHeap 'profiled nmethods': size=119104Kb used=3826Kb max_used=3826Kb free=115278Kb
 bounds [0x0000017fd4be0000, 0x0000017fd4fa0000, 0x0000017fdc030000]
CodeHeap 'non-nmethods': size=7488Kb used=1207Kb max_used=2910Kb free=6280Kb
 bounds [0x0000017fd4490000, 0x0000017fd47f0000, 0x0000017fd4be0000]
 total_blobs=2288 nmethods=1826 adapters=375
 compilation: enabled
              stopped_count=0, restarted_count=0
 full_count=0

Compilation events (20 events):
Event: 23.607 Thread 0x0000017fe6e85800 nmethod 1815 0x0000017fd4f96b10 code [0x0000017fd4f96e20, 0x0000017fd4f97fe8]
Event: 23.607 Thread 0x0000017fe6e85800 1816       3       java.util.regex.Matcher::start (65 bytes)
Event: 23.607 Thread 0x0000017fe6e85800 nmethod 1816 0x0000017fd4f98510 code [0x0000017fd4f98780, 0x0000017fd4f99228]
Event: 23.609 Thread 0x0000017fe6e84800 1818       4       java.lang.ref.Cleaner$1::apply (9 bytes)
Event: 23.610 Thread 0x0000017fe6e84800 nmethod 1818 0x0000017fdc0d9290 code [0x0000017fdc0d9420, 0x0000017fdc0d94f8]
Event: 23.610 Thread 0x0000017fe6e84800 1819       4       org.gradle.internal.logging.text.AbstractLineChoppingStyledTextOutput$StateContext::hasChar (25 bytes)
Event: 23.610 Thread 0x0000017fe6e85800 1820       3       java.nio.ByteBuffer::position (6 bytes)
Event: 23.610 Thread 0x0000017fe6e85800 nmethod 1820 0x0000017fd4f99610 code [0x0000017fd4f997c0, 0x0000017fd4f999a8]
Event: 23.610 Thread 0x0000017fe6e85800 1821       3       java.io.OutputStreamWriter::flush (8 bytes)
Event: 23.610 Thread 0x0000017fe6e84800 nmethod 1819 0x0000017fdc0d9610 code [0x0000017fdc0d97a0, 0x0000017fdc0d9858]
Event: 23.610 Thread 0x0000017fe6e85800 nmethod 1821 0x0000017fd4f99a90 code [0x0000017fd4f99ca0, 0x0000017fd4f9a408]
Event: 23.610 Thread 0x0000017fe6e84800 1827       4       org.gradle.internal.logging.text.AbstractLineChoppingStyledTextOutput$1::execute (140 bytes)
Event: 23.610 Thread 0x0000017fe6e85800 1822   !   3       sun.nio.cs.StreamEncoder::flush (26 bytes)
Event: 23.611 Thread 0x0000017fe6e85800 nmethod 1822 0x0000017fd4f9a790 code [0x0000017fd4f9a980, 0x0000017fd4f9b068]
Event: 23.611 Thread 0x0000017fe6e85800 1823       3       sun.nio.cs.StreamEncoder::implFlush (19 bytes)
Event: 23.611 Thread 0x0000017fe6e85800 nmethod 1823 0x0000017fd4f9b390 code [0x0000017fd4f9b560, 0x0000017fd4f9b898]
Event: 23.611 Thread 0x0000017fe6e85800 1824       3       sun.nio.cs.StreamEncoder::implFlushBuffer (15 bytes)
Event: 23.611 Thread 0x0000017fe6e85800 nmethod 1824 0x0000017fd4f9ba10 code [0x0000017fd4f9bbc0, 0x0000017fd4f9bd68]
Event: 23.611 Thread 0x0000017fe6e85800 1825   !   3       java.io.PrintStream::flush (35 bytes)
Event: 23.611 Thread 0x0000017fe6e85800 nmethod 1825 0x0000017fd4f9be10 code [0x0000017fd4f9bfe0, 0x0000017fd4f9c598]

GC Heap History (4 events):
Event: 0.329 GC heap before
{Heap before GC invocations=0 (full 0):
 garbage-first heap   total 65536K, used 28672K [0x00000000fc000000, 0x0000000100000000)
  region size 1024K, 23 young (23552K), 0 survivors (0K)
 Metaspace       used 3116K, capacity 5976K, committed 6144K, reserved 1056768K
  class space    used 378K, capacity 694K, committed 768K, reserved 1048576K
}
Event: 0.332 GC heap after
{Heap after GC invocations=1 (full 0):
 garbage-first heap   total 65536K, used 9114K [0x00000000fc000000, 0x0000000100000000)
  region size 1024K, 3 young (3072K), 3 survivors (3072K)
 Metaspace       used 3116K, capacity 5976K, committed 6144K, reserved 1056768K
  class space    used 378K, capacity 694K, committed 768K, reserved 1048576K
}
Event: 2.682 GC heap before
{Heap before GC invocations=1 (full 0):
 garbage-first heap   total 65536K, used 32666K [0x00000000fc000000, 0x0000000100000000)
  region size 1024K, 26 young (26624K), 3 survivors (3072K)
 Metaspace       used 8147K, capacity 9256K, committed 9600K, reserved 1056768K
  class space    used 1117K, capacity 1282K, committed 1408K, reserved 1048576K
}
Event: 2.685 GC heap after
{Heap after GC invocations=2 (full 0):
 garbage-first heap   total 65536K, used 11054K [0x00000000fc000000, 0x0000000100000000)
  region size 1024K, 2 young (2048K), 2 survivors (2048K)
 Metaspace       used 8147K, capacity 9256K, committed 9600K, reserved 1056768K
  class space    used 1117K, capacity 1282K, committed 1408K, reserved 1048576K
}

Deoptimization events (20 events):
Event: 2.742 Thread 0x0000017fe78d0000 Uncommon trap: trap_request=0xffffff45 fr.pc=0x0000017fdc092b64 relative=0x0000000000000044
Event: 2.742 Thread 0x0000017fe78d0000 Uncommon trap: reason=unstable_if action=reinterpret pc=0x0000017fdc092b64 method=java.lang.CharacterData.of(I)Ljava/lang/CharacterData; @ 4 c2
Event: 2.742 Thread 0x0000017fe78d0000 DEOPT PACKING pc=0x0000017fdc092b64 sp=0x00000033a29fe1f0
Event: 2.742 Thread 0x0000017fe78d0000 DEOPT UNPACKING pc=0x0000017fd449852f sp=0x00000033a29fe188 mode 2
Event: 2.743 Thread 0x0000017fe78d0000 Uncommon trap: trap_request=0xffffff45 fr.pc=0x0000017fdc0697bc relative=0x00000000000000fc
Event: 2.743 Thread 0x0000017fe78d0000 Uncommon trap: reason=unstable_if action=reinterpret pc=0x0000017fdc0697bc method=java.lang.String.getBytes([BIB)V @ 5 c2
Event: 2.743 Thread 0x0000017fe78d0000 DEOPT PACKING pc=0x0000017fdc0697bc sp=0x00000033a29fea30
Event: 2.743 Thread 0x0000017fe78d0000 DEOPT UNPACKING pc=0x0000017fd449852f sp=0x00000033a29fe9d8 mode 2
Event: 2.743 Thread 0x0000017fe78d0000 Uncommon trap: trap_request=0xffffff45 fr.pc=0x0000017fdc0ae668 relative=0x0000000000000388
Event: 2.743 Thread 0x0000017fe78d0000 Uncommon trap: reason=unstable_if action=reinterpret pc=0x0000017fdc0ae668 method=java.lang.AbstractStringBuilder.isLatin1()Z @ 10 c2
Event: 2.743 Thread 0x0000017fe78d0000 DEOPT PACKING pc=0x0000017fdc0ae668 sp=0x00000033a29feaf0
Event: 2.743 Thread 0x0000017fe78d0000 DEOPT UNPACKING pc=0x0000017fd449852f sp=0x00000033a29fea70 mode 2
Event: 3.605 Thread 0x0000017fe78d0000 Uncommon trap: trap_request=0xffffff45 fr.pc=0x0000017fdc03bacc relative=0x000000000000008c
Event: 3.605 Thread 0x0000017fe78d0000 Uncommon trap: reason=unstable_if action=reinterpret pc=0x0000017fdc03bacc method=java.lang.String.codePointAt(I)I @ 4 c2
Event: 3.605 Thread 0x0000017fe78d0000 DEOPT PACKING pc=0x0000017fdc03bacc sp=0x00000033a29fea70
Event: 3.605 Thread 0x0000017fe78d0000 DEOPT UNPACKING pc=0x0000017fd449852f sp=0x00000033a29fea08 mode 2
Event: 23.607 Thread 0x0000017fcbcf1000 Uncommon trap: trap_request=0xffffff45 fr.pc=0x0000017fdc0c2a34 relative=0x0000000000000214
Event: 23.607 Thread 0x0000017fcbcf1000 Uncommon trap: reason=unstable_if action=reinterpret pc=0x0000017fdc0c2a34 method=java.net.URI$Parser.scan(IILjava/lang/String;)I @ 26 c2
Event: 23.607 Thread 0x0000017fcbcf1000 DEOPT PACKING pc=0x0000017fdc0c2a34 sp=0x00000033a0efc450
Event: 23.607 Thread 0x0000017fcbcf1000 DEOPT UNPACKING pc=0x0000017fd449852f sp=0x00000033a0efc3e0 mode 2

Classes unloaded (0 events):
No events

Classes redefined (0 events):
No events

Internal exceptions (20 events):
Event: 0.125 Thread 0x0000017fcbcf1000 Exception <a 'java/lang/NoSuchMethodError'{0x00000000ffbb58e0}: 'int java.lang.invoke.DirectMethodHandle$Holder.invokeSpecialIFC(java.lang.Object, java.lang.Object, int)'> (0x00000000ffbb58e0) 
thrown [./open/src/hotspot/share/interpreter/linkResolver.cpp, line 766]
Event: 0.337 Thread 0x0000017fcbcf1000 Implicit null exception at 0x0000017fdc07cb65 to 0x0000017fdc07d024
Event: 0.347 Thread 0x0000017fcbcf1000 Exception <a 'java/lang/NoClassDefFoundError'{0x00000000ffe5c488}: org/slf4j/impl/StaticMarkerBinder> (0x00000000ffe5c488) 
thrown [./open/src/hotspot/share/classfile/systemDictionary.cpp, line 215]
Event: 0.353 Thread 0x0000017fcbcf1000 Exception <a 'java/lang/NoSuchMethodError'{0x00000000ffd561f8}: 'java.lang.Object java.lang.invoke.DirectMethodHandle$Holder.invokeVirtual(java.lang.Object, java.lang.Object, java.lang.Object, java.lang.Object, java.lang.Object, java.lang.Object, java.lang.Object)'> (0x00000000ffd561f8) 
thrown [./open/src/hotspot/share/interpreter/linkResolver.cpp, line 766]
Event: 0.354 Thread 0x0000017fcbcf1000 Exception <a 'java/lang/NoSuchMethodError'{0x00000000ffd63e38}: 'void java.lang.invoke.DirectMethodHandle$Holder.invokeSpecial(java.lang.Object, java.lang.Object, java.lang.Object, java.lang.Object)'> (0x00000000ffd63e38) 
thrown [./open/src/hotspot/share/interpreter/linkResolver.cpp, line 766]
Event: 0.355 Thread 0x0000017fcbcf1000 Exception <a 'java/lang/NoSuchMethodError'{0x00000000ffd697e8}: 'java.lang.Object java.lang.invoke.Invokers$Holder.invoker(java.lang.Object, java.lang.Object, java.lang.Object)'> (0x00000000ffd697e8) 
thrown [./open/src/hotspot/share/interpreter/linkResolver.cpp, line 766]
Event: 0.357 Thread 0x0000017fcbcf1000 Exception <a 'java/lang/NoSuchMethodError'{0x00000000ffd79760}: 'void java.lang.invoke.DelegatingMethodHandle$Holder.delegate(java.lang.Object, java.lang.Object, int, java.lang.Object)'> (0x00000000ffd79760) 
thrown [./open/src/hotspot/share/interpreter/linkResolver.cpp, line 766]
Event: 0.358 Thread 0x0000017fcbcf1000 Exception <a 'java/lang/NoSuchMethodError'{0x00000000ffd89240}: 'java.lang.Object java.lang.invoke.Invokers$Holder.invokeExact_MT(java.lang.Object, java.lang.Object, java.lang.Object, java.lang.Object)'> (0x00000000ffd89240) 
thrown [./open/src/hotspot/share/interpreter/linkResolver.cpp, line 766]
Event: 0.416 Thread 0x0000017fcbcf1000 Exception <a 'java/lang/NoSuchMethodError'{0x00000000ff687220}: 'java.lang.Object java.lang.invoke.DirectMethodHandle$Holder.invokeInterface(java.lang.Object, java.lang.Object, java.lang.Object)'> (0x00000000ff687220) 
thrown [./open/src/hotspot/share/interpreter/linkResolver.cpp, line 766]
Event: 0.441 Thread 0x0000017fcbcf1000 Exception <a 'java/lang/NoSuchMethodError'{0x00000000ff321ef8}: 'java.lang.Object java.lang.invoke.DirectMethodHandle$Holder.invokeStaticInit(java.lang.Object, java.lang.Object, java.lang.Object)'> (0x00000000ff321ef8) 
thrown [./open/src/hotspot/share/interpreter/linkResolver.cpp, line 766]
Event: 0.484 Thread 0x0000017fcbcf1000 Exception <a 'java/lang/NoSuchMethodError'{0x00000000fee1c040}: 'java.lang.Object java.lang.invoke.DirectMethodHandle$Holder.invokeStaticInit(java.lang.Object, int, int, int, int)'> (0x00000000fee1c040) 
thrown [./open/src/hotspot/share/interpreter/linkResolver.cpp, line 766]
Event: 0.516 Thread 0x0000017fcbcf1000 Exception <a 'java/lang/NoSuchMethodError'{0x00000000feda3580}: 'java.lang.Object java.lang.invoke.DirectMethodHandle$Holder.invokeStaticInit(java.lang.Object, java.lang.Object, int, int, int, int)'> (0x00000000feda3580) 
thrown [./open/src/hotspot/share/interpreter/linkResolver.cpp, line 766]
Event: 0.578 Thread 0x0000017fcbcf1000 Implicit null exception at 0x0000017fdc06b3e4 to 0x0000017fdc06b9a8
Event: 2.644 Thread 0x0000017fcbcf1000 Exception <a 'java/net/ConnectException'{0x00000000fecdb3f0}: Connection refused: no further information> (0x00000000fecdb3f0) 
thrown [./open/src/hotspot/share/prims/jni.cpp, line 620]
Event: 2.732 Thread 0x0000017fe78d0000 Exception <a 'java/lang/NoSuchMethodError'{0x00000000ff987da8}: 'void java.lang.invoke.DirectMethodHandle$Holder.invokeStatic(java.lang.Object, long)'> (0x00000000ff987da8) 
thrown [./open/src/hotspot/share/interpreter/linkResolver.cpp, line 766]
Event: 2.733 Thread 0x0000017fe78d0000 Exception <a 'java/lang/NoSuchMethodError'{0x00000000ff992558}: 'java.lang.Object java.lang.invoke.DirectMethodHandle$Holder.invokeStaticInit(java.lang.Object, java.lang.Object, long, java.lang.Object)'> (0x00000000ff992558) 
thrown [./open/src/hotspot/share/interpreter/linkResolver.cpp, line 766]
Event: 2.733 Thread 0x0000017fe78d0000 Exception <a 'java/lang/NoSuchMethodError'{0x00000000ff998788}: 'java.lang.Object java.lang.invoke.Invokers$Holder.linkToTargetMethod(java.lang.Object, long, java.lang.Object)'> (0x00000000ff998788) 
thrown [./open/src/hotspot/share/interpreter/linkResolver.cpp, line 766]
Event: 23.602 Thread 0x0000017fcbcf1000 Exception <a 'sun/net/ConnectionResetException'{0x00000000ff7decf0}: Connection reset> (0x00000000ff7decf0) 
thrown [./open/src/hotspot/share/prims/jni.cpp, line 620]
Event: 23.606 Thread 0x0000017fcbcf1000 Exception <a 'java/lang/NoSuchMethodError'{0x00000000ff64f7b0}: 'int java.lang.invoke.DirectMethodHandle$Holder.invokeVirtual(java.lang.Object, java.lang.Object)'> (0x00000000ff64f7b0) 
thrown [./open/src/hotspot/share/interpreter/linkResolver.cpp, line 766]
Event: 23.607 Thread 0x0000017fe78d0000 Exception <a 'java/io/IOException'{0x00000000ff7028d0}: Connection reset by peer> (0x00000000ff7028d0) 
thrown [./open/src/hotspot/share/prims/jni.cpp, line 620]

Events (20 events):
Event: 18.588 loading class java/io/ObjectInputFilter$Config done
Event: 18.588 loading class java/io/ObjectInputFilter
Event: 18.588 loading class java/io/ObjectInputFilter done
Event: 18.588 loading class jdk/internal/access/JavaObjectInputFilterAccess
Event: 18.588 loading class jdk/internal/access/JavaObjectInputFilterAccess done
Event: 18.589 loading class java/io/Bits
Event: 18.589 loading class java/io/Bits done
Event: 23.601 loading class sun/net/ConnectionResetException
Event: 23.602 loading class sun/net/ConnectionResetException done
Event: 23.607 Executing VM operation: HandshakeOneThread
Event: 23.607 Executing VM operation: HandshakeOneThread done
Event: 23.607 Thread 0x0000017fe78d0000 Thread exited: 0x0000017fe78d0000
Event: 23.608 loading class java/util/concurrent/ConcurrentLinkedQueue$Itr
Event: 23.609 loading class java/util/concurrent/ConcurrentLinkedQueue$Itr done
Event: 23.610 Executing VM operation: HandshakeOneThread
Event: 23.610 Executing VM operation: HandshakeOneThread done
Event: 23.610 Executing VM operation: HandshakeOneThread
Event: 23.610 Executing VM operation: HandshakeOneThread done
Event: 23.610 Executing VM operation: HandshakeOneThread
Event: 23.610 Executing VM operation: HandshakeOneThread done


Dynamic libraries:
0x00007ff76b6f0000 - 0x00007ff76b6ff000 	C:\Program Files\Java\jdk-14.0.2\bin\java.exe
0x00007fff3f330000 - 0x00007fff3f544000 	C:\WINDOWS\SYSTEM32\ntdll.dll
0x00007fff3d110000 - 0x00007fff3d1d2000 	C:\WINDOWS\System32\KERNEL32.DLL
0x00007fff3c970000 - 0x00007fff3cd13000 	C:\WINDOWS\System32\KERNELBASE.dll
0x00007fff3c730000 - 0x00007fff3c841000 	C:\WINDOWS\System32\ucrtbase.dll
0x00007ffef62f0000 - 0x00007ffef6308000 	C:\Program Files\Java\jdk-14.0.2\bin\jli.dll
0x00007ffec3a20000 - 0x00007ffec3a35000 	C:\Program Files\Java\jdk-14.0.2\bin\VCRUNTIME140.dll
0x00007fff3e900000 - 0x00007fff3e9ae000 	C:\WINDOWS\System32\ADVAPI32.dll
0x00007fff3e9b0000 - 0x00007fff3ea57000 	C:\WINDOWS\System32\msvcrt.dll
0x00007fff3ea70000 - 0x00007fff3eb14000 	C:\WINDOWS\System32\sechost.dll
0x00007fff3d320000 - 0x00007fff3d437000 	C:\WINDOWS\System32\RPCRT4.dll
0x00007fff3eb80000 - 0x00007fff3ed2a000 	C:\WINDOWS\System32\USER32.dll
0x00007fff3d0e0000 - 0x00007fff3d106000 	C:\WINDOWS\System32\win32u.dll
0x00007fff16a00000 - 0x00007fff16c8e000 	C:\WINDOWS\WinSxS\amd64_microsoft.windows.common-controls_6595b64144ccf1df_6.0.22621.1635_none_270f70857386168e\COMCTL32.dll
0x00007fff3edc0000 - 0x00007fff3ede9000 	C:\WINDOWS\System32\GDI32.dll
0x00007fff3c850000 - 0x00007fff3c969000 	C:\WINDOWS\System32\gdi32full.dll
0x00007fff3cde0000 - 0x00007fff3ce7a000 	C:\WINDOWS\System32\msvcp_win.dll
0x00007fff34ef0000 - 0x00007fff34efa000 	C:\WINDOWS\SYSTEM32\VERSION.dll
0x00007fff3f240000 - 0x00007fff3f271000 	C:\WINDOWS\System32\IMM32.DLL
0x00007ffe99440000 - 0x00007ffe994db000 	C:\Program Files\Java\jdk-14.0.2\bin\msvcp140.dll
0x00007ffe95a10000 - 0x00007ffe9652e000 	C:\Program Files\Java\jdk-14.0.2\bin\server\jvm.dll
0x00007fff3f280000 - 0x00007fff3f288000 	C:\WINDOWS\System32\PSAPI.DLL
0x00007fff2b140000 - 0x00007fff2b149000 	C:\WINDOWS\SYSTEM32\WSOCK32.dll
0x00007fff35b20000 - 0x00007fff35b54000 	C:\WINDOWS\SYSTEM32\WINMM.dll
0x00007fff3db70000 - 0x00007fff3dbe1000 	C:\WINDOWS\System32\WS2_32.dll
0x00007fff3b710000 - 0x00007fff3b728000 	C:\WINDOWS\SYSTEM32\kernel.appcore.dll
0x00007fff2a680000 - 0x00007fff2a68a000 	C:\Program Files\Java\jdk-14.0.2\bin\jimage.dll
0x00007fff39e80000 - 0x00007fff3a0ae000 	C:\WINDOWS\SYSTEM32\DBGHELP.DLL
0x00007fff3eeb0000 - 0x00007fff3f239000 	C:\WINDOWS\System32\combase.dll
0x00007fff3d910000 - 0x00007fff3d9e7000 	C:\WINDOWS\System32\OLEAUT32.dll
0x00007fff2b530000 - 0x00007fff2b562000 	C:\WINDOWS\SYSTEM32\dbgcore.DLL
0x00007fff3d060000 - 0x00007fff3d0da000 	C:\WINDOWS\System32\bcryptPrimitives.dll
0x00007ffe9fd30000 - 0x00007ffe9fd55000 	C:\Program Files\Java\jdk-14.0.2\bin\java.dll
0x00007ffec1e00000 - 0x00007ffec1e16000 	C:\Program Files\Java\jdk-14.0.2\bin\zip.dll
0x00007fff3dbf0000 - 0x00007fff3e3e9000 	C:\WINDOWS\System32\SHELL32.dll
0x00007fff3a6d0000 - 0x00007fff3af9e000 	C:\WINDOWS\SYSTEM32\windows.storage.dll
0x00007fff3a590000 - 0x00007fff3a6ce000 	C:\WINDOWS\SYSTEM32\wintypes.dll
0x00007fff3da70000 - 0x00007fff3db61000 	C:\WINDOWS\System32\SHCORE.dll
0x00007fff3f290000 - 0x00007fff3f2ee000 	C:\WINDOWS\System32\shlwapi.dll
0x00007fff3c660000 - 0x00007fff3c686000 	C:\WINDOWS\SYSTEM32\profapi.dll
0x00007ffec1cf0000 - 0x00007ffec1d09000 	C:\Program Files\Java\jdk-14.0.2\bin\net.dll
0x00007fff35c90000 - 0x00007fff35dc7000 	C:\WINDOWS\SYSTEM32\WINHTTP.dll
0x00007fff3bca0000 - 0x00007fff3bd09000 	C:\WINDOWS\system32\mswsock.dll
0x00007ffec00c0000 - 0x00007ffec00d2000 	C:\Program Files\Java\jdk-14.0.2\bin\nio.dll
0x00007fff31fd0000 - 0x00007fff31fe0000 	C:\Program Files\Java\jdk-14.0.2\bin\verify.dll
0x00007fff31ff0000 - 0x00007fff32017000 	C:\Users\Admin\.gradle\native\e1d6ef7f7dcc3fd88c89a11ec53ec762bb8ba0a96d01ffa2cd45eb1d1d8dd5c5\windows-amd64\native-platform.dll
0x00007ffeef830000 - 0x00007ffeef83a000 	C:\Users\Admin\.gradle\native\jansi\1.18\windows64\jansi.dll
0x00007fff29030000 - 0x00007fff29039000 	C:\Program Files\Java\jdk-14.0.2\bin\management.dll
0x00007fff23540000 - 0x00007fff2354b000 	C:\Program Files\Java\jdk-14.0.2\bin\management_ext.dll
0x00007fff3bf20000 - 0x00007fff3bf3b000 	C:\WINDOWS\SYSTEM32\CRYPTSP.dll
0x00007fff3b740000 - 0x00007fff3b775000 	C:\WINDOWS\system32\rsaenh.dll
0x00007fff3bd60000 - 0x00007fff3bd8c000 	C:\WINDOWS\SYSTEM32\USERENV.dll
0x00007fff3c0e0000 - 0x00007fff3c108000 	C:\WINDOWS\SYSTEM32\bcrypt.dll
0x00007fff3bf40000 - 0x00007fff3bf4c000 	C:\WINDOWS\SYSTEM32\CRYPTBASE.dll
0x00007fff3b240000 - 0x00007fff3b26d000 	C:\WINDOWS\SYSTEM32\IPHLPAPI.DLL
0x00007fff3ea60000 - 0x00007fff3ea69000 	C:\WINDOWS\System32\NSI.dll
0x00007fff359e0000 - 0x00007fff359f9000 	C:\WINDOWS\SYSTEM32\dhcpcsvc6.DLL
0x00007fff359c0000 - 0x00007fff359df000 	C:\WINDOWS\SYSTEM32\dhcpcsvc.DLL
0x00007fff3b270000 - 0x00007fff3b363000 	C:\WINDOWS\SYSTEM32\DNSAPI.dll

dbghelp: loaded successfully - version: 4.0.5 - missing functions: none
symbol engine: initialized successfully - sym options: 0x614 - pdb path: .;C:\Program Files\Java\jdk-14.0.2\bin;C:\WINDOWS\SYSTEM32;C:\WINDOWS\WinSxS\amd64_microsoft.windows.common-controls_6595b64144ccf1df_6.0.22621.1635_none_270f70857386168e;C:\Program Files\Java\jdk-14.0.2\bin\server;C:\Users\Admin\.gradle\native\e1d6ef7f7dcc3fd88c89a11ec53ec762bb8ba0a96d01ffa2cd45eb1d1d8dd5c5\windows-amd64;C:\Users\Admin\.gradle\native\jansi\1.18\windows64

VM Arguments:
jvm_args: -Xmx64m -Xms64m -Dorg.gradle.appname=gradlew 
java_command: org.gradle.wrapper.GradleWrapperMain app:installDebug -PreactNativeDevServerPort=8081
java_class_path (initial): C:\Users\Admin\AwesomeProject\android\\gradle\wrapper\gradle-wrapper.jar
Launcher Type: SUN_STANDARD

[Global flags]
     intx CICompilerCount                          = 12                                        {product} {ergonomic}
     uint ConcGCThreads                            = 3                                         {product} {ergonomic}
     uint G1ConcRefinementThreads                  = 13                                        {product} {ergonomic}
   size_t G1HeapRegionSize                         = 1048576                                   {product} {ergonomic}
    uintx GCDrainStackTargetSize                   = 64                                        {product} {ergonomic}
   size_t InitialHeapSize                          = 67108864                                  {product} {command line}
   size_t MarkStackSize                            = 4194304                                   {product} {ergonomic}
   size_t MaxHeapSize                              = 67108864                                  {product} {command line}
   size_t MaxNewSize                               = 39845888                                  {product} {ergonomic}
   size_t MinHeapDeltaBytes                        = 1048576                                   {product} {ergonomic}
   size_t MinHeapSize                              = 67108864                                  {product} {command line}
    uintx NonNMethodCodeHeapSize                   = 7602480                                {pd product} {ergonomic}
    uintx NonProfiledCodeHeapSize                  = 122027880                              {pd product} {ergonomic}
    uintx ProfiledCodeHeapSize                     = 122027880                              {pd product} {ergonomic}
    uintx ReservedCodeCacheSize                    = 251658240                              {pd product} {ergonomic}
     bool SegmentedCodeCache                       = true                                      {product} {ergonomic}
   size_t SoftMaxHeapSize                          = 67108864                               {manageable} {ergonomic}
     bool UseCompressedClassPointers               = true                                 {lp64_product} {ergonomic}
     bool UseCompressedOops                        = true                                 {lp64_product} {ergonomic}
     bool UseG1GC                                  = true                                      {product} {ergonomic}
     bool UseLargePagesIndividualAllocation        = false                                  {pd product} {ergonomic}

Logging:
Log output configuration:
 #0: stdout all=warning uptime,level,tags
 #1: stderr all=off uptime,level,tags

Environment Variables:
JAVA_HOME=C:\Program Files\Java\jdk-14.0.2
CLASSPATH=C:\Users\Admin\AwesomeProject\android\\gradle\wrapper\gradle-wrapper.jar
PATH=C:\Users\Admin\AwesomeProject\android\node_modules\.bin;C:\Users\Admin\AwesomeProject\node_modules\.bin;C:\Users\Admin\node_modules\.bin;C:\Users\node_modules\.bin;C:\node_modules\.bin;C:\Program Files\nodejs;C:\Users\Admin\AwesomeProject\node_modules\.bin;C:\Users\Admin\node_modules\.bin;C:\Users\node_modules\.bin;C:\node_modules\.bin;C:\Program Files\nodejs\node_modules\npm\node_modules\@npmcli\run-script\lib\node-gyp-bin;C:\Program Files\Python310\Scripts\;C:\Program Files\Python310\;C:\Program Files\Python38\Scripts\;C:\Program Files\Python38\;C:\WINDOWS\system32;C:\WINDOWS;C:\WINDOWS\System32\Wbem;C:\WINDOWS\System32\WindowsPowerShell\v1.0\;C:\WINDOWS\System32\OpenSSH\;C:\Program Files\Microsoft SQL Server\Client SDK\ODBC\110\Tools\Binn\;C:\Program Files (x86)\Microsoft SQL Server\120\Tools\Binn\;C:\Program Files\Microsoft SQL Server\120\Tools\Binn\;C:\Program Files\Microsoft SQL Server\120\DTS\Binn\;C:\Program Files (x86)\Microsoft SQL Server\120\Tools\Binn\ManagementStudio\;C:\Program Files (x86)\Microsoft SQL Server\120\DTS\Binn\;C:\Program Files\Java\jdk-11.0.2\bin;C:\tomcat\apache-tomcat-9.0.63\bin;C:\Program Files\dotnet\;C:\Program Files\Microsoft SQL Server\150\Tools\Binn\;C:\Program Files\Microsoft SQL Server\Client SDK\ODBC\170\Tools\Binn\;C:\Program Files\nodejs\;C:\Program Files\Microsoft SQL Server\130\Tools\Binn\;C:\WINDOWS\system32;C:\WINDOWS;C:\WINDOWS\System32\Wbem;C:\WINDOWS\System32\WindowsPowerShell\v1.0\;C:\WINDOWS\System32\OpenSSH\;C:\Program Files\MongoDB\Server\5.0\bin;C:\Users\Admin\AppData\Local\Microsoft\WindowsApps;;C:\Users\Admin\AppData\Local\Programs\Microsoft VS Code\bin;C:\Users\Admin\.dotnet\tools;C:\Users\Admin\AppData\Roaming\npm;C:\Users\Admin\AwesomeProject\node_modules\.bin
USERNAME=Admin
OS=Windows_NT
PROCESSOR_IDENTIFIER=Intel64 Family 6 Model 141 Stepping 1, GenuineIntel



---------------  S Y S T E M  ---------------

OS: Windows 10 , 64 bit Build 22621 (10.0.22621.1928)
OS uptime: 2 days 4:12 hours
HyperV virtualization detected

CPU:total 16 (initial active 16) (8 cores per cpu, 2 threads per core) family 6 model 141 stepping 1, cmov, cx8, fxsr, mmx, sse, sse2, sse3, ssse3, sse4.1, sse4.2, popcnt, avx, avx2, aes, clmul, erms, 3dnowpref, lzcnt, ht, tsc, tscinvbit, bmi1, bmi2, adx, evex, sha, fma

Memory: 4k page, system-wide physical 16085M (1552M free)
TotalPageFile size 18133M (AvailPageFile size 8M)
current process WorkingSet (physical memory assigned to process): 95M, peak: 100M
current process commit charge ("private bytes"): 177M, peak: 182M

vm_info: Java HotSpot(TM) 64-Bit Server VM (14.0.2+12-46) for windows-amd64 JRE (14.0.2+12-46), built on Jul  9 2020 00:35:52 by "mach5one" with MS VC++ 15.9 (VS2017)

END.
