#
# There is insufficient memory for the Java Runtime Environment to continue.
# Native memory allocation (malloc) failed to allocate 1976016 bytes for Chunk::new
# Possible reasons:
#   The system is out of physical RAM or swap space
#   The process is running with CompressedOops enabled, and the Java Heap may be blocking the growth of the native heap
# Possible solutions:
#   Reduce memory load on the system
#   Increase physical memory or swap space
#   Check if swap backing store is full
#   Decrease Java heap size (-Xmx/-Xms)
#   Decrease number of Java threads
#   Decrease Java thread stack sizes (-Xss)
#   Set larger code cache with -XX:ReservedCodeCacheSize=
#   JVM is running with Unscaled Compressed Oops mode in which the Java heap is
#     placed in the first 4GB address space. The Java Heap base address is the
#     maximum limit for the native heap growth. Please use -XX:HeapBaseMinAddress
#     to set the Java Heap base and to place the Java Heap above 4GB virtual address.
# This output file may be truncated or incomplete.
#
#  Out of Memory Error (./open/src/hotspot/share/memory/arena.cpp:195), pid=18244, tid=18564
#
# JRE version: Java(TM) SE Runtime Environment (14.0.2+12) (build 14.0.2+12-46)
# Java VM: Java HotSpot(TM) 64-Bit Server VM (14.0.2+12-46, mixed mode, sharing, tiered, compressed oops, g1 gc, windows-amd64)
# No core dump will be written. Minidumps are not enabled by default on client versions of Windows
#

---------------  S U M M A R Y ------------

Command Line: -XX:MaxMetaspaceSize=512m --add-opens=java.base/java.util=ALL-UNNAMED --add-opens=java.base/java.lang=ALL-UNNAMED --add-opens=java.base/java.lang.invoke=ALL-UNNAMED --add-opens=java.base/java.util=ALL-UNNAMED --add-opens=java.prefs/java.util.prefs=ALL-UNNAMED --add-opens=java.prefs/java.util.prefs=ALL-UNNAMED --add-opens=java.base/java.nio.charset=ALL-UNNAMED --add-opens=java.base/java.net=ALL-UNNAMED --add-opens=java.base/java.util.concurrent.atomic=ALL-UNNAMED -Xmx2048m -Dfile.encoding=windows-1252 -Duser.country=US -Duser.language=en -Duser.variant org.gradle.launcher.daemon.bootstrap.GradleDaemon 7.5.1

Host: 11th Gen Intel(R) Core(TM) i7-11800H @ 2.30GHz, 16 cores, 15G,  Windows 10 , 64 bit Build 22621 (10.0.22621.2070)
Time: Wed Aug 16 04:17:04 2023 SE Asia Standard Time elapsed time: 2 seconds (0d 0h 0m 2s)

---------------  T H R E A D  ---------------

Current thread (0x000001ec609c0000):  JavaThread "C2 CompilerThread0" daemon [_thread_in_native, id=18564, stack(0x000000364cc00000,0x000000364cd00000)]


Current CompileTask:
C2:   2510 2193   !   4       java.lang.ClassLoader::loadClass (122 bytes)

Stack: [0x000000364cc00000,0x000000364cd00000]
Native frames: (J=compiled Java code, j=interpreted, Vv=VM code, C=native code)
V  [jvm.dll+0x5f8a9a]
V  [jvm.dll+0x74247a]
V  [jvm.dll+0x743c2f]
V  [jvm.dll+0x744273]
V  [jvm.dll+0x20d288]
V  [jvm.dll+0xabb07]
V  [jvm.dll+0xac1fc]
V  [jvm.dll+0x31c438]
V  [jvm.dll+0x18cc10]
V  [jvm.dll+0x1e5efa]
V  [jvm.dll+0x1e50b8]
V  [jvm.dll+0x1779cc]
V  [jvm.dll+0x1f4105]
V  [jvm.dll+0x1f22eb]
V  [jvm.dll+0x7070cd]
V  [jvm.dll+0x6ffeda]
V  [jvm.dll+0x5f78f6]
C  [ucrtbase.dll+0x29363]
C  [KERNEL32.DLL+0x126ad]
C  [ntdll.dll+0x5aa68]


---------------  P R O C E S S  ---------------

Threads class SMR info:
_java_thread_list=0x000001ec634cbe80, length=28, elements={
0x000001ec40571800, 0x000001ec60998000, 0x000001ec60999000, 0x000001ec609af000,
0x000001ec609b0800, 0x000001ec609b6800, 0x000001ec609c0000, 0x000001ec609c2800,
0x000001ec609c9800, 0x000001ec609c1800, 0x000001ec609c3800, 0x000001ec60b1b800,
0x000001ec60ba3000, 0x000001ec609c5000, 0x000001ec62d47800, 0x000001ec627f6000,
0x000001ec630e9000, 0x000001ec623fa000, 0x000001ec62da9000, 0x000001ec6234b000,
0x000001ec609c6000, 0x000001ec609c6800, 0x000001ec609c7800, 0x000001ec62f83800,
0x000001ec62f85800, 0x000001ec62f87000, 0x000001ec62f87800, 0x000001ec62f84800
}

Java Threads: ( => current thread )
  0x000001ec40571800 JavaThread "main" [_thread_blocked, id=9488, stack(0x000000364c000000,0x000000364c100000)]
  0x000001ec60998000 JavaThread "Reference Handler" daemon [_thread_blocked, id=18104, stack(0x000000364c700000,0x000000364c800000)]
  0x000001ec60999000 JavaThread "Finalizer" daemon [_thread_blocked, id=10124, stack(0x000000364c800000,0x000000364c900000)]
  0x000001ec609af000 JavaThread "Signal Dispatcher" daemon [_thread_blocked, id=5256, stack(0x000000364c900000,0x000000364ca00000)]
  0x000001ec609b0800 JavaThread "Attach Listener" daemon [_thread_blocked, id=19364, stack(0x000000364ca00000,0x000000364cb00000)]
  0x000001ec609b6800 JavaThread "Service Thread" daemon [_thread_blocked, id=19272, stack(0x000000364cb00000,0x000000364cc00000)]
=>0x000001ec609c0000 JavaThread "C2 CompilerThread0" daemon [_thread_in_native, id=18564, stack(0x000000364cc00000,0x000000364cd00000)]
  0x000001ec609c2800 JavaThread "C1 CompilerThread0" daemon [_thread_blocked, id=18584, stack(0x000000364cd00000,0x000000364ce00000)]
  0x000001ec609c9800 JavaThread "Sweeper thread" daemon [_thread_blocked, id=21232, stack(0x000000364ce00000,0x000000364cf00000)]
  0x000001ec609c1800 JavaThread "C1 CompilerThread1" daemon [_thread_blocked, id=11752, stack(0x000000364cf00000,0x000000364d000000)]
  0x000001ec609c3800 JavaThread "C1 CompilerThread2" daemon [_thread_blocked, id=14652, stack(0x000000364d000000,0x000000364d100000)]
  0x000001ec60b1b800 JavaThread "Common-Cleaner" daemon [_thread_blocked, id=16556, stack(0x000000364d100000,0x000000364d200000)]
  0x000001ec60ba3000 JavaThread "Notification Thread" daemon [_thread_blocked, id=12840, stack(0x000000364d200000,0x000000364d300000)]
  0x000001ec609c5000 JavaThread "C1 CompilerThread3" daemon [_thread_blocked, id=2488, stack(0x000000364dc00000,0x000000364dd00000)]
  0x000001ec62d47800 JavaThread "Daemon health stats" [_thread_blocked, id=1724, stack(0x000000364dd00000,0x000000364de00000)]
  0x000001ec627f6000 JavaThread "Incoming local TCP Connector on port 51490" [_thread_in_native, id=10500, stack(0x000000364d500000,0x000000364d600000)]
  0x000001ec630e9000 JavaThread "Daemon periodic checks" [_thread_blocked, id=21636, stack(0x000000364d600000,0x000000364d700000)]
  0x000001ec623fa000 JavaThread "Daemon" [_thread_blocked, id=21732, stack(0x000000364de00000,0x000000364df00000)]
  0x000001ec62da9000 JavaThread "Handler for socket connection from /127.0.0.1:51490 to /127.0.0.1:51491" [_thread_in_native, id=11076, stack(0x000000364df00000,0x000000364e000000)]
  0x000001ec6234b000 JavaThread "Cancel handler" [_thread_blocked, id=21916, stack(0x000000364e000000,0x000000364e100000)]
  0x000001ec609c6000 JavaThread "Daemon worker" [_thread_in_vm, id=21256, stack(0x000000364e100000,0x000000364e200000)]
  0x000001ec609c6800 JavaThread "Asynchronous log dispatcher for DefaultDaemonConnection: socket connection from /127.0.0.1:51490 to /127.0.0.1:51491" [_thread_blocked, id=20668, stack(0x000000364e200000,0x000000364e300000)]
  0x000001ec609c7800 JavaThread "Stdin handler" [_thread_blocked, id=8912, stack(0x000000364e300000,0x000000364e400000)]
  0x000001ec62f83800 JavaThread "Daemon client event forwarder" [_thread_blocked, id=13260, stack(0x000000364e400000,0x000000364e500000)]
  0x000001ec62f85800 JavaThread "Cache worker for journal cache (C:\Users\Admin\.gradle\caches\journal-1)" [_thread_blocked, id=10360, stack(0x000000364e500000,0x000000364e600000)]
  0x000001ec62f87000 JavaThread "File lock request listener" [_thread_in_native, id=8344, stack(0x000000364e600000,0x000000364e700000)]
  0x000001ec62f87800 JavaThread "Cache worker for file hash cache (C:\Users\Admin\.gradle\caches\7.5.1\fileHashes)" [_thread_blocked, id=10344, stack(0x000000364e700000,0x000000364e800000)]
  0x000001ec62f84800 JavaThread "C2 CompilerThread1" daemon [_thread_in_native, id=12396, stack(0x000000364d400000,0x000000364d500000)]

Other Threads:
  0x000001ec60997000 VMThread "VM Thread" [stack: 0x000000364c600000,0x000000364c700000] [id=19304]
  0x000001ec60b55000 WatcherThread [stack: 0x000000364d300000,0x000000364d400000] [id=21548]
  0x000001ec405b8000 GCTaskThread "GC Thread#0" [stack: 0x000000364c100000,0x000000364c200000] [id=15304]
  0x000001ec6206a800 GCTaskThread "GC Thread#1" [stack: 0x000000364d700000,0x000000364d800000] [id=22128]
  0x000001ec61b7f000 GCTaskThread "GC Thread#2" [stack: 0x000000364d800000,0x000000364d900000] [id=20868]
  0x000001ec6181d800 GCTaskThread "GC Thread#3" [stack: 0x000000364d900000,0x000000364da00000] [id=12372]
  0x000001ec6181e800 GCTaskThread "GC Thread#4" [stack: 0x000000364da00000,0x000000364db00000] [id=912]
  0x000001ec619c3000 GCTaskThread "GC Thread#5" [stack: 0x000000364db00000,0x000000364dc00000] [id=18604]
  0x000001ec405ca800 ConcurrentGCThread "G1 Main Marker" [stack: 0x000000364c200000,0x000000364c300000] [id=9268]
  0x000001ec405cc800 ConcurrentGCThread "G1 Conc#0" [stack: 0x000000364c300000,0x000000364c400000] [id=10600]
  0x000001ec6002a800 ConcurrentGCThread "G1 Refine#0" [stack: 0x000000364c400000,0x000000364c500000] [id=7368]
  0x000001ec6002b000 ConcurrentGCThread "G1 Young RemSet Sampling" [stack: 0x000000364c500000,0x000000364c600000] [id=9788]

Threads with active compile tasks:
C2 CompilerThread0     2533 2193   !   4       java.lang.ClassLoader::loadClass (122 bytes)
C2 CompilerThread1     2533 2231   !   4       java.net.URLClassLoader::findClass (47 bytes)

VM state:not at safepoint (normal execution)

VM Mutex/Monitor currently owned by a thread: None

Heap address: 0x0000000080000000, size: 2048 MB, Compressed Oops mode: 32-bit
Narrow klass base: 0x0000000800000000, Narrow klass shift: 3
Compressed class space size: 528482304 Address: 0x0000000800b30000

Heap:
 garbage-first heap   total 258048K, used 116280K [0x0000000080000000, 0x0000000100000000)
  region size 1024K, 106 young (108544K), 1 survivors (1024K)
 Metaspace       used 15631K, capacity 16210K, committed 16384K, reserved 530432K
  class space    used 2268K, capacity 2459K, committed 2560K, reserved 516096K
Heap Regions: E=young(eden), S=young(survivor), O=old, HS=humongous(starts), HC=humongous(continues), CS=collection set, F=free, OA=open archive, CA=closed archive, TAMS=top-at-mark-start (previous, next)
|   0|0x0000000080000000, 0x0000000080100000, 0x0000000080100000|100%| O|  |TAMS 0x0000000080000000, 0x0000000080000000| Untracked 
|   1|0x0000000080100000, 0x00000000801d3600, 0x0000000080200000| 82%| O|  |TAMS 0x0000000080100000, 0x0000000080100000| Untracked 
|   2|0x0000000080200000, 0x0000000080300000, 0x0000000080300000|100%|HS|  |TAMS 0x0000000080200000, 0x0000000080200000| Complete 
|   3|0x0000000080300000, 0x0000000080400000, 0x0000000080400000|100%|HS|  |TAMS 0x0000000080300000, 0x0000000080300000| Complete 
|   4|0x0000000080400000, 0x0000000080500000, 0x0000000080500000|100%|HC|  |TAMS 0x0000000080400000, 0x0000000080400000| Complete 
|   5|0x0000000080500000, 0x0000000080600000, 0x0000000080600000|100%|HC|  |TAMS 0x0000000080500000, 0x0000000080500000| Complete 
|   6|0x0000000080600000, 0x0000000080700000, 0x0000000080700000|100%| O|  |TAMS 0x0000000080600000, 0x0000000080600000| Untracked 
|   7|0x0000000080700000, 0x0000000080800000, 0x0000000080800000|100%| O|  |TAMS 0x0000000080700000, 0x0000000080700000| Untracked 
|   8|0x0000000080800000, 0x0000000080900000, 0x0000000080900000|100%| O|  |TAMS 0x0000000080800000, 0x0000000080800000| Untracked 
|   9|0x0000000080900000, 0x0000000080a00000, 0x0000000080a00000|100%| O|  |TAMS 0x0000000080900000, 0x0000000080900000| Untracked 
|  10|0x0000000080a00000, 0x0000000080a00000, 0x0000000080b00000|  0%| F|  |TAMS 0x0000000080a00000, 0x0000000080a00000| Untracked 
|  11|0x0000000080b00000, 0x0000000080b00000, 0x0000000080c00000|  0%| F|  |TAMS 0x0000000080b00000, 0x0000000080b00000| Untracked 
|  12|0x0000000080c00000, 0x0000000080c00000, 0x0000000080d00000|  0%| F|  |TAMS 0x0000000080c00000, 0x0000000080c00000| Untracked 
|  13|0x0000000080d00000, 0x0000000080d00000, 0x0000000080e00000|  0%| F|  |TAMS 0x0000000080d00000, 0x0000000080d00000| Untracked 
|  14|0x0000000080e00000, 0x0000000080e00000, 0x0000000080f00000|  0%| F|  |TAMS 0x0000000080e00000, 0x0000000080e00000| Untracked 
|  15|0x0000000080f00000, 0x0000000080f00000, 0x0000000081000000|  0%| F|  |TAMS 0x0000000080f00000, 0x0000000080f00000| Untracked 
|  16|0x0000000081000000, 0x0000000081000000, 0x0000000081100000|  0%| F|  |TAMS 0x0000000081000000, 0x0000000081000000| Untracked 
|  17|0x0000000081100000, 0x0000000081100000, 0x0000000081200000|  0%| F|  |TAMS 0x0000000081100000, 0x0000000081100000| Untracked 
|  18|0x0000000081200000, 0x0000000081200000, 0x0000000081300000|  0%| F|  |TAMS 0x0000000081200000, 0x0000000081200000| Untracked 
|  19|0x0000000081300000, 0x0000000081300000, 0x0000000081400000|  0%| F|  |TAMS 0x0000000081300000, 0x0000000081300000| Untracked 
|  20|0x0000000081400000, 0x0000000081400000, 0x0000000081500000|  0%| F|  |TAMS 0x0000000081400000, 0x0000000081400000| Untracked 
|  21|0x0000000081500000, 0x0000000081500000, 0x0000000081600000|  0%| F|  |TAMS 0x0000000081500000, 0x0000000081500000| Untracked 
|  22|0x0000000081600000, 0x0000000081600000, 0x0000000081700000|  0%| F|  |TAMS 0x0000000081600000, 0x0000000081600000| Untracked 
|  23|0x0000000081700000, 0x0000000081700000, 0x0000000081800000|  0%| F|  |TAMS 0x0000000081700000, 0x0000000081700000| Untracked 
|  24|0x0000000081800000, 0x0000000081800000, 0x0000000081900000|  0%| F|  |TAMS 0x0000000081800000, 0x0000000081800000| Untracked 
|  25|0x0000000081900000, 0x0000000081900000, 0x0000000081a00000|  0%| F|  |TAMS 0x0000000081900000, 0x0000000081900000| Untracked 
|  26|0x0000000081a00000, 0x0000000081a00000, 0x0000000081b00000|  0%| F|  |TAMS 0x0000000081a00000, 0x0000000081a00000| Untracked 
|  27|0x0000000081b00000, 0x0000000081b00000, 0x0000000081c00000|  0%| F|  |TAMS 0x0000000081b00000, 0x0000000081b00000| Untracked 
|  28|0x0000000081c00000, 0x0000000081c00000, 0x0000000081d00000|  0%| F|  |TAMS 0x0000000081c00000, 0x0000000081c00000| Untracked 
|  29|0x0000000081d00000, 0x0000000081d00000, 0x0000000081e00000|  0%| F|  |TAMS 0x0000000081d00000, 0x0000000081d00000| Untracked 
|  30|0x0000000081e00000, 0x0000000081e00000, 0x0000000081f00000|  0%| F|  |TAMS 0x0000000081e00000, 0x0000000081e00000| Untracked 
|  31|0x0000000081f00000, 0x0000000081f00000, 0x0000000082000000|  0%| F|  |TAMS 0x0000000081f00000, 0x0000000081f00000| Untracked 
|  32|0x0000000082000000, 0x0000000082000000, 0x0000000082100000|  0%| F|  |TAMS 0x0000000082000000, 0x0000000082000000| Untracked 
|  33|0x0000000082100000, 0x0000000082100000, 0x0000000082200000|  0%| F|  |TAMS 0x0000000082100000, 0x0000000082100000| Untracked 
|  34|0x0000000082200000, 0x0000000082200000, 0x0000000082300000|  0%| F|  |TAMS 0x0000000082200000, 0x0000000082200000| Untracked 
|  35|0x0000000082300000, 0x0000000082300000, 0x0000000082400000|  0%| F|  |TAMS 0x0000000082300000, 0x0000000082300000| Untracked 
|  36|0x0000000082400000, 0x0000000082400000, 0x0000000082500000|  0%| F|  |TAMS 0x0000000082400000, 0x0000000082400000| Untracked 
|  37|0x0000000082500000, 0x0000000082500000, 0x0000000082600000|  0%| F|  |TAMS 0x0000000082500000, 0x0000000082500000| Untracked 
|  38|0x0000000082600000, 0x0000000082600000, 0x0000000082700000|  0%| F|  |TAMS 0x0000000082600000, 0x0000000082600000| Untracked 
|  39|0x0000000082700000, 0x0000000082700000, 0x0000000082800000|  0%| F|  |TAMS 0x0000000082700000, 0x0000000082700000| Untracked 
|  40|0x0000000082800000, 0x0000000082800000, 0x0000000082900000|  0%| F|  |TAMS 0x0000000082800000, 0x0000000082800000| Untracked 
|  41|0x0000000082900000, 0x0000000082900000, 0x0000000082a00000|  0%| F|  |TAMS 0x0000000082900000, 0x0000000082900000| Untracked 
|  42|0x0000000082a00000, 0x0000000082a00000, 0x0000000082b00000|  0%| F|  |TAMS 0x0000000082a00000, 0x0000000082a00000| Untracked 
|  43|0x0000000082b00000, 0x0000000082b00000, 0x0000000082c00000|  0%| F|  |TAMS 0x0000000082b00000, 0x0000000082b00000| Untracked 
|  44|0x0000000082c00000, 0x0000000082c00000, 0x0000000082d00000|  0%| F|  |TAMS 0x0000000082c00000, 0x0000000082c00000| Untracked 
|  45|0x0000000082d00000, 0x0000000082d00000, 0x0000000082e00000|  0%| F|  |TAMS 0x0000000082d00000, 0x0000000082d00000| Untracked 
|  46|0x0000000082e00000, 0x0000000082e00000, 0x0000000082f00000|  0%| F|  |TAMS 0x0000000082e00000, 0x0000000082e00000| Untracked 
|  47|0x0000000082f00000, 0x0000000082f00000, 0x0000000083000000|  0%| F|  |TAMS 0x0000000082f00000, 0x0000000082f00000| Untracked 
|  48|0x0000000083000000, 0x0000000083000000, 0x0000000083100000|  0%| F|  |TAMS 0x0000000083000000, 0x0000000083000000| Untracked 
|  49|0x0000000083100000, 0x0000000083100000, 0x0000000083200000|  0%| F|  |TAMS 0x0000000083100000, 0x0000000083100000| Untracked 
|  50|0x0000000083200000, 0x0000000083200000, 0x0000000083300000|  0%| F|  |TAMS 0x0000000083200000, 0x0000000083200000| Untracked 
|  51|0x0000000083300000, 0x0000000083300000, 0x0000000083400000|  0%| F|  |TAMS 0x0000000083300000, 0x0000000083300000| Untracked 
|  52|0x0000000083400000, 0x0000000083400000, 0x0000000083500000|  0%| F|  |TAMS 0x0000000083400000, 0x0000000083400000| Untracked 
|  53|0x0000000083500000, 0x0000000083500000, 0x0000000083600000|  0%| F|  |TAMS 0x0000000083500000, 0x0000000083500000| Untracked 
|  54|0x0000000083600000, 0x0000000083600000, 0x0000000083700000|  0%| F|  |TAMS 0x0000000083600000, 0x0000000083600000| Untracked 
|  55|0x0000000083700000, 0x0000000083700000, 0x0000000083800000|  0%| F|  |TAMS 0x0000000083700000, 0x0000000083700000| Untracked 
|  56|0x0000000083800000, 0x0000000083800000, 0x0000000083900000|  0%| F|  |TAMS 0x0000000083800000, 0x0000000083800000| Untracked 
|  57|0x0000000083900000, 0x0000000083900000, 0x0000000083a00000|  0%| F|  |TAMS 0x0000000083900000, 0x0000000083900000| Untracked 
|  58|0x0000000083a00000, 0x0000000083a00000, 0x0000000083b00000|  0%| F|  |TAMS 0x0000000083a00000, 0x0000000083a00000| Untracked 
|  59|0x0000000083b00000, 0x0000000083b00000, 0x0000000083c00000|  0%| F|  |TAMS 0x0000000083b00000, 0x0000000083b00000| Untracked 
|  60|0x0000000083c00000, 0x0000000083c00000, 0x0000000083d00000|  0%| F|  |TAMS 0x0000000083c00000, 0x0000000083c00000| Untracked 
|  61|0x0000000083d00000, 0x0000000083d00000, 0x0000000083e00000|  0%| F|  |TAMS 0x0000000083d00000, 0x0000000083d00000| Untracked 
|  62|0x0000000083e00000, 0x0000000083e00000, 0x0000000083f00000|  0%| F|  |TAMS 0x0000000083e00000, 0x0000000083e00000| Untracked 
|  63|0x0000000083f00000, 0x0000000083f00000, 0x0000000084000000|  0%| F|  |TAMS 0x0000000083f00000, 0x0000000083f00000| Untracked 
|  64|0x0000000084000000, 0x0000000084000000, 0x0000000084100000|  0%| F|  |TAMS 0x0000000084000000, 0x0000000084000000| Untracked 
|  65|0x0000000084100000, 0x0000000084100000, 0x0000000084200000|  0%| F|  |TAMS 0x0000000084100000, 0x0000000084100000| Untracked 
|  66|0x0000000084200000, 0x0000000084200000, 0x0000000084300000|  0%| F|  |TAMS 0x0000000084200000, 0x0000000084200000| Untracked 
|  67|0x0000000084300000, 0x0000000084300000, 0x0000000084400000|  0%| F|  |TAMS 0x0000000084300000, 0x0000000084300000| Untracked 
|  68|0x0000000084400000, 0x0000000084400000, 0x0000000084500000|  0%| F|  |TAMS 0x0000000084400000, 0x0000000084400000| Untracked 
|  69|0x0000000084500000, 0x0000000084500000, 0x0000000084600000|  0%| F|  |TAMS 0x0000000084500000, 0x0000000084500000| Untracked 
|  70|0x0000000084600000, 0x0000000084600000, 0x0000000084700000|  0%| F|  |TAMS 0x0000000084600000, 0x0000000084600000| Untracked 
|  71|0x0000000084700000, 0x0000000084700000, 0x0000000084800000|  0%| F|  |TAMS 0x0000000084700000, 0x0000000084700000| Untracked 
|  72|0x0000000084800000, 0x0000000084800000, 0x0000000084900000|  0%| F|  |TAMS 0x0000000084800000, 0x0000000084800000| Untracked 
|  73|0x0000000084900000, 0x0000000084900000, 0x0000000084a00000|  0%| F|  |TAMS 0x0000000084900000, 0x0000000084900000| Untracked 
|  74|0x0000000084a00000, 0x0000000084a00000, 0x0000000084b00000|  0%| F|  |TAMS 0x0000000084a00000, 0x0000000084a00000| Untracked 
|  75|0x0000000084b00000, 0x0000000084b00000, 0x0000000084c00000|  0%| F|  |TAMS 0x0000000084b00000, 0x0000000084b00000| Untracked 
|  76|0x0000000084c00000, 0x0000000084c00000, 0x0000000084d00000|  0%| F|  |TAMS 0x0000000084c00000, 0x0000000084c00000| Untracked 
|  77|0x0000000084d00000, 0x0000000084d00000, 0x0000000084e00000|  0%| F|  |TAMS 0x0000000084d00000, 0x0000000084d00000| Untracked 
|  78|0x0000000084e00000, 0x0000000084e00000, 0x0000000084f00000|  0%| F|  |TAMS 0x0000000084e00000, 0x0000000084e00000| Untracked 
|  79|0x0000000084f00000, 0x0000000084f00000, 0x0000000085000000|  0%| F|  |TAMS 0x0000000084f00000, 0x0000000084f00000| Untracked 
|  80|0x0000000085000000, 0x0000000085000000, 0x0000000085100000|  0%| F|  |TAMS 0x0000000085000000, 0x0000000085000000| Untracked 
|  81|0x0000000085100000, 0x0000000085100000, 0x0000000085200000|  0%| F|  |TAMS 0x0000000085100000, 0x0000000085100000| Untracked 
|  82|0x0000000085200000, 0x0000000085200000, 0x0000000085300000|  0%| F|  |TAMS 0x0000000085200000, 0x0000000085200000| Untracked 
|  83|0x0000000085300000, 0x0000000085300000, 0x0000000085400000|  0%| F|  |TAMS 0x0000000085300000, 0x0000000085300000| Untracked 
|  84|0x0000000085400000, 0x0000000085400000, 0x0000000085500000|  0%| F|  |TAMS 0x0000000085400000, 0x0000000085400000| Untracked 
|  85|0x0000000085500000, 0x0000000085500000, 0x0000000085600000|  0%| F|  |TAMS 0x0000000085500000, 0x0000000085500000| Untracked 
|  86|0x0000000085600000, 0x0000000085600000, 0x0000000085700000|  0%| F|  |TAMS 0x0000000085600000, 0x0000000085600000| Untracked 
|  87|0x0000000085700000, 0x0000000085700000, 0x0000000085800000|  0%| F|  |TAMS 0x0000000085700000, 0x0000000085700000| Untracked 
|  88|0x0000000085800000, 0x0000000085800000, 0x0000000085900000|  0%| F|  |TAMS 0x0000000085800000, 0x0000000085800000| Untracked 
|  89|0x0000000085900000, 0x0000000085900000, 0x0000000085a00000|  0%| F|  |TAMS 0x0000000085900000, 0x0000000085900000| Untracked 
|  90|0x0000000085a00000, 0x0000000085a00000, 0x0000000085b00000|  0%| F|  |TAMS 0x0000000085a00000, 0x0000000085a00000| Untracked 
|  91|0x0000000085b00000, 0x0000000085b00000, 0x0000000085c00000|  0%| F|  |TAMS 0x0000000085b00000, 0x0000000085b00000| Untracked 
|  92|0x0000000085c00000, 0x0000000085c00000, 0x0000000085d00000|  0%| F|  |TAMS 0x0000000085c00000, 0x0000000085c00000| Untracked 
|  93|0x0000000085d00000, 0x0000000085d00000, 0x0000000085e00000|  0%| F|  |TAMS 0x0000000085d00000, 0x0000000085d00000| Untracked 
|  94|0x0000000085e00000, 0x0000000085e00000, 0x0000000085f00000|  0%| F|  |TAMS 0x0000000085e00000, 0x0000000085e00000| Untracked 
|  95|0x0000000085f00000, 0x0000000085f00000, 0x0000000086000000|  0%| F|  |TAMS 0x0000000085f00000, 0x0000000085f00000| Untracked 
|  96|0x0000000086000000, 0x0000000086000000, 0x0000000086100000|  0%| F|  |TAMS 0x0000000086000000, 0x0000000086000000| Untracked 
|  97|0x0000000086100000, 0x0000000086100000, 0x0000000086200000|  0%| F|  |TAMS 0x0000000086100000, 0x0000000086100000| Untracked 
|  98|0x0000000086200000, 0x0000000086200000, 0x0000000086300000|  0%| F|  |TAMS 0x0000000086200000, 0x0000000086200000| Untracked 
|  99|0x0000000086300000, 0x0000000086300000, 0x0000000086400000|  0%| F|  |TAMS 0x0000000086300000, 0x0000000086300000| Untracked 
| 100|0x0000000086400000, 0x0000000086400000, 0x0000000086500000|  0%| F|  |TAMS 0x0000000086400000, 0x0000000086400000| Untracked 
| 101|0x0000000086500000, 0x0000000086500000, 0x0000000086600000|  0%| F|  |TAMS 0x0000000086500000, 0x0000000086500000| Untracked 
| 102|0x0000000086600000, 0x0000000086600000, 0x0000000086700000|  0%| F|  |TAMS 0x0000000086600000, 0x0000000086600000| Untracked 
| 103|0x0000000086700000, 0x0000000086700000, 0x0000000086800000|  0%| F|  |TAMS 0x0000000086700000, 0x0000000086700000| Untracked 
| 104|0x0000000086800000, 0x0000000086800000, 0x0000000086900000|  0%| F|  |TAMS 0x0000000086800000, 0x0000000086800000| Untracked 
| 105|0x0000000086900000, 0x0000000086900000, 0x0000000086a00000|  0%| F|  |TAMS 0x0000000086900000, 0x0000000086900000| Untracked 
| 106|0x0000000086a00000, 0x0000000086a00000, 0x0000000086b00000|  0%| F|  |TAMS 0x0000000086a00000, 0x0000000086a00000| Untracked 
| 107|0x0000000086b00000, 0x0000000086b00000, 0x0000000086c00000|  0%| F|  |TAMS 0x0000000086b00000, 0x0000000086b00000| Untracked 
| 108|0x0000000086c00000, 0x0000000086c00000, 0x0000000086d00000|  0%| F|  |TAMS 0x0000000086c00000, 0x0000000086c00000| Untracked 
| 109|0x0000000086d00000, 0x0000000086d00000, 0x0000000086e00000|  0%| F|  |TAMS 0x0000000086d00000, 0x0000000086d00000| Untracked 
| 110|0x0000000086e00000, 0x0000000086e00000, 0x0000000086f00000|  0%| F|  |TAMS 0x0000000086e00000, 0x0000000086e00000| Untracked 
| 111|0x0000000086f00000, 0x0000000086f00000, 0x0000000087000000|  0%| F|  |TAMS 0x0000000086f00000, 0x0000000086f00000| Untracked 
| 112|0x0000000087000000, 0x0000000087000000, 0x0000000087100000|  0%| F|  |TAMS 0x0000000087000000, 0x0000000087000000| Untracked 
| 113|0x0000000087100000, 0x0000000087100000, 0x0000000087200000|  0%| F|  |TAMS 0x0000000087100000, 0x0000000087100000| Untracked 
| 114|0x0000000087200000, 0x0000000087200000, 0x0000000087300000|  0%| F|  |TAMS 0x0000000087200000, 0x0000000087200000| Untracked 
| 115|0x0000000087300000, 0x0000000087300000, 0x0000000087400000|  0%| F|  |TAMS 0x0000000087300000, 0x0000000087300000| Untracked 
| 116|0x0000000087400000, 0x0000000087400000, 0x0000000087500000|  0%| F|  |TAMS 0x0000000087400000, 0x0000000087400000| Untracked 
| 117|0x0000000087500000, 0x0000000087500000, 0x0000000087600000|  0%| F|  |TAMS 0x0000000087500000, 0x0000000087500000| Untracked 
| 118|0x0000000087600000, 0x0000000087600000, 0x0000000087700000|  0%| F|  |TAMS 0x0000000087600000, 0x0000000087600000| Untracked 
| 119|0x0000000087700000, 0x0000000087700000, 0x0000000087800000|  0%| F|  |TAMS 0x0000000087700000, 0x0000000087700000| Untracked 
| 120|0x0000000087800000, 0x0000000087800000, 0x0000000087900000|  0%| F|  |TAMS 0x0000000087800000, 0x0000000087800000| Untracked 
| 121|0x0000000087900000, 0x0000000087900000, 0x0000000087a00000|  0%| F|  |TAMS 0x0000000087900000, 0x0000000087900000| Untracked 
| 122|0x0000000087a00000, 0x0000000087a00000, 0x0000000087b00000|  0%| F|  |TAMS 0x0000000087a00000, 0x0000000087a00000| Untracked 
| 123|0x0000000087b00000, 0x0000000087b00000, 0x0000000087c00000|  0%| F|  |TAMS 0x0000000087b00000, 0x0000000087b00000| Untracked 
| 124|0x0000000087c00000, 0x0000000087c00000, 0x0000000087d00000|  0%| F|  |TAMS 0x0000000087c00000, 0x0000000087c00000| Untracked 
| 125|0x0000000087d00000, 0x0000000087d00000, 0x0000000087e00000|  0%| F|  |TAMS 0x0000000087d00000, 0x0000000087d00000| Untracked 
| 126|0x0000000087e00000, 0x0000000087e00000, 0x0000000087f00000|  0%| F|  |TAMS 0x0000000087e00000, 0x0000000087e00000| Untracked 
| 127|0x0000000087f00000, 0x0000000087f00000, 0x0000000088000000|  0%| F|  |TAMS 0x0000000087f00000, 0x0000000087f00000| Untracked 
| 128|0x0000000088000000, 0x0000000088000000, 0x0000000088100000|  0%| F|  |TAMS 0x0000000088000000, 0x0000000088000000| Untracked 
| 129|0x0000000088100000, 0x0000000088100000, 0x0000000088200000|  0%| F|  |TAMS 0x0000000088100000, 0x0000000088100000| Untracked 
| 130|0x0000000088200000, 0x0000000088200000, 0x0000000088300000|  0%| F|  |TAMS 0x0000000088200000, 0x0000000088200000| Untracked 
| 131|0x0000000088300000, 0x0000000088300000, 0x0000000088400000|  0%| F|  |TAMS 0x0000000088300000, 0x0000000088300000| Untracked 
| 132|0x0000000088400000, 0x0000000088400000, 0x0000000088500000|  0%| F|  |TAMS 0x0000000088400000, 0x0000000088400000| Untracked 
| 133|0x0000000088500000, 0x0000000088500000, 0x0000000088600000|  0%| F|  |TAMS 0x0000000088500000, 0x0000000088500000| Untracked 
| 134|0x0000000088600000, 0x0000000088600000, 0x0000000088700000|  0%| F|  |TAMS 0x0000000088600000, 0x0000000088600000| Untracked 
| 135|0x0000000088700000, 0x0000000088700000, 0x0000000088800000|  0%| F|  |TAMS 0x0000000088700000, 0x0000000088700000| Untracked 
| 136|0x0000000088800000, 0x0000000088800000, 0x0000000088900000|  0%| F|  |TAMS 0x0000000088800000, 0x0000000088800000| Untracked 
| 137|0x0000000088900000, 0x0000000088900000, 0x0000000088a00000|  0%| F|  |TAMS 0x0000000088900000, 0x0000000088900000| Untracked 
| 138|0x0000000088a00000, 0x0000000088a00000, 0x0000000088b00000|  0%| F|  |TAMS 0x0000000088a00000, 0x0000000088a00000| Untracked 
| 139|0x0000000088b00000, 0x0000000088b00000, 0x0000000088c00000|  0%| F|  |TAMS 0x0000000088b00000, 0x0000000088b00000| Untracked 
| 140|0x0000000088c00000, 0x0000000088c00000, 0x0000000088d00000|  0%| F|  |TAMS 0x0000000088c00000, 0x0000000088c00000| Untracked 
| 141|0x0000000088d00000, 0x0000000088d00000, 0x0000000088e00000|  0%| F|  |TAMS 0x0000000088d00000, 0x0000000088d00000| Untracked 
| 142|0x0000000088e00000, 0x0000000088e00000, 0x0000000088f00000|  0%| F|  |TAMS 0x0000000088e00000, 0x0000000088e00000| Untracked 
| 143|0x0000000088f00000, 0x0000000088f00000, 0x0000000089000000|  0%| F|  |TAMS 0x0000000088f00000, 0x0000000088f00000| Untracked 
| 144|0x0000000089000000, 0x0000000089000000, 0x0000000089100000|  0%| F|  |TAMS 0x0000000089000000, 0x0000000089000000| Untracked 
| 145|0x0000000089100000, 0x0000000089100000, 0x0000000089200000|  0%| F|  |TAMS 0x0000000089100000, 0x0000000089100000| Untracked 
| 146|0x0000000089200000, 0x0000000089282050, 0x0000000089300000| 50%| E|  |TAMS 0x0000000089200000, 0x0000000089200000| Complete 
| 147|0x0000000089300000, 0x0000000089400000, 0x0000000089400000|100%| E|CS|TAMS 0x0000000089300000, 0x0000000089300000| Complete 
| 148|0x0000000089400000, 0x0000000089500000, 0x0000000089500000|100%| E|CS|TAMS 0x0000000089400000, 0x0000000089400000| Complete 
| 149|0x0000000089500000, 0x0000000089600000, 0x0000000089600000|100%| E|CS|TAMS 0x0000000089500000, 0x0000000089500000| Complete 
| 150|0x0000000089600000, 0x0000000089700000, 0x0000000089700000|100%| E|CS|TAMS 0x0000000089600000, 0x0000000089600000| Complete 
| 151|0x0000000089700000, 0x0000000089800000, 0x0000000089800000|100%| E|CS|TAMS 0x0000000089700000, 0x0000000089700000| Complete 
| 152|0x0000000089800000, 0x0000000089900000, 0x0000000089900000|100%| E|CS|TAMS 0x0000000089800000, 0x0000000089800000| Complete 
| 153|0x0000000089900000, 0x0000000089a00000, 0x0000000089a00000|100%| E|CS|TAMS 0x0000000089900000, 0x0000000089900000| Complete 
| 154|0x0000000089a00000, 0x0000000089b00000, 0x0000000089b00000|100%| E|CS|TAMS 0x0000000089a00000, 0x0000000089a00000| Complete 
| 155|0x0000000089b00000, 0x0000000089c00000, 0x0000000089c00000|100%| E|CS|TAMS 0x0000000089b00000, 0x0000000089b00000| Complete 
| 156|0x0000000089c00000, 0x0000000089d00000, 0x0000000089d00000|100%| E|CS|TAMS 0x0000000089c00000, 0x0000000089c00000| Complete 
| 157|0x0000000089d00000, 0x0000000089e00000, 0x0000000089e00000|100%| E|CS|TAMS 0x0000000089d00000, 0x0000000089d00000| Complete 
| 158|0x0000000089e00000, 0x0000000089f00000, 0x0000000089f00000|100%| E|CS|TAMS 0x0000000089e00000, 0x0000000089e00000| Complete 
| 159|0x0000000089f00000, 0x000000008a000000, 0x000000008a000000|100%| E|CS|TAMS 0x0000000089f00000, 0x0000000089f00000| Complete 
| 160|0x000000008a000000, 0x000000008a100000, 0x000000008a100000|100%| E|CS|TAMS 0x000000008a000000, 0x000000008a000000| Complete 
| 161|0x000000008a100000, 0x000000008a200000, 0x000000008a200000|100%| E|CS|TAMS 0x000000008a100000, 0x000000008a100000| Complete 
| 162|0x000000008a200000, 0x000000008a300000, 0x000000008a300000|100%| E|CS|TAMS 0x000000008a200000, 0x000000008a200000| Complete 
| 163|0x000000008a300000, 0x000000008a400000, 0x000000008a400000|100%| E|CS|TAMS 0x000000008a300000, 0x000000008a300000| Complete 
| 164|0x000000008a400000, 0x000000008a500000, 0x000000008a500000|100%| E|CS|TAMS 0x000000008a400000, 0x000000008a400000| Complete 
| 165|0x000000008a500000, 0x000000008a600000, 0x000000008a600000|100%| E|CS|TAMS 0x000000008a500000, 0x000000008a500000| Complete 
| 166|0x000000008a600000, 0x000000008a700000, 0x000000008a700000|100%| E|CS|TAMS 0x000000008a600000, 0x000000008a600000| Complete 
| 167|0x000000008a700000, 0x000000008a800000, 0x000000008a800000|100%| E|CS|TAMS 0x000000008a700000, 0x000000008a700000| Complete 
| 168|0x000000008a800000, 0x000000008a900000, 0x000000008a900000|100%| E|CS|TAMS 0x000000008a800000, 0x000000008a800000| Complete 
| 169|0x000000008a900000, 0x000000008aa00000, 0x000000008aa00000|100%| E|CS|TAMS 0x000000008a900000, 0x000000008a900000| Complete 
| 170|0x000000008aa00000, 0x000000008ab00000, 0x000000008ab00000|100%| E|CS|TAMS 0x000000008aa00000, 0x000000008aa00000| Complete 
| 171|0x000000008ab00000, 0x000000008ac00000, 0x000000008ac00000|100%| E|CS|TAMS 0x000000008ab00000, 0x000000008ab00000| Complete 
| 172|0x000000008ac00000, 0x000000008ad00000, 0x000000008ad00000|100%| E|CS|TAMS 0x000000008ac00000, 0x000000008ac00000| Complete 
| 173|0x000000008ad00000, 0x000000008ae00000, 0x000000008ae00000|100%| E|CS|TAMS 0x000000008ad00000, 0x000000008ad00000| Complete 
| 174|0x000000008ae00000, 0x000000008af00000, 0x000000008af00000|100%| E|CS|TAMS 0x000000008ae00000, 0x000000008ae00000| Complete 
| 175|0x000000008af00000, 0x000000008b000000, 0x000000008b000000|100%| E|CS|TAMS 0x000000008af00000, 0x000000008af00000| Complete 
| 176|0x000000008b000000, 0x000000008b100000, 0x000000008b100000|100%| E|CS|TAMS 0x000000008b000000, 0x000000008b000000| Complete 
| 177|0x000000008b100000, 0x000000008b200000, 0x000000008b200000|100%| E|CS|TAMS 0x000000008b100000, 0x000000008b100000| Complete 
| 178|0x000000008b200000, 0x000000008b300000, 0x000000008b300000|100%| E|CS|TAMS 0x000000008b200000, 0x000000008b200000| Complete 
| 179|0x000000008b300000, 0x000000008b400000, 0x000000008b400000|100%| E|CS|TAMS 0x000000008b300000, 0x000000008b300000| Complete 
| 180|0x000000008b400000, 0x000000008b500000, 0x000000008b500000|100%| E|CS|TAMS 0x000000008b400000, 0x000000008b400000| Complete 
| 181|0x000000008b500000, 0x000000008b600000, 0x000000008b600000|100%| E|CS|TAMS 0x000000008b500000, 0x000000008b500000| Complete 
| 182|0x000000008b600000, 0x000000008b700000, 0x000000008b700000|100%| E|CS|TAMS 0x000000008b600000, 0x000000008b600000| Complete 
| 183|0x000000008b700000, 0x000000008b800000, 0x000000008b800000|100%| E|CS|TAMS 0x000000008b700000, 0x000000008b700000| Complete 
| 184|0x000000008b800000, 0x000000008b900000, 0x000000008b900000|100%| E|CS|TAMS 0x000000008b800000, 0x000000008b800000| Complete 
| 185|0x000000008b900000, 0x000000008ba00000, 0x000000008ba00000|100%| E|CS|TAMS 0x000000008b900000, 0x000000008b900000| Complete 
| 186|0x000000008ba00000, 0x000000008bb00000, 0x000000008bb00000|100%| E|CS|TAMS 0x000000008ba00000, 0x000000008ba00000| Complete 
| 187|0x000000008bb00000, 0x000000008bc00000, 0x000000008bc00000|100%| E|CS|TAMS 0x000000008bb00000, 0x000000008bb00000| Complete 
| 188|0x000000008bc00000, 0x000000008bd00000, 0x000000008bd00000|100%| E|CS|TAMS 0x000000008bc00000, 0x000000008bc00000| Complete 
| 189|0x000000008bd00000, 0x000000008be00000, 0x000000008be00000|100%| E|CS|TAMS 0x000000008bd00000, 0x000000008bd00000| Complete 
| 190|0x000000008be00000, 0x000000008bf00000, 0x000000008bf00000|100%| E|CS|TAMS 0x000000008be00000, 0x000000008be00000| Complete 
| 191|0x000000008bf00000, 0x000000008c000000, 0x000000008c000000|100%| E|CS|TAMS 0x000000008bf00000, 0x000000008bf00000| Complete 
| 192|0x000000008c000000, 0x000000008c100000, 0x000000008c100000|100%| E|CS|TAMS 0x000000008c000000, 0x000000008c000000| Complete 
| 193|0x000000008c100000, 0x000000008c200000, 0x000000008c200000|100%| E|CS|TAMS 0x000000008c100000, 0x000000008c100000| Complete 
| 194|0x000000008c200000, 0x000000008c300000, 0x000000008c300000|100%| E|CS|TAMS 0x000000008c200000, 0x000000008c200000| Complete 
| 195|0x000000008c300000, 0x000000008c400000, 0x000000008c400000|100%| E|CS|TAMS 0x000000008c300000, 0x000000008c300000| Complete 
| 196|0x000000008c400000, 0x000000008c500000, 0x000000008c500000|100%| E|CS|TAMS 0x000000008c400000, 0x000000008c400000| Complete 
| 197|0x000000008c500000, 0x000000008c600000, 0x000000008c600000|100%| E|CS|TAMS 0x000000008c500000, 0x000000008c500000| Complete 
| 198|0x000000008c600000, 0x000000008c700000, 0x000000008c700000|100%| E|CS|TAMS 0x000000008c600000, 0x000000008c600000| Complete 
| 199|0x000000008c700000, 0x000000008c800000, 0x000000008c800000|100%| E|CS|TAMS 0x000000008c700000, 0x000000008c700000| Complete 
| 200|0x000000008c800000, 0x000000008c900000, 0x000000008c900000|100%| E|CS|TAMS 0x000000008c800000, 0x000000008c800000| Complete 
| 201|0x000000008c900000, 0x000000008ca00000, 0x000000008ca00000|100%| E|CS|TAMS 0x000000008c900000, 0x000000008c900000| Complete 
| 202|0x000000008ca00000, 0x000000008cb00000, 0x000000008cb00000|100%| E|CS|TAMS 0x000000008ca00000, 0x000000008ca00000| Complete 
| 203|0x000000008cb00000, 0x000000008cc00000, 0x000000008cc00000|100%| E|CS|TAMS 0x000000008cb00000, 0x000000008cb00000| Complete 
| 204|0x000000008cc00000, 0x000000008cd00000, 0x000000008cd00000|100%| E|CS|TAMS 0x000000008cc00000, 0x000000008cc00000| Complete 
| 205|0x000000008cd00000, 0x000000008ce00000, 0x000000008ce00000|100%| E|CS|TAMS 0x000000008cd00000, 0x000000008cd00000| Complete 
| 206|0x000000008ce00000, 0x000000008cf00000, 0x000000008cf00000|100%| E|CS|TAMS 0x000000008ce00000, 0x000000008ce00000| Complete 
| 207|0x000000008cf00000, 0x000000008d000000, 0x000000008d000000|100%| E|CS|TAMS 0x000000008cf00000, 0x000000008cf00000| Complete 
| 208|0x000000008d000000, 0x000000008d100000, 0x000000008d100000|100%| E|CS|TAMS 0x000000008d000000, 0x000000008d000000| Complete 
| 209|0x000000008d100000, 0x000000008d200000, 0x000000008d200000|100%| E|CS|TAMS 0x000000008d100000, 0x000000008d100000| Complete 
| 210|0x000000008d200000, 0x000000008d300000, 0x000000008d300000|100%| E|CS|TAMS 0x000000008d200000, 0x000000008d200000| Complete 
| 211|0x000000008d300000, 0x000000008d400000, 0x000000008d400000|100%| E|CS|TAMS 0x000000008d300000, 0x000000008d300000| Complete 
| 212|0x000000008d400000, 0x000000008d500000, 0x000000008d500000|100%| E|CS|TAMS 0x000000008d400000, 0x000000008d400000| Complete 
| 213|0x000000008d500000, 0x000000008d600000, 0x000000008d600000|100%| E|CS|TAMS 0x000000008d500000, 0x000000008d500000| Complete 
| 214|0x000000008d600000, 0x000000008d700000, 0x000000008d700000|100%| E|CS|TAMS 0x000000008d600000, 0x000000008d600000| Complete 
| 215|0x000000008d700000, 0x000000008d800000, 0x000000008d800000|100%| E|CS|TAMS 0x000000008d700000, 0x000000008d700000| Complete 
| 216|0x000000008d800000, 0x000000008d900000, 0x000000008d900000|100%| E|CS|TAMS 0x000000008d800000, 0x000000008d800000| Complete 
| 217|0x000000008d900000, 0x000000008da00000, 0x000000008da00000|100%| E|CS|TAMS 0x000000008d900000, 0x000000008d900000| Complete 
| 218|0x000000008da00000, 0x000000008db00000, 0x000000008db00000|100%| E|CS|TAMS 0x000000008da00000, 0x000000008da00000| Complete 
| 219|0x000000008db00000, 0x000000008dc00000, 0x000000008dc00000|100%| E|CS|TAMS 0x000000008db00000, 0x000000008db00000| Complete 
| 220|0x000000008dc00000, 0x000000008dd00000, 0x000000008dd00000|100%| E|CS|TAMS 0x000000008dc00000, 0x000000008dc00000| Complete 
| 221|0x000000008dd00000, 0x000000008ddbaac8, 0x000000008de00000| 72%| S|CS|TAMS 0x000000008dd00000, 0x000000008dd00000| Complete 
| 222|0x000000008de00000, 0x000000008df00000, 0x000000008df00000|100%| E|CS|TAMS 0x000000008de00000, 0x000000008de00000| Complete 
| 223|0x000000008df00000, 0x000000008e000000, 0x000000008e000000|100%| E|CS|TAMS 0x000000008df00000, 0x000000008df00000| Complete 
| 224|0x000000008e000000, 0x000000008e100000, 0x000000008e100000|100%| E|CS|TAMS 0x000000008e000000, 0x000000008e000000| Complete 
| 225|0x000000008e100000, 0x000000008e200000, 0x000000008e200000|100%| E|CS|TAMS 0x000000008e100000, 0x000000008e100000| Complete 
| 226|0x000000008e200000, 0x000000008e300000, 0x000000008e300000|100%| E|CS|TAMS 0x000000008e200000, 0x000000008e200000| Complete 
| 227|0x000000008e300000, 0x000000008e400000, 0x000000008e400000|100%| E|CS|TAMS 0x000000008e300000, 0x000000008e300000| Complete 
| 228|0x000000008e400000, 0x000000008e500000, 0x000000008e500000|100%| E|CS|TAMS 0x000000008e400000, 0x000000008e400000| Complete 
| 229|0x000000008e500000, 0x000000008e600000, 0x000000008e600000|100%| E|CS|TAMS 0x000000008e500000, 0x000000008e500000| Complete 
| 230|0x000000008e600000, 0x000000008e700000, 0x000000008e700000|100%| E|CS|TAMS 0x000000008e600000, 0x000000008e600000| Complete 
| 231|0x000000008e700000, 0x000000008e800000, 0x000000008e800000|100%| E|CS|TAMS 0x000000008e700000, 0x000000008e700000| Complete 
| 232|0x000000008e800000, 0x000000008e900000, 0x000000008e900000|100%| E|CS|TAMS 0x000000008e800000, 0x000000008e800000| Complete 
| 233|0x000000008e900000, 0x000000008ea00000, 0x000000008ea00000|100%| E|CS|TAMS 0x000000008e900000, 0x000000008e900000| Complete 
| 234|0x000000008ea00000, 0x000000008eb00000, 0x000000008eb00000|100%| E|CS|TAMS 0x000000008ea00000, 0x000000008ea00000| Complete 
| 235|0x000000008eb00000, 0x000000008ec00000, 0x000000008ec00000|100%| E|CS|TAMS 0x000000008eb00000, 0x000000008eb00000| Complete 
| 236|0x000000008ec00000, 0x000000008ed00000, 0x000000008ed00000|100%| E|CS|TAMS 0x000000008ec00000, 0x000000008ec00000| Complete 
| 237|0x000000008ed00000, 0x000000008ee00000, 0x000000008ee00000|100%| E|CS|TAMS 0x000000008ed00000, 0x000000008ed00000| Complete 
| 238|0x000000008ee00000, 0x000000008ef00000, 0x000000008ef00000|100%| E|CS|TAMS 0x000000008ee00000, 0x000000008ee00000| Complete 
| 239|0x000000008ef00000, 0x000000008f000000, 0x000000008f000000|100%| E|CS|TAMS 0x000000008ef00000, 0x000000008ef00000| Complete 
| 240|0x000000008f000000, 0x000000008f100000, 0x000000008f100000|100%| E|CS|TAMS 0x000000008f000000, 0x000000008f000000| Complete 
| 241|0x000000008f100000, 0x000000008f200000, 0x000000008f200000|100%| E|CS|TAMS 0x000000008f100000, 0x000000008f100000| Complete 
| 242|0x000000008f200000, 0x000000008f300000, 0x000000008f300000|100%| E|CS|TAMS 0x000000008f200000, 0x000000008f200000| Complete 
| 243|0x000000008f300000, 0x000000008f400000, 0x000000008f400000|100%| E|CS|TAMS 0x000000008f300000, 0x000000008f300000| Complete 
| 244|0x000000008f400000, 0x000000008f500000, 0x000000008f500000|100%| E|  |TAMS 0x000000008f400000, 0x000000008f400000| Complete 
| 245|0x000000008f500000, 0x000000008f600000, 0x000000008f600000|100%| E|CS|TAMS 0x000000008f500000, 0x000000008f500000| Complete 
| 246|0x000000008f600000, 0x000000008f700000, 0x000000008f700000|100%| E|CS|TAMS 0x000000008f600000, 0x000000008f600000| Complete 
| 247|0x000000008f700000, 0x000000008f800000, 0x000000008f800000|100%| E|CS|TAMS 0x000000008f700000, 0x000000008f700000| Complete 
| 248|0x000000008f800000, 0x000000008f900000, 0x000000008f900000|100%| E|CS|TAMS 0x000000008f800000, 0x000000008f800000| Complete 
| 249|0x000000008f900000, 0x000000008fa00000, 0x000000008fa00000|100%| E|CS|TAMS 0x000000008f900000, 0x000000008f900000| Complete 
| 250|0x000000008fa00000, 0x000000008fb00000, 0x000000008fb00000|100%| E|CS|TAMS 0x000000008fa00000, 0x000000008fa00000| Complete 
| 251|0x000000008fb00000, 0x000000008fc00000, 0x000000008fc00000|100%| E|CS|TAMS 0x000000008fb00000, 0x000000008fb00000| Complete 

Card table byte_map: [0x000001ec589a0000,0x000001ec58da0000] _byte_map_base: 0x000001ec585a0000

Marking Bits (Prev, Next): (CMBitMap*) 0x000001ec405b9cd8, (CMBitMap*) 0x000001ec405b9d18
 Prev Bits: [0x000001ec591a0000, 0x000001ec5b1a0000)
 Next Bits: [0x000001ec5b1a0000, 0x000001ec5d1a0000)

Polling page: 0x000001ec3e510000

Metaspace:

Usage:
  Non-class:     13.43 MB capacity,    13.09 MB ( 97%) used,   320.33 KB (  2%) free+waste,    32.13 KB ( <1%) overhead. 
      Class:      2.40 MB capacity,     2.22 MB ( 92%) used,   170.16 KB (  7%) free+waste,    18.06 KB ( <1%) overhead. 
       Both:     15.83 MB capacity,    15.31 MB ( 97%) used,   490.49 KB (  3%) free+waste,    50.19 KB ( <1%) overhead. 

Virtual space:
  Non-class space:       14.00 MB reserved,      13.50 MB ( 96%) committed 
      Class space:      504.00 MB reserved,       2.50 MB ( <1%) committed 
             Both:      518.00 MB reserved,      16.00 MB (  3%) committed 

Chunk freelists:
   Non-Class:  7.00 KB
       Class:  4.00 KB
        Both:  11.00 KB

MaxMetaspaceSize: 512.00 MB
CompressedClassSpaceSize: 504.00 MB

CodeHeap 'non-profiled nmethods': size=119168Kb used=1177Kb max_used=1177Kb free=117990Kb
 bounds [0x000001ec508b0000, 0x000001ec50b20000, 0x000001ec57d10000]
CodeHeap 'profiled nmethods': size=119104Kb used=5074Kb max_used=5074Kb free=114030Kb
 bounds [0x000001ec49460000, 0x000001ec49960000, 0x000001ec508b0000]
CodeHeap 'non-nmethods': size=7488Kb used=2937Kb max_used=2956Kb free=4550Kb
 bounds [0x000001ec48d10000, 0x000001ec49000000, 0x000001ec49460000]
 total_blobs=2789 nmethods=2283 adapters=415
 compilation: enabled
              stopped_count=0, restarted_count=0
 full_count=0

Compilation events (20 events):
Event: 2.501 Thread 0x000001ec609c5000 nmethod 2276 0x000001ec49942c10 code [0x000001ec49943060, 0x000001ec49944b18]
Event: 2.503 Thread 0x000001ec609c2800 2278       1       java.lang.reflect.Method::getAnnotationBytes (5 bytes)
Event: 2.503 Thread 0x000001ec609c5000 2279       3       org.gradle.internal.instantiation.generator.AbstractClassGenerator$DisabledAnnotationValidator::validateMethod (68 bytes)
Event: 2.503 Thread 0x000001ec609c2800 nmethod 2278 0x000001ec509d5b90 code [0x000001ec509d5d20, 0x000001ec509d5df8]
Event: 2.503 Thread 0x000001ec609c2800 2280       3       java.util.HashMap::putMapEntries (167 bytes)
Event: 2.503 Thread 0x000001ec609c1800 2281   !   3       jdk.internal.loader.AbstractClassLoaderValue::computeIfAbsent (113 bytes)
Event: 2.504 Thread 0x000001ec609c5000 nmethod 2279 0x000001ec49945790 code [0x000001ec49945a40, 0x000001ec499464e8]
Event: 2.504 Thread 0x000001ec609c3800 2282       3       java.util.concurrent.ConcurrentHashMap::get (162 bytes)
Event: 2.504 Thread 0x000001ec609c2800 nmethod 2280 0x000001ec49946910 code [0x000001ec49946be0, 0x000001ec49947a88]
Event: 2.504 Thread 0x000001ec609c1800 nmethod 2281 0x000001ec49947e90 code [0x000001ec49948140, 0x000001ec49948fa8]
Event: 2.504 Thread 0x000001ec609c3800 nmethod 2282 0x000001ec49949590 code [0x000001ec499497e0, 0x000001ec4994a518]
Event: 2.506 Thread 0x000001ec609c2800 2283       3       java.lang.invoke.TypeConvertingMethodAdapter::convertType (299 bytes)
Event: 2.506 Thread 0x000001ec609c5000 2284   !   3       java.lang.invoke.MethodHandle::setVarargs (25 bytes)
Event: 2.506 Thread 0x000001ec609c1800 2285       3       java.lang.invoke.MemberName::isVarargs (23 bytes)
Event: 2.506 Thread 0x000001ec609c1800 nmethod 2285 0x000001ec4994a890 code [0x000001ec4994aa60, 0x000001ec4994af18]
Event: 2.506 Thread 0x000001ec609c5000 nmethod 2284 0x000001ec4994b090 code [0x000001ec4994b280, 0x000001ec4994b938]
Event: 2.507 Thread 0x000001ec609c5000 2286       3       java.util.Collections$UnmodifiableCollection::<init> (22 bytes)
Event: 2.507 Thread 0x000001ec609c1800 2287       1       org.gradle.internal.instantiation.generator.AbstractClassGenerator$PropertyMetadata::getName (5 bytes)
Event: 2.507 Thread 0x000001ec609c5000 nmethod 2286 0x000001ec4994bb90 code [0x000001ec4994bd40, 0x000001ec4994c028]
Event: 2.507 Thread 0x000001ec609c1800 nmethod 2287 0x000001ec509d5e90 code [0x000001ec509d6020, 0x000001ec509d60f8]

GC Heap History (4 events):
Event: 0.481 GC heap before
{Heap before GC invocations=0 (full 0):
 garbage-first heap   total 258048K, used 28672K [0x0000000080000000, 0x0000000100000000)
  region size 1024K, 23 young (23552K), 0 survivors (0K)
 Metaspace       used 3059K, capacity 5949K, committed 6144K, reserved 524288K
  class space    used 385K, capacity 667K, committed 768K, reserved 516096K
}
Event: 0.485 GC heap after
{Heap after GC invocations=1 (full 0):
 garbage-first heap   total 258048K, used 9249K [0x0000000080000000, 0x0000000100000000)
  region size 1024K, 3 young (3072K), 3 survivors (3072K)
 Metaspace       used 3059K, capacity 5949K, committed 6144K, reserved 524288K
  class space    used 385K, capacity 667K, committed 768K, reserved 516096K
}
Event: 0.787 GC heap before
{Heap before GC invocations=1 (full 0):
 garbage-first heap   total 258048K, used 36897K [0x0000000080000000, 0x0000000100000000)
  region size 1024K, 30 young (30720K), 3 survivors (3072K)
 Metaspace       used 4317K, capacity 6749K, committed 7040K, reserved 524288K
  class space    used 530K, capacity 806K, committed 896K, reserved 516096K
}
Event: 0.789 GC heap after
{Heap after GC invocations=2 (full 0):
 garbage-first heap   total 258048K, used 9784K [0x0000000080000000, 0x0000000100000000)
  region size 1024K, 1 young (1024K), 1 survivors (1024K)
 Metaspace       used 4317K, capacity 6749K, committed 7040K, reserved 524288K
  class space    used 530K, capacity 806K, committed 896K, reserved 516096K
}

Deoptimization events (20 events):
Event: 2.482 Thread 0x000001ec609c6000 Uncommon trap: trap_request=0xffffffc6 fr.pc=0x000001ec509b1424 relative=0x00000000000019a4
Event: 2.482 Thread 0x000001ec609c6000 Uncommon trap: reason=bimorphic_or_optimized_type_check action=maybe_recompile pc=0x000001ec509b1424 method=java.util.HashMap.putVal(ILjava/lang/Object;Ljava/lang/Object;ZZ)Ljava/lang/Object; @ 91 c2
Event: 2.482 Thread 0x000001ec609c6000 DEOPT PACKING pc=0x000001ec509b1424 sp=0x000000364e1faa90
Event: 2.482 Thread 0x000001ec609c6000 DEOPT UNPACKING pc=0x000001ec48d1852f sp=0x000000364e1faa30 mode 2
Event: 2.482 Thread 0x000001ec609c6000 Uncommon trap: trap_request=0xffffffc6 fr.pc=0x000001ec509c6f9c relative=0x0000000000000c1c
Event: 2.482 Thread 0x000001ec609c6000 Uncommon trap: reason=bimorphic_or_optimized_type_check action=maybe_recompile pc=0x000001ec509c6f9c method=java.util.HashMap.getNode(ILjava/lang/Object;)Ljava/util/HashMap$Node; @ 59 c2
Event: 2.482 Thread 0x000001ec609c6000 DEOPT PACKING pc=0x000001ec509c6f9c sp=0x000000364e1faaf0
Event: 2.482 Thread 0x000001ec609c6000 DEOPT UNPACKING pc=0x000001ec48d1852f sp=0x000000364e1faa38 mode 2
Event: 2.482 Thread 0x000001ec609c6000 Uncommon trap: trap_request=0xffffff45 fr.pc=0x000001ec509c6f5c relative=0x0000000000000bdc
Event: 2.482 Thread 0x000001ec609c6000 Uncommon trap: reason=unstable_if action=reinterpret pc=0x000001ec509c6f5c method=java.util.HashMap.getNode(ILjava/lang/Object;)Ljava/util/HashMap$Node; @ 129 c2
Event: 2.482 Thread 0x000001ec609c6000 DEOPT PACKING pc=0x000001ec509c6f5c sp=0x000000364e1faaf0
Event: 2.482 Thread 0x000001ec609c6000 DEOPT UNPACKING pc=0x000001ec48d1852f sp=0x000000364e1faa40 mode 2
Event: 2.482 Thread 0x000001ec609c6000 Uncommon trap: trap_request=0xffffff45 fr.pc=0x000001ec508ee5dc relative=0x00000000000002bc
Event: 2.482 Thread 0x000001ec609c6000 Uncommon trap: reason=unstable_if action=reinterpret pc=0x000001ec508ee5dc method=java.util.HashMap.getNode(ILjava/lang/Object;)Ljava/util/HashMap$Node; @ 62 c2
Event: 2.482 Thread 0x000001ec609c6000 DEOPT PACKING pc=0x000001ec508ee5dc sp=0x000000364e1faab0
Event: 2.482 Thread 0x000001ec609c6000 DEOPT UNPACKING pc=0x000001ec48d1852f sp=0x000000364e1faa48 mode 2
Event: 2.500 Thread 0x000001ec609c6000 Uncommon trap: trap_request=0xffffff45 fr.pc=0x000001ec509d1e9c relative=0x00000000000003fc
Event: 2.500 Thread 0x000001ec609c6000 Uncommon trap: reason=unstable_if action=reinterpret pc=0x000001ec509d1e9c method=java.util.concurrent.ConcurrentHashMap.get(Ljava/lang/Object;)Ljava/lang/Object; @ 76 c2
Event: 2.500 Thread 0x000001ec609c6000 DEOPT PACKING pc=0x000001ec509d1e9c sp=0x000000364e1fa0b0
Event: 2.500 Thread 0x000001ec609c6000 DEOPT UNPACKING pc=0x000001ec48d1852f sp=0x000000364e1fa028 mode 2

Classes unloaded (0 events):
No events

Classes redefined (0 events):
No events

Internal exceptions (20 events):
Event: 0.961 Thread 0x000001ec40571800 Implicit null exception at 0x000001ec5094bc26 to 0x000001ec5094bd80
Event: 1.020 Thread 0x000001ec40571800 Exception <a 'java/lang/NoSuchMethodError'{0x000000008da3c020}: 'java.lang.Object java.lang.invoke.DirectMethodHandle$Holder.invokeStaticInit(java.lang.Object, java.lang.Object, java.lang.Object)'> (0x000000008da3c020) 
thrown [./open/src/hotspot/share/interpreter/linkResolver.cpp, line 766]
Event: 1.153 Thread 0x000001ec40571800 Exception <a 'java/lang/NoSuchMethodError'{0x000000008d318160}: 'java.lang.Object java.lang.invoke.DirectMethodHandle$Holder.invokeStaticInit(java.lang.Object, int, int, int, int)'> (0x000000008d318160) 
thrown [./open/src/hotspot/share/interpreter/linkResolver.cpp, line 766]
Event: 1.204 Thread 0x000001ec40571800 Exception <a 'java/lang/NoSuchMethodError'{0x000000008d34adf8}: 'java.lang.Object java.lang.invoke.DirectMethodHandle$Holder.invokeStaticInit(java.lang.Object, java.lang.Object, int, int, int, int)'> (0x000000008d34adf8) 
thrown [./open/src/hotspot/share/interpreter/linkResolver.cpp, line 766]
Event: 1.378 Thread 0x000001ec40571800 Exception <a 'java/io/IOException'{0x000000008d12e720}> (0x000000008d12e720) 
thrown [./open/src/hotspot/share/prims/jni.cpp, line 599]
Event: 1.467 Thread 0x000001ec623fa000 Implicit null exception at 0x000001ec5099e5e6 to 0x000001ec5099f2fc
Event: 1.543 Thread 0x000001ec609c6000 Exception <a 'java/lang/NoSuchMethodError'{0x000000008cbf5080}: 'long java.lang.invoke.DirectMethodHandle$Holder.invokeInterface(java.lang.Object, java.lang.Object)'> (0x000000008cbf5080) 
thrown [./open/src/hotspot/share/interpreter/linkResolver.cpp, line 766]
Event: 1.546 Thread 0x000001ec609c6000 Exception <a 'java/lang/NoSuchMethodError'{0x000000008ca013b8}: 'void java.lang.invoke.DelegatingMethodHandle$Holder.reinvoke_L(java.lang.Object, java.lang.Object, java.lang.Object, java.lang.Object, java.lang.Object, java.lang.Object, java.lang.Object)'> (0x000000008ca013b8) 
thrown [./open/src/hotspot/share/interpreter/linkResolver.cpp, line 766]
Event: 1.668 Thread 0x000001ec609c6000 Exception <a 'java/lang/NoSuchMethodError'{0x000000008c2a4150}: 'void java.lang.invoke.DirectMethodHandle$Holder.invokeStaticInit(java.lang.Object)'> (0x000000008c2a4150) 
thrown [./open/src/hotspot/share/interpreter/linkResolver.cpp, line 766]
Event: 1.681 Thread 0x000001ec609c6000 Exception <a 'java/lang/NoSuchMethodError'{0x000000008c15c438}: 'java.lang.Object java.lang.invoke.DirectMethodHandle$Holder.invokeStatic(java.lang.Object, java.lang.Object, java.lang.Object, int)'> (0x000000008c15c438) 
thrown [./open/src/hotspot/share/interpreter/linkResolver.cpp, line 766]
Event: 1.682 Thread 0x000001ec609c6000 Exception <a 'java/lang/NoSuchMethodError'{0x000000008c160200}: 'java.lang.Object java.lang.invoke.DirectMethodHandle$Holder.invokeSpecial(java.lang.Object, java.lang.Object, java.lang.Object, java.lang.Object, int)'> (0x000000008c160200) 
thrown [./open/src/hotspot/share/interpreter/linkResolver.cpp, line 766]
Event: 1.682 Thread 0x000001ec609c6000 Exception <a 'java/lang/NoSuchMethodError'{0x000000008c163810}: 'java.lang.Object java.lang.invoke.Invokers$Holder.linkToTargetMethod(java.lang.Object, java.lang.Object, int, java.lang.Object)'> (0x000000008c163810) 
thrown [./open/src/hotspot/share/interpreter/linkResolver.cpp, line 766]
Event: 1.855 Thread 0x000001ec609c6000 Exception <a 'java/lang/NoSuchMethodError'{0x000000008b8ebab0}: 'java.lang.Object java.lang.invoke.Invokers$Holder.linkToTargetMethod(java.lang.Object, java.lang.Object, java.lang.Object, java.lang.Object, java.lang.Object, java.lang.Object)'> (0x000000008b8ebab0) 
thrown [./open/src/hotspot/share/interpreter/linkResolver.cpp, line 766]
Event: 2.034 Thread 0x000001ec609c6000 Exception <a 'java/lang/NoSuchMethodError'{0x000000008ad79900}: 'int java.lang.invoke.DirectMethodHandle$Holder.invokeSpecialIFC(java.lang.Object, java.lang.Object, java.lang.Object, java.lang.Object)'> (0x000000008ad79900) 
thrown [./open/src/hotspot/share/interpreter/linkResolver.cpp, line 766]
Event: 2.037 Thread 0x000001ec609c6000 Exception <a 'java/lang/NoSuchMethodError'{0x000000008ad874e8}: 'java.lang.Object java.lang.invoke.DirectMethodHandle$Holder.invokeInterface(java.lang.Object, java.lang.Object, java.lang.Object)'> (0x000000008ad874e8) 
thrown [./open/src/hotspot/share/interpreter/linkResolver.cpp, line 766]
Event: 2.037 Thread 0x000001ec609c6000 Exception <a 'java/lang/IncompatibleClassChangeError'{0x000000008ad8a698}: Found class java.lang.Object, but interface was expected> (0x000000008ad8a698) 
thrown [./open/src/hotspot/share/interpreter/linkResolver.cpp, line 832]
Event: 2.126 Thread 0x000001ec609c6000 Exception <a 'java/lang/NoSuchMethodError'{0x000000008a9c2190}: 'java.lang.Object java.lang.invoke.Invokers$Holder.invokeExact_MT(java.lang.Object, java.lang.Object, java.lang.Object, java.lang.Object, java.lang.Object, java.lang.Object)'> (0x000000008a9c2190) 
thrown [./open/src/hotspot/share/interpreter/linkResolver.cpp, line 766]
Event: 2.209 Thread 0x000001ec609c6000 Exception <a 'java/lang/NoSuchMethodError'{0x000000008a6fdb10}: 'void java.lang.invoke.DirectMethodHandle$Holder.invokeSpecial(java.lang.Object, java.lang.Object, java.lang.Object, java.lang.Object, java.lang.Object)'> (0x000000008a6fdb10) 
thrown [./open/src/hotspot/share/interpreter/linkResolver.cpp, line 766]
Event: 2.266 Thread 0x000001ec609c6000 Exception <a 'java/lang/NoSuchMethodError'{0x000000008a37f238}: 'java.lang.Object java.lang.invoke.DirectMethodHandle$Holder.invokeSpecial(java.lang.Object, java.lang.Object, java.lang.Object, java.lang.Object, java.lang.Object, java.lang.Object, java.lang.Object, java.lang.Object, java.lang.Object)'> (0x000000008a37f238) 
thrown [./open/src/hotspot/share/interpreter/linkResolver.cpp, line 766]
Event: 2.416 Thread 0x000001ec609c6000 Exception <a 'java/lang/NoSuchMethodError'{0x000000008987b8b8}: 'java.lang.Object java.lang.invoke.DirectMethodHandle$Holder.invokeVirtual(java.lang.Object, java.lang.Object, java.lang.Object, java.lang.Object)'> (0x000000008987b8b8) 
thrown [./open/src/hotspot/share/interpreter/linkResolver.cpp, line 766]

Events (20 events):
Event: 2.490 loading class sun/reflect/generics/reflectiveObjects/WildcardTypeImpl
Event: 2.490 loading class sun/reflect/generics/reflectiveObjects/WildcardTypeImpl done
Event: 2.492 loading class java/lang/annotation/ElementType
Event: 2.492 loading class java/lang/annotation/ElementType done
Event: 2.497 loading class java/lang/Deprecated
Event: 2.497 loading class java/lang/Deprecated done
Event: 2.498 loading class jdk/internal/HotSpotIntrinsicCandidate
Event: 2.498 loading class jdk/internal/HotSpotIntrinsicCandidate done
Event: 2.499 loading class java/lang/module/ModuleDescriptor$Builder
Event: 2.499 loading class java/lang/module/ModuleDescriptor$Builder done
Event: 2.504 loading class java/util/stream/MatchOps$MatchKind
Event: 2.505 loading class java/util/stream/MatchOps$MatchKind done
Event: 2.505 loading class java/util/stream/MatchOps
Event: 2.505 loading class java/util/stream/MatchOps done
Event: 2.505 loading class java/util/stream/MatchOps$MatchOp
Event: 2.505 loading class java/util/stream/MatchOps$MatchOp done
Event: 2.505 loading class java/util/stream/MatchOps$BooleanTerminalSink
Event: 2.506 loading class java/util/stream/MatchOps$BooleanTerminalSink done
Event: 2.506 loading class java/util/stream/MatchOps$1MatchSink
Event: 2.506 loading class java/util/stream/MatchOps$1MatchSink done


Dynamic libraries:
0x00007ff75f6e0000 - 0x00007ff75f6ef000 	C:\Program Files\Java\jdk-14.0.2\bin\java.exe
0x00007ffb998f0000 - 0x00007ffb99b04000 	C:\WINDOWS\SYSTEM32\ntdll.dll
0x00007ffb98460000 - 0x00007ffb98524000 	C:\WINDOWS\System32\KERNEL32.DLL
0x00007ffb96d40000 - 0x00007ffb970e4000 	C:\WINDOWS\System32\KERNELBASE.dll
0x00007ffb972e0000 - 0x00007ffb973f1000 	C:\WINDOWS\System32\ucrtbase.dll
0x00007ffb7d110000 - 0x00007ffb7d125000 	C:\Program Files\Java\jdk-14.0.2\bin\VCRUNTIME140.dll
0x00007ffb7bf10000 - 0x00007ffb7bf28000 	C:\Program Files\Java\jdk-14.0.2\bin\jli.dll
0x00007ffb98300000 - 0x00007ffb983b0000 	C:\WINDOWS\System32\ADVAPI32.dll
0x00007ffb99540000 - 0x00007ffb995e7000 	C:\WINDOWS\System32\msvcrt.dll
0x00007ffb983b0000 - 0x00007ffb98456000 	C:\WINDOWS\System32\sechost.dll
0x00007ffb991e0000 - 0x00007ffb992f7000 	C:\WINDOWS\System32\RPCRT4.dll
0x00007ffb99300000 - 0x00007ffb994aa000 	C:\WINDOWS\System32\USER32.dll
0x00007ffb970f0000 - 0x00007ffb97116000 	C:\WINDOWS\System32\win32u.dll
0x00007ffb70510000 - 0x00007ffb7079f000 	C:\WINDOWS\WinSxS\amd64_microsoft.windows.common-controls_6595b64144ccf1df_6.0.22621.2070_none_2713e6537381f706\COMCTL32.dll
0x00007ffb98cc0000 - 0x00007ffb98ce9000 	C:\WINDOWS\System32\GDI32.dll
0x00007ffb97120000 - 0x00007ffb97239000 	C:\WINDOWS\System32\gdi32full.dll
0x00007ffb97240000 - 0x00007ffb972da000 	C:\WINDOWS\System32\msvcp_win.dll
0x00007ffb90520000 - 0x00007ffb9052a000 	C:\WINDOWS\SYSTEM32\VERSION.dll
0x00007ffb99610000 - 0x00007ffb99641000 	C:\WINDOWS\System32\IMM32.DLL
0x00007ffb0b240000 - 0x00007ffb0b2db000 	C:\Program Files\Java\jdk-14.0.2\bin\msvcp140.dll
0x00007ffaec130000 - 0x00007ffaecc4e000 	C:\Program Files\Java\jdk-14.0.2\bin\server\jvm.dll
0x00007ffb98530000 - 0x00007ffb98538000 	C:\WINDOWS\System32\PSAPI.DLL
0x00007ffb80d40000 - 0x00007ffb80d49000 	C:\WINDOWS\SYSTEM32\WSOCK32.dll
0x00007ffb8f7c0000 - 0x00007ffb8f7f4000 	C:\WINDOWS\SYSTEM32\WINMM.dll
0x00007ffb99650000 - 0x00007ffb996c1000 	C:\WINDOWS\System32\WS2_32.dll
0x00007ffb95d70000 - 0x00007ffb95d88000 	C:\WINDOWS\SYSTEM32\kernel.appcore.dll
0x00007ffb7d6e0000 - 0x00007ffb7d6ea000 	C:\Program Files\Java\jdk-14.0.2\bin\jimage.dll
0x00007ffb94620000 - 0x00007ffb9484e000 	C:\WINDOWS\SYSTEM32\DBGHELP.DLL
0x00007ffb98cf0000 - 0x00007ffb9907a000 	C:\WINDOWS\System32\combase.dll
0x00007ffb996d0000 - 0x00007ffb997a7000 	C:\WINDOWS\System32\OLEAUT32.dll
0x00007ffb7c990000 - 0x00007ffb7c9c2000 	C:\WINDOWS\SYSTEM32\dbgcore.DLL
0x00007ffb97400000 - 0x00007ffb9747a000 	C:\WINDOWS\System32\bcryptPrimitives.dll
0x00007ffb55230000 - 0x00007ffb55255000 	C:\Program Files\Java\jdk-14.0.2\bin\java.dll
0x00007ffb7baf0000 - 0x00007ffb7bb06000 	C:\Program Files\Java\jdk-14.0.2\bin\zip.dll
0x00007ffb97700000 - 0x00007ffb97f16000 	C:\WINDOWS\System32\SHELL32.dll
0x00007ffb94c50000 - 0x00007ffb9553a000 	C:\WINDOWS\SYSTEM32\windows.storage.dll
0x00007ffb94b10000 - 0x00007ffb94c4e000 	C:\WINDOWS\SYSTEM32\wintypes.dll
0x00007ffb97f90000 - 0x00007ffb98083000 	C:\WINDOWS\System32\SHCORE.dll
0x00007ffb98c60000 - 0x00007ffb98cbe000 	C:\WINDOWS\System32\shlwapi.dll
0x00007ffb96c00000 - 0x00007ffb96c26000 	C:\WINDOWS\SYSTEM32\profapi.dll
0x00007ffb5d140000 - 0x00007ffb5d159000 	C:\Program Files\Java\jdk-14.0.2\bin\net.dll
0x00007ffb90380000 - 0x00007ffb904b7000 	C:\WINDOWS\SYSTEM32\WINHTTP.dll
0x00007ffb96240000 - 0x00007ffb962a9000 	C:\WINDOWS\system32\mswsock.dll
0x00007ffb597c0000 - 0x00007ffb597d2000 	C:\Program Files\Java\jdk-14.0.2\bin\nio.dll
0x00007ffb921e0000 - 0x00007ffb921f0000 	C:\Program Files\Java\jdk-14.0.2\bin\verify.dll
0x00007ffb03f80000 - 0x00007ffb03fa7000 	C:\Users\Admin\.gradle\native\e1d6ef7f7dcc3fd88c89a11ec53ec762bb8ba0a96d01ffa2cd45eb1d1d8dd5c5\windows-amd64\native-platform.dll
0x00007ffb05e20000 - 0x00007ffb05f64000 	C:\Users\Admin\.gradle\native\0d407fdbe67a94daf76414ababcb853783967236a71b16ec16e742cd7a986fd3\windows-amd64\native-platform-file-events.dll
0x00007ffb5a320000 - 0x00007ffb5a329000 	C:\Program Files\Java\jdk-14.0.2\bin\management.dll
0x00007ffb59a80000 - 0x00007ffb59a8b000 	C:\Program Files\Java\jdk-14.0.2\bin\management_ext.dll
0x00007ffb964b0000 - 0x00007ffb964cb000 	C:\WINDOWS\SYSTEM32\CRYPTSP.dll
0x00007ffb95ce0000 - 0x00007ffb95d15000 	C:\WINDOWS\system32\rsaenh.dll
0x00007ffb96310000 - 0x00007ffb9633c000 	C:\WINDOWS\SYSTEM32\USERENV.dll
0x00007ffb96670000 - 0x00007ffb96698000 	C:\WINDOWS\SYSTEM32\bcrypt.dll
0x00007ffb964d0000 - 0x00007ffb964dc000 	C:\WINDOWS\SYSTEM32\CRYPTBASE.dll
0x00007ffb957e0000 - 0x00007ffb9580d000 	C:\WINDOWS\SYSTEM32\IPHLPAPI.DLL
0x00007ffb98c50000 - 0x00007ffb98c59000 	C:\WINDOWS\System32\NSI.dll
0x00007ffb90530000 - 0x00007ffb90549000 	C:\WINDOWS\SYSTEM32\dhcpcsvc6.DLL
0x00007ffb90360000 - 0x00007ffb9037f000 	C:\WINDOWS\SYSTEM32\dhcpcsvc.DLL
0x00007ffb95810000 - 0x00007ffb95903000 	C:\WINDOWS\SYSTEM32\DNSAPI.dll

dbghelp: loaded successfully - version: 4.0.5 - missing functions: none
symbol engine: initialized successfully - sym options: 0x614 - pdb path: .;C:\Program Files\Java\jdk-14.0.2\bin;C:\WINDOWS\SYSTEM32;C:\WINDOWS\WinSxS\amd64_microsoft.windows.common-controls_6595b64144ccf1df_6.0.22621.2070_none_2713e6537381f706;C:\Program Files\Java\jdk-14.0.2\bin\server;C:\Users\Admin\.gradle\native\e1d6ef7f7dcc3fd88c89a11ec53ec762bb8ba0a96d01ffa2cd45eb1d1d8dd5c5\windows-amd64;C:\Users\Admin\.gradle\native\0d407fdbe67a94daf76414ababcb853783967236a71b16ec16e742cd7a986fd3\windows-amd64

VM Arguments:
jvm_args: -XX:MaxMetaspaceSize=512m --add-opens=java.base/java.util=ALL-UNNAMED --add-opens=java.base/java.lang=ALL-UNNAMED --add-opens=java.base/java.lang.invoke=ALL-UNNAMED --add-opens=java.base/java.util=ALL-UNNAMED --add-opens=java.prefs/java.util.prefs=ALL-UNNAMED --add-opens=java.prefs/java.util.prefs=ALL-UNNAMED --add-opens=java.base/java.nio.charset=ALL-UNNAMED --add-opens=java.base/java.net=ALL-UNNAMED --add-opens=java.base/java.util.concurrent.atomic=ALL-UNNAMED -Xmx2048m -Dfile.encoding=windows-1252 -Duser.country=US -Duser.language=en -Duser.variant 
java_command: org.gradle.launcher.daemon.bootstrap.GradleDaemon 7.5.1
java_class_path (initial): C:\Users\Admin\.gradle\wrapper\dists\gradle-7.5.1-all\1ehga6e77gqps5uk2kc5kf1vc\gradle-7.5.1\lib\gradle-launcher-7.5.1.jar
Launcher Type: SUN_STANDARD

[Global flags]
     intx CICompilerCount                          = 12                                        {product} {ergonomic}
   size_t CompressedClassSpaceSize                 = 528482304                                 {product} {ergonomic}
     uint ConcGCThreads                            = 3                                         {product} {ergonomic}
     uint G1ConcRefinementThreads                  = 13                                        {product} {ergonomic}
   size_t G1HeapRegionSize                         = 1048576                                   {product} {ergonomic}
    uintx GCDrainStackTargetSize                   = 64                                        {product} {ergonomic}
   size_t InitialHeapSize                          = 264241152                                 {product} {ergonomic}
   size_t MarkStackSize                            = 4194304                                   {product} {ergonomic}
   size_t MaxHeapSize                              = 2147483648                                {product} {command line}
   size_t MaxMetaspaceSize                         = 536870912                                 {product} {command line}
   size_t MaxNewSize                               = 1287651328                                {product} {ergonomic}
   size_t MinHeapDeltaBytes                        = 1048576                                   {product} {ergonomic}
   size_t MinHeapSize                              = 8388608                                   {product} {ergonomic}
    uintx NonNMethodCodeHeapSize                   = 7602480                                {pd product} {ergonomic}
    uintx NonProfiledCodeHeapSize                  = 122027880                              {pd product} {ergonomic}
    uintx ProfiledCodeHeapSize                     = 122027880                              {pd product} {ergonomic}
    uintx ReservedCodeCacheSize                    = 251658240                              {pd product} {ergonomic}
     bool SegmentedCodeCache                       = true                                      {product} {ergonomic}
   size_t SoftMaxHeapSize                          = 2147483648                             {manageable} {ergonomic}
     bool UseCompressedClassPointers               = true                                 {lp64_product} {ergonomic}
     bool UseCompressedOops                        = true                                 {lp64_product} {ergonomic}
     bool UseG1GC                                  = true                                      {product} {ergonomic}
     bool UseLargePagesIndividualAllocation        = false                                  {pd product} {ergonomic}

Logging:
Log output configuration:
 #0: stdout all=warning uptime,level,tags
 #1: stderr all=off uptime,level,tags

Environment Variables:
JAVA_HOME=C:\Program Files\Java\jdk-14.0.2
CLASSPATH=C:\Users\Admin\AwesomeProject\android\\gradle\wrapper\gradle-wrapper.jar
PATH=C:\Users\Admin\AwesomeProject\android\node_modules\.bin;C:\Users\Admin\AwesomeProject\node_modules\.bin;C:\Users\Admin\node_modules\.bin;C:\Users\node_modules\.bin;C:\node_modules\.bin;C:\Program Files\nodejs;C:\Users\Admin\AwesomeProject\node_modules\.bin;C:\Users\Admin\node_modules\.bin;C:\Users\node_modules\.bin;C:\node_modules\.bin;C:\Program Files\nodejs\node_modules\npm\node_modules\@npmcli\run-script\lib\node-gyp-bin;C:\Program Files\Python310\Scripts\;C:\Program Files\Python310\;C:\Program Files\Python38\Scripts\;C:\Program Files\Python38\;C:\WINDOWS\system32;C:\WINDOWS;C:\WINDOWS\System32\Wbem;C:\WINDOWS\System32\WindowsPowerShell\v1.0\;C:\WINDOWS\System32\OpenSSH\;C:\Program Files\Microsoft SQL Server\Client SDK\ODBC\110\Tools\Binn\;C:\Program Files (x86)\Microsoft SQL Server\120\Tools\Binn\;C:\Program Files\Microsoft SQL Server\120\Tools\Binn\;C:\Program Files\Microsoft SQL Server\120\DTS\Binn\;C:\Program Files (x86)\Microsoft SQL Server\120\Tools\Binn\ManagementStudio\;C:\Program Files (x86)\Microsoft SQL Server\120\DTS\Binn\;C:\Program Files\Java\jdk-11.0.2\bin;C:\tomcat\apache-tomcat-9.0.63\bin;C:\Program Files\dotnet\;C:\Program Files\Microsoft SQL Server\150\Tools\Binn\;C:\Program Files\Microsoft SQL Server\Client SDK\ODBC\170\Tools\Binn\;C:\Program Files\nodejs\;C:\Program Files\Microsoft SQL Server\130\Tools\Binn\;C:\WINDOWS\system32;C:\WINDOWS;C:\WINDOWS\System32\Wbem;C:\WINDOWS\System32\WindowsPowerShell\v1.0\;C:\WINDOWS\System32\OpenSSH\;C:\Program Files\MongoDB\Server\5.0\bin;C:\Users\Admin\AppData\Local\Microsoft\WindowsApps;;C:\Users\Admin\.dotnet\tools;C:\Users\Admin\AppData\Roaming\npm;D:\Microsoft VS Code\bin;C:\Users\Admin\AwesomeProject\node_modules\.bin
USERNAME=Admin
OS=Windows_NT
PROCESSOR_IDENTIFIER=Intel64 Family 6 Model 141 Stepping 1, GenuineIntel



---------------  S Y S T E M  ---------------

OS: Windows 10 , 64 bit Build 22621 (10.0.22621.2070)
OS uptime: 0 days 8:16 hours
HyperV virtualization detected

CPU:total 16 (initial active 16) (8 cores per cpu, 2 threads per core) family 6 model 141 stepping 1, cmov, cx8, fxsr, mmx, sse, sse2, sse3, ssse3, sse4.1, sse4.2, popcnt, avx, avx2, aes, clmul, erms, 3dnowpref, lzcnt, ht, tsc, tscinvbit, bmi1, bmi2, adx, evex, sha, fma

Memory: 4k page, system-wide physical 16085M (4172M free)
TotalPageFile size 18133M (AvailPageFile size 7M)
current process WorkingSet (physical memory assigned to process): 227M, peak: 228M
current process commit charge ("private bytes"): 432M, peak: 434M

vm_info: Java HotSpot(TM) 64-Bit Server VM (14.0.2+12-46) for windows-amd64 JRE (14.0.2+12-46), built on Jul  9 2020 00:35:52 by "mach5one" with MS VC++ 15.9 (VS2017)

END.
