#
# There is insufficient memory for the Java Runtime Environment to continue.
# Native memory allocation (malloc) failed to allocate 32744 bytes for ChunkPool::allocate
# Possible reasons:
#   The system is out of physical RAM or swap space
#   The process is running with CompressedOops enabled, and the Java Heap may be blocking the growth of the native heap
# Possible solutions:
#   Reduce memory load on the system
#   Increase physical memory or swap space
#   Check if swap backing store is full
#   Decrease Java heap size (-Xmx/-Xms)
#   Decrease number of Java threads
#   Decrease Java thread stack sizes (-Xss)
#   Set larger code cache with -XX:ReservedCodeCacheSize=
#   JVM is running with Unscaled Compressed Oops mode in which the Java heap is
#     placed in the first 4GB address space. The Java Heap base address is the
#     maximum limit for the native heap growth. Please use -XX:HeapBaseMinAddress
#     to set the Java Heap base and to place the Java Heap above 4GB virtual address.
# This output file may be truncated or incomplete.
#
#  Out of Memory Error (./open/src/hotspot/share/memory/arena.cpp:79), pid=9268, tid=8248
#
# JRE version: Java(TM) SE Runtime Environment (14.0.2+12) (build 14.0.2+12-46)
# Java VM: Java HotSpot(TM) 64-Bit Server VM (14.0.2+12-46, mixed mode, sharing, tiered, compressed oops, g1 gc, windows-amd64)
# No core dump will be written. Minidumps are not enabled by default on client versions of Windows
#

---------------  S U M M A R Y ------------

Command Line: -Xmx64m -Xms64m -Dorg.gradle.appname=gradlew org.gradle.wrapper.GradleWrapperMain app:installDebug -PreactNativeDevServerPort=8081

Host: 11th Gen Intel(R) Core(TM) i7-11800H @ 2.30GHz, 16 cores, 15G,  Windows 10 , 64 bit Build 22621 (10.0.22621.2070)
Time: Mon Aug 14 22:44:19 2023 SE Asia Standard Time elapsed time: 28 seconds (0d 0h 0m 28s)

---------------  T H R E A D  ---------------

Current thread (0x000001357bff4000):  JavaThread "C1 CompilerThread0" daemon [_thread_in_native, id=8248, stack(0x0000000a13f00000,0x0000000a14000000)]


Current CompileTask:
C1:  28471 1703       3       java.net.URLStreamHandler::parseURL (1201 bytes)

Stack: [0x0000000a13f00000,0x0000000a14000000]
Native frames: (J=compiled Java code, j=interpreted, Vv=VM code, C=native code)
V  [jvm.dll+0x5f8a9a]
V  [jvm.dll+0x74247a]
V  [jvm.dll+0x743c2f]
V  [jvm.dll+0x744273]
V  [jvm.dll+0x20d288]
V  [jvm.dll+0xabea6]
V  [jvm.dll+0xac1fc]
V  [jvm.dll+0xf1850]
V  [jvm.dll+0x148ec0]
V  [jvm.dll+0x14342e]
V  [jvm.dll+0x12fad0]
V  [jvm.dll+0x117ac9]
V  [jvm.dll+0x1173cf]
V  [jvm.dll+0x1175ff]
V  [jvm.dll+0x116884]
V  [jvm.dll+0x1187d7]
V  [jvm.dll+0x1f4105]
V  [jvm.dll+0x1f22eb]
V  [jvm.dll+0x7070cd]
V  [jvm.dll+0x6ffeda]
V  [jvm.dll+0x5f78f6]
C  [ucrtbase.dll+0x29363]
C  [KERNEL32.DLL+0x126ad]
C  [ntdll.dll+0x5aa68]


---------------  P R O C E S S  ---------------

Threads class SMR info:
_java_thread_list=0x000001357da164e0, length=18, elements={
0x00000135784ee800, 0x000001357bfc7800, 0x000001357bfcd000, 0x000001357bfe8800,
0x000001357bfe9800, 0x000001357bfea800, 0x000001357bff3000, 0x000001357bff4000,
0x000001357c003000, 0x000001357ca5e000, 0x000001357ca5f800, 0x000001357d6d7000,
0x000001357d9ec800, 0x000001357da49800, 0x000001357ca5a000, 0x000001357d8ea800,
0x000001357eb58800, 0x000001357d7ca800
}

Java Threads: ( => current thread )
  0x00000135784ee800 JavaThread "main" [_thread_in_vm, id=4944, stack(0x0000000a13200000,0x0000000a13300000)]
  0x000001357bfc7800 JavaThread "Reference Handler" daemon [_thread_blocked, id=3956, stack(0x0000000a13900000,0x0000000a13a00000)]
  0x000001357bfcd000 JavaThread "Finalizer" daemon [_thread_blocked, id=8188, stack(0x0000000a13a00000,0x0000000a13b00000)]
  0x000001357bfe8800 JavaThread "Signal Dispatcher" daemon [_thread_blocked, id=22816, stack(0x0000000a13b00000,0x0000000a13c00000)]
  0x000001357bfe9800 JavaThread "Attach Listener" daemon [_thread_blocked, id=16376, stack(0x0000000a13c00000,0x0000000a13d00000)]
  0x000001357bfea800 JavaThread "Service Thread" daemon [_thread_blocked, id=7708, stack(0x0000000a13d00000,0x0000000a13e00000)]
  0x000001357bff3000 JavaThread "C2 CompilerThread0" daemon [_thread_in_native, id=22952, stack(0x0000000a13e00000,0x0000000a13f00000)]
=>0x000001357bff4000 JavaThread "C1 CompilerThread0" daemon [_thread_in_native, id=8248, stack(0x0000000a13f00000,0x0000000a14000000)]
  0x000001357c003000 JavaThread "Sweeper thread" daemon [_thread_blocked, id=3804, stack(0x0000000a14000000,0x0000000a14100000)]
  0x000001357ca5e000 JavaThread "Notification Thread" daemon [_thread_blocked, id=20796, stack(0x0000000a14200000,0x0000000a14300000)]
  0x000001357ca5f800 JavaThread "Common-Cleaner" daemon [_thread_blocked, id=21648, stack(0x0000000a14400000,0x0000000a14500000)]
  0x000001357d6d7000 JavaThread "pool-1-thread-1" [_thread_blocked, id=24536, stack(0x0000000a14700000,0x0000000a14800000)]
  0x000001357d9ec800 JavaThread "DisconnectableInputStream source reader" daemon [_thread_in_native, id=9324, stack(0x0000000a14900000,0x0000000a14a00000)]
  0x000001357da49800 JavaThread "Forward input" [_thread_blocked, id=3608, stack(0x0000000a14a00000,0x0000000a14b00000)]
  0x000001357ca5a000 JavaThread "C1 CompilerThread1" daemon [_thread_blocked, id=184, stack(0x0000000a14100000,0x0000000a14200000)]
  0x000001357d8ea800 JavaThread "C1 CompilerThread2" daemon [_thread_blocked, id=2804, stack(0x0000000a14e00000,0x0000000a14f00000)]
  0x000001357eb58800 JavaThread "C2 CompilerThread1" daemon [_thread_in_native, id=16260, stack(0x0000000a14f00000,0x0000000a15000000)]
  0x000001357d7ca800 JavaThread "C1 CompilerThread3" daemon [_thread_blocked, id=17220, stack(0x0000000a15000000,0x0000000a15100000)]

Other Threads:
  0x000001357bfc2800 VMThread "VM Thread" [stack: 0x0000000a13800000,0x0000000a13900000] [id=21832]
  0x000001357ca5f000 WatcherThread [stack: 0x0000000a14300000,0x0000000a14400000] [id=16184]
  0x0000013578510800 GCTaskThread "GC Thread#0" [stack: 0x0000000a13300000,0x0000000a13400000] [id=21268]
  0x000001357d3b7800 GCTaskThread "GC Thread#1" [stack: 0x0000000a14600000,0x0000000a14700000] [id=7272]
  0x000001357ca5b800 GCTaskThread "GC Thread#2" [stack: 0x0000000a14500000,0x0000000a14600000] [id=10608]
  0x000001357c9bc800 GCTaskThread "GC Thread#3" [stack: 0x0000000a14b00000,0x0000000a14c00000] [id=3700]
  0x000001357c9bd000 GCTaskThread "GC Thread#4" [stack: 0x0000000a14c00000,0x0000000a14d00000] [id=1968]
  0x000001357c9be000 GCTaskThread "GC Thread#5" [stack: 0x0000000a14d00000,0x0000000a14e00000] [id=7716]
  0x0000013578512800 ConcurrentGCThread "G1 Main Marker" [stack: 0x0000000a13400000,0x0000000a13500000] [id=14828]
  0x0000013578514000 ConcurrentGCThread "G1 Conc#0" [stack: 0x0000000a13500000,0x0000000a13600000] [id=18368]
  0x000001357be50800 ConcurrentGCThread "G1 Refine#0" [stack: 0x0000000a13600000,0x0000000a13700000] [id=1880]
  0x000001357be51000 ConcurrentGCThread "G1 Young RemSet Sampling" [stack: 0x0000000a13700000,0x0000000a13800000] [id=9320]

Threads with active compile tasks:
C2 CompilerThread0    28492 1717       4       java.lang.String::replace (42 bytes)
C1 CompilerThread0    28492 1703       3       java.net.URLStreamHandler::parseURL (1201 bytes)
C2 CompilerThread1    28493 1756   !   4       java.io.ObjectInputStream$BlockDataInputStream::readUTFSpan (502 bytes)

VM state:not at safepoint (normal execution)

VM Mutex/Monitor currently owned by a thread: None

Heap address: 0x00000000fc000000, size: 64 MB, Compressed Oops mode: 32-bit
Narrow klass base: 0x0000000800000000, Narrow klass shift: 3
Compressed class space size: 1073741824 Address: 0x0000000800b30000

Heap:
 garbage-first heap   total 65536K, used 12281K [0x00000000fc000000, 0x0000000100000000)
  region size 1024K, 5 young (5120K), 2 survivors (2048K)
 Metaspace       used 9291K, capacity 9772K, committed 9856K, reserved 1058816K
  class space    used 1228K, capacity 1332K, committed 1408K, reserved 1048576K
Heap Regions: E=young(eden), S=young(survivor), O=old, HS=humongous(starts), HC=humongous(continues), CS=collection set, F=free, OA=open archive, CA=closed archive, TAMS=top-at-mark-start (previous, next)
|   0|0x00000000fc000000, 0x00000000fc100000, 0x00000000fc100000|100%| O|  |TAMS 0x00000000fc000000, 0x00000000fc000000| Untracked 
|   1|0x00000000fc100000, 0x00000000fc200000, 0x00000000fc200000|100%| O|  |TAMS 0x00000000fc100000, 0x00000000fc100000| Untracked 
|   2|0x00000000fc200000, 0x00000000fc2d0800, 0x00000000fc300000| 81%| O|  |TAMS 0x00000000fc200000, 0x00000000fc200000| Untracked 
|   3|0x00000000fc300000, 0x00000000fc400000, 0x00000000fc400000|100%|HS|  |TAMS 0x00000000fc300000, 0x00000000fc300000| Complete 
|   4|0x00000000fc400000, 0x00000000fc500000, 0x00000000fc500000|100%|HC|  |TAMS 0x00000000fc400000, 0x00000000fc400000| Complete 
|   5|0x00000000fc500000, 0x00000000fc600000, 0x00000000fc600000|100%|HC|  |TAMS 0x00000000fc500000, 0x00000000fc500000| Complete 
|   6|0x00000000fc600000, 0x00000000fc700000, 0x00000000fc700000|100%| O|  |TAMS 0x00000000fc600000, 0x00000000fc600000| Untracked 
|   7|0x00000000fc700000, 0x00000000fc800000, 0x00000000fc800000|100%| O|  |TAMS 0x00000000fc700000, 0x00000000fc700000| Untracked 
|   8|0x00000000fc800000, 0x00000000fc900000, 0x00000000fc900000|100%| O|  |TAMS 0x00000000fc800000, 0x00000000fc800000| Untracked 
|   9|0x00000000fc900000, 0x00000000fc900000, 0x00000000fca00000|  0%| F|  |TAMS 0x00000000fc900000, 0x00000000fc900000| Untracked 
|  10|0x00000000fca00000, 0x00000000fca00000, 0x00000000fcb00000|  0%| F|  |TAMS 0x00000000fca00000, 0x00000000fca00000| Untracked 
|  11|0x00000000fcb00000, 0x00000000fcb00000, 0x00000000fcc00000|  0%| F|  |TAMS 0x00000000fcb00000, 0x00000000fcb00000| Untracked 
|  12|0x00000000fcc00000, 0x00000000fcc00000, 0x00000000fcd00000|  0%| F|  |TAMS 0x00000000fcc00000, 0x00000000fcc00000| Untracked 
|  13|0x00000000fcd00000, 0x00000000fcd00000, 0x00000000fce00000|  0%| F|  |TAMS 0x00000000fcd00000, 0x00000000fcd00000| Untracked 
|  14|0x00000000fce00000, 0x00000000fce00000, 0x00000000fcf00000|  0%| F|  |TAMS 0x00000000fce00000, 0x00000000fce00000| Untracked 
|  15|0x00000000fcf00000, 0x00000000fcf00000, 0x00000000fd000000|  0%| F|  |TAMS 0x00000000fcf00000, 0x00000000fcf00000| Untracked 
|  16|0x00000000fd000000, 0x00000000fd000000, 0x00000000fd100000|  0%| F|  |TAMS 0x00000000fd000000, 0x00000000fd000000| Untracked 
|  17|0x00000000fd100000, 0x00000000fd100000, 0x00000000fd200000|  0%| F|  |TAMS 0x00000000fd100000, 0x00000000fd100000| Untracked 
|  18|0x00000000fd200000, 0x00000000fd200000, 0x00000000fd300000|  0%| F|  |TAMS 0x00000000fd200000, 0x00000000fd200000| Untracked 
|  19|0x00000000fd300000, 0x00000000fd300000, 0x00000000fd400000|  0%| F|  |TAMS 0x00000000fd300000, 0x00000000fd300000| Untracked 
|  20|0x00000000fd400000, 0x00000000fd400000, 0x00000000fd500000|  0%| F|  |TAMS 0x00000000fd400000, 0x00000000fd400000| Untracked 
|  21|0x00000000fd500000, 0x00000000fd500000, 0x00000000fd600000|  0%| F|  |TAMS 0x00000000fd500000, 0x00000000fd500000| Untracked 
|  22|0x00000000fd600000, 0x00000000fd600000, 0x00000000fd700000|  0%| F|  |TAMS 0x00000000fd600000, 0x00000000fd600000| Untracked 
|  23|0x00000000fd700000, 0x00000000fd700000, 0x00000000fd800000|  0%| F|  |TAMS 0x00000000fd700000, 0x00000000fd700000| Untracked 
|  24|0x00000000fd800000, 0x00000000fd800000, 0x00000000fd900000|  0%| F|  |TAMS 0x00000000fd800000, 0x00000000fd800000| Untracked 
|  25|0x00000000fd900000, 0x00000000fd900000, 0x00000000fda00000|  0%| F|  |TAMS 0x00000000fd900000, 0x00000000fd900000| Untracked 
|  26|0x00000000fda00000, 0x00000000fda00000, 0x00000000fdb00000|  0%| F|  |TAMS 0x00000000fda00000, 0x00000000fda00000| Untracked 
|  27|0x00000000fdb00000, 0x00000000fdb00000, 0x00000000fdc00000|  0%| F|  |TAMS 0x00000000fdb00000, 0x00000000fdb00000| Untracked 
|  28|0x00000000fdc00000, 0x00000000fdc00000, 0x00000000fdd00000|  0%| F|  |TAMS 0x00000000fdc00000, 0x00000000fdc00000| Untracked 
|  29|0x00000000fdd00000, 0x00000000fdd00000, 0x00000000fde00000|  0%| F|  |TAMS 0x00000000fdd00000, 0x00000000fdd00000| Untracked 
|  30|0x00000000fde00000, 0x00000000fde00000, 0x00000000fdf00000|  0%| F|  |TAMS 0x00000000fde00000, 0x00000000fde00000| Untracked 
|  31|0x00000000fdf00000, 0x00000000fdf00000, 0x00000000fe000000|  0%| F|  |TAMS 0x00000000fdf00000, 0x00000000fdf00000| Untracked 
|  32|0x00000000fe000000, 0x00000000fe000000, 0x00000000fe100000|  0%| F|  |TAMS 0x00000000fe000000, 0x00000000fe000000| Untracked 
|  33|0x00000000fe100000, 0x00000000fe100000, 0x00000000fe200000|  0%| F|  |TAMS 0x00000000fe100000, 0x00000000fe100000| Untracked 
|  34|0x00000000fe200000, 0x00000000fe200000, 0x00000000fe300000|  0%| F|  |TAMS 0x00000000fe200000, 0x00000000fe200000| Untracked 
|  35|0x00000000fe300000, 0x00000000fe300000, 0x00000000fe400000|  0%| F|  |TAMS 0x00000000fe300000, 0x00000000fe300000| Untracked 
|  36|0x00000000fe400000, 0x00000000fe42dc00, 0x00000000fe500000| 17%| S|CS|TAMS 0x00000000fe400000, 0x00000000fe400000| Complete 
|  37|0x00000000fe500000, 0x00000000fe600000, 0x00000000fe600000|100%| S|CS|TAMS 0x00000000fe500000, 0x00000000fe500000| Complete 
|  38|0x00000000fe600000, 0x00000000fe600000, 0x00000000fe700000|  0%| F|  |TAMS 0x00000000fe600000, 0x00000000fe600000| Untracked 
|  39|0x00000000fe700000, 0x00000000fe700000, 0x00000000fe800000|  0%| F|  |TAMS 0x00000000fe700000, 0x00000000fe700000| Untracked 
|  40|0x00000000fe800000, 0x00000000fe800000, 0x00000000fe900000|  0%| F|  |TAMS 0x00000000fe800000, 0x00000000fe800000| Untracked 
|  41|0x00000000fe900000, 0x00000000fe900000, 0x00000000fea00000|  0%| F|  |TAMS 0x00000000fe900000, 0x00000000fe900000| Untracked 
|  42|0x00000000fea00000, 0x00000000fea00000, 0x00000000feb00000|  0%| F|  |TAMS 0x00000000fea00000, 0x00000000fea00000| Untracked 
|  43|0x00000000feb00000, 0x00000000feb00000, 0x00000000fec00000|  0%| F|  |TAMS 0x00000000feb00000, 0x00000000feb00000| Untracked 
|  44|0x00000000fec00000, 0x00000000fec00000, 0x00000000fed00000|  0%| F|  |TAMS 0x00000000fec00000, 0x00000000fec00000| Untracked 
|  45|0x00000000fed00000, 0x00000000fed00000, 0x00000000fee00000|  0%| F|  |TAMS 0x00000000fed00000, 0x00000000fed00000| Untracked 
|  46|0x00000000fee00000, 0x00000000fee00000, 0x00000000fef00000|  0%| F|  |TAMS 0x00000000fee00000, 0x00000000fee00000| Untracked 
|  47|0x00000000fef00000, 0x00000000fef00000, 0x00000000ff000000|  0%| F|  |TAMS 0x00000000fef00000, 0x00000000fef00000| Untracked 
|  48|0x00000000ff000000, 0x00000000ff000000, 0x00000000ff100000|  0%| F|  |TAMS 0x00000000ff000000, 0x00000000ff000000| Untracked 
|  49|0x00000000ff100000, 0x00000000ff100000, 0x00000000ff200000|  0%| F|  |TAMS 0x00000000ff100000, 0x00000000ff100000| Untracked 
|  50|0x00000000ff200000, 0x00000000ff200000, 0x00000000ff300000|  0%| F|  |TAMS 0x00000000ff200000, 0x00000000ff200000| Untracked 
|  51|0x00000000ff300000, 0x00000000ff300000, 0x00000000ff400000|  0%| F|  |TAMS 0x00000000ff300000, 0x00000000ff300000| Untracked 
|  52|0x00000000ff400000, 0x00000000ff400000, 0x00000000ff500000|  0%| F|  |TAMS 0x00000000ff400000, 0x00000000ff400000| Untracked 
|  53|0x00000000ff500000, 0x00000000ff500000, 0x00000000ff600000|  0%| F|  |TAMS 0x00000000ff500000, 0x00000000ff500000| Untracked 
|  54|0x00000000ff600000, 0x00000000ff600000, 0x00000000ff700000|  0%| F|  |TAMS 0x00000000ff600000, 0x00000000ff600000| Untracked 
|  55|0x00000000ff700000, 0x00000000ff700000, 0x00000000ff800000|  0%| F|  |TAMS 0x00000000ff700000, 0x00000000ff700000| Untracked 
|  56|0x00000000ff800000, 0x00000000ff800000, 0x00000000ff900000|  0%| F|  |TAMS 0x00000000ff800000, 0x00000000ff800000| Untracked 
|  57|0x00000000ff900000, 0x00000000ff900000, 0x00000000ffa00000|  0%| F|  |TAMS 0x00000000ff900000, 0x00000000ff900000| Untracked 
|  58|0x00000000ffa00000, 0x00000000ffa00000, 0x00000000ffb00000|  0%| F|  |TAMS 0x00000000ffa00000, 0x00000000ffa00000| Untracked 
|  59|0x00000000ffb00000, 0x00000000ffb00000, 0x00000000ffc00000|  0%| F|  |TAMS 0x00000000ffb00000, 0x00000000ffb00000| Untracked 
|  60|0x00000000ffc00000, 0x00000000ffc00000, 0x00000000ffd00000|  0%| F|  |TAMS 0x00000000ffc00000, 0x00000000ffc00000| Untracked 
|  61|0x00000000ffd00000, 0x00000000ffdb3320, 0x00000000ffe00000| 69%| E|  |TAMS 0x00000000ffd00000, 0x00000000ffd00000| Complete 
|  62|0x00000000ffe00000, 0x00000000fff00000, 0x00000000fff00000|100%| E|CS|TAMS 0x00000000ffe00000, 0x00000000ffe00000| Complete 
|  63|0x00000000fff00000, 0x0000000100000000, 0x0000000100000000|100%| E|CS|TAMS 0x00000000fff00000, 0x00000000fff00000| Complete 

Card table byte_map: [0x0000013576490000,0x00000135764b0000] _byte_map_base: 0x0000013575cb0000

Marking Bits (Prev, Next): (CMBitMap*) 0x0000013578511378, (CMBitMap*) 0x00000135785113b8
 Prev Bits: [0x0000013578e40000, 0x0000013578f40000)
 Next Bits: [0x0000013578f40000, 0x0000013579040000)

Polling page: 0x0000013576440000

Metaspace:

Usage:
  Non-class:      8.24 MB capacity,     7.87 MB ( 96%) used,   358.34 KB (  4%) free+waste,    18.06 KB ( <1%) overhead. 
      Class:      1.30 MB capacity,     1.20 MB ( 92%) used,    93.72 KB (  7%) free+waste,    10.13 KB ( <1%) overhead. 
       Both:      9.54 MB capacity,     9.07 MB ( 95%) used,   452.06 KB (  5%) free+waste,    28.19 KB ( <1%) overhead. 

Virtual space:
  Non-class space:       10.00 MB reserved,       8.25 MB ( 83%) committed 
      Class space:        1.00 GB reserved,       1.38 MB ( <1%) committed 
             Both:        1.01 GB reserved,       9.63 MB ( <1%) committed 

Chunk freelists:
   Non-Class:  8.00 KB
       Class:  0 bytes
        Both:  8.00 KB

MaxMetaspaceSize: 17179869184.00 GB
CompressedClassSpaceSize: 1.00 GB

CodeHeap 'non-profiled nmethods': size=119168Kb used=608Kb max_used=608Kb free=118559Kb
 bounds [0x0000013510270000, 0x00000135104e0000, 0x00000135176d0000]
CodeHeap 'profiled nmethods': size=119104Kb used=3607Kb max_used=3607Kb free=115496Kb
 bounds [0x0000013508e20000, 0x00000135091b0000, 0x0000013510270000]
CodeHeap 'non-nmethods': size=7488Kb used=2884Kb max_used=2898Kb free=4603Kb
 bounds [0x00000135086d0000, 0x00000135089b0000, 0x0000013508e20000]
 total_blobs=2216 nmethods=1769 adapters=357
 compilation: enabled
              stopped_count=0, restarted_count=0
 full_count=0

Compilation events (20 events):
Event: 28.465 Thread 0x000001357ca5a000 1712       1       java.net.UrlDeserializedState::getProtocol (5 bytes)
Event: 28.465 Thread 0x000001357ca5a000 nmethod 1712 0x0000013510306c10 code [0x0000013510306da0, 0x0000013510306e78]
Event: 28.465 Thread 0x000001357ca5a000 1713       1       java.net.UrlDeserializedState::getHashCode (5 bytes)
Event: 28.465 Thread 0x000001357ca5a000 nmethod 1713 0x0000013510306f10 code [0x00000135103070a0, 0x0000013510307178]
Event: 28.465 Thread 0x000001357ca5a000 1714       1       java.net.URL::setSerializedHashCode (6 bytes)
Event: 28.465 Thread 0x000001357ca5a000 nmethod 1714 0x0000013510307210 code [0x00000135103073a0, 0x0000013510307478]
Event: 28.465 Thread 0x000001357ca5a000 1716       3       java.lang.reflect.Constructor::newInstance (34 bytes)
Event: 28.465 Thread 0x000001357ca5a000 nmethod 1716 0x0000013509173710 code [0x00000135091738c0, 0x0000013509173b18]
Event: 28.466 Thread 0x000001357bff3000 1717       4       java.lang.String::replace (42 bytes)
Event: 28.466 Thread 0x000001357ca5a000 1721       3       java.io.ObjectInputStream$BlockDataInputStream::readUTFBody (192 bytes)
Event: 28.467 Thread 0x000001357ca5a000 nmethod 1721 0x0000013509173c10 code [0x0000013509173ea0, 0x0000013509174c58]
Event: 28.467 Thread 0x000001357ca5a000 1719       3       java.io.ObjectInputStream$BlockDataInputStream::readUTF (10 bytes)
Event: 28.467 Thread 0x000001357ca5a000 nmethod 1719 0x0000013509175090 code [0x0000013509175240, 0x00000135091753d8]
Event: 28.467 Thread 0x000001357ca5a000 1722       3       java.io.ObjectStreamClass::hasWriteObjectData (9 bytes)
Event: 28.468 Thread 0x000001357ca5a000 nmethod 1722 0x0000013509175490 code [0x0000013509175640, 0x00000135091758e8]
Event: 28.468 Thread 0x000001357ca5a000 1720       3       java.io.ObjectInputStream$BlockDataInputStream::readUnsignedShort (76 bytes)
Event: 28.468 Thread 0x000001357ca5a000 nmethod 1720 0x0000013509175a10 code [0x0000013509175be0, 0x0000013509175ef8]
Event: 28.468 Thread 0x000001357ca5a000 1723       3       java.lang.Math::min (12 bytes)
Event: 28.468 Thread 0x000001357ca5a000 nmethod 1723 0x0000013509176090 code [0x0000013509176220, 0x0000013509176358]
Event: 28.468 Thread 0x000001357ca5a000 1724       3       java.io.ObjectStreamField::getType (39 bytes)

GC Heap History (4 events):
Event: 0.603 GC heap before
{Heap before GC invocations=0 (full 0):
 garbage-first heap   total 65536K, used 28672K [0x00000000fc000000, 0x0000000100000000)
  region size 1024K, 23 young (23552K), 0 survivors (0K)
 Metaspace       used 3366K, capacity 6140K, committed 6400K, reserved 1056768K
  class space    used 418K, capacity 727K, committed 768K, reserved 1048576K
}
Event: 0.611 GC heap after
{Heap after GC invocations=1 (full 0):
 garbage-first heap   total 65536K, used 9009K [0x00000000fc000000, 0x0000000100000000)
  region size 1024K, 3 young (3072K), 3 survivors (3072K)
 Metaspace       used 3366K, capacity 6140K, committed 6400K, reserved 1056768K
  class space    used 418K, capacity 727K, committed 768K, reserved 1048576K
}
Event: 28.445 GC heap before
{Heap before GC invocations=1 (full 0):
 garbage-first heap   total 65536K, used 32561K [0x00000000fc000000, 0x0000000100000000)
  region size 1024K, 26 young (26624K), 3 survivors (3072K)
 Metaspace       used 9036K, capacity 9632K, committed 9856K, reserved 1058816K
  class space    used 1210K, capacity 1319K, committed 1408K, reserved 1048576K
}
Event: 28.448 GC heap after
{Heap after GC invocations=2 (full 0):
 garbage-first heap   total 65536K, used 10233K [0x00000000fc000000, 0x0000000100000000)
  region size 1024K, 2 young (2048K), 2 survivors (2048K)
 Metaspace       used 9036K, capacity 9632K, committed 9856K, reserved 1058816K
  class space    used 1210K, capacity 1319K, committed 1408K, reserved 1048576K
}

Deoptimization events (20 events):
Event: 0.973 Thread 0x00000135784ee800 Uncommon trap: trap_request=0xffffff45 fr.pc=0x00000135102d8144 relative=0x0000000000001b84
Event: 0.973 Thread 0x00000135784ee800 Uncommon trap: reason=unstable_if action=reinterpret pc=0x00000135102d8144 method=java.io.WinNTFileSystem.normalize(Ljava/lang/String;)Ljava/lang/String; @ 128 c2
Event: 0.973 Thread 0x00000135784ee800 DEOPT PACKING pc=0x00000135102d8144 sp=0x0000000a132fbc00
Event: 0.973 Thread 0x00000135784ee800 DEOPT UNPACKING pc=0x00000135086d852f sp=0x0000000a132fbbd8 mode 2
Event: 1.096 Thread 0x00000135784ee800 Uncommon trap: trap_request=0xffffff45 fr.pc=0x00000135102ad368 relative=0x0000000000000648
Event: 1.096 Thread 0x00000135784ee800 Uncommon trap: reason=unstable_if action=reinterpret pc=0x00000135102ad368 method=java.lang.AbstractStringBuilder.append(Ljava/lang/String;)Ljava/lang/AbstractStringBuilder; @ 1 c2
Event: 1.096 Thread 0x00000135784ee800 DEOPT PACKING pc=0x00000135102ad368 sp=0x0000000a132fc970
Event: 1.096 Thread 0x00000135784ee800 DEOPT UNPACKING pc=0x00000135086d852f sp=0x0000000a132fc8f0 mode 2
Event: 1.096 Thread 0x00000135784ee800 Uncommon trap: trap_request=0xffffff45 fr.pc=0x00000135102b0dc0 relative=0x0000000000000620
Event: 1.096 Thread 0x00000135784ee800 Uncommon trap: reason=unstable_if action=reinterpret pc=0x00000135102b0dc0 method=java.lang.AbstractStringBuilder.append(Ljava/lang/String;)Ljava/lang/AbstractStringBuilder; @ 1 c2
Event: 1.096 Thread 0x00000135784ee800 DEOPT PACKING pc=0x00000135102b0dc0 sp=0x0000000a132fc910
Event: 1.096 Thread 0x00000135784ee800 DEOPT UNPACKING pc=0x00000135086d852f sp=0x0000000a132fc8f8 mode 2
Event: 23.237 Thread 0x000001357d6d7000 Uncommon trap: trap_request=0xffffff45 fr.pc=0x00000135102f82fc relative=0x000000000000047c
Event: 23.237 Thread 0x000001357d6d7000 Uncommon trap: reason=unstable_if action=reinterpret pc=0x00000135102f82fc method=org.gradle.internal.logging.text.AbstractLineChoppingStyledTextOutput$2.execute(Lorg/gradle/internal/logging/text/AbstractLineChoppingStyledTextOutput$StateContext;)V @ 34 c
Event: 23.237 Thread 0x000001357d6d7000 DEOPT PACKING pc=0x00000135102f82fc sp=0x0000000a147feca0
Event: 23.237 Thread 0x000001357d6d7000 DEOPT UNPACKING pc=0x00000135086d852f sp=0x0000000a147feb28 mode 2
Event: 28.439 Thread 0x00000135784ee800 Uncommon trap: trap_request=0xffffff45 fr.pc=0x00000135102db828 relative=0x0000000000001588
Event: 28.439 Thread 0x00000135784ee800 Uncommon trap: reason=unstable_if action=reinterpret pc=0x00000135102db828 method=java.util.concurrent.ConcurrentHashMap.putVal(Ljava/lang/Object;Ljava/lang/Object;Z)Ljava/lang/Object; @ 231 c2
Event: 28.440 Thread 0x00000135784ee800 DEOPT PACKING pc=0x00000135102db828 sp=0x0000000a132fc140
Event: 28.440 Thread 0x00000135784ee800 DEOPT UNPACKING pc=0x00000135086d852f sp=0x0000000a132fc0c0 mode 2

Classes unloaded (0 events):
No events

Classes redefined (0 events):
No events

Internal exceptions (20 events):
Event: 0.167 Thread 0x00000135784ee800 Exception <a 'java/lang/NoSuchMethodError'{0x00000000ffb08288}: 'int java.lang.invoke.DirectMethodHandle$Holder.invokeSpecial(java.lang.Object, java.lang.Object, java.lang.Object, java.lang.Object)'> (0x00000000ffb08288) 
thrown [./open/src/hotspot/share/interpreter/linkResolver.cpp, line 766]
Event: 0.180 Thread 0x00000135784ee800 Exception <a 'java/lang/NoSuchMethodError'{0x00000000ffb3fdc8}: 'int java.lang.invoke.DirectMethodHandle$Holder.invokeSpecialIFC(java.lang.Object, java.lang.Object, int)'> (0x00000000ffb3fdc8) 
thrown [./open/src/hotspot/share/interpreter/linkResolver.cpp, line 766]
Event: 0.583 Thread 0x00000135784ee800 Implicit null exception at 0x00000135102bb065 to 0x00000135102bb51c
Event: 0.620 Thread 0x00000135784ee800 Exception <a 'java/lang/NoClassDefFoundError'{0x00000000fff34ac8}: org/slf4j/impl/StaticMarkerBinder> (0x00000000fff34ac8) 
thrown [./open/src/hotspot/share/classfile/systemDictionary.cpp, line 215]
Event: 0.632 Thread 0x00000135784ee800 Exception <a 'java/lang/NoSuchMethodError'{0x00000000ffe69978}: 'java.lang.Object java.lang.invoke.DirectMethodHandle$Holder.invokeVirtual(java.lang.Object, java.lang.Object, java.lang.Object, java.lang.Object, java.lang.Object, java.lang.Object, java.lang.Object)'> (0x00000000ffe69978) 
thrown [./open/src/hotspot/share/interpreter/linkResolver.cpp, line 766]
Event: 0.633 Thread 0x00000135784ee800 Exception <a 'java/lang/NoSuchMethodError'{0x00000000ffeb2ef8}: 'void java.lang.invoke.DirectMethodHandle$Holder.invokeSpecial(java.lang.Object, java.lang.Object, java.lang.Object, java.lang.Object)'> (0x00000000ffeb2ef8) 
thrown [./open/src/hotspot/share/interpreter/linkResolver.cpp, line 766]
Event: 0.634 Thread 0x00000135784ee800 Exception <a 'java/lang/NoSuchMethodError'{0x00000000ffeb88a8}: 'java.lang.Object java.lang.invoke.Invokers$Holder.invoker(java.lang.Object, java.lang.Object, java.lang.Object)'> (0x00000000ffeb88a8) 
thrown [./open/src/hotspot/share/interpreter/linkResolver.cpp, line 766]
Event: 0.664 Thread 0x00000135784ee800 Exception <a 'java/lang/NoSuchMethodError'{0x00000000ffec86e8}: 'void java.lang.invoke.DelegatingMethodHandle$Holder.delegate(java.lang.Object, java.lang.Object, int, java.lang.Object)'> (0x00000000ffec86e8) 
thrown [./open/src/hotspot/share/interpreter/linkResolver.cpp, line 766]
Event: 0.667 Thread 0x00000135784ee800 Exception <a 'java/lang/NoSuchMethodError'{0x00000000ffed8248}: 'java.lang.Object java.lang.invoke.Invokers$Holder.invokeExact_MT(java.lang.Object, java.lang.Object, java.lang.Object, java.lang.Object)'> (0x00000000ffed8248) 
thrown [./open/src/hotspot/share/interpreter/linkResolver.cpp, line 766]
Event: 0.785 Thread 0x00000135784ee800 Exception <a 'java/lang/NoSuchMethodError'{0x00000000ff7ff170}: 'java.lang.Object java.lang.invoke.DirectMethodHandle$Holder.invokeInterface(java.lang.Object, java.lang.Object, java.lang.Object)'> (0x00000000ff7ff170) 
thrown [./open/src/hotspot/share/interpreter/linkResolver.cpp, line 766]
Event: 0.834 Thread 0x00000135784ee800 Exception <a 'java/lang/NoSuchMethodError'{0x00000000ff49a450}: 'java.lang.Object java.lang.invoke.DirectMethodHandle$Holder.invokeStaticInit(java.lang.Object, java.lang.Object, java.lang.Object)'> (0x00000000ff49a450) 
thrown [./open/src/hotspot/share/interpreter/linkResolver.cpp, line 766]
Event: 0.940 Thread 0x00000135784ee800 Exception <a 'java/lang/NoSuchMethodError'{0x00000000fee2bfe0}: 'java.lang.Object java.lang.invoke.DirectMethodHandle$Holder.invokeStaticInit(java.lang.Object, int, int, int, int)'> (0x00000000fee2bfe0) 
thrown [./open/src/hotspot/share/interpreter/linkResolver.cpp, line 766]
Event: 0.976 Thread 0x00000135784ee800 Exception <a 'java/lang/NoSuchMethodError'{0x00000000fee4c7b0}: 'java.lang.Object java.lang.invoke.DirectMethodHandle$Holder.invokeStaticInit(java.lang.Object, java.lang.Object, int, int, int, int)'> (0x00000000fee4c7b0) 
thrown [./open/src/hotspot/share/interpreter/linkResolver.cpp, line 766]
Event: 1.096 Thread 0x00000135784ee800 Implicit null exception at 0x00000135102acd64 to 0x00000135102ad350
Event: 1.096 Thread 0x00000135784ee800 Implicit null exception at 0x00000135102b07e4 to 0x00000135102b0da8
Event: 28.449 Thread 0x00000135784ee800 Exception <a 'java/lang/NoSuchMethodError'{0x00000000fff00a60}: static Lorg/gradle/tooling/internal/provider/serialization/ClassLoaderDetails;.<clinit>()V> (0x00000000fff00a60) 
thrown [./open/src/hotspot/share/prims/jni.cpp, line 1348]
Event: 28.451 Thread 0x00000135784ee800 Exception <a 'java/lang/NoSuchMethodError'{0x00000000fff1b488}: static Lorg/gradle/internal/classloader/ClassLoaderSpec;.<clinit>()V> (0x00000000fff1b488) 
thrown [./open/src/hotspot/share/prims/jni.cpp, line 1348]
Event: 28.451 Thread 0x00000135784ee800 Exception <a 'java/lang/NoSuchMethodError'{0x00000000fff265d0}: static Lorg/gradle/tooling/internal/provider/serialization/WellKnownClassLoaderRegistry$KnownClassLoaderSpec;.<clinit>()V> (0x00000000fff265d0) 
thrown [./open/src/hotspot/share/prims/jni.cpp, line 1348]
Event: 28.453 Thread 0x00000135784ee800 Exception <a 'java/lang/NoSuchMethodError'{0x00000000fff3fea0}: static Lorg/gradle/internal/classloader/ClassLoaderSpec;.<clinit>()V> (0x00000000fff3fea0) 
thrown [./open/src/hotspot/share/prims/jni.cpp, line 1348]
Event: 28.454 Thread 0x00000135784ee800 Exception <a 'java/lang/NoSuchMethodError'{0x00000000fff4fcc0}: static Lorg/gradle/internal/classloader/VisitableURLClassLoader$Spec;.<clinit>()V> (0x00000000fff4fcc0) 
thrown [./open/src/hotspot/share/prims/jni.cpp, line 1348]

Events (20 events):
Event: 28.449 loading class java/io/ObjectStreamClass$4
Event: 28.449 loading class java/io/ObjectStreamClass$4 done
Event: 28.449 loading class java/io/ObjectStreamClass$5
Event: 28.449 loading class java/io/ObjectStreamClass$5 done
Event: 28.449 loading class java/util/function/UnaryOperator
Event: 28.450 loading class java/util/function/UnaryOperator done
Event: 28.454 loading class java/net/UrlDeserializedState
Event: 28.454 loading class java/net/UrlDeserializedState done
Event: 28.454 loading class jdk/internal/reflect/UnsafeQualifiedStaticObjectFieldAccessorImpl
Event: 28.454 loading class jdk/internal/reflect/UnsafeQualifiedStaticObjectFieldAccessorImpl done
Event: 28.455 loading class java/net/Proxy
Event: 28.455 loading class java/net/Proxy done
Event: 28.455 Executing VM operation: BulkRevokeBias
Event: 28.455 Executing VM operation: BulkRevokeBias done
Event: 28.456 loading class java/io/ObjectInputStream$GetFieldImpl
Event: 28.456 loading class java/io/ObjectInputStream$GetField
Event: 28.456 loading class java/io/ObjectInputStream$GetField done
Event: 28.456 loading class java/io/ObjectInputStream$GetFieldImpl done
Event: 28.465 loading class java/io/ObjectStreamClass$ExceptionInfo
Event: 28.465 loading class java/io/ObjectStreamClass$ExceptionInfo done


Dynamic libraries:
0x00007ff7925d0000 - 0x00007ff7925df000 	C:\Program Files\Java\jdk-14.0.2\bin\java.exe
0x00007ff8ca630000 - 0x00007ff8ca844000 	C:\WINDOWS\SYSTEM32\ntdll.dll
0x00007ff8c8c10000 - 0x00007ff8c8cd4000 	C:\WINDOWS\System32\KERNEL32.DLL
0x00007ff8c7cf0000 - 0x00007ff8c8094000 	C:\WINDOWS\System32\KERNELBASE.dll
0x00007ff8c7ab0000 - 0x00007ff8c7bc1000 	C:\WINDOWS\System32\ucrtbase.dll
0x00007ff859760000 - 0x00007ff859775000 	C:\Program Files\Java\jdk-14.0.2\bin\VCRUNTIME140.dll
0x00007ff859740000 - 0x00007ff859758000 	C:\Program Files\Java\jdk-14.0.2\bin\jli.dll
0x00007ff8c8e10000 - 0x00007ff8c8ec0000 	C:\WINDOWS\System32\ADVAPI32.dll
0x00007ff8ca500000 - 0x00007ff8ca5a7000 	C:\WINDOWS\System32\msvcrt.dll
0x00007ff8c8ce0000 - 0x00007ff8c8d86000 	C:\WINDOWS\System32\sechost.dll
0x00007ff8c9530000 - 0x00007ff8c9647000 	C:\WINDOWS\System32\RPCRT4.dll
0x00007ff8c87e0000 - 0x00007ff8c898a000 	C:\WINDOWS\System32\USER32.dll
0x00007ff8a0f00000 - 0x00007ff8a118f000 	C:\WINDOWS\WinSxS\amd64_microsoft.windows.common-controls_6595b64144ccf1df_6.0.22621.2070_none_2713e6537381f706\COMCTL32.dll
0x00007ff8c7cc0000 - 0x00007ff8c7ce6000 	C:\WINDOWS\System32\win32u.dll
0x00007ff8c8a00000 - 0x00007ff8c8a29000 	C:\WINDOWS\System32\GDI32.dll
0x00007ff8c82d0000 - 0x00007ff8c83e9000 	C:\WINDOWS\System32\gdi32full.dll
0x00007ff8c7a10000 - 0x00007ff8c7aaa000 	C:\WINDOWS\System32\msvcp_win.dll
0x00007ff8c1260000 - 0x00007ff8c126a000 	C:\WINDOWS\SYSTEM32\VERSION.dll
0x00007ff8ca5b0000 - 0x00007ff8ca5e1000 	C:\WINDOWS\System32\IMM32.DLL
0x00007ff8596a0000 - 0x00007ff85973b000 	C:\Program Files\Java\jdk-14.0.2\bin\msvcp140.dll
0x00007ff858b80000 - 0x00007ff85969e000 	C:\Program Files\Java\jdk-14.0.2\bin\server\jvm.dll
0x00007ff8ca2d0000 - 0x00007ff8ca2d8000 	C:\WINDOWS\System32\PSAPI.DLL
0x00007ff88e910000 - 0x00007ff88e919000 	C:\WINDOWS\SYSTEM32\WSOCK32.dll
0x00007ff8c0ce0000 - 0x00007ff8c0d14000 	C:\WINDOWS\SYSTEM32\WINMM.dll
0x00007ff8c8b80000 - 0x00007ff8c8bf1000 	C:\WINDOWS\System32\WS2_32.dll
0x00007ff8c6a30000 - 0x00007ff8c6a48000 	C:\WINDOWS\SYSTEM32\kernel.appcore.dll
0x00007ff88c570000 - 0x00007ff88c57a000 	C:\Program Files\Java\jdk-14.0.2\bin\jimage.dll
0x00007ff8c53c0000 - 0x00007ff8c55ee000 	C:\WINDOWS\SYSTEM32\DBGHELP.DLL
0x00007ff8c8450000 - 0x00007ff8c87da000 	C:\WINDOWS\System32\combase.dll
0x00007ff8c9350000 - 0x00007ff8c9427000 	C:\WINDOWS\System32\OLEAUT32.dll
0x00007ff8afff0000 - 0x00007ff8b0022000 	C:\WINDOWS\SYSTEM32\dbgcore.DLL
0x00007ff8c7bd0000 - 0x00007ff8c7c4a000 	C:\WINDOWS\System32\bcryptPrimitives.dll
0x00007ff858b50000 - 0x00007ff858b75000 	C:\Program Files\Java\jdk-14.0.2\bin\java.dll
0x00007ff858b30000 - 0x00007ff858b46000 	C:\Program Files\Java\jdk-14.0.2\bin\zip.dll
0x00007ff8c9ab0000 - 0x00007ff8ca2c6000 	C:\WINDOWS\System32\SHELL32.dll
0x00007ff8c5990000 - 0x00007ff8c627a000 	C:\WINDOWS\SYSTEM32\windows.storage.dll
0x00007ff8c5850000 - 0x00007ff8c598e000 	C:\WINDOWS\SYSTEM32\wintypes.dll
0x00007ff8c9700000 - 0x00007ff8c97f3000 	C:\WINDOWS\System32\SHCORE.dll
0x00007ff8ca300000 - 0x00007ff8ca35e000 	C:\WINDOWS\System32\shlwapi.dll
0x00007ff8c7940000 - 0x00007ff8c7966000 	C:\WINDOWS\SYSTEM32\profapi.dll
0x00007ff858b10000 - 0x00007ff858b29000 	C:\Program Files\Java\jdk-14.0.2\bin\net.dll
0x00007ff8c0fe0000 - 0x00007ff8c1117000 	C:\WINDOWS\SYSTEM32\WINHTTP.dll
0x00007ff8c6f80000 - 0x00007ff8c6fe9000 	C:\WINDOWS\system32\mswsock.dll
0x00007ff858af0000 - 0x00007ff858b02000 	C:\Program Files\Java\jdk-14.0.2\bin\nio.dll
0x00007ff8c1f20000 - 0x00007ff8c1f30000 	C:\Program Files\Java\jdk-14.0.2\bin\verify.dll
0x00007ff861150000 - 0x00007ff861177000 	C:\Users\Admin\.gradle\native\e1d6ef7f7dcc3fd88c89a11ec53ec762bb8ba0a96d01ffa2cd45eb1d1d8dd5c5\windows-amd64\native-platform.dll
0x00007ff890a40000 - 0x00007ff890a4a000 	C:\Users\Admin\.gradle\native\jansi\1.18\windows64\jansi.dll
0x00007ff88ae60000 - 0x00007ff88ae69000 	C:\Program Files\Java\jdk-14.0.2\bin\management.dll
0x00007ff88ade0000 - 0x00007ff88adeb000 	C:\Program Files\Java\jdk-14.0.2\bin\management_ext.dll
0x00007ff8c71a0000 - 0x00007ff8c71bb000 	C:\WINDOWS\SYSTEM32\CRYPTSP.dll
0x00007ff8c69f0000 - 0x00007ff8c6a25000 	C:\WINDOWS\system32\rsaenh.dll
0x00007ff8c7040000 - 0x00007ff8c706c000 	C:\WINDOWS\SYSTEM32\USERENV.dll
0x00007ff8c73b0000 - 0x00007ff8c73d8000 	C:\WINDOWS\SYSTEM32\bcrypt.dll
0x00007ff8c71c0000 - 0x00007ff8c71cc000 	C:\WINDOWS\SYSTEM32\CRYPTBASE.dll
0x00007ff8c64e0000 - 0x00007ff8c650d000 	C:\WINDOWS\SYSTEM32\IPHLPAPI.DLL
0x00007ff8c8ec0000 - 0x00007ff8c8ec9000 	C:\WINDOWS\System32\NSI.dll
0x00007ff8c1270000 - 0x00007ff8c1289000 	C:\WINDOWS\SYSTEM32\dhcpcsvc6.DLL
0x00007ff8c0d20000 - 0x00007ff8c0d3f000 	C:\WINDOWS\SYSTEM32\dhcpcsvc.DLL
0x00007ff8c6550000 - 0x00007ff8c6643000 	C:\WINDOWS\SYSTEM32\DNSAPI.dll

dbghelp: loaded successfully - version: 4.0.5 - missing functions: none
symbol engine: initialized successfully - sym options: 0x614 - pdb path: .;C:\Program Files\Java\jdk-14.0.2\bin;C:\WINDOWS\SYSTEM32;C:\WINDOWS\WinSxS\amd64_microsoft.windows.common-controls_6595b64144ccf1df_6.0.22621.2070_none_2713e6537381f706;C:\Program Files\Java\jdk-14.0.2\bin\server;C:\Users\Admin\.gradle\native\e1d6ef7f7dcc3fd88c89a11ec53ec762bb8ba0a96d01ffa2cd45eb1d1d8dd5c5\windows-amd64;C:\Users\Admin\.gradle\native\jansi\1.18\windows64

VM Arguments:
jvm_args: -Xmx64m -Xms64m -Dorg.gradle.appname=gradlew 
java_command: org.gradle.wrapper.GradleWrapperMain app:installDebug -PreactNativeDevServerPort=8081
java_class_path (initial): C:\Users\Admin\AwesomeProject\android\\gradle\wrapper\gradle-wrapper.jar
Launcher Type: SUN_STANDARD

[Global flags]
     intx CICompilerCount                          = 12                                        {product} {ergonomic}
     uint ConcGCThreads                            = 3                                         {product} {ergonomic}
     uint G1ConcRefinementThreads                  = 13                                        {product} {ergonomic}
   size_t G1HeapRegionSize                         = 1048576                                   {product} {ergonomic}
    uintx GCDrainStackTargetSize                   = 64                                        {product} {ergonomic}
   size_t InitialHeapSize                          = 67108864                                  {product} {command line}
   size_t MarkStackSize                            = 4194304                                   {product} {ergonomic}
   size_t MaxHeapSize                              = 67108864                                  {product} {command line}
   size_t MaxNewSize                               = 39845888                                  {product} {ergonomic}
   size_t MinHeapDeltaBytes                        = 1048576                                   {product} {ergonomic}
   size_t MinHeapSize                              = 67108864                                  {product} {command line}
    uintx NonNMethodCodeHeapSize                   = 7602480                                {pd product} {ergonomic}
    uintx NonProfiledCodeHeapSize                  = 122027880                              {pd product} {ergonomic}
    uintx ProfiledCodeHeapSize                     = 122027880                              {pd product} {ergonomic}
    uintx ReservedCodeCacheSize                    = 251658240                              {pd product} {ergonomic}
     bool SegmentedCodeCache                       = true                                      {product} {ergonomic}
   size_t SoftMaxHeapSize                          = 67108864                               {manageable} {ergonomic}
     bool UseCompressedClassPointers               = true                                 {lp64_product} {ergonomic}
     bool UseCompressedOops                        = true                                 {lp64_product} {ergonomic}
     bool UseG1GC                                  = true                                      {product} {ergonomic}
     bool UseLargePagesIndividualAllocation        = false                                  {pd product} {ergonomic}

Logging:
Log output configuration:
 #0: stdout all=warning uptime,level,tags
 #1: stderr all=off uptime,level,tags

Environment Variables:
JAVA_HOME=C:\Program Files\Java\jdk-14.0.2
CLASSPATH=C:\Users\Admin\AwesomeProject\android\\gradle\wrapper\gradle-wrapper.jar
PATH=C:\Users\Admin\AwesomeProject\android\node_modules\.bin;C:\Users\Admin\AwesomeProject\node_modules\.bin;C:\Users\Admin\node_modules\.bin;C:\Users\node_modules\.bin;C:\node_modules\.bin;C:\Program Files\nodejs;C:\Users\Admin\AwesomeProject\node_modules\.bin;C:\Users\Admin\node_modules\.bin;C:\Users\node_modules\.bin;C:\node_modules\.bin;C:\Program Files\nodejs\node_modules\npm\node_modules\@npmcli\run-script\lib\node-gyp-bin;C:\Program Files\Python310\Scripts\;C:\Program Files\Python310\;C:\Program Files\Python38\Scripts\;C:\Program Files\Python38\;C:\WINDOWS\system32;C:\WINDOWS;C:\WINDOWS\System32\Wbem;C:\WINDOWS\System32\WindowsPowerShell\v1.0\;C:\WINDOWS\System32\OpenSSH\;C:\Program Files\Microsoft SQL Server\Client SDK\ODBC\110\Tools\Binn\;C:\Program Files (x86)\Microsoft SQL Server\120\Tools\Binn\;C:\Program Files\Microsoft SQL Server\120\Tools\Binn\;C:\Program Files\Microsoft SQL Server\120\DTS\Binn\;C:\Program Files (x86)\Microsoft SQL Server\120\Tools\Binn\ManagementStudio\;C:\Program Files (x86)\Microsoft SQL Server\120\DTS\Binn\;C:\Program Files\Java\jdk-11.0.2\bin;C:\tomcat\apache-tomcat-9.0.63\bin;C:\Program Files\dotnet\;C:\Program Files\Microsoft SQL Server\150\Tools\Binn\;C:\Program Files\Microsoft SQL Server\Client SDK\ODBC\170\Tools\Binn\;C:\Program Files\nodejs\;C:\Program Files\Microsoft SQL Server\130\Tools\Binn\;C:\WINDOWS\system32;C:\WINDOWS;C:\WINDOWS\System32\Wbem;C:\WINDOWS\System32\WindowsPowerShell\v1.0\;C:\WINDOWS\System32\OpenSSH\;C:\Program Files\MongoDB\Server\5.0\bin;C:\Users\Admin\AppData\Local\Microsoft\WindowsApps;;C:\Users\Admin\AppData\Local\Programs\Microsoft VS Code\bin;C:\Users\Admin\.dotnet\tools;C:\Users\Admin\AppData\Roaming\npm;C:\Users\Admin\AwesomeProject\node_modules\.bin
USERNAME=Admin
OS=Windows_NT
PROCESSOR_IDENTIFIER=Intel64 Family 6 Model 141 Stepping 1, GenuineIntel



---------------  S Y S T E M  ---------------

OS: Windows 10 , 64 bit Build 22621 (10.0.22621.2070)
OS uptime: 0 days 12:00 hours
HyperV virtualization detected

CPU:total 16 (initial active 16) (8 cores per cpu, 2 threads per core) family 6 model 141 stepping 1, cmov, cx8, fxsr, mmx, sse, sse2, sse3, ssse3, sse4.1, sse4.2, popcnt, avx, avx2, aes, clmul, erms, 3dnowpref, lzcnt, ht, tsc, tscinvbit, bmi1, bmi2, adx, evex, sha, fma

Memory: 4k page, system-wide physical 16085M (1927M free)
TotalPageFile size 18133M (AvailPageFile size 17M)
current process WorkingSet (physical memory assigned to process): 98M, peak: 98M
current process commit charge ("private bytes"): 180M, peak: 180M

vm_info: Java HotSpot(TM) 64-Bit Server VM (14.0.2+12-46) for windows-amd64 JRE (14.0.2+12-46), built on Jul  9 2020 00:35:52 by "mach5one" with MS VC++ 15.9 (VS2017)

END.
