#
# There is insufficient memory for the Java Runtime Environment to continue.
# Native memory allocation (malloc) failed to allocate 180816 bytes for Chunk::new
# Possible reasons:
#   The system is out of physical RAM or swap space
#   The process is running with CompressedOops enabled, and the Java Heap may be blocking the growth of the native heap
# Possible solutions:
#   Reduce memory load on the system
#   Increase physical memory or swap space
#   Check if swap backing store is full
#   Decrease Java heap size (-Xmx/-Xms)
#   Decrease number of Java threads
#   Decrease Java thread stack sizes (-Xss)
#   Set larger code cache with -XX:ReservedCodeCacheSize=
#   JVM is running with Unscaled Compressed Oops mode in which the Java heap is
#     placed in the first 4GB address space. The Java Heap base address is the
#     maximum limit for the native heap growth. Please use -XX:HeapBaseMinAddress
#     to set the Java Heap base and to place the Java Heap above 4GB virtual address.
# This output file may be truncated or incomplete.
#
#  Out of Memory Error (./open/src/hotspot/share/memory/arena.cpp:195), pid=21960, tid=6452
#
# JRE version: Java(TM) SE Runtime Environment (14.0.2+12) (build 14.0.2+12-46)
# Java VM: Java HotSpot(TM) 64-Bit Server VM (14.0.2+12-46, mixed mode, sharing, tiered, compressed oops, g1 gc, windows-amd64)
# No core dump will be written. Minidumps are not enabled by default on client versions of Windows
#

---------------  S U M M A R Y ------------

Command Line: -Xmx64m -Xms64m -Dorg.gradle.appname=gradlew org.gradle.wrapper.GradleWrapperMain app:installDebug -PreactNativeDevServerPort=8081

Host: 11th Gen Intel(R) Core(TM) i7-11800H @ 2.30GHz, 16 cores, 15G,  Windows 10 , 64 bit Build 22621 (10.0.22621.1928)
Time: Wed Aug  2 10:51:58 2023 SE Asia Standard Time elapsed time: 0 seconds (0d 0h 0m 0s)

---------------  T H R E A D  ---------------

Current thread (0x00000236aa094000):  JavaThread "C2 CompilerThread0" daemon [_thread_in_native, id=6452, stack(0x000000c71a300000,0x000000c71a400000)]


Current CompileTask:
C2:    204  463       4       java.io.File::<init> (78 bytes)

Stack: [0x000000c71a300000,0x000000c71a400000]
Native frames: (J=compiled Java code, j=interpreted, Vv=VM code, C=native code)
V  [jvm.dll+0x5f8a9a]
V  [jvm.dll+0x74247a]
V  [jvm.dll+0x743c2f]
V  [jvm.dll+0x744273]
V  [jvm.dll+0x20d288]
V  [jvm.dll+0xabb07]
V  [jvm.dll+0xac1fc]
V  [jvm.dll+0x276db4]
V  [jvm.dll+0x50cffa]
V  [jvm.dll+0x1ee1da]
V  [jvm.dll+0x1e7cfb]
V  [jvm.dll+0x1e4f98]
V  [jvm.dll+0x1779cc]
V  [jvm.dll+0x1f4105]
V  [jvm.dll+0x1f22eb]
V  [jvm.dll+0x7070cd]
V  [jvm.dll+0x6ffeda]
V  [jvm.dll+0x5f78f6]
C  [ucrtbase.dll+0x29363]
C  [KERNEL32.DLL+0x126ad]
C  [ntdll.dll+0x5aa68]


---------------  P R O C E S S  ---------------

Threads class SMR info:
_java_thread_list=0x00000236aad84500, length=13, elements={
0x000002368cdfb800, 0x00000236aa070800, 0x00000236aa073800, 0x00000236aa08e800,
0x00000236aa090000, 0x00000236aa091000, 0x00000236aa094000, 0x00000236aa096800,
0x00000236aa099800, 0x00000236aaad1800, 0x00000236aab04000, 0x00000236aab02800,
0x00000236aad70800
}

Java Threads: ( => current thread )
  0x000002368cdfb800 JavaThread "main" [_thread_in_native, id=20912, stack(0x000000c719700000,0x000000c719800000)]
  0x00000236aa070800 JavaThread "Reference Handler" daemon [_thread_blocked, id=18312, stack(0x000000c719e00000,0x000000c719f00000)]
  0x00000236aa073800 JavaThread "Finalizer" daemon [_thread_blocked, id=20672, stack(0x000000c719f00000,0x000000c71a000000)]
  0x00000236aa08e800 JavaThread "Signal Dispatcher" daemon [_thread_blocked, id=15512, stack(0x000000c71a000000,0x000000c71a100000)]
  0x00000236aa090000 JavaThread "Attach Listener" daemon [_thread_blocked, id=21804, stack(0x000000c71a100000,0x000000c71a200000)]
  0x00000236aa091000 JavaThread "Service Thread" daemon [_thread_blocked, id=2236, stack(0x000000c71a200000,0x000000c71a300000)]
=>0x00000236aa094000 JavaThread "C2 CompilerThread0" daemon [_thread_in_native, id=6452, stack(0x000000c71a300000,0x000000c71a400000)]
  0x00000236aa096800 JavaThread "C1 CompilerThread0" daemon [_thread_blocked, id=7160, stack(0x000000c71a400000,0x000000c71a500000)]
  0x00000236aa099800 JavaThread "Sweeper thread" daemon [_thread_blocked, id=21956, stack(0x000000c71a500000,0x000000c71a600000)]
  0x00000236aaad1800 JavaThread "C1 CompilerThread1" daemon [_thread_blocked, id=16728, stack(0x000000c71a600000,0x000000c71a700000)]
  0x00000236aab04000 JavaThread "Notification Thread" daemon [_thread_blocked, id=6704, stack(0x000000c71a700000,0x000000c71a800000)]
  0x00000236aab02800 JavaThread "Common-Cleaner" daemon [_thread_blocked, id=13288, stack(0x000000c71a900000,0x000000c71aa00000)]
  0x00000236aad70800 JavaThread "C2 CompilerThread1" daemon [_thread_blocked, id=14544, stack(0x000000c71aa00000,0x000000c71ab00000)]

Other Threads:
  0x00000236aa06b800 VMThread "VM Thread" [stack: 0x000000c719d00000,0x000000c719e00000] [id=8756]
  0x00000236aaaf0000 WatcherThread [stack: 0x000000c71a800000,0x000000c71a900000] [id=9268]
  0x000002368cf92800 GCTaskThread "GC Thread#0" [stack: 0x000000c719800000,0x000000c719900000] [id=11524]
  0x000002368cf95800 ConcurrentGCThread "G1 Main Marker" [stack: 0x000000c719900000,0x000000c719a00000] [id=14388]
  0x000002368cf97000 ConcurrentGCThread "G1 Conc#0" [stack: 0x000000c719a00000,0x000000c719b00000] [id=8548]
  0x000002368d03b000 ConcurrentGCThread "G1 Refine#0" [stack: 0x000000c719b00000,0x000000c719c00000] [id=16080]
  0x000002368d03d000 ConcurrentGCThread "G1 Young RemSet Sampling" [stack: 0x000000c719c00000,0x000000c719d00000] [id=11648]

Threads with active compile tasks:
C2 CompilerThread0      222  463       4       java.io.File::<init> (78 bytes)

VM state:not at safepoint (normal execution)

VM Mutex/Monitor currently owned by a thread: None

Heap address: 0x00000000fc000000, size: 64 MB, Compressed Oops mode: 32-bit
Narrow klass base: 0x0000000800000000, Narrow klass shift: 3
Compressed class space size: 1073741824 Address: 0x0000000800b30000

Heap:
 garbage-first heap   total 65536K, used 13312K [0x00000000fc000000, 0x0000000100000000)
  region size 1024K, 11 young (11264K), 0 survivors (0K)
 Metaspace       used 1544K, capacity 4955K, committed 5120K, reserved 1056768K
  class space    used 148K, capacity 480K, committed 512K, reserved 1048576K
Heap Regions: E=young(eden), S=young(survivor), O=old, HS=humongous(starts), HC=humongous(continues), CS=collection set, F=free, OA=open archive, CA=closed archive, TAMS=top-at-mark-start (previous, next)
|   0|0x00000000fc000000, 0x00000000fc100000, 0x00000000fc100000|100%|HS|  |TAMS 0x00000000fc000000, 0x00000000fc000000| Complete 
|   1|0x00000000fc100000, 0x00000000fc200000, 0x00000000fc200000|100%|HC|  |TAMS 0x00000000fc100000, 0x00000000fc100000| Complete 
|   2|0x00000000fc200000, 0x00000000fc300000, 0x00000000fc300000|100%|HC|  |TAMS 0x00000000fc200000, 0x00000000fc200000| Complete 
|   3|0x00000000fc300000, 0x00000000fc300000, 0x00000000fc400000|  0%| F|  |TAMS 0x00000000fc300000, 0x00000000fc300000| Untracked 
|   4|0x00000000fc400000, 0x00000000fc400000, 0x00000000fc500000|  0%| F|  |TAMS 0x00000000fc400000, 0x00000000fc400000| Untracked 
|   5|0x00000000fc500000, 0x00000000fc500000, 0x00000000fc600000|  0%| F|  |TAMS 0x00000000fc500000, 0x00000000fc500000| Untracked 
|   6|0x00000000fc600000, 0x00000000fc600000, 0x00000000fc700000|  0%| F|  |TAMS 0x00000000fc600000, 0x00000000fc600000| Untracked 
|   7|0x00000000fc700000, 0x00000000fc700000, 0x00000000fc800000|  0%| F|  |TAMS 0x00000000fc700000, 0x00000000fc700000| Untracked 
|   8|0x00000000fc800000, 0x00000000fc800000, 0x00000000fc900000|  0%| F|  |TAMS 0x00000000fc800000, 0x00000000fc800000| Untracked 
|   9|0x00000000fc900000, 0x00000000fc900000, 0x00000000fca00000|  0%| F|  |TAMS 0x00000000fc900000, 0x00000000fc900000| Untracked 
|  10|0x00000000fca00000, 0x00000000fca00000, 0x00000000fcb00000|  0%| F|  |TAMS 0x00000000fca00000, 0x00000000fca00000| Untracked 
|  11|0x00000000fcb00000, 0x00000000fcb00000, 0x00000000fcc00000|  0%| F|  |TAMS 0x00000000fcb00000, 0x00000000fcb00000| Untracked 
|  12|0x00000000fcc00000, 0x00000000fcc00000, 0x00000000fcd00000|  0%| F|  |TAMS 0x00000000fcc00000, 0x00000000fcc00000| Untracked 
|  13|0x00000000fcd00000, 0x00000000fcd00000, 0x00000000fce00000|  0%| F|  |TAMS 0x00000000fcd00000, 0x00000000fcd00000| Untracked 
|  14|0x00000000fce00000, 0x00000000fce00000, 0x00000000fcf00000|  0%| F|  |TAMS 0x00000000fce00000, 0x00000000fce00000| Untracked 
|  15|0x00000000fcf00000, 0x00000000fcf00000, 0x00000000fd000000|  0%| F|  |TAMS 0x00000000fcf00000, 0x00000000fcf00000| Untracked 
|  16|0x00000000fd000000, 0x00000000fd000000, 0x00000000fd100000|  0%| F|  |TAMS 0x00000000fd000000, 0x00000000fd000000| Untracked 
|  17|0x00000000fd100000, 0x00000000fd100000, 0x00000000fd200000|  0%| F|  |TAMS 0x00000000fd100000, 0x00000000fd100000| Untracked 
|  18|0x00000000fd200000, 0x00000000fd200000, 0x00000000fd300000|  0%| F|  |TAMS 0x00000000fd200000, 0x00000000fd200000| Untracked 
|  19|0x00000000fd300000, 0x00000000fd300000, 0x00000000fd400000|  0%| F|  |TAMS 0x00000000fd300000, 0x00000000fd300000| Untracked 
|  20|0x00000000fd400000, 0x00000000fd400000, 0x00000000fd500000|  0%| F|  |TAMS 0x00000000fd400000, 0x00000000fd400000| Untracked 
|  21|0x00000000fd500000, 0x00000000fd500000, 0x00000000fd600000|  0%| F|  |TAMS 0x00000000fd500000, 0x00000000fd500000| Untracked 
|  22|0x00000000fd600000, 0x00000000fd600000, 0x00000000fd700000|  0%| F|  |TAMS 0x00000000fd600000, 0x00000000fd600000| Untracked 
|  23|0x00000000fd700000, 0x00000000fd700000, 0x00000000fd800000|  0%| F|  |TAMS 0x00000000fd700000, 0x00000000fd700000| Untracked 
|  24|0x00000000fd800000, 0x00000000fd800000, 0x00000000fd900000|  0%| F|  |TAMS 0x00000000fd800000, 0x00000000fd800000| Untracked 
|  25|0x00000000fd900000, 0x00000000fd900000, 0x00000000fda00000|  0%| F|  |TAMS 0x00000000fd900000, 0x00000000fd900000| Untracked 
|  26|0x00000000fda00000, 0x00000000fda00000, 0x00000000fdb00000|  0%| F|  |TAMS 0x00000000fda00000, 0x00000000fda00000| Untracked 
|  27|0x00000000fdb00000, 0x00000000fdb00000, 0x00000000fdc00000|  0%| F|  |TAMS 0x00000000fdb00000, 0x00000000fdb00000| Untracked 
|  28|0x00000000fdc00000, 0x00000000fdc00000, 0x00000000fdd00000|  0%| F|  |TAMS 0x00000000fdc00000, 0x00000000fdc00000| Untracked 
|  29|0x00000000fdd00000, 0x00000000fdd00000, 0x00000000fde00000|  0%| F|  |TAMS 0x00000000fdd00000, 0x00000000fdd00000| Untracked 
|  30|0x00000000fde00000, 0x00000000fde00000, 0x00000000fdf00000|  0%| F|  |TAMS 0x00000000fde00000, 0x00000000fde00000| Untracked 
|  31|0x00000000fdf00000, 0x00000000fdf00000, 0x00000000fe000000|  0%| F|  |TAMS 0x00000000fdf00000, 0x00000000fdf00000| Untracked 
|  32|0x00000000fe000000, 0x00000000fe000000, 0x00000000fe100000|  0%| F|  |TAMS 0x00000000fe000000, 0x00000000fe000000| Untracked 
|  33|0x00000000fe100000, 0x00000000fe100000, 0x00000000fe200000|  0%| F|  |TAMS 0x00000000fe100000, 0x00000000fe100000| Untracked 
|  34|0x00000000fe200000, 0x00000000fe200000, 0x00000000fe300000|  0%| F|  |TAMS 0x00000000fe200000, 0x00000000fe200000| Untracked 
|  35|0x00000000fe300000, 0x00000000fe300000, 0x00000000fe400000|  0%| F|  |TAMS 0x00000000fe300000, 0x00000000fe300000| Untracked 
|  36|0x00000000fe400000, 0x00000000fe400000, 0x00000000fe500000|  0%| F|  |TAMS 0x00000000fe400000, 0x00000000fe400000| Untracked 
|  37|0x00000000fe500000, 0x00000000fe500000, 0x00000000fe600000|  0%| F|  |TAMS 0x00000000fe500000, 0x00000000fe500000| Untracked 
|  38|0x00000000fe600000, 0x00000000fe600000, 0x00000000fe700000|  0%| F|  |TAMS 0x00000000fe600000, 0x00000000fe600000| Untracked 
|  39|0x00000000fe700000, 0x00000000fe700000, 0x00000000fe800000|  0%| F|  |TAMS 0x00000000fe700000, 0x00000000fe700000| Untracked 
|  40|0x00000000fe800000, 0x00000000fe800000, 0x00000000fe900000|  0%| F|  |TAMS 0x00000000fe800000, 0x00000000fe800000| Untracked 
|  41|0x00000000fe900000, 0x00000000fe900000, 0x00000000fea00000|  0%| F|  |TAMS 0x00000000fe900000, 0x00000000fe900000| Untracked 
|  42|0x00000000fea00000, 0x00000000fea00000, 0x00000000feb00000|  0%| F|  |TAMS 0x00000000fea00000, 0x00000000fea00000| Untracked 
|  43|0x00000000feb00000, 0x00000000feb00000, 0x00000000fec00000|  0%| F|  |TAMS 0x00000000feb00000, 0x00000000feb00000| Untracked 
|  44|0x00000000fec00000, 0x00000000fec00000, 0x00000000fed00000|  0%| F|  |TAMS 0x00000000fec00000, 0x00000000fec00000| Untracked 
|  45|0x00000000fed00000, 0x00000000fed00000, 0x00000000fee00000|  0%| F|  |TAMS 0x00000000fed00000, 0x00000000fed00000| Untracked 
|  46|0x00000000fee00000, 0x00000000fee00000, 0x00000000fef00000|  0%| F|  |TAMS 0x00000000fee00000, 0x00000000fee00000| Untracked 
|  47|0x00000000fef00000, 0x00000000fef00000, 0x00000000ff000000|  0%| F|  |TAMS 0x00000000fef00000, 0x00000000fef00000| Untracked 
|  48|0x00000000ff000000, 0x00000000ff000000, 0x00000000ff100000|  0%| F|  |TAMS 0x00000000ff000000, 0x00000000ff000000| Untracked 
|  49|0x00000000ff100000, 0x00000000ff100000, 0x00000000ff200000|  0%| F|  |TAMS 0x00000000ff100000, 0x00000000ff100000| Untracked 
|  50|0x00000000ff200000, 0x00000000ff200000, 0x00000000ff300000|  0%| F|  |TAMS 0x00000000ff200000, 0x00000000ff200000| Untracked 
|  51|0x00000000ff300000, 0x00000000ff300000, 0x00000000ff400000|  0%| F|  |TAMS 0x00000000ff300000, 0x00000000ff300000| Untracked 
|  52|0x00000000ff400000, 0x00000000ff400000, 0x00000000ff500000|  0%| F|  |TAMS 0x00000000ff400000, 0x00000000ff400000| Untracked 
|  53|0x00000000ff500000, 0x00000000ff5c0ce0, 0x00000000ff600000| 75%| E|  |TAMS 0x00000000ff500000, 0x00000000ff500000| Complete 
|  54|0x00000000ff600000, 0x00000000ff700000, 0x00000000ff700000|100%| E|CS|TAMS 0x00000000ff600000, 0x00000000ff600000| Complete 
|  55|0x00000000ff700000, 0x00000000ff800000, 0x00000000ff800000|100%| E|CS|TAMS 0x00000000ff700000, 0x00000000ff700000| Complete 
|  56|0x00000000ff800000, 0x00000000ff900000, 0x00000000ff900000|100%| E|CS|TAMS 0x00000000ff800000, 0x00000000ff800000| Complete 
|  57|0x00000000ff900000, 0x00000000ffa00000, 0x00000000ffa00000|100%| E|CS|TAMS 0x00000000ff900000, 0x00000000ff900000| Complete 
|  58|0x00000000ffa00000, 0x00000000ffb00000, 0x00000000ffb00000|100%| E|CS|TAMS 0x00000000ffa00000, 0x00000000ffa00000| Complete 
|  59|0x00000000ffb00000, 0x00000000ffc00000, 0x00000000ffc00000|100%| E|CS|TAMS 0x00000000ffb00000, 0x00000000ffb00000| Complete 
|  60|0x00000000ffc00000, 0x00000000ffd00000, 0x00000000ffd00000|100%| E|CS|TAMS 0x00000000ffc00000, 0x00000000ffc00000| Complete 
|  61|0x00000000ffd00000, 0x00000000ffe00000, 0x00000000ffe00000|100%| E|CS|TAMS 0x00000000ffd00000, 0x00000000ffd00000| Complete 
|  62|0x00000000ffe00000, 0x00000000fff00000, 0x00000000fff00000|100%| E|CS|TAMS 0x00000000ffe00000, 0x00000000ffe00000| Complete 
|  63|0x00000000fff00000, 0x0000000100000000, 0x0000000100000000|100%| E|CS|TAMS 0x00000000fff00000, 0x00000000fff00000| Complete 

Card table byte_map: [0x00000236a6ed0000,0x00000236a6ef0000] _byte_map_base: 0x00000236a66f0000

Marking Bits (Prev, Next): (CMBitMap*) 0x000002368cf94018, (CMBitMap*) 0x000002368cf94058
 Prev Bits: [0x00000236a6f10000, 0x00000236a7010000)
 Next Bits: [0x00000236a7010000, 0x00000236a7110000)

Polling page: 0x000002368ccf0000

Metaspace:

Usage:
  Non-class:      4.37 MB capacity,     1.36 MB ( 31%) used,     3.00 MB ( 69%) free+waste,     2.56 KB ( <1%) overhead. 
      Class:    480.00 KB capacity,   148.29 KB ( 31%) used,   330.02 KB ( 69%) free+waste,     1.69 KB ( <1%) overhead. 
       Both:      4.84 MB capacity,     1.51 MB ( 31%) used,     3.33 MB ( 69%) free+waste,     4.25 KB ( <1%) overhead. 

Virtual space:
  Non-class space:        8.00 MB reserved,       4.50 MB ( 56%) committed 
      Class space:        1.00 GB reserved,     512.00 KB ( <1%) committed 
             Both:        1.01 GB reserved,       5.00 MB ( <1%) committed 

Chunk freelists:
   Non-Class:  5.00 KB
       Class:  0 bytes
        Both:  5.00 KB

MaxMetaspaceSize: 17179869184.00 GB
CompressedClassSpaceSize: 1.00 GB

CodeHeap 'non-profiled nmethods': size=119168Kb used=142Kb max_used=142Kb free=119025Kb
 bounds [0x000002369eab0000, 0x000002369ed20000, 0x00000236a5f10000]
CodeHeap 'profiled nmethods': size=119104Kb used=824Kb max_used=824Kb free=118280Kb
 bounds [0x0000023697660000, 0x00000236978d0000, 0x000002369eab0000]
CodeHeap 'non-nmethods': size=7488Kb used=1694Kb max_used=1722Kb free=5793Kb
 bounds [0x0000023696f10000, 0x0000023697180000, 0x0000023697660000]
 total_blobs=839 nmethods=475 adapters=276
 compilation: enabled
              stopped_count=0, restarted_count=0
 full_count=0

Compilation events (20 events):
Event: 0.197 Thread 0x00000236aaad1800 nmethod 457 0x0000023697721610 code [0x00000236977217c0, 0x0000023697721988]
Event: 0.197 Thread 0x00000236aa096800 nmethod 456 0x0000023697721a10 code [0x0000023697721c00, 0x0000023697722188]
Event: 0.198 Thread 0x00000236aad70800  458       4       java.io.WinNTFileSystem::resolve (275 bytes)
Event: 0.198 Thread 0x00000236aa096800  459       3       java.io.File::isFile (43 bytes)
Event: 0.198 Thread 0x00000236aaad1800  460       3       java.io.File::<init> (111 bytes)
Event: 0.198 Thread 0x00000236aa096800 nmethod 459 0x0000023697722390 code [0x0000023697722580, 0x00000236977229e8]
Event: 0.198 Thread 0x00000236aa096800  461       3       java.util.regex.Pattern::expr (142 bytes)
Event: 0.198 Thread 0x00000236aaad1800 nmethod 460 0x0000023697722b10 code [0x0000023697722dc0, 0x0000023697723828]
Event: 0.199 Thread 0x00000236aa096800 nmethod 461 0x0000023697723c10 code [0x0000023697723e80, 0x0000023697724b48]
Event: 0.199 Thread 0x00000236aa096800  462       3       java.io.InputStream::<init> (5 bytes)
Event: 0.199 Thread 0x00000236aa096800 nmethod 462 0x0000023697725010 code [0x00000236977251a0, 0x0000023697725318]
Event: 0.200 Thread 0x00000236aa094000  463       4       java.io.File::<init> (78 bytes)
Event: 0.200 Thread 0x00000236aaad1800  464       3       java.util.HashMap::tableSizeFor (32 bytes)
Event: 0.201 Thread 0x00000236aaad1800 nmethod 464 0x0000023697725410 code [0x00000236977255c0, 0x00000236977257a8]
Event: 0.201 Thread 0x00000236aaad1800  465       3       java.lang.ref.Reference::clear (6 bytes)
Event: 0.201 Thread 0x00000236aa096800  466   !   3       jdk.internal.ref.PhantomCleanable::remove (60 bytes)
Event: 0.201 Thread 0x00000236aaad1800 nmethod 465 0x0000023697725890 code [0x0000023697725a20, 0x0000023697725b58]
Event: 0.201 Thread 0x00000236aaad1800  467       3       org.gradle.api.internal.classpath.DefaultModuleRegistry::findDependencyJar (146 bytes)
Event: 0.201 Thread 0x00000236aa096800 nmethod 466 0x0000023697725c10 code [0x0000023697725dc0, 0x00000236977262b8]
Event: 0.201 Thread 0x00000236aaad1800 nmethod 467 0x0000023697726490 code [0x00000236977267c0, 0x0000023697727ed8]

GC Heap History (0 events):
No events

Deoptimization events (20 events):
Event: 0.125 Thread 0x000002368cdfb800 DEOPT PACKING pc=0x00000236976b79cb sp=0x000000c7197fa9c0
Event: 0.125 Thread 0x000002368cdfb800 DEOPT UNPACKING pc=0x0000023696f583de sp=0x000000c7197f9e90 mode 0
Event: 0.150 Thread 0x000002368cdfb800 DEOPT PACKING pc=0x0000023697696dfb sp=0x000000c7197fd4d0
Event: 0.150 Thread 0x000002368cdfb800 DEOPT UNPACKING pc=0x0000023696f583de sp=0x000000c7197fc940 mode 0
Event: 0.150 Thread 0x000002368cdfb800 DEOPT PACKING pc=0x0000023697696dfb sp=0x000000c7197fd4d0
Event: 0.150 Thread 0x000002368cdfb800 DEOPT UNPACKING pc=0x0000023696f583de sp=0x000000c7197fc940 mode 0
Event: 0.152 Thread 0x000002368cdfb800 DEOPT PACKING pc=0x0000023697696dfb sp=0x000000c7197fd4d0
Event: 0.152 Thread 0x000002368cdfb800 DEOPT UNPACKING pc=0x0000023696f583de sp=0x000000c7197fc940 mode 0
Event: 0.152 Thread 0x000002368cdfb800 DEOPT PACKING pc=0x0000023697696dfb sp=0x000000c7197fd4d0
Event: 0.152 Thread 0x000002368cdfb800 DEOPT UNPACKING pc=0x0000023696f583de sp=0x000000c7197fc940 mode 0
Event: 0.153 Thread 0x000002368cdfb800 DEOPT PACKING pc=0x0000023697696dfb sp=0x000000c7197fd4d0
Event: 0.153 Thread 0x000002368cdfb800 DEOPT UNPACKING pc=0x0000023696f583de sp=0x000000c7197fc940 mode 0
Event: 0.175 Thread 0x000002368cdfb800 DEOPT PACKING pc=0x00000236976bd50a sp=0x000000c7197fd470
Event: 0.175 Thread 0x000002368cdfb800 DEOPT UNPACKING pc=0x0000023696f583de sp=0x000000c7197fc930 mode 0
Event: 0.178 Thread 0x000002368cdfb800 DEOPT PACKING pc=0x00000236976bd50a sp=0x000000c7197fd470
Event: 0.178 Thread 0x000002368cdfb800 DEOPT UNPACKING pc=0x0000023696f583de sp=0x000000c7197fc930 mode 0
Event: 0.178 Thread 0x000002368cdfb800 DEOPT PACKING pc=0x00000236976bd50a sp=0x000000c7197fd470
Event: 0.178 Thread 0x000002368cdfb800 DEOPT UNPACKING pc=0x0000023696f583de sp=0x000000c7197fc930 mode 0
Event: 0.192 Thread 0x000002368cdfb800 DEOPT PACKING pc=0x00000236976fd121 sp=0x000000c7197fd5a0
Event: 0.192 Thread 0x000002368cdfb800 DEOPT UNPACKING pc=0x0000023696f583de sp=0x000000c7197fca98 mode 0

Classes unloaded (0 events):
No events

Classes redefined (0 events):
No events

Internal exceptions (3 events):
Event: 0.127 Thread 0x000002368cdfb800 Exception <a 'java/lang/NoSuchMethodError'{0x00000000ffcad540}: 'int java.lang.invoke.DirectMethodHandle$Holder.invokeStaticInit(java.lang.Object, java.lang.Object)'> (0x00000000ffcad540) 
thrown [./open/src/hotspot/share/interpreter/linkResolver.cpp, line 766]
Event: 0.145 Thread 0x000002368cdfb800 Exception <a 'java/lang/NoSuchMethodError'{0x00000000ffb7c7e0}: 'int java.lang.invoke.DirectMethodHandle$Holder.invokeSpecial(java.lang.Object, java.lang.Object, java.lang.Object, java.lang.Object)'> (0x00000000ffb7c7e0) 
thrown [./open/src/hotspot/share/interpreter/linkResolver.cpp, line 766]
Event: 0.148 Thread 0x000002368cdfb800 Exception <a 'java/lang/NoSuchMethodError'{0x00000000ffbb4320}: 'int java.lang.invoke.DirectMethodHandle$Holder.invokeSpecialIFC(java.lang.Object, java.lang.Object, int)'> (0x00000000ffbb4320) 
thrown [./open/src/hotspot/share/interpreter/linkResolver.cpp, line 766]

Events (20 events):
Event: 0.116 loading class jdk/internal/access/JavaIOFilePermissionAccess done
Event: 0.116 loading class java/io/FilePermission$1 done
Event: 0.116 loading class java/io/FilePermissionCollection
Event: 0.117 loading class java/io/FilePermissionCollection done
Event: 0.117 loading class java/io/FilePermissionCollection$1
Event: 0.117 loading class java/io/FilePermissionCollection$1 done
Event: 0.118 loading class sun/security/util/ManifestEntryVerifier
Event: 0.118 loading class sun/security/util/ManifestEntryVerifier done
Event: 0.128 loading class java/net/MalformedURLException
Event: 0.128 loading class java/net/MalformedURLException done
Event: 0.129 loading class java/io/FileFilter
Event: 0.129 loading class java/io/FileFilter done
Event: 0.135 loading class java/lang/IndexOutOfBoundsException
Event: 0.135 loading class java/lang/IndexOutOfBoundsException done
Event: 0.137 loading class java/util/AbstractList$Itr
Event: 0.137 loading class java/util/AbstractList$Itr done
Event: 0.137 loading class java/util/zip/ZipException
Event: 0.138 loading class java/util/zip/ZipException done
Event: 0.140 Loaded shared library C:\Program Files\Java\jdk-14.0.2\bin\java.dll
Event: 0.175 Thread 0x00000236aad70800 Thread added: 0x00000236aad70800


Dynamic libraries:
0x00007ff77fd80000 - 0x00007ff77fd8f000 	C:\Program Files\Java\jdk-14.0.2\bin\java.exe
0x00007ffe0fe90000 - 0x00007ffe100a4000 	C:\WINDOWS\SYSTEM32\ntdll.dll
0x00007ffe0e4a0000 - 0x00007ffe0e562000 	C:\WINDOWS\System32\KERNEL32.DLL
0x00007ffe0d780000 - 0x00007ffe0db23000 	C:\WINDOWS\System32\KERNELBASE.dll
0x00007ffe0d290000 - 0x00007ffe0d3a1000 	C:\WINDOWS\System32\ucrtbase.dll
0x00007ffd77840000 - 0x00007ffd77858000 	C:\Program Files\Java\jdk-14.0.2\bin\jli.dll
0x00007ffd785d0000 - 0x00007ffd785e5000 	C:\Program Files\Java\jdk-14.0.2\bin\VCRUNTIME140.dll
0x00007ffe0dcd0000 - 0x00007ffe0dd7e000 	C:\WINDOWS\System32\ADVAPI32.dll
0x00007ffe0e1c0000 - 0x00007ffe0e267000 	C:\WINDOWS\System32\msvcrt.dll
0x00007ffe0eb30000 - 0x00007ffe0ebd4000 	C:\WINDOWS\System32\sechost.dll
0x00007ffe0f650000 - 0x00007ffe0f767000 	C:\WINDOWS\System32\RPCRT4.dll
0x00007ffe0dfb0000 - 0x00007ffe0e15a000 	C:\WINDOWS\System32\USER32.dll
0x00007ffdf62f0000 - 0x00007ffdf657e000 	C:\WINDOWS\WinSxS\amd64_microsoft.windows.common-controls_6595b64144ccf1df_6.0.22621.1635_none_270f70857386168e\COMCTL32.dll
0x00007ffe0db30000 - 0x00007ffe0db56000 	C:\WINDOWS\System32\win32u.dll
0x00007ffe0fd20000 - 0x00007ffe0fd49000 	C:\WINDOWS\System32\GDI32.dll
0x00007ffe0d520000 - 0x00007ffe0d639000 	C:\WINDOWS\System32\gdi32full.dll
0x00007ffe0db60000 - 0x00007ffe0dbfa000 	C:\WINDOWS\System32\msvcp_win.dll
0x00007ffe068a0000 - 0x00007ffe068aa000 	C:\WINDOWS\SYSTEM32\VERSION.dll
0x00007ffe0edf0000 - 0x00007ffe0ee21000 	C:\WINDOWS\System32\IMM32.DLL
0x00007ffd54770000 - 0x00007ffd5480b000 	C:\Program Files\Java\jdk-14.0.2\bin\msvcp140.dll
0x00007ffd4a1d0000 - 0x00007ffd4acee000 	C:\Program Files\Java\jdk-14.0.2\bin\server\jvm.dll
0x00007ffe0e9a0000 - 0x00007ffe0e9a8000 	C:\WINDOWS\System32\PSAPI.DLL
0x00007ffdd3c10000 - 0x00007ffdd3c19000 	C:\WINDOWS\SYSTEM32\WSOCK32.dll
0x00007ffe06500000 - 0x00007ffe06534000 	C:\WINDOWS\SYSTEM32\WINMM.dll
0x00007ffe0dd80000 - 0x00007ffe0ddf1000 	C:\WINDOWS\System32\WS2_32.dll
0x00007ffe0c380000 - 0x00007ffe0c398000 	C:\WINDOWS\SYSTEM32\kernel.appcore.dll
0x00007ffdd1e00000 - 0x00007ffdd1e0a000 	C:\Program Files\Java\jdk-14.0.2\bin\jimage.dll
0x00007ffe0ac50000 - 0x00007ffe0ae7e000 	C:\WINDOWS\SYSTEM32\DBGHELP.DLL
0x00007ffe0e570000 - 0x00007ffe0e8f9000 	C:\WINDOWS\System32\combase.dll
0x00007ffe0ea50000 - 0x00007ffe0eb27000 	C:\WINDOWS\System32\OLEAUT32.dll
0x00007ffdf1ac0000 - 0x00007ffdf1af2000 	C:\WINDOWS\SYSTEM32\dbgcore.DLL
0x00007ffe0d640000 - 0x00007ffe0d6ba000 	C:\WINDOWS\System32\bcryptPrimitives.dll
0x00007ffd6d990000 - 0x00007ffd6d9b5000 	C:\Program Files\Java\jdk-14.0.2\bin\java.dll
0x00007ffd77640000 - 0x00007ffd77656000 	C:\Program Files\Java\jdk-14.0.2\bin\zip.dll
0x00007ffe0ee30000 - 0x00007ffe0f629000 	C:\WINDOWS\System32\SHELL32.dll
0x00007ffe0b230000 - 0x00007ffe0bafe000 	C:\WINDOWS\SYSTEM32\windows.storage.dll
0x00007ffe0b0f0000 - 0x00007ffe0b22e000 	C:\WINDOWS\SYSTEM32\wintypes.dll
0x00007ffe0fd50000 - 0x00007ffe0fe41000 	C:\WINDOWS\System32\SHCORE.dll
0x00007ffe0dc70000 - 0x00007ffe0dcce000 	C:\WINDOWS\System32\shlwapi.dll
0x00007ffe0d1c0000 - 0x00007ffe0d1e6000 	C:\WINDOWS\SYSTEM32\profapi.dll
0x00007ffd774a0000 - 0x00007ffd774b9000 	C:\Program Files\Java\jdk-14.0.2\bin\net.dll
0x00007ffe06730000 - 0x00007ffe06867000 	C:\WINDOWS\SYSTEM32\WINHTTP.dll
0x00007ffe0c840000 - 0x00007ffe0c8a9000 	C:\WINDOWS\system32\mswsock.dll
0x00007ffd74010000 - 0x00007ffd74022000 	C:\Program Files\Java\jdk-14.0.2\bin\nio.dll

dbghelp: loaded successfully - version: 4.0.5 - missing functions: none
symbol engine: initialized successfully - sym options: 0x614 - pdb path: .;C:\Program Files\Java\jdk-14.0.2\bin;C:\WINDOWS\SYSTEM32;C:\WINDOWS\WinSxS\amd64_microsoft.windows.common-controls_6595b64144ccf1df_6.0.22621.1635_none_270f70857386168e;C:\Program Files\Java\jdk-14.0.2\bin\server

VM Arguments:
jvm_args: -Xmx64m -Xms64m -Dorg.gradle.appname=gradlew 
java_command: org.gradle.wrapper.GradleWrapperMain app:installDebug -PreactNativeDevServerPort=8081
java_class_path (initial): C:\Users\Admin\AwesomeProject\android\\gradle\wrapper\gradle-wrapper.jar
Launcher Type: SUN_STANDARD

[Global flags]
     intx CICompilerCount                          = 12                                        {product} {ergonomic}
     uint ConcGCThreads                            = 3                                         {product} {ergonomic}
     uint G1ConcRefinementThreads                  = 13                                        {product} {ergonomic}
   size_t G1HeapRegionSize                         = 1048576                                   {product} {ergonomic}
    uintx GCDrainStackTargetSize                   = 64                                        {product} {ergonomic}
   size_t InitialHeapSize                          = 67108864                                  {product} {command line}
   size_t MarkStackSize                            = 4194304                                   {product} {ergonomic}
   size_t MaxHeapSize                              = 67108864                                  {product} {command line}
   size_t MaxNewSize                               = 39845888                                  {product} {ergonomic}
   size_t MinHeapDeltaBytes                        = 1048576                                   {product} {ergonomic}
   size_t MinHeapSize                              = 67108864                                  {product} {command line}
    uintx NonNMethodCodeHeapSize                   = 7602480                                {pd product} {ergonomic}
    uintx NonProfiledCodeHeapSize                  = 122027880                              {pd product} {ergonomic}
    uintx ProfiledCodeHeapSize                     = 122027880                              {pd product} {ergonomic}
    uintx ReservedCodeCacheSize                    = 251658240                              {pd product} {ergonomic}
     bool SegmentedCodeCache                       = true                                      {product} {ergonomic}
   size_t SoftMaxHeapSize                          = 67108864                               {manageable} {ergonomic}
     bool UseCompressedClassPointers               = true                                 {lp64_product} {ergonomic}
     bool UseCompressedOops                        = true                                 {lp64_product} {ergonomic}
     bool UseG1GC                                  = true                                      {product} {ergonomic}
     bool UseLargePagesIndividualAllocation        = false                                  {pd product} {ergonomic}

Logging:
Log output configuration:
 #0: stdout all=warning uptime,level,tags
 #1: stderr all=off uptime,level,tags

Environment Variables:
JAVA_HOME=C:\Program Files\Java\jdk-14.0.2
CLASSPATH=C:\Users\Admin\AwesomeProject\android\\gradle\wrapper\gradle-wrapper.jar
PATH=C:\Users\Admin\AwesomeProject\android\node_modules\.bin;C:\Users\Admin\AwesomeProject\node_modules\.bin;C:\Users\Admin\node_modules\.bin;C:\Users\node_modules\.bin;C:\node_modules\.bin;C:\Program Files\nodejs;C:\Users\Admin\AwesomeProject\node_modules\.bin;C:\Users\Admin\node_modules\.bin;C:\Users\node_modules\.bin;C:\node_modules\.bin;C:\Program Files\nodejs\node_modules\npm\node_modules\@npmcli\run-script\lib\node-gyp-bin;C:\Users\Admin\AwesomeProject\node_modules\.bin;C:\Users\Admin\AwesomeProject\node_modules\.bin;C:\Users\Admin\node_modules\.bin;C:\Users\node_modules\.bin;C:\node_modules\.bin;C:\Program Files\nodejs;C:\Users\Admin\AwesomeProject\node_modules\react-native\scripts\node_modules\.bin;C:\Users\Admin\AwesomeProject\node_modules\react-native\node_modules\.bin;C:\Users\Admin\AwesomeProject\node_modules\node_modules\.bin;C:\Users\Admin\AwesomeProject\node_modules\.bin;C:\Users\Admin\node_modules\.bin;C:\Users\node_modules\.bin;C:\node_modules\.bin;C:\Program Files\nodejs;C:\Users\Admin\AwesomeProject\node_modules\.bin;C:\Users\Admin\node_modules\.bin;C:\Users\node_modules\.bin;C:\node_modules\.bin;C:\Program Files\nodejs\node_modules\npm\node_modules\@npmcli\run-script\lib\node-gyp-bin;C:\Program Files\Python310\Scripts\;C:\Program Files\Python310\;C:\Program Files\Python38\Scripts\;C:\Program Files\Python38\;C:\WINDOWS\system32;C:\WINDOWS;C:\WINDOWS\System32\Wbem;C:\WINDOWS\System32\WindowsPowerShell\v1.0\;C:\WINDOWS\System32\OpenSSH\;C:\Program Files\Microsoft SQL Server\Client SDK\ODBC\110\Tools\Binn\;C:\Program Files (x86)\Microsoft SQL Server\120\Tools\Binn\;C:\Program Files\Microsoft SQL Server\120\Tools\Binn\;C:\Program Files\Microsoft SQL Server\120\DTS\Binn\;C:\Program Files (x86)\Microsoft SQL Server\120\Tools\Binn\ManagementStudio\;C:\Program Files (x86)\Microsoft SQL Server\120\DTS\Binn\;C:\Program Files\Java\jdk-11.0.2\bin;C:\tomcat\apache-tomcat-9.0.63\bin;C:\Program Files\dotnet\;C:\Program Files\Microsoft SQL Server\150\Tools\Binn\;C:\
USERNAME=Admin
OS=Windows_NT
PROCESSOR_IDENTIFIER=Intel64 Family 6 Model 141 Stepping 1, GenuineIntel



---------------  S Y S T E M  ---------------

OS: Windows 10 , 64 bit Build 22621 (10.0.22621.1928)
OS uptime: 2 days 18:00 hours
HyperV virtualization detected

CPU:total 16 (initial active 16) (8 cores per cpu, 2 threads per core) family 6 model 141 stepping 1, cmov, cx8, fxsr, mmx, sse, sse2, sse3, ssse3, sse4.1, sse4.2, popcnt, avx, avx2, aes, clmul, erms, 3dnowpref, lzcnt, ht, tsc, tscinvbit, bmi1, bmi2, adx, evex, sha, fma

Memory: 4k page, system-wide physical 16085M (2364M free)
TotalPageFile size 18133M (AvailPageFile size 2M)
current process WorkingSet (physical memory assigned to process): 50M, peak: 50M
current process commit charge ("private bytes"): 162M, peak: 162M

vm_info: Java HotSpot(TM) 64-Bit Server VM (14.0.2+12-46) for windows-amd64 JRE (14.0.2+12-46), built on Jul  9 2020 00:35:52 by "mach5one" with MS VC++ 15.9 (VS2017)

END.
